 Container sf_ci-ci-db-1  Running
Running as user 'root' is a security risk.
2026-04-11 14:17:12,116 1 WARNING ? odoo.tools.config: missing --http-interface/http_interface, using 0.0.0.0 by default, will change to 127.0.0.1 in 20.0 
2026-04-11 14:17:12,117 1 INFO ? odoo: Odoo version 19.0-20260324 
2026-04-11 14:17:12,117 1 INFO ? odoo: Using configuration file at /etc/odoo/odoo.conf 
2026-04-11 14:17:12,117 1 INFO ? odoo: addons paths: _NamespacePath(['/usr/lib/python3/dist-packages/odoo/addons', '/var/lib/odoo/addons/19.0', '/mnt/extra-addons', '/usr/lib/python3/dist-packages/addons']) 
2026-04-11 14:17:12,117 1 INFO ? odoo: database: odoo@ci-db:5432 
2026-04-11 14:17:12,378 1 INFO ? odoo.service.server: HTTP service (werkzeug) running on 59abe4697d41:8069 
2026-04-11 14:17:12,396 1 INFO odoo_ci_test odoo.tests.common: Importing test framework 
2026-04-11 14:17:12,425 1 INFO odoo_ci_test odoo.modules.loading: Initializing database odoo_ci_test 
2026-04-11 14:17:13,508 1 INFO odoo_ci_test odoo.modules.loading: loading 1 modules... 
2026-04-11 14:17:13,508 1 INFO odoo_ci_test odoo.modules.loading: Loading module base (1/1) 
2026-04-11 14:17:13,536 1 INFO odoo_ci_test odoo.registry: module base: creating or updating database tables 
2026-04-11 14:17:13,770 1 INFO odoo_ci_test odoo.models: Prepare computation of ir.module.module.menus_by_module 
2026-04-11 14:17:13,770 1 INFO odoo_ci_test odoo.models: Prepare computation of ir.module.module.reports_by_module 
2026-04-11 14:17:13,770 1 INFO odoo_ci_test odoo.models: Prepare computation of ir.module.module.views_by_module 
2026-04-11 14:17:13,844 1 INFO odoo_ci_test odoo.models: Prepare computation of res.partner.user_id 
2026-04-11 14:17:13,844 1 INFO odoo_ci_test odoo.models: Prepare computation of res.partner.commercial_partner_id 
2026-04-11 14:17:13,844 1 INFO odoo_ci_test odoo.models: Prepare computation of res.partner.complete_name 
2026-04-11 14:17:13,844 1 INFO odoo_ci_test odoo.models: Prepare computation of res.partner.lang 
2026-04-11 14:17:13,844 1 INFO odoo_ci_test odoo.models: Prepare computation of res.partner.company_registry 
2026-04-11 14:17:13,844 1 INFO odoo_ci_test odoo.models: Prepare computation of res.partner.commercial_company_name 
2026-04-11 14:17:13,844 1 INFO odoo_ci_test odoo.models: Prepare computation of res.partner.properties 
2026-04-11 14:17:13,844 1 INFO odoo_ci_test odoo.models: Prepare computation of res.partner.partner_share 
2026-04-11 14:17:13,868 1 INFO odoo_ci_test odoo.models: Prepare computation of res.currency.decimal_places 
2026-04-11 14:17:13,884 1 INFO odoo_ci_test odoo.models: Prepare computation of res.company.uses_default_logo 
2026-04-11 14:17:13,884 1 INFO odoo_ci_test odoo.models: Prepare computation of res.company.logo_web 
2026-04-11 14:17:13,886 1 INFO odoo_ci_test odoo.models: Computing parent_path for table res_company... 
2026-04-11 14:17:13,907 1 INFO odoo_ci_test odoo.models: Prepare computation of res.users.signature 
2026-04-11 14:17:13,907 1 INFO odoo_ci_test odoo.models: Prepare computation of res.users.share 
2026-04-11 14:17:15,192 1 INFO odoo_ci_test odoo.modules.loading: loading base/data/res_bank.xml 
2026-04-11 14:17:15,196 1 INFO odoo_ci_test odoo.modules.loading: loading base/data/res.lang.csv 
2026-04-11 14:17:15,234 1 INFO odoo_ci_test odoo.modules.loading: loading base/data/res_lang_data.xml 
2026-04-11 14:17:15,265 1 INFO odoo_ci_test odoo.modules.loading: loading base/data/res_partner_data.xml 
2026-04-11 14:17:15,309 1 INFO odoo_ci_test odoo.modules.loading: loading base/data/res_currency_data.xml 
2026-04-11 14:17:15,738 1 INFO odoo_ci_test odoo.modules.loading: loading base/data/res_company_data.xml 
2026-04-11 14:17:15,745 1 INFO odoo_ci_test odoo.modules.loading: loading base/data/res_users_data.xml 
2026-04-11 14:17:16,752 1 INFO odoo_ci_test odoo.modules.loading: loading base/data/report_paperformat_data.xml 
2026-04-11 14:17:16,759 1 INFO odoo_ci_test odoo.modules.loading: loading base/data/res_country_data.xml 
2026-04-11 14:17:17,278 1 INFO odoo_ci_test odoo.modules.loading: loading base/data/ir_demo_data.xml 
2026-04-11 14:17:17,290 1 INFO odoo_ci_test odoo.modules.loading: loading base/security/base_groups.xml 
2026-04-11 14:17:17,475 1 INFO odoo_ci_test odoo.modules.loading: loading base/security/base_security.xml 
2026-04-11 14:17:17,649 1 INFO odoo_ci_test odoo.modules.loading: loading base/wizard/wizard_ir_model_menu_create_views.xml 
2026-04-11 14:17:17,661 1 INFO odoo_ci_test odoo.modules.loading: loading base/views/base_menus.xml 
2026-04-11 14:17:17,719 1 INFO odoo_ci_test odoo.modules.loading: loading base/views/decimal_precision_views.xml 
2026-04-11 14:17:17,738 1 INFO odoo_ci_test odoo.modules.loading: loading base/views/res_config_views.xml 
2026-04-11 14:17:17,745 1 INFO odoo_ci_test odoo.modules.loading: loading base/data/res.country.state.csv 
2026-04-11 14:17:18,066 1 INFO odoo_ci_test odoo.modules.loading: loading base/views/ir_actions_views.xml 
2026-04-11 14:17:18,198 1 INFO odoo_ci_test odoo.modules.loading: loading base/views/ir_asset_views.xml 
2026-04-11 14:17:18,214 1 INFO odoo_ci_test odoo.modules.loading: loading base/views/ir_config_parameter_views.xml 
2026-04-11 14:17:18,231 1 INFO odoo_ci_test odoo.modules.loading: loading base/views/ir_cron_views.xml 
2026-04-11 14:17:18,257 1 INFO odoo_ci_test odoo.modules.loading: loading base/views/ir_cron_trigger_views.xml 
2026-04-11 14:17:18,274 1 INFO odoo_ci_test odoo.modules.loading: loading base/views/ir_filters_views.xml 
2026-04-11 14:17:18,296 1 INFO odoo_ci_test odoo.modules.loading: loading base/views/ir_mail_server_views.xml 
2026-04-11 14:17:18,315 1 INFO odoo_ci_test odoo.modules.loading: loading base/views/ir_model_views.xml 
2026-04-11 14:17:18,446 1 INFO odoo_ci_test odoo.modules.loading: loading base/views/ir_attachment_views.xml 
2026-04-11 14:17:18,467 1 INFO odoo_ci_test odoo.modules.loading: loading base/views/ir_rule_views.xml 
2026-04-11 14:17:18,485 1 INFO odoo_ci_test odoo.modules.loading: loading base/views/ir_sequence_views.xml 
2026-04-11 14:17:18,506 1 INFO odoo_ci_test odoo.modules.loading: loading base/views/ir_ui_menu_views.xml 
2026-04-11 14:17:18,526 1 INFO odoo_ci_test odoo.modules.loading: loading base/views/ir_ui_view_views.xml 
2026-04-11 14:17:18,573 1 INFO odoo_ci_test odoo.modules.loading: loading base/views/ir_default_views.xml 
2026-04-11 14:17:18,592 1 INFO odoo_ci_test odoo.modules.loading: loading base/data/ir_config_parameter_data.xml 
2026-04-11 14:17:18,595 1 INFO odoo_ci_test odoo.modules.loading: loading base/data/ir_cron_data.xml 
2026-04-11 14:17:18,607 1 INFO odoo_ci_test odoo.modules.loading: loading base/report/ir_model_report.xml 
2026-04-11 14:17:18,611 1 INFO odoo_ci_test odoo.modules.loading: loading base/report/ir_model_templates.xml 
2026-04-11 14:17:18,619 1 INFO odoo_ci_test odoo.modules.loading: loading base/views/ir_logging_views.xml 
2026-04-11 14:17:18,638 1 INFO odoo_ci_test odoo.modules.loading: loading base/views/ir_qweb_widget_templates.xml 
2026-04-11 14:17:18,652 1 INFO odoo_ci_test odoo.modules.loading: loading base/views/ir_module_views.xml 
2026-04-11 14:17:18,703 1 INFO odoo_ci_test odoo.modules.loading: loading base/data/ir_module_category_data.xml 
2026-04-11 14:17:18,739 1 INFO odoo_ci_test odoo.modules.loading: loading base/data/ir_module_module.xml 
2026-04-11 14:17:18,795 1 INFO odoo_ci_test odoo.modules.loading: loading base/report/ir_module_reports.xml 
2026-04-11 14:17:18,798 1 INFO odoo_ci_test odoo.modules.loading: loading base/report/ir_module_report_templates.xml 
2026-04-11 14:17:18,805 1 INFO odoo_ci_test odoo.modules.loading: loading base/wizard/base_module_update_views.xml 
2026-04-11 14:17:18,817 1 INFO odoo_ci_test odoo.modules.loading: loading base/wizard/base_language_install_views.xml 
2026-04-11 14:17:18,833 1 INFO odoo_ci_test odoo.modules.loading: loading base/wizard/base_import_language_views.xml 
2026-04-11 14:17:18,843 1 INFO odoo_ci_test odoo.modules.loading: loading base/wizard/base_module_upgrade_views.xml 
2026-04-11 14:17:18,859 1 INFO odoo_ci_test odoo.modules.loading: loading base/wizard/base_module_uninstall_views.xml 
2026-04-11 14:17:18,867 1 INFO odoo_ci_test odoo.modules.loading: loading base/wizard/base_export_language_views.xml 
2026-04-11 14:17:18,879 1 INFO odoo_ci_test odoo.modules.loading: loading base/wizard/base_partner_merge_views.xml 
2026-04-11 14:17:18,892 1 INFO odoo_ci_test odoo.modules.loading: loading base/data/ir_demo_failure_data.xml 
2026-04-11 14:17:18,908 1 INFO odoo_ci_test odoo.modules.loading: loading base/views/ir_profile_views.xml 
2026-04-11 14:17:18,929 1 INFO odoo_ci_test odoo.modules.loading: loading base/views/res_company_views.xml 
2026-04-11 14:17:18,949 1 INFO odoo_ci_test odoo.modules.loading: loading base/views/res_lang_views.xml 
2026-04-11 14:17:18,967 1 INFO odoo_ci_test odoo.modules.loading: loading base/views/res_partner_views.xml 
2026-04-11 14:17:19,048 1 INFO odoo_ci_test odoo.modules.loading: loading base/views/res_bank_views.xml 
2026-04-11 14:17:19,078 1 INFO odoo_ci_test odoo.modules.loading: loading base/views/res_country_views.xml 
2026-04-11 14:17:19,118 1 INFO odoo_ci_test odoo.modules.loading: loading base/views/res_currency_views.xml 
2026-04-11 14:17:19,153 1 INFO odoo_ci_test odoo.modules.loading: loading base/views/res_groups_views.xml 
2026-04-11 14:17:19,194 1 INFO odoo_ci_test odoo.modules.loading: loading base/views/res_users_views.xml 
2026-04-11 14:17:19,285 1 INFO odoo_ci_test odoo.modules.loading: loading base/views/res_users_apikeys_views.xml 
2026-04-11 14:17:19,290 1 INFO odoo_ci_test odoo.modules.loading: loading base/views/res_device_views.xml 
2026-04-11 14:17:19,310 1 INFO odoo_ci_test odoo.modules.loading: loading base/views/res_users_identitycheck_views.xml 
2026-04-11 14:17:19,317 1 INFO odoo_ci_test odoo.modules.loading: loading base/views/res_config_settings_views.xml 
2026-04-11 14:17:19,326 1 INFO odoo_ci_test odoo.modules.loading: loading base/views/report_paperformat_views.xml 
2026-04-11 14:17:19,349 1 INFO odoo_ci_test odoo.modules.loading: loading base/security/ir.model.access.csv 
2026-04-11 14:17:19,643 1 INFO odoo_ci_test odoo.modules.loading: Module base loaded in 6.13s, 8397 queries (+8397 other) 
2026-04-11 14:17:19,643 1 INFO odoo_ci_test odoo.modules.loading: 1 modules loaded in 6.13s, 8397 queries (+8397 extra) 
2026-04-11 14:17:19,646 1 INFO odoo_ci_test odoo.modules.loading: updating modules list 
2026-04-11 14:17:19,647 1 INFO odoo_ci_test odoo.addons.base.models.ir_module: ALLOW access to module.update_list on [] to user __system__ #1 via n/a 
2026-04-11 14:17:20,491 1 INFO odoo_ci_test odoo.addons.base.models.ir_module: ALLOW access to module.button_install on ['Sports Federation Competition Engine', 'Sports Federation Venues'] to user __system__ #1 via n/a 
2026-04-11 14:17:20,570 1 INFO odoo_ci_test odoo.modules.loading: loading 33 modules... 
2026-04-11 14:17:20,570 1 INFO odoo_ci_test odoo.modules.loading: Loading module rpc (2/33) 
2026-04-11 14:17:20,585 1 INFO odoo_ci_test odoo.modules.loading: Module rpc loaded in 0.02s, 9 queries (+9 other) 
2026-04-11 14:17:20,585 1 INFO odoo_ci_test odoo.modules.loading: Loading module web (3/33) 
2026-04-11 14:17:20,616 1 INFO odoo_ci_test odoo.registry: module web: creating or updating database tables 
2026-04-11 14:17:21,038 1 INFO odoo_ci_test odoo.modules.loading: loading web/security/ir.model.access.csv 
2026-04-11 14:17:21,045 1 INFO odoo_ci_test odoo.modules.loading: loading web/security/web_security.xml 
2026-04-11 14:17:21,056 1 INFO odoo_ci_test odoo.modules.loading: loading web/views/webclient_templates.xml 
2026-04-11 14:17:21,105 1 INFO odoo_ci_test odoo.modules.loading: loading web/views/report_templates.xml 
2026-04-11 14:17:21,189 1 INFO odoo_ci_test odoo.modules.loading: loading web/views/base_document_layout_views.xml 
2026-04-11 14:17:21,204 1 INFO odoo_ci_test odoo.modules.loading: loading web/views/partner_view.xml 
2026-04-11 14:17:21,210 1 INFO odoo_ci_test odoo.modules.loading: loading web/views/speedscope_template.xml 
2026-04-11 14:17:21,215 1 INFO odoo_ci_test odoo.modules.loading: loading web/views/memory_template.xml 
2026-04-11 14:17:21,221 1 INFO odoo_ci_test odoo.modules.loading: loading web/views/speedscope_config_wizard.xml 
2026-04-11 14:17:21,228 1 INFO odoo_ci_test odoo.modules.loading: loading web/views/neutralize_views.xml 
2026-04-11 14:17:21,236 1 INFO odoo_ci_test odoo.modules.loading: loading web/views/ir_ui_view_views.xml 
2026-04-11 14:17:21,245 1 INFO odoo_ci_test odoo.modules.loading: loading web/data/ir_attachment.xml 
2026-04-11 14:17:21,249 1 INFO odoo_ci_test odoo.modules.loading: loading web/data/report_layout.xml 
2026-04-11 14:17:21,302 1 INFO odoo_ci_test odoo.modules.loading: Module web loaded in 0.72s, 1232 queries (+1232 other) 
2026-04-11 14:17:21,302 1 INFO odoo_ci_test odoo.modules.loading: Loading module api_doc (4/33) 
2026-04-11 14:17:21,307 1 INFO odoo_ci_test odoo.registry: module api_doc: creating or updating database tables 
2026-04-11 14:17:21,322 1 INFO odoo_ci_test odoo.modules.loading: loading api_doc/security/res_groups.xml 
2026-04-11 14:17:21,342 1 INFO odoo_ci_test odoo.modules.loading: loading api_doc/views/docclient.xml 
2026-04-11 14:17:21,359 1 INFO odoo_ci_test odoo.modules.loading: Module api_doc loaded in 0.06s, 63 queries (+63 other) 
2026-04-11 14:17:21,359 1 INFO odoo_ci_test odoo.modules.loading: Loading module auth_totp (5/33) 
2026-04-11 14:17:21,374 1 INFO odoo_ci_test odoo.registry: module auth_totp: creating or updating database tables 
2026-04-11 14:17:21,435 1 INFO odoo_ci_test odoo.modules.loading: loading auth_totp/security/security.xml 
2026-04-11 14:17:21,454 1 INFO odoo_ci_test odoo.modules.loading: loading auth_totp/security/ir.model.access.csv 
2026-04-11 14:17:21,460 1 INFO odoo_ci_test odoo.modules.loading: loading auth_totp/data/ir_action_data.xml 
2026-04-11 14:17:21,466 1 INFO odoo_ci_test odoo.modules.loading: loading auth_totp/views/res_users_views.xml 
2026-04-11 14:17:21,491 1 INFO odoo_ci_test odoo.modules.loading: loading auth_totp/views/templates.xml 
2026-04-11 14:17:21,496 1 INFO odoo_ci_test odoo.modules.loading: loading auth_totp/wizard/auth_totp_wizard_views.xml 
2026-04-11 14:17:21,516 1 INFO odoo_ci_test odoo.modules.loading: Module auth_totp loaded in 0.16s, 218 queries (+218 other) 
2026-04-11 14:17:21,516 1 INFO odoo_ci_test odoo.modules.loading: Loading module base_import (6/33) 
2026-04-11 14:17:21,550 1 INFO odoo_ci_test odoo.registry: module base_import: creating or updating database tables 
2026-04-11 14:17:21,965 1 INFO odoo_ci_test odoo.modules.loading: loading base_import/security/ir.model.access.csv 
2026-04-11 14:17:21,977 1 INFO odoo_ci_test odoo.modules.loading: Module base_import loaded in 0.46s, 956 queries (+956 other) 
2026-04-11 14:17:21,977 1 INFO odoo_ci_test odoo.modules.loading: Loading module base_import_module (7/33) 
2026-04-11 14:17:21,984 1 INFO odoo_ci_test odoo.registry: module base_import_module: creating or updating database tables 
2026-04-11 14:17:22,039 1 INFO odoo_ci_test odoo.modules.loading: loading base_import_module/security/ir.model.access.csv 
2026-04-11 14:17:22,045 1 INFO odoo_ci_test odoo.modules.loading: loading base_import_module/views/base_import_module_view.xml 
2026-04-11 14:17:22,063 1 INFO odoo_ci_test odoo.modules.loading: loading base_import_module/views/ir_module_views.xml 
2026-04-11 14:17:22,102 1 INFO odoo_ci_test odoo.modules.loading: Module base_import_module loaded in 0.13s, 172 queries (+172 other) 
2026-04-11 14:17:22,103 1 INFO odoo_ci_test odoo.modules.loading: Loading module base_setup (8/33) 
2026-04-11 14:17:22,110 1 INFO odoo_ci_test odoo.registry: module base_setup: creating or updating database tables 
2026-04-11 14:17:22,150 1 INFO odoo_ci_test odoo.modules.loading: loading base_setup/data/base_setup_data.xml 
2026-04-11 14:17:22,154 1 INFO odoo_ci_test odoo.modules.loading: loading base_setup/views/res_config_settings_views.xml 
2026-04-11 14:17:22,181 1 INFO odoo_ci_test odoo.modules.loading: loading base_setup/views/res_partner_views.xml 
2026-04-11 14:17:22,198 1 INFO odoo_ci_test odoo.modules.loading: Module base_setup loaded in 0.10s, 152 queries (+152 other) 
2026-04-11 14:17:22,198 1 INFO odoo_ci_test odoo.modules.loading: Loading module bus (9/33) 
2026-04-11 14:17:22,215 1 INFO odoo_ci_test odoo.registry: module bus: creating or updating database tables 
2026-04-11 14:17:22,294 1 INFO odoo_ci_test odoo.modules.loading: loading bus/security/ir.model.access.csv 
2026-04-11 14:17:22,307 1 INFO odoo_ci_test odoo.modules.loading: Module bus loaded in 0.11s, 152 queries (+152 other) 
2026-04-11 14:17:22,307 1 INFO odoo_ci_test odoo.modules.loading: Loading module web_tour (10/33) 
2026-04-11 14:17:22,314 1 INFO odoo_ci_test odoo.registry: module web_tour: creating or updating database tables 
2026-04-11 14:17:22,319 1 INFO odoo_ci_test odoo.models: Prepare computation of res.users.tour_enabled 
2026-04-11 14:17:22,380 1 INFO odoo_ci_test odoo.modules.loading: loading web_tour/security/ir.model.access.csv 
2026-04-11 14:17:22,386 1 INFO odoo_ci_test odoo.modules.loading: loading web_tour/views/tour_views.xml 
2026-04-11 14:17:22,424 1 INFO odoo_ci_test odoo.modules.loading: Module web_tour loaded in 0.12s, 180 queries (+180 other) 
2026-04-11 14:17:22,424 1 INFO odoo_ci_test odoo.modules.loading: Loading module auth_passkey (11/33) 
2026-04-11 14:17:22,458 1 INFO odoo_ci_test odoo.registry: module auth_passkey: creating or updating database tables 
2026-04-11 14:17:22,511 1 INFO odoo_ci_test odoo.modules.loading: loading auth_passkey/views/auth_passkey_key_views.xml 
2026-04-11 14:17:22,530 1 INFO odoo_ci_test odoo.modules.loading: loading auth_passkey/views/auth_passkey_login_templates.xml 
2026-04-11 14:17:22,545 1 INFO odoo_ci_test odoo.modules.loading: loading auth_passkey/views/res_users_identitycheck_views.xml 
2026-04-11 14:17:22,554 1 INFO odoo_ci_test odoo.modules.loading: loading auth_passkey/views/res_users_views.xml 
2026-04-11 14:17:22,571 1 INFO odoo_ci_test odoo.modules.loading: loading auth_passkey/security/ir.model.access.csv 
2026-04-11 14:17:22,578 1 INFO odoo_ci_test odoo.modules.loading: loading auth_passkey/security/security.xml 
2026-04-11 14:17:22,601 1 INFO odoo_ci_test odoo.modules.loading: Module auth_passkey loaded in 0.18s, 218 queries (+218 other) 
2026-04-11 14:17:22,601 1 INFO odoo_ci_test odoo.modules.loading: Loading module html_editor (12/33) 
2026-04-11 14:17:22,759 1 INFO odoo_ci_test odoo.registry: module html_editor: creating or updating database tables 
2026-04-11 14:17:23,223 1 INFO odoo_ci_test odoo.modules.loading: loading html_editor/security/ir.model.access.csv 
2026-04-11 14:17:23,238 1 INFO odoo_ci_test odoo.modules.loading: Module html_editor loaded in 0.64s, 1034 queries (+1034 other) 
2026-04-11 14:17:23,238 1 INFO odoo_ci_test odoo.modules.loading: Loading module iap (13/33) 
2026-04-11 14:17:23,241 1 INFO odoo_ci_test odoo.registry: module iap: creating or updating database tables 
2026-04-11 14:17:23,295 1 INFO odoo_ci_test odoo.modules.loading: loading iap/data/services.xml 
2026-04-11 14:17:23,299 1 INFO odoo_ci_test odoo.modules.loading: loading iap/security/ir.model.access.csv 
2026-04-11 14:17:23,306 1 INFO odoo_ci_test odoo.modules.loading: loading iap/security/ir_rule.xml 
2026-04-11 14:17:23,312 1 INFO odoo_ci_test odoo.modules.loading: loading iap/views/iap_views.xml 
2026-04-11 14:17:23,334 1 INFO odoo_ci_test odoo.modules.loading: loading iap/views/res_config_settings.xml 
2026-04-11 14:17:23,355 1 INFO odoo_ci_test odoo.modules.loading: Module iap loaded in 0.12s, 182 queries (+182 other) 
2026-04-11 14:17:23,355 1 INFO odoo_ci_test odoo.modules.loading: Loading module mail (14/33) 
2026-04-11 14:17:23,417 1 INFO odoo_ci_test odoo.registry: module mail: creating or updating database tables 
2026-04-11 14:17:23,578 1 INFO odoo_ci_test odoo.models: Prepare computation of ir.actions.server.partner_ids 
2026-04-11 14:17:23,578 1 INFO odoo_ci_test odoo.models: Prepare computation of ir.actions.server.activity_user_id 
2026-04-11 14:17:23,581 1 INFO odoo_ci_test odoo.models: Prepare computation of ir.actions.server.activity_type_id 
2026-04-11 14:17:23,581 1 INFO odoo_ci_test odoo.models: Prepare computation of ir.actions.server.template_id 
2026-04-11 14:17:23,581 1 INFO odoo_ci_test odoo.models: Prepare computation of ir.actions.server.activity_date_deadline_range 
2026-04-11 14:17:23,581 1 INFO odoo_ci_test odoo.models: Prepare computation of ir.actions.server.activity_summary 
2026-04-11 14:17:23,581 1 INFO odoo_ci_test odoo.models: Prepare computation of ir.actions.server.followers_type 
2026-04-11 14:17:23,581 1 INFO odoo_ci_test odoo.models: Prepare computation of ir.actions.server.followers_partner_field_name 
2026-04-11 14:17:23,581 1 INFO odoo_ci_test odoo.models: Prepare computation of ir.actions.server.mail_post_method 
2026-04-11 14:17:23,581 1 INFO odoo_ci_test odoo.models: Prepare computation of ir.actions.server.activity_date_deadline_range_type 
2026-04-11 14:17:23,582 1 INFO odoo_ci_test odoo.models: Prepare computation of ir.actions.server.activity_user_type 
2026-04-11 14:17:23,582 1 INFO odoo_ci_test odoo.models: Prepare computation of ir.actions.server.activity_user_field_name 
2026-04-11 14:17:23,582 1 INFO odoo_ci_test odoo.models: Prepare computation of ir.actions.server.activity_note 
2026-04-11 14:17:23,582 1 INFO odoo_ci_test odoo.models: Prepare computation of ir.actions.server.mail_post_autofollow 
2026-04-11 14:17:23,638 1 INFO odoo_ci_test odoo.models: Prepare computation of res.users.notification_type 
2026-04-11 14:17:23,688 1 INFO odoo_ci_test odoo.models: Prepare computation of res.partner.email_normalized 
<string>:38: (ERROR/3) Unexpected indentation.
<string>:43: (WARNING/2) Block quote ends without a blank line; unexpected unindent.
2026-04-11 14:17:24,912 1 INFO odoo_ci_test odoo.modules.loading: loading mail/data/mail_groups.xml 
2026-04-11 14:17:24,934 1 INFO odoo_ci_test odoo.modules.loading: loading mail/wizard/mail_activity_schedule_views.xml 
2026-04-11 14:17:24,947 1 INFO odoo_ci_test odoo.modules.loading: loading mail/wizard/mail_blacklist_remove_views.xml 
2026-04-11 14:17:24,953 1 INFO odoo_ci_test odoo.modules.loading: loading mail/wizard/mail_compose_message_views.xml 
2026-04-11 14:17:24,973 1 INFO odoo_ci_test odoo.modules.loading: loading mail/wizard/mail_template_preview_views.xml 
2026-04-11 14:17:24,984 1 INFO odoo_ci_test odoo.modules.loading: loading mail/wizard/mail_followers_edit_views.xml 
2026-04-11 14:17:24,995 1 INFO odoo_ci_test odoo.modules.loading: loading mail/wizard/mail_template_reset_views.xml 
2026-04-11 14:17:25,004 1 INFO odoo_ci_test odoo.modules.loading: loading mail/views/fetchmail_views.xml 
2026-04-11 14:17:25,022 1 INFO odoo_ci_test odoo.modules.loading: loading mail/views/ir_cron_views.xml 
2026-04-11 14:17:25,033 1 INFO odoo_ci_test odoo.modules.loading: loading mail/views/ir_filters_views.xml 
2026-04-11 14:17:25,049 1 INFO odoo_ci_test odoo.modules.loading: loading mail/views/ir_mail_server_views.xml 
2026-04-11 14:17:25,058 1 INFO odoo_ci_test odoo.modules.loading: loading mail/views/mail_message_subtype_views.xml 
2026-04-11 14:17:25,073 1 INFO odoo_ci_test odoo.modules.loading: loading mail/views/mail_tracking_value_views.xml 
2026-04-11 14:17:25,085 1 INFO odoo_ci_test odoo.modules.loading: loading mail/views/mail_notification_views.xml 
2026-04-11 14:17:25,096 1 INFO odoo_ci_test odoo.modules.loading: loading mail/views/mail_message_views.xml 
2026-04-11 14:17:25,123 1 INFO odoo_ci_test odoo.modules.loading: loading mail/views/mail_message_schedule_views.xml 
2026-04-11 14:17:25,138 1 INFO odoo_ci_test odoo.modules.loading: loading mail/views/mail_mail_views.xml 
2026-04-11 14:17:25,160 1 INFO odoo_ci_test odoo.modules.loading: loading mail/views/mail_followers_views.xml 
2026-04-11 14:17:25,172 1 INFO odoo_ci_test odoo.modules.loading: loading mail/views/mail_ice_server_views.xml 
2026-04-11 14:17:25,191 1 INFO odoo_ci_test odoo.modules.loading: loading mail/views/discuss_channel_member_views.xml 
2026-04-11 14:17:25,203 1 INFO odoo_ci_test odoo.modules.loading: loading mail/views/discuss_channel_rtc_session_views.xml 
2026-04-11 14:17:25,218 1 INFO odoo_ci_test odoo.modules.loading: loading mail/views/mail_link_preview_views.xml 
2026-04-11 14:17:25,235 1 INFO odoo_ci_test odoo.modules.loading: loading mail/views/discuss/discuss_gif_favorite_views.xml 
2026-04-11 14:17:25,247 1 INFO odoo_ci_test odoo.modules.loading: loading mail/views/discuss_channel_views.xml 
2026-04-11 14:17:25,277 1 INFO odoo_ci_test odoo.modules.loading: loading mail/views/mail_canned_response_views.xml 
2026-04-11 14:17:25,300 1 INFO odoo_ci_test odoo.modules.loading: loading mail/views/res_role_views.xml 
2026-04-11 14:17:25,317 1 INFO odoo_ci_test odoo.modules.loading: loading mail/views/mail_activity_views.xml 
2026-04-11 14:17:25,408 1 INFO odoo_ci_test odoo.modules.loading: loading mail/views/mail_activity_plan_views.xml 
2026-04-11 14:17:25,448 1 INFO odoo_ci_test odoo.modules.loading: loading mail/views/mail_activity_plan_template_views.xml 
2026-04-11 14:17:25,459 1 INFO odoo_ci_test odoo.modules.loading: loading mail/views/res_config_settings_views.xml 
2026-04-11 14:17:25,482 1 INFO odoo_ci_test odoo.modules.loading: loading mail/data/ir_config_parameter_data.xml 
2026-04-11 14:17:25,487 1 INFO odoo_ci_test odoo.modules.loading: loading mail/data/res_partner_data.xml 
2026-04-11 14:17:25,548 1 INFO odoo_ci_test odoo.modules.loading: loading mail/data/mail_message_subtype_data.xml 
2026-04-11 14:17:25,555 1 INFO odoo_ci_test odoo.modules.loading: loading mail/data/mail_templates_chatter.xml 
2026-04-11 14:17:25,572 1 INFO odoo_ci_test odoo.modules.loading: loading mail/data/mail_templates_email_layouts.xml 
2026-04-11 14:17:25,589 1 INFO odoo_ci_test odoo.modules.loading: loading mail/data/mail_templates_mailgateway.xml 
2026-04-11 14:17:25,605 1 INFO odoo_ci_test odoo.modules.loading: loading mail/data/discuss_channel_data.xml 
2026-04-11 14:17:25,639 1 INFO odoo_ci_test odoo.modules.loading: loading mail/data/mail_activity_type_data.xml 
2026-04-11 14:17:25,650 1 INFO odoo_ci_test odoo.modules.loading: loading mail/data/security_notifications_templates.xml 
2026-04-11 14:17:25,655 1 INFO odoo_ci_test odoo.modules.loading: loading mail/data/ir_cron_data.xml 
2026-04-11 14:17:25,751 1 INFO odoo_ci_test odoo.modules.loading: loading mail/data/ir_actions_client.xml 
2026-04-11 14:17:25,755 1 INFO odoo_ci_test odoo.modules.loading: loading mail/security/mail_security.xml 
2026-04-11 14:17:25,893 1 INFO odoo_ci_test odoo.modules.loading: loading mail/security/ir.model.access.csv 
2026-04-11 14:17:25,933 1 INFO odoo_ci_test odoo.modules.loading: loading mail/views/discuss_public_templates.xml 
2026-04-11 14:17:25,938 1 INFO odoo_ci_test odoo.modules.loading: loading mail/views/mail_alias_domain_views.xml 
2026-04-11 14:17:25,954 1 INFO odoo_ci_test odoo.modules.loading: loading mail/views/mail_alias_views.xml 
2026-04-11 14:17:25,971 1 INFO odoo_ci_test odoo.modules.loading: loading mail/views/mail_gateway_allowed_views.xml 
2026-04-11 14:17:25,983 1 INFO odoo_ci_test odoo.modules.loading: loading mail/views/mail_guest_views.xml 
2026-04-11 14:17:25,994 1 INFO odoo_ci_test odoo.modules.loading: loading mail/views/mail_message_reaction_views.xml 
2026-04-11 14:17:26,007 1 INFO odoo_ci_test odoo.modules.loading: loading mail/views/mail_templates_public.xml 
2026-04-11 14:17:26,015 1 INFO odoo_ci_test odoo.modules.loading: loading mail/views/res_users_views.xml 
2026-04-11 14:17:26,040 1 INFO odoo_ci_test odoo.modules.loading: loading mail/views/res_users_settings_views.xml 
2026-04-11 14:17:26,054 1 INFO odoo_ci_test odoo.modules.loading: loading mail/views/mail_template_views.xml 
2026-04-11 14:17:26,075 1 INFO odoo_ci_test odoo.modules.loading: loading mail/views/ir_actions_server_views.xml 
2026-04-11 14:17:26,091 1 INFO odoo_ci_test odoo.modules.loading: loading mail/views/ir_model_views.xml 
2026-04-11 14:17:26,121 1 INFO odoo_ci_test odoo.modules.loading: loading mail/views/res_partner_views.xml 
2026-04-11 14:17:26,163 1 INFO odoo_ci_test odoo.modules.loading: loading mail/views/mail_blacklist_views.xml 
2026-04-11 14:17:26,180 1 INFO odoo_ci_test odoo.modules.loading: loading mail/views/mail_menus.xml 
2026-04-11 14:17:26,297 1 INFO odoo_ci_test odoo.modules.loading: loading mail/views/discuss/discuss_menus.xml 
2026-04-11 14:17:26,301 1 INFO odoo_ci_test odoo.modules.loading: loading mail/views/discuss/discuss_call_history_views.xml 
2026-04-11 14:17:26,316 1 INFO odoo_ci_test odoo.modules.loading: loading mail/views/res_company_views.xml 
2026-04-11 14:17:26,326 1 INFO odoo_ci_test odoo.modules.loading: loading mail/views/mail_scheduled_message_views.xml 
2026-04-11 14:17:26,333 1 INFO odoo_ci_test odoo.modules.loading: loading mail/data/mail_canned_response_data.xml 
2026-04-11 14:17:26,341 1 INFO odoo_ci_test odoo.modules.loading: loading mail/data/mail_templates_invite.xml 
2026-04-11 14:17:26,354 1 INFO odoo_ci_test odoo.modules.loading: loading mail/data/web_tour_tour.xml 
2026-04-11 14:17:26,425 1 INFO odoo_ci_test odoo.modules.loading: Module mail loaded in 3.07s, 4978 queries (+4979 other) 
2026-04-11 14:17:26,425 1 INFO odoo_ci_test odoo.modules.loading: Loading module web_unsplash (15/33) 
2026-04-11 14:17:26,437 1 INFO odoo_ci_test odoo.registry: module web_unsplash: creating or updating database tables 
2026-04-11 14:17:26,482 1 INFO odoo_ci_test odoo.modules.loading: loading web_unsplash/views/res_config_settings_view.xml 
2026-04-11 14:17:26,514 1 INFO odoo_ci_test odoo.modules.loading: Module web_unsplash loaded in 0.09s, 112 queries (+112 other) 
2026-04-11 14:17:26,514 1 INFO odoo_ci_test odoo.modules.loading: Loading module auth_signup (16/33) 
2026-04-11 14:17:26,527 1 INFO odoo_ci_test odoo.registry: module auth_signup: creating or updating database tables 
2026-04-11 14:17:26,588 1 INFO odoo_ci_test odoo.modules.loading: loading auth_signup/data/ir_config_parameter_data.xml 
2026-04-11 14:17:26,593 1 INFO odoo_ci_test odoo.modules.loading: loading auth_signup/data/ir_cron_data.xml 
2026-04-11 14:17:26,614 1 INFO odoo_ci_test odoo.modules.loading: loading auth_signup/data/mail_template_data.xml 
2026-04-11 14:17:26,690 1 INFO odoo_ci_test odoo.modules.loading: loading auth_signup/views/res_config_settings_views.xml 
2026-04-11 14:17:26,704 1 INFO odoo_ci_test odoo.modules.loading: loading auth_signup/views/res_users_views.xml 
2026-04-11 14:17:26,729 1 INFO odoo_ci_test odoo.modules.loading: loading auth_signup/views/auth_signup_login_templates.xml 
2026-04-11 14:17:26,748 1 INFO odoo_ci_test odoo.modules.loading: loading auth_signup/views/auth_signup_templates_email.xml 
2026-04-11 14:17:26,755 1 INFO odoo_ci_test odoo.modules.loading: loading auth_signup/views/webclient_templates.xml 
2026-04-11 14:17:26,783 1 INFO odoo_ci_test odoo.modules.loading: Module auth_signup loaded in 0.27s, 255 queries (+255 other) 
2026-04-11 14:17:26,783 1 INFO odoo_ci_test odoo.modules.loading: Loading module auth_totp_mail (17/33) 
2026-04-11 14:17:26,794 1 INFO odoo_ci_test odoo.registry: module auth_totp_mail: creating or updating database tables 
2026-04-11 14:17:26,831 1 INFO odoo_ci_test odoo.modules.loading: loading auth_totp_mail/data/ir_action_data.xml 
2026-04-11 14:17:26,854 1 INFO odoo_ci_test odoo.modules.loading: loading auth_totp_mail/data/mail_template_data.xml 
2026-04-11 14:17:26,888 1 INFO odoo_ci_test odoo.modules.loading: loading auth_totp_mail/data/security_notifications_template.xml 
2026-04-11 14:17:26,895 1 INFO odoo_ci_test odoo.modules.loading: loading auth_totp_mail/views/res_config_settings_views.xml 
2026-04-11 14:17:26,911 1 INFO odoo_ci_test odoo.modules.loading: loading auth_totp_mail/views/res_users_views.xml 
2026-04-11 14:17:26,929 1 INFO odoo_ci_test odoo.modules.loading: loading auth_totp_mail/views/templates.xml 
2026-04-11 14:17:26,953 1 INFO odoo_ci_test odoo.modules.loading: Module auth_totp_mail loaded in 0.17s, 189 queries (+189 other) 
2026-04-11 14:17:26,953 1 INFO odoo_ci_test odoo.modules.loading: Loading module base_install_request (18/33) 
2026-04-11 14:17:26,958 1 INFO odoo_ci_test odoo.registry: module base_install_request: creating or updating database tables 
2026-04-11 14:17:27,011 1 INFO odoo_ci_test odoo.modules.loading: loading base_install_request/security/ir.model.access.csv 
2026-04-11 14:17:27,020 1 INFO odoo_ci_test odoo.modules.loading: loading base_install_request/wizard/base_module_install_request_views.xml 
2026-04-11 14:17:27,036 1 INFO odoo_ci_test odoo.modules.loading: loading base_install_request/data/mail_template_data.xml 
2026-04-11 14:17:27,041 1 INFO odoo_ci_test odoo.modules.loading: loading base_install_request/data/mail_templates_module_install.xml 
2026-04-11 14:17:27,046 1 INFO odoo_ci_test odoo.modules.loading: loading base_install_request/views/ir_module_module_views.xml 
2026-04-11 14:17:27,068 1 INFO odoo_ci_test odoo.modules.loading: Module base_install_request loaded in 0.11s, 154 queries (+154 other) 
2026-04-11 14:17:27,068 1 INFO odoo_ci_test odoo.modules.loading: Loading module google_gmail (19/33) 
2026-04-11 14:17:27,080 1 INFO odoo_ci_test odoo.registry: module google_gmail: creating or updating database tables 
2026-04-11 14:17:27,131 1 INFO odoo_ci_test odoo.modules.loading: loading google_gmail/views/fetchmail_server_views.xml 
2026-04-11 14:17:27,146 1 INFO odoo_ci_test odoo.modules.loading: loading google_gmail/views/ir_mail_server_views.xml 
2026-04-11 14:17:27,156 1 INFO odoo_ci_test odoo.modules.loading: loading google_gmail/views/res_config_settings_views.xml 
2026-04-11 14:17:27,177 1 INFO odoo_ci_test odoo.modules.loading: loading google_gmail/views/templates.xml 
2026-04-11 14:17:27,188 1 INFO odoo_ci_test odoo.modules.loading: Module google_gmail loaded in 0.12s, 155 queries (+155 other) 
2026-04-11 14:17:27,188 1 INFO odoo_ci_test odoo.modules.loading: Loading module iap_mail (20/33) 
2026-04-11 14:17:27,192 1 INFO odoo_ci_test odoo.registry: module iap_mail: creating or updating database tables 
2026-04-11 14:17:27,219 1 INFO odoo_ci_test odoo.modules.loading: loading iap_mail/data/mail_templates.xml 
2026-04-11 14:17:27,255 1 INFO odoo_ci_test odoo.modules.loading: loading iap_mail/views/iap_views.xml 
2026-04-11 14:17:27,274 1 INFO odoo_ci_test odoo.modules.loading: Module iap_mail loaded in 0.09s, 70 queries (+70 other) 
2026-04-11 14:17:27,274 1 INFO odoo_ci_test odoo.modules.loading: Loading module mail_bot (21/33) 
2026-04-11 14:17:27,284 1 INFO odoo_ci_test odoo.registry: module mail_bot: creating or updating database tables 
2026-04-11 14:17:27,325 1 INFO odoo_ci_test odoo.modules.loading: loading mail_bot/views/res_users_views.xml 
2026-04-11 14:17:27,343 1 INFO odoo_ci_test odoo.modules.loading: loading mail_bot/data/mailbot_data.xml 
2026-04-11 14:17:27,355 1 INFO odoo_ci_test odoo.modules.loading: Module mail_bot loaded in 0.08s, 109 queries (+109 other) 
2026-04-11 14:17:27,355 1 INFO odoo_ci_test odoo.modules.loading: Loading module microsoft_outlook (22/33) 
2026-04-11 14:17:27,368 1 INFO odoo_ci_test odoo.registry: module microsoft_outlook: creating or updating database tables 
2026-04-11 14:17:27,419 1 INFO odoo_ci_test odoo.modules.loading: loading microsoft_outlook/views/fetchmail_server_views.xml 
2026-04-11 14:17:27,434 1 INFO odoo_ci_test odoo.modules.loading: loading microsoft_outlook/views/ir_mail_server_views.xml 
2026-04-11 14:17:27,445 1 INFO odoo_ci_test odoo.modules.loading: loading microsoft_outlook/views/res_config_settings_views.xml 
2026-04-11 14:17:27,465 1 INFO odoo_ci_test odoo.modules.loading: loading microsoft_outlook/views/templates.xml 
2026-04-11 14:17:27,476 1 INFO odoo_ci_test odoo.modules.loading: Module microsoft_outlook loaded in 0.12s, 158 queries (+158 other) 
2026-04-11 14:17:27,476 1 INFO odoo_ci_test odoo.modules.loading: Loading module phone_validation (23/33) 
2026-04-11 14:17:27,567 1 INFO odoo_ci_test odoo.registry: module phone_validation: creating or updating database tables 
2026-04-11 14:17:27,577 1 INFO odoo_ci_test odoo.models: Prepare computation of res.partner.phone_sanitized 
2026-04-11 14:17:28,256 1 INFO odoo_ci_test odoo.modules.loading: loading phone_validation/security/ir.model.access.csv 
2026-04-11 14:17:28,263 1 INFO odoo_ci_test odoo.modules.loading: loading phone_validation/views/phone_blacklist_views.xml 
2026-04-11 14:17:28,290 1 INFO odoo_ci_test odoo.modules.loading: loading phone_validation/views/res_partner_views.xml 
2026-04-11 14:17:28,300 1 INFO odoo_ci_test odoo.modules.loading: loading phone_validation/wizard/phone_blacklist_remove_view.xml 
2026-04-11 14:17:28,317 1 INFO odoo_ci_test odoo.modules.loading: Module phone_validation loaded in 0.84s, 1627 queries (+1627 other) 
2026-04-11 14:17:28,317 1 INFO odoo_ci_test odoo.modules.loading: Loading module privacy_lookup (24/33) 
2026-04-11 14:17:28,330 1 INFO odoo_ci_test odoo.registry: module privacy_lookup: creating or updating database tables 
2026-04-11 14:17:28,423 1 INFO odoo_ci_test odoo.modules.loading: loading privacy_lookup/wizard/privacy_lookup_wizard_views.xml 
2026-04-11 14:17:28,471 1 INFO odoo_ci_test odoo.modules.loading: loading privacy_lookup/views/privacy_log_views.xml 
2026-04-11 14:17:28,490 1 INFO odoo_ci_test odoo.modules.loading: loading privacy_lookup/security/ir.model.access.csv 
2026-04-11 14:17:28,505 1 INFO odoo_ci_test odoo.modules.loading: loading privacy_lookup/data/ir_actions_server_data.xml 
2026-04-11 14:17:28,547 1 INFO odoo_ci_test odoo.modules.loading: Module privacy_lookup loaded in 0.23s, 293 queries (+293 other) 
2026-04-11 14:17:28,547 1 INFO odoo_ci_test odoo.modules.loading: Loading module sports_federation_base (25/33) 
2026-04-11 14:17:28,556 1 INFO odoo_ci_test odoo.registry: module sports_federation_base: creating or updating database tables 
<string>:26: (WARNING/2) Line block ends without a blank line.
<string>:44: (WARNING/2) Line block ends without a blank line.
<string>:58: (WARNING/2) Line block ends without a blank line.
<string>:73: (WARNING/2) Line block ends without a blank line.
<string>:93: (WARNING/2) Line block ends without a blank line.
<string>:26: (ERROR/3) Undefined substitution referenced: "-------".
<string>:26: (ERROR/3) Undefined substitution referenced: "-------------".
<string>:44: (ERROR/3) Undefined substitution referenced: "-------".
<string>:44: (ERROR/3) Undefined substitution referenced: "-------------".
<string>:58: (ERROR/3) Undefined substitution referenced: "-------".
<string>:58: (ERROR/3) Undefined substitution referenced: "-------------".
<string>:73: (ERROR/3) Undefined substitution referenced: "-------".
<string>:73: (ERROR/3) Undefined substitution referenced: "-------------".
<string>:93: (ERROR/3) Undefined substitution referenced: "-------".
<string>:93: (ERROR/3) Undefined substitution referenced: "-------------".
2026-04-11 14:17:28,676 1 INFO odoo_ci_test odoo.modules.loading: loading sports_federation_base/security/res_groups.xml 
2026-04-11 14:17:28,700 1 INFO odoo_ci_test odoo.modules.loading: loading sports_federation_base/security/ir.model.access.csv 
2026-04-11 14:17:28,716 1 INFO odoo_ci_test odoo.modules.loading: loading sports_federation_base/data/ir_sequence.xml 
2026-04-11 14:17:28,721 1 INFO odoo_ci_test odoo.modules.loading: loading sports_federation_base/views/federation_season_registration_views.xml 
2026-04-11 14:17:28,737 1 INFO odoo_ci_test odoo.modules.loading: loading sports_federation_base/views/federation_season_views.xml 
2026-04-11 14:17:28,754 1 INFO odoo_ci_test odoo.modules.loading: loading sports_federation_base/views/federation_team_views.xml 
2026-04-11 14:17:28,771 1 INFO odoo_ci_test odoo.modules.loading: loading sports_federation_base/views/federation_club_views.xml 
2026-04-11 14:17:28,789 1 INFO odoo_ci_test odoo.modules.loading: loading sports_federation_base/views/menu_items.xml 
2026-04-11 14:17:28,820 1 INFO odoo_ci_test odoo.modules.loading: Module sports_federation_base loaded in 0.27s, 334 queries (+334 other) 
2026-04-11 14:17:28,820 1 INFO odoo_ci_test odoo.modules.loading: Loading module partner_autocomplete (26/33) 
2026-04-11 14:17:28,838 1 INFO odoo_ci_test odoo.registry: module partner_autocomplete: creating or updating database tables 
2026-04-11 14:17:28,908 1 INFO odoo_ci_test odoo.modules.loading: loading partner_autocomplete/views/res_company_views.xml 
2026-04-11 14:17:28,923 1 INFO odoo_ci_test odoo.modules.loading: loading partner_autocomplete/views/res_config_settings_views.xml 
2026-04-11 14:17:28,937 1 INFO odoo_ci_test odoo.modules.loading: loading partner_autocomplete/data/iap_service_data.xml 
2026-04-11 14:17:28,948 1 INFO odoo_ci_test odoo.modules.loading: Module partner_autocomplete loaded in 0.13s, 141 queries (+141 other) 
2026-04-11 14:17:28,948 1 INFO odoo_ci_test odoo.modules.loading: Loading module sms (27/33) 
2026-04-11 14:17:29,031 1 INFO odoo_ci_test odoo.registry: module sms: creating or updating database tables 
2026-04-11 14:17:29,040 1 INFO odoo_ci_test odoo.models: Prepare computation of ir.actions.server.sms_template_id 
2026-04-11 14:17:29,040 1 INFO odoo_ci_test odoo.models: Prepare computation of ir.actions.server.sms_method 
2026-04-11 14:17:29,900 1 INFO odoo_ci_test odoo.modules.loading: loading sms/data/iap_service_data.xml 
2026-04-11 14:17:29,904 1 INFO odoo_ci_test odoo.modules.loading: loading sms/data/ir_cron_data.xml 
2026-04-11 14:17:29,926 1 INFO odoo_ci_test odoo.modules.loading: loading sms/wizard/sms_account_code_views.xml 
2026-04-11 14:17:29,938 1 INFO odoo_ci_test odoo.modules.loading: loading sms/wizard/sms_account_phone_views.xml 
2026-04-11 14:17:29,944 1 INFO odoo_ci_test odoo.modules.loading: loading sms/wizard/sms_account_sender_views.xml 
2026-04-11 14:17:29,950 1 INFO odoo_ci_test odoo.modules.loading: loading sms/wizard/sms_composer_views.xml 
2026-04-11 14:17:29,961 1 INFO odoo_ci_test odoo.modules.loading: loading sms/wizard/sms_template_preview_views.xml 
2026-04-11 14:17:29,971 1 INFO odoo_ci_test odoo.modules.loading: loading sms/wizard/sms_template_reset_views.xml 
2026-04-11 14:17:29,981 1 INFO odoo_ci_test odoo.modules.loading: loading sms/views/ir_actions_server_views.xml 
2026-04-11 14:17:29,998 1 INFO odoo_ci_test odoo.modules.loading: loading sms/views/mail_notification_views.xml 
2026-04-11 14:17:30,013 1 INFO odoo_ci_test odoo.modules.loading: loading sms/views/res_config_settings_views.xml 
2026-04-11 14:17:30,028 1 INFO odoo_ci_test odoo.modules.loading: loading sms/views/res_partner_views.xml 
2026-04-11 14:17:30,046 1 INFO odoo_ci_test odoo.modules.loading: loading sms/views/iap_account_views.xml 
2026-04-11 14:17:30,058 1 INFO odoo_ci_test odoo.modules.loading: loading sms/views/sms_sms_views.xml 
2026-04-11 14:17:30,087 1 INFO odoo_ci_test odoo.modules.loading: loading sms/views/sms_template_views.xml 
2026-04-11 14:17:30,106 1 INFO odoo_ci_test odoo.modules.loading: loading sms/security/ir.model.access.csv 
2026-04-11 14:17:30,128 1 INFO odoo_ci_test odoo.modules.loading: loading sms/security/sms_security.xml 
2026-04-11 14:17:30,152 1 INFO odoo_ci_test odoo.modules.loading: Module sms loaded in 1.20s, 2074 queries (+2074 other) 
2026-04-11 14:17:30,152 1 INFO odoo_ci_test odoo.modules.loading: Loading module snailmail (28/33) 
2026-04-11 14:17:30,257 1 INFO odoo_ci_test odoo.registry: module snailmail: creating or updating database tables 
2026-04-11 14:17:30,449 1 INFO odoo_ci_test odoo.modules.loading: loading snailmail/data/iap_service_data.xml 
2026-04-11 14:17:30,453 1 INFO odoo_ci_test odoo.modules.loading: loading snailmail/data/snailmail_data.xml 
2026-04-11 14:17:30,475 1 INFO odoo_ci_test odoo.modules.loading: loading snailmail/views/report_assets.xml 
2026-04-11 14:17:30,487 1 INFO odoo_ci_test odoo.modules.loading: loading snailmail/views/snailmail_views.xml 
2026-04-11 14:17:30,506 1 INFO odoo_ci_test odoo.modules.loading: loading snailmail/security/ir.model.access.csv 
2026-04-11 14:17:30,529 1 INFO odoo_ci_test odoo.modules.loading: Module snailmail loaded in 0.38s, 449 queries (+449 other) 
2026-04-11 14:17:30,529 1 INFO odoo_ci_test odoo.modules.loading: Loading module sports_federation_rules (29/33) 
2026-04-11 14:17:30,538 1 INFO odoo_ci_test odoo.registry: module sports_federation_rules: creating or updating database tables 
<string>:17: (WARNING/2) Line block ends without a blank line.
<string>:28: (WARNING/2) Line block ends without a blank line.
<string>:45: (WARNING/2) Line block ends without a blank line.
<string>:57: (WARNING/2) Line block ends without a blank line.
<string>:69: (WARNING/2) Line block ends without a blank line.
<string>:83: (WARNING/2) Line block ends without a blank line.
<string>:98: (WARNING/2) Line block ends without a blank line.
<string>:17: (ERROR/3) Undefined substitution referenced: "--------".
<string>:28: (ERROR/3) Undefined substitution referenced: "-------".
<string>:28: (ERROR/3) Undefined substitution referenced: "-------------".
<string>:45: (ERROR/3) Undefined substitution referenced: "-------".
<string>:45: (ERROR/3) Undefined substitution referenced: "-------------".
<string>:57: (ERROR/3) Undefined substitution referenced: "-------".
<string>:57: (ERROR/3) Undefined substitution referenced: "-------------".
<string>:69: (ERROR/3) Undefined substitution referenced: "-------".
<string>:69: (ERROR/3) Undefined substitution referenced: "-------------".
<string>:83: (ERROR/3) Undefined substitution referenced: "-------".
<string>:83: (ERROR/3) Undefined substitution referenced: "-------------".
<string>:98: (ERROR/3) Undefined substitution referenced: "-------".
2026-04-11 14:17:30,657 1 INFO odoo_ci_test odoo.modules.loading: loading sports_federation_rules/security/ir.model.access.csv 
2026-04-11 14:17:30,667 1 INFO odoo_ci_test odoo.modules.loading: loading sports_federation_rules/views/federation_rule_set_views.xml 
2026-04-11 14:17:30,693 1 INFO odoo_ci_test odoo.modules.loading: loading sports_federation_rules/views/federation_points_rule_views.xml 
2026-04-11 14:17:30,703 1 INFO odoo_ci_test odoo.modules.loading: loading sports_federation_rules/views/federation_tie_break_rule_views.xml 
2026-04-11 14:17:30,713 1 INFO odoo_ci_test odoo.modules.loading: loading sports_federation_rules/views/federation_eligibility_rule_views.xml 
2026-04-11 14:17:30,723 1 INFO odoo_ci_test odoo.modules.loading: loading sports_federation_rules/views/federation_qualification_rule_views.xml 
2026-04-11 14:17:30,735 1 INFO odoo_ci_test odoo.modules.loading: loading sports_federation_rules/views/menu_items.xml 
2026-04-11 14:17:30,768 1 INFO odoo_ci_test odoo.modules.loading: Module sports_federation_rules loaded in 0.24s, 302 queries (+302 other) 
2026-04-11 14:17:30,768 1 INFO odoo_ci_test odoo.modules.loading: Loading module sports_federation_tournament (30/33) 
2026-04-11 14:17:30,782 1 INFO odoo_ci_test odoo.registry: module sports_federation_tournament: creating or updating database tables 
2026-04-11 14:17:31,001 1 INFO odoo_ci_test odoo.modules.loading: loading sports_federation_tournament/security/ir.model.access.csv 
2026-04-11 14:17:31,012 1 INFO odoo_ci_test odoo.modules.loading: loading sports_federation_tournament/views/federation_tournament_participant_views.xml 
2026-04-11 14:17:31,032 1 INFO odoo_ci_test odoo.modules.loading: loading sports_federation_tournament/views/federation_match_views.xml 
2026-04-11 14:17:31,051 1 INFO odoo_ci_test odoo.modules.loading: loading sports_federation_tournament/views/federation_tournament_round_views.xml 
2026-04-11 14:17:31,063 1 INFO odoo_ci_test odoo.modules.loading: loading sports_federation_tournament/views/federation_tournament_group_views.xml 
2026-04-11 14:17:31,079 1 INFO odoo_ci_test odoo.modules.loading: loading sports_federation_tournament/views/federation_tournament_stage_views.xml 
2026-04-11 14:17:31,095 1 INFO odoo_ci_test odoo.modules.loading: loading sports_federation_tournament/views/federation_tournament_views.xml 
2026-04-11 14:17:31,113 1 INFO odoo_ci_test odoo.modules.loading: loading sports_federation_tournament/views/federation_competition_edition_views.xml 
2026-04-11 14:17:31,130 1 INFO odoo_ci_test odoo.modules.loading: loading sports_federation_tournament/views/federation_competition_views.xml 
2026-04-11 14:17:31,147 1 INFO odoo_ci_test odoo.modules.loading: loading sports_federation_tournament/views/federation_season_registration_views_inherit.xml 
2026-04-11 14:17:31,167 1 INFO odoo_ci_test odoo.modules.loading: loading sports_federation_tournament/views/menu_items.xml 
2026-04-11 14:17:31,210 1 INFO odoo_ci_test odoo.modules.loading: Module sports_federation_tournament loaded in 0.44s, 597 queries (+597 other) 
2026-04-11 14:17:31,210 1 INFO odoo_ci_test odoo.modules.loading: Loading module sports_federation_standings (31/33) 
2026-04-11 14:17:31,218 1 INFO odoo_ci_test odoo.registry: module sports_federation_standings: creating or updating database tables 
2026-04-11 14:17:31,304 1 INFO odoo_ci_test odoo.modules.loading: loading sports_federation_standings/security/ir.model.access.csv 
2026-04-11 14:17:31,312 1 INFO odoo_ci_test odoo.modules.loading: loading sports_federation_standings/views/standing_views.xml 
2026-04-11 14:17:31,338 1 INFO odoo_ci_test odoo.modules.loading: loading sports_federation_standings/views/tournament_views_inherit.xml 
2026-04-11 14:17:31,348 1 INFO odoo_ci_test odoo.modules.loading: loading sports_federation_standings/views/menu_views.xml 
2026-04-11 14:17:31,364 1 INFO odoo_ci_test odoo.modules.loading: Module sports_federation_standings loaded in 0.15s, 223 queries (+223 other) 
2026-04-11 14:17:31,364 1 INFO odoo_ci_test odoo.modules.loading: Loading module sports_federation_venues (32/33) 
2026-04-11 14:17:31,377 1 INFO odoo_ci_test odoo.registry: module sports_federation_venues: creating or updating database tables 
2026-04-11 14:17:31,409 1 WARNING odoo_ci_test odoo.addons.base.models.ir_model: Two fields (gameday_count, gameday_ids) of federation.tournament() have the same label: Gamedays. [Modules: sports_federation_venues and sports_federation_venues] 
2026-04-11 14:17:31,409 1 WARNING odoo_ci_test odoo.addons.base.models.ir_model: Two fields (gameday_count, gameday_ids) of federation.tournament.stage() have the same label: Gamedays. [Modules: sports_federation_venues and sports_federation_venues] 
2026-04-11 14:17:31,507 1 INFO odoo_ci_test odoo.modules.loading: loading sports_federation_venues/security/ir.model.access.csv 
2026-04-11 14:17:31,515 1 INFO odoo_ci_test odoo.modules.loading: loading sports_federation_venues/wizards/match_gameday_reassign_wizard_views.xml 
2026-04-11 14:17:31,528 1 INFO odoo_ci_test odoo.modules.loading: loading sports_federation_venues/views/venue_views.xml 
2026-04-11 14:17:31,558 1 INFO odoo_ci_test odoo.modules.loading: loading sports_federation_venues/views/gameday_views.xml 
2026-04-11 14:17:31,576 1 INFO odoo_ci_test odoo.modules.loading: loading sports_federation_venues/views/tournament_views_inherit.xml 
2026-04-11 14:17:31,595 1 INFO odoo_ci_test odoo.modules.loading: loading sports_federation_venues/views/match_views_inherit.xml 
2026-04-11 14:17:31,613 1 INFO odoo_ci_test odoo.modules.loading: loading sports_federation_venues/views/menu_views.xml 
2026-04-11 14:17:31,690 1 INFO odoo_ci_test odoo.addons.sports_federation_venues.tests.test_gameday: Starting TestGameday.test_cross_category_pairing_allowed_on_same_gameday ... 
2026-04-11 14:17:31,707 1 INFO odoo_ci_test odoo.addons.sports_federation_venues.tests.test_gameday: Starting TestGameday.test_duplicate_same_category_pairing_rejected ... 
2026-04-11 14:17:31,727 1 INFO odoo_ci_test odoo.addons.sports_federation_venues.tests.test_gameday: Starting TestGameday.test_find_or_create_creates_gameday ... 
2026-04-11 14:17:31,730 1 INFO odoo_ci_test odoo.addons.sports_federation_venues.tests.test_gameday: Starting TestGameday.test_find_or_create_different_day_creates_new ... 
2026-04-11 14:17:31,734 1 INFO odoo_ci_test odoo.addons.sports_federation_venues.tests.test_gameday: Starting TestGameday.test_find_or_create_different_venue_creates_new ... 
2026-04-11 14:17:31,737 1 INFO odoo_ci_test odoo.addons.sports_federation_venues.tests.test_gameday: Starting TestGameday.test_find_or_create_no_venue_returns_false ... 
2026-04-11 14:17:31,738 1 INFO odoo_ci_test odoo.addons.sports_federation_venues.tests.test_gameday: Starting TestGameday.test_find_or_create_returns_existing_same_day ... 
2026-04-11 14:17:31,741 1 INFO odoo_ci_test odoo.addons.sports_federation_venues.tests.test_gameday: Starting TestGameday.test_generate_planned_gamedays_creates_numbered_slots ... 
2026-04-11 14:17:31,754 1 INFO odoo_ci_test odoo.addons.sports_federation_venues.tests.test_gameday: Starting TestGameday.test_match_gameday_assignment_inherits_scope_and_venue ... 
2026-04-11 14:17:31,768 1 INFO odoo_ci_test odoo.addons.sports_federation_venues.tests.test_gameday: Starting TestGameday.test_match_rejects_conflicting_gameday_scope ... 
2026-04-11 14:17:31,786 1 INFO odoo_ci_test odoo.addons.sports_federation_venues.tests.test_gameday: Starting TestGameday.test_no_gameday_allows_duplicate_teams ... 
2026-04-11 14:17:31,798 1 INFO odoo_ci_test odoo.addons.sports_federation_venues.tests.test_gameday: Starting TestGameday.test_reassign_wizard_rebalances_generated_matches ... 
2026-04-11 14:17:31,798 1 INFO odoo_ci_test odoo.addons.sports_federation_venues.tests.test_gameday: skipped TestGameday.test_reassign_wizard_rebalances_generated_matches : competition engine or reassignment wizard not installed. 
2026-04-11 14:17:31,799 1 INFO odoo_ci_test odoo.addons.sports_federation_venues.tests.test_gameday: Starting TestGameday.test_reversed_pairing_on_same_gameday_rejected ... 
2026-04-11 14:17:31,817 1 INFO odoo_ci_test odoo.addons.sports_federation_venues.tests.test_gameday: Starting TestGameday.test_round_robin_wizard_splits_rounds_to_use_extra_stage_gamedays ... 
2026-04-11 14:17:31,817 1 INFO odoo_ci_test odoo.addons.sports_federation_venues.tests.test_gameday: skipped TestGameday.test_round_robin_wizard_splits_rounds_to_use_extra_stage_gamedays : sports_federation_competition_engine not installed. 
2026-04-11 14:17:31,818 1 INFO odoo_ci_test odoo.addons.sports_federation_venues.tests.test_gameday: Starting TestGameday.test_round_robin_wizard_uses_existing_stage_gamedays ... 
2026-04-11 14:17:31,818 1 INFO odoo_ci_test odoo.addons.sports_federation_venues.tests.test_gameday: skipped TestGameday.test_round_robin_wizard_uses_existing_stage_gamedays : sports_federation_competition_engine not installed. 
2026-04-11 14:17:31,819 1 INFO odoo_ci_test odoo.addons.sports_federation_venues.tests.test_gameday: Starting TestGameday.test_same_category_pairing_allowed_once ... 
2026-04-11 14:17:31,831 1 INFO odoo_ci_test odoo.addons.sports_federation_venues.tests.test_gameday: Starting TestGameday.test_same_pairing_on_different_gamedays_allowed ... 
2026-04-11 14:17:31,849 1 INFO odoo_ci_test odoo.addons.sports_federation_venues.tests.test_gameday: Starting TestGameday.test_schedule_by_round_creates_gamedays ... 
2026-04-11 14:17:31,849 1 INFO odoo_ci_test odoo.addons.sports_federation_venues.tests.test_gameday: skipped TestGameday.test_schedule_by_round_creates_gamedays : sports_federation_competition_engine not installed. 
2026-04-11 14:17:31,849 1 INFO odoo_ci_test odoo.addons.sports_federation_venues.tests.test_gameday: Starting TestGameday.test_schedule_by_round_reuses_one_gameday_per_round ... 
2026-04-11 14:17:31,850 1 INFO odoo_ci_test odoo.addons.sports_federation_venues.tests.test_gameday: skipped TestGameday.test_schedule_by_round_reuses_one_gameday_per_round : sports_federation_competition_engine not installed. 
2026-04-11 14:17:31,850 1 INFO odoo_ci_test odoo.addons.sports_federation_venues.tests.test_gameday: Starting TestGameday.test_stage_reassign_action_prefills_stage_scope ... 
2026-04-11 14:17:31,919 1 INFO odoo_ci_test odoo.addons.base.models.ir_attachment: filestore gc 14 checked, 0 removed 
2026-04-11 14:17:31,949 1 INFO odoo_ci_test odoo.addons.sports_federation_venues.tests.test_venues: Starting TestVenues.test_create_playing_area ... 
2026-04-11 14:17:31,951 1 INFO odoo_ci_test odoo.addons.sports_federation_venues.tests.test_venues: Starting TestVenues.test_create_venue ... 
2026-04-11 14:17:31,953 1 INFO odoo_ci_test odoo.addons.sports_federation_venues.tests.test_venues: Starting TestVenues.test_match_playing_area_belongs_to_venue ... 
2026-04-11 14:17:31,960 1 INFO odoo_ci_test odoo.addons.sports_federation_venues.tests.test_venues: Starting TestVenues.test_tournament_venue_link ... 
2026-04-11 14:17:31,962 1 INFO odoo_ci_test odoo.addons.sports_federation_venues.tests.test_venues: Starting TestVenues.test_unique_playing_area_name_per_venue ... 
2026-04-11 14:17:31,965 1 ERROR odoo_ci_test odoo.sql_db: bad query: b'INSERT INTO "federation_playing_area" ("active", "create_date", "create_uid", "name", "surface_type", "venue_id", "write_date", "write_uid") VALUES (true, \'2026-04-11T14:17:31.920799\'::timestamp, 1, \'Main Field\', \'indoor\', 3, \'2026-04-11T14:17:31.920799\'::timestamp, 1) RETURNING "id"'
ERROR: duplicate key value violates unique constraint "federation_playing_area_unique_venue_name"
DETAIL:  Key (venue_id, name)=(3, Main Field) already exists.
 
2026-04-11 14:17:32,029 1 INFO odoo_ci_test odoo.addons.base.models.ir_attachment: filestore gc 0 checked, 0 removed 
2026-04-11 14:17:32,029 1 INFO odoo_ci_test odoo.modules.loading: Module sports_federation_venues loaded in 0.66s (incl. 0.39s test), 366 queries (+424 test, +366 other) 
2026-04-11 14:17:32,029 1 INFO odoo_ci_test odoo.modules.loading: Loading module sports_federation_competition_engine (33/33) 
2026-04-11 14:17:32,044 1 INFO odoo_ci_test odoo.registry: module sports_federation_competition_engine: creating or updating database tables 
2026-04-11 14:17:32,076 1 WARNING odoo_ci_test odoo.addons.base.models.ir_model: Two fields (gameday_count, gameday_ids) of federation.tournament() have the same label: Gamedays. [Modules: sports_federation_venues and sports_federation_venues] 
2026-04-11 14:17:32,197 1 INFO odoo_ci_test odoo.modules.loading: loading sports_federation_competition_engine/security/ir.model.access.csv 
2026-04-11 14:17:32,207 1 INFO odoo_ci_test odoo.modules.loading: loading sports_federation_competition_engine/views/stage_progression_views.xml 
2026-04-11 14:17:32,225 1 INFO odoo_ci_test odoo.modules.loading: loading sports_federation_competition_engine/views/tournament_template_views.xml 
2026-04-11 14:17:32,240 1 INFO odoo_ci_test odoo.modules.loading: loading sports_federation_competition_engine/wizards/round_robin_wizard_views.xml 
2026-04-11 14:17:32,249 1 INFO odoo_ci_test odoo.modules.loading: loading sports_federation_competition_engine/wizards/knockout_wizard_views.xml 
2026-04-11 14:17:32,256 1 WARNING odoo_ci_test odoo.addons.base.models.ir_ui_view: An alert (class alert-*) must have an alert, alertdialog or status role or an alert-link class. Please use alert and alertdialog only for what expects to stop any activity to be read immediately.
View error context:
{'file': '/mnt/extra-addons/sports_federation_competition_engine/wizards/knockout_wizard_views.xml',
 'line': 22,
 'name': 'federation.knockout.wizard.form',
 'view': ir.ui.view(527,),
 'view.model': 'federation.knockout.wizard',
 'view.parent': ir.ui.view(),
 'xmlid': 'view_knockout_wizard_form'} 
2026-04-11 14:17:32,259 1 INFO odoo_ci_test odoo.modules.loading: loading sports_federation_competition_engine/views/tournament_buttons.xml 
2026-04-11 14:17:32,344 1 INFO odoo_ci_test odoo.addons.sports_federation_competition_engine.tests.test_knockout: Starting TestKnockout.test_bye_seeding_top_seeds ... 
2026-04-11 14:17:32,349 1 INFO odoo_ci_test odoo.addons.sports_federation_competition_engine.tests.test_knockout: skipped TestKnockout.test_bye_seeding_top_seeds : Knockout bye logic IndexError — needs engine fix 
2026-04-11 14:17:32,349 1 INFO odoo_ci_test odoo.addons.sports_federation_competition_engine.tests.test_knockout: Starting TestKnockout.test_eight_teams_natural ... 
2026-04-11 14:17:32,379 1 INFO odoo_ci_test odoo.addons.sports_federation_competition_engine.services.knockout: Generated 7 knockout matches (3 rounds) for tournament Test Tournament, stage Knockout 
2026-04-11 14:17:32,379 1 INFO odoo_ci_test odoo.addons.sports_federation_competition_engine.tests.test_knockout: Starting TestKnockout.test_eight_teams_power_of_two ... 
2026-04-11 14:17:32,407 1 INFO odoo_ci_test odoo.addons.sports_federation_competition_engine.services.knockout: Generated 7 knockout matches (3 rounds) for tournament Test Tournament, stage Knockout 
2026-04-11 14:17:32,408 1 INFO odoo_ci_test odoo.addons.sports_federation_competition_engine.tests.test_knockout: Starting TestKnockout.test_manual_seeding_order ... 
2026-04-11 14:17:32,435 1 INFO odoo_ci_test odoo.addons.sports_federation_competition_engine.services.knockout: Generated 7 knockout matches (3 rounds) for tournament Test Tournament, stage Knockout 
2026-04-11 14:17:32,439 1 INFO odoo_ci_test odoo.addons.sports_federation_competition_engine.tests.test_knockout: Starting TestKnockout.test_minimum_participants ... 
2026-04-11 14:17:32,444 1 INFO odoo_ci_test odoo.addons.sports_federation_competition_engine.tests.test_knockout: Starting TestKnockout.test_no_self_pairings ... 
2026-04-11 14:17:32,468 1 INFO odoo_ci_test odoo.addons.sports_federation_competition_engine.services.knockout: Generated 7 knockout matches (3 rounds) for tournament Test Tournament, stage Knockout 
2026-04-11 14:17:32,471 1 INFO odoo_ci_test odoo.addons.sports_federation_competition_engine.tests.test_knockout: Starting TestKnockout.test_overwrite_allowed ... 
2026-04-11 14:17:32,496 1 INFO odoo_ci_test odoo.addons.sports_federation_competition_engine.services.knockout: Generated 7 knockout matches (3 rounds) for tournament Test Tournament, stage Knockout 
2026-04-11 14:17:32,512 1 INFO odoo_ci_test odoo.addons.sports_federation_competition_engine.services.knockout: Generated 7 knockout matches (3 rounds) for tournament Test Tournament, stage Knockout 
2026-04-11 14:17:32,512 1 INFO odoo_ci_test odoo.addons.sports_federation_competition_engine.tests.test_knockout: Starting TestKnockout.test_overwrite_protection ... 
2026-04-11 14:17:32,540 1 INFO odoo_ci_test odoo.addons.sports_federation_competition_engine.services.knockout: Generated 7 knockout matches (3 rounds) for tournament Test Tournament, stage Knockout 
2026-04-11 14:17:32,547 1 INFO odoo_ci_test odoo.addons.sports_federation_competition_engine.tests.test_knockout: Starting TestKnockout.test_seeding_correctness ... 
2026-04-11 14:17:32,572 1 INFO odoo_ci_test odoo.addons.sports_federation_competition_engine.services.knockout: Generated 7 knockout matches (3 rounds) for tournament Test Tournament, stage Knockout 
2026-04-11 14:17:32,576 1 INFO odoo_ci_test odoo.addons.sports_federation_competition_engine.tests.test_knockout: Starting TestKnockout.test_six_teams_power_of_two ... 
2026-04-11 14:17:32,577 1 INFO odoo_ci_test odoo.addons.sports_federation_competition_engine.tests.test_knockout: skipped TestKnockout.test_six_teams_power_of_two : Knockout bye logic IndexError — needs engine fix 
2026-04-11 14:17:32,577 1 INFO odoo_ci_test odoo.addons.sports_federation_competition_engine.tests.test_knockout: Starting TestKnockout.test_three_teams_power_of_two ... 
2026-04-11 14:17:32,577 1 INFO odoo_ci_test odoo.addons.sports_federation_competition_engine.tests.test_knockout: skipped TestKnockout.test_three_teams_power_of_two : Knockout bye logic IndexError — needs engine fix 
2026-04-11 14:17:32,577 1 INFO odoo_ci_test odoo.addons.sports_federation_competition_engine.tests.test_knockout: Starting TestKnockout.test_tournament_state_validation ... 
2026-04-11 14:17:32,644 1 INFO odoo_ci_test odoo.addons.base.models.ir_attachment: filestore gc 0 checked, 0 removed 
2026-04-11 14:17:32,703 1 INFO odoo_ci_test odoo.addons.sports_federation_competition_engine.tests.test_round_robin: Starting TestRoundRobin.test_deterministic_ordering ... 
2026-04-11 14:17:32,748 1 INFO odoo_ci_test odoo.addons.sports_federation_competition_engine.services.round_robin: Generated 15 round-robin matches for tournament Test Tournament, stage Group Stage 
2026-04-11 14:17:32,764 1 INFO odoo_ci_test odoo.models.unlink: User #1 deleted mail.message records with IDs: [142, 141, 140, 139, 138, 137, 136, 135, 134, 133, 132, 131, 130, 129, 128] 
2026-04-11 14:17:32,770 1 INFO odoo_ci_test odoo.models.unlink: User #1 deleted federation.match records with IDs: [71, 72, 73, 74, 75, 76, 77, 78, 79, 80, 81, 82, 83, 84, 85] 
2026-04-11 14:17:32,810 1 INFO odoo_ci_test odoo.addons.sports_federation_competition_engine.services.round_robin: Generated 15 round-robin matches for tournament Test Tournament, stage Group Stage 
2026-04-11 14:17:32,811 1 INFO odoo_ci_test odoo.addons.sports_federation_competition_engine.tests.test_round_robin: Starting TestRoundRobin.test_double_round ... 
2026-04-11 14:17:32,854 1 INFO odoo_ci_test odoo.addons.sports_federation_competition_engine.services.round_robin: Generated 15 round-robin matches for tournament Test Tournament, stage Group Stage 
2026-04-11 14:17:32,865 1 INFO odoo_ci_test odoo.models.unlink: User #1 deleted mail.message records with IDs: [172, 171, 170, 169, 168, 167, 166, 165, 164, 163, 162, 161, 160, 159, 158] 
2026-04-11 14:17:32,869 1 INFO odoo_ci_test odoo.models.unlink: User #1 deleted federation.match records with IDs: [101, 102, 103, 104, 105, 106, 107, 108, 109, 110, 111, 112, 113, 114, 115] 
2026-04-11 14:17:32,945 1 INFO odoo_ci_test odoo.addons.sports_federation_competition_engine.services.round_robin: Generated 30 round-robin matches for tournament Test Tournament, stage Group Stage 
2026-04-11 14:17:32,946 1 INFO odoo_ci_test odoo.addons.sports_federation_competition_engine.tests.test_round_robin: Starting TestRoundRobin.test_each_team_plays_all_others_once ... 
2026-04-11 14:17:32,988 1 INFO odoo_ci_test odoo.addons.sports_federation_competition_engine.services.round_robin: Generated 15 round-robin matches for tournament Test Tournament, stage Group Stage 
2026-04-11 14:17:32,989 1 INFO odoo_ci_test odoo.addons.sports_federation_competition_engine.tests.test_round_robin: Starting TestRoundRobin.test_even_participant_count ... 
2026-04-11 14:17:33,032 1 INFO odoo_ci_test odoo.addons.sports_federation_competition_engine.services.round_robin: Generated 15 round-robin matches for tournament Test Tournament, stage Group Stage 
2026-04-11 14:17:33,033 1 INFO odoo_ci_test odoo.addons.sports_federation_competition_engine.tests.test_round_robin: Starting TestRoundRobin.test_minimum_participants ... 
2026-04-11 14:17:33,037 1 INFO odoo_ci_test odoo.addons.sports_federation_competition_engine.tests.test_round_robin: Starting TestRoundRobin.test_no_self_pairings ... 
2026-04-11 14:17:33,080 1 INFO odoo_ci_test odoo.addons.sports_federation_competition_engine.services.round_robin: Generated 15 round-robin matches for tournament Test Tournament, stage Group Stage 
2026-04-11 14:17:33,083 1 INFO odoo_ci_test odoo.addons.sports_federation_competition_engine.tests.test_round_robin: Starting TestRoundRobin.test_odd_participant_count ... 
2026-04-11 14:17:33,114 1 INFO odoo_ci_test odoo.addons.sports_federation_competition_engine.services.round_robin: Generated 10 round-robin matches for tournament Test Tournament, stage Group Stage 
2026-04-11 14:17:33,114 1 INFO odoo_ci_test odoo.addons.sports_federation_competition_engine.tests.test_round_robin: Starting TestRoundRobin.test_overwrite_allowed ... 
2026-04-11 14:17:33,157 1 INFO odoo_ci_test odoo.addons.sports_federation_competition_engine.services.round_robin: Generated 15 round-robin matches for tournament Test Tournament, stage Group Stage 
2026-04-11 14:17:33,191 1 INFO odoo_ci_test odoo.addons.sports_federation_competition_engine.services.round_robin: Generated 15 round-robin matches for tournament Test Tournament, stage Group Stage 
2026-04-11 14:17:33,192 1 INFO odoo_ci_test odoo.addons.sports_federation_competition_engine.tests.test_round_robin: Starting TestRoundRobin.test_overwrite_protection ... 
2026-04-11 14:17:33,234 1 INFO odoo_ci_test odoo.addons.sports_federation_competition_engine.services.round_robin: Generated 15 round-robin matches for tournament Test Tournament, stage Group Stage 
2026-04-11 14:17:33,241 1 INFO odoo_ci_test odoo.addons.sports_federation_competition_engine.tests.test_round_robin: Starting TestRoundRobin.test_round_numbers_follow_generated_rounds ... 
2026-04-11 14:17:33,284 1 INFO odoo_ci_test odoo.addons.sports_federation_competition_engine.services.round_robin: Generated 15 round-robin matches for tournament Test Tournament, stage Group Stage 
2026-04-11 14:17:33,285 1 INFO odoo_ci_test odoo.addons.sports_federation_competition_engine.tests.test_round_robin: Starting TestRoundRobin.test_tournament_state_validation ... 
2026-04-11 14:17:33,351 1 INFO odoo_ci_test odoo.addons.base.models.ir_attachment: filestore gc 0 checked, 0 removed 
2026-04-11 14:17:33,402 1 INFO odoo_ci_test odoo.addons.sports_federation_competition_engine.tests.test_tournament_template: Starting TestCompetitionEngineWizardGuards.test_knockout_wizard_requires_rule_set ... 
2026-04-11 14:17:33,410 1 INFO odoo_ci_test odoo.addons.sports_federation_competition_engine.tests.test_tournament_template: Starting TestCompetitionEngineWizardGuards.test_round_robin_wizard_computes_preview_summary ... 
2026-04-11 14:17:33,413 1 INFO odoo_ci_test odoo.addons.sports_federation_competition_engine.tests.test_tournament_template: Starting TestCompetitionEngineWizardGuards.test_round_robin_wizard_rejects_selected_unconfirmed_participants ... 
2026-04-11 14:17:33,432 1 INFO odoo_ci_test odoo.addons.sports_federation_competition_engine.tests.test_tournament_template: Starting TestCompetitionEngineWizardGuards.test_round_robin_wizard_rejects_stage_gamedays_without_venues ... 
2026-04-11 14:17:33,432 1 INFO odoo_ci_test odoo.addons.sports_federation_competition_engine.tests.test_tournament_template: skipped TestCompetitionEngineWizardGuards.test_round_robin_wizard_rejects_stage_gamedays_without_venues : venues module is installed; integration is covered elsewhere. 
2026-04-11 14:17:33,432 1 INFO odoo_ci_test odoo.addons.sports_federation_competition_engine.tests.test_tournament_template: Starting TestCompetitionEngineWizardGuards.test_round_robin_wizard_requires_rule_set ... 
2026-04-11 14:17:33,438 1 INFO odoo_ci_test odoo.addons.sports_federation_competition_engine.tests.test_tournament_template: Starting TestCompetitionEngineWizardGuards.test_round_robin_wizard_summary_explains_confirmed_scope_requirement ... 
2026-04-11 14:17:33,504 1 INFO odoo_ci_test odoo.addons.base.models.ir_attachment: filestore gc 0 checked, 0 removed 
2026-04-11 14:17:33,535 1 INFO odoo_ci_test odoo.addons.sports_federation_competition_engine.tests.test_tournament_template: Starting TestTournamentTemplate.test_template_apply_creates_stages_groups_and_progressions ... 
2026-04-11 14:17:33,550 1 INFO odoo_ci_test odoo.addons.sports_federation_competition_engine.tests.test_tournament_template: Starting TestTournamentTemplate.test_template_apply_rejects_tournament_with_existing_stages ... 
2026-04-11 14:17:33,616 1 INFO odoo_ci_test odoo.addons.base.models.ir_attachment: filestore gc 0 checked, 0 removed 
2026-04-11 14:17:33,617 1 INFO odoo_ci_test odoo.modules.loading: Module sports_federation_competition_engine loaded in 1.59s (incl. 1.32s test), 326 queries (+1274 test, +326 other) 
2026-04-11 14:17:33,617 1 INFO odoo_ci_test odoo.modules.loading: 33 modules loaded in 13.05s, 17480 queries (+19179 extra) 
2026-04-11 14:17:33,997 1 INFO odoo_ci_test odoo.modules.loading: Modules loaded. 
2026-04-11 14:17:34,005 1 INFO odoo_ci_test odoo.registry: Registry changed, signaling through the database 
2026-04-11 14:17:34,005 1 INFO odoo_ci_test odoo.registry: Registry loaded in 21.627s 
2026-04-11 14:17:34,006 1 INFO odoo_ci_test odoo.service.server: Starting post tests 
2026-04-11 14:17:34,028 1 INFO odoo_ci_test odoo.service.server: 0 post-tests in 0.02s, 0 queries 
2026-04-11 14:17:34,029 1 INFO odoo_ci_test odoo.tests.stats: sports_federation_competition_engine: 39 tests 1.32s 1274 queries 
2026-04-11 14:17:34,029 1 INFO odoo_ci_test odoo.tests.stats: sports_federation_venues: 29 tests 0.39s 424 queries 
2026-04-11 14:17:34,029 1 INFO odoo_ci_test odoo.tests.result: 0 failed, 0 error(s) of 56 tests when loading database 'odoo_ci_test' 
2026-04-11 14:17:34,029 1 INFO odoo_ci_test odoo.service.server: Initiating shutdown 
2026-04-11 14:17:34,029 1 INFO odoo_ci_test odoo.service.server: Hit CTRL-C again or send a second signal to force the shutdown. 
2026-04-11 14:17:34,421 1 INFO odoo_ci_test odoo.sql_db: ConnectionPool(read/write;used=0/count=0/max=64): Closed 2 connections  
