 Container sf_ci-ci-db-1  Running
Running as user 'root' is a security risk.
2026-04-12 12:32:55,278 1 WARNING ? odoo.tools.config: missing --http-interface/http_interface, using 0.0.0.0 by default, will change to 127.0.0.1 in 20.0 
2026-04-12 12:32:55,279 1 INFO ? odoo: Odoo version 19.0-20260324 
2026-04-12 12:32:55,279 1 INFO ? odoo: Using configuration file at /etc/odoo/odoo.conf 
2026-04-12 12:32:55,279 1 INFO ? odoo: addons paths: _NamespacePath(['/usr/lib/python3/dist-packages/odoo/addons', '/var/lib/odoo/addons/19.0', '/mnt/extra-addons', '/usr/lib/python3/dist-packages/addons']) 
2026-04-12 12:32:55,279 1 INFO ? odoo: database: odoo@ci-db:5432 
2026-04-12 12:32:55,552 1 INFO ? odoo.service.server: HTTP service (werkzeug) running on 1c1c80518ec8:8069 
2026-04-12 12:32:55,583 1 INFO odoo_ci_test odoo.tests.common: Importing test framework 
2026-04-12 12:32:55,611 1 INFO odoo_ci_test odoo.modules.loading: Initializing database odoo_ci_test 
2026-04-12 12:32:56,671 1 INFO odoo_ci_test odoo.modules.loading: loading 1 modules... 
2026-04-12 12:32:56,671 1 INFO odoo_ci_test odoo.modules.loading: Loading module base (1/1) 
2026-04-12 12:32:56,698 1 INFO odoo_ci_test odoo.registry: module base: creating or updating database tables 
2026-04-12 12:32:56,956 1 INFO odoo_ci_test odoo.models: Prepare computation of ir.module.module.menus_by_module 
2026-04-12 12:32:56,956 1 INFO odoo_ci_test odoo.models: Prepare computation of ir.module.module.reports_by_module 
2026-04-12 12:32:56,956 1 INFO odoo_ci_test odoo.models: Prepare computation of ir.module.module.views_by_module 
2026-04-12 12:32:57,034 1 INFO odoo_ci_test odoo.models: Prepare computation of res.partner.user_id 
2026-04-12 12:32:57,034 1 INFO odoo_ci_test odoo.models: Prepare computation of res.partner.commercial_partner_id 
2026-04-12 12:32:57,034 1 INFO odoo_ci_test odoo.models: Prepare computation of res.partner.complete_name 
2026-04-12 12:32:57,034 1 INFO odoo_ci_test odoo.models: Prepare computation of res.partner.lang 
2026-04-12 12:32:57,034 1 INFO odoo_ci_test odoo.models: Prepare computation of res.partner.company_registry 
2026-04-12 12:32:57,034 1 INFO odoo_ci_test odoo.models: Prepare computation of res.partner.commercial_company_name 
2026-04-12 12:32:57,034 1 INFO odoo_ci_test odoo.models: Prepare computation of res.partner.properties 
2026-04-12 12:32:57,034 1 INFO odoo_ci_test odoo.models: Prepare computation of res.partner.partner_share 
2026-04-12 12:32:57,059 1 INFO odoo_ci_test odoo.models: Prepare computation of res.currency.decimal_places 
2026-04-12 12:32:57,077 1 INFO odoo_ci_test odoo.models: Prepare computation of res.company.uses_default_logo 
2026-04-12 12:32:57,077 1 INFO odoo_ci_test odoo.models: Prepare computation of res.company.logo_web 
2026-04-12 12:32:57,079 1 INFO odoo_ci_test odoo.models: Computing parent_path for table res_company... 
2026-04-12 12:32:57,101 1 INFO odoo_ci_test odoo.models: Prepare computation of res.users.signature 
2026-04-12 12:32:57,101 1 INFO odoo_ci_test odoo.models: Prepare computation of res.users.share 
2026-04-12 12:32:58,362 1 INFO odoo_ci_test odoo.modules.loading: loading base/data/res_bank.xml 
2026-04-12 12:32:58,366 1 INFO odoo_ci_test odoo.modules.loading: loading base/data/res.lang.csv 
2026-04-12 12:32:58,404 1 INFO odoo_ci_test odoo.modules.loading: loading base/data/res_lang_data.xml 
2026-04-12 12:32:58,453 1 INFO odoo_ci_test odoo.modules.loading: loading base/data/res_partner_data.xml 
2026-04-12 12:32:58,497 1 INFO odoo_ci_test odoo.modules.loading: loading base/data/res_currency_data.xml 
2026-04-12 12:32:58,932 1 INFO odoo_ci_test odoo.modules.loading: loading base/data/res_company_data.xml 
2026-04-12 12:32:58,940 1 INFO odoo_ci_test odoo.modules.loading: loading base/data/res_users_data.xml 
2026-04-12 12:32:59,957 1 INFO odoo_ci_test odoo.modules.loading: loading base/data/report_paperformat_data.xml 
2026-04-12 12:32:59,964 1 INFO odoo_ci_test odoo.modules.loading: loading base/data/res_country_data.xml 
2026-04-12 12:33:00,489 1 INFO odoo_ci_test odoo.modules.loading: loading base/data/ir_demo_data.xml 
2026-04-12 12:33:00,501 1 INFO odoo_ci_test odoo.modules.loading: loading base/security/base_groups.xml 
2026-04-12 12:33:00,685 1 INFO odoo_ci_test odoo.modules.loading: loading base/security/base_security.xml 
2026-04-12 12:33:00,853 1 INFO odoo_ci_test odoo.modules.loading: loading base/wizard/wizard_ir_model_menu_create_views.xml 
2026-04-12 12:33:00,866 1 INFO odoo_ci_test odoo.modules.loading: loading base/views/base_menus.xml 
2026-04-12 12:33:00,937 1 INFO odoo_ci_test odoo.modules.loading: loading base/views/decimal_precision_views.xml 
2026-04-12 12:33:00,955 1 INFO odoo_ci_test odoo.modules.loading: loading base/views/res_config_views.xml 
2026-04-12 12:33:00,963 1 INFO odoo_ci_test odoo.modules.loading: loading base/data/res.country.state.csv 
2026-04-12 12:33:01,278 1 INFO odoo_ci_test odoo.modules.loading: loading base/views/ir_actions_views.xml 
2026-04-12 12:33:01,411 1 INFO odoo_ci_test odoo.modules.loading: loading base/views/ir_asset_views.xml 
2026-04-12 12:33:01,428 1 INFO odoo_ci_test odoo.modules.loading: loading base/views/ir_config_parameter_views.xml 
2026-04-12 12:33:01,445 1 INFO odoo_ci_test odoo.modules.loading: loading base/views/ir_cron_views.xml 
2026-04-12 12:33:01,476 1 INFO odoo_ci_test odoo.modules.loading: loading base/views/ir_cron_trigger_views.xml 
2026-04-12 12:33:01,492 1 INFO odoo_ci_test odoo.modules.loading: loading base/views/ir_filters_views.xml 
2026-04-12 12:33:01,514 1 INFO odoo_ci_test odoo.modules.loading: loading base/views/ir_mail_server_views.xml 
2026-04-12 12:33:01,534 1 INFO odoo_ci_test odoo.modules.loading: loading base/views/ir_model_views.xml 
2026-04-12 12:33:01,669 1 INFO odoo_ci_test odoo.modules.loading: loading base/views/ir_attachment_views.xml 
2026-04-12 12:33:01,689 1 INFO odoo_ci_test odoo.modules.loading: loading base/views/ir_rule_views.xml 
2026-04-12 12:33:01,708 1 INFO odoo_ci_test odoo.modules.loading: loading base/views/ir_sequence_views.xml 
2026-04-12 12:33:01,729 1 INFO odoo_ci_test odoo.modules.loading: loading base/views/ir_ui_menu_views.xml 
2026-04-12 12:33:01,749 1 INFO odoo_ci_test odoo.modules.loading: loading base/views/ir_ui_view_views.xml 
2026-04-12 12:33:01,796 1 INFO odoo_ci_test odoo.modules.loading: loading base/views/ir_default_views.xml 
2026-04-12 12:33:01,815 1 INFO odoo_ci_test odoo.modules.loading: loading base/data/ir_config_parameter_data.xml 
2026-04-12 12:33:01,818 1 INFO odoo_ci_test odoo.modules.loading: loading base/data/ir_cron_data.xml 
2026-04-12 12:33:01,830 1 INFO odoo_ci_test odoo.modules.loading: loading base/report/ir_model_report.xml 
2026-04-12 12:33:01,834 1 INFO odoo_ci_test odoo.modules.loading: loading base/report/ir_model_templates.xml 
2026-04-12 12:33:01,842 1 INFO odoo_ci_test odoo.modules.loading: loading base/views/ir_logging_views.xml 
2026-04-12 12:33:01,861 1 INFO odoo_ci_test odoo.modules.loading: loading base/views/ir_qweb_widget_templates.xml 
2026-04-12 12:33:01,875 1 INFO odoo_ci_test odoo.modules.loading: loading base/views/ir_module_views.xml 
2026-04-12 12:33:01,927 1 INFO odoo_ci_test odoo.modules.loading: loading base/data/ir_module_category_data.xml 
2026-04-12 12:33:01,964 1 INFO odoo_ci_test odoo.modules.loading: loading base/data/ir_module_module.xml 
2026-04-12 12:33:02,019 1 INFO odoo_ci_test odoo.modules.loading: loading base/report/ir_module_reports.xml 
2026-04-12 12:33:02,023 1 INFO odoo_ci_test odoo.modules.loading: loading base/report/ir_module_report_templates.xml 
2026-04-12 12:33:02,030 1 INFO odoo_ci_test odoo.modules.loading: loading base/wizard/base_module_update_views.xml 
2026-04-12 12:33:02,042 1 INFO odoo_ci_test odoo.modules.loading: loading base/wizard/base_language_install_views.xml 
2026-04-12 12:33:02,057 1 INFO odoo_ci_test odoo.modules.loading: loading base/wizard/base_import_language_views.xml 
2026-04-12 12:33:02,067 1 INFO odoo_ci_test odoo.modules.loading: loading base/wizard/base_module_upgrade_views.xml 
2026-04-12 12:33:02,083 1 INFO odoo_ci_test odoo.modules.loading: loading base/wizard/base_module_uninstall_views.xml 
2026-04-12 12:33:02,091 1 INFO odoo_ci_test odoo.modules.loading: loading base/wizard/base_export_language_views.xml 
2026-04-12 12:33:02,103 1 INFO odoo_ci_test odoo.modules.loading: loading base/wizard/base_partner_merge_views.xml 
2026-04-12 12:33:02,116 1 INFO odoo_ci_test odoo.modules.loading: loading base/data/ir_demo_failure_data.xml 
2026-04-12 12:33:02,132 1 INFO odoo_ci_test odoo.modules.loading: loading base/views/ir_profile_views.xml 
2026-04-12 12:33:02,153 1 INFO odoo_ci_test odoo.modules.loading: loading base/views/res_company_views.xml 
2026-04-12 12:33:02,173 1 INFO odoo_ci_test odoo.modules.loading: loading base/views/res_lang_views.xml 
2026-04-12 12:33:02,192 1 INFO odoo_ci_test odoo.modules.loading: loading base/views/res_partner_views.xml 
2026-04-12 12:33:02,276 1 INFO odoo_ci_test odoo.modules.loading: loading base/views/res_bank_views.xml 
2026-04-12 12:33:02,307 1 INFO odoo_ci_test odoo.modules.loading: loading base/views/res_country_views.xml 
2026-04-12 12:33:02,349 1 INFO odoo_ci_test odoo.modules.loading: loading base/views/res_currency_views.xml 
2026-04-12 12:33:02,386 1 INFO odoo_ci_test odoo.modules.loading: loading base/views/res_groups_views.xml 
2026-04-12 12:33:02,429 1 INFO odoo_ci_test odoo.modules.loading: loading base/views/res_users_views.xml 
2026-04-12 12:33:02,523 1 INFO odoo_ci_test odoo.modules.loading: loading base/views/res_users_apikeys_views.xml 
2026-04-12 12:33:02,531 1 INFO odoo_ci_test odoo.modules.loading: loading base/views/res_device_views.xml 
2026-04-12 12:33:02,554 1 INFO odoo_ci_test odoo.modules.loading: loading base/views/res_users_identitycheck_views.xml 
2026-04-12 12:33:02,562 1 INFO odoo_ci_test odoo.modules.loading: loading base/views/res_config_settings_views.xml 
2026-04-12 12:33:02,571 1 INFO odoo_ci_test odoo.modules.loading: loading base/views/report_paperformat_views.xml 
2026-04-12 12:33:02,597 1 INFO odoo_ci_test odoo.modules.loading: loading base/security/ir.model.access.csv 
2026-04-12 12:33:03,289 1 INFO odoo_ci_test odoo.modules.loading: Module base loaded in 6.62s, 8397 queries (+8397 other) 
2026-04-12 12:33:03,290 1 INFO odoo_ci_test odoo.modules.loading: 1 modules loaded in 6.62s, 8397 queries (+8397 extra) 
2026-04-12 12:33:03,293 1 INFO odoo_ci_test odoo.modules.loading: updating modules list 
2026-04-12 12:33:03,294 1 INFO odoo_ci_test odoo.addons.base.models.ir_module: ALLOW access to module.update_list on [] to user __system__ #1 via n/a 
2026-04-12 12:33:04,115 1 INFO odoo_ci_test odoo.addons.base.models.ir_module: ALLOW access to module.button_install on ['Sports Federation Tournament', 'Sports Federation Competition Engine', 'Sports Federation Venues'] to user __system__ #1 via n/a 
2026-04-12 12:33:04,192 1 INFO odoo_ci_test odoo.modules.loading: loading 33 modules... 
2026-04-12 12:33:04,192 1 INFO odoo_ci_test odoo.modules.loading: Loading module rpc (2/33) 
2026-04-12 12:33:04,207 1 INFO odoo_ci_test odoo.modules.loading: Module rpc loaded in 0.02s, 9 queries (+9 other) 
2026-04-12 12:33:04,207 1 INFO odoo_ci_test odoo.modules.loading: Loading module web (3/33) 
2026-04-12 12:33:04,241 1 INFO odoo_ci_test odoo.registry: module web: creating or updating database tables 
2026-04-12 12:33:04,669 1 INFO odoo_ci_test odoo.modules.loading: loading web/security/ir.model.access.csv 
2026-04-12 12:33:04,676 1 INFO odoo_ci_test odoo.modules.loading: loading web/security/web_security.xml 
2026-04-12 12:33:04,687 1 INFO odoo_ci_test odoo.modules.loading: loading web/views/webclient_templates.xml 
2026-04-12 12:33:04,737 1 INFO odoo_ci_test odoo.modules.loading: loading web/views/report_templates.xml 
2026-04-12 12:33:04,822 1 INFO odoo_ci_test odoo.modules.loading: loading web/views/base_document_layout_views.xml 
2026-04-12 12:33:04,837 1 INFO odoo_ci_test odoo.modules.loading: loading web/views/partner_view.xml 
2026-04-12 12:33:04,844 1 INFO odoo_ci_test odoo.modules.loading: loading web/views/speedscope_template.xml 
2026-04-12 12:33:04,849 1 INFO odoo_ci_test odoo.modules.loading: loading web/views/memory_template.xml 
2026-04-12 12:33:04,855 1 INFO odoo_ci_test odoo.modules.loading: loading web/views/speedscope_config_wizard.xml 
2026-04-12 12:33:04,861 1 INFO odoo_ci_test odoo.modules.loading: loading web/views/neutralize_views.xml 
2026-04-12 12:33:04,869 1 INFO odoo_ci_test odoo.modules.loading: loading web/views/ir_ui_view_views.xml 
2026-04-12 12:33:04,878 1 INFO odoo_ci_test odoo.modules.loading: loading web/data/ir_attachment.xml 
2026-04-12 12:33:04,883 1 INFO odoo_ci_test odoo.modules.loading: loading web/data/report_layout.xml 
2026-04-12 12:33:04,963 1 INFO odoo_ci_test odoo.modules.loading: Module web loaded in 0.76s, 1232 queries (+1232 other) 
2026-04-12 12:33:04,963 1 INFO odoo_ci_test odoo.modules.loading: Loading module api_doc (4/33) 
2026-04-12 12:33:04,969 1 INFO odoo_ci_test odoo.registry: module api_doc: creating or updating database tables 
2026-04-12 12:33:04,984 1 INFO odoo_ci_test odoo.modules.loading: loading api_doc/security/res_groups.xml 
2026-04-12 12:33:05,005 1 INFO odoo_ci_test odoo.modules.loading: loading api_doc/views/docclient.xml 
2026-04-12 12:33:05,035 1 INFO odoo_ci_test odoo.modules.loading: Module api_doc loaded in 0.07s, 63 queries (+63 other) 
2026-04-12 12:33:05,035 1 INFO odoo_ci_test odoo.modules.loading: Loading module auth_totp (5/33) 
2026-04-12 12:33:05,050 1 INFO odoo_ci_test odoo.registry: module auth_totp: creating or updating database tables 
2026-04-12 12:33:05,111 1 INFO odoo_ci_test odoo.modules.loading: loading auth_totp/security/security.xml 
2026-04-12 12:33:05,132 1 INFO odoo_ci_test odoo.modules.loading: loading auth_totp/security/ir.model.access.csv 
2026-04-12 12:33:05,139 1 INFO odoo_ci_test odoo.modules.loading: loading auth_totp/data/ir_action_data.xml 
2026-04-12 12:33:05,145 1 INFO odoo_ci_test odoo.modules.loading: loading auth_totp/views/res_users_views.xml 
2026-04-12 12:33:05,171 1 INFO odoo_ci_test odoo.modules.loading: loading auth_totp/views/templates.xml 
2026-04-12 12:33:05,176 1 INFO odoo_ci_test odoo.modules.loading: loading auth_totp/wizard/auth_totp_wizard_views.xml 
2026-04-12 12:33:05,206 1 INFO odoo_ci_test odoo.modules.loading: Module auth_totp loaded in 0.17s, 218 queries (+218 other) 
2026-04-12 12:33:05,206 1 INFO odoo_ci_test odoo.modules.loading: Loading module base_import (6/33) 
2026-04-12 12:33:05,240 1 INFO odoo_ci_test odoo.registry: module base_import: creating or updating database tables 
2026-04-12 12:33:05,661 1 INFO odoo_ci_test odoo.modules.loading: loading base_import/security/ir.model.access.csv 
2026-04-12 12:33:05,673 1 INFO odoo_ci_test odoo.modules.loading: Module base_import loaded in 0.47s, 956 queries (+956 other) 
2026-04-12 12:33:05,673 1 INFO odoo_ci_test odoo.modules.loading: Loading module base_import_module (7/33) 
2026-04-12 12:33:05,680 1 INFO odoo_ci_test odoo.registry: module base_import_module: creating or updating database tables 
2026-04-12 12:33:05,737 1 INFO odoo_ci_test odoo.modules.loading: loading base_import_module/security/ir.model.access.csv 
2026-04-12 12:33:05,742 1 INFO odoo_ci_test odoo.modules.loading: loading base_import_module/views/base_import_module_view.xml 
2026-04-12 12:33:05,760 1 INFO odoo_ci_test odoo.modules.loading: loading base_import_module/views/ir_module_views.xml 
2026-04-12 12:33:05,808 1 INFO odoo_ci_test odoo.modules.loading: Module base_import_module loaded in 0.14s, 172 queries (+172 other) 
2026-04-12 12:33:05,808 1 INFO odoo_ci_test odoo.modules.loading: Loading module base_setup (8/33) 
2026-04-12 12:33:05,816 1 INFO odoo_ci_test odoo.registry: module base_setup: creating or updating database tables 
2026-04-12 12:33:05,855 1 INFO odoo_ci_test odoo.modules.loading: loading base_setup/data/base_setup_data.xml 
2026-04-12 12:33:05,860 1 INFO odoo_ci_test odoo.modules.loading: loading base_setup/views/res_config_settings_views.xml 
2026-04-12 12:33:05,888 1 INFO odoo_ci_test odoo.modules.loading: loading base_setup/views/res_partner_views.xml 
2026-04-12 12:33:05,908 1 INFO odoo_ci_test odoo.modules.loading: Module base_setup loaded in 0.10s, 152 queries (+152 other) 
2026-04-12 12:33:05,908 1 INFO odoo_ci_test odoo.modules.loading: Loading module bus (9/33) 
2026-04-12 12:33:05,926 1 INFO odoo_ci_test odoo.registry: module bus: creating or updating database tables 
2026-04-12 12:33:06,006 1 INFO odoo_ci_test odoo.modules.loading: loading bus/security/ir.model.access.csv 
2026-04-12 12:33:06,033 1 INFO odoo_ci_test odoo.modules.loading: Module bus loaded in 0.12s, 152 queries (+152 other) 
2026-04-12 12:33:06,033 1 INFO odoo_ci_test odoo.modules.loading: Loading module web_tour (10/33) 
2026-04-12 12:33:06,040 1 INFO odoo_ci_test odoo.registry: module web_tour: creating or updating database tables 
2026-04-12 12:33:06,045 1 INFO odoo_ci_test odoo.models: Prepare computation of res.users.tour_enabled 
2026-04-12 12:33:06,108 1 INFO odoo_ci_test odoo.modules.loading: loading web_tour/security/ir.model.access.csv 
2026-04-12 12:33:06,115 1 INFO odoo_ci_test odoo.modules.loading: loading web_tour/views/tour_views.xml 
2026-04-12 12:33:06,153 1 INFO odoo_ci_test odoo.modules.loading: Module web_tour loaded in 0.12s, 180 queries (+180 other) 
2026-04-12 12:33:06,153 1 INFO odoo_ci_test odoo.modules.loading: Loading module auth_passkey (11/33) 
2026-04-12 12:33:06,196 1 INFO odoo_ci_test odoo.registry: module auth_passkey: creating or updating database tables 
2026-04-12 12:33:06,247 1 INFO odoo_ci_test odoo.modules.loading: loading auth_passkey/views/auth_passkey_key_views.xml 
2026-04-12 12:33:06,268 1 INFO odoo_ci_test odoo.modules.loading: loading auth_passkey/views/auth_passkey_login_templates.xml 
2026-04-12 12:33:06,282 1 INFO odoo_ci_test odoo.modules.loading: loading auth_passkey/views/res_users_identitycheck_views.xml 
2026-04-12 12:33:06,291 1 INFO odoo_ci_test odoo.modules.loading: loading auth_passkey/views/res_users_views.xml 
2026-04-12 12:33:06,308 1 INFO odoo_ci_test odoo.modules.loading: loading auth_passkey/security/ir.model.access.csv 
2026-04-12 12:33:06,316 1 INFO odoo_ci_test odoo.modules.loading: loading auth_passkey/security/security.xml 
2026-04-12 12:33:06,343 1 INFO odoo_ci_test odoo.modules.loading: Module auth_passkey loaded in 0.19s, 218 queries (+218 other) 
2026-04-12 12:33:06,343 1 INFO odoo_ci_test odoo.modules.loading: Loading module html_editor (12/33) 
2026-04-12 12:33:06,574 1 INFO odoo_ci_test odoo.registry: module html_editor: creating or updating database tables 
2026-04-12 12:33:07,048 1 INFO odoo_ci_test odoo.modules.loading: loading html_editor/security/ir.model.access.csv 
2026-04-12 12:33:07,064 1 INFO odoo_ci_test odoo.modules.loading: Module html_editor loaded in 0.72s, 1034 queries (+1034 other) 
2026-04-12 12:33:07,064 1 INFO odoo_ci_test odoo.modules.loading: Loading module iap (13/33) 
2026-04-12 12:33:07,068 1 INFO odoo_ci_test odoo.registry: module iap: creating or updating database tables 
2026-04-12 12:33:07,121 1 INFO odoo_ci_test odoo.modules.loading: loading iap/data/services.xml 
2026-04-12 12:33:07,125 1 INFO odoo_ci_test odoo.modules.loading: loading iap/security/ir.model.access.csv 
2026-04-12 12:33:07,132 1 INFO odoo_ci_test odoo.modules.loading: loading iap/security/ir_rule.xml 
2026-04-12 12:33:07,138 1 INFO odoo_ci_test odoo.modules.loading: loading iap/views/iap_views.xml 
2026-04-12 12:33:07,161 1 INFO odoo_ci_test odoo.modules.loading: loading iap/views/res_config_settings.xml 
2026-04-12 12:33:07,182 1 INFO odoo_ci_test odoo.modules.loading: Module iap loaded in 0.12s, 182 queries (+182 other) 
2026-04-12 12:33:07,182 1 INFO odoo_ci_test odoo.modules.loading: Loading module mail (14/33) 
2026-04-12 12:33:07,243 1 INFO odoo_ci_test odoo.registry: module mail: creating or updating database tables 
2026-04-12 12:33:07,406 1 INFO odoo_ci_test odoo.models: Prepare computation of ir.actions.server.partner_ids 
2026-04-12 12:33:07,406 1 INFO odoo_ci_test odoo.models: Prepare computation of ir.actions.server.activity_user_id 
2026-04-12 12:33:07,409 1 INFO odoo_ci_test odoo.models: Prepare computation of ir.actions.server.activity_type_id 
2026-04-12 12:33:07,409 1 INFO odoo_ci_test odoo.models: Prepare computation of ir.actions.server.template_id 
2026-04-12 12:33:07,409 1 INFO odoo_ci_test odoo.models: Prepare computation of ir.actions.server.activity_date_deadline_range 
2026-04-12 12:33:07,409 1 INFO odoo_ci_test odoo.models: Prepare computation of ir.actions.server.activity_summary 
2026-04-12 12:33:07,409 1 INFO odoo_ci_test odoo.models: Prepare computation of ir.actions.server.followers_type 
2026-04-12 12:33:07,409 1 INFO odoo_ci_test odoo.models: Prepare computation of ir.actions.server.followers_partner_field_name 
2026-04-12 12:33:07,410 1 INFO odoo_ci_test odoo.models: Prepare computation of ir.actions.server.mail_post_method 
2026-04-12 12:33:07,410 1 INFO odoo_ci_test odoo.models: Prepare computation of ir.actions.server.activity_date_deadline_range_type 
2026-04-12 12:33:07,410 1 INFO odoo_ci_test odoo.models: Prepare computation of ir.actions.server.activity_user_type 
2026-04-12 12:33:07,410 1 INFO odoo_ci_test odoo.models: Prepare computation of ir.actions.server.activity_user_field_name 
2026-04-12 12:33:07,410 1 INFO odoo_ci_test odoo.models: Prepare computation of ir.actions.server.activity_note 
2026-04-12 12:33:07,410 1 INFO odoo_ci_test odoo.models: Prepare computation of ir.actions.server.mail_post_autofollow 
2026-04-12 12:33:07,467 1 INFO odoo_ci_test odoo.models: Prepare computation of res.users.notification_type 
2026-04-12 12:33:07,518 1 INFO odoo_ci_test odoo.models: Prepare computation of res.partner.email_normalized 
<string>:38: (ERROR/3) Unexpected indentation.
<string>:43: (WARNING/2) Block quote ends without a blank line; unexpected unindent.
2026-04-12 12:33:08,764 1 INFO odoo_ci_test odoo.modules.loading: loading mail/data/mail_groups.xml 
2026-04-12 12:33:08,786 1 INFO odoo_ci_test odoo.modules.loading: loading mail/wizard/mail_activity_schedule_views.xml 
2026-04-12 12:33:08,798 1 INFO odoo_ci_test odoo.modules.loading: loading mail/wizard/mail_blacklist_remove_views.xml 
2026-04-12 12:33:08,805 1 INFO odoo_ci_test odoo.modules.loading: loading mail/wizard/mail_compose_message_views.xml 
2026-04-12 12:33:08,823 1 INFO odoo_ci_test odoo.modules.loading: loading mail/wizard/mail_template_preview_views.xml 
2026-04-12 12:33:08,833 1 INFO odoo_ci_test odoo.modules.loading: loading mail/wizard/mail_followers_edit_views.xml 
2026-04-12 12:33:08,845 1 INFO odoo_ci_test odoo.modules.loading: loading mail/wizard/mail_template_reset_views.xml 
2026-04-12 12:33:08,854 1 INFO odoo_ci_test odoo.modules.loading: loading mail/views/fetchmail_views.xml 
2026-04-12 12:33:08,872 1 INFO odoo_ci_test odoo.modules.loading: loading mail/views/ir_cron_views.xml 
2026-04-12 12:33:08,883 1 INFO odoo_ci_test odoo.modules.loading: loading mail/views/ir_filters_views.xml 
2026-04-12 12:33:08,899 1 INFO odoo_ci_test odoo.modules.loading: loading mail/views/ir_mail_server_views.xml 
2026-04-12 12:33:08,909 1 INFO odoo_ci_test odoo.modules.loading: loading mail/views/mail_message_subtype_views.xml 
2026-04-12 12:33:08,923 1 INFO odoo_ci_test odoo.modules.loading: loading mail/views/mail_tracking_value_views.xml 
2026-04-12 12:33:08,936 1 INFO odoo_ci_test odoo.modules.loading: loading mail/views/mail_notification_views.xml 
2026-04-12 12:33:08,948 1 INFO odoo_ci_test odoo.modules.loading: loading mail/views/mail_message_views.xml 
2026-04-12 12:33:08,976 1 INFO odoo_ci_test odoo.modules.loading: loading mail/views/mail_message_schedule_views.xml 
2026-04-12 12:33:08,990 1 INFO odoo_ci_test odoo.modules.loading: loading mail/views/mail_mail_views.xml 
2026-04-12 12:33:09,014 1 INFO odoo_ci_test odoo.modules.loading: loading mail/views/mail_followers_views.xml 
2026-04-12 12:33:09,026 1 INFO odoo_ci_test odoo.modules.loading: loading mail/views/mail_ice_server_views.xml 
2026-04-12 12:33:09,045 1 INFO odoo_ci_test odoo.modules.loading: loading mail/views/discuss_channel_member_views.xml 
2026-04-12 12:33:09,057 1 INFO odoo_ci_test odoo.modules.loading: loading mail/views/discuss_channel_rtc_session_views.xml 
2026-04-12 12:33:09,073 1 INFO odoo_ci_test odoo.modules.loading: loading mail/views/mail_link_preview_views.xml 
2026-04-12 12:33:09,090 1 INFO odoo_ci_test odoo.modules.loading: loading mail/views/discuss/discuss_gif_favorite_views.xml 
2026-04-12 12:33:09,101 1 INFO odoo_ci_test odoo.modules.loading: loading mail/views/discuss_channel_views.xml 
2026-04-12 12:33:09,132 1 INFO odoo_ci_test odoo.modules.loading: loading mail/views/mail_canned_response_views.xml 
2026-04-12 12:33:09,155 1 INFO odoo_ci_test odoo.modules.loading: loading mail/views/res_role_views.xml 
2026-04-12 12:33:09,171 1 INFO odoo_ci_test odoo.modules.loading: loading mail/views/mail_activity_views.xml 
2026-04-12 12:33:09,263 1 INFO odoo_ci_test odoo.modules.loading: loading mail/views/mail_activity_plan_views.xml 
2026-04-12 12:33:09,302 1 INFO odoo_ci_test odoo.modules.loading: loading mail/views/mail_activity_plan_template_views.xml 
2026-04-12 12:33:09,312 1 INFO odoo_ci_test odoo.modules.loading: loading mail/views/res_config_settings_views.xml 
2026-04-12 12:33:09,335 1 INFO odoo_ci_test odoo.modules.loading: loading mail/data/ir_config_parameter_data.xml 
2026-04-12 12:33:09,341 1 INFO odoo_ci_test odoo.modules.loading: loading mail/data/res_partner_data.xml 
2026-04-12 12:33:09,406 1 INFO odoo_ci_test odoo.modules.loading: loading mail/data/mail_message_subtype_data.xml 
2026-04-12 12:33:09,414 1 INFO odoo_ci_test odoo.modules.loading: loading mail/data/mail_templates_chatter.xml 
2026-04-12 12:33:09,434 1 INFO odoo_ci_test odoo.modules.loading: loading mail/data/mail_templates_email_layouts.xml 
2026-04-12 12:33:09,454 1 INFO odoo_ci_test odoo.modules.loading: loading mail/data/mail_templates_mailgateway.xml 
2026-04-12 12:33:09,471 1 INFO odoo_ci_test odoo.modules.loading: loading mail/data/discuss_channel_data.xml 
2026-04-12 12:33:09,508 1 INFO odoo_ci_test odoo.modules.loading: loading mail/data/mail_activity_type_data.xml 
2026-04-12 12:33:09,520 1 INFO odoo_ci_test odoo.modules.loading: loading mail/data/security_notifications_templates.xml 
2026-04-12 12:33:09,525 1 INFO odoo_ci_test odoo.modules.loading: loading mail/data/ir_cron_data.xml 
2026-04-12 12:33:09,621 1 INFO odoo_ci_test odoo.modules.loading: loading mail/data/ir_actions_client.xml 
2026-04-12 12:33:09,626 1 INFO odoo_ci_test odoo.modules.loading: loading mail/security/mail_security.xml 
2026-04-12 12:33:09,763 1 INFO odoo_ci_test odoo.modules.loading: loading mail/security/ir.model.access.csv 
2026-04-12 12:33:09,804 1 INFO odoo_ci_test odoo.modules.loading: loading mail/views/discuss_public_templates.xml 
2026-04-12 12:33:09,809 1 INFO odoo_ci_test odoo.modules.loading: loading mail/views/mail_alias_domain_views.xml 
2026-04-12 12:33:09,825 1 INFO odoo_ci_test odoo.modules.loading: loading mail/views/mail_alias_views.xml 
2026-04-12 12:33:09,843 1 INFO odoo_ci_test odoo.modules.loading: loading mail/views/mail_gateway_allowed_views.xml 
2026-04-12 12:33:09,854 1 INFO odoo_ci_test odoo.modules.loading: loading mail/views/mail_guest_views.xml 
2026-04-12 12:33:09,866 1 INFO odoo_ci_test odoo.modules.loading: loading mail/views/mail_message_reaction_views.xml 
2026-04-12 12:33:09,879 1 INFO odoo_ci_test odoo.modules.loading: loading mail/views/mail_templates_public.xml 
2026-04-12 12:33:09,888 1 INFO odoo_ci_test odoo.modules.loading: loading mail/views/res_users_views.xml 
2026-04-12 12:33:09,913 1 INFO odoo_ci_test odoo.modules.loading: loading mail/views/res_users_settings_views.xml 
2026-04-12 12:33:09,928 1 INFO odoo_ci_test odoo.modules.loading: loading mail/views/mail_template_views.xml 
2026-04-12 12:33:09,948 1 INFO odoo_ci_test odoo.modules.loading: loading mail/views/ir_actions_server_views.xml 
2026-04-12 12:33:09,965 1 INFO odoo_ci_test odoo.modules.loading: loading mail/views/ir_model_views.xml 
2026-04-12 12:33:09,995 1 INFO odoo_ci_test odoo.modules.loading: loading mail/views/res_partner_views.xml 
2026-04-12 12:33:10,049 1 INFO odoo_ci_test odoo.modules.loading: loading mail/views/mail_blacklist_views.xml 
2026-04-12 12:33:10,066 1 INFO odoo_ci_test odoo.modules.loading: loading mail/views/mail_menus.xml 
2026-04-12 12:33:10,189 1 INFO odoo_ci_test odoo.modules.loading: loading mail/views/discuss/discuss_menus.xml 
2026-04-12 12:33:10,193 1 INFO odoo_ci_test odoo.modules.loading: loading mail/views/discuss/discuss_call_history_views.xml 
2026-04-12 12:33:10,208 1 INFO odoo_ci_test odoo.modules.loading: loading mail/views/res_company_views.xml 
2026-04-12 12:33:10,219 1 INFO odoo_ci_test odoo.modules.loading: loading mail/views/mail_scheduled_message_views.xml 
2026-04-12 12:33:10,226 1 INFO odoo_ci_test odoo.modules.loading: loading mail/data/mail_canned_response_data.xml 
2026-04-12 12:33:10,234 1 INFO odoo_ci_test odoo.modules.loading: loading mail/data/mail_templates_invite.xml 
2026-04-12 12:33:10,246 1 INFO odoo_ci_test odoo.modules.loading: loading mail/data/web_tour_tour.xml 
2026-04-12 12:33:10,435 1 INFO odoo_ci_test odoo.modules.loading: Module mail loaded in 3.25s, 4978 queries (+4979 other) 
2026-04-12 12:33:10,435 1 INFO odoo_ci_test odoo.modules.loading: Loading module web_unsplash (15/33) 
2026-04-12 12:33:10,448 1 INFO odoo_ci_test odoo.registry: module web_unsplash: creating or updating database tables 
2026-04-12 12:33:10,495 1 INFO odoo_ci_test odoo.modules.loading: loading web_unsplash/views/res_config_settings_view.xml 
2026-04-12 12:33:10,527 1 INFO odoo_ci_test odoo.modules.loading: Module web_unsplash loaded in 0.09s, 112 queries (+112 other) 
2026-04-12 12:33:10,527 1 INFO odoo_ci_test odoo.modules.loading: Loading module auth_signup (16/33) 
2026-04-12 12:33:10,540 1 INFO odoo_ci_test odoo.registry: module auth_signup: creating or updating database tables 
2026-04-12 12:33:10,604 1 INFO odoo_ci_test odoo.modules.loading: loading auth_signup/data/ir_config_parameter_data.xml 
2026-04-12 12:33:10,608 1 INFO odoo_ci_test odoo.modules.loading: loading auth_signup/data/ir_cron_data.xml 
2026-04-12 12:33:10,631 1 INFO odoo_ci_test odoo.modules.loading: loading auth_signup/data/mail_template_data.xml 
2026-04-12 12:33:10,708 1 INFO odoo_ci_test odoo.modules.loading: loading auth_signup/views/res_config_settings_views.xml 
2026-04-12 12:33:10,722 1 INFO odoo_ci_test odoo.modules.loading: loading auth_signup/views/res_users_views.xml 
2026-04-12 12:33:10,746 1 INFO odoo_ci_test odoo.modules.loading: loading auth_signup/views/auth_signup_login_templates.xml 
2026-04-12 12:33:10,765 1 INFO odoo_ci_test odoo.modules.loading: loading auth_signup/views/auth_signup_templates_email.xml 
2026-04-12 12:33:10,771 1 INFO odoo_ci_test odoo.modules.loading: loading auth_signup/views/webclient_templates.xml 
2026-04-12 12:33:10,808 1 INFO odoo_ci_test odoo.modules.loading: Module auth_signup loaded in 0.28s, 255 queries (+255 other) 
2026-04-12 12:33:10,808 1 INFO odoo_ci_test odoo.modules.loading: Loading module auth_totp_mail (17/33) 
2026-04-12 12:33:10,819 1 INFO odoo_ci_test odoo.registry: module auth_totp_mail: creating or updating database tables 
2026-04-12 12:33:10,858 1 INFO odoo_ci_test odoo.modules.loading: loading auth_totp_mail/data/ir_action_data.xml 
2026-04-12 12:33:10,881 1 INFO odoo_ci_test odoo.modules.loading: loading auth_totp_mail/data/mail_template_data.xml 
2026-04-12 12:33:10,940 1 INFO odoo_ci_test odoo.modules.loading: loading auth_totp_mail/data/security_notifications_template.xml 
2026-04-12 12:33:10,948 1 INFO odoo_ci_test odoo.modules.loading: loading auth_totp_mail/views/res_config_settings_views.xml 
2026-04-12 12:33:10,964 1 INFO odoo_ci_test odoo.modules.loading: loading auth_totp_mail/views/res_users_views.xml 
2026-04-12 12:33:10,983 1 INFO odoo_ci_test odoo.modules.loading: loading auth_totp_mail/views/templates.xml 
2026-04-12 12:33:11,021 1 INFO odoo_ci_test odoo.modules.loading: Module auth_totp_mail loaded in 0.21s, 189 queries (+189 other) 
2026-04-12 12:33:11,021 1 INFO odoo_ci_test odoo.modules.loading: Loading module base_install_request (18/33) 
2026-04-12 12:33:11,026 1 INFO odoo_ci_test odoo.registry: module base_install_request: creating or updating database tables 
2026-04-12 12:33:11,078 1 INFO odoo_ci_test odoo.modules.loading: loading base_install_request/security/ir.model.access.csv 
2026-04-12 12:33:11,087 1 INFO odoo_ci_test odoo.modules.loading: loading base_install_request/wizard/base_module_install_request_views.xml 
2026-04-12 12:33:11,104 1 INFO odoo_ci_test odoo.modules.loading: loading base_install_request/data/mail_template_data.xml 
2026-04-12 12:33:11,110 1 INFO odoo_ci_test odoo.modules.loading: loading base_install_request/data/mail_templates_module_install.xml 
2026-04-12 12:33:11,114 1 INFO odoo_ci_test odoo.modules.loading: loading base_install_request/views/ir_module_module_views.xml 
2026-04-12 12:33:11,136 1 INFO odoo_ci_test odoo.modules.loading: Module base_install_request loaded in 0.12s, 154 queries (+154 other) 
2026-04-12 12:33:11,136 1 INFO odoo_ci_test odoo.modules.loading: Loading module google_gmail (19/33) 
2026-04-12 12:33:11,148 1 INFO odoo_ci_test odoo.registry: module google_gmail: creating or updating database tables 
2026-04-12 12:33:11,200 1 INFO odoo_ci_test odoo.modules.loading: loading google_gmail/views/fetchmail_server_views.xml 
2026-04-12 12:33:11,215 1 INFO odoo_ci_test odoo.modules.loading: loading google_gmail/views/ir_mail_server_views.xml 
2026-04-12 12:33:11,225 1 INFO odoo_ci_test odoo.modules.loading: loading google_gmail/views/res_config_settings_views.xml 
2026-04-12 12:33:11,245 1 INFO odoo_ci_test odoo.modules.loading: loading google_gmail/views/templates.xml 
2026-04-12 12:33:11,271 1 INFO odoo_ci_test odoo.modules.loading: Module google_gmail loaded in 0.14s, 155 queries (+155 other) 
2026-04-12 12:33:11,271 1 INFO odoo_ci_test odoo.modules.loading: Loading module iap_mail (20/33) 
2026-04-12 12:33:11,276 1 INFO odoo_ci_test odoo.registry: module iap_mail: creating or updating database tables 
2026-04-12 12:33:11,303 1 INFO odoo_ci_test odoo.modules.loading: loading iap_mail/data/mail_templates.xml 
2026-04-12 12:33:11,339 1 INFO odoo_ci_test odoo.modules.loading: loading iap_mail/views/iap_views.xml 
2026-04-12 12:33:11,357 1 INFO odoo_ci_test odoo.modules.loading: Module iap_mail loaded in 0.09s, 70 queries (+70 other) 
2026-04-12 12:33:11,357 1 INFO odoo_ci_test odoo.modules.loading: Loading module mail_bot (21/33) 
2026-04-12 12:33:11,367 1 INFO odoo_ci_test odoo.registry: module mail_bot: creating or updating database tables 
2026-04-12 12:33:11,407 1 INFO odoo_ci_test odoo.modules.loading: loading mail_bot/views/res_users_views.xml 
2026-04-12 12:33:11,425 1 INFO odoo_ci_test odoo.modules.loading: loading mail_bot/data/mailbot_data.xml 
2026-04-12 12:33:11,436 1 INFO odoo_ci_test odoo.modules.loading: Module mail_bot loaded in 0.08s, 109 queries (+109 other) 
2026-04-12 12:33:11,437 1 INFO odoo_ci_test odoo.modules.loading: Loading module microsoft_outlook (22/33) 
2026-04-12 12:33:11,449 1 INFO odoo_ci_test odoo.registry: module microsoft_outlook: creating or updating database tables 
2026-04-12 12:33:11,501 1 INFO odoo_ci_test odoo.modules.loading: loading microsoft_outlook/views/fetchmail_server_views.xml 
2026-04-12 12:33:11,516 1 INFO odoo_ci_test odoo.modules.loading: loading microsoft_outlook/views/ir_mail_server_views.xml 
2026-04-12 12:33:11,527 1 INFO odoo_ci_test odoo.modules.loading: loading microsoft_outlook/views/res_config_settings_views.xml 
2026-04-12 12:33:11,547 1 INFO odoo_ci_test odoo.modules.loading: loading microsoft_outlook/views/templates.xml 
2026-04-12 12:33:11,564 1 INFO odoo_ci_test odoo.modules.loading: Module microsoft_outlook loaded in 0.13s, 158 queries (+158 other) 
2026-04-12 12:33:11,565 1 INFO odoo_ci_test odoo.modules.loading: Loading module phone_validation (23/33) 
2026-04-12 12:33:11,655 1 INFO odoo_ci_test odoo.registry: module phone_validation: creating or updating database tables 
2026-04-12 12:33:11,665 1 INFO odoo_ci_test odoo.models: Prepare computation of res.partner.phone_sanitized 
2026-04-12 12:33:12,346 1 INFO odoo_ci_test odoo.modules.loading: loading phone_validation/security/ir.model.access.csv 
2026-04-12 12:33:12,353 1 INFO odoo_ci_test odoo.modules.loading: loading phone_validation/views/phone_blacklist_views.xml 
2026-04-12 12:33:12,381 1 INFO odoo_ci_test odoo.modules.loading: loading phone_validation/views/res_partner_views.xml 
2026-04-12 12:33:12,392 1 INFO odoo_ci_test odoo.modules.loading: loading phone_validation/wizard/phone_blacklist_remove_view.xml 
2026-04-12 12:33:12,422 1 INFO odoo_ci_test odoo.modules.loading: Module phone_validation loaded in 0.86s, 1627 queries (+1627 other) 
2026-04-12 12:33:12,423 1 INFO odoo_ci_test odoo.modules.loading: Loading module privacy_lookup (24/33) 
2026-04-12 12:33:12,437 1 INFO odoo_ci_test odoo.registry: module privacy_lookup: creating or updating database tables 
2026-04-12 12:33:12,530 1 INFO odoo_ci_test odoo.modules.loading: loading privacy_lookup/wizard/privacy_lookup_wizard_views.xml 
2026-04-12 12:33:12,578 1 INFO odoo_ci_test odoo.modules.loading: loading privacy_lookup/views/privacy_log_views.xml 
2026-04-12 12:33:12,598 1 INFO odoo_ci_test odoo.modules.loading: loading privacy_lookup/security/ir.model.access.csv 
2026-04-12 12:33:12,614 1 INFO odoo_ci_test odoo.modules.loading: loading privacy_lookup/data/ir_actions_server_data.xml 
2026-04-12 12:33:12,665 1 INFO odoo_ci_test odoo.modules.loading: Module privacy_lookup loaded in 0.24s, 293 queries (+293 other) 
2026-04-12 12:33:12,665 1 INFO odoo_ci_test odoo.modules.loading: Loading module sports_federation_base (25/33) 
2026-04-12 12:33:12,674 1 INFO odoo_ci_test odoo.registry: module sports_federation_base: creating or updating database tables 
<string>:26: (WARNING/2) Line block ends without a blank line.
<string>:44: (WARNING/2) Line block ends without a blank line.
<string>:58: (WARNING/2) Line block ends without a blank line.
<string>:73: (WARNING/2) Line block ends without a blank line.
<string>:93: (WARNING/2) Line block ends without a blank line.
<string>:26: (ERROR/3) Undefined substitution referenced: "-------".
<string>:26: (ERROR/3) Undefined substitution referenced: "-------------".
<string>:44: (ERROR/3) Undefined substitution referenced: "-------".
<string>:44: (ERROR/3) Undefined substitution referenced: "-------------".
<string>:58: (ERROR/3) Undefined substitution referenced: "-------".
<string>:58: (ERROR/3) Undefined substitution referenced: "-------------".
<string>:73: (ERROR/3) Undefined substitution referenced: "-------".
<string>:73: (ERROR/3) Undefined substitution referenced: "-------------".
<string>:93: (ERROR/3) Undefined substitution referenced: "-------".
<string>:93: (ERROR/3) Undefined substitution referenced: "-------------".
2026-04-12 12:33:12,797 1 INFO odoo_ci_test odoo.modules.loading: loading sports_federation_base/security/res_groups.xml 
2026-04-12 12:33:12,821 1 INFO odoo_ci_test odoo.modules.loading: loading sports_federation_base/security/ir.model.access.csv 
2026-04-12 12:33:12,838 1 INFO odoo_ci_test odoo.modules.loading: loading sports_federation_base/data/ir_sequence.xml 
2026-04-12 12:33:12,842 1 INFO odoo_ci_test odoo.modules.loading: loading sports_federation_base/views/federation_season_registration_views.xml 
2026-04-12 12:33:12,859 1 INFO odoo_ci_test odoo.modules.loading: loading sports_federation_base/views/federation_season_views.xml 
2026-04-12 12:33:12,875 1 INFO odoo_ci_test odoo.modules.loading: loading sports_federation_base/views/federation_team_views.xml 
2026-04-12 12:33:12,892 1 INFO odoo_ci_test odoo.modules.loading: loading sports_federation_base/views/federation_club_views.xml 
2026-04-12 12:33:12,909 1 INFO odoo_ci_test odoo.modules.loading: loading sports_federation_base/views/menu_items.xml 
2026-04-12 12:33:12,939 1 INFO odoo_ci_test odoo.modules.loading: Module sports_federation_base loaded in 0.27s, 334 queries (+334 other) 
2026-04-12 12:33:12,939 1 INFO odoo_ci_test odoo.modules.loading: Loading module partner_autocomplete (26/33) 
2026-04-12 12:33:12,959 1 INFO odoo_ci_test odoo.registry: module partner_autocomplete: creating or updating database tables 
2026-04-12 12:33:13,036 1 INFO odoo_ci_test odoo.modules.loading: loading partner_autocomplete/views/res_company_views.xml 
2026-04-12 12:33:13,052 1 INFO odoo_ci_test odoo.modules.loading: loading partner_autocomplete/views/res_config_settings_views.xml 
2026-04-12 12:33:13,067 1 INFO odoo_ci_test odoo.modules.loading: loading partner_autocomplete/data/iap_service_data.xml 
2026-04-12 12:33:13,090 1 INFO odoo_ci_test odoo.modules.loading: Module partner_autocomplete loaded in 0.15s, 141 queries (+141 other) 
2026-04-12 12:33:13,090 1 INFO odoo_ci_test odoo.modules.loading: Loading module sms (27/33) 
2026-04-12 12:33:13,179 1 INFO odoo_ci_test odoo.registry: module sms: creating or updating database tables 
2026-04-12 12:33:13,188 1 INFO odoo_ci_test odoo.models: Prepare computation of ir.actions.server.sms_template_id 
2026-04-12 12:33:13,189 1 INFO odoo_ci_test odoo.models: Prepare computation of ir.actions.server.sms_method 
2026-04-12 12:33:14,057 1 INFO odoo_ci_test odoo.modules.loading: loading sms/data/iap_service_data.xml 
2026-04-12 12:33:14,062 1 INFO odoo_ci_test odoo.modules.loading: loading sms/data/ir_cron_data.xml 
2026-04-12 12:33:14,083 1 INFO odoo_ci_test odoo.modules.loading: loading sms/wizard/sms_account_code_views.xml 
2026-04-12 12:33:14,094 1 INFO odoo_ci_test odoo.modules.loading: loading sms/wizard/sms_account_phone_views.xml 
2026-04-12 12:33:14,100 1 INFO odoo_ci_test odoo.modules.loading: loading sms/wizard/sms_account_sender_views.xml 
2026-04-12 12:33:14,106 1 INFO odoo_ci_test odoo.modules.loading: loading sms/wizard/sms_composer_views.xml 
2026-04-12 12:33:14,117 1 INFO odoo_ci_test odoo.modules.loading: loading sms/wizard/sms_template_preview_views.xml 
2026-04-12 12:33:14,125 1 INFO odoo_ci_test odoo.modules.loading: loading sms/wizard/sms_template_reset_views.xml 
2026-04-12 12:33:14,134 1 INFO odoo_ci_test odoo.modules.loading: loading sms/views/ir_actions_server_views.xml 
2026-04-12 12:33:14,150 1 INFO odoo_ci_test odoo.modules.loading: loading sms/views/mail_notification_views.xml 
2026-04-12 12:33:14,164 1 INFO odoo_ci_test odoo.modules.loading: loading sms/views/res_config_settings_views.xml 
2026-04-12 12:33:14,179 1 INFO odoo_ci_test odoo.modules.loading: loading sms/views/res_partner_views.xml 
2026-04-12 12:33:14,195 1 INFO odoo_ci_test odoo.modules.loading: loading sms/views/iap_account_views.xml 
2026-04-12 12:33:14,206 1 INFO odoo_ci_test odoo.modules.loading: loading sms/views/sms_sms_views.xml 
2026-04-12 12:33:14,232 1 INFO odoo_ci_test odoo.modules.loading: loading sms/views/sms_template_views.xml 
2026-04-12 12:33:14,252 1 INFO odoo_ci_test odoo.modules.loading: loading sms/security/ir.model.access.csv 
2026-04-12 12:33:14,274 1 INFO odoo_ci_test odoo.modules.loading: loading sms/security/sms_security.xml 
2026-04-12 12:33:14,325 1 INFO odoo_ci_test odoo.modules.loading: Module sms loaded in 1.23s, 2074 queries (+2074 other) 
2026-04-12 12:33:14,325 1 INFO odoo_ci_test odoo.modules.loading: Loading module snailmail (28/33) 
2026-04-12 12:33:14,434 1 INFO odoo_ci_test odoo.registry: module snailmail: creating or updating database tables 
2026-04-12 12:33:14,629 1 INFO odoo_ci_test odoo.modules.loading: loading snailmail/data/iap_service_data.xml 
2026-04-12 12:33:14,633 1 INFO odoo_ci_test odoo.modules.loading: loading snailmail/data/snailmail_data.xml 
2026-04-12 12:33:14,655 1 INFO odoo_ci_test odoo.modules.loading: loading snailmail/views/report_assets.xml 
2026-04-12 12:33:14,668 1 INFO odoo_ci_test odoo.modules.loading: loading snailmail/views/snailmail_views.xml 
2026-04-12 12:33:14,687 1 INFO odoo_ci_test odoo.modules.loading: loading snailmail/security/ir.model.access.csv 
2026-04-12 12:33:14,720 1 INFO odoo_ci_test odoo.modules.loading: Module snailmail loaded in 0.39s, 449 queries (+449 other) 
2026-04-12 12:33:14,720 1 INFO odoo_ci_test odoo.modules.loading: Loading module sports_federation_rules (29/33) 
2026-04-12 12:33:14,729 1 INFO odoo_ci_test odoo.registry: module sports_federation_rules: creating or updating database tables 
<string>:17: (WARNING/2) Line block ends without a blank line.
<string>:28: (WARNING/2) Line block ends without a blank line.
<string>:45: (WARNING/2) Line block ends without a blank line.
<string>:57: (WARNING/2) Line block ends without a blank line.
<string>:69: (WARNING/2) Line block ends without a blank line.
<string>:83: (WARNING/2) Line block ends without a blank line.
<string>:98: (WARNING/2) Line block ends without a blank line.
<string>:17: (ERROR/3) Undefined substitution referenced: "--------".
<string>:28: (ERROR/3) Undefined substitution referenced: "-------".
<string>:28: (ERROR/3) Undefined substitution referenced: "-------------".
<string>:45: (ERROR/3) Undefined substitution referenced: "-------".
<string>:45: (ERROR/3) Undefined substitution referenced: "-------------".
<string>:57: (ERROR/3) Undefined substitution referenced: "-------".
<string>:57: (ERROR/3) Undefined substitution referenced: "-------------".
<string>:69: (ERROR/3) Undefined substitution referenced: "-------".
<string>:69: (ERROR/3) Undefined substitution referenced: "-------------".
<string>:83: (ERROR/3) Undefined substitution referenced: "-------".
<string>:83: (ERROR/3) Undefined substitution referenced: "-------------".
<string>:98: (ERROR/3) Undefined substitution referenced: "-------".
2026-04-12 12:33:14,849 1 INFO odoo_ci_test odoo.modules.loading: loading sports_federation_rules/security/ir.model.access.csv 
2026-04-12 12:33:14,860 1 INFO odoo_ci_test odoo.modules.loading: loading sports_federation_rules/views/federation_rule_set_views.xml 
2026-04-12 12:33:14,886 1 INFO odoo_ci_test odoo.modules.loading: loading sports_federation_rules/views/federation_points_rule_views.xml 
2026-04-12 12:33:14,896 1 INFO odoo_ci_test odoo.modules.loading: loading sports_federation_rules/views/federation_tie_break_rule_views.xml 
2026-04-12 12:33:14,906 1 INFO odoo_ci_test odoo.modules.loading: loading sports_federation_rules/views/federation_eligibility_rule_views.xml 
2026-04-12 12:33:14,916 1 INFO odoo_ci_test odoo.modules.loading: loading sports_federation_rules/views/federation_qualification_rule_views.xml 
2026-04-12 12:33:14,927 1 INFO odoo_ci_test odoo.modules.loading: loading sports_federation_rules/views/menu_items.xml 
2026-04-12 12:33:14,959 1 INFO odoo_ci_test odoo.modules.loading: Module sports_federation_rules loaded in 0.24s, 302 queries (+302 other) 
2026-04-12 12:33:14,959 1 INFO odoo_ci_test odoo.modules.loading: Loading module sports_federation_tournament (30/33) 
2026-04-12 12:33:14,975 1 INFO odoo_ci_test odoo.registry: module sports_federation_tournament: creating or updating database tables 
2026-04-12 12:33:15,192 1 INFO odoo_ci_test odoo.modules.loading: loading sports_federation_tournament/security/ir.model.access.csv 
2026-04-12 12:33:15,203 1 INFO odoo_ci_test odoo.modules.loading: loading sports_federation_tournament/views/federation_tournament_participant_views.xml 
2026-04-12 12:33:15,224 1 INFO odoo_ci_test odoo.modules.loading: loading sports_federation_tournament/views/federation_match_views.xml 
2026-04-12 12:33:15,243 1 INFO odoo_ci_test odoo.modules.loading: loading sports_federation_tournament/views/federation_tournament_round_views.xml 
2026-04-12 12:33:15,256 1 INFO odoo_ci_test odoo.modules.loading: loading sports_federation_tournament/views/federation_tournament_group_views.xml 
2026-04-12 12:33:15,272 1 INFO odoo_ci_test odoo.modules.loading: loading sports_federation_tournament/views/federation_tournament_stage_views.xml 
2026-04-12 12:33:15,288 1 INFO odoo_ci_test odoo.modules.loading: loading sports_federation_tournament/views/federation_tournament_views.xml 
2026-04-12 12:33:15,306 1 INFO odoo_ci_test odoo.modules.loading: loading sports_federation_tournament/views/federation_competition_edition_views.xml 
2026-04-12 12:33:15,324 1 INFO odoo_ci_test odoo.modules.loading: loading sports_federation_tournament/views/federation_competition_views.xml 
2026-04-12 12:33:15,341 1 INFO odoo_ci_test odoo.modules.loading: loading sports_federation_tournament/views/federation_season_registration_views_inherit.xml 
2026-04-12 12:33:15,361 1 INFO odoo_ci_test odoo.modules.loading: loading sports_federation_tournament/views/menu_items.xml 
2026-04-12 12:33:15,437 1 INFO odoo_ci_test odoo.addons.sports_federation_tournament.tests.test_competition: Starting TestFederationCompetition.test_competition_code_unique ... 
2026-04-12 12:33:15,444 1 ERROR odoo_ci_test odoo.sql_db: bad query: b'INSERT INTO "federation_competition" ("active", "code", "competition_type", "create_date", "create_uid", "name", "sequence", "state", "write_date", "write_uid") VALUES (true, \'UNIQUE\', \'league\', \'2026-04-12T12:33:15.422633\'::timestamp, 1, \'Comp 2\', 10, \'draft\', \'2026-04-12T12:33:15.422633\'::timestamp, 1) RETURNING "id"'
ERROR: duplicate key value violates unique constraint "federation_competition_code_unique"
DETAIL:  Key (code)=(UNIQUE) already exists.
 
2026-04-12 12:33:15,445 1 INFO odoo_ci_test odoo.addons.sports_federation_tournament.tests.test_competition: Starting TestFederationCompetition.test_competition_edition_count ... 
2026-04-12 12:33:15,462 1 INFO odoo_ci_test odoo.addons.sports_federation_tournament.tests.test_competition: Starting TestFederationCompetition.test_competition_rule_set_link ... 
2026-04-12 12:33:15,477 1 INFO odoo_ci_test odoo.addons.sports_federation_tournament.tests.test_competition: Starting TestFederationCompetition.test_competition_state_transitions ... 
2026-04-12 12:33:15,487 1 INFO odoo_ci_test odoo.addons.sports_federation_tournament.tests.test_competition: Starting TestFederationCompetition.test_create_competition ... 
2026-04-12 12:33:15,497 1 INFO odoo_ci_test odoo.addons.sports_federation_tournament.tests.test_competition: Starting TestFederationCompetition.test_create_edition ... 
2026-04-12 12:33:15,510 1 INFO odoo_ci_test odoo.addons.sports_federation_tournament.tests.test_competition: Starting TestFederationCompetition.test_edition_state_transitions ... 
2026-04-12 12:33:15,524 1 INFO odoo_ci_test odoo.addons.sports_federation_tournament.tests.test_competition: Starting TestFederationCompetition.test_edition_tournament_link ... 
2026-04-12 12:33:15,543 1 INFO odoo_ci_test odoo.addons.sports_federation_tournament.tests.test_competition: Starting TestFederationCompetition.test_tournament_open_requires_season ... 
2026-04-12 12:33:15,554 1 INFO odoo_ci_test odoo.addons.sports_federation_tournament.tests.test_competition: Starting TestFederationCompetition.test_tournament_participant_backend_domain_uses_eligible_teams ... 
2026-04-12 12:33:15,581 1 INFO odoo_ci_test odoo.addons.sports_federation_tournament.tests.test_competition: Starting TestFederationCompetition.test_tournament_participant_backend_feedback_explains_duplicate_team ... 
2026-04-12 12:33:15,603 1 INFO odoo_ci_test odoo.addons.sports_federation_tournament.tests.test_competition: Starting TestFederationCompetition.test_tournament_participant_rejects_ineligible_team ... 
2026-04-12 12:33:15,629 1 INFO odoo_ci_test odoo.addons.sports_federation_tournament.tests.test_competition: Starting TestFederationCompetition.test_tournament_start_requires_stage_and_archive_rules ... 
2026-04-12 12:33:15,655 1 INFO odoo_ci_test odoo.addons.sports_federation_tournament.tests.test_competition: Starting TestFederationCompetition.test_tournament_team_eligibility_uses_category_and_gender ... 
2026-04-12 12:33:15,735 1 INFO odoo_ci_test odoo.addons.base.models.ir_attachment: filestore gc 14 checked, 0 removed 
2026-04-12 12:33:15,736 1 INFO odoo_ci_test odoo.modules.loading: Module sports_federation_tournament loaded in 0.78s (incl. 0.32s test), 598 queries (+391 test, +598 other) 
2026-04-12 12:33:15,736 1 INFO odoo_ci_test odoo.modules.loading: Loading module sports_federation_standings (31/33) 
2026-04-12 12:33:15,742 1 INFO odoo_ci_test odoo.registry: module sports_federation_standings: creating or updating database tables 
2026-04-12 12:33:15,834 1 INFO odoo_ci_test odoo.modules.loading: loading sports_federation_standings/security/ir.model.access.csv 
2026-04-12 12:33:15,842 1 INFO odoo_ci_test odoo.modules.loading: loading sports_federation_standings/views/standing_views.xml 
2026-04-12 12:33:15,868 1 INFO odoo_ci_test odoo.modules.loading: loading sports_federation_standings/views/tournament_views_inherit.xml 
2026-04-12 12:33:15,878 1 INFO odoo_ci_test odoo.modules.loading: loading sports_federation_standings/views/menu_views.xml 
2026-04-12 12:33:15,894 1 INFO odoo_ci_test odoo.modules.loading: Module sports_federation_standings loaded in 0.16s, 223 queries (+223 other) 
2026-04-12 12:33:15,894 1 INFO odoo_ci_test odoo.modules.loading: Loading module sports_federation_venues (32/33) 
2026-04-12 12:33:15,903 1 WARNING odoo_ci_test odoo.fields: Field federation.tournament.round.venue_id: unknown parameter 'tracking', if this is an actual parameter you may want to override the method _valid_field_parameter on the relevant model in order to allow it 
2026-04-12 12:33:15,905 1 INFO odoo_ci_test odoo.registry: module sports_federation_venues: creating or updating database tables 
2026-04-12 12:33:15,985 1 INFO odoo_ci_test odoo.modules.loading: loading sports_federation_venues/security/ir.model.access.csv 
2026-04-12 12:33:15,992 1 INFO odoo_ci_test odoo.modules.loading: loading sports_federation_venues/views/venue_views.xml 
2026-04-12 12:33:16,027 1 INFO odoo_ci_test odoo.modules.loading: loading sports_federation_venues/views/round_views_inherit.xml 
2026-04-12 12:33:16,043 1 INFO odoo_ci_test odoo.modules.loading: loading sports_federation_venues/views/tournament_views_inherit.xml 
2026-04-12 12:33:16,062 1 INFO odoo_ci_test odoo.modules.loading: loading sports_federation_venues/views/match_views_inherit.xml 
2026-04-12 12:33:16,084 1 INFO odoo_ci_test odoo.modules.loading: loading sports_federation_venues/views/menu_views.xml 
2026-04-12 12:33:16,145 1 INFO odoo_ci_test odoo.addons.sports_federation_venues.tests.test_round_schedule: Starting TestRoundSchedule.test_duplicate_same_category_pairing_rejected_in_same_round ... 
2026-04-12 12:33:16,163 1 INFO odoo_ci_test odoo.addons.sports_federation_venues.tests.test_round_schedule: Starting TestRoundSchedule.test_match_round_assignment_inherits_scope_and_venue ... 
2026-04-12 12:33:16,178 1 INFO odoo_ci_test odoo.addons.sports_federation_venues.tests.test_round_schedule: Starting TestRoundSchedule.test_match_round_rejects_conflicting_venue ... 
2026-04-12 12:33:16,190 1 INFO odoo_ci_test odoo.addons.sports_federation_venues.tests.test_round_schedule: Starting TestRoundSchedule.test_round_date_write_preserves_match_time_components ... 
2026-04-12 12:33:16,204 1 INFO odoo_ci_test odoo.addons.sports_federation_venues.tests.test_round_schedule: Starting TestRoundSchedule.test_round_robin_wizard_reuses_existing_stage_rounds ... 
2026-04-12 12:33:16,205 1 INFO odoo_ci_test odoo.addons.sports_federation_venues.tests.test_round_schedule: skipped TestRoundSchedule.test_round_robin_wizard_reuses_existing_stage_rounds : sports_federation_competition_engine not installed. 
2026-04-12 12:33:16,205 1 INFO odoo_ci_test odoo.addons.sports_federation_venues.tests.test_round_schedule: Starting TestRoundSchedule.test_same_pairing_in_different_rounds_allowed ... 
2026-04-12 12:33:16,224 1 INFO odoo_ci_test odoo.addons.sports_federation_venues.tests.test_round_schedule: Starting TestRoundSchedule.test_schedule_by_round_creates_rounds_with_dates_and_venue ... 
2026-04-12 12:33:16,224 1 INFO odoo_ci_test odoo.addons.sports_federation_venues.tests.test_round_schedule: skipped TestRoundSchedule.test_schedule_by_round_creates_rounds_with_dates_and_venue : sports_federation_competition_engine not installed. 
2026-04-12 12:33:16,272 1 WARNING odoo_ci_test odoo.fields: Field federation.tournament.round.venue_id: unknown parameter 'tracking', if this is an actual parameter you may want to override the method _valid_field_parameter on the relevant model in order to allow it 
2026-04-12 12:33:16,283 1 INFO odoo_ci_test odoo.addons.base.models.ir_attachment: filestore gc 0 checked, 0 removed 
2026-04-12 12:33:16,318 1 INFO odoo_ci_test odoo.addons.sports_federation_venues.tests.test_venues: Starting TestVenues.test_create_playing_area ... 
2026-04-12 12:33:16,319 1 INFO odoo_ci_test odoo.addons.sports_federation_venues.tests.test_venues: Starting TestVenues.test_create_venue ... 
2026-04-12 12:33:16,322 1 INFO odoo_ci_test odoo.addons.sports_federation_venues.tests.test_venues: Starting TestVenues.test_match_playing_area_belongs_to_venue ... 
2026-04-12 12:33:16,329 1 INFO odoo_ci_test odoo.addons.sports_federation_venues.tests.test_venues: Starting TestVenues.test_tournament_venue_link ... 
2026-04-12 12:33:16,331 1 INFO odoo_ci_test odoo.addons.sports_federation_venues.tests.test_venues: Starting TestVenues.test_unique_playing_area_name_per_venue ... 
2026-04-12 12:33:16,333 1 ERROR odoo_ci_test odoo.sql_db: bad query: b'INSERT INTO "federation_playing_area" ("active", "create_date", "create_uid", "name", "surface_type", "venue_id", "write_date", "write_uid") VALUES (true, \'2026-04-12T12:33:16.284856\'::timestamp, 1, \'Main Field\', \'indoor\', 3, \'2026-04-12T12:33:16.284856\'::timestamp, 1) RETURNING "id"'
ERROR: duplicate key value violates unique constraint "federation_playing_area_unique_venue_name"
DETAIL:  Key (venue_id, name)=(3, Main Field) already exists.
 
2026-04-12 12:33:16,380 1 WARNING odoo_ci_test odoo.fields: Field federation.tournament.round.venue_id: unknown parameter 'tracking', if this is an actual parameter you may want to override the method _valid_field_parameter on the relevant model in order to allow it 
2026-04-12 12:33:16,392 1 INFO odoo_ci_test odoo.addons.base.models.ir_attachment: filestore gc 0 checked, 0 removed 
2026-04-12 12:33:16,392 1 INFO odoo_ci_test odoo.modules.loading: Module sports_federation_venues loaded in 0.50s (incl. 0.29s test), 274 queries (+260 test, +274 other) 
2026-04-12 12:33:16,392 1 INFO odoo_ci_test odoo.modules.loading: Loading module sports_federation_competition_engine (33/33) 
2026-04-12 12:33:16,408 1 INFO odoo_ci_test odoo.registry: module sports_federation_competition_engine: creating or updating database tables 
2026-04-12 12:33:16,562 1 INFO odoo_ci_test odoo.modules.loading: loading sports_federation_competition_engine/security/ir.model.access.csv 
2026-04-12 12:33:16,572 1 INFO odoo_ci_test odoo.modules.loading: loading sports_federation_competition_engine/views/stage_progression_views.xml 
2026-04-12 12:33:16,590 1 INFO odoo_ci_test odoo.modules.loading: loading sports_federation_competition_engine/views/tournament_template_views.xml 
2026-04-12 12:33:16,605 1 INFO odoo_ci_test odoo.modules.loading: loading sports_federation_competition_engine/wizards/round_robin_wizard_views.xml 
2026-04-12 12:33:16,615 1 INFO odoo_ci_test odoo.modules.loading: loading sports_federation_competition_engine/wizards/knockout_wizard_views.xml 
2026-04-12 12:33:16,622 1 WARNING odoo_ci_test odoo.addons.base.models.ir_ui_view: An alert (class alert-*) must have an alert, alertdialog or status role or an alert-link class. Please use alert and alertdialog only for what expects to stop any activity to be read immediately.
View error context:
{'file': '/mnt/extra-addons/sports_federation_competition_engine/wizards/knockout_wizard_views.xml',
 'line': 22,
 'name': 'federation.knockout.wizard.form',
 'view': ir.ui.view(525,),
 'view.model': 'federation.knockout.wizard',
 'view.parent': ir.ui.view(),
 'xmlid': 'view_knockout_wizard_form'} 
2026-04-12 12:33:16,625 1 INFO odoo_ci_test odoo.modules.loading: loading sports_federation_competition_engine/views/tournament_buttons.xml 
2026-04-12 12:33:16,712 1 INFO odoo_ci_test odoo.addons.sports_federation_competition_engine.tests.test_knockout: Starting TestKnockout.test_bye_seeding_top_seeds ... 
2026-04-12 12:33:16,717 1 INFO odoo_ci_test odoo.addons.sports_federation_competition_engine.tests.test_knockout: skipped TestKnockout.test_bye_seeding_top_seeds : Knockout bye logic IndexError — needs engine fix 
2026-04-12 12:33:16,718 1 INFO odoo_ci_test odoo.addons.sports_federation_competition_engine.tests.test_knockout: Starting TestKnockout.test_eight_teams_natural ... 
2026-04-12 12:33:16,764 1 INFO odoo_ci_test odoo.addons.sports_federation_competition_engine.services.knockout: Generated 7 knockout matches (3 rounds) for tournament Test Tournament, stage Knockout 
2026-04-12 12:33:16,764 1 INFO odoo_ci_test odoo.addons.sports_federation_competition_engine.tests.test_knockout: Starting TestKnockout.test_eight_teams_power_of_two ... 
2026-04-12 12:33:16,807 1 INFO odoo_ci_test odoo.addons.sports_federation_competition_engine.services.knockout: Generated 7 knockout matches (3 rounds) for tournament Test Tournament, stage Knockout 
2026-04-12 12:33:16,807 1 INFO odoo_ci_test odoo.addons.sports_federation_competition_engine.tests.test_knockout: Starting TestKnockout.test_manual_seeding_order ... 
2026-04-12 12:33:16,849 1 INFO odoo_ci_test odoo.addons.sports_federation_competition_engine.services.knockout: Generated 7 knockout matches (3 rounds) for tournament Test Tournament, stage Knockout 
2026-04-12 12:33:16,850 1 INFO odoo_ci_test odoo.addons.sports_federation_competition_engine.tests.test_knockout: Starting TestKnockout.test_minimum_participants ... 
2026-04-12 12:33:16,855 1 INFO odoo_ci_test odoo.addons.sports_federation_competition_engine.tests.test_knockout: Starting TestKnockout.test_no_self_pairings ... 
2026-04-12 12:33:16,897 1 INFO odoo_ci_test odoo.addons.sports_federation_competition_engine.services.knockout: Generated 7 knockout matches (3 rounds) for tournament Test Tournament, stage Knockout 
2026-04-12 12:33:16,898 1 INFO odoo_ci_test odoo.addons.sports_federation_competition_engine.tests.test_knockout: Starting TestKnockout.test_overwrite_allowed ... 
2026-04-12 12:33:16,942 1 INFO odoo_ci_test odoo.addons.sports_federation_competition_engine.services.knockout: Generated 7 knockout matches (3 rounds) for tournament Test Tournament, stage Knockout 
2026-04-12 12:33:17,000 1 INFO odoo_ci_test odoo.addons.sports_federation_competition_engine.tests.test_knockout: ====================================================================== 
2026-04-12 12:33:17,000 1 ERROR odoo_ci_test odoo.addons.sports_federation_competition_engine.tests.test_knockout: ERROR: TestKnockout.test_overwrite_allowed
Traceback (most recent call last):
  File "/mnt/extra-addons/sports_federation_competition_engine/tests/test_knockout.py", line 146, in test_overwrite_allowed
    second = self._generate(overwrite=True)
             ^^^^^^^^^^^^^^^^^^^^^^^^^^^^^^
  File "/mnt/extra-addons/sports_federation_competition_engine/tests/test_knockout.py", line 63, in _generate
    return engine.generate_knockout_bracket(
           ^^^^^^^^^^^^^^^^^^^^^^^^^^^^^^^^^
  File "/mnt/extra-addons/sports_federation_competition_engine/services/competition_engine.py", line 19, in generate_knockout_bracket
    return service.generate(tournament, stage, participants, options)
           ^^^^^^^^^^^^^^^^^^^^^^^^^^^^^^^^^^^^^^^^^^^^^^^^^^^^^^^^^^
  File "/mnt/extra-addons/sports_federation_competition_engine/services/knockout.py", line 34, in generate
    all_matches = self._create_full_bracket(
                  ^^^^^^^^^^^^^^^^^^^^^^^^^^
  File "/mnt/extra-addons/sports_federation_competition_engine/services/knockout.py", line 143, in _create_full_bracket
    round_1_matches.append(Match.create(vals))
                           ^^^^^^^^^^^^^^^^^^
  File "/usr/lib/python3/dist-packages/odoo/orm/decorators.py", line 365, in create
    return method(self, vals_list)
           ^^^^^^^^^^^^^^^^^^^^^^^
  File "/mnt/extra-addons/sports_federation_venues/models/federation_match_inherit.py", line 42, in create
    return super().create(prepared_vals_list)
           ^^^^^^^^^^^^^^^^^^^^^^^^^^^^^^^^^^
  File "/usr/lib/python3/dist-packages/odoo/orm/decorators.py", line 365, in create
    return method(self, vals_list)
           ^^^^^^^^^^^^^^^^^^^^^^^
  File "/mnt/extra-addons/sports_federation_tournament/models/federation_match.py", line 109, in create
    return super().create(prepared_vals_list)
           ^^^^^^^^^^^^^^^^^^^^^^^^^^^^^^^^^^
  File "/usr/lib/python3/dist-packages/odoo/orm/decorators.py", line 365, in create
    return method(self, vals_list)
           ^^^^^^^^^^^^^^^^^^^^^^^
  File "/usr/lib/python3/dist-packages/odoo/addons/mail/models/mail_thread.py", line 328, in create
    threads = super(MailThread, self).create(vals_list)
              ^^^^^^^^^^^^^^^^^^^^^^^^^^^^^^^^^^^^^^^^^
  File "/usr/lib/python3/dist-packages/odoo/orm/decorators.py", line 365, in create
    return method(self, vals_list)
           ^^^^^^^^^^^^^^^^^^^^^^^
  File "/usr/lib/python3/dist-packages/odoo/orm/models.py", line 4709, in create
    records = self._create(data_list)
              ^^^^^^^^^^^^^^^^^^^^^^^
  File "/usr/lib/python3/dist-packages/odoo/orm/models.py", line 4947, in _create
    records._validate_fields(name for data in data_list for name in data['stored'])
  File "/usr/lib/python3/dist-packages/odoo/orm/models.py", line 1268, in _validate_fields
    check(records)
  File "/mnt/extra-addons/sports_federation_venues/models/federation_match_inherit.py", line 99, in _check_no_duplicate_pairings_in_round
    raise ValidationError(
odoo.exceptions.ValidationError: Teams in the same category cannot play the same opponent more than once in the same round.
 
2026-04-12 12:33:17,001 1 INFO odoo_ci_test odoo.addons.sports_federation_competition_engine.tests.test_knockout: Starting TestKnockout.test_overwrite_protection ... 
2026-04-12 12:33:17,045 1 INFO odoo_ci_test odoo.addons.sports_federation_competition_engine.services.knockout: Generated 7 knockout matches (3 rounds) for tournament Test Tournament, stage Knockout 
2026-04-12 12:33:17,052 1 INFO odoo_ci_test odoo.addons.sports_federation_competition_engine.tests.test_knockout: Starting TestKnockout.test_seeding_correctness ... 
2026-04-12 12:33:17,094 1 INFO odoo_ci_test odoo.addons.sports_federation_competition_engine.services.knockout: Generated 7 knockout matches (3 rounds) for tournament Test Tournament, stage Knockout 
2026-04-12 12:33:17,094 1 INFO odoo_ci_test odoo.addons.sports_federation_competition_engine.tests.test_knockout: Starting TestKnockout.test_six_teams_power_of_two ... 
2026-04-12 12:33:17,095 1 INFO odoo_ci_test odoo.addons.sports_federation_competition_engine.tests.test_knockout: skipped TestKnockout.test_six_teams_power_of_two : Knockout bye logic IndexError — needs engine fix 
2026-04-12 12:33:17,095 1 INFO odoo_ci_test odoo.addons.sports_federation_competition_engine.tests.test_knockout: Starting TestKnockout.test_three_teams_power_of_two ... 
2026-04-12 12:33:17,095 1 INFO odoo_ci_test odoo.addons.sports_federation_competition_engine.tests.test_knockout: skipped TestKnockout.test_three_teams_power_of_two : Knockout bye logic IndexError — needs engine fix 
2026-04-12 12:33:17,096 1 INFO odoo_ci_test odoo.addons.sports_federation_competition_engine.tests.test_knockout: Starting TestKnockout.test_tournament_state_validation ... 
2026-04-12 12:33:17,151 1 WARNING odoo_ci_test odoo.fields: Field federation.tournament.round.venue_id: unknown parameter 'tracking', if this is an actual parameter you may want to override the method _valid_field_parameter on the relevant model in order to allow it 
2026-04-12 12:33:17,163 1 INFO odoo_ci_test odoo.addons.base.models.ir_attachment: filestore gc 0 checked, 0 removed 
2026-04-12 12:33:17,220 1 INFO odoo_ci_test odoo.addons.sports_federation_competition_engine.tests.test_round_robin: Starting TestRoundRobin.test_deterministic_ordering ... 
2026-04-12 12:33:17,296 1 INFO odoo_ci_test odoo.addons.sports_federation_competition_engine.services.round_robin: Generated 15 round-robin matches for tournament Test Tournament, stage Group Stage 
2026-04-12 12:33:17,312 1 INFO odoo_ci_test odoo.models.unlink: User #1 deleted mail.message records with IDs: [164, 163, 162, 161, 160, 159, 158, 157, 156, 155, 154, 153, 152, 151, 150] 
2026-04-12 12:33:17,318 1 INFO odoo_ci_test odoo.models.unlink: User #1 deleted federation.match records with IDs: [59, 60, 61, 62, 63, 64, 65, 66, 67, 68, 69, 70, 71, 72, 73] 
2026-04-12 12:33:17,382 1 INFO odoo_ci_test odoo.addons.sports_federation_competition_engine.services.round_robin: Generated 15 round-robin matches for tournament Test Tournament, stage Group Stage 
2026-04-12 12:33:17,382 1 INFO odoo_ci_test odoo.addons.sports_federation_competition_engine.tests.test_round_robin: Starting TestRoundRobin.test_double_round ... 
2026-04-12 12:33:17,454 1 INFO odoo_ci_test odoo.addons.sports_federation_competition_engine.services.round_robin: Generated 15 round-robin matches for tournament Test Tournament, stage Group Stage 
2026-04-12 12:33:17,466 1 INFO odoo_ci_test odoo.models.unlink: User #1 deleted mail.message records with IDs: [194, 193, 192, 191, 190, 189, 188, 187, 186, 185, 184, 183, 182, 181, 180] 
2026-04-12 12:33:17,470 1 INFO odoo_ci_test odoo.models.unlink: User #1 deleted federation.match records with IDs: [89, 90, 91, 92, 93, 94, 95, 96, 97, 98, 99, 100, 101, 102, 103] 
2026-04-12 12:33:17,594 1 INFO odoo_ci_test odoo.addons.sports_federation_competition_engine.services.round_robin: Generated 30 round-robin matches for tournament Test Tournament, stage Group Stage 
2026-04-12 12:33:17,594 1 INFO odoo_ci_test odoo.addons.sports_federation_competition_engine.tests.test_round_robin: Starting TestRoundRobin.test_each_team_plays_all_others_once ... 
2026-04-12 12:33:17,665 1 INFO odoo_ci_test odoo.addons.sports_federation_competition_engine.services.round_robin: Generated 15 round-robin matches for tournament Test Tournament, stage Group Stage 
2026-04-12 12:33:17,666 1 INFO odoo_ci_test odoo.addons.sports_federation_competition_engine.tests.test_round_robin: Starting TestRoundRobin.test_even_participant_count ... 
2026-04-12 12:33:17,740 1 INFO odoo_ci_test odoo.addons.sports_federation_competition_engine.services.round_robin: Generated 15 round-robin matches for tournament Test Tournament, stage Group Stage 
2026-04-12 12:33:17,741 1 INFO odoo_ci_test odoo.addons.sports_federation_competition_engine.tests.test_round_robin: Starting TestRoundRobin.test_minimum_participants ... 
2026-04-12 12:33:17,745 1 INFO odoo_ci_test odoo.addons.sports_federation_competition_engine.tests.test_round_robin: Starting TestRoundRobin.test_no_self_pairings ... 
2026-04-12 12:33:17,816 1 INFO odoo_ci_test odoo.addons.sports_federation_competition_engine.services.round_robin: Generated 15 round-robin matches for tournament Test Tournament, stage Group Stage 
2026-04-12 12:33:17,817 1 INFO odoo_ci_test odoo.addons.sports_federation_competition_engine.tests.test_round_robin: Starting TestRoundRobin.test_odd_participant_count ... 
2026-04-12 12:33:17,870 1 INFO odoo_ci_test odoo.addons.sports_federation_competition_engine.services.round_robin: Generated 10 round-robin matches for tournament Test Tournament, stage Group Stage 
2026-04-12 12:33:17,870 1 INFO odoo_ci_test odoo.addons.sports_federation_competition_engine.tests.test_round_robin: Starting TestRoundRobin.test_overwrite_allowed ... 
2026-04-12 12:33:17,941 1 INFO odoo_ci_test odoo.addons.sports_federation_competition_engine.services.round_robin: Generated 15 round-robin matches for tournament Test Tournament, stage Group Stage 
2026-04-12 12:33:17,948 1 INFO odoo_ci_test odoo.addons.sports_federation_competition_engine.tests.test_round_robin: ====================================================================== 
2026-04-12 12:33:17,948 1 ERROR odoo_ci_test odoo.addons.sports_federation_competition_engine.tests.test_round_robin: ERROR: TestRoundRobin.test_overwrite_allowed
Traceback (most recent call last):
  File "/mnt/extra-addons/sports_federation_competition_engine/tests/test_round_robin.py", line 118, in test_overwrite_allowed
    second = self._generate(overwrite=True)
             ^^^^^^^^^^^^^^^^^^^^^^^^^^^^^^
  File "/mnt/extra-addons/sports_federation_competition_engine/tests/test_round_robin.py", line 63, in _generate
    return engine.generate_round_robin_schedule(
           ^^^^^^^^^^^^^^^^^^^^^^^^^^^^^^^^^^^^^
  File "/mnt/extra-addons/sports_federation_competition_engine/services/competition_engine.py", line 14, in generate_round_robin_schedule
    return service.generate(tournament, stage, participants, options)
           ^^^^^^^^^^^^^^^^^^^^^^^^^^^^^^^^^^^^^^^^^^^^^^^^^^^^^^^^^^
  File "/mnt/extra-addons/sports_federation_competition_engine/services/round_robin.py", line 49, in generate
    matches = self._create_matches(tournament, stage, rounds, options)
              ^^^^^^^^^^^^^^^^^^^^^^^^^^^^^^^^^^^^^^^^^^^^^^^^^^^^^^^^
  File "/mnt/extra-addons/sports_federation_competition_engine/services/round_robin.py", line 302, in _create_matches
    created.append(Match.create(vals))
                   ^^^^^^^^^^^^^^^^^^
  File "/usr/lib/python3/dist-packages/odoo/orm/decorators.py", line 365, in create
    return method(self, vals_list)
           ^^^^^^^^^^^^^^^^^^^^^^^
  File "/mnt/extra-addons/sports_federation_venues/models/federation_match_inherit.py", line 42, in create
    return super().create(prepared_vals_list)
           ^^^^^^^^^^^^^^^^^^^^^^^^^^^^^^^^^^
  File "/usr/lib/python3/dist-packages/odoo/orm/decorators.py", line 365, in create
    return method(self, vals_list)
           ^^^^^^^^^^^^^^^^^^^^^^^
  File "/mnt/extra-addons/sports_federation_tournament/models/federation_match.py", line 109, in create
    return super().create(prepared_vals_list)
           ^^^^^^^^^^^^^^^^^^^^^^^^^^^^^^^^^^
  File "/usr/lib/python3/dist-packages/odoo/orm/decorators.py", line 365, in create
    return method(self, vals_list)
           ^^^^^^^^^^^^^^^^^^^^^^^
  File "/usr/lib/python3/dist-packages/odoo/addons/mail/models/mail_thread.py", line 328, in create
    threads = super(MailThread, self).create(vals_list)
              ^^^^^^^^^^^^^^^^^^^^^^^^^^^^^^^^^^^^^^^^^
  File "/usr/lib/python3/dist-packages/odoo/orm/decorators.py", line 365, in create
    return method(self, vals_list)
           ^^^^^^^^^^^^^^^^^^^^^^^
  File "/usr/lib/python3/dist-packages/odoo/orm/models.py", line 4709, in create
    records = self._create(data_list)
              ^^^^^^^^^^^^^^^^^^^^^^^
  File "/usr/lib/python3/dist-packages/odoo/orm/models.py", line 4947, in _create
    records._validate_fields(name for data in data_list for name in data['stored'])
  File "/usr/lib/python3/dist-packages/odoo/orm/models.py", line 1268, in _validate_fields
    check(records)
  File "/mnt/extra-addons/sports_federation_venues/models/federation_match_inherit.py", line 99, in _check_no_duplicate_pairings_in_round
    raise ValidationError(
odoo.exceptions.ValidationError: Teams in the same category cannot play the same opponent more than once in the same round.
 
2026-04-12 12:33:17,949 1 INFO odoo_ci_test odoo.addons.sports_federation_competition_engine.tests.test_round_robin: Starting TestRoundRobin.test_overwrite_protection ... 
2026-04-12 12:33:18,022 1 INFO odoo_ci_test odoo.addons.sports_federation_competition_engine.services.round_robin: Generated 15 round-robin matches for tournament Test Tournament, stage Group Stage 
2026-04-12 12:33:18,030 1 INFO odoo_ci_test odoo.addons.sports_federation_competition_engine.tests.test_round_robin: Starting TestRoundRobin.test_round_numbers_follow_generated_rounds ... 
2026-04-12 12:33:18,101 1 INFO odoo_ci_test odoo.addons.sports_federation_competition_engine.services.round_robin: Generated 15 round-robin matches for tournament Test Tournament, stage Group Stage 
2026-04-12 12:33:18,102 1 INFO odoo_ci_test odoo.addons.sports_federation_competition_engine.tests.test_round_robin: ====================================================================== 
2026-04-12 12:33:18,102 1 ERROR odoo_ci_test odoo.addons.sports_federation_competition_engine.tests.test_round_robin: FAIL: TestRoundRobin.test_round_numbers_follow_generated_rounds
Traceback (most recent call last):
  File "/mnt/extra-addons/sports_federation_competition_engine/tests/test_round_robin.py", line 179, in test_round_numbers_follow_generated_rounds
    self.assertEqual(matches.mapped("round_id.sequence"), [1, 1, 1, 2, 2, 2, 3, 3, 3, 4, 4, 4, 5, 5, 5])
AssertionError: Lists differ: [1, 2, 3, 4, 5] != [1, 1, 1, 2, 2, 2, 3, 3, 3, 4, 4, 4, 5, 5, 5]

First differing element 1:
2
1

Second list contains 10 additional elements.
First extra element 5:
2

- [1, 2, 3, 4, 5]
+ [1, 1, 1, 2, 2, 2, 3, 3, 3, 4, 4, 4, 5, 5, 5]
 
2026-04-12 12:33:18,102 1 INFO odoo_ci_test odoo.addons.sports_federation_competition_engine.tests.test_round_robin: Starting TestRoundRobin.test_tournament_state_validation ... 
2026-04-12 12:33:18,156 1 WARNING odoo_ci_test odoo.fields: Field federation.tournament.round.venue_id: unknown parameter 'tracking', if this is an actual parameter you may want to override the method _valid_field_parameter on the relevant model in order to allow it 
2026-04-12 12:33:18,168 1 INFO odoo_ci_test odoo.addons.base.models.ir_attachment: filestore gc 0 checked, 0 removed 
2026-04-12 12:33:18,219 1 INFO odoo_ci_test odoo.addons.sports_federation_competition_engine.tests.test_tournament_template: Starting TestCompetitionEngineWizardGuards.test_knockout_wizard_requires_rule_set ... 
2026-04-12 12:33:18,227 1 INFO odoo_ci_test odoo.addons.sports_federation_competition_engine.tests.test_tournament_template: Starting TestCompetitionEngineWizardGuards.test_round_robin_wizard_computes_preview_summary ... 
2026-04-12 12:33:18,232 1 INFO odoo_ci_test odoo.addons.sports_federation_competition_engine.tests.test_tournament_template: Starting TestCompetitionEngineWizardGuards.test_round_robin_wizard_rejects_selected_unconfirmed_participants ... 
2026-04-12 12:33:18,250 1 INFO odoo_ci_test odoo.addons.sports_federation_competition_engine.tests.test_tournament_template: Starting TestCompetitionEngineWizardGuards.test_round_robin_wizard_requires_rule_set ... 
2026-04-12 12:33:18,257 1 INFO odoo_ci_test odoo.addons.sports_federation_competition_engine.tests.test_tournament_template: Starting TestCompetitionEngineWizardGuards.test_round_robin_wizard_summary_explains_confirmed_scope_requirement ... 
2026-04-12 12:33:18,312 1 WARNING odoo_ci_test odoo.fields: Field federation.tournament.round.venue_id: unknown parameter 'tracking', if this is an actual parameter you may want to override the method _valid_field_parameter on the relevant model in order to allow it 
2026-04-12 12:33:18,325 1 INFO odoo_ci_test odoo.addons.base.models.ir_attachment: filestore gc 0 checked, 0 removed 
2026-04-12 12:33:18,360 1 INFO odoo_ci_test odoo.addons.sports_federation_competition_engine.tests.test_tournament_template: Starting TestTournamentTemplate.test_template_apply_creates_stages_groups_and_progressions ... 
2026-04-12 12:33:18,375 1 INFO odoo_ci_test odoo.addons.sports_federation_competition_engine.tests.test_tournament_template: Starting TestTournamentTemplate.test_template_apply_rejects_tournament_with_existing_stages ... 
2026-04-12 12:33:18,433 1 WARNING odoo_ci_test odoo.fields: Field federation.tournament.round.venue_id: unknown parameter 'tracking', if this is an actual parameter you may want to override the method _valid_field_parameter on the relevant model in order to allow it 
2026-04-12 12:33:18,445 1 INFO odoo_ci_test odoo.addons.base.models.ir_attachment: filestore gc 0 checked, 0 removed 
2026-04-12 12:33:18,445 1 INFO odoo_ci_test odoo.modules.loading: Module sports_federation_competition_engine loaded in 2.05s (incl. 1.79s test), 323 queries (+2204 test, +323 other) 
2026-04-12 12:33:18,445 1 ERROR odoo_ci_test odoo.modules.loading: Module sports_federation_competition_engine: 1 failures, 2 errors of 30 tests 
2026-04-12 12:33:18,445 1 INFO odoo_ci_test odoo.modules.loading: 33 modules loaded in 14.25s, 17386 queries (+20242 extra) 
2026-04-12 12:33:18,495 1 WARNING odoo_ci_test odoo.fields: Field federation.tournament.round.venue_id: unknown parameter 'tracking', if this is an actual parameter you may want to override the method _valid_field_parameter on the relevant model in order to allow it 
2026-04-12 12:33:18,838 1 ERROR odoo_ci_test odoo.modules.loading: At least one test failed when loading the modules. 
2026-04-12 12:33:18,846 1 INFO odoo_ci_test odoo.registry: Registry changed, signaling through the database 
2026-04-12 12:33:18,846 1 INFO odoo_ci_test odoo.registry: Registry loaded in 23.294s 
2026-04-12 12:33:18,846 1 INFO odoo_ci_test odoo.service.server: Starting post tests 
2026-04-12 12:33:18,868 1 INFO odoo_ci_test odoo.service.server: 0 post-tests in 0.02s, 0 queries 
2026-04-12 12:33:18,868 1 INFO odoo_ci_test odoo.tests.stats: sports_federation_competition_engine: 38 tests 1.78s 2204 queries 
2026-04-12 12:33:18,868 1 INFO odoo_ci_test odoo.tests.stats: sports_federation_tournament: 16 tests 0.32s 391 queries 
2026-04-12 12:33:18,869 1 INFO odoo_ci_test odoo.tests.stats: sports_federation_venues: 16 tests 0.28s 260 queries 
2026-04-12 12:33:18,869 1 ERROR odoo_ci_test odoo.tests.result: 1 failed, 2 error(s) of 56 tests when loading database 'odoo_ci_test' 
2026-04-12 12:33:18,869 1 INFO odoo_ci_test odoo.service.server: Initiating shutdown 
2026-04-12 12:33:18,869 1 INFO odoo_ci_test odoo.service.server: Hit CTRL-C again or send a second signal to force the shutdown. 
2026-04-12 12:33:19,090 1 INFO odoo_ci_test odoo.sql_db: ConnectionPool(read/write;used=0/count=0/max=64): Closed 2 connections  

