 Container sf_ci-ci-db-1  Running
Running as user 'root' is a security risk.
2026-04-11 14:15:15,915 1 WARNING ? odoo.tools.config: missing --http-interface/http_interface, using 0.0.0.0 by default, will change to 127.0.0.1 in 20.0 
2026-04-11 14:15:15,915 1 INFO ? odoo: Odoo version 19.0-20260324 
2026-04-11 14:15:15,915 1 INFO ? odoo: Using configuration file at /etc/odoo/odoo.conf 
2026-04-11 14:15:15,915 1 INFO ? odoo: addons paths: _NamespacePath(['/usr/lib/python3/dist-packages/odoo/addons', '/var/lib/odoo/addons/19.0', '/mnt/extra-addons', '/usr/lib/python3/dist-packages/addons']) 
2026-04-11 14:15:15,915 1 INFO ? odoo: database: odoo@ci-db:5432 
2026-04-11 14:15:16,179 1 INFO ? odoo.service.server: HTTP service (werkzeug) running on 4ed823a2aa35:8069 
2026-04-11 14:15:16,198 1 INFO odoo_ci_test odoo.tests.common: Importing test framework 
2026-04-11 14:15:16,226 1 INFO odoo_ci_test odoo.modules.loading: Initializing database odoo_ci_test 
2026-04-11 14:15:17,286 1 INFO odoo_ci_test odoo.modules.loading: loading 1 modules... 
2026-04-11 14:15:17,286 1 INFO odoo_ci_test odoo.modules.loading: Loading module base (1/1) 
2026-04-11 14:15:17,316 1 INFO odoo_ci_test odoo.registry: module base: creating or updating database tables 
2026-04-11 14:15:17,554 1 INFO odoo_ci_test odoo.models: Prepare computation of ir.module.module.menus_by_module 
2026-04-11 14:15:17,554 1 INFO odoo_ci_test odoo.models: Prepare computation of ir.module.module.reports_by_module 
2026-04-11 14:15:17,555 1 INFO odoo_ci_test odoo.models: Prepare computation of ir.module.module.views_by_module 
2026-04-11 14:15:17,626 1 INFO odoo_ci_test odoo.models: Prepare computation of res.partner.user_id 
2026-04-11 14:15:17,626 1 INFO odoo_ci_test odoo.models: Prepare computation of res.partner.commercial_partner_id 
2026-04-11 14:15:17,626 1 INFO odoo_ci_test odoo.models: Prepare computation of res.partner.complete_name 
2026-04-11 14:15:17,627 1 INFO odoo_ci_test odoo.models: Prepare computation of res.partner.lang 
2026-04-11 14:15:17,627 1 INFO odoo_ci_test odoo.models: Prepare computation of res.partner.company_registry 
2026-04-11 14:15:17,627 1 INFO odoo_ci_test odoo.models: Prepare computation of res.partner.commercial_company_name 
2026-04-11 14:15:17,627 1 INFO odoo_ci_test odoo.models: Prepare computation of res.partner.properties 
2026-04-11 14:15:17,627 1 INFO odoo_ci_test odoo.models: Prepare computation of res.partner.partner_share 
2026-04-11 14:15:17,650 1 INFO odoo_ci_test odoo.models: Prepare computation of res.currency.decimal_places 
2026-04-11 14:15:17,667 1 INFO odoo_ci_test odoo.models: Prepare computation of res.company.uses_default_logo 
2026-04-11 14:15:17,667 1 INFO odoo_ci_test odoo.models: Prepare computation of res.company.logo_web 
2026-04-11 14:15:17,668 1 INFO odoo_ci_test odoo.models: Computing parent_path for table res_company... 
2026-04-11 14:15:17,690 1 INFO odoo_ci_test odoo.models: Prepare computation of res.users.signature 
2026-04-11 14:15:17,691 1 INFO odoo_ci_test odoo.models: Prepare computation of res.users.share 
2026-04-11 14:15:18,938 1 INFO odoo_ci_test odoo.modules.loading: loading base/data/res_bank.xml 
2026-04-11 14:15:18,942 1 INFO odoo_ci_test odoo.modules.loading: loading base/data/res.lang.csv 
2026-04-11 14:15:18,980 1 INFO odoo_ci_test odoo.modules.loading: loading base/data/res_lang_data.xml 
2026-04-11 14:15:19,011 1 INFO odoo_ci_test odoo.modules.loading: loading base/data/res_partner_data.xml 
2026-04-11 14:15:19,055 1 INFO odoo_ci_test odoo.modules.loading: loading base/data/res_currency_data.xml 
2026-04-11 14:15:19,517 1 INFO odoo_ci_test odoo.modules.loading: loading base/data/res_company_data.xml 
2026-04-11 14:15:19,525 1 INFO odoo_ci_test odoo.modules.loading: loading base/data/res_users_data.xml 
2026-04-11 14:15:20,543 1 INFO odoo_ci_test odoo.modules.loading: loading base/data/report_paperformat_data.xml 
2026-04-11 14:15:20,550 1 INFO odoo_ci_test odoo.modules.loading: loading base/data/res_country_data.xml 
2026-04-11 14:15:21,069 1 INFO odoo_ci_test odoo.modules.loading: loading base/data/ir_demo_data.xml 
2026-04-11 14:15:21,081 1 INFO odoo_ci_test odoo.modules.loading: loading base/security/base_groups.xml 
2026-04-11 14:15:21,263 1 INFO odoo_ci_test odoo.modules.loading: loading base/security/base_security.xml 
2026-04-11 14:15:21,428 1 INFO odoo_ci_test odoo.modules.loading: loading base/wizard/wizard_ir_model_menu_create_views.xml 
2026-04-11 14:15:21,440 1 INFO odoo_ci_test odoo.modules.loading: loading base/views/base_menus.xml 
2026-04-11 14:15:21,494 1 INFO odoo_ci_test odoo.modules.loading: loading base/views/decimal_precision_views.xml 
2026-04-11 14:15:21,514 1 INFO odoo_ci_test odoo.modules.loading: loading base/views/res_config_views.xml 
2026-04-11 14:15:21,522 1 INFO odoo_ci_test odoo.modules.loading: loading base/data/res.country.state.csv 
2026-04-11 14:15:21,840 1 INFO odoo_ci_test odoo.modules.loading: loading base/views/ir_actions_views.xml 
2026-04-11 14:15:21,973 1 INFO odoo_ci_test odoo.modules.loading: loading base/views/ir_asset_views.xml 
2026-04-11 14:15:21,990 1 INFO odoo_ci_test odoo.modules.loading: loading base/views/ir_config_parameter_views.xml 
2026-04-11 14:15:22,007 1 INFO odoo_ci_test odoo.modules.loading: loading base/views/ir_cron_views.xml 
2026-04-11 14:15:22,034 1 INFO odoo_ci_test odoo.modules.loading: loading base/views/ir_cron_trigger_views.xml 
2026-04-11 14:15:22,050 1 INFO odoo_ci_test odoo.modules.loading: loading base/views/ir_filters_views.xml 
2026-04-11 14:15:22,073 1 INFO odoo_ci_test odoo.modules.loading: loading base/views/ir_mail_server_views.xml 
2026-04-11 14:15:22,093 1 INFO odoo_ci_test odoo.modules.loading: loading base/views/ir_model_views.xml 
2026-04-11 14:15:22,225 1 INFO odoo_ci_test odoo.modules.loading: loading base/views/ir_attachment_views.xml 
2026-04-11 14:15:22,246 1 INFO odoo_ci_test odoo.modules.loading: loading base/views/ir_rule_views.xml 
2026-04-11 14:15:22,265 1 INFO odoo_ci_test odoo.modules.loading: loading base/views/ir_sequence_views.xml 
2026-04-11 14:15:22,286 1 INFO odoo_ci_test odoo.modules.loading: loading base/views/ir_ui_menu_views.xml 
2026-04-11 14:15:22,306 1 INFO odoo_ci_test odoo.modules.loading: loading base/views/ir_ui_view_views.xml 
2026-04-11 14:15:22,352 1 INFO odoo_ci_test odoo.modules.loading: loading base/views/ir_default_views.xml 
2026-04-11 14:15:22,371 1 INFO odoo_ci_test odoo.modules.loading: loading base/data/ir_config_parameter_data.xml 
2026-04-11 14:15:22,374 1 INFO odoo_ci_test odoo.modules.loading: loading base/data/ir_cron_data.xml 
2026-04-11 14:15:22,388 1 INFO odoo_ci_test odoo.modules.loading: loading base/report/ir_model_report.xml 
2026-04-11 14:15:22,392 1 INFO odoo_ci_test odoo.modules.loading: loading base/report/ir_model_templates.xml 
2026-04-11 14:15:22,401 1 INFO odoo_ci_test odoo.modules.loading: loading base/views/ir_logging_views.xml 
2026-04-11 14:15:22,421 1 INFO odoo_ci_test odoo.modules.loading: loading base/views/ir_qweb_widget_templates.xml 
2026-04-11 14:15:22,434 1 INFO odoo_ci_test odoo.modules.loading: loading base/views/ir_module_views.xml 
2026-04-11 14:15:22,485 1 INFO odoo_ci_test odoo.modules.loading: loading base/data/ir_module_category_data.xml 
2026-04-11 14:15:22,521 1 INFO odoo_ci_test odoo.modules.loading: loading base/data/ir_module_module.xml 
2026-04-11 14:15:22,576 1 INFO odoo_ci_test odoo.modules.loading: loading base/report/ir_module_reports.xml 
2026-04-11 14:15:22,580 1 INFO odoo_ci_test odoo.modules.loading: loading base/report/ir_module_report_templates.xml 
2026-04-11 14:15:22,586 1 INFO odoo_ci_test odoo.modules.loading: loading base/wizard/base_module_update_views.xml 
2026-04-11 14:15:22,599 1 INFO odoo_ci_test odoo.modules.loading: loading base/wizard/base_language_install_views.xml 
2026-04-11 14:15:22,614 1 INFO odoo_ci_test odoo.modules.loading: loading base/wizard/base_import_language_views.xml 
2026-04-11 14:15:22,624 1 INFO odoo_ci_test odoo.modules.loading: loading base/wizard/base_module_upgrade_views.xml 
2026-04-11 14:15:22,639 1 INFO odoo_ci_test odoo.modules.loading: loading base/wizard/base_module_uninstall_views.xml 
2026-04-11 14:15:22,647 1 INFO odoo_ci_test odoo.modules.loading: loading base/wizard/base_export_language_views.xml 
2026-04-11 14:15:22,659 1 INFO odoo_ci_test odoo.modules.loading: loading base/wizard/base_partner_merge_views.xml 
2026-04-11 14:15:22,674 1 INFO odoo_ci_test odoo.modules.loading: loading base/data/ir_demo_failure_data.xml 
2026-04-11 14:15:22,691 1 INFO odoo_ci_test odoo.modules.loading: loading base/views/ir_profile_views.xml 
2026-04-11 14:15:22,713 1 INFO odoo_ci_test odoo.modules.loading: loading base/views/res_company_views.xml 
2026-04-11 14:15:22,734 1 INFO odoo_ci_test odoo.modules.loading: loading base/views/res_lang_views.xml 
2026-04-11 14:15:22,754 1 INFO odoo_ci_test odoo.modules.loading: loading base/views/res_partner_views.xml 
2026-04-11 14:15:22,836 1 INFO odoo_ci_test odoo.modules.loading: loading base/views/res_bank_views.xml 
2026-04-11 14:15:22,869 1 INFO odoo_ci_test odoo.modules.loading: loading base/views/res_country_views.xml 
2026-04-11 14:15:22,909 1 INFO odoo_ci_test odoo.modules.loading: loading base/views/res_currency_views.xml 
2026-04-11 14:15:22,944 1 INFO odoo_ci_test odoo.modules.loading: loading base/views/res_groups_views.xml 
2026-04-11 14:15:22,986 1 INFO odoo_ci_test odoo.modules.loading: loading base/views/res_users_views.xml 
2026-04-11 14:15:23,073 1 INFO odoo_ci_test odoo.modules.loading: loading base/views/res_users_apikeys_views.xml 
2026-04-11 14:15:23,079 1 INFO odoo_ci_test odoo.modules.loading: loading base/views/res_device_views.xml 
2026-04-11 14:15:23,098 1 INFO odoo_ci_test odoo.modules.loading: loading base/views/res_users_identitycheck_views.xml 
2026-04-11 14:15:23,106 1 INFO odoo_ci_test odoo.modules.loading: loading base/views/res_config_settings_views.xml 
2026-04-11 14:15:23,114 1 INFO odoo_ci_test odoo.modules.loading: loading base/views/report_paperformat_views.xml 
2026-04-11 14:15:23,136 1 INFO odoo_ci_test odoo.modules.loading: loading base/security/ir.model.access.csv 
2026-04-11 14:15:23,428 1 INFO odoo_ci_test odoo.modules.loading: Module base loaded in 6.14s, 8397 queries (+8397 other) 
2026-04-11 14:15:23,428 1 INFO odoo_ci_test odoo.modules.loading: 1 modules loaded in 6.14s, 8397 queries (+8397 extra) 
2026-04-11 14:15:23,431 1 INFO odoo_ci_test odoo.modules.loading: updating modules list 
2026-04-11 14:15:23,432 1 INFO odoo_ci_test odoo.addons.base.models.ir_module: ALLOW access to module.update_list on [] to user __system__ #1 via n/a 
2026-04-11 14:15:24,251 1 INFO odoo_ci_test odoo.addons.base.models.ir_module: ALLOW access to module.button_install on ['Sports Federation Competition Engine', 'Sports Federation Venues'] to user __system__ #1 via n/a 
2026-04-11 14:15:24,327 1 INFO odoo_ci_test odoo.modules.loading: loading 33 modules... 
2026-04-11 14:15:24,327 1 INFO odoo_ci_test odoo.modules.loading: Loading module rpc (2/33) 
2026-04-11 14:15:24,342 1 INFO odoo_ci_test odoo.modules.loading: Module rpc loaded in 0.01s, 9 queries (+9 other) 
2026-04-11 14:15:24,342 1 INFO odoo_ci_test odoo.modules.loading: Loading module web (3/33) 
2026-04-11 14:15:24,373 1 INFO odoo_ci_test odoo.registry: module web: creating or updating database tables 
2026-04-11 14:15:24,799 1 INFO odoo_ci_test odoo.modules.loading: loading web/security/ir.model.access.csv 
2026-04-11 14:15:24,806 1 INFO odoo_ci_test odoo.modules.loading: loading web/security/web_security.xml 
2026-04-11 14:15:24,817 1 INFO odoo_ci_test odoo.modules.loading: loading web/views/webclient_templates.xml 
2026-04-11 14:15:24,867 1 INFO odoo_ci_test odoo.modules.loading: loading web/views/report_templates.xml 
2026-04-11 14:15:24,951 1 INFO odoo_ci_test odoo.modules.loading: loading web/views/base_document_layout_views.xml 
2026-04-11 14:15:24,966 1 INFO odoo_ci_test odoo.modules.loading: loading web/views/partner_view.xml 
2026-04-11 14:15:24,973 1 INFO odoo_ci_test odoo.modules.loading: loading web/views/speedscope_template.xml 
2026-04-11 14:15:24,978 1 INFO odoo_ci_test odoo.modules.loading: loading web/views/memory_template.xml 
2026-04-11 14:15:24,984 1 INFO odoo_ci_test odoo.modules.loading: loading web/views/speedscope_config_wizard.xml 
2026-04-11 14:15:24,990 1 INFO odoo_ci_test odoo.modules.loading: loading web/views/neutralize_views.xml 
2026-04-11 14:15:24,998 1 INFO odoo_ci_test odoo.modules.loading: loading web/views/ir_ui_view_views.xml 
2026-04-11 14:15:25,008 1 INFO odoo_ci_test odoo.modules.loading: loading web/data/ir_attachment.xml 
2026-04-11 14:15:25,012 1 INFO odoo_ci_test odoo.modules.loading: loading web/data/report_layout.xml 
2026-04-11 14:15:25,065 1 INFO odoo_ci_test odoo.modules.loading: Module web loaded in 0.72s, 1232 queries (+1232 other) 
2026-04-11 14:15:25,065 1 INFO odoo_ci_test odoo.modules.loading: Loading module api_doc (4/33) 
2026-04-11 14:15:25,070 1 INFO odoo_ci_test odoo.registry: module api_doc: creating or updating database tables 
2026-04-11 14:15:25,086 1 INFO odoo_ci_test odoo.modules.loading: loading api_doc/security/res_groups.xml 
2026-04-11 14:15:25,106 1 INFO odoo_ci_test odoo.modules.loading: loading api_doc/views/docclient.xml 
2026-04-11 14:15:25,123 1 INFO odoo_ci_test odoo.modules.loading: Module api_doc loaded in 0.06s, 63 queries (+63 other) 
2026-04-11 14:15:25,123 1 INFO odoo_ci_test odoo.modules.loading: Loading module auth_totp (5/33) 
2026-04-11 14:15:25,137 1 INFO odoo_ci_test odoo.registry: module auth_totp: creating or updating database tables 
2026-04-11 14:15:25,198 1 INFO odoo_ci_test odoo.modules.loading: loading auth_totp/security/security.xml 
2026-04-11 14:15:25,218 1 INFO odoo_ci_test odoo.modules.loading: loading auth_totp/security/ir.model.access.csv 
2026-04-11 14:15:25,224 1 INFO odoo_ci_test odoo.modules.loading: loading auth_totp/data/ir_action_data.xml 
2026-04-11 14:15:25,230 1 INFO odoo_ci_test odoo.modules.loading: loading auth_totp/views/res_users_views.xml 
2026-04-11 14:15:25,256 1 INFO odoo_ci_test odoo.modules.loading: loading auth_totp/views/templates.xml 
2026-04-11 14:15:25,261 1 INFO odoo_ci_test odoo.modules.loading: loading auth_totp/wizard/auth_totp_wizard_views.xml 
2026-04-11 14:15:25,282 1 INFO odoo_ci_test odoo.modules.loading: Module auth_totp loaded in 0.16s, 218 queries (+218 other) 
2026-04-11 14:15:25,282 1 INFO odoo_ci_test odoo.modules.loading: Loading module base_import (6/33) 
2026-04-11 14:15:25,317 1 INFO odoo_ci_test odoo.registry: module base_import: creating or updating database tables 
2026-04-11 14:15:25,737 1 INFO odoo_ci_test odoo.modules.loading: loading base_import/security/ir.model.access.csv 
2026-04-11 14:15:25,750 1 INFO odoo_ci_test odoo.modules.loading: Module base_import loaded in 0.47s, 956 queries (+956 other) 
2026-04-11 14:15:25,750 1 INFO odoo_ci_test odoo.modules.loading: Loading module base_import_module (7/33) 
2026-04-11 14:15:25,756 1 INFO odoo_ci_test odoo.registry: module base_import_module: creating or updating database tables 
2026-04-11 14:15:25,813 1 INFO odoo_ci_test odoo.modules.loading: loading base_import_module/security/ir.model.access.csv 
2026-04-11 14:15:25,818 1 INFO odoo_ci_test odoo.modules.loading: loading base_import_module/views/base_import_module_view.xml 
2026-04-11 14:15:25,835 1 INFO odoo_ci_test odoo.modules.loading: loading base_import_module/views/ir_module_views.xml 
2026-04-11 14:15:25,876 1 INFO odoo_ci_test odoo.modules.loading: Module base_import_module loaded in 0.13s, 172 queries (+172 other) 
2026-04-11 14:15:25,876 1 INFO odoo_ci_test odoo.modules.loading: Loading module base_setup (8/33) 
2026-04-11 14:15:25,883 1 INFO odoo_ci_test odoo.registry: module base_setup: creating or updating database tables 
2026-04-11 14:15:25,923 1 INFO odoo_ci_test odoo.modules.loading: loading base_setup/data/base_setup_data.xml 
2026-04-11 14:15:25,927 1 INFO odoo_ci_test odoo.modules.loading: loading base_setup/views/res_config_settings_views.xml 
2026-04-11 14:15:25,954 1 INFO odoo_ci_test odoo.modules.loading: loading base_setup/views/res_partner_views.xml 
2026-04-11 14:15:25,971 1 INFO odoo_ci_test odoo.modules.loading: Module base_setup loaded in 0.10s, 152 queries (+152 other) 
2026-04-11 14:15:25,971 1 INFO odoo_ci_test odoo.modules.loading: Loading module bus (9/33) 
2026-04-11 14:15:25,988 1 INFO odoo_ci_test odoo.registry: module bus: creating or updating database tables 
2026-04-11 14:15:26,068 1 INFO odoo_ci_test odoo.modules.loading: loading bus/security/ir.model.access.csv 
2026-04-11 14:15:26,081 1 INFO odoo_ci_test odoo.modules.loading: Module bus loaded in 0.11s, 152 queries (+152 other) 
2026-04-11 14:15:26,081 1 INFO odoo_ci_test odoo.modules.loading: Loading module web_tour (10/33) 
2026-04-11 14:15:26,089 1 INFO odoo_ci_test odoo.registry: module web_tour: creating or updating database tables 
2026-04-11 14:15:26,093 1 INFO odoo_ci_test odoo.models: Prepare computation of res.users.tour_enabled 
2026-04-11 14:15:26,156 1 INFO odoo_ci_test odoo.modules.loading: loading web_tour/security/ir.model.access.csv 
2026-04-11 14:15:26,163 1 INFO odoo_ci_test odoo.modules.loading: loading web_tour/views/tour_views.xml 
2026-04-11 14:15:26,200 1 INFO odoo_ci_test odoo.modules.loading: Module web_tour loaded in 0.12s, 180 queries (+180 other) 
2026-04-11 14:15:26,200 1 INFO odoo_ci_test odoo.modules.loading: Loading module auth_passkey (11/33) 
2026-04-11 14:15:26,233 1 INFO odoo_ci_test odoo.registry: module auth_passkey: creating or updating database tables 
2026-04-11 14:15:26,285 1 INFO odoo_ci_test odoo.modules.loading: loading auth_passkey/views/auth_passkey_key_views.xml 
2026-04-11 14:15:26,305 1 INFO odoo_ci_test odoo.modules.loading: loading auth_passkey/views/auth_passkey_login_templates.xml 
2026-04-11 14:15:26,320 1 INFO odoo_ci_test odoo.modules.loading: loading auth_passkey/views/res_users_identitycheck_views.xml 
2026-04-11 14:15:26,329 1 INFO odoo_ci_test odoo.modules.loading: loading auth_passkey/views/res_users_views.xml 
2026-04-11 14:15:26,346 1 INFO odoo_ci_test odoo.modules.loading: loading auth_passkey/security/ir.model.access.csv 
2026-04-11 14:15:26,353 1 INFO odoo_ci_test odoo.modules.loading: loading auth_passkey/security/security.xml 
2026-04-11 14:15:26,377 1 INFO odoo_ci_test odoo.modules.loading: Module auth_passkey loaded in 0.18s, 218 queries (+218 other) 
2026-04-11 14:15:26,377 1 INFO odoo_ci_test odoo.modules.loading: Loading module html_editor (12/33) 
2026-04-11 14:15:26,530 1 INFO odoo_ci_test odoo.registry: module html_editor: creating or updating database tables 
2026-04-11 14:15:26,988 1 INFO odoo_ci_test odoo.modules.loading: loading html_editor/security/ir.model.access.csv 
2026-04-11 14:15:27,003 1 INFO odoo_ci_test odoo.modules.loading: Module html_editor loaded in 0.63s, 1034 queries (+1034 other) 
2026-04-11 14:15:27,003 1 INFO odoo_ci_test odoo.modules.loading: Loading module iap (13/33) 
2026-04-11 14:15:27,007 1 INFO odoo_ci_test odoo.registry: module iap: creating or updating database tables 
2026-04-11 14:15:27,060 1 INFO odoo_ci_test odoo.modules.loading: loading iap/data/services.xml 
2026-04-11 14:15:27,064 1 INFO odoo_ci_test odoo.modules.loading: loading iap/security/ir.model.access.csv 
2026-04-11 14:15:27,071 1 INFO odoo_ci_test odoo.modules.loading: loading iap/security/ir_rule.xml 
2026-04-11 14:15:27,078 1 INFO odoo_ci_test odoo.modules.loading: loading iap/views/iap_views.xml 
2026-04-11 14:15:27,100 1 INFO odoo_ci_test odoo.modules.loading: loading iap/views/res_config_settings.xml 
2026-04-11 14:15:27,121 1 INFO odoo_ci_test odoo.modules.loading: Module iap loaded in 0.12s, 182 queries (+182 other) 
2026-04-11 14:15:27,121 1 INFO odoo_ci_test odoo.modules.loading: Loading module mail (14/33) 
2026-04-11 14:15:27,184 1 INFO odoo_ci_test odoo.registry: module mail: creating or updating database tables 
2026-04-11 14:15:27,348 1 INFO odoo_ci_test odoo.models: Prepare computation of ir.actions.server.partner_ids 
2026-04-11 14:15:27,348 1 INFO odoo_ci_test odoo.models: Prepare computation of ir.actions.server.activity_user_id 
2026-04-11 14:15:27,351 1 INFO odoo_ci_test odoo.models: Prepare computation of ir.actions.server.activity_type_id 
2026-04-11 14:15:27,351 1 INFO odoo_ci_test odoo.models: Prepare computation of ir.actions.server.template_id 
2026-04-11 14:15:27,351 1 INFO odoo_ci_test odoo.models: Prepare computation of ir.actions.server.activity_date_deadline_range 
2026-04-11 14:15:27,351 1 INFO odoo_ci_test odoo.models: Prepare computation of ir.actions.server.activity_summary 
2026-04-11 14:15:27,351 1 INFO odoo_ci_test odoo.models: Prepare computation of ir.actions.server.followers_type 
2026-04-11 14:15:27,351 1 INFO odoo_ci_test odoo.models: Prepare computation of ir.actions.server.followers_partner_field_name 
2026-04-11 14:15:27,351 1 INFO odoo_ci_test odoo.models: Prepare computation of ir.actions.server.mail_post_method 
2026-04-11 14:15:27,351 1 INFO odoo_ci_test odoo.models: Prepare computation of ir.actions.server.activity_date_deadline_range_type 
2026-04-11 14:15:27,352 1 INFO odoo_ci_test odoo.models: Prepare computation of ir.actions.server.activity_user_type 
2026-04-11 14:15:27,352 1 INFO odoo_ci_test odoo.models: Prepare computation of ir.actions.server.activity_user_field_name 
2026-04-11 14:15:27,352 1 INFO odoo_ci_test odoo.models: Prepare computation of ir.actions.server.activity_note 
2026-04-11 14:15:27,352 1 INFO odoo_ci_test odoo.models: Prepare computation of ir.actions.server.mail_post_autofollow 
2026-04-11 14:15:27,410 1 INFO odoo_ci_test odoo.models: Prepare computation of res.users.notification_type 
2026-04-11 14:15:27,460 1 INFO odoo_ci_test odoo.models: Prepare computation of res.partner.email_normalized 
<string>:38: (ERROR/3) Unexpected indentation.
<string>:43: (WARNING/2) Block quote ends without a blank line; unexpected unindent.
2026-04-11 14:15:28,715 1 INFO odoo_ci_test odoo.modules.loading: loading mail/data/mail_groups.xml 
2026-04-11 14:15:28,736 1 INFO odoo_ci_test odoo.modules.loading: loading mail/wizard/mail_activity_schedule_views.xml 
2026-04-11 14:15:28,748 1 INFO odoo_ci_test odoo.modules.loading: loading mail/wizard/mail_blacklist_remove_views.xml 
2026-04-11 14:15:28,754 1 INFO odoo_ci_test odoo.modules.loading: loading mail/wizard/mail_compose_message_views.xml 
2026-04-11 14:15:28,772 1 INFO odoo_ci_test odoo.modules.loading: loading mail/wizard/mail_template_preview_views.xml 
2026-04-11 14:15:28,781 1 INFO odoo_ci_test odoo.modules.loading: loading mail/wizard/mail_followers_edit_views.xml 
2026-04-11 14:15:28,793 1 INFO odoo_ci_test odoo.modules.loading: loading mail/wizard/mail_template_reset_views.xml 
2026-04-11 14:15:28,802 1 INFO odoo_ci_test odoo.modules.loading: loading mail/views/fetchmail_views.xml 
2026-04-11 14:15:28,819 1 INFO odoo_ci_test odoo.modules.loading: loading mail/views/ir_cron_views.xml 
2026-04-11 14:15:28,830 1 INFO odoo_ci_test odoo.modules.loading: loading mail/views/ir_filters_views.xml 
2026-04-11 14:15:28,846 1 INFO odoo_ci_test odoo.modules.loading: loading mail/views/ir_mail_server_views.xml 
2026-04-11 14:15:28,855 1 INFO odoo_ci_test odoo.modules.loading: loading mail/views/mail_message_subtype_views.xml 
2026-04-11 14:15:28,870 1 INFO odoo_ci_test odoo.modules.loading: loading mail/views/mail_tracking_value_views.xml 
2026-04-11 14:15:28,882 1 INFO odoo_ci_test odoo.modules.loading: loading mail/views/mail_notification_views.xml 
2026-04-11 14:15:28,893 1 INFO odoo_ci_test odoo.modules.loading: loading mail/views/mail_message_views.xml 
2026-04-11 14:15:28,921 1 INFO odoo_ci_test odoo.modules.loading: loading mail/views/mail_message_schedule_views.xml 
2026-04-11 14:15:28,935 1 INFO odoo_ci_test odoo.modules.loading: loading mail/views/mail_mail_views.xml 
2026-04-11 14:15:28,958 1 INFO odoo_ci_test odoo.modules.loading: loading mail/views/mail_followers_views.xml 
2026-04-11 14:15:28,969 1 INFO odoo_ci_test odoo.modules.loading: loading mail/views/mail_ice_server_views.xml 
2026-04-11 14:15:28,989 1 INFO odoo_ci_test odoo.modules.loading: loading mail/views/discuss_channel_member_views.xml 
2026-04-11 14:15:29,002 1 INFO odoo_ci_test odoo.modules.loading: loading mail/views/discuss_channel_rtc_session_views.xml 
2026-04-11 14:15:29,018 1 INFO odoo_ci_test odoo.modules.loading: loading mail/views/mail_link_preview_views.xml 
2026-04-11 14:15:29,035 1 INFO odoo_ci_test odoo.modules.loading: loading mail/views/discuss/discuss_gif_favorite_views.xml 
2026-04-11 14:15:29,047 1 INFO odoo_ci_test odoo.modules.loading: loading mail/views/discuss_channel_views.xml 
2026-04-11 14:15:29,078 1 INFO odoo_ci_test odoo.modules.loading: loading mail/views/mail_canned_response_views.xml 
2026-04-11 14:15:29,102 1 INFO odoo_ci_test odoo.modules.loading: loading mail/views/res_role_views.xml 
2026-04-11 14:15:29,118 1 INFO odoo_ci_test odoo.modules.loading: loading mail/views/mail_activity_views.xml 
2026-04-11 14:15:29,210 1 INFO odoo_ci_test odoo.modules.loading: loading mail/views/mail_activity_plan_views.xml 
2026-04-11 14:15:29,247 1 INFO odoo_ci_test odoo.modules.loading: loading mail/views/mail_activity_plan_template_views.xml 
2026-04-11 14:15:29,258 1 INFO odoo_ci_test odoo.modules.loading: loading mail/views/res_config_settings_views.xml 
2026-04-11 14:15:29,280 1 INFO odoo_ci_test odoo.modules.loading: loading mail/data/ir_config_parameter_data.xml 
2026-04-11 14:15:29,285 1 INFO odoo_ci_test odoo.modules.loading: loading mail/data/res_partner_data.xml 
2026-04-11 14:15:29,347 1 INFO odoo_ci_test odoo.modules.loading: loading mail/data/mail_message_subtype_data.xml 
2026-04-11 14:15:29,354 1 INFO odoo_ci_test odoo.modules.loading: loading mail/data/mail_templates_chatter.xml 
2026-04-11 14:15:29,371 1 INFO odoo_ci_test odoo.modules.loading: loading mail/data/mail_templates_email_layouts.xml 
2026-04-11 14:15:29,389 1 INFO odoo_ci_test odoo.modules.loading: loading mail/data/mail_templates_mailgateway.xml 
2026-04-11 14:15:29,405 1 INFO odoo_ci_test odoo.modules.loading: loading mail/data/discuss_channel_data.xml 
2026-04-11 14:15:29,439 1 INFO odoo_ci_test odoo.modules.loading: loading mail/data/mail_activity_type_data.xml 
2026-04-11 14:15:29,451 1 INFO odoo_ci_test odoo.modules.loading: loading mail/data/security_notifications_templates.xml 
2026-04-11 14:15:29,456 1 INFO odoo_ci_test odoo.modules.loading: loading mail/data/ir_cron_data.xml 
2026-04-11 14:15:29,551 1 INFO odoo_ci_test odoo.modules.loading: loading mail/data/ir_actions_client.xml 
2026-04-11 14:15:29,555 1 INFO odoo_ci_test odoo.modules.loading: loading mail/security/mail_security.xml 
2026-04-11 14:15:29,694 1 INFO odoo_ci_test odoo.modules.loading: loading mail/security/ir.model.access.csv 
2026-04-11 14:15:29,737 1 INFO odoo_ci_test odoo.modules.loading: loading mail/views/discuss_public_templates.xml 
2026-04-11 14:15:29,743 1 INFO odoo_ci_test odoo.modules.loading: loading mail/views/mail_alias_domain_views.xml 
2026-04-11 14:15:29,759 1 INFO odoo_ci_test odoo.modules.loading: loading mail/views/mail_alias_views.xml 
2026-04-11 14:15:29,778 1 INFO odoo_ci_test odoo.modules.loading: loading mail/views/mail_gateway_allowed_views.xml 
2026-04-11 14:15:29,791 1 INFO odoo_ci_test odoo.modules.loading: loading mail/views/mail_guest_views.xml 
2026-04-11 14:15:29,804 1 INFO odoo_ci_test odoo.modules.loading: loading mail/views/mail_message_reaction_views.xml 
2026-04-11 14:15:29,817 1 INFO odoo_ci_test odoo.modules.loading: loading mail/views/mail_templates_public.xml 
2026-04-11 14:15:29,826 1 INFO odoo_ci_test odoo.modules.loading: loading mail/views/res_users_views.xml 
2026-04-11 14:15:29,855 1 INFO odoo_ci_test odoo.modules.loading: loading mail/views/res_users_settings_views.xml 
2026-04-11 14:15:29,871 1 INFO odoo_ci_test odoo.modules.loading: loading mail/views/mail_template_views.xml 
2026-04-11 14:15:29,894 1 INFO odoo_ci_test odoo.modules.loading: loading mail/views/ir_actions_server_views.xml 
2026-04-11 14:15:29,912 1 INFO odoo_ci_test odoo.modules.loading: loading mail/views/ir_model_views.xml 
2026-04-11 14:15:29,946 1 INFO odoo_ci_test odoo.modules.loading: loading mail/views/res_partner_views.xml 
2026-04-11 14:15:29,994 1 INFO odoo_ci_test odoo.modules.loading: loading mail/views/mail_blacklist_views.xml 
2026-04-11 14:15:30,013 1 INFO odoo_ci_test odoo.modules.loading: loading mail/views/mail_menus.xml 
2026-04-11 14:15:30,141 1 INFO odoo_ci_test odoo.modules.loading: loading mail/views/discuss/discuss_menus.xml 
2026-04-11 14:15:30,146 1 INFO odoo_ci_test odoo.modules.loading: loading mail/views/discuss/discuss_call_history_views.xml 
2026-04-11 14:15:30,163 1 INFO odoo_ci_test odoo.modules.loading: loading mail/views/res_company_views.xml 
2026-04-11 14:15:30,174 1 INFO odoo_ci_test odoo.modules.loading: loading mail/views/mail_scheduled_message_views.xml 
2026-04-11 14:15:30,182 1 INFO odoo_ci_test odoo.modules.loading: loading mail/data/mail_canned_response_data.xml 
2026-04-11 14:15:30,191 1 INFO odoo_ci_test odoo.modules.loading: loading mail/data/mail_templates_invite.xml 
2026-04-11 14:15:30,205 1 INFO odoo_ci_test odoo.modules.loading: loading mail/data/web_tour_tour.xml 
2026-04-11 14:15:30,281 1 INFO odoo_ci_test odoo.modules.loading: Module mail loaded in 3.16s, 4978 queries (+4979 other) 
2026-04-11 14:15:30,281 1 INFO odoo_ci_test odoo.modules.loading: Loading module web_unsplash (15/33) 
2026-04-11 14:15:30,294 1 INFO odoo_ci_test odoo.registry: module web_unsplash: creating or updating database tables 
2026-04-11 14:15:30,341 1 INFO odoo_ci_test odoo.modules.loading: loading web_unsplash/views/res_config_settings_view.xml 
2026-04-11 14:15:30,374 1 INFO odoo_ci_test odoo.modules.loading: Module web_unsplash loaded in 0.09s, 112 queries (+112 other) 
2026-04-11 14:15:30,374 1 INFO odoo_ci_test odoo.modules.loading: Loading module auth_signup (16/33) 
2026-04-11 14:15:30,388 1 INFO odoo_ci_test odoo.registry: module auth_signup: creating or updating database tables 
2026-04-11 14:15:30,449 1 INFO odoo_ci_test odoo.modules.loading: loading auth_signup/data/ir_config_parameter_data.xml 
2026-04-11 14:15:30,453 1 INFO odoo_ci_test odoo.modules.loading: loading auth_signup/data/ir_cron_data.xml 
2026-04-11 14:15:30,475 1 INFO odoo_ci_test odoo.modules.loading: loading auth_signup/data/mail_template_data.xml 
2026-04-11 14:15:30,554 1 INFO odoo_ci_test odoo.modules.loading: loading auth_signup/views/res_config_settings_views.xml 
2026-04-11 14:15:30,569 1 INFO odoo_ci_test odoo.modules.loading: loading auth_signup/views/res_users_views.xml 
2026-04-11 14:15:30,593 1 INFO odoo_ci_test odoo.modules.loading: loading auth_signup/views/auth_signup_login_templates.xml 
2026-04-11 14:15:30,611 1 INFO odoo_ci_test odoo.modules.loading: loading auth_signup/views/auth_signup_templates_email.xml 
2026-04-11 14:15:30,618 1 INFO odoo_ci_test odoo.modules.loading: loading auth_signup/views/webclient_templates.xml 
2026-04-11 14:15:30,646 1 INFO odoo_ci_test odoo.modules.loading: Module auth_signup loaded in 0.27s, 255 queries (+255 other) 
2026-04-11 14:15:30,646 1 INFO odoo_ci_test odoo.modules.loading: Loading module auth_totp_mail (17/33) 
2026-04-11 14:15:30,656 1 INFO odoo_ci_test odoo.registry: module auth_totp_mail: creating or updating database tables 
2026-04-11 14:15:30,695 1 INFO odoo_ci_test odoo.modules.loading: loading auth_totp_mail/data/ir_action_data.xml 
2026-04-11 14:15:30,717 1 INFO odoo_ci_test odoo.modules.loading: loading auth_totp_mail/data/mail_template_data.xml 
2026-04-11 14:15:30,755 1 INFO odoo_ci_test odoo.modules.loading: loading auth_totp_mail/data/security_notifications_template.xml 
2026-04-11 14:15:30,762 1 INFO odoo_ci_test odoo.modules.loading: loading auth_totp_mail/views/res_config_settings_views.xml 
2026-04-11 14:15:30,779 1 INFO odoo_ci_test odoo.modules.loading: loading auth_totp_mail/views/res_users_views.xml 
2026-04-11 14:15:30,799 1 INFO odoo_ci_test odoo.modules.loading: loading auth_totp_mail/views/templates.xml 
2026-04-11 14:15:30,823 1 INFO odoo_ci_test odoo.modules.loading: Module auth_totp_mail loaded in 0.18s, 189 queries (+189 other) 
2026-04-11 14:15:30,823 1 INFO odoo_ci_test odoo.modules.loading: Loading module base_install_request (18/33) 
2026-04-11 14:15:30,828 1 INFO odoo_ci_test odoo.registry: module base_install_request: creating or updating database tables 
2026-04-11 14:15:30,881 1 INFO odoo_ci_test odoo.modules.loading: loading base_install_request/security/ir.model.access.csv 
2026-04-11 14:15:30,889 1 INFO odoo_ci_test odoo.modules.loading: loading base_install_request/wizard/base_module_install_request_views.xml 
2026-04-11 14:15:30,906 1 INFO odoo_ci_test odoo.modules.loading: loading base_install_request/data/mail_template_data.xml 
2026-04-11 14:15:30,912 1 INFO odoo_ci_test odoo.modules.loading: loading base_install_request/data/mail_templates_module_install.xml 
2026-04-11 14:15:30,916 1 INFO odoo_ci_test odoo.modules.loading: loading base_install_request/views/ir_module_module_views.xml 
2026-04-11 14:15:30,938 1 INFO odoo_ci_test odoo.modules.loading: Module base_install_request loaded in 0.12s, 154 queries (+154 other) 
2026-04-11 14:15:30,938 1 INFO odoo_ci_test odoo.modules.loading: Loading module google_gmail (19/33) 
2026-04-11 14:15:30,950 1 INFO odoo_ci_test odoo.registry: module google_gmail: creating or updating database tables 
2026-04-11 14:15:31,002 1 INFO odoo_ci_test odoo.modules.loading: loading google_gmail/views/fetchmail_server_views.xml 
2026-04-11 14:15:31,016 1 INFO odoo_ci_test odoo.modules.loading: loading google_gmail/views/ir_mail_server_views.xml 
2026-04-11 14:15:31,027 1 INFO odoo_ci_test odoo.modules.loading: loading google_gmail/views/res_config_settings_views.xml 
2026-04-11 14:15:31,047 1 INFO odoo_ci_test odoo.modules.loading: loading google_gmail/views/templates.xml 
2026-04-11 14:15:31,058 1 INFO odoo_ci_test odoo.modules.loading: Module google_gmail loaded in 0.12s, 155 queries (+155 other) 
2026-04-11 14:15:31,058 1 INFO odoo_ci_test odoo.modules.loading: Loading module iap_mail (20/33) 
2026-04-11 14:15:31,062 1 INFO odoo_ci_test odoo.registry: module iap_mail: creating or updating database tables 
2026-04-11 14:15:31,089 1 INFO odoo_ci_test odoo.modules.loading: loading iap_mail/data/mail_templates.xml 
2026-04-11 14:15:31,126 1 INFO odoo_ci_test odoo.modules.loading: loading iap_mail/views/iap_views.xml 
2026-04-11 14:15:31,144 1 INFO odoo_ci_test odoo.modules.loading: Module iap_mail loaded in 0.09s, 70 queries (+70 other) 
2026-04-11 14:15:31,144 1 INFO odoo_ci_test odoo.modules.loading: Loading module mail_bot (21/33) 
2026-04-11 14:15:31,154 1 INFO odoo_ci_test odoo.registry: module mail_bot: creating or updating database tables 
2026-04-11 14:15:31,194 1 INFO odoo_ci_test odoo.modules.loading: loading mail_bot/views/res_users_views.xml 
2026-04-11 14:15:31,211 1 INFO odoo_ci_test odoo.modules.loading: loading mail_bot/data/mailbot_data.xml 
2026-04-11 14:15:31,223 1 INFO odoo_ci_test odoo.modules.loading: Module mail_bot loaded in 0.08s, 109 queries (+109 other) 
2026-04-11 14:15:31,223 1 INFO odoo_ci_test odoo.modules.loading: Loading module microsoft_outlook (22/33) 
2026-04-11 14:15:31,235 1 INFO odoo_ci_test odoo.registry: module microsoft_outlook: creating or updating database tables 
2026-04-11 14:15:31,288 1 INFO odoo_ci_test odoo.modules.loading: loading microsoft_outlook/views/fetchmail_server_views.xml 
2026-04-11 14:15:31,303 1 INFO odoo_ci_test odoo.modules.loading: loading microsoft_outlook/views/ir_mail_server_views.xml 
2026-04-11 14:15:31,314 1 INFO odoo_ci_test odoo.modules.loading: loading microsoft_outlook/views/res_config_settings_views.xml 
2026-04-11 14:15:31,334 1 INFO odoo_ci_test odoo.modules.loading: loading microsoft_outlook/views/templates.xml 
2026-04-11 14:15:31,345 1 INFO odoo_ci_test odoo.modules.loading: Module microsoft_outlook loaded in 0.12s, 158 queries (+158 other) 
2026-04-11 14:15:31,346 1 INFO odoo_ci_test odoo.modules.loading: Loading module phone_validation (23/33) 
2026-04-11 14:15:31,437 1 INFO odoo_ci_test odoo.registry: module phone_validation: creating or updating database tables 
2026-04-11 14:15:31,447 1 INFO odoo_ci_test odoo.models: Prepare computation of res.partner.phone_sanitized 
2026-04-11 14:15:32,137 1 INFO odoo_ci_test odoo.modules.loading: loading phone_validation/security/ir.model.access.csv 
2026-04-11 14:15:32,144 1 INFO odoo_ci_test odoo.modules.loading: loading phone_validation/views/phone_blacklist_views.xml 
2026-04-11 14:15:32,171 1 INFO odoo_ci_test odoo.modules.loading: loading phone_validation/views/res_partner_views.xml 
2026-04-11 14:15:32,181 1 INFO odoo_ci_test odoo.modules.loading: loading phone_validation/wizard/phone_blacklist_remove_view.xml 
2026-04-11 14:15:32,198 1 INFO odoo_ci_test odoo.modules.loading: Module phone_validation loaded in 0.85s, 1627 queries (+1627 other) 
2026-04-11 14:15:32,198 1 INFO odoo_ci_test odoo.modules.loading: Loading module privacy_lookup (24/33) 
2026-04-11 14:15:32,212 1 INFO odoo_ci_test odoo.registry: module privacy_lookup: creating or updating database tables 
2026-04-11 14:15:32,304 1 INFO odoo_ci_test odoo.modules.loading: loading privacy_lookup/wizard/privacy_lookup_wizard_views.xml 
2026-04-11 14:15:32,351 1 INFO odoo_ci_test odoo.modules.loading: loading privacy_lookup/views/privacy_log_views.xml 
2026-04-11 14:15:32,370 1 INFO odoo_ci_test odoo.modules.loading: loading privacy_lookup/security/ir.model.access.csv 
2026-04-11 14:15:32,385 1 INFO odoo_ci_test odoo.modules.loading: loading privacy_lookup/data/ir_actions_server_data.xml 
2026-04-11 14:15:32,428 1 INFO odoo_ci_test odoo.modules.loading: Module privacy_lookup loaded in 0.23s, 293 queries (+293 other) 
2026-04-11 14:15:32,428 1 INFO odoo_ci_test odoo.modules.loading: Loading module sports_federation_base (25/33) 
2026-04-11 14:15:32,436 1 INFO odoo_ci_test odoo.registry: module sports_federation_base: creating or updating database tables 
<string>:26: (WARNING/2) Line block ends without a blank line.
<string>:44: (WARNING/2) Line block ends without a blank line.
<string>:58: (WARNING/2) Line block ends without a blank line.
<string>:73: (WARNING/2) Line block ends without a blank line.
<string>:93: (WARNING/2) Line block ends without a blank line.
<string>:26: (ERROR/3) Undefined substitution referenced: "-------".
<string>:26: (ERROR/3) Undefined substitution referenced: "-------------".
<string>:44: (ERROR/3) Undefined substitution referenced: "-------".
<string>:44: (ERROR/3) Undefined substitution referenced: "-------------".
<string>:58: (ERROR/3) Undefined substitution referenced: "-------".
<string>:58: (ERROR/3) Undefined substitution referenced: "-------------".
<string>:73: (ERROR/3) Undefined substitution referenced: "-------".
<string>:73: (ERROR/3) Undefined substitution referenced: "-------------".
<string>:93: (ERROR/3) Undefined substitution referenced: "-------".
<string>:93: (ERROR/3) Undefined substitution referenced: "-------------".
2026-04-11 14:15:32,559 1 INFO odoo_ci_test odoo.modules.loading: loading sports_federation_base/security/res_groups.xml 
2026-04-11 14:15:32,582 1 INFO odoo_ci_test odoo.modules.loading: loading sports_federation_base/security/ir.model.access.csv 
2026-04-11 14:15:32,600 1 INFO odoo_ci_test odoo.modules.loading: loading sports_federation_base/data/ir_sequence.xml 
2026-04-11 14:15:32,605 1 INFO odoo_ci_test odoo.modules.loading: loading sports_federation_base/views/federation_season_registration_views.xml 
2026-04-11 14:15:32,621 1 INFO odoo_ci_test odoo.modules.loading: loading sports_federation_base/views/federation_season_views.xml 
2026-04-11 14:15:32,638 1 INFO odoo_ci_test odoo.modules.loading: loading sports_federation_base/views/federation_team_views.xml 
2026-04-11 14:15:32,655 1 INFO odoo_ci_test odoo.modules.loading: loading sports_federation_base/views/federation_club_views.xml 
2026-04-11 14:15:32,674 1 INFO odoo_ci_test odoo.modules.loading: loading sports_federation_base/views/menu_items.xml 
2026-04-11 14:15:32,706 1 INFO odoo_ci_test odoo.modules.loading: Module sports_federation_base loaded in 0.28s, 334 queries (+334 other) 
2026-04-11 14:15:32,706 1 INFO odoo_ci_test odoo.modules.loading: Loading module partner_autocomplete (26/33) 
2026-04-11 14:15:32,726 1 INFO odoo_ci_test odoo.registry: module partner_autocomplete: creating or updating database tables 
2026-04-11 14:15:32,797 1 INFO odoo_ci_test odoo.modules.loading: loading partner_autocomplete/views/res_company_views.xml 
2026-04-11 14:15:32,812 1 INFO odoo_ci_test odoo.modules.loading: loading partner_autocomplete/views/res_config_settings_views.xml 
2026-04-11 14:15:32,827 1 INFO odoo_ci_test odoo.modules.loading: loading partner_autocomplete/data/iap_service_data.xml 
2026-04-11 14:15:32,837 1 INFO odoo_ci_test odoo.modules.loading: Module partner_autocomplete loaded in 0.13s, 141 queries (+141 other) 
2026-04-11 14:15:32,837 1 INFO odoo_ci_test odoo.modules.loading: Loading module sms (27/33) 
2026-04-11 14:15:32,921 1 INFO odoo_ci_test odoo.registry: module sms: creating or updating database tables 
2026-04-11 14:15:32,930 1 INFO odoo_ci_test odoo.models: Prepare computation of ir.actions.server.sms_template_id 
2026-04-11 14:15:32,930 1 INFO odoo_ci_test odoo.models: Prepare computation of ir.actions.server.sms_method 
2026-04-11 14:15:33,767 1 INFO odoo_ci_test odoo.modules.loading: loading sms/data/iap_service_data.xml 
2026-04-11 14:15:33,772 1 INFO odoo_ci_test odoo.modules.loading: loading sms/data/ir_cron_data.xml 
2026-04-11 14:15:33,796 1 INFO odoo_ci_test odoo.modules.loading: loading sms/wizard/sms_account_code_views.xml 
2026-04-11 14:15:33,807 1 INFO odoo_ci_test odoo.modules.loading: loading sms/wizard/sms_account_phone_views.xml 
2026-04-11 14:15:33,813 1 INFO odoo_ci_test odoo.modules.loading: loading sms/wizard/sms_account_sender_views.xml 
2026-04-11 14:15:33,820 1 INFO odoo_ci_test odoo.modules.loading: loading sms/wizard/sms_composer_views.xml 
2026-04-11 14:15:33,832 1 INFO odoo_ci_test odoo.modules.loading: loading sms/wizard/sms_template_preview_views.xml 
2026-04-11 14:15:33,842 1 INFO odoo_ci_test odoo.modules.loading: loading sms/wizard/sms_template_reset_views.xml 
2026-04-11 14:15:33,853 1 INFO odoo_ci_test odoo.modules.loading: loading sms/views/ir_actions_server_views.xml 
2026-04-11 14:15:33,869 1 INFO odoo_ci_test odoo.modules.loading: loading sms/views/mail_notification_views.xml 
2026-04-11 14:15:33,883 1 INFO odoo_ci_test odoo.modules.loading: loading sms/views/res_config_settings_views.xml 
2026-04-11 14:15:33,897 1 INFO odoo_ci_test odoo.modules.loading: loading sms/views/res_partner_views.xml 
2026-04-11 14:15:33,913 1 INFO odoo_ci_test odoo.modules.loading: loading sms/views/iap_account_views.xml 
2026-04-11 14:15:33,924 1 INFO odoo_ci_test odoo.modules.loading: loading sms/views/sms_sms_views.xml 
2026-04-11 14:15:33,951 1 INFO odoo_ci_test odoo.modules.loading: loading sms/views/sms_template_views.xml 
2026-04-11 14:15:33,970 1 INFO odoo_ci_test odoo.modules.loading: loading sms/security/ir.model.access.csv 
2026-04-11 14:15:33,992 1 INFO odoo_ci_test odoo.modules.loading: loading sms/security/sms_security.xml 
2026-04-11 14:15:34,016 1 INFO odoo_ci_test odoo.modules.loading: Module sms loaded in 1.18s, 2074 queries (+2074 other) 
2026-04-11 14:15:34,016 1 INFO odoo_ci_test odoo.modules.loading: Loading module snailmail (28/33) 
2026-04-11 14:15:34,123 1 INFO odoo_ci_test odoo.registry: module snailmail: creating or updating database tables 
2026-04-11 14:15:34,328 1 INFO odoo_ci_test odoo.modules.loading: loading snailmail/data/iap_service_data.xml 
2026-04-11 14:15:34,332 1 INFO odoo_ci_test odoo.modules.loading: loading snailmail/data/snailmail_data.xml 
2026-04-11 14:15:34,355 1 INFO odoo_ci_test odoo.modules.loading: loading snailmail/views/report_assets.xml 
2026-04-11 14:15:34,368 1 INFO odoo_ci_test odoo.modules.loading: loading snailmail/views/snailmail_views.xml 
2026-04-11 14:15:34,387 1 INFO odoo_ci_test odoo.modules.loading: loading snailmail/security/ir.model.access.csv 
2026-04-11 14:15:34,411 1 INFO odoo_ci_test odoo.modules.loading: Module snailmail loaded in 0.40s, 449 queries (+449 other) 
2026-04-11 14:15:34,411 1 INFO odoo_ci_test odoo.modules.loading: Loading module sports_federation_rules (29/33) 
2026-04-11 14:15:34,419 1 INFO odoo_ci_test odoo.registry: module sports_federation_rules: creating or updating database tables 
<string>:17: (WARNING/2) Line block ends without a blank line.
<string>:28: (WARNING/2) Line block ends without a blank line.
<string>:45: (WARNING/2) Line block ends without a blank line.
<string>:57: (WARNING/2) Line block ends without a blank line.
<string>:69: (WARNING/2) Line block ends without a blank line.
<string>:83: (WARNING/2) Line block ends without a blank line.
<string>:98: (WARNING/2) Line block ends without a blank line.
<string>:17: (ERROR/3) Undefined substitution referenced: "--------".
<string>:28: (ERROR/3) Undefined substitution referenced: "-------".
<string>:28: (ERROR/3) Undefined substitution referenced: "-------------".
<string>:45: (ERROR/3) Undefined substitution referenced: "-------".
<string>:45: (ERROR/3) Undefined substitution referenced: "-------------".
<string>:57: (ERROR/3) Undefined substitution referenced: "-------".
<string>:57: (ERROR/3) Undefined substitution referenced: "-------------".
<string>:69: (ERROR/3) Undefined substitution referenced: "-------".
<string>:69: (ERROR/3) Undefined substitution referenced: "-------------".
<string>:83: (ERROR/3) Undefined substitution referenced: "-------".
<string>:83: (ERROR/3) Undefined substitution referenced: "-------------".
<string>:98: (ERROR/3) Undefined substitution referenced: "-------".
2026-04-11 14:15:34,539 1 INFO odoo_ci_test odoo.modules.loading: loading sports_federation_rules/security/ir.model.access.csv 
2026-04-11 14:15:34,548 1 INFO odoo_ci_test odoo.modules.loading: loading sports_federation_rules/views/federation_rule_set_views.xml 
2026-04-11 14:15:34,574 1 INFO odoo_ci_test odoo.modules.loading: loading sports_federation_rules/views/federation_points_rule_views.xml 
2026-04-11 14:15:34,584 1 INFO odoo_ci_test odoo.modules.loading: loading sports_federation_rules/views/federation_tie_break_rule_views.xml 
2026-04-11 14:15:34,594 1 INFO odoo_ci_test odoo.modules.loading: loading sports_federation_rules/views/federation_eligibility_rule_views.xml 
2026-04-11 14:15:34,605 1 INFO odoo_ci_test odoo.modules.loading: loading sports_federation_rules/views/federation_qualification_rule_views.xml 
2026-04-11 14:15:34,615 1 INFO odoo_ci_test odoo.modules.loading: loading sports_federation_rules/views/menu_items.xml 
2026-04-11 14:15:34,646 1 INFO odoo_ci_test odoo.modules.loading: Module sports_federation_rules loaded in 0.23s, 302 queries (+302 other) 
2026-04-11 14:15:34,646 1 INFO odoo_ci_test odoo.modules.loading: Loading module sports_federation_tournament (30/33) 
2026-04-11 14:15:34,660 1 INFO odoo_ci_test odoo.registry: module sports_federation_tournament: creating or updating database tables 
2026-04-11 14:15:34,876 1 INFO odoo_ci_test odoo.modules.loading: loading sports_federation_tournament/security/ir.model.access.csv 
2026-04-11 14:15:34,888 1 INFO odoo_ci_test odoo.modules.loading: loading sports_federation_tournament/views/federation_tournament_participant_views.xml 
2026-04-11 14:15:34,908 1 INFO odoo_ci_test odoo.modules.loading: loading sports_federation_tournament/views/federation_match_views.xml 
2026-04-11 14:15:34,927 1 INFO odoo_ci_test odoo.modules.loading: loading sports_federation_tournament/views/federation_tournament_round_views.xml 
2026-04-11 14:15:34,939 1 INFO odoo_ci_test odoo.modules.loading: loading sports_federation_tournament/views/federation_tournament_group_views.xml 
2026-04-11 14:15:34,955 1 INFO odoo_ci_test odoo.modules.loading: loading sports_federation_tournament/views/federation_tournament_stage_views.xml 
2026-04-11 14:15:34,971 1 INFO odoo_ci_test odoo.modules.loading: loading sports_federation_tournament/views/federation_tournament_views.xml 
2026-04-11 14:15:34,990 1 INFO odoo_ci_test odoo.modules.loading: loading sports_federation_tournament/views/federation_competition_edition_views.xml 
2026-04-11 14:15:35,008 1 INFO odoo_ci_test odoo.modules.loading: loading sports_federation_tournament/views/federation_competition_views.xml 
2026-04-11 14:15:35,025 1 INFO odoo_ci_test odoo.modules.loading: loading sports_federation_tournament/views/federation_season_registration_views_inherit.xml 
2026-04-11 14:15:35,044 1 INFO odoo_ci_test odoo.modules.loading: loading sports_federation_tournament/views/menu_items.xml 
2026-04-11 14:15:35,087 1 INFO odoo_ci_test odoo.modules.loading: Module sports_federation_tournament loaded in 0.44s, 597 queries (+597 other) 
2026-04-11 14:15:35,087 1 INFO odoo_ci_test odoo.modules.loading: Loading module sports_federation_standings (31/33) 
2026-04-11 14:15:35,095 1 INFO odoo_ci_test odoo.registry: module sports_federation_standings: creating or updating database tables 
2026-04-11 14:15:35,183 1 INFO odoo_ci_test odoo.modules.loading: loading sports_federation_standings/security/ir.model.access.csv 
2026-04-11 14:15:35,190 1 INFO odoo_ci_test odoo.modules.loading: loading sports_federation_standings/views/standing_views.xml 
2026-04-11 14:15:35,217 1 INFO odoo_ci_test odoo.modules.loading: loading sports_federation_standings/views/tournament_views_inherit.xml 
2026-04-11 14:15:35,227 1 INFO odoo_ci_test odoo.modules.loading: loading sports_federation_standings/views/menu_views.xml 
2026-04-11 14:15:35,243 1 INFO odoo_ci_test odoo.modules.loading: Module sports_federation_standings loaded in 0.16s, 223 queries (+223 other) 
2026-04-11 14:15:35,243 1 INFO odoo_ci_test odoo.modules.loading: Loading module sports_federation_venues (32/33) 
2026-04-11 14:15:35,255 1 INFO odoo_ci_test odoo.registry: module sports_federation_venues: creating or updating database tables 
2026-04-11 14:15:35,287 1 WARNING odoo_ci_test odoo.addons.base.models.ir_model: Two fields (gameday_count, gameday_ids) of federation.tournament() have the same label: Gamedays. [Modules: sports_federation_venues and sports_federation_venues] 
2026-04-11 14:15:35,287 1 WARNING odoo_ci_test odoo.addons.base.models.ir_model: Two fields (gameday_count, gameday_ids) of federation.tournament.stage() have the same label: Gamedays. [Modules: sports_federation_venues and sports_federation_venues] 
2026-04-11 14:15:35,387 1 INFO odoo_ci_test odoo.modules.loading: loading sports_federation_venues/security/ir.model.access.csv 
2026-04-11 14:15:35,395 1 INFO odoo_ci_test odoo.modules.loading: loading sports_federation_venues/views/venue_views.xml 
2026-04-11 14:15:35,429 1 INFO odoo_ci_test odoo.modules.loading: loading sports_federation_venues/views/gameday_views.xml 
2026-04-11 14:15:35,446 1 INFO odoo_ci_test odoo.modules.loading: loading sports_federation_venues/views/tournament_views_inherit.xml 
2026-04-11 14:15:35,465 1 INFO odoo_ci_test odoo.modules.loading: loading sports_federation_venues/views/match_views_inherit.xml 
2026-04-11 14:15:35,484 1 INFO odoo_ci_test odoo.modules.loading: loading sports_federation_venues/views/menu_views.xml 
2026-04-11 14:15:35,561 1 INFO odoo_ci_test odoo.addons.sports_federation_venues.tests.test_gameday: Starting TestGameday.test_cross_category_pairing_allowed_on_same_gameday ... 
2026-04-11 14:15:35,578 1 INFO odoo_ci_test odoo.addons.sports_federation_venues.tests.test_gameday: Starting TestGameday.test_duplicate_same_category_pairing_rejected ... 
2026-04-11 14:15:35,599 1 INFO odoo_ci_test odoo.addons.sports_federation_venues.tests.test_gameday: Starting TestGameday.test_find_or_create_creates_gameday ... 
2026-04-11 14:15:35,601 1 INFO odoo_ci_test odoo.addons.sports_federation_venues.tests.test_gameday: Starting TestGameday.test_find_or_create_different_day_creates_new ... 
2026-04-11 14:15:35,605 1 INFO odoo_ci_test odoo.addons.sports_federation_venues.tests.test_gameday: Starting TestGameday.test_find_or_create_different_venue_creates_new ... 
2026-04-11 14:15:35,609 1 INFO odoo_ci_test odoo.addons.sports_federation_venues.tests.test_gameday: Starting TestGameday.test_find_or_create_no_venue_returns_false ... 
2026-04-11 14:15:35,609 1 INFO odoo_ci_test odoo.addons.sports_federation_venues.tests.test_gameday: Starting TestGameday.test_find_or_create_returns_existing_same_day ... 
2026-04-11 14:15:35,612 1 INFO odoo_ci_test odoo.addons.sports_federation_venues.tests.test_gameday: Starting TestGameday.test_generate_planned_gamedays_creates_numbered_slots ... 
2026-04-11 14:15:35,624 1 INFO odoo_ci_test odoo.addons.sports_federation_venues.tests.test_gameday: Starting TestGameday.test_match_gameday_assignment_inherits_scope_and_venue ... 
2026-04-11 14:15:35,638 1 INFO odoo_ci_test odoo.addons.sports_federation_venues.tests.test_gameday: Starting TestGameday.test_match_rejects_conflicting_gameday_scope ... 
2026-04-11 14:15:35,656 1 INFO odoo_ci_test odoo.addons.sports_federation_venues.tests.test_gameday: Starting TestGameday.test_no_gameday_allows_duplicate_teams ... 
2026-04-11 14:15:35,668 1 INFO odoo_ci_test odoo.addons.sports_federation_venues.tests.test_gameday: Starting TestGameday.test_reassign_wizard_rebalances_generated_matches ... 
2026-04-11 14:15:35,668 1 INFO odoo_ci_test odoo.addons.sports_federation_venues.tests.test_gameday: skipped TestGameday.test_reassign_wizard_rebalances_generated_matches : competition engine or reassignment wizard not installed. 
2026-04-11 14:15:35,669 1 INFO odoo_ci_test odoo.addons.sports_federation_venues.tests.test_gameday: Starting TestGameday.test_reversed_pairing_on_same_gameday_rejected ... 
2026-04-11 14:15:35,688 1 INFO odoo_ci_test odoo.addons.sports_federation_venues.tests.test_gameday: Starting TestGameday.test_round_robin_wizard_splits_rounds_to_use_extra_stage_gamedays ... 
2026-04-11 14:15:35,689 1 INFO odoo_ci_test odoo.addons.sports_federation_venues.tests.test_gameday: skipped TestGameday.test_round_robin_wizard_splits_rounds_to_use_extra_stage_gamedays : sports_federation_competition_engine not installed. 
2026-04-11 14:15:35,689 1 INFO odoo_ci_test odoo.addons.sports_federation_venues.tests.test_gameday: Starting TestGameday.test_round_robin_wizard_uses_existing_stage_gamedays ... 
2026-04-11 14:15:35,689 1 INFO odoo_ci_test odoo.addons.sports_federation_venues.tests.test_gameday: skipped TestGameday.test_round_robin_wizard_uses_existing_stage_gamedays : sports_federation_competition_engine not installed. 
2026-04-11 14:15:35,690 1 INFO odoo_ci_test odoo.addons.sports_federation_venues.tests.test_gameday: Starting TestGameday.test_same_category_pairing_allowed_once ... 
2026-04-11 14:15:35,702 1 INFO odoo_ci_test odoo.addons.sports_federation_venues.tests.test_gameday: Starting TestGameday.test_same_pairing_on_different_gamedays_allowed ... 
2026-04-11 14:15:35,721 1 INFO odoo_ci_test odoo.addons.sports_federation_venues.tests.test_gameday: Starting TestGameday.test_schedule_by_round_creates_gamedays ... 
2026-04-11 14:15:35,721 1 INFO odoo_ci_test odoo.addons.sports_federation_venues.tests.test_gameday: skipped TestGameday.test_schedule_by_round_creates_gamedays : sports_federation_competition_engine not installed. 
2026-04-11 14:15:35,722 1 INFO odoo_ci_test odoo.addons.sports_federation_venues.tests.test_gameday: Starting TestGameday.test_schedule_by_round_reuses_one_gameday_per_round ... 
2026-04-11 14:15:35,722 1 INFO odoo_ci_test odoo.addons.sports_federation_venues.tests.test_gameday: skipped TestGameday.test_schedule_by_round_reuses_one_gameday_per_round : sports_federation_competition_engine not installed. 
2026-04-11 14:15:35,783 1 INFO odoo_ci_test odoo.addons.base.models.ir_attachment: filestore gc 14 checked, 0 removed 
2026-04-11 14:15:35,813 1 INFO odoo_ci_test odoo.addons.sports_federation_venues.tests.test_venues: Starting TestVenues.test_create_playing_area ... 
2026-04-11 14:15:35,815 1 INFO odoo_ci_test odoo.addons.sports_federation_venues.tests.test_venues: Starting TestVenues.test_create_venue ... 
2026-04-11 14:15:35,817 1 INFO odoo_ci_test odoo.addons.sports_federation_venues.tests.test_venues: Starting TestVenues.test_match_playing_area_belongs_to_venue ... 
2026-04-11 14:15:35,824 1 INFO odoo_ci_test odoo.addons.sports_federation_venues.tests.test_venues: Starting TestVenues.test_tournament_venue_link ... 
2026-04-11 14:15:35,826 1 INFO odoo_ci_test odoo.addons.sports_federation_venues.tests.test_venues: Starting TestVenues.test_unique_playing_area_name_per_venue ... 
2026-04-11 14:15:35,829 1 ERROR odoo_ci_test odoo.sql_db: bad query: b'INSERT INTO "federation_playing_area" ("active", "create_date", "create_uid", "name", "surface_type", "venue_id", "write_date", "write_uid") VALUES (true, \'2026-04-11T14:15:35.784800\'::timestamp, 1, \'Main Field\', \'indoor\', 3, \'2026-04-11T14:15:35.784800\'::timestamp, 1) RETURNING "id"'
ERROR: duplicate key value violates unique constraint "federation_playing_area_unique_venue_name"
DETAIL:  Key (venue_id, name)=(3, Main Field) already exists.
 
2026-04-11 14:15:35,893 1 INFO odoo_ci_test odoo.addons.base.models.ir_attachment: filestore gc 0 checked, 0 removed 
2026-04-11 14:15:35,893 1 INFO odoo_ci_test odoo.modules.loading: Module sports_federation_venues loaded in 0.65s (incl. 0.38s test), 355 queries (+408 test, +355 other) 
2026-04-11 14:15:35,894 1 INFO odoo_ci_test odoo.modules.loading: Loading module sports_federation_competition_engine (33/33) 
2026-04-11 14:15:35,908 1 INFO odoo_ci_test odoo.registry: module sports_federation_competition_engine: creating or updating database tables 
2026-04-11 14:15:35,939 1 WARNING odoo_ci_test odoo.addons.base.models.ir_model: Two fields (gameday_count, gameday_ids) of federation.tournament() have the same label: Gamedays. [Modules: sports_federation_venues and sports_federation_venues] 
2026-04-11 14:15:36,062 1 INFO odoo_ci_test odoo.modules.loading: loading sports_federation_competition_engine/security/ir.model.access.csv 
2026-04-11 14:15:36,072 1 INFO odoo_ci_test odoo.modules.loading: loading sports_federation_competition_engine/views/stage_progression_views.xml 
2026-04-11 14:15:36,091 1 INFO odoo_ci_test odoo.modules.loading: loading sports_federation_competition_engine/views/tournament_template_views.xml 
2026-04-11 14:15:36,106 1 INFO odoo_ci_test odoo.modules.loading: loading sports_federation_competition_engine/wizards/round_robin_wizard_views.xml 
2026-04-11 14:15:36,116 1 INFO odoo_ci_test odoo.modules.loading: loading sports_federation_competition_engine/wizards/knockout_wizard_views.xml 
2026-04-11 14:15:36,123 1 WARNING odoo_ci_test odoo.addons.base.models.ir_ui_view: An alert (class alert-*) must have an alert, alertdialog or status role or an alert-link class. Please use alert and alertdialog only for what expects to stop any activity to be read immediately.
View error context:
{'file': '/mnt/extra-addons/sports_federation_competition_engine/wizards/knockout_wizard_views.xml',
 'line': 22,
 'name': 'federation.knockout.wizard.form',
 'view': ir.ui.view(526,),
 'view.model': 'federation.knockout.wizard',
 'view.parent': ir.ui.view(),
 'xmlid': 'view_knockout_wizard_form'} 
2026-04-11 14:15:36,125 1 INFO odoo_ci_test odoo.modules.loading: loading sports_federation_competition_engine/views/tournament_buttons.xml 
2026-04-11 14:15:36,211 1 INFO odoo_ci_test odoo.addons.sports_federation_competition_engine.tests.test_knockout: Starting TestKnockout.test_bye_seeding_top_seeds ... 
2026-04-11 14:15:36,216 1 INFO odoo_ci_test odoo.addons.sports_federation_competition_engine.tests.test_knockout: skipped TestKnockout.test_bye_seeding_top_seeds : Knockout bye logic IndexError — needs engine fix 
2026-04-11 14:15:36,216 1 INFO odoo_ci_test odoo.addons.sports_federation_competition_engine.tests.test_knockout: Starting TestKnockout.test_eight_teams_natural ... 
2026-04-11 14:15:36,244 1 INFO odoo_ci_test odoo.addons.sports_federation_competition_engine.services.knockout: Generated 7 knockout matches (3 rounds) for tournament Test Tournament, stage Knockout 
2026-04-11 14:15:36,244 1 INFO odoo_ci_test odoo.addons.sports_federation_competition_engine.tests.test_knockout: Starting TestKnockout.test_eight_teams_power_of_two ... 
2026-04-11 14:15:36,270 1 INFO odoo_ci_test odoo.addons.sports_federation_competition_engine.services.knockout: Generated 7 knockout matches (3 rounds) for tournament Test Tournament, stage Knockout 
2026-04-11 14:15:36,270 1 INFO odoo_ci_test odoo.addons.sports_federation_competition_engine.tests.test_knockout: Starting TestKnockout.test_manual_seeding_order ... 
2026-04-11 14:15:36,296 1 INFO odoo_ci_test odoo.addons.sports_federation_competition_engine.services.knockout: Generated 7 knockout matches (3 rounds) for tournament Test Tournament, stage Knockout 
2026-04-11 14:15:36,300 1 INFO odoo_ci_test odoo.addons.sports_federation_competition_engine.tests.test_knockout: Starting TestKnockout.test_minimum_participants ... 
2026-04-11 14:15:36,304 1 INFO odoo_ci_test odoo.addons.sports_federation_competition_engine.tests.test_knockout: Starting TestKnockout.test_no_self_pairings ... 
2026-04-11 14:15:36,329 1 INFO odoo_ci_test odoo.addons.sports_federation_competition_engine.services.knockout: Generated 7 knockout matches (3 rounds) for tournament Test Tournament, stage Knockout 
2026-04-11 14:15:36,331 1 INFO odoo_ci_test odoo.addons.sports_federation_competition_engine.tests.test_knockout: Starting TestKnockout.test_overwrite_allowed ... 
2026-04-11 14:15:36,356 1 INFO odoo_ci_test odoo.addons.sports_federation_competition_engine.services.knockout: Generated 7 knockout matches (3 rounds) for tournament Test Tournament, stage Knockout 
2026-04-11 14:15:36,371 1 INFO odoo_ci_test odoo.addons.sports_federation_competition_engine.services.knockout: Generated 7 knockout matches (3 rounds) for tournament Test Tournament, stage Knockout 
2026-04-11 14:15:36,372 1 INFO odoo_ci_test odoo.addons.sports_federation_competition_engine.tests.test_knockout: Starting TestKnockout.test_overwrite_protection ... 
2026-04-11 14:15:36,397 1 INFO odoo_ci_test odoo.addons.sports_federation_competition_engine.services.knockout: Generated 7 knockout matches (3 rounds) for tournament Test Tournament, stage Knockout 
2026-04-11 14:15:36,404 1 INFO odoo_ci_test odoo.addons.sports_federation_competition_engine.tests.test_knockout: Starting TestKnockout.test_seeding_correctness ... 
2026-04-11 14:15:36,432 1 INFO odoo_ci_test odoo.addons.sports_federation_competition_engine.services.knockout: Generated 7 knockout matches (3 rounds) for tournament Test Tournament, stage Knockout 
2026-04-11 14:15:36,436 1 INFO odoo_ci_test odoo.addons.sports_federation_competition_engine.tests.test_knockout: Starting TestKnockout.test_six_teams_power_of_two ... 
2026-04-11 14:15:36,436 1 INFO odoo_ci_test odoo.addons.sports_federation_competition_engine.tests.test_knockout: skipped TestKnockout.test_six_teams_power_of_two : Knockout bye logic IndexError — needs engine fix 
2026-04-11 14:15:36,437 1 INFO odoo_ci_test odoo.addons.sports_federation_competition_engine.tests.test_knockout: Starting TestKnockout.test_three_teams_power_of_two ... 
2026-04-11 14:15:36,437 1 INFO odoo_ci_test odoo.addons.sports_federation_competition_engine.tests.test_knockout: skipped TestKnockout.test_three_teams_power_of_two : Knockout bye logic IndexError — needs engine fix 
2026-04-11 14:15:36,437 1 INFO odoo_ci_test odoo.addons.sports_federation_competition_engine.tests.test_knockout: Starting TestKnockout.test_tournament_state_validation ... 
2026-04-11 14:15:36,503 1 INFO odoo_ci_test odoo.addons.base.models.ir_attachment: filestore gc 0 checked, 0 removed 
2026-04-11 14:15:36,559 1 INFO odoo_ci_test odoo.addons.sports_federation_competition_engine.tests.test_round_robin: Starting TestRoundRobin.test_deterministic_ordering ... 
2026-04-11 14:15:36,602 1 INFO odoo_ci_test odoo.addons.sports_federation_competition_engine.services.round_robin: Generated 15 round-robin matches for tournament Test Tournament, stage Group Stage 
2026-04-11 14:15:36,618 1 INFO odoo_ci_test odoo.models.unlink: User #1 deleted mail.message records with IDs: [142, 141, 140, 139, 138, 137, 136, 135, 134, 133, 132, 131, 130, 129, 128] 
2026-04-11 14:15:36,623 1 INFO odoo_ci_test odoo.models.unlink: User #1 deleted federation.match records with IDs: [71, 72, 73, 74, 75, 76, 77, 78, 79, 80, 81, 82, 83, 84, 85] 
2026-04-11 14:15:36,663 1 INFO odoo_ci_test odoo.addons.sports_federation_competition_engine.services.round_robin: Generated 15 round-robin matches for tournament Test Tournament, stage Group Stage 
2026-04-11 14:15:36,664 1 INFO odoo_ci_test odoo.addons.sports_federation_competition_engine.tests.test_round_robin: Starting TestRoundRobin.test_double_round ... 
2026-04-11 14:15:36,707 1 INFO odoo_ci_test odoo.addons.sports_federation_competition_engine.services.round_robin: Generated 15 round-robin matches for tournament Test Tournament, stage Group Stage 
2026-04-11 14:15:36,718 1 INFO odoo_ci_test odoo.models.unlink: User #1 deleted mail.message records with IDs: [172, 171, 170, 169, 168, 167, 166, 165, 164, 163, 162, 161, 160, 159, 158] 
2026-04-11 14:15:36,722 1 INFO odoo_ci_test odoo.models.unlink: User #1 deleted federation.match records with IDs: [101, 102, 103, 104, 105, 106, 107, 108, 109, 110, 111, 112, 113, 114, 115] 
2026-04-11 14:15:36,797 1 INFO odoo_ci_test odoo.addons.sports_federation_competition_engine.services.round_robin: Generated 30 round-robin matches for tournament Test Tournament, stage Group Stage 
2026-04-11 14:15:36,798 1 INFO odoo_ci_test odoo.addons.sports_federation_competition_engine.tests.test_round_robin: Starting TestRoundRobin.test_each_team_plays_all_others_once ... 
2026-04-11 14:15:36,840 1 INFO odoo_ci_test odoo.addons.sports_federation_competition_engine.services.round_robin: Generated 15 round-robin matches for tournament Test Tournament, stage Group Stage 
2026-04-11 14:15:36,841 1 INFO odoo_ci_test odoo.addons.sports_federation_competition_engine.tests.test_round_robin: Starting TestRoundRobin.test_even_participant_count ... 
2026-04-11 14:15:36,888 1 INFO odoo_ci_test odoo.addons.sports_federation_competition_engine.services.round_robin: Generated 15 round-robin matches for tournament Test Tournament, stage Group Stage 
2026-04-11 14:15:36,889 1 INFO odoo_ci_test odoo.addons.sports_federation_competition_engine.tests.test_round_robin: Starting TestRoundRobin.test_minimum_participants ... 
2026-04-11 14:15:36,893 1 INFO odoo_ci_test odoo.addons.sports_federation_competition_engine.tests.test_round_robin: Starting TestRoundRobin.test_no_self_pairings ... 
2026-04-11 14:15:36,940 1 INFO odoo_ci_test odoo.addons.sports_federation_competition_engine.services.round_robin: Generated 15 round-robin matches for tournament Test Tournament, stage Group Stage 
2026-04-11 14:15:36,943 1 INFO odoo_ci_test odoo.addons.sports_federation_competition_engine.tests.test_round_robin: Starting TestRoundRobin.test_odd_participant_count ... 
2026-04-11 14:15:36,974 1 INFO odoo_ci_test odoo.addons.sports_federation_competition_engine.services.round_robin: Generated 10 round-robin matches for tournament Test Tournament, stage Group Stage 
2026-04-11 14:15:36,975 1 INFO odoo_ci_test odoo.addons.sports_federation_competition_engine.tests.test_round_robin: Starting TestRoundRobin.test_overwrite_allowed ... 
2026-04-11 14:15:37,018 1 INFO odoo_ci_test odoo.addons.sports_federation_competition_engine.services.round_robin: Generated 15 round-robin matches for tournament Test Tournament, stage Group Stage 
2026-04-11 14:15:37,051 1 INFO odoo_ci_test odoo.addons.sports_federation_competition_engine.services.round_robin: Generated 15 round-robin matches for tournament Test Tournament, stage Group Stage 
2026-04-11 14:15:37,051 1 INFO odoo_ci_test odoo.addons.sports_federation_competition_engine.tests.test_round_robin: Starting TestRoundRobin.test_overwrite_protection ... 
2026-04-11 14:15:37,094 1 INFO odoo_ci_test odoo.addons.sports_federation_competition_engine.services.round_robin: Generated 15 round-robin matches for tournament Test Tournament, stage Group Stage 
2026-04-11 14:15:37,101 1 INFO odoo_ci_test odoo.addons.sports_federation_competition_engine.tests.test_round_robin: Starting TestRoundRobin.test_round_numbers_follow_generated_rounds ... 
2026-04-11 14:15:37,144 1 INFO odoo_ci_test odoo.addons.sports_federation_competition_engine.services.round_robin: Generated 15 round-robin matches for tournament Test Tournament, stage Group Stage 
2026-04-11 14:15:37,145 1 INFO odoo_ci_test odoo.addons.sports_federation_competition_engine.tests.test_round_robin: Starting TestRoundRobin.test_tournament_state_validation ... 
2026-04-11 14:15:37,212 1 INFO odoo_ci_test odoo.addons.base.models.ir_attachment: filestore gc 0 checked, 0 removed 
2026-04-11 14:15:37,262 1 INFO odoo_ci_test odoo.addons.sports_federation_competition_engine.tests.test_tournament_template: Starting TestCompetitionEngineWizardGuards.test_knockout_wizard_requires_rule_set ... 
2026-04-11 14:15:37,270 1 INFO odoo_ci_test odoo.addons.sports_federation_competition_engine.tests.test_tournament_template: Starting TestCompetitionEngineWizardGuards.test_round_robin_wizard_computes_preview_summary ... 
2026-04-11 14:15:37,273 1 INFO odoo_ci_test odoo.addons.sports_federation_competition_engine.tests.test_tournament_template: Starting TestCompetitionEngineWizardGuards.test_round_robin_wizard_rejects_selected_unconfirmed_participants ... 
2026-04-11 14:15:37,292 1 INFO odoo_ci_test odoo.addons.sports_federation_competition_engine.tests.test_tournament_template: Starting TestCompetitionEngineWizardGuards.test_round_robin_wizard_rejects_stage_gamedays_without_venues ... 
2026-04-11 14:15:37,293 1 INFO odoo_ci_test odoo.addons.sports_federation_competition_engine.tests.test_tournament_template: skipped TestCompetitionEngineWizardGuards.test_round_robin_wizard_rejects_stage_gamedays_without_venues : venues module is installed; integration is covered elsewhere. 
2026-04-11 14:15:37,293 1 INFO odoo_ci_test odoo.addons.sports_federation_competition_engine.tests.test_tournament_template: Starting TestCompetitionEngineWizardGuards.test_round_robin_wizard_requires_rule_set ... 
2026-04-11 14:15:37,299 1 INFO odoo_ci_test odoo.addons.sports_federation_competition_engine.tests.test_tournament_template: Starting TestCompetitionEngineWizardGuards.test_round_robin_wizard_summary_explains_confirmed_scope_requirement ... 
2026-04-11 14:15:37,368 1 INFO odoo_ci_test odoo.addons.base.models.ir_attachment: filestore gc 0 checked, 0 removed 
2026-04-11 14:15:37,402 1 INFO odoo_ci_test odoo.addons.sports_federation_competition_engine.tests.test_tournament_template: Starting TestTournamentTemplate.test_template_apply_creates_stages_groups_and_progressions ... 
2026-04-11 14:15:37,418 1 INFO odoo_ci_test odoo.addons.sports_federation_competition_engine.tests.test_tournament_template: Starting TestTournamentTemplate.test_template_apply_rejects_tournament_with_existing_stages ... 
2026-04-11 14:15:37,484 1 INFO odoo_ci_test odoo.addons.base.models.ir_attachment: filestore gc 0 checked, 0 removed 
2026-04-11 14:15:37,485 1 INFO odoo_ci_test odoo.modules.loading: Module sports_federation_competition_engine loaded in 1.59s (incl. 1.33s test), 326 queries (+1274 test, +326 other) 
2026-04-11 14:15:37,485 1 INFO odoo_ci_test odoo.modules.loading: 33 modules loaded in 13.16s, 17469 queries (+19152 extra) 
2026-04-11 14:15:37,869 1 INFO odoo_ci_test odoo.modules.loading: Modules loaded. 
2026-04-11 14:15:37,876 1 INFO odoo_ci_test odoo.registry: Registry changed, signaling through the database 
2026-04-11 14:15:37,877 1 INFO odoo_ci_test odoo.registry: Registry loaded in 21.697s 
2026-04-11 14:15:37,877 1 INFO odoo_ci_test odoo.service.server: Starting post tests 
2026-04-11 14:15:37,899 1 INFO odoo_ci_test odoo.service.server: 0 post-tests in 0.02s, 0 queries 
2026-04-11 14:15:37,900 1 INFO odoo_ci_test odoo.tests.stats: sports_federation_competition_engine: 39 tests 1.32s 1274 queries 
2026-04-11 14:15:37,900 1 INFO odoo_ci_test odoo.tests.stats: sports_federation_venues: 28 tests 0.38s 408 queries 
2026-04-11 14:15:37,900 1 INFO odoo_ci_test odoo.tests.result: 0 failed, 0 error(s) of 55 tests when loading database 'odoo_ci_test' 
2026-04-11 14:15:37,900 1 INFO odoo_ci_test odoo.service.server: Initiating shutdown 
2026-04-11 14:15:37,900 1 INFO odoo_ci_test odoo.service.server: Hit CTRL-C again or send a second signal to force the shutdown. 
2026-04-11 14:15:38,215 1 INFO odoo_ci_test odoo.sql_db: ConnectionPool(read/write;used=0/count=0/max=64): Closed 2 connections  
