 Container sf_ci-ci-db-1  Running
Running as user 'root' is a security risk.
2026-04-12 17:05:18,449 1 WARNING ? odoo.tools.config: missing --http-interface/http_interface, using 0.0.0.0 by default, will change to 127.0.0.1 in 20.0 
2026-04-12 17:05:18,449 1 INFO ? odoo: Odoo version 19.0-20260324 
2026-04-12 17:05:18,449 1 INFO ? odoo: Using configuration file at /etc/odoo/odoo.conf 
2026-04-12 17:05:18,449 1 INFO ? odoo: addons paths: _NamespacePath(['/usr/lib/python3/dist-packages/odoo/addons', '/var/lib/odoo/addons/19.0', '/mnt/extra-addons', '/usr/lib/python3/dist-packages/addons']) 
2026-04-12 17:05:18,449 1 INFO ? odoo: database: odoo@ci-db:5432 
2026-04-12 17:05:18,712 1 INFO ? odoo.service.server: HTTP service (werkzeug) running on 27e49014de67:8069 
2026-04-12 17:05:18,730 1 INFO odoo_ci_test odoo.tests.common: Importing test framework 
2026-04-12 17:05:18,759 1 INFO odoo_ci_test odoo.modules.loading: Initializing database odoo_ci_test 
2026-04-12 17:05:19,814 1 INFO odoo_ci_test odoo.modules.loading: loading 1 modules... 
2026-04-12 17:05:19,815 1 INFO odoo_ci_test odoo.modules.loading: Loading module base (1/1) 
2026-04-12 17:05:19,843 1 INFO odoo_ci_test odoo.registry: module base: creating or updating database tables 
2026-04-12 17:05:20,083 1 INFO odoo_ci_test odoo.models: Prepare computation of ir.module.module.menus_by_module 
2026-04-12 17:05:20,083 1 INFO odoo_ci_test odoo.models: Prepare computation of ir.module.module.reports_by_module 
2026-04-12 17:05:20,083 1 INFO odoo_ci_test odoo.models: Prepare computation of ir.module.module.views_by_module 
2026-04-12 17:05:20,155 1 INFO odoo_ci_test odoo.models: Prepare computation of res.partner.user_id 
2026-04-12 17:05:20,155 1 INFO odoo_ci_test odoo.models: Prepare computation of res.partner.commercial_partner_id 
2026-04-12 17:05:20,156 1 INFO odoo_ci_test odoo.models: Prepare computation of res.partner.complete_name 
2026-04-12 17:05:20,156 1 INFO odoo_ci_test odoo.models: Prepare computation of res.partner.lang 
2026-04-12 17:05:20,156 1 INFO odoo_ci_test odoo.models: Prepare computation of res.partner.company_registry 
2026-04-12 17:05:20,156 1 INFO odoo_ci_test odoo.models: Prepare computation of res.partner.commercial_company_name 
2026-04-12 17:05:20,156 1 INFO odoo_ci_test odoo.models: Prepare computation of res.partner.properties 
2026-04-12 17:05:20,156 1 INFO odoo_ci_test odoo.models: Prepare computation of res.partner.partner_share 
2026-04-12 17:05:20,179 1 INFO odoo_ci_test odoo.models: Prepare computation of res.currency.decimal_places 
2026-04-12 17:05:20,195 1 INFO odoo_ci_test odoo.models: Prepare computation of res.company.uses_default_logo 
2026-04-12 17:05:20,195 1 INFO odoo_ci_test odoo.models: Prepare computation of res.company.logo_web 
2026-04-12 17:05:20,197 1 INFO odoo_ci_test odoo.models: Computing parent_path for table res_company... 
2026-04-12 17:05:20,218 1 INFO odoo_ci_test odoo.models: Prepare computation of res.users.signature 
2026-04-12 17:05:20,218 1 INFO odoo_ci_test odoo.models: Prepare computation of res.users.share 
2026-04-12 17:05:21,509 1 INFO odoo_ci_test odoo.modules.loading: loading base/data/res_bank.xml 
2026-04-12 17:05:21,513 1 INFO odoo_ci_test odoo.modules.loading: loading base/data/res.lang.csv 
2026-04-12 17:05:21,551 1 INFO odoo_ci_test odoo.modules.loading: loading base/data/res_lang_data.xml 
2026-04-12 17:05:21,582 1 INFO odoo_ci_test odoo.modules.loading: loading base/data/res_partner_data.xml 
2026-04-12 17:05:21,625 1 INFO odoo_ci_test odoo.modules.loading: loading base/data/res_currency_data.xml 
2026-04-12 17:05:22,057 1 INFO odoo_ci_test odoo.modules.loading: loading base/data/res_company_data.xml 
2026-04-12 17:05:22,065 1 INFO odoo_ci_test odoo.modules.loading: loading base/data/res_users_data.xml 
2026-04-12 17:05:23,107 1 INFO odoo_ci_test odoo.modules.loading: loading base/data/report_paperformat_data.xml 
2026-04-12 17:05:23,114 1 INFO odoo_ci_test odoo.modules.loading: loading base/data/res_country_data.xml 
2026-04-12 17:05:23,632 1 INFO odoo_ci_test odoo.modules.loading: loading base/data/ir_demo_data.xml 
2026-04-12 17:05:23,645 1 INFO odoo_ci_test odoo.modules.loading: loading base/security/base_groups.xml 
2026-04-12 17:05:23,831 1 INFO odoo_ci_test odoo.modules.loading: loading base/security/base_security.xml 
2026-04-12 17:05:23,996 1 INFO odoo_ci_test odoo.modules.loading: loading base/wizard/wizard_ir_model_menu_create_views.xml 
2026-04-12 17:05:24,009 1 INFO odoo_ci_test odoo.modules.loading: loading base/views/base_menus.xml 
2026-04-12 17:05:24,065 1 INFO odoo_ci_test odoo.modules.loading: loading base/views/decimal_precision_views.xml 
2026-04-12 17:05:24,083 1 INFO odoo_ci_test odoo.modules.loading: loading base/views/res_config_views.xml 
2026-04-12 17:05:24,091 1 INFO odoo_ci_test odoo.modules.loading: loading base/data/res.country.state.csv 
2026-04-12 17:05:24,407 1 INFO odoo_ci_test odoo.modules.loading: loading base/views/ir_actions_views.xml 
2026-04-12 17:05:24,542 1 INFO odoo_ci_test odoo.modules.loading: loading base/views/ir_asset_views.xml 
2026-04-12 17:05:24,559 1 INFO odoo_ci_test odoo.modules.loading: loading base/views/ir_config_parameter_views.xml 
2026-04-12 17:05:24,576 1 INFO odoo_ci_test odoo.modules.loading: loading base/views/ir_cron_views.xml 
2026-04-12 17:05:24,604 1 INFO odoo_ci_test odoo.modules.loading: loading base/views/ir_cron_trigger_views.xml 
2026-04-12 17:05:24,621 1 INFO odoo_ci_test odoo.modules.loading: loading base/views/ir_filters_views.xml 
2026-04-12 17:05:24,644 1 INFO odoo_ci_test odoo.modules.loading: loading base/views/ir_mail_server_views.xml 
2026-04-12 17:05:24,664 1 INFO odoo_ci_test odoo.modules.loading: loading base/views/ir_model_views.xml 
2026-04-12 17:05:24,794 1 INFO odoo_ci_test odoo.modules.loading: loading base/views/ir_attachment_views.xml 
2026-04-12 17:05:24,815 1 INFO odoo_ci_test odoo.modules.loading: loading base/views/ir_rule_views.xml 
2026-04-12 17:05:24,835 1 INFO odoo_ci_test odoo.modules.loading: loading base/views/ir_sequence_views.xml 
2026-04-12 17:05:24,856 1 INFO odoo_ci_test odoo.modules.loading: loading base/views/ir_ui_menu_views.xml 
2026-04-12 17:05:24,876 1 INFO odoo_ci_test odoo.modules.loading: loading base/views/ir_ui_view_views.xml 
2026-04-12 17:05:24,922 1 INFO odoo_ci_test odoo.modules.loading: loading base/views/ir_default_views.xml 
2026-04-12 17:05:24,941 1 INFO odoo_ci_test odoo.modules.loading: loading base/data/ir_config_parameter_data.xml 
2026-04-12 17:05:24,945 1 INFO odoo_ci_test odoo.modules.loading: loading base/data/ir_cron_data.xml 
2026-04-12 17:05:24,957 1 INFO odoo_ci_test odoo.modules.loading: loading base/report/ir_model_report.xml 
2026-04-12 17:05:24,961 1 INFO odoo_ci_test odoo.modules.loading: loading base/report/ir_model_templates.xml 
2026-04-12 17:05:24,969 1 INFO odoo_ci_test odoo.modules.loading: loading base/views/ir_logging_views.xml 
2026-04-12 17:05:24,989 1 INFO odoo_ci_test odoo.modules.loading: loading base/views/ir_qweb_widget_templates.xml 
2026-04-12 17:05:25,002 1 INFO odoo_ci_test odoo.modules.loading: loading base/views/ir_module_views.xml 
2026-04-12 17:05:25,054 1 INFO odoo_ci_test odoo.modules.loading: loading base/data/ir_module_category_data.xml 
2026-04-12 17:05:25,091 1 INFO odoo_ci_test odoo.modules.loading: loading base/data/ir_module_module.xml 
2026-04-12 17:05:25,146 1 INFO odoo_ci_test odoo.modules.loading: loading base/report/ir_module_reports.xml 
2026-04-12 17:05:25,149 1 INFO odoo_ci_test odoo.modules.loading: loading base/report/ir_module_report_templates.xml 
2026-04-12 17:05:25,156 1 INFO odoo_ci_test odoo.modules.loading: loading base/wizard/base_module_update_views.xml 
2026-04-12 17:05:25,169 1 INFO odoo_ci_test odoo.modules.loading: loading base/wizard/base_language_install_views.xml 
2026-04-12 17:05:25,184 1 INFO odoo_ci_test odoo.modules.loading: loading base/wizard/base_import_language_views.xml 
2026-04-12 17:05:25,195 1 INFO odoo_ci_test odoo.modules.loading: loading base/wizard/base_module_upgrade_views.xml 
2026-04-12 17:05:25,211 1 INFO odoo_ci_test odoo.modules.loading: loading base/wizard/base_module_uninstall_views.xml 
2026-04-12 17:05:25,219 1 INFO odoo_ci_test odoo.modules.loading: loading base/wizard/base_export_language_views.xml 
2026-04-12 17:05:25,231 1 INFO odoo_ci_test odoo.modules.loading: loading base/wizard/base_partner_merge_views.xml 
2026-04-12 17:05:25,245 1 INFO odoo_ci_test odoo.modules.loading: loading base/data/ir_demo_failure_data.xml 
2026-04-12 17:05:25,260 1 INFO odoo_ci_test odoo.modules.loading: loading base/views/ir_profile_views.xml 
2026-04-12 17:05:25,281 1 INFO odoo_ci_test odoo.modules.loading: loading base/views/res_company_views.xml 
2026-04-12 17:05:25,301 1 INFO odoo_ci_test odoo.modules.loading: loading base/views/res_lang_views.xml 
2026-04-12 17:05:25,319 1 INFO odoo_ci_test odoo.modules.loading: loading base/views/res_partner_views.xml 
2026-04-12 17:05:25,402 1 INFO odoo_ci_test odoo.modules.loading: loading base/views/res_bank_views.xml 
2026-04-12 17:05:25,435 1 INFO odoo_ci_test odoo.modules.loading: loading base/views/res_country_views.xml 
2026-04-12 17:05:25,475 1 INFO odoo_ci_test odoo.modules.loading: loading base/views/res_currency_views.xml 
2026-04-12 17:05:25,514 1 INFO odoo_ci_test odoo.modules.loading: loading base/views/res_groups_views.xml 
2026-04-12 17:05:25,558 1 INFO odoo_ci_test odoo.modules.loading: loading base/views/res_users_views.xml 
2026-04-12 17:05:25,647 1 INFO odoo_ci_test odoo.modules.loading: loading base/views/res_users_apikeys_views.xml 
2026-04-12 17:05:25,653 1 INFO odoo_ci_test odoo.modules.loading: loading base/views/res_device_views.xml 
2026-04-12 17:05:25,673 1 INFO odoo_ci_test odoo.modules.loading: loading base/views/res_users_identitycheck_views.xml 
2026-04-12 17:05:25,680 1 INFO odoo_ci_test odoo.modules.loading: loading base/views/res_config_settings_views.xml 
2026-04-12 17:05:25,688 1 INFO odoo_ci_test odoo.modules.loading: loading base/views/report_paperformat_views.xml 
2026-04-12 17:05:25,711 1 INFO odoo_ci_test odoo.modules.loading: loading base/security/ir.model.access.csv 
2026-04-12 17:05:26,002 1 INFO odoo_ci_test odoo.modules.loading: Module base loaded in 6.19s, 8397 queries (+8397 other) 
2026-04-12 17:05:26,002 1 INFO odoo_ci_test odoo.modules.loading: 1 modules loaded in 6.19s, 8397 queries (+8397 extra) 
2026-04-12 17:05:26,005 1 INFO odoo_ci_test odoo.modules.loading: updating modules list 
2026-04-12 17:05:26,006 1 INFO odoo_ci_test odoo.addons.base.models.ir_module: ALLOW access to module.update_list on [] to user __system__ #1 via n/a 
2026-04-12 17:05:26,828 1 INFO odoo_ci_test odoo.addons.base.models.ir_module: ALLOW access to module.button_install on ['Sports Federation Public Site'] to user __system__ #1 via n/a 
2026-04-12 17:05:26,924 1 INFO odoo_ci_test odoo.modules.loading: loading 51 modules... 
2026-04-12 17:05:26,924 1 INFO odoo_ci_test odoo.modules.loading: Loading module rpc (2/51) 
2026-04-12 17:05:26,939 1 INFO odoo_ci_test odoo.modules.loading: Module rpc loaded in 0.01s, 9 queries (+9 other) 
2026-04-12 17:05:26,939 1 INFO odoo_ci_test odoo.modules.loading: Loading module social_media (3/51) 
2026-04-12 17:05:26,942 1 INFO odoo_ci_test odoo.registry: module social_media: creating or updating database tables 
2026-04-12 17:05:26,974 1 INFO odoo_ci_test odoo.modules.loading: loading social_media/views/res_company_views.xml 
2026-04-12 17:05:26,995 1 INFO odoo_ci_test odoo.modules.loading: Module social_media loaded in 0.06s, 75 queries (+75 other) 
2026-04-12 17:05:26,995 1 INFO odoo_ci_test odoo.modules.loading: Loading module web (4/51) 
2026-04-12 17:05:27,026 1 INFO odoo_ci_test odoo.registry: module web: creating or updating database tables 
2026-04-12 17:05:27,446 1 INFO odoo_ci_test odoo.modules.loading: loading web/security/ir.model.access.csv 
2026-04-12 17:05:27,453 1 INFO odoo_ci_test odoo.modules.loading: loading web/security/web_security.xml 
2026-04-12 17:05:27,464 1 INFO odoo_ci_test odoo.modules.loading: loading web/views/webclient_templates.xml 
2026-04-12 17:05:27,513 1 INFO odoo_ci_test odoo.modules.loading: loading web/views/report_templates.xml 
2026-04-12 17:05:27,598 1 INFO odoo_ci_test odoo.modules.loading: loading web/views/base_document_layout_views.xml 
2026-04-12 17:05:27,613 1 INFO odoo_ci_test odoo.modules.loading: loading web/views/partner_view.xml 
2026-04-12 17:05:27,620 1 INFO odoo_ci_test odoo.modules.loading: loading web/views/speedscope_template.xml 
2026-04-12 17:05:27,625 1 INFO odoo_ci_test odoo.modules.loading: loading web/views/memory_template.xml 
2026-04-12 17:05:27,631 1 INFO odoo_ci_test odoo.modules.loading: loading web/views/speedscope_config_wizard.xml 
2026-04-12 17:05:27,638 1 INFO odoo_ci_test odoo.modules.loading: loading web/views/neutralize_views.xml 
2026-04-12 17:05:27,646 1 INFO odoo_ci_test odoo.modules.loading: loading web/views/ir_ui_view_views.xml 
2026-04-12 17:05:27,656 1 INFO odoo_ci_test odoo.modules.loading: loading web/data/ir_attachment.xml 
2026-04-12 17:05:27,660 1 INFO odoo_ci_test odoo.modules.loading: loading web/data/report_layout.xml 
2026-04-12 17:05:27,714 1 INFO odoo_ci_test odoo.modules.loading: Module web loaded in 0.72s, 1229 queries (+1229 other) 
2026-04-12 17:05:27,715 1 INFO odoo_ci_test odoo.modules.loading: Loading module api_doc (5/51) 
2026-04-12 17:05:27,720 1 INFO odoo_ci_test odoo.registry: module api_doc: creating or updating database tables 
2026-04-12 17:05:27,735 1 INFO odoo_ci_test odoo.modules.loading: loading api_doc/security/res_groups.xml 
2026-04-12 17:05:27,757 1 INFO odoo_ci_test odoo.modules.loading: loading api_doc/views/docclient.xml 
2026-04-12 17:05:27,774 1 INFO odoo_ci_test odoo.modules.loading: Module api_doc loaded in 0.06s, 63 queries (+63 other) 
2026-04-12 17:05:27,774 1 INFO odoo_ci_test odoo.modules.loading: Loading module auth_totp (6/51) 
2026-04-12 17:05:27,788 1 INFO odoo_ci_test odoo.registry: module auth_totp: creating or updating database tables 
2026-04-12 17:05:27,850 1 INFO odoo_ci_test odoo.modules.loading: loading auth_totp/security/security.xml 
2026-04-12 17:05:27,870 1 INFO odoo_ci_test odoo.modules.loading: loading auth_totp/security/ir.model.access.csv 
2026-04-12 17:05:27,876 1 INFO odoo_ci_test odoo.modules.loading: loading auth_totp/data/ir_action_data.xml 
2026-04-12 17:05:27,883 1 INFO odoo_ci_test odoo.modules.loading: loading auth_totp/views/res_users_views.xml 
2026-04-12 17:05:27,907 1 INFO odoo_ci_test odoo.modules.loading: loading auth_totp/views/templates.xml 
2026-04-12 17:05:27,912 1 INFO odoo_ci_test odoo.modules.loading: loading auth_totp/wizard/auth_totp_wizard_views.xml 
2026-04-12 17:05:27,933 1 INFO odoo_ci_test odoo.modules.loading: Module auth_totp loaded in 0.16s, 218 queries (+218 other) 
2026-04-12 17:05:27,933 1 INFO odoo_ci_test odoo.modules.loading: Loading module base_import (7/51) 
2026-04-12 17:05:27,967 1 INFO odoo_ci_test odoo.registry: module base_import: creating or updating database tables 
2026-04-12 17:05:28,392 1 INFO odoo_ci_test odoo.modules.loading: loading base_import/security/ir.model.access.csv 
2026-04-12 17:05:28,404 1 INFO odoo_ci_test odoo.modules.loading: Module base_import loaded in 0.47s, 956 queries (+956 other) 
2026-04-12 17:05:28,404 1 INFO odoo_ci_test odoo.modules.loading: Loading module base_import_module (8/51) 
2026-04-12 17:05:28,411 1 INFO odoo_ci_test odoo.registry: module base_import_module: creating or updating database tables 
2026-04-12 17:05:28,466 1 INFO odoo_ci_test odoo.modules.loading: loading base_import_module/security/ir.model.access.csv 
2026-04-12 17:05:28,472 1 INFO odoo_ci_test odoo.modules.loading: loading base_import_module/views/base_import_module_view.xml 
2026-04-12 17:05:28,489 1 INFO odoo_ci_test odoo.modules.loading: loading base_import_module/views/ir_module_views.xml 
2026-04-12 17:05:28,530 1 INFO odoo_ci_test odoo.modules.loading: Module base_import_module loaded in 0.13s, 172 queries (+172 other) 
2026-04-12 17:05:28,530 1 INFO odoo_ci_test odoo.modules.loading: Loading module base_setup (9/51) 
2026-04-12 17:05:28,538 1 INFO odoo_ci_test odoo.registry: module base_setup: creating or updating database tables 
2026-04-12 17:05:28,578 1 INFO odoo_ci_test odoo.modules.loading: loading base_setup/data/base_setup_data.xml 
2026-04-12 17:05:28,583 1 INFO odoo_ci_test odoo.modules.loading: loading base_setup/views/res_config_settings_views.xml 
2026-04-12 17:05:28,611 1 INFO odoo_ci_test odoo.modules.loading: loading base_setup/views/res_partner_views.xml 
2026-04-12 17:05:28,628 1 INFO odoo_ci_test odoo.modules.loading: Module base_setup loaded in 0.10s, 152 queries (+152 other) 
2026-04-12 17:05:28,628 1 INFO odoo_ci_test odoo.modules.loading: Loading module bus (10/51) 
2026-04-12 17:05:28,645 1 INFO odoo_ci_test odoo.registry: module bus: creating or updating database tables 
2026-04-12 17:05:28,725 1 INFO odoo_ci_test odoo.modules.loading: loading bus/security/ir.model.access.csv 
2026-04-12 17:05:28,739 1 INFO odoo_ci_test odoo.modules.loading: Module bus loaded in 0.11s, 152 queries (+152 other) 
2026-04-12 17:05:28,739 1 INFO odoo_ci_test odoo.modules.loading: Loading module http_routing (11/51) 
2026-04-12 17:05:28,742 1 INFO odoo_ci_test odoo.registry: module http_routing: creating or updating database tables 
2026-04-12 17:05:28,760 1 INFO odoo_ci_test odoo.modules.loading: loading http_routing/views/http_routing_template.xml 
2026-04-12 17:05:28,798 1 INFO odoo_ci_test odoo.modules.loading: loading http_routing/views/res_lang_views.xml 
2026-04-12 17:05:28,822 1 INFO odoo_ci_test odoo.modules.loading: Module http_routing loaded in 0.08s, 114 queries (+114 other) 
2026-04-12 17:05:28,822 1 INFO odoo_ci_test odoo.modules.loading: Loading module resource (12/51) 
2026-04-12 17:05:28,834 1 INFO odoo_ci_test odoo.registry: module resource: creating or updating database tables 
2026-04-12 17:05:28,947 1 INFO odoo_ci_test odoo.modules.loading: loading resource/data/resource_data.xml 
2026-04-12 17:05:28,963 1 INFO odoo_ci_test odoo.modules.loading: loading resource/security/ir.model.access.csv 
2026-04-12 17:05:28,974 1 INFO odoo_ci_test odoo.modules.loading: loading resource/security/resource_security.xml 
2026-04-12 17:05:28,995 1 INFO odoo_ci_test odoo.modules.loading: loading resource/views/resource_resource_views.xml 
2026-04-12 17:05:29,018 1 INFO odoo_ci_test odoo.modules.loading: loading resource/views/resource_calendar_leaves_views.xml 
2026-04-12 17:05:29,044 1 INFO odoo_ci_test odoo.modules.loading: loading resource/views/resource_calendar_attendance_views.xml 
2026-04-12 17:05:29,054 1 INFO odoo_ci_test odoo.modules.loading: loading resource/views/resource_calendar_views.xml 
2026-04-12 17:05:29,075 1 INFO odoo_ci_test odoo.modules.loading: loading resource/views/menuitems.xml 
2026-04-12 17:05:29,099 1 INFO odoo_ci_test odoo.modules.loading: Module resource loaded in 0.28s, 414 queries (+414 other) 
2026-04-12 17:05:29,099 1 INFO odoo_ci_test odoo.modules.loading: Loading module utm (13/51) 
2026-04-12 17:05:29,106 1 INFO odoo_ci_test odoo.registry: module utm: creating or updating database tables 
2026-04-12 17:05:29,192 1 INFO odoo_ci_test odoo.modules.loading: loading utm/data/utm_medium_data.xml 
2026-04-12 17:05:29,210 1 INFO odoo_ci_test odoo.modules.loading: loading utm/data/utm_source_data.xml 
2026-04-12 17:05:29,226 1 INFO odoo_ci_test odoo.modules.loading: loading utm/data/utm_stage_data.xml 
2026-04-12 17:05:29,230 1 INFO odoo_ci_test odoo.modules.loading: loading utm/data/utm_tag_data.xml 
2026-04-12 17:05:29,234 1 INFO odoo_ci_test odoo.modules.loading: loading utm/views/utm_campaign_views.xml 
2026-04-12 17:05:29,259 1 INFO odoo_ci_test odoo.modules.loading: loading utm/views/utm_medium_views.xml 
2026-04-12 17:05:29,273 1 INFO odoo_ci_test odoo.modules.loading: loading utm/views/utm_source_views.xml 
2026-04-12 17:05:29,284 1 INFO odoo_ci_test odoo.modules.loading: loading utm/views/utm_stage_views.xml 
2026-04-12 17:05:29,298 1 INFO odoo_ci_test odoo.modules.loading: loading utm/views/utm_tag_views.xml 
2026-04-12 17:05:29,306 1 INFO odoo_ci_test odoo.modules.loading: loading utm/views/utm_menus.xml 
2026-04-12 17:05:29,325 1 INFO odoo_ci_test odoo.modules.loading: loading utm/security/ir.model.access.csv 
2026-04-12 17:05:29,346 1 INFO odoo_ci_test odoo.modules.loading: Module utm loaded in 0.25s, 410 queries (+410 other) 
2026-04-12 17:05:29,346 1 INFO odoo_ci_test odoo.modules.loading: Loading module web_tour (14/51) 
2026-04-12 17:05:29,354 1 INFO odoo_ci_test odoo.registry: module web_tour: creating or updating database tables 
2026-04-12 17:05:29,358 1 INFO odoo_ci_test odoo.models: Prepare computation of res.users.tour_enabled 
2026-04-12 17:05:29,423 1 INFO odoo_ci_test odoo.modules.loading: loading web_tour/security/ir.model.access.csv 
2026-04-12 17:05:29,430 1 INFO odoo_ci_test odoo.modules.loading: loading web_tour/views/tour_views.xml 
2026-04-12 17:05:29,467 1 INFO odoo_ci_test odoo.modules.loading: Module web_tour loaded in 0.12s, 180 queries (+180 other) 
2026-04-12 17:05:29,467 1 INFO odoo_ci_test odoo.modules.loading: Loading module auth_passkey (15/51) 
2026-04-12 17:05:29,502 1 INFO odoo_ci_test odoo.registry: module auth_passkey: creating or updating database tables 
2026-04-12 17:05:29,560 1 INFO odoo_ci_test odoo.modules.loading: loading auth_passkey/views/auth_passkey_key_views.xml 
2026-04-12 17:05:29,580 1 INFO odoo_ci_test odoo.modules.loading: loading auth_passkey/views/auth_passkey_login_templates.xml 
2026-04-12 17:05:29,592 1 INFO odoo_ci_test odoo.modules.loading: loading auth_passkey/views/res_users_identitycheck_views.xml 
2026-04-12 17:05:29,602 1 INFO odoo_ci_test odoo.modules.loading: loading auth_passkey/views/res_users_views.xml 
2026-04-12 17:05:29,620 1 INFO odoo_ci_test odoo.modules.loading: loading auth_passkey/security/ir.model.access.csv 
2026-04-12 17:05:29,628 1 INFO odoo_ci_test odoo.modules.loading: loading auth_passkey/security/security.xml 
2026-04-12 17:05:29,651 1 INFO odoo_ci_test odoo.modules.loading: Module auth_passkey loaded in 0.18s, 218 queries (+218 other) 
2026-04-12 17:05:29,651 1 INFO odoo_ci_test odoo.modules.loading: Loading module google_recaptcha (16/51) 
2026-04-12 17:05:29,655 1 INFO odoo_ci_test odoo.registry: module google_recaptcha: creating or updating database tables 
2026-04-12 17:05:29,676 1 INFO odoo_ci_test odoo.modules.loading: loading google_recaptcha/views/res_config_settings_view.xml 
2026-04-12 17:05:29,703 1 INFO odoo_ci_test odoo.modules.loading: Module google_recaptcha loaded in 0.05s, 64 queries (+64 other) 
2026-04-12 17:05:29,703 1 INFO odoo_ci_test odoo.modules.loading: Loading module html_editor (17/51) 
2026-04-12 17:05:29,864 1 INFO odoo_ci_test odoo.registry: module html_editor: creating or updating database tables 
2026-04-12 17:05:30,362 1 INFO odoo_ci_test odoo.modules.loading: loading html_editor/security/ir.model.access.csv 
2026-04-12 17:05:30,377 1 INFO odoo_ci_test odoo.modules.loading: Module html_editor loaded in 0.67s, 1110 queries (+1110 other) 
2026-04-12 17:05:30,377 1 INFO odoo_ci_test odoo.modules.loading: Loading module iap (18/51) 
2026-04-12 17:05:30,380 1 INFO odoo_ci_test odoo.registry: module iap: creating or updating database tables 
2026-04-12 17:05:30,435 1 INFO odoo_ci_test odoo.modules.loading: loading iap/data/services.xml 
2026-04-12 17:05:30,440 1 INFO odoo_ci_test odoo.modules.loading: loading iap/security/ir.model.access.csv 
2026-04-12 17:05:30,447 1 INFO odoo_ci_test odoo.modules.loading: loading iap/security/ir_rule.xml 
2026-04-12 17:05:30,453 1 INFO odoo_ci_test odoo.modules.loading: loading iap/views/iap_views.xml 
2026-04-12 17:05:30,475 1 INFO odoo_ci_test odoo.modules.loading: loading iap/views/res_config_settings.xml 
2026-04-12 17:05:30,498 1 INFO odoo_ci_test odoo.modules.loading: Module iap loaded in 0.12s, 184 queries (+184 other) 
2026-04-12 17:05:30,498 1 INFO odoo_ci_test odoo.modules.loading: Loading module mail (19/51) 
2026-04-12 17:05:30,565 1 INFO odoo_ci_test odoo.registry: module mail: creating or updating database tables 
2026-04-12 17:05:30,731 1 INFO odoo_ci_test odoo.models: Prepare computation of ir.actions.server.partner_ids 
2026-04-12 17:05:30,731 1 INFO odoo_ci_test odoo.models: Prepare computation of ir.actions.server.activity_user_id 
2026-04-12 17:05:30,731 1 INFO odoo_ci_test odoo.models: Prepare computation of ir.actions.server.activity_type_id 
2026-04-12 17:05:30,731 1 INFO odoo_ci_test odoo.models: Prepare computation of ir.actions.server.template_id 
2026-04-12 17:05:30,731 1 INFO odoo_ci_test odoo.models: Prepare computation of ir.actions.server.activity_date_deadline_range 
2026-04-12 17:05:30,731 1 INFO odoo_ci_test odoo.models: Prepare computation of ir.actions.server.activity_summary 
2026-04-12 17:05:30,732 1 INFO odoo_ci_test odoo.models: Prepare computation of ir.actions.server.followers_type 
2026-04-12 17:05:30,732 1 INFO odoo_ci_test odoo.models: Prepare computation of ir.actions.server.followers_partner_field_name 
2026-04-12 17:05:30,732 1 INFO odoo_ci_test odoo.models: Prepare computation of ir.actions.server.mail_post_method 
2026-04-12 17:05:30,732 1 INFO odoo_ci_test odoo.models: Prepare computation of ir.actions.server.activity_date_deadline_range_type 
2026-04-12 17:05:30,732 1 INFO odoo_ci_test odoo.models: Prepare computation of ir.actions.server.activity_user_type 
2026-04-12 17:05:30,732 1 INFO odoo_ci_test odoo.models: Prepare computation of ir.actions.server.activity_user_field_name 
2026-04-12 17:05:30,732 1 INFO odoo_ci_test odoo.models: Prepare computation of ir.actions.server.activity_note 
2026-04-12 17:05:30,732 1 INFO odoo_ci_test odoo.models: Prepare computation of ir.actions.server.mail_post_autofollow 
2026-04-12 17:05:30,789 1 INFO odoo_ci_test odoo.models: Prepare computation of res.users.notification_type 
2026-04-12 17:05:30,841 1 INFO odoo_ci_test odoo.models: Prepare computation of res.partner.email_normalized 
<string>:38: (ERROR/3) Unexpected indentation.
<string>:43: (WARNING/2) Block quote ends without a blank line; unexpected unindent.
2026-04-12 17:05:32,130 1 INFO odoo_ci_test odoo.modules.loading: loading mail/data/mail_groups.xml 
2026-04-12 17:05:32,152 1 INFO odoo_ci_test odoo.modules.loading: loading mail/wizard/mail_activity_schedule_views.xml 
2026-04-12 17:05:32,163 1 INFO odoo_ci_test odoo.modules.loading: loading mail/wizard/mail_blacklist_remove_views.xml 
2026-04-12 17:05:32,169 1 INFO odoo_ci_test odoo.modules.loading: loading mail/wizard/mail_compose_message_views.xml 
2026-04-12 17:05:32,187 1 INFO odoo_ci_test odoo.modules.loading: loading mail/wizard/mail_template_preview_views.xml 
2026-04-12 17:05:32,196 1 INFO odoo_ci_test odoo.modules.loading: loading mail/wizard/mail_followers_edit_views.xml 
2026-04-12 17:05:32,206 1 INFO odoo_ci_test odoo.modules.loading: loading mail/wizard/mail_template_reset_views.xml 
2026-04-12 17:05:32,215 1 INFO odoo_ci_test odoo.modules.loading: loading mail/views/fetchmail_views.xml 
2026-04-12 17:05:32,233 1 INFO odoo_ci_test odoo.modules.loading: loading mail/views/ir_cron_views.xml 
2026-04-12 17:05:32,243 1 INFO odoo_ci_test odoo.modules.loading: loading mail/views/ir_filters_views.xml 
2026-04-12 17:05:32,260 1 INFO odoo_ci_test odoo.modules.loading: loading mail/views/ir_mail_server_views.xml 
2026-04-12 17:05:32,269 1 INFO odoo_ci_test odoo.modules.loading: loading mail/views/mail_message_subtype_views.xml 
2026-04-12 17:05:32,283 1 INFO odoo_ci_test odoo.modules.loading: loading mail/views/mail_tracking_value_views.xml 
2026-04-12 17:05:32,295 1 INFO odoo_ci_test odoo.modules.loading: loading mail/views/mail_notification_views.xml 
2026-04-12 17:05:32,307 1 INFO odoo_ci_test odoo.modules.loading: loading mail/views/mail_message_views.xml 
2026-04-12 17:05:32,334 1 INFO odoo_ci_test odoo.modules.loading: loading mail/views/mail_message_schedule_views.xml 
2026-04-12 17:05:32,348 1 INFO odoo_ci_test odoo.modules.loading: loading mail/views/mail_mail_views.xml 
2026-04-12 17:05:32,372 1 INFO odoo_ci_test odoo.modules.loading: loading mail/views/mail_followers_views.xml 
2026-04-12 17:05:32,384 1 INFO odoo_ci_test odoo.modules.loading: loading mail/views/mail_ice_server_views.xml 
2026-04-12 17:05:32,405 1 INFO odoo_ci_test odoo.modules.loading: loading mail/views/discuss_channel_member_views.xml 
2026-04-12 17:05:32,418 1 INFO odoo_ci_test odoo.modules.loading: loading mail/views/discuss_channel_rtc_session_views.xml 
2026-04-12 17:05:32,433 1 INFO odoo_ci_test odoo.modules.loading: loading mail/views/mail_link_preview_views.xml 
2026-04-12 17:05:32,450 1 INFO odoo_ci_test odoo.modules.loading: loading mail/views/discuss/discuss_gif_favorite_views.xml 
2026-04-12 17:05:32,461 1 INFO odoo_ci_test odoo.modules.loading: loading mail/views/discuss_channel_views.xml 
2026-04-12 17:05:32,493 1 INFO odoo_ci_test odoo.modules.loading: loading mail/views/mail_canned_response_views.xml 
2026-04-12 17:05:32,517 1 INFO odoo_ci_test odoo.modules.loading: loading mail/views/res_role_views.xml 
2026-04-12 17:05:32,533 1 INFO odoo_ci_test odoo.modules.loading: loading mail/views/mail_activity_views.xml 
2026-04-12 17:05:32,625 1 INFO odoo_ci_test odoo.modules.loading: loading mail/views/mail_activity_plan_views.xml 
2026-04-12 17:05:32,664 1 INFO odoo_ci_test odoo.modules.loading: loading mail/views/mail_activity_plan_template_views.xml 
2026-04-12 17:05:32,676 1 INFO odoo_ci_test odoo.modules.loading: loading mail/views/res_config_settings_views.xml 
2026-04-12 17:05:32,700 1 INFO odoo_ci_test odoo.modules.loading: loading mail/data/ir_config_parameter_data.xml 
2026-04-12 17:05:32,706 1 INFO odoo_ci_test odoo.modules.loading: loading mail/data/res_partner_data.xml 
2026-04-12 17:05:32,772 1 INFO odoo_ci_test odoo.modules.loading: loading mail/data/mail_message_subtype_data.xml 
2026-04-12 17:05:32,780 1 INFO odoo_ci_test odoo.modules.loading: loading mail/data/mail_templates_chatter.xml 
2026-04-12 17:05:32,798 1 INFO odoo_ci_test odoo.modules.loading: loading mail/data/mail_templates_email_layouts.xml 
2026-04-12 17:05:32,818 1 INFO odoo_ci_test odoo.modules.loading: loading mail/data/mail_templates_mailgateway.xml 
2026-04-12 17:05:32,837 1 INFO odoo_ci_test odoo.modules.loading: loading mail/data/discuss_channel_data.xml 
2026-04-12 17:05:32,876 1 INFO odoo_ci_test odoo.modules.loading: loading mail/data/mail_activity_type_data.xml 
2026-04-12 17:05:32,888 1 INFO odoo_ci_test odoo.modules.loading: loading mail/data/security_notifications_templates.xml 
2026-04-12 17:05:32,894 1 INFO odoo_ci_test odoo.modules.loading: loading mail/data/ir_cron_data.xml 
2026-04-12 17:05:32,996 1 INFO odoo_ci_test odoo.modules.loading: loading mail/data/ir_actions_client.xml 
2026-04-12 17:05:33,002 1 INFO odoo_ci_test odoo.modules.loading: loading mail/security/mail_security.xml 
2026-04-12 17:05:33,155 1 INFO odoo_ci_test odoo.modules.loading: loading mail/security/ir.model.access.csv 
2026-04-12 17:05:33,200 1 INFO odoo_ci_test odoo.modules.loading: loading mail/views/discuss_public_templates.xml 
2026-04-12 17:05:33,206 1 INFO odoo_ci_test odoo.modules.loading: loading mail/views/mail_alias_domain_views.xml 
2026-04-12 17:05:33,223 1 INFO odoo_ci_test odoo.modules.loading: loading mail/views/mail_alias_views.xml 
2026-04-12 17:05:33,243 1 INFO odoo_ci_test odoo.modules.loading: loading mail/views/mail_gateway_allowed_views.xml 
2026-04-12 17:05:33,255 1 INFO odoo_ci_test odoo.modules.loading: loading mail/views/mail_guest_views.xml 
2026-04-12 17:05:33,267 1 INFO odoo_ci_test odoo.modules.loading: loading mail/views/mail_message_reaction_views.xml 
2026-04-12 17:05:33,280 1 INFO odoo_ci_test odoo.modules.loading: loading mail/views/mail_templates_public.xml 
2026-04-12 17:05:33,290 1 INFO odoo_ci_test odoo.modules.loading: loading mail/views/res_users_views.xml 
2026-04-12 17:05:33,318 1 INFO odoo_ci_test odoo.modules.loading: loading mail/views/res_users_settings_views.xml 
2026-04-12 17:05:33,334 1 INFO odoo_ci_test odoo.modules.loading: loading mail/views/mail_template_views.xml 
2026-04-12 17:05:33,357 1 INFO odoo_ci_test odoo.modules.loading: loading mail/views/ir_actions_server_views.xml 
2026-04-12 17:05:33,376 1 INFO odoo_ci_test odoo.modules.loading: loading mail/views/ir_model_views.xml 
2026-04-12 17:05:33,411 1 INFO odoo_ci_test odoo.modules.loading: loading mail/views/res_partner_views.xml 
2026-04-12 17:05:33,459 1 INFO odoo_ci_test odoo.modules.loading: loading mail/views/mail_blacklist_views.xml 
2026-04-12 17:05:33,476 1 INFO odoo_ci_test odoo.modules.loading: loading mail/views/mail_menus.xml 
2026-04-12 17:05:33,595 1 INFO odoo_ci_test odoo.modules.loading: loading mail/views/discuss/discuss_menus.xml 
2026-04-12 17:05:33,599 1 INFO odoo_ci_test odoo.modules.loading: loading mail/views/discuss/discuss_call_history_views.xml 
2026-04-12 17:05:33,615 1 INFO odoo_ci_test odoo.modules.loading: loading mail/views/res_company_views.xml 
2026-04-12 17:05:33,626 1 INFO odoo_ci_test odoo.modules.loading: loading mail/views/mail_scheduled_message_views.xml 
2026-04-12 17:05:33,634 1 INFO odoo_ci_test odoo.modules.loading: loading mail/data/mail_canned_response_data.xml 
2026-04-12 17:05:33,642 1 INFO odoo_ci_test odoo.modules.loading: loading mail/data/mail_templates_invite.xml 
2026-04-12 17:05:33,654 1 INFO odoo_ci_test odoo.modules.loading: loading mail/data/web_tour_tour.xml 
2026-04-12 17:05:33,729 1 INFO odoo_ci_test odoo.modules.loading: Module mail loaded in 3.23s, 5056 queries (+5057 other) 
2026-04-12 17:05:33,729 1 INFO odoo_ci_test odoo.modules.loading: Loading module web_unsplash (20/51) 
2026-04-12 17:05:33,742 1 INFO odoo_ci_test odoo.registry: module web_unsplash: creating or updating database tables 
2026-04-12 17:05:33,790 1 INFO odoo_ci_test odoo.modules.loading: loading web_unsplash/views/res_config_settings_view.xml 
2026-04-12 17:05:33,823 1 INFO odoo_ci_test odoo.modules.loading: Module web_unsplash loaded in 0.09s, 112 queries (+112 other) 
2026-04-12 17:05:33,824 1 INFO odoo_ci_test odoo.modules.loading: Loading module auth_signup (21/51) 
2026-04-12 17:05:33,838 1 INFO odoo_ci_test odoo.registry: module auth_signup: creating or updating database tables 
2026-04-12 17:05:33,899 1 INFO odoo_ci_test odoo.modules.loading: loading auth_signup/data/ir_config_parameter_data.xml 
2026-04-12 17:05:33,904 1 INFO odoo_ci_test odoo.modules.loading: loading auth_signup/data/ir_cron_data.xml 
2026-04-12 17:05:33,925 1 INFO odoo_ci_test odoo.modules.loading: loading auth_signup/data/mail_template_data.xml 
2026-04-12 17:05:34,002 1 INFO odoo_ci_test odoo.modules.loading: loading auth_signup/views/res_config_settings_views.xml 
2026-04-12 17:05:34,017 1 INFO odoo_ci_test odoo.modules.loading: loading auth_signup/views/res_users_views.xml 
2026-04-12 17:05:34,041 1 INFO odoo_ci_test odoo.modules.loading: loading auth_signup/views/auth_signup_login_templates.xml 
2026-04-12 17:05:34,061 1 INFO odoo_ci_test odoo.modules.loading: loading auth_signup/views/auth_signup_templates_email.xml 
2026-04-12 17:05:34,067 1 INFO odoo_ci_test odoo.modules.loading: loading auth_signup/views/webclient_templates.xml 
2026-04-12 17:05:34,114 1 INFO odoo_ci_test odoo.modules.loading: Module auth_signup loaded in 0.29s, 255 queries (+255 other) 
2026-04-12 17:05:34,114 1 INFO odoo_ci_test odoo.modules.loading: Loading module auth_totp_mail (22/51) 
2026-04-12 17:05:34,125 1 INFO odoo_ci_test odoo.registry: module auth_totp_mail: creating or updating database tables 
2026-04-12 17:05:34,163 1 INFO odoo_ci_test odoo.modules.loading: loading auth_totp_mail/data/ir_action_data.xml 
2026-04-12 17:05:34,186 1 INFO odoo_ci_test odoo.modules.loading: loading auth_totp_mail/data/mail_template_data.xml 
2026-04-12 17:05:34,221 1 INFO odoo_ci_test odoo.modules.loading: loading auth_totp_mail/data/security_notifications_template.xml 
2026-04-12 17:05:34,228 1 INFO odoo_ci_test odoo.modules.loading: loading auth_totp_mail/views/res_config_settings_views.xml 
2026-04-12 17:05:34,244 1 INFO odoo_ci_test odoo.modules.loading: loading auth_totp_mail/views/res_users_views.xml 
2026-04-12 17:05:34,263 1 INFO odoo_ci_test odoo.modules.loading: loading auth_totp_mail/views/templates.xml 
2026-04-12 17:05:34,286 1 INFO odoo_ci_test odoo.modules.loading: Module auth_totp_mail loaded in 0.17s, 189 queries (+189 other) 
2026-04-12 17:05:34,287 1 INFO odoo_ci_test odoo.modules.loading: Loading module base_install_request (23/51) 
2026-04-12 17:05:34,292 1 INFO odoo_ci_test odoo.registry: module base_install_request: creating or updating database tables 
2026-04-12 17:05:34,345 1 INFO odoo_ci_test odoo.modules.loading: loading base_install_request/security/ir.model.access.csv 
2026-04-12 17:05:34,354 1 INFO odoo_ci_test odoo.modules.loading: loading base_install_request/wizard/base_module_install_request_views.xml 
2026-04-12 17:05:34,371 1 INFO odoo_ci_test odoo.modules.loading: loading base_install_request/data/mail_template_data.xml 
2026-04-12 17:05:34,376 1 INFO odoo_ci_test odoo.modules.loading: loading base_install_request/data/mail_templates_module_install.xml 
2026-04-12 17:05:34,381 1 INFO odoo_ci_test odoo.modules.loading: loading base_install_request/views/ir_module_module_views.xml 
2026-04-12 17:05:34,403 1 INFO odoo_ci_test odoo.modules.loading: Module base_install_request loaded in 0.12s, 154 queries (+154 other) 
2026-04-12 17:05:34,403 1 INFO odoo_ci_test odoo.modules.loading: Loading module google_gmail (24/51) 
2026-04-12 17:05:34,415 1 INFO odoo_ci_test odoo.registry: module google_gmail: creating or updating database tables 
2026-04-12 17:05:34,468 1 INFO odoo_ci_test odoo.modules.loading: loading google_gmail/views/fetchmail_server_views.xml 
2026-04-12 17:05:34,482 1 INFO odoo_ci_test odoo.modules.loading: loading google_gmail/views/ir_mail_server_views.xml 
2026-04-12 17:05:34,492 1 INFO odoo_ci_test odoo.modules.loading: loading google_gmail/views/res_config_settings_views.xml 
2026-04-12 17:05:34,513 1 INFO odoo_ci_test odoo.modules.loading: loading google_gmail/views/templates.xml 
2026-04-12 17:05:34,525 1 INFO odoo_ci_test odoo.modules.loading: Module google_gmail loaded in 0.12s, 155 queries (+155 other) 
2026-04-12 17:05:34,525 1 INFO odoo_ci_test odoo.modules.loading: Loading module html_builder (25/51) 
2026-04-12 17:05:34,548 1 INFO odoo_ci_test odoo.modules.loading: Module html_builder loaded in 0.02s, 10 queries (+10 other) 
2026-04-12 17:05:34,548 1 INFO odoo_ci_test odoo.modules.loading: Loading module iap_mail (26/51) 
2026-04-12 17:05:34,552 1 INFO odoo_ci_test odoo.registry: module iap_mail: creating or updating database tables 
2026-04-12 17:05:34,579 1 INFO odoo_ci_test odoo.modules.loading: loading iap_mail/data/mail_templates.xml 
2026-04-12 17:05:34,592 1 INFO odoo_ci_test odoo.modules.loading: loading iap_mail/views/iap_views.xml 
2026-04-12 17:05:34,610 1 INFO odoo_ci_test odoo.modules.loading: Module iap_mail loaded in 0.06s, 70 queries (+70 other) 
2026-04-12 17:05:34,610 1 INFO odoo_ci_test odoo.modules.loading: Loading module mail_bot (27/51) 
2026-04-12 17:05:34,621 1 INFO odoo_ci_test odoo.registry: module mail_bot: creating or updating database tables 
2026-04-12 17:05:34,662 1 INFO odoo_ci_test odoo.modules.loading: loading mail_bot/views/res_users_views.xml 
2026-04-12 17:05:34,679 1 INFO odoo_ci_test odoo.modules.loading: loading mail_bot/data/mailbot_data.xml 
2026-04-12 17:05:34,690 1 INFO odoo_ci_test odoo.modules.loading: Module mail_bot loaded in 0.08s, 109 queries (+109 other) 
2026-04-12 17:05:34,690 1 INFO odoo_ci_test odoo.modules.loading: Loading module microsoft_outlook (28/51) 
2026-04-12 17:05:34,702 1 INFO odoo_ci_test odoo.registry: module microsoft_outlook: creating or updating database tables 
2026-04-12 17:05:34,758 1 INFO odoo_ci_test odoo.modules.loading: loading microsoft_outlook/views/fetchmail_server_views.xml 
2026-04-12 17:05:34,773 1 INFO odoo_ci_test odoo.modules.loading: loading microsoft_outlook/views/ir_mail_server_views.xml 
2026-04-12 17:05:34,784 1 INFO odoo_ci_test odoo.modules.loading: loading microsoft_outlook/views/res_config_settings_views.xml 
2026-04-12 17:05:34,804 1 INFO odoo_ci_test odoo.modules.loading: loading microsoft_outlook/views/templates.xml 
2026-04-12 17:05:34,816 1 INFO odoo_ci_test odoo.modules.loading: Module microsoft_outlook loaded in 0.13s, 158 queries (+158 other) 
2026-04-12 17:05:34,816 1 INFO odoo_ci_test odoo.modules.loading: Loading module phone_validation (29/51) 
2026-04-12 17:05:34,906 1 INFO odoo_ci_test odoo.registry: module phone_validation: creating or updating database tables 
2026-04-12 17:05:34,917 1 INFO odoo_ci_test odoo.models: Prepare computation of res.partner.phone_sanitized 
2026-04-12 17:05:35,640 1 INFO odoo_ci_test odoo.modules.loading: loading phone_validation/security/ir.model.access.csv 
2026-04-12 17:05:35,647 1 INFO odoo_ci_test odoo.modules.loading: loading phone_validation/views/phone_blacklist_views.xml 
2026-04-12 17:05:35,674 1 INFO odoo_ci_test odoo.modules.loading: loading phone_validation/views/res_partner_views.xml 
2026-04-12 17:05:35,686 1 INFO odoo_ci_test odoo.modules.loading: loading phone_validation/wizard/phone_blacklist_remove_view.xml 
2026-04-12 17:05:35,703 1 INFO odoo_ci_test odoo.modules.loading: Module phone_validation loaded in 0.89s, 1703 queries (+1703 other) 
2026-04-12 17:05:35,703 1 INFO odoo_ci_test odoo.modules.loading: Loading module privacy_lookup (30/51) 
2026-04-12 17:05:35,717 1 INFO odoo_ci_test odoo.registry: module privacy_lookup: creating or updating database tables 
2026-04-12 17:05:35,812 1 INFO odoo_ci_test odoo.modules.loading: loading privacy_lookup/wizard/privacy_lookup_wizard_views.xml 
2026-04-12 17:05:35,862 1 INFO odoo_ci_test odoo.modules.loading: loading privacy_lookup/views/privacy_log_views.xml 
2026-04-12 17:05:35,880 1 INFO odoo_ci_test odoo.modules.loading: loading privacy_lookup/security/ir.model.access.csv 
2026-04-12 17:05:35,895 1 INFO odoo_ci_test odoo.modules.loading: loading privacy_lookup/data/ir_actions_server_data.xml 
2026-04-12 17:05:35,933 1 INFO odoo_ci_test odoo.modules.loading: Module privacy_lookup loaded in 0.23s, 293 queries (+293 other) 
2026-04-12 17:05:35,933 1 INFO odoo_ci_test odoo.modules.loading: Loading module resource_mail (31/51) 
2026-04-12 17:05:35,939 1 INFO odoo_ci_test odoo.registry: module resource_mail: creating or updating database tables 
2026-04-12 17:05:35,970 1 INFO odoo_ci_test odoo.modules.loading: Module resource_mail loaded in 0.04s, 36 queries (+36 other) 
2026-04-12 17:05:35,970 1 INFO odoo_ci_test odoo.modules.loading: Loading module sports_federation_base (32/51) 
2026-04-12 17:05:35,979 1 INFO odoo_ci_test odoo.registry: module sports_federation_base: creating or updating database tables 
<string>:26: (WARNING/2) Line block ends without a blank line.
<string>:44: (WARNING/2) Line block ends without a blank line.
<string>:58: (WARNING/2) Line block ends without a blank line.
<string>:73: (WARNING/2) Line block ends without a blank line.
<string>:93: (WARNING/2) Line block ends without a blank line.
<string>:26: (ERROR/3) Undefined substitution referenced: "-------".
<string>:26: (ERROR/3) Undefined substitution referenced: "-------------".
<string>:44: (ERROR/3) Undefined substitution referenced: "-------".
<string>:44: (ERROR/3) Undefined substitution referenced: "-------------".
<string>:58: (ERROR/3) Undefined substitution referenced: "-------".
<string>:58: (ERROR/3) Undefined substitution referenced: "-------------".
<string>:73: (ERROR/3) Undefined substitution referenced: "-------".
<string>:73: (ERROR/3) Undefined substitution referenced: "-------------".
<string>:93: (ERROR/3) Undefined substitution referenced: "-------".
<string>:93: (ERROR/3) Undefined substitution referenced: "-------------".
2026-04-12 17:05:36,101 1 INFO odoo_ci_test odoo.modules.loading: loading sports_federation_base/security/res_groups.xml 
2026-04-12 17:05:36,125 1 INFO odoo_ci_test odoo.modules.loading: loading sports_federation_base/security/ir.model.access.csv 
2026-04-12 17:05:36,142 1 INFO odoo_ci_test odoo.modules.loading: loading sports_federation_base/data/ir_sequence.xml 
2026-04-12 17:05:36,146 1 INFO odoo_ci_test odoo.modules.loading: loading sports_federation_base/views/federation_season_registration_views.xml 
2026-04-12 17:05:36,163 1 INFO odoo_ci_test odoo.modules.loading: loading sports_federation_base/views/federation_season_views.xml 
2026-04-12 17:05:36,179 1 INFO odoo_ci_test odoo.modules.loading: loading sports_federation_base/views/federation_team_views.xml 
2026-04-12 17:05:36,196 1 INFO odoo_ci_test odoo.modules.loading: loading sports_federation_base/views/federation_club_views.xml 
2026-04-12 17:05:36,213 1 INFO odoo_ci_test odoo.modules.loading: loading sports_federation_base/views/menu_items.xml 
2026-04-12 17:05:36,243 1 INFO odoo_ci_test odoo.modules.loading: Module sports_federation_base loaded in 0.27s, 334 queries (+334 other) 
2026-04-12 17:05:36,243 1 INFO odoo_ci_test odoo.modules.loading: Loading module partner_autocomplete (33/51) 
2026-04-12 17:05:36,261 1 INFO odoo_ci_test odoo.registry: module partner_autocomplete: creating or updating database tables 
2026-04-12 17:05:36,337 1 INFO odoo_ci_test odoo.modules.loading: loading partner_autocomplete/views/res_company_views.xml 
2026-04-12 17:05:36,353 1 INFO odoo_ci_test odoo.modules.loading: loading partner_autocomplete/views/res_config_settings_views.xml 
2026-04-12 17:05:36,369 1 INFO odoo_ci_test odoo.modules.loading: loading partner_autocomplete/data/iap_service_data.xml 
2026-04-12 17:05:36,381 1 INFO odoo_ci_test odoo.modules.loading: Module partner_autocomplete loaded in 0.14s, 141 queries (+141 other) 
2026-04-12 17:05:36,381 1 INFO odoo_ci_test odoo.modules.loading: Loading module portal (34/51) 
2026-04-12 17:05:36,416 1 INFO odoo_ci_test odoo.registry: module portal: creating or updating database tables 
2026-04-12 17:05:36,612 1 INFO odoo_ci_test odoo.modules.loading: loading portal/security/ir.model.access.csv 
2026-04-12 17:05:36,619 1 INFO odoo_ci_test odoo.modules.loading: loading portal/data/mail_templates.xml 
2026-04-12 17:05:36,625 1 INFO odoo_ci_test odoo.modules.loading: loading portal/views/address_templates.xml 
2026-04-12 17:05:36,657 1 INFO odoo_ci_test odoo.modules.loading: loading portal/views/mail_templates_public.xml 
2026-04-12 17:05:36,663 1 INFO odoo_ci_test odoo.modules.loading: loading portal/views/portal_templates.xml 
2026-04-12 17:05:36,762 1 INFO odoo_ci_test odoo.modules.loading: loading portal/views/res_config_settings_views.xml 
2026-04-12 17:05:36,784 1 INFO odoo_ci_test odoo.modules.loading: loading portal/wizard/portal_share_views.xml 
2026-04-12 17:05:36,793 1 INFO odoo_ci_test odoo.modules.loading: loading portal/wizard/portal_wizard_views.xml 
2026-04-12 17:05:36,839 1 INFO odoo_ci_test odoo.modules.loading: Module portal loaded in 0.46s, 583 queries (+583 other) 
2026-04-12 17:05:36,839 1 INFO odoo_ci_test odoo.modules.loading: Loading module sms (35/51) 
2026-04-12 17:05:36,928 1 INFO odoo_ci_test odoo.registry: module sms: creating or updating database tables 
2026-04-12 17:05:36,937 1 INFO odoo_ci_test odoo.models: Prepare computation of ir.actions.server.sms_template_id 
2026-04-12 17:05:36,938 1 INFO odoo_ci_test odoo.models: Prepare computation of ir.actions.server.sms_method 
2026-04-12 17:05:37,837 1 INFO odoo_ci_test odoo.modules.loading: loading sms/data/iap_service_data.xml 
2026-04-12 17:05:37,841 1 INFO odoo_ci_test odoo.modules.loading: loading sms/data/ir_cron_data.xml 
2026-04-12 17:05:37,863 1 INFO odoo_ci_test odoo.modules.loading: loading sms/wizard/sms_account_code_views.xml 
2026-04-12 17:05:37,874 1 INFO odoo_ci_test odoo.modules.loading: loading sms/wizard/sms_account_phone_views.xml 
2026-04-12 17:05:37,880 1 INFO odoo_ci_test odoo.modules.loading: loading sms/wizard/sms_account_sender_views.xml 
2026-04-12 17:05:37,886 1 INFO odoo_ci_test odoo.modules.loading: loading sms/wizard/sms_composer_views.xml 
2026-04-12 17:05:37,897 1 INFO odoo_ci_test odoo.modules.loading: loading sms/wizard/sms_template_preview_views.xml 
2026-04-12 17:05:37,905 1 INFO odoo_ci_test odoo.modules.loading: loading sms/wizard/sms_template_reset_views.xml 
2026-04-12 17:05:37,914 1 INFO odoo_ci_test odoo.modules.loading: loading sms/views/ir_actions_server_views.xml 
2026-04-12 17:05:37,930 1 INFO odoo_ci_test odoo.modules.loading: loading sms/views/mail_notification_views.xml 
2026-04-12 17:05:37,943 1 INFO odoo_ci_test odoo.modules.loading: loading sms/views/res_config_settings_views.xml 
2026-04-12 17:05:37,958 1 INFO odoo_ci_test odoo.modules.loading: loading sms/views/res_partner_views.xml 
2026-04-12 17:05:37,974 1 INFO odoo_ci_test odoo.modules.loading: loading sms/views/iap_account_views.xml 
2026-04-12 17:05:37,985 1 INFO odoo_ci_test odoo.modules.loading: loading sms/views/sms_sms_views.xml 
2026-04-12 17:05:38,012 1 INFO odoo_ci_test odoo.modules.loading: loading sms/views/sms_template_views.xml 
2026-04-12 17:05:38,032 1 INFO odoo_ci_test odoo.modules.loading: loading sms/security/ir.model.access.csv 
2026-04-12 17:05:38,053 1 INFO odoo_ci_test odoo.modules.loading: loading sms/security/sms_security.xml 
2026-04-12 17:05:38,076 1 INFO odoo_ci_test odoo.modules.loading: Module sms loaded in 1.24s, 2173 queries (+2173 other) 
2026-04-12 17:05:38,076 1 INFO odoo_ci_test odoo.modules.loading: Loading module snailmail (36/51) 
2026-04-12 17:05:38,183 1 INFO odoo_ci_test odoo.registry: module snailmail: creating or updating database tables 
2026-04-12 17:05:38,381 1 INFO odoo_ci_test odoo.modules.loading: loading snailmail/data/iap_service_data.xml 
2026-04-12 17:05:38,384 1 INFO odoo_ci_test odoo.modules.loading: loading snailmail/data/snailmail_data.xml 
2026-04-12 17:05:38,407 1 INFO odoo_ci_test odoo.modules.loading: loading snailmail/views/report_assets.xml 
2026-04-12 17:05:38,419 1 INFO odoo_ci_test odoo.modules.loading: loading snailmail/views/snailmail_views.xml 
2026-04-12 17:05:38,438 1 INFO odoo_ci_test odoo.modules.loading: loading snailmail/security/ir.model.access.csv 
2026-04-12 17:05:38,463 1 INFO odoo_ci_test odoo.modules.loading: Module snailmail loaded in 0.39s, 449 queries (+449 other) 
2026-04-12 17:05:38,463 1 INFO odoo_ci_test odoo.modules.loading: Loading module sports_federation_people (37/51) 
2026-04-12 17:05:38,469 1 INFO odoo_ci_test odoo.registry: module sports_federation_people: creating or updating database tables 
<string>:16: (WARNING/2) Line block ends without a blank line.
<string>:27: (WARNING/2) Line block ends without a blank line.
<string>:51: (WARNING/2) Line block ends without a blank line.
<string>:67: (WARNING/2) Line block ends without a blank line.
<string>:16: (ERROR/3) Undefined substitution referenced: "--------".
<string>:27: (ERROR/3) Undefined substitution referenced: "-------".
<string>:27: (ERROR/3) Undefined substitution referenced: "-------------".
<string>:51: (ERROR/3) Undefined substitution referenced: "-------".
<string>:51: (ERROR/3) Undefined substitution referenced: "-------------".
<string>:67: (ERROR/3) Undefined substitution referenced: "------".
2026-04-12 17:05:38,556 1 INFO odoo_ci_test odoo.modules.loading: loading sports_federation_people/security/ir.model.access.csv 
2026-04-12 17:05:38,563 1 INFO odoo_ci_test odoo.modules.loading: loading sports_federation_people/data/ir_sequence.xml 
2026-04-12 17:05:38,567 1 INFO odoo_ci_test odoo.modules.loading: loading sports_federation_people/views/federation_player_views.xml 
2026-04-12 17:05:38,589 1 INFO odoo_ci_test odoo.modules.loading: loading sports_federation_people/views/federation_player_license_views.xml 
2026-04-12 17:05:38,605 1 INFO odoo_ci_test odoo.modules.loading: loading sports_federation_people/views/menu_items.xml 
2026-04-12 17:05:38,627 1 INFO odoo_ci_test odoo.modules.loading: Module sports_federation_people loaded in 0.16s, 208 queries (+208 other) 
2026-04-12 17:05:38,627 1 INFO odoo_ci_test odoo.modules.loading: Loading module sports_federation_rules (38/51) 
2026-04-12 17:05:38,636 1 INFO odoo_ci_test odoo.registry: module sports_federation_rules: creating or updating database tables 
<string>:17: (WARNING/2) Line block ends without a blank line.
<string>:28: (WARNING/2) Line block ends without a blank line.
<string>:45: (WARNING/2) Line block ends without a blank line.
<string>:57: (WARNING/2) Line block ends without a blank line.
<string>:69: (WARNING/2) Line block ends without a blank line.
<string>:83: (WARNING/2) Line block ends without a blank line.
<string>:98: (WARNING/2) Line block ends without a blank line.
<string>:17: (ERROR/3) Undefined substitution referenced: "--------".
<string>:28: (ERROR/3) Undefined substitution referenced: "-------".
<string>:28: (ERROR/3) Undefined substitution referenced: "-------------".
<string>:45: (ERROR/3) Undefined substitution referenced: "-------".
<string>:45: (ERROR/3) Undefined substitution referenced: "-------------".
<string>:57: (ERROR/3) Undefined substitution referenced: "-------".
<string>:57: (ERROR/3) Undefined substitution referenced: "-------------".
<string>:69: (ERROR/3) Undefined substitution referenced: "-------".
<string>:69: (ERROR/3) Undefined substitution referenced: "-------------".
<string>:83: (ERROR/3) Undefined substitution referenced: "-------".
<string>:83: (ERROR/3) Undefined substitution referenced: "-------------".
<string>:98: (ERROR/3) Undefined substitution referenced: "-------".
2026-04-12 17:05:38,759 1 INFO odoo_ci_test odoo.modules.loading: loading sports_federation_rules/security/ir.model.access.csv 
2026-04-12 17:05:38,769 1 INFO odoo_ci_test odoo.modules.loading: loading sports_federation_rules/views/federation_rule_set_views.xml 
2026-04-12 17:05:38,798 1 INFO odoo_ci_test odoo.modules.loading: loading sports_federation_rules/views/federation_points_rule_views.xml 
2026-04-12 17:05:38,809 1 INFO odoo_ci_test odoo.modules.loading: loading sports_federation_rules/views/federation_tie_break_rule_views.xml 
2026-04-12 17:05:38,821 1 INFO odoo_ci_test odoo.modules.loading: loading sports_federation_rules/views/federation_eligibility_rule_views.xml 
2026-04-12 17:05:38,834 1 INFO odoo_ci_test odoo.modules.loading: loading sports_federation_rules/views/federation_qualification_rule_views.xml 
2026-04-12 17:05:38,846 1 INFO odoo_ci_test odoo.modules.loading: loading sports_federation_rules/views/menu_items.xml 
2026-04-12 17:05:38,878 1 INFO odoo_ci_test odoo.modules.loading: Module sports_federation_rules loaded in 0.25s, 302 queries (+302 other) 
2026-04-12 17:05:38,878 1 INFO odoo_ci_test odoo.modules.loading: Loading module auth_passkey_portal (39/51) 
2026-04-12 17:05:38,887 1 INFO odoo_ci_test odoo.modules.loading: loading auth_passkey_portal/views/templates.xml 
2026-04-12 17:05:38,911 1 INFO odoo_ci_test odoo.modules.loading: Module auth_passkey_portal loaded in 0.03s, 22 queries (+22 other) 
2026-04-12 17:05:38,911 1 INFO odoo_ci_test odoo.modules.loading: Loading module auth_totp_portal (40/51) 
2026-04-12 17:05:38,920 1 INFO odoo_ci_test odoo.registry: module auth_totp_portal: creating or updating database tables 
2026-04-12 17:05:38,944 1 INFO odoo_ci_test odoo.modules.loading: loading auth_totp_portal/security/security.xml 
2026-04-12 17:05:38,956 1 INFO odoo_ci_test odoo.modules.loading: loading auth_totp_portal/views/templates.xml 
2026-04-12 17:05:38,973 1 INFO odoo_ci_test odoo.modules.loading: Module auth_totp_portal loaded in 0.06s, 70 queries (+70 other) 
2026-04-12 17:05:38,973 1 INFO odoo_ci_test odoo.modules.loading: Loading module digest (41/51) 
2026-04-12 17:05:38,986 1 INFO odoo_ci_test odoo.registry: module digest: creating or updating database tables 
2026-04-12 17:05:39,075 1 INFO odoo_ci_test odoo.modules.loading: loading digest/security/ir.model.access.csv 
2026-04-12 17:05:39,083 1 INFO odoo_ci_test odoo.modules.loading: loading digest/data/digest_data.xml 
2026-04-12 17:05:39,102 1 INFO odoo_ci_test odoo.modules.loading: loading digest/data/digest_tips_data.xml 
2026-04-12 17:05:39,117 1 INFO odoo_ci_test odoo.modules.loading: loading digest/data/ir_cron_data.xml 
2026-04-12 17:05:39,138 1 INFO odoo_ci_test odoo.modules.loading: loading digest/data/res_config_settings_data.xml 
2026-04-12 17:05:39,143 1 INFO odoo_ci_test odoo.modules.loading: loading digest/views/digest_views.xml 
2026-04-12 17:05:39,186 1 INFO odoo_ci_test odoo.modules.loading: loading digest/views/digest_templates.xml 
2026-04-12 17:05:39,191 1 INFO odoo_ci_test odoo.modules.loading: loading digest/views/res_config_settings_views.xml 
2026-04-12 17:05:39,227 1 INFO odoo_ci_test odoo.modules.loading: Module digest loaded in 0.25s, 326 queries (+326 other) 
2026-04-12 17:05:39,227 1 INFO odoo_ci_test odoo.modules.loading: Loading module sports_federation_tournament (42/51) 
2026-04-12 17:05:39,242 1 INFO odoo_ci_test odoo.registry: module sports_federation_tournament: creating or updating database tables 
2026-04-12 17:05:39,464 1 INFO odoo_ci_test odoo.modules.loading: loading sports_federation_tournament/security/ir.model.access.csv 
2026-04-12 17:05:39,476 1 INFO odoo_ci_test odoo.modules.loading: loading sports_federation_tournament/views/federation_tournament_participant_views.xml 
2026-04-12 17:05:39,498 1 INFO odoo_ci_test odoo.modules.loading: loading sports_federation_tournament/views/federation_match_views.xml 
2026-04-12 17:05:39,519 1 INFO odoo_ci_test odoo.modules.loading: loading sports_federation_tournament/views/federation_tournament_round_views.xml 
2026-04-12 17:05:39,532 1 INFO odoo_ci_test odoo.modules.loading: loading sports_federation_tournament/views/federation_tournament_group_views.xml 
2026-04-12 17:05:39,549 1 INFO odoo_ci_test odoo.modules.loading: loading sports_federation_tournament/views/federation_tournament_stage_views.xml 
2026-04-12 17:05:39,565 1 INFO odoo_ci_test odoo.modules.loading: loading sports_federation_tournament/views/federation_tournament_views.xml 
2026-04-12 17:05:39,584 1 INFO odoo_ci_test odoo.modules.loading: loading sports_federation_tournament/views/federation_competition_edition_views.xml 
2026-04-12 17:05:39,602 1 INFO odoo_ci_test odoo.modules.loading: loading sports_federation_tournament/views/federation_competition_views.xml 
2026-04-12 17:05:39,619 1 INFO odoo_ci_test odoo.modules.loading: loading sports_federation_tournament/views/federation_season_registration_views_inherit.xml 
2026-04-12 17:05:39,639 1 INFO odoo_ci_test odoo.modules.loading: loading sports_federation_tournament/views/menu_items.xml 
2026-04-12 17:05:39,675 1 INFO odoo_ci_test odoo.modules.loading: Module sports_federation_tournament loaded in 0.45s, 575 queries (+575 other) 
2026-04-12 17:05:39,675 1 INFO odoo_ci_test odoo.modules.loading: Loading module sports_federation_result_control (43/51) 
2026-04-12 17:05:39,683 1 INFO odoo_ci_test odoo.registry: module sports_federation_result_control: creating or updating database tables 
2026-04-12 17:05:39,745 1 INFO odoo_ci_test odoo.modules.loading: loading sports_federation_result_control/security/result_control_security.xml 
2026-04-12 17:05:39,760 1 INFO odoo_ci_test odoo.modules.loading: loading sports_federation_result_control/security/ir.model.access.csv 
2026-04-12 17:05:39,767 1 INFO odoo_ci_test odoo.modules.loading: loading sports_federation_result_control/views/match_views_inherit.xml 
2026-04-12 17:05:39,808 1 INFO odoo_ci_test odoo.modules.loading: Module sports_federation_result_control loaded in 0.13s, 168 queries (+168 other) 
2026-04-12 17:05:39,808 1 INFO odoo_ci_test odoo.modules.loading: Loading module sports_federation_rosters (44/51) 
2026-04-12 17:05:39,821 1 INFO odoo_ci_test odoo.registry: module sports_federation_rosters: creating or updating database tables 
2026-04-12 17:05:40,022 1 INFO odoo_ci_test odoo.modules.loading: loading sports_federation_rosters/security/ir.model.access.csv 
2026-04-12 17:05:40,032 1 INFO odoo_ci_test odoo.modules.loading: loading sports_federation_rosters/views/team_roster_views.xml 
2026-04-12 17:05:40,054 1 INFO odoo_ci_test odoo.modules.loading: loading sports_federation_rosters/views/match_sheet_views.xml 
2026-04-12 17:05:40,070 1 INFO odoo_ci_test odoo.modules.loading: loading sports_federation_rosters/views/tournament_participant_views_inherit.xml 
2026-04-12 17:05:40,079 1 INFO odoo_ci_test odoo.modules.loading: loading sports_federation_rosters/views/team_views_inherit.xml 
2026-04-12 17:05:40,093 1 INFO odoo_ci_test odoo.modules.loading: loading sports_federation_rosters/views/player_views_inherit.xml 
2026-04-12 17:05:40,103 1 INFO odoo_ci_test odoo.modules.loading: loading sports_federation_rosters/views/match_views_inherit.xml 
2026-04-12 17:05:40,116 1 INFO odoo_ci_test odoo.modules.loading: loading sports_federation_rosters/views/menu_views.xml 
2026-04-12 17:05:40,136 1 INFO odoo_ci_test odoo.modules.loading: Module sports_federation_rosters loaded in 0.33s, 464 queries (+464 other) 
2026-04-12 17:05:40,136 1 INFO odoo_ci_test odoo.modules.loading: Loading module sports_federation_standings (45/51) 
2026-04-12 17:05:40,145 1 INFO odoo_ci_test odoo.registry: module sports_federation_standings: creating or updating database tables 
2026-04-12 17:05:40,234 1 INFO odoo_ci_test odoo.modules.loading: loading sports_federation_standings/security/ir.model.access.csv 
2026-04-12 17:05:40,242 1 INFO odoo_ci_test odoo.modules.loading: loading sports_federation_standings/views/standing_views.xml 
2026-04-12 17:05:40,267 1 INFO odoo_ci_test odoo.modules.loading: loading sports_federation_standings/views/tournament_views_inherit.xml 
2026-04-12 17:05:40,277 1 INFO odoo_ci_test odoo.modules.loading: loading sports_federation_standings/views/menu_views.xml 
2026-04-12 17:05:40,293 1 INFO odoo_ci_test odoo.modules.loading: Module sports_federation_standings loaded in 0.16s, 223 queries (+223 other) 
2026-04-12 17:05:40,293 1 INFO odoo_ci_test odoo.modules.loading: Loading module sports_federation_venues (46/51) 
2026-04-12 17:05:40,303 1 INFO odoo_ci_test odoo.registry: module sports_federation_venues: creating or updating database tables 
2026-04-12 17:05:40,389 1 INFO odoo_ci_test odoo.modules.loading: loading sports_federation_venues/security/ir.model.access.csv 
2026-04-12 17:05:40,399 1 INFO odoo_ci_test odoo.modules.loading: loading sports_federation_venues/views/venue_views.xml 
2026-04-12 17:05:40,433 1 INFO odoo_ci_test odoo.modules.loading: loading sports_federation_venues/views/round_views_inherit.xml 
2026-04-12 17:05:40,450 1 INFO odoo_ci_test odoo.modules.loading: loading sports_federation_venues/views/tournament_views_inherit.xml 
2026-04-12 17:05:40,467 1 INFO odoo_ci_test odoo.modules.loading: loading sports_federation_venues/views/match_views_inherit.xml 
2026-04-12 17:05:40,493 1 INFO odoo_ci_test odoo.modules.loading: loading sports_federation_venues/views/menu_views.xml 
2026-04-12 17:05:40,510 1 INFO odoo_ci_test odoo.modules.loading: Module sports_federation_venues loaded in 0.22s, 285 queries (+285 other) 
2026-04-12 17:05:40,510 1 INFO odoo_ci_test odoo.modules.loading: Loading module website (47/51) 
2026-04-12 17:05:40,647 1 INFO odoo_ci_test odoo.registry: module website: creating or updating database tables 
2026-04-12 17:05:40,719 1 INFO odoo_ci_test odoo.models: Prepare computation of ir.ui.view.is_seo_optimized 
2026-04-12 17:05:40,726 1 INFO odoo_ci_test odoo.models: Prepare computation of res.company.website_id 
2026-04-12 17:05:42,135 1 INFO odoo_ci_test odoo.modules.loading: loading website/security/website_security.xml 
2026-04-12 17:05:42,237 1 INFO odoo_ci_test odoo.modules.loading: loading website/security/ir.model.access.csv 
2026-04-12 17:05:42,259 1 INFO odoo_ci_test odoo.modules.loading: loading website/data/image_library.xml 
2026-04-12 17:05:42,579 1 INFO odoo_ci_test odoo.modules.loading: loading website/data/ir_asset.xml 
2026-04-12 17:05:42,587 1 INFO odoo_ci_test odoo.modules.loading: loading website/data/ir_cron_data.xml 
2026-04-12 17:05:42,616 1 INFO odoo_ci_test odoo.modules.loading: loading website/data/mail_mail_data.xml 
2026-04-12 17:05:42,624 1 INFO odoo_ci_test odoo.modules.loading: loading website/data/website_data.xml 
2026-04-12 17:05:42,759 1 INFO odoo_ci_test odoo.modules.loading: loading website/data/website_visitor_cron.xml 
2026-04-12 17:05:42,774 1 INFO odoo_ci_test odoo.modules.loading: loading website/data/digest_data.xml 
2026-04-12 17:05:42,784 1 INFO odoo_ci_test odoo.modules.loading: loading website/views/website_technical_views.xml 
2026-04-12 17:05:42,795 1 INFO odoo_ci_test odoo.modules.loading: loading website/views/website_templates.xml 
2026-04-12 17:05:43,838 1 INFO odoo_ci_test odoo.modules.loading: loading website/views/snippets/snippets.xml 
2026-04-12 17:05:43,867 1 INFO odoo_ci_test odoo.modules.loading: loading website/views/snippets/s_announcement_scroll.xml 
2026-04-12 17:05:43,874 1 INFO odoo_ci_test odoo.modules.loading: loading website/views/snippets/s_framed_intro.xml 
2026-04-12 17:05:43,880 1 INFO odoo_ci_test odoo.modules.loading: loading website/views/snippets/s_title.xml 
2026-04-12 17:05:43,888 1 INFO odoo_ci_test odoo.modules.loading: loading website/views/snippets/s_cover.xml 
2026-04-12 17:05:43,894 1 INFO odoo_ci_test odoo.modules.loading: loading website/views/snippets/s_text_cover.xml 
2026-04-12 17:05:43,901 1 INFO odoo_ci_test odoo.modules.loading: loading website/views/snippets/s_image_text_box.xml 
2026-04-12 17:05:43,907 1 INFO odoo_ci_test odoo.modules.loading: loading website/views/snippets/s_striped_top.xml 
2026-04-12 17:05:43,912 1 INFO odoo_ci_test odoo.modules.loading: loading website/views/snippets/s_text_image.xml 
2026-04-12 17:05:43,918 1 INFO odoo_ci_test odoo.modules.loading: loading website/views/snippets/s_image_text.xml 
2026-04-12 17:05:43,924 1 INFO odoo_ci_test odoo.modules.loading: loading website/views/snippets/s_mockup_image.xml 
2026-04-12 17:05:43,930 1 INFO odoo_ci_test odoo.modules.loading: loading website/views/snippets/s_instagram_page.xml 
2026-04-12 17:05:43,938 1 INFO odoo_ci_test odoo.modules.loading: loading website/views/snippets/s_image_text_overlap.xml 
2026-04-12 17:05:43,944 1 INFO odoo_ci_test odoo.modules.loading: loading website/views/snippets/s_banner.xml 
2026-04-12 17:05:43,951 1 INFO odoo_ci_test odoo.modules.loading: loading website/views/snippets/s_bento_block.xml 
2026-04-12 17:05:43,957 1 INFO odoo_ci_test odoo.modules.loading: loading website/views/snippets/s_snippet_group.xml 
2026-04-12 17:05:43,963 1 INFO odoo_ci_test odoo.modules.loading: loading website/views/snippets/s_text_block.xml 
2026-04-12 17:05:43,969 1 INFO odoo_ci_test odoo.modules.loading: loading website/views/snippets/s_features.xml 
2026-04-12 17:05:43,977 1 INFO odoo_ci_test odoo.modules.loading: loading website/views/snippets/s_features_wall.xml 
2026-04-12 17:05:43,983 1 INFO odoo_ci_test odoo.modules.loading: loading website/views/snippets/s_three_columns.xml 
2026-04-12 17:05:43,992 1 INFO odoo_ci_test odoo.modules.loading: loading website/views/snippets/s_key_benefits.xml 
2026-04-12 17:05:43,999 1 INFO odoo_ci_test odoo.modules.loading: loading website/views/snippets/s_picture.xml 
2026-04-12 17:05:44,005 1 INFO odoo_ci_test odoo.modules.loading: loading website/views/snippets/s_image_punchy.xml 
2026-04-12 17:05:44,011 1 INFO odoo_ci_test odoo.modules.loading: loading website/views/snippets/s_bento_grid.xml 
2026-04-12 17:05:44,019 1 INFO odoo_ci_test odoo.modules.loading: loading website/views/snippets/s_carousel.xml 
2026-04-12 17:05:44,029 1 INFO odoo_ci_test odoo.modules.loading: loading website/views/snippets/s_carousel_intro.xml 
2026-04-12 17:05:44,038 1 INFO odoo_ci_test odoo.modules.loading: loading website/views/snippets/s_carousel_cards.xml 
2026-04-12 17:05:44,047 1 INFO odoo_ci_test odoo.modules.loading: loading website/views/snippets/s_alert.xml 
2026-04-12 17:05:44,057 1 INFO odoo_ci_test odoo.modules.loading: loading website/views/snippets/s_motto.xml 
2026-04-12 17:05:44,062 1 INFO odoo_ci_test odoo.modules.loading: loading website/views/snippets/s_card.xml 
2026-04-12 17:05:44,070 1 INFO odoo_ci_test odoo.modules.loading: loading website/views/snippets/s_cards_grid.xml 
2026-04-12 17:05:44,077 1 INFO odoo_ci_test odoo.modules.loading: loading website/views/snippets/s_cards_soft.xml 
2026-04-12 17:05:44,084 1 INFO odoo_ci_test odoo.modules.loading: loading website/views/snippets/s_share.xml 
2026-04-12 17:05:44,092 1 INFO odoo_ci_test odoo.modules.loading: loading website/views/snippets/s_social_media.xml 
2026-04-12 17:05:44,101 1 INFO odoo_ci_test odoo.modules.loading: loading website/views/snippets/s_rating.xml 
2026-04-12 17:05:44,111 1 INFO odoo_ci_test odoo.modules.loading: loading website/views/snippets/s_hr.xml 
2026-04-12 17:05:44,118 1 INFO odoo_ci_test odoo.modules.loading: loading website/views/snippets/s_closer_look.xml 
2026-04-12 17:05:44,124 1 INFO odoo_ci_test odoo.modules.loading: loading website/views/snippets/s_facebook_page.xml 
2026-04-12 17:05:44,130 1 INFO odoo_ci_test odoo.modules.loading: loading website/views/snippets/s_image_gallery.xml 
2026-04-12 17:05:44,150 1 INFO odoo_ci_test odoo.modules.loading: loading website/views/snippets/s_countdown.xml 
2026-04-12 17:05:44,159 1 INFO odoo_ci_test odoo.modules.loading: loading website/views/snippets/s_product_catalog.xml 
2026-04-12 17:05:44,172 1 INFO odoo_ci_test odoo.modules.loading: loading website/views/snippets/s_comparisons.xml 
2026-04-12 17:05:44,183 1 INFO odoo_ci_test odoo.modules.loading: loading website/views/snippets/s_comparisons_horizontal.xml 
2026-04-12 17:05:44,190 1 INFO odoo_ci_test odoo.modules.loading: loading website/views/snippets/s_company_team.xml 
2026-04-12 17:05:44,199 1 INFO odoo_ci_test odoo.modules.loading: loading website/views/snippets/s_company_team_basic.xml 
2026-04-12 17:05:44,206 1 INFO odoo_ci_test odoo.modules.loading: loading website/views/snippets/s_company_team_shapes.xml 
2026-04-12 17:05:44,213 1 INFO odoo_ci_test odoo.modules.loading: loading website/views/snippets/s_company_team_detail.xml 
2026-04-12 17:05:44,222 1 INFO odoo_ci_test odoo.modules.loading: loading website/views/snippets/s_company_team_spotlight.xml 
2026-04-12 17:05:44,229 1 INFO odoo_ci_test odoo.modules.loading: loading website/views/snippets/s_company_team_grid.xml 
2026-04-12 17:05:44,237 1 INFO odoo_ci_test odoo.modules.loading: loading website/views/snippets/s_company_team_card.xml 
2026-04-12 17:05:44,244 1 INFO odoo_ci_test odoo.modules.loading: loading website/views/snippets/s_call_to_action.xml 
2026-04-12 17:05:44,251 1 INFO odoo_ci_test odoo.modules.loading: loading website/views/snippets/s_references.xml 
2026-04-12 17:05:44,260 1 INFO odoo_ci_test odoo.modules.loading: loading website/views/snippets/s_references_social.xml 
2026-04-12 17:05:44,268 1 INFO odoo_ci_test odoo.modules.loading: loading website/views/snippets/s_references_grid.xml 
2026-04-12 17:05:44,275 1 INFO odoo_ci_test odoo.modules.loading: loading website/views/snippets/s_popup.xml 
2026-04-12 17:05:44,285 1 INFO odoo_ci_test odoo.modules.loading: loading website/views/snippets/s_faq_list.xml 
2026-04-12 17:05:44,292 1 INFO odoo_ci_test odoo.modules.loading: loading website/views/snippets/s_faq_collapse.xml 
2026-04-12 17:05:44,300 1 INFO odoo_ci_test odoo.modules.loading: loading website/views/snippets/s_features_grid.xml 
2026-04-12 17:05:44,311 1 INFO odoo_ci_test odoo.modules.loading: loading website/views/snippets/s_features_wave.xml 
2026-04-12 17:05:44,319 1 INFO odoo_ci_test odoo.modules.loading: loading website/views/snippets/s_tabs.xml 
2026-04-12 17:05:44,332 1 INFO odoo_ci_test odoo.modules.loading: loading website/views/snippets/s_tabs_images.xml 
2026-04-12 17:05:44,341 1 INFO odoo_ci_test odoo.modules.loading: loading website/views/snippets/s_table_of_content.xml 
2026-04-12 17:05:44,351 1 INFO odoo_ci_test odoo.modules.loading: loading website/views/snippets/s_images_constellation.xml 
2026-04-12 17:05:44,357 1 INFO odoo_ci_test odoo.modules.loading: loading website/views/snippets/s_chart.xml 
2026-04-12 17:05:44,364 1 INFO odoo_ci_test odoo.modules.loading: loading website/views/snippets/s_parallax.xml 
2026-04-12 17:05:44,371 1 INFO odoo_ci_test odoo.modules.loading: loading website/views/snippets/s_quotes_carousel.xml 
2026-04-12 17:05:44,384 1 INFO odoo_ci_test odoo.modules.loading: loading website/views/snippets/s_numbers_grid.xml 
2026-04-12 17:05:44,391 1 INFO odoo_ci_test odoo.modules.loading: loading website/views/snippets/s_quotes_carousel_minimal.xml 
2026-04-12 17:05:44,399 1 INFO odoo_ci_test odoo.modules.loading: loading website/views/snippets/s_quotes_carousel_compact.xml 
2026-04-12 17:05:44,408 1 INFO odoo_ci_test odoo.modules.loading: loading website/views/snippets/s_numbers.xml 
2026-04-12 17:05:44,415 1 INFO odoo_ci_test odoo.modules.loading: loading website/views/snippets/s_contact_info.xml 
2026-04-12 17:05:44,424 1 INFO odoo_ci_test odoo.modules.loading: loading website/views/snippets/s_numbers_boxed.xml 
2026-04-12 17:05:44,431 1 INFO odoo_ci_test odoo.modules.loading: loading website/views/snippets/s_cta_box.xml 
2026-04-12 17:05:44,436 1 INFO odoo_ci_test odoo.modules.loading: loading website/views/snippets/s_numbers_framed.xml 
2026-04-12 17:05:44,442 1 INFO odoo_ci_test odoo.modules.loading: loading website/views/snippets/s_masonry_block.xml 
2026-04-12 17:05:44,477 1 INFO odoo_ci_test odoo.modules.loading: loading website/views/snippets/s_sidegrid.xml 
2026-04-12 17:05:44,483 1 INFO odoo_ci_test odoo.modules.loading: loading website/views/snippets/s_media_list.xml 
2026-04-12 17:05:44,492 1 INFO odoo_ci_test odoo.modules.loading: loading website/views/snippets/s_showcase.xml 
2026-04-12 17:05:44,504 1 INFO odoo_ci_test odoo.modules.loading: loading website/views/snippets/s_faq_horizontal.xml 
2026-04-12 17:05:44,511 1 INFO odoo_ci_test odoo.modules.loading: loading website/views/snippets/s_floating_blocks.xml 
2026-04-12 17:05:44,520 1 INFO odoo_ci_test odoo.modules.loading: loading website/views/snippets/s_opening_hours.xml 
2026-04-12 17:05:44,526 1 INFO odoo_ci_test odoo.modules.loading: loading website/views/snippets/s_timeline.xml 
2026-04-12 17:05:44,538 1 INFO odoo_ci_test odoo.modules.loading: loading website/views/snippets/s_timeline_images.xml 
2026-04-12 17:05:44,545 1 INFO odoo_ci_test odoo.modules.loading: loading website/views/snippets/s_timeline_list.xml 
2026-04-12 17:05:44,553 1 INFO odoo_ci_test odoo.modules.loading: loading website/views/snippets/s_process_steps.xml 
2026-04-12 17:05:44,565 1 INFO odoo_ci_test odoo.modules.loading: loading website/views/snippets/s_accordion.xml 
2026-04-12 17:05:44,573 1 INFO odoo_ci_test odoo.modules.loading: loading website/views/snippets/s_website_form_info.xml 
2026-04-12 17:05:44,579 1 INFO odoo_ci_test odoo.modules.loading: loading website/views/snippets/s_numbers_showcase.xml 
2026-04-12 17:05:44,585 1 INFO odoo_ci_test odoo.modules.loading: loading website/views/snippets/s_numbers_charts.xml 
2026-04-12 17:05:44,592 1 INFO odoo_ci_test odoo.modules.loading: loading website/views/snippets/s_accordion_image.xml 
2026-04-12 17:05:44,597 1 INFO odoo_ci_test odoo.modules.loading: loading website/views/snippets/s_pricelist_boxed.xml 
2026-04-12 17:05:44,608 1 INFO odoo_ci_test odoo.modules.loading: loading website/views/snippets/s_adventure.xml 
2026-04-12 17:05:44,614 1 INFO odoo_ci_test odoo.modules.loading: loading website/views/snippets/s_image_title.xml 
2026-04-12 17:05:44,619 1 INFO odoo_ci_test odoo.modules.loading: loading website/views/snippets/s_key_images.xml 
2026-04-12 17:05:44,626 1 INFO odoo_ci_test odoo.modules.loading: loading website/views/snippets/s_kickoff.xml 
2026-04-12 17:05:44,631 1 INFO odoo_ci_test odoo.modules.loading: loading website/views/snippets/s_discovery.xml 
2026-04-12 17:05:44,637 1 INFO odoo_ci_test odoo.modules.loading: loading website/views/snippets/s_bento_banner.xml 
2026-04-12 17:05:44,643 1 INFO odoo_ci_test odoo.modules.loading: loading website/views/snippets/s_striped.xml 
2026-04-12 17:05:44,649 1 INFO odoo_ci_test odoo.modules.loading: loading website/views/snippets/s_intro_pill.xml 
2026-04-12 17:05:44,656 1 INFO odoo_ci_test odoo.modules.loading: loading website/views/snippets/s_big_number.xml 
2026-04-12 17:05:44,662 1 INFO odoo_ci_test odoo.modules.loading: loading website/views/snippets/s_wavy_grid.xml 
2026-04-12 17:05:44,668 1 INFO odoo_ci_test odoo.modules.loading: loading website/views/snippets/s_images_mosaic.xml 
2026-04-12 17:05:44,674 1 INFO odoo_ci_test odoo.modules.loading: loading website/views/snippets/s_shape_image.xml 
2026-04-12 17:05:44,680 1 INFO odoo_ci_test odoo.modules.loading: loading website/views/snippets/s_empowerment.xml 
2026-04-12 17:05:44,686 1 INFO odoo_ci_test odoo.modules.loading: loading website/views/snippets/s_split_intro.xml 
2026-04-12 17:05:44,692 1 INFO odoo_ci_test odoo.modules.loading: loading website/views/snippets/s_text_highlight.xml 
2026-04-12 17:05:44,700 1 INFO odoo_ci_test odoo.modules.loading: loading website/views/snippets/s_pricelist_cafe.xml 
2026-04-12 17:05:44,712 1 INFO odoo_ci_test odoo.modules.loading: loading website/views/snippets/s_progress_bar.xml 
2026-04-12 17:05:44,719 1 INFO odoo_ci_test odoo.modules.loading: loading website/views/snippets/s_blockquote.xml 
2026-04-12 17:05:44,728 1 INFO odoo_ci_test odoo.modules.loading: loading website/views/snippets/s_badge.xml 
2026-04-12 17:05:44,736 1 INFO odoo_ci_test odoo.modules.loading: loading website/views/snippets/s_color_blocks_2.xml 
2026-04-12 17:05:44,744 1 INFO odoo_ci_test odoo.modules.loading: loading website/views/snippets/s_attributes_horizontal.xml 
2026-04-12 17:05:44,752 1 INFO odoo_ci_test odoo.modules.loading: loading website/views/snippets/s_attributes_vertical.xml 
2026-04-12 17:05:44,760 1 INFO odoo_ci_test odoo.modules.loading: loading website/views/snippets/s_product_list.xml 
2026-04-12 17:05:44,772 1 INFO odoo_ci_test odoo.modules.loading: loading website/views/snippets/s_mega_menu_multi_menus.xml 
2026-04-12 17:05:44,779 1 INFO odoo_ci_test odoo.modules.loading: loading website/views/snippets/s_mega_menu_menu_image_menu.xml 
2026-04-12 17:05:44,786 1 INFO odoo_ci_test odoo.modules.loading: loading website/views/snippets/s_mega_menu_thumbnails.xml 
2026-04-12 17:05:44,798 1 INFO odoo_ci_test odoo.modules.loading: loading website/views/snippets/s_mega_menu_little_icons.xml 
2026-04-12 17:05:44,807 1 INFO odoo_ci_test odoo.modules.loading: loading website/views/snippets/s_mega_menu_images_subtitles.xml 
2026-04-12 17:05:44,820 1 INFO odoo_ci_test odoo.modules.loading: loading website/views/snippets/s_mega_menu_menus_logos.xml 
2026-04-12 17:05:44,830 1 INFO odoo_ci_test odoo.modules.loading: loading website/views/snippets/s_mega_menu_odoo_menu.xml 
2026-04-12 17:05:44,840 1 INFO odoo_ci_test odoo.modules.loading: loading website/views/snippets/s_mega_menu_big_icons_subtitles.xml 
2026-04-12 17:05:44,854 1 INFO odoo_ci_test odoo.modules.loading: loading website/views/snippets/s_mega_menu_cards.xml 
2026-04-12 17:05:44,867 1 INFO odoo_ci_test odoo.modules.loading: loading website/views/snippets/s_google_map.xml 
2026-04-12 17:05:44,875 1 INFO odoo_ci_test odoo.modules.loading: loading website/views/snippets/s_cta_mockups.xml 
2026-04-12 17:05:44,882 1 INFO odoo_ci_test odoo.modules.loading: loading website/views/snippets/s_map.xml 
2026-04-12 17:05:44,889 1 INFO odoo_ci_test odoo.modules.loading: loading website/views/snippets/s_dynamic_snippet.xml 
2026-04-12 17:05:44,903 1 INFO odoo_ci_test odoo.modules.loading: loading website/views/snippets/s_dynamic_snippet_carousel.xml 
2026-04-12 17:05:44,912 1 INFO odoo_ci_test odoo.modules.loading: loading website/views/snippets/s_banner_product.xml 
2026-04-12 17:05:44,918 1 INFO odoo_ci_test odoo.modules.loading: loading website/views/snippets/s_embed_code.xml 
2026-04-12 17:05:44,926 1 INFO odoo_ci_test odoo.modules.loading: loading website/views/snippets/s_website_form.xml 
2026-04-12 17:05:44,939 1 INFO odoo_ci_test odoo.modules.loading: loading website/views/snippets/s_website_form_overlay.xml 
2026-04-12 17:05:44,946 1 INFO odoo_ci_test odoo.modules.loading: loading website/views/snippets/s_title_form.xml 
2026-04-12 17:05:44,952 1 INFO odoo_ci_test odoo.modules.loading: loading website/views/snippets/s_searchbar.xml 
2026-04-12 17:05:44,965 1 INFO odoo_ci_test odoo.modules.loading: loading website/views/snippets/s_inline_text.xml 
2026-04-12 17:05:44,974 1 INFO odoo_ci_test odoo.modules.loading: loading website/views/snippets/s_button.xml 
2026-04-12 17:05:44,980 1 INFO odoo_ci_test odoo.modules.loading: loading website/views/snippets/s_freegrid.xml 
2026-04-12 17:05:44,987 1 INFO odoo_ci_test odoo.modules.loading: loading website/views/snippets/s_card_offset.xml 
2026-04-12 17:05:44,993 1 INFO odoo_ci_test odoo.modules.loading: loading website/views/snippets/s_image.xml 
2026-04-12 17:05:45,000 1 INFO odoo_ci_test odoo.modules.loading: loading website/views/snippets/s_video.xml 
2026-04-12 17:05:45,006 1 INFO odoo_ci_test odoo.modules.loading: loading website/views/snippets/s_cta_badge.xml 
2026-04-12 17:05:45,012 1 INFO odoo_ci_test odoo.modules.loading: loading website/views/snippets/s_unveil.xml 
2026-04-12 17:05:45,019 1 INFO odoo_ci_test odoo.modules.loading: loading website/views/snippets/s_image_hexagonal.xml 
2026-04-12 17:05:45,026 1 INFO odoo_ci_test odoo.modules.loading: loading website/views/snippets/s_striped_center_top.xml 
2026-04-12 17:05:45,033 1 INFO odoo_ci_test odoo.modules.loading: loading website/views/snippets/s_numbers_list.xml 
2026-04-12 17:05:45,040 1 INFO odoo_ci_test odoo.modules.loading: loading website/views/snippets/s_quadrant.xml 
2026-04-12 17:05:45,048 1 INFO odoo_ci_test odoo.modules.loading: loading website/views/snippets/s_cta_card.xml 
2026-04-12 17:05:45,055 1 INFO odoo_ci_test odoo.modules.loading: loading website/views/snippets/s_image_frame.xml 
2026-04-12 17:05:45,061 1 INFO odoo_ci_test odoo.modules.loading: loading website/views/snippets/s_cta_mobile.xml 
2026-04-12 17:05:45,068 1 INFO odoo_ci_test odoo.modules.loading: loading website/views/snippets/s_reviews_wall.xml 
2026-04-12 17:05:45,080 1 INFO odoo_ci_test odoo.modules.loading: loading website/views/snippets/s_website_form_cover.xml 
2026-04-12 17:05:45,088 1 INFO odoo_ci_test odoo.modules.loading: loading website/views/snippets/s_form_aside.xml 
2026-04-12 17:05:45,095 1 INFO odoo_ci_test odoo.modules.loading: loading website/views/snippets/s_banner_connected.xml 
2026-04-12 17:05:45,102 1 INFO odoo_ci_test odoo.modules.loading: loading website/views/snippets/s_ecomm_categories_showcase.xml 
2026-04-12 17:05:45,111 1 INFO odoo_ci_test odoo.modules.loading: loading website/views/snippets/s_banner_categories.xml 
2026-04-12 17:05:45,119 1 INFO odoo_ci_test odoo.modules.loading: loading website/views/new_page_template_templates.xml 
2026-04-12 17:05:46,264 1 INFO odoo_ci_test odoo.addons.website.models.ir_module_module: Generated 227 primary snippet templates for 'website' 
2026-04-12 17:05:46,327 1 INFO odoo_ci_test odoo.addons.website.models.ir_module_module: Generated 39 primary page templates for 'website' 
2026-04-12 17:05:46,327 1 INFO odoo_ci_test odoo.modules.loading: loading website/views/website_views.xml 
2026-04-12 17:05:46,488 1 INFO odoo_ci_test odoo.modules.loading: loading website/views/website_pages_views.xml 
2026-04-12 17:05:46,553 1 INFO odoo_ci_test odoo.modules.loading: loading website/views/website_controller_pages_views.xml 
2026-04-12 17:05:46,581 1 INFO odoo_ci_test odoo.modules.loading: loading website/views/website_visitor_views.xml 
2026-04-12 17:05:46,654 1 INFO odoo_ci_test odoo.modules.loading: loading website/views/res_config_settings_views.xml 
2026-04-12 17:05:46,714 1 INFO odoo_ci_test odoo.modules.loading: loading website/views/website_rewrite.xml 
2026-04-12 17:05:46,739 1 INFO odoo_ci_test odoo.modules.loading: loading website/views/ir_actions_server_views.xml 
2026-04-12 17:05:46,763 1 INFO odoo_ci_test odoo.modules.loading: loading website/views/ir_asset_views.xml 
2026-04-12 17:05:46,780 1 INFO odoo_ci_test odoo.modules.loading: loading website/views/ir_attachment_views.xml 
2026-04-12 17:05:46,797 1 INFO odoo_ci_test odoo.modules.loading: loading website/views/ir_model_views.xml 
2026-04-12 17:05:46,827 1 INFO odoo_ci_test odoo.modules.loading: loading website/views/res_partner_views.xml 
2026-04-12 17:05:46,840 1 INFO odoo_ci_test odoo.modules.loading: loading website/views/neutralize_views.xml 
2026-04-12 17:05:46,852 1 INFO odoo_ci_test odoo.modules.loading: loading website/wizard/base_language_install_views.xml 
2026-04-12 17:05:46,862 1 INFO odoo_ci_test odoo.modules.loading: loading website/wizard/blocked_third_party_domains.xml 
2026-04-12 17:05:46,870 1 INFO odoo_ci_test odoo.modules.loading: loading website/wizard/website_robots.xml 
2026-04-12 17:05:46,877 1 INFO odoo_ci_test odoo.modules.loading: loading website/data/update_theme_images.xml 
2026-04-12 17:05:46,928 1 INFO odoo_ci_test odoo.modules.loading: loading website/views/website_templates_svg.xml 
2026-04-12 17:05:47,030 1 INFO odoo_ci_test odoo.modules.loading: Module website loaded in 6.52s, 7912 queries (+7912 other) 
2026-04-12 17:05:47,030 1 INFO odoo_ci_test odoo.modules.loading: Loading module sports_federation_portal (48/51) 
2026-04-12 17:05:47,057 1 INFO odoo_ci_test odoo.registry: module sports_federation_portal: creating or updating database tables 
2026-04-12 17:05:47,085 1 INFO odoo_ci_test odoo.models: Prepare computation of res.partner.federation_representative_count 
2026-04-12 17:05:47,093 1 INFO odoo_ci_test odoo.models: Prepare computation of res.users.represented_club_ids 
2026-04-12 17:05:47,093 1 INFO odoo_ci_test odoo.models: Prepare computation of res.users.representative_count 
2026-04-12 17:05:47,270 1 INFO odoo_ci_test odoo.modules.loading: loading sports_federation_portal/security/res_groups.xml 
2026-04-12 17:05:47,283 1 INFO odoo_ci_test odoo.modules.loading: loading sports_federation_portal/security/ir.model.access.csv 
2026-04-12 17:05:47,298 1 INFO odoo_ci_test odoo.modules.loading: loading sports_federation_portal/security/ir_rule.xml 
2026-04-12 17:05:47,360 1 INFO odoo_ci_test odoo.modules.loading: loading sports_federation_portal/data/federation_club_role_type.xml 
2026-04-12 17:05:47,373 1 INFO odoo_ci_test odoo.modules.loading: loading sports_federation_portal/data/ir_sequence.xml 
2026-04-12 17:05:47,378 1 INFO odoo_ci_test odoo.modules.loading: loading sports_federation_portal/views/federation_club_role_type_views.xml 
2026-04-12 17:05:47,403 1 INFO odoo_ci_test odoo.modules.loading: loading sports_federation_portal/views/federation_club_representative_views.xml 
2026-04-12 17:05:47,422 1 INFO odoo_ci_test odoo.modules.loading: loading sports_federation_portal/views/federation_club_views.xml 
2026-04-12 17:05:47,434 1 INFO odoo_ci_test odoo.modules.loading: loading sports_federation_portal/views/res_partner_views.xml 
2026-04-12 17:05:47,447 1 INFO odoo_ci_test odoo.modules.loading: loading sports_federation_portal/views/res_users_views.xml 
2026-04-12 17:05:47,462 1 INFO odoo_ci_test odoo.modules.loading: loading sports_federation_portal/views/federation_season_registration_views.xml 
2026-04-12 17:05:47,490 1 INFO odoo_ci_test odoo.modules.loading: loading sports_federation_portal/views/federation_tournament_registration_views.xml 
2026-04-12 17:05:47,509 1 INFO odoo_ci_test odoo.modules.loading: loading sports_federation_portal/views/federation_tournament_views.xml 
2026-04-12 17:05:47,521 1 INFO odoo_ci_test odoo.modules.loading: loading sports_federation_portal/views/federation_club_representative_portal_views.xml 
2026-04-12 17:05:47,535 1 INFO odoo_ci_test odoo.modules.loading: loading sports_federation_portal/views/website_tournament_templates.xml 
2026-04-12 17:05:47,554 1 INFO odoo_ci_test odoo.modules.loading: loading sports_federation_portal/views/portal_templates.xml 
2026-04-12 17:05:47,599 1 INFO odoo_ci_test odoo.modules.loading: loading sports_federation_portal/views/portal_roster_templates.xml 
2026-04-12 17:05:47,643 1 INFO odoo_ci_test odoo.modules.loading: loading sports_federation_portal/views/menu_items.xml 
2026-04-12 17:05:47,653 1 INFO odoo_ci_test odoo.modules.loading: loading sports_federation_portal/views/website_menus.xml 
2026-04-12 17:05:47,689 1 INFO odoo_ci_test odoo.modules.loading: Module sports_federation_portal loaded in 0.66s, 838 queries (+838 other) 
2026-04-12 17:05:47,690 1 INFO odoo_ci_test odoo.modules.loading: Loading module website_mail (49/51) 
2026-04-12 17:05:47,697 1 INFO odoo_ci_test odoo.registry: module website_mail: creating or updating database tables 
2026-04-12 17:05:47,708 1 INFO odoo_ci_test odoo.modules.loading: loading website_mail/views/website_mail_templates.xml 
2026-04-12 17:05:47,732 1 INFO odoo_ci_test odoo.modules.loading: Module website_mail loaded in 0.04s, 31 queries (+31 other) 
2026-04-12 17:05:47,732 1 INFO odoo_ci_test odoo.modules.loading: Loading module website_sms (50/51) 
2026-04-12 17:05:47,738 1 INFO odoo_ci_test odoo.registry: module website_sms: creating or updating database tables 
2026-04-12 17:05:47,755 1 INFO odoo_ci_test odoo.modules.loading: loading website_sms/views/website_visitor_views.xml 
2026-04-12 17:05:47,801 1 INFO odoo_ci_test odoo.modules.loading: Module website_sms loaded in 0.07s, 68 queries (+68 other) 
2026-04-12 17:05:47,801 1 INFO odoo_ci_test odoo.modules.loading: Loading module sports_federation_public_site (51/51) 
2026-04-12 17:05:47,812 1 INFO odoo_ci_test odoo.registry: module sports_federation_public_site: creating or updating database tables 
2026-04-12 17:05:47,873 1 INFO odoo_ci_test odoo.modules.loading: loading sports_federation_public_site/security/ir.model.access.csv 
2026-04-12 17:05:47,874 1 INFO odoo_ci_test odoo.modules.loading: loading sports_federation_public_site/views/website_templates.xml 
2026-04-12 17:05:47,914 1 INFO odoo_ci_test odoo.modules.loading: loading sports_federation_public_site/views/website_hub_templates.xml 
2026-04-12 17:05:47,954 1 INFO odoo_ci_test odoo.modules.loading: loading sports_federation_public_site/views/website_menu.xml 
2026-04-12 17:05:47,960 1 INFO odoo_ci_test odoo.modules.loading: loading sports_federation_public_site/views/website_portal_integration_templates.xml 
2026-04-12 17:05:47,977 1 INFO odoo_ci_test odoo.modules.loading: loading sports_federation_public_site/views/tournament_views_inherit.xml 
2026-04-12 17:05:47,995 1 INFO odoo_ci_test odoo.modules.loading: loading sports_federation_public_site/views/team_views_inherit.xml 
2026-04-12 17:05:48,006 1 INFO odoo_ci_test odoo.modules.loading: loading sports_federation_public_site/views/standing_views_inherit.xml 
2026-04-12 17:05:48,132 1 INFO odoo_ci_test odoo.addons.sports_federation_public_site.tests.test_public_api: Starting TestPublicSiteNewEndpoints.test_archive_includes_cancelled_published ... 
2026-04-12 17:05:48,142 1 INFO odoo_ci_test odoo.addons.sports_federation_public_site.tests.test_public_api: Starting TestPublicSiteNewEndpoints.test_archive_only_returns_closed_published ... 
2026-04-12 17:05:48,143 1 INFO odoo_ci_test odoo.addons.sports_federation_public_site.tests.test_public_api: Starting TestPublicSiteNewEndpoints.test_json_api_date_null_when_not_set ... 
2026-04-12 17:05:48,154 1 INFO odoo_ci_test odoo.addons.sports_federation_public_site.tests.test_public_api: Starting TestPublicSiteNewEndpoints.test_json_api_fields ... 
2026-04-12 17:05:48,156 1 INFO odoo_ci_test odoo.addons.sports_federation_public_site.tests.test_public_api: Starting TestPublicSiteNewEndpoints.test_json_api_returns_published_only ... 
2026-04-12 17:05:48,157 1 INFO odoo_ci_test odoo.addons.sports_federation_public_site.tests.test_public_api: Starting TestPublicSiteNewEndpoints.test_live_and_recent_public_tournament_helpers ... 
2026-04-12 17:05:48,161 1 INFO odoo_ci_test odoo.addons.sports_federation_public_site.tests.test_public_api: Starting TestPublicSiteNewEndpoints.test_public_archived_tournaments_only_return_published_archive ... 
2026-04-12 17:05:48,162 1 INFO odoo_ci_test odoo.addons.sports_federation_public_site.tests.test_public_api: Starting TestPublicSiteNewEndpoints.test_public_bracket_sections_group_knockout_matches ... 
2026-04-12 17:05:48,164 1 INFO odoo_ci_test odoo.addons.sports_federation_public_site.tests.test_public_api: Starting TestPublicSiteNewEndpoints.test_public_featured_tournaments_only_return_active_published ... 
2026-04-12 17:05:48,166 1 INFO odoo_ci_test odoo.addons.sports_federation_public_site.tests.test_public_api: Starting TestPublicSiteNewEndpoints.test_public_slug_resolves_and_generates_canonical_paths ... 
2026-04-12 17:05:48,168 1 INFO odoo_ci_test odoo.addons.sports_federation_public_site.tests.test_public_api: Starting TestPublicSiteNewEndpoints.test_schedule_ics_contains_public_event_rows ... 
2026-04-12 17:05:48,171 1 INFO odoo_ci_test odoo.addons.sports_federation_public_site.tests.test_public_api: Starting TestPublicSiteNewEndpoints.test_schedule_sections_use_fixture_query_not_approved_results ... 
2026-04-12 17:05:48,173 1 INFO odoo_ci_test odoo.addons.sports_federation_public_site.tests.test_public_api: Starting TestPublicSiteNewEndpoints.test_team_public_slug_and_profile_helpers ... 
2026-04-12 17:05:48,178 1 INFO odoo_ci_test odoo.addons.sports_federation_public_site.tests.test_public_api: Starting TestPublicSiteNewEndpoints.test_teams_excludes_withdrawn_participants ... 
2026-04-12 17:05:48,195 1 INFO odoo_ci_test odoo.addons.sports_federation_public_site.tests.test_public_api: Starting TestPublicSiteNewEndpoints.test_teams_not_shown_for_unpublished_tournament ... 
2026-04-12 17:05:48,197 1 INFO odoo_ci_test odoo.addons.sports_federation_public_site.tests.test_public_api: Starting TestPublicSiteNewEndpoints.test_teams_shows_participant_state ... 
2026-04-12 17:05:48,198 1 INFO odoo_ci_test odoo.addons.sports_federation_public_site.tests.test_public_api: Starting TestPublicSiteNewEndpoints.test_versioned_public_feed_payload_has_stable_keys ... 
2026-04-12 17:05:48,284 1 INFO odoo_ci_test odoo.addons.base.models.ir_attachment: filestore gc 18 checked, 0 removed 
2026-04-12 17:05:48,320 1 INFO odoo_ci_test odoo.addons.sports_federation_public_site.tests.test_public_site: Starting TestPublicSite.test_menu_cleanup_hides_duplicate_legacy_entries ... 
2026-04-12 17:05:48,338 1 INFO odoo_ci_test odoo.models.unlink: User #1 deleted website.menu records with IDs: [13, 12] 
2026-04-12 17:05:48,340 1 INFO odoo_ci_test odoo.addons.sports_federation_public_site.tests.test_public_site: Starting TestPublicSite.test_menu_cleanup_rehomes_legacy_competitions_menu ... 
2026-04-12 17:05:48,352 1 INFO odoo_ci_test odoo.addons.sports_federation_public_site.tests.test_public_site: Starting TestPublicSite.test_only_published_standings_visible ... 
2026-04-12 17:05:48,356 1 INFO odoo_ci_test odoo.addons.sports_federation_public_site.tests.test_public_site: Starting TestPublicSite.test_public_results_query_only_returns_approved_matches ... 
2026-04-12 17:05:48,372 1 INFO odoo_ci_test odoo.addons.sports_federation_public_site.tests.test_public_site: Starting TestPublicSite.test_public_slug_must_be_unique ... 
2026-04-12 17:05:48,377 1 ERROR odoo_ci_test odoo.sql_db: bad query: b'INSERT INTO "federation_tournament" ("active", "code", "create_date", "create_uid", "date_end", "date_start", "name", "public_featured", "public_slug", "show_public_results", "show_public_standings", "state", "tournament_type", "website_published", "write_date", "write_uid") VALUES (true, \'OTHER-TT\', \'2026-04-12T17:05:48.286188\'::timestamp, 1, \'2024-02-28\'::date, \'2024-02-01\'::date, \'Other Tournament\', false, \'shared-slug\', true, true, \'draft\', \'single_day\', false, \'2026-04-12T17:05:48.286188\'::timestamp, 1) RETURNING "id"'
ERROR: duplicate key value violates unique constraint "federation_tournament_public_slug_unique"
DETAIL:  Key (public_slug)=(shared-slug) already exists.
 
2026-04-12 17:05:48,378 1 INFO odoo_ci_test odoo.addons.sports_federation_public_site.tests.test_public_site: Starting TestPublicSite.test_published_tournament_detail_renders ... 
2026-04-12 17:05:48,381 1 INFO odoo_ci_test odoo.addons.sports_federation_public_site.tests.test_public_site: Starting TestPublicSite.test_published_tournament_visible_on_list ... 
2026-04-12 17:05:48,384 1 INFO odoo_ci_test odoo.addons.sports_federation_public_site.tests.test_public_site: Starting TestPublicSite.test_results_visibility_requires_results_toggle ... 
2026-04-12 17:05:48,387 1 INFO odoo_ci_test odoo.addons.sports_federation_public_site.tests.test_public_site: Starting TestPublicSite.test_standing_public_fields ... 
2026-04-12 17:05:48,389 1 INFO odoo_ci_test odoo.addons.sports_federation_public_site.tests.test_public_site: Starting TestPublicSite.test_standings_visibility_requires_standings_toggle ... 
2026-04-12 17:05:48,391 1 INFO odoo_ci_test odoo.addons.sports_federation_public_site.tests.test_public_site: Starting TestPublicSite.test_tournament_public_fields ... 
2026-04-12 17:05:48,395 1 INFO odoo_ci_test odoo.addons.sports_federation_public_site.tests.test_public_site: Starting TestPublicSite.test_unpublished_standing_hidden ... 
2026-04-12 17:05:48,399 1 INFO odoo_ci_test odoo.addons.sports_federation_public_site.tests.test_public_site: Starting TestPublicSite.test_unpublished_tournament_detail_returns_404 ... 
2026-04-12 17:05:48,401 1 INFO odoo_ci_test odoo.addons.sports_federation_public_site.tests.test_public_site: Starting TestPublicSite.test_unpublished_tournament_not_visible_on_list ... 
2026-04-12 17:05:48,479 1 INFO odoo_ci_test odoo.addons.base.models.ir_attachment: filestore gc 0 checked, 0 removed 
2026-04-12 17:05:48,480 1 INFO odoo_ci_test odoo.modules.loading: Module sports_federation_public_site loaded in 0.68s (incl. 0.43s test), 253 queries (+405 test, +253 other) 
2026-04-12 17:05:48,480 1 INFO odoo_ci_test odoo.modules.loading: 51 modules loaded in 21.56s, 29445 queries (+29851 extra) 
2026-04-12 17:05:48,995 1 INFO odoo_ci_test odoo.modules.loading: Modules loaded. 
2026-04-12 17:05:49,004 1 INFO odoo_ci_test odoo.registry: Registry changed, signaling through the database 
2026-04-12 17:05:49,005 1 INFO odoo_ci_test odoo.registry: Registry loaded in 30.292s 
2026-04-12 17:05:49,005 1 INFO odoo_ci_test odoo.service.server: Starting post tests 
2026-04-12 17:05:49,033 1 INFO odoo_ci_test odoo.service.server: 0 post-tests in 0.03s, 0 queries 
2026-04-12 17:05:49,033 1 INFO odoo_ci_test odoo.tests.stats: sports_federation_public_site: 35 tests 0.43s 405 queries 
2026-04-12 17:05:49,033 1 INFO odoo_ci_test odoo.tests.result: 0 failed, 0 error(s) of 31 tests when loading database 'odoo_ci_test' 
2026-04-12 17:05:49,033 1 INFO odoo_ci_test odoo.service.server: Initiating shutdown 
2026-04-12 17:05:49,033 1 INFO odoo_ci_test odoo.service.server: Hit CTRL-C again or send a second signal to force the shutdown. 
2026-04-12 17:05:49,282 1 INFO odoo_ci_test odoo.sql_db: ConnectionPool(read/write;used=0/count=0/max=64): Closed 2 connections  
