 Container sf_ci-ci-db-1  Running
Running as user 'root' is a security risk.
2026-04-10 20:15:43,848 1 WARNING ? odoo.tools.config: missing --http-interface/http_interface, using 0.0.0.0 by default, will change to 127.0.0.1 in 20.0 
2026-04-10 20:15:43,848 1 INFO ? odoo: Odoo version 19.0-20260324 
2026-04-10 20:15:43,848 1 INFO ? odoo: Using configuration file at /etc/odoo/odoo.conf 
2026-04-10 20:15:43,848 1 INFO ? odoo: addons paths: _NamespacePath(['/usr/lib/python3/dist-packages/odoo/addons', '/var/lib/odoo/addons/19.0', '/mnt/extra-addons', '/usr/lib/python3/dist-packages/addons']) 
2026-04-10 20:15:43,848 1 INFO ? odoo: database: odoo@ci-db:5432 
2026-04-10 20:15:44,115 1 INFO ? odoo.service.server: HTTP service (werkzeug) running on a9800c621410:8069 
2026-04-10 20:15:44,133 1 INFO odoo_ci_test odoo.tests.common: Importing test framework 
2026-04-10 20:15:44,161 1 INFO odoo_ci_test odoo.modules.loading: Initializing database odoo_ci_test 
2026-04-10 20:15:45,226 1 INFO odoo_ci_test odoo.modules.loading: loading 1 modules... 
2026-04-10 20:15:45,226 1 INFO odoo_ci_test odoo.modules.loading: Loading module base (1/1) 
2026-04-10 20:15:45,254 1 INFO odoo_ci_test odoo.registry: module base: creating or updating database tables 
2026-04-10 20:15:45,490 1 INFO odoo_ci_test odoo.models: Prepare computation of ir.module.module.menus_by_module 
2026-04-10 20:15:45,490 1 INFO odoo_ci_test odoo.models: Prepare computation of ir.module.module.reports_by_module 
2026-04-10 20:15:45,490 1 INFO odoo_ci_test odoo.models: Prepare computation of ir.module.module.views_by_module 
2026-04-10 20:15:45,562 1 INFO odoo_ci_test odoo.models: Prepare computation of res.partner.user_id 
2026-04-10 20:15:45,562 1 INFO odoo_ci_test odoo.models: Prepare computation of res.partner.commercial_partner_id 
2026-04-10 20:15:45,562 1 INFO odoo_ci_test odoo.models: Prepare computation of res.partner.complete_name 
2026-04-10 20:15:45,562 1 INFO odoo_ci_test odoo.models: Prepare computation of res.partner.lang 
2026-04-10 20:15:45,562 1 INFO odoo_ci_test odoo.models: Prepare computation of res.partner.company_registry 
2026-04-10 20:15:45,562 1 INFO odoo_ci_test odoo.models: Prepare computation of res.partner.commercial_company_name 
2026-04-10 20:15:45,562 1 INFO odoo_ci_test odoo.models: Prepare computation of res.partner.properties 
2026-04-10 20:15:45,562 1 INFO odoo_ci_test odoo.models: Prepare computation of res.partner.partner_share 
2026-04-10 20:15:45,585 1 INFO odoo_ci_test odoo.models: Prepare computation of res.currency.decimal_places 
2026-04-10 20:15:45,602 1 INFO odoo_ci_test odoo.models: Prepare computation of res.company.uses_default_logo 
2026-04-10 20:15:45,602 1 INFO odoo_ci_test odoo.models: Prepare computation of res.company.logo_web 
2026-04-10 20:15:45,604 1 INFO odoo_ci_test odoo.models: Computing parent_path for table res_company... 
2026-04-10 20:15:45,625 1 INFO odoo_ci_test odoo.models: Prepare computation of res.users.signature 
2026-04-10 20:15:45,625 1 INFO odoo_ci_test odoo.models: Prepare computation of res.users.share 
2026-04-10 20:15:46,856 1 INFO odoo_ci_test odoo.modules.loading: loading base/data/res_bank.xml 
2026-04-10 20:15:46,860 1 INFO odoo_ci_test odoo.modules.loading: loading base/data/res.lang.csv 
2026-04-10 20:15:46,898 1 INFO odoo_ci_test odoo.modules.loading: loading base/data/res_lang_data.xml 
2026-04-10 20:15:46,929 1 INFO odoo_ci_test odoo.modules.loading: loading base/data/res_partner_data.xml 
2026-04-10 20:15:46,972 1 INFO odoo_ci_test odoo.modules.loading: loading base/data/res_currency_data.xml 
2026-04-10 20:15:47,400 1 INFO odoo_ci_test odoo.modules.loading: loading base/data/res_company_data.xml 
2026-04-10 20:15:47,407 1 INFO odoo_ci_test odoo.modules.loading: loading base/data/res_users_data.xml 
2026-04-10 20:15:48,436 1 INFO odoo_ci_test odoo.modules.loading: loading base/data/report_paperformat_data.xml 
2026-04-10 20:15:48,445 1 INFO odoo_ci_test odoo.modules.loading: loading base/data/res_country_data.xml 
2026-04-10 20:15:49,089 1 INFO odoo_ci_test odoo.modules.loading: loading base/data/ir_demo_data.xml 
2026-04-10 20:15:49,102 1 INFO odoo_ci_test odoo.modules.loading: loading base/security/base_groups.xml 
2026-04-10 20:15:49,291 1 INFO odoo_ci_test odoo.modules.loading: loading base/security/base_security.xml 
2026-04-10 20:15:49,458 1 INFO odoo_ci_test odoo.modules.loading: loading base/wizard/wizard_ir_model_menu_create_views.xml 
2026-04-10 20:15:49,470 1 INFO odoo_ci_test odoo.modules.loading: loading base/views/base_menus.xml 
2026-04-10 20:15:49,525 1 INFO odoo_ci_test odoo.modules.loading: loading base/views/decimal_precision_views.xml 
2026-04-10 20:15:49,544 1 INFO odoo_ci_test odoo.modules.loading: loading base/views/res_config_views.xml 
2026-04-10 20:15:49,551 1 INFO odoo_ci_test odoo.modules.loading: loading base/data/res.country.state.csv 
2026-04-10 20:15:49,866 1 INFO odoo_ci_test odoo.modules.loading: loading base/views/ir_actions_views.xml 
2026-04-10 20:15:50,002 1 INFO odoo_ci_test odoo.modules.loading: loading base/views/ir_asset_views.xml 
2026-04-10 20:15:50,019 1 INFO odoo_ci_test odoo.modules.loading: loading base/views/ir_config_parameter_views.xml 
2026-04-10 20:15:50,035 1 INFO odoo_ci_test odoo.modules.loading: loading base/views/ir_cron_views.xml 
2026-04-10 20:15:50,062 1 INFO odoo_ci_test odoo.modules.loading: loading base/views/ir_cron_trigger_views.xml 
2026-04-10 20:15:50,078 1 INFO odoo_ci_test odoo.modules.loading: loading base/views/ir_filters_views.xml 
2026-04-10 20:15:50,101 1 INFO odoo_ci_test odoo.modules.loading: loading base/views/ir_mail_server_views.xml 
2026-04-10 20:15:50,121 1 INFO odoo_ci_test odoo.modules.loading: loading base/views/ir_model_views.xml 
2026-04-10 20:15:50,253 1 INFO odoo_ci_test odoo.modules.loading: loading base/views/ir_attachment_views.xml 
2026-04-10 20:15:50,274 1 INFO odoo_ci_test odoo.modules.loading: loading base/views/ir_rule_views.xml 
2026-04-10 20:15:50,293 1 INFO odoo_ci_test odoo.modules.loading: loading base/views/ir_sequence_views.xml 
2026-04-10 20:15:50,316 1 INFO odoo_ci_test odoo.modules.loading: loading base/views/ir_ui_menu_views.xml 
2026-04-10 20:15:50,335 1 INFO odoo_ci_test odoo.modules.loading: loading base/views/ir_ui_view_views.xml 
2026-04-10 20:15:50,385 1 INFO odoo_ci_test odoo.modules.loading: loading base/views/ir_default_views.xml 
2026-04-10 20:15:50,407 1 INFO odoo_ci_test odoo.modules.loading: loading base/data/ir_config_parameter_data.xml 
2026-04-10 20:15:50,410 1 INFO odoo_ci_test odoo.modules.loading: loading base/data/ir_cron_data.xml 
2026-04-10 20:15:50,423 1 INFO odoo_ci_test odoo.modules.loading: loading base/report/ir_model_report.xml 
2026-04-10 20:15:50,427 1 INFO odoo_ci_test odoo.modules.loading: loading base/report/ir_model_templates.xml 
2026-04-10 20:15:50,434 1 INFO odoo_ci_test odoo.modules.loading: loading base/views/ir_logging_views.xml 
2026-04-10 20:15:50,454 1 INFO odoo_ci_test odoo.modules.loading: loading base/views/ir_qweb_widget_templates.xml 
2026-04-10 20:15:50,467 1 INFO odoo_ci_test odoo.modules.loading: loading base/views/ir_module_views.xml 
2026-04-10 20:15:50,519 1 INFO odoo_ci_test odoo.modules.loading: loading base/data/ir_module_category_data.xml 
2026-04-10 20:15:50,554 1 INFO odoo_ci_test odoo.modules.loading: loading base/data/ir_module_module.xml 
2026-04-10 20:15:50,610 1 INFO odoo_ci_test odoo.modules.loading: loading base/report/ir_module_reports.xml 
2026-04-10 20:15:50,614 1 INFO odoo_ci_test odoo.modules.loading: loading base/report/ir_module_report_templates.xml 
2026-04-10 20:15:50,620 1 INFO odoo_ci_test odoo.modules.loading: loading base/wizard/base_module_update_views.xml 
2026-04-10 20:15:50,633 1 INFO odoo_ci_test odoo.modules.loading: loading base/wizard/base_language_install_views.xml 
2026-04-10 20:15:50,648 1 INFO odoo_ci_test odoo.modules.loading: loading base/wizard/base_import_language_views.xml 
2026-04-10 20:15:50,658 1 INFO odoo_ci_test odoo.modules.loading: loading base/wizard/base_module_upgrade_views.xml 
2026-04-10 20:15:50,674 1 INFO odoo_ci_test odoo.modules.loading: loading base/wizard/base_module_uninstall_views.xml 
2026-04-10 20:15:50,682 1 INFO odoo_ci_test odoo.modules.loading: loading base/wizard/base_export_language_views.xml 
2026-04-10 20:15:50,694 1 INFO odoo_ci_test odoo.modules.loading: loading base/wizard/base_partner_merge_views.xml 
2026-04-10 20:15:50,707 1 INFO odoo_ci_test odoo.modules.loading: loading base/data/ir_demo_failure_data.xml 
2026-04-10 20:15:50,723 1 INFO odoo_ci_test odoo.modules.loading: loading base/views/ir_profile_views.xml 
2026-04-10 20:15:50,745 1 INFO odoo_ci_test odoo.modules.loading: loading base/views/res_company_views.xml 
2026-04-10 20:15:50,765 1 INFO odoo_ci_test odoo.modules.loading: loading base/views/res_lang_views.xml 
2026-04-10 20:15:50,783 1 INFO odoo_ci_test odoo.modules.loading: loading base/views/res_partner_views.xml 
2026-04-10 20:15:50,865 1 INFO odoo_ci_test odoo.modules.loading: loading base/views/res_bank_views.xml 
2026-04-10 20:15:50,895 1 INFO odoo_ci_test odoo.modules.loading: loading base/views/res_country_views.xml 
2026-04-10 20:15:50,936 1 INFO odoo_ci_test odoo.modules.loading: loading base/views/res_currency_views.xml 
2026-04-10 20:15:50,972 1 INFO odoo_ci_test odoo.modules.loading: loading base/views/res_groups_views.xml 
2026-04-10 20:15:51,013 1 INFO odoo_ci_test odoo.modules.loading: loading base/views/res_users_views.xml 
2026-04-10 20:15:51,101 1 INFO odoo_ci_test odoo.modules.loading: loading base/views/res_users_apikeys_views.xml 
2026-04-10 20:15:51,106 1 INFO odoo_ci_test odoo.modules.loading: loading base/views/res_device_views.xml 
2026-04-10 20:15:51,126 1 INFO odoo_ci_test odoo.modules.loading: loading base/views/res_users_identitycheck_views.xml 
2026-04-10 20:15:51,134 1 INFO odoo_ci_test odoo.modules.loading: loading base/views/res_config_settings_views.xml 
2026-04-10 20:15:51,142 1 INFO odoo_ci_test odoo.modules.loading: loading base/views/report_paperformat_views.xml 
2026-04-10 20:15:51,165 1 INFO odoo_ci_test odoo.modules.loading: loading base/security/ir.model.access.csv 
2026-04-10 20:15:51,459 1 INFO odoo_ci_test odoo.modules.loading: Module base loaded in 6.23s, 8397 queries (+8397 other) 
2026-04-10 20:15:51,459 1 INFO odoo_ci_test odoo.modules.loading: 1 modules loaded in 6.23s, 8397 queries (+8397 extra) 
2026-04-10 20:15:51,462 1 INFO odoo_ci_test odoo.modules.loading: updating modules list 
2026-04-10 20:15:51,463 1 INFO odoo_ci_test odoo.addons.base.models.ir_module: ALLOW access to module.update_list on [] to user __system__ #1 via n/a 
2026-04-10 20:15:52,272 1 INFO odoo_ci_test odoo.addons.base.models.ir_module: ALLOW access to module.button_install on ['Sports Federation Rosters'] to user __system__ #1 via n/a 
2026-04-10 20:15:52,345 1 INFO odoo_ci_test odoo.modules.loading: loading 32 modules... 
2026-04-10 20:15:52,345 1 INFO odoo_ci_test odoo.modules.loading: Loading module rpc (2/32) 
2026-04-10 20:15:52,360 1 INFO odoo_ci_test odoo.modules.loading: Module rpc loaded in 0.01s, 9 queries (+9 other) 
2026-04-10 20:15:52,360 1 INFO odoo_ci_test odoo.modules.loading: Loading module web (3/32) 
2026-04-10 20:15:52,392 1 INFO odoo_ci_test odoo.registry: module web: creating or updating database tables 
2026-04-10 20:15:52,815 1 INFO odoo_ci_test odoo.modules.loading: loading web/security/ir.model.access.csv 
2026-04-10 20:15:52,822 1 INFO odoo_ci_test odoo.modules.loading: loading web/security/web_security.xml 
2026-04-10 20:15:52,833 1 INFO odoo_ci_test odoo.modules.loading: loading web/views/webclient_templates.xml 
2026-04-10 20:15:52,885 1 INFO odoo_ci_test odoo.modules.loading: loading web/views/report_templates.xml 
2026-04-10 20:15:52,969 1 INFO odoo_ci_test odoo.modules.loading: loading web/views/base_document_layout_views.xml 
2026-04-10 20:15:52,984 1 INFO odoo_ci_test odoo.modules.loading: loading web/views/partner_view.xml 
2026-04-10 20:15:52,991 1 INFO odoo_ci_test odoo.modules.loading: loading web/views/speedscope_template.xml 
2026-04-10 20:15:52,996 1 INFO odoo_ci_test odoo.modules.loading: loading web/views/memory_template.xml 
2026-04-10 20:15:53,002 1 INFO odoo_ci_test odoo.modules.loading: loading web/views/speedscope_config_wizard.xml 
2026-04-10 20:15:53,009 1 INFO odoo_ci_test odoo.modules.loading: loading web/views/neutralize_views.xml 
2026-04-10 20:15:53,017 1 INFO odoo_ci_test odoo.modules.loading: loading web/views/ir_ui_view_views.xml 
2026-04-10 20:15:53,026 1 INFO odoo_ci_test odoo.modules.loading: loading web/data/ir_attachment.xml 
2026-04-10 20:15:53,030 1 INFO odoo_ci_test odoo.modules.loading: loading web/data/report_layout.xml 
2026-04-10 20:15:53,084 1 INFO odoo_ci_test odoo.modules.loading: Module web loaded in 0.72s, 1232 queries (+1232 other) 
2026-04-10 20:15:53,084 1 INFO odoo_ci_test odoo.modules.loading: Loading module api_doc (4/32) 
2026-04-10 20:15:53,090 1 INFO odoo_ci_test odoo.registry: module api_doc: creating or updating database tables 
2026-04-10 20:15:53,106 1 INFO odoo_ci_test odoo.modules.loading: loading api_doc/security/res_groups.xml 
2026-04-10 20:15:53,126 1 INFO odoo_ci_test odoo.modules.loading: loading api_doc/views/docclient.xml 
2026-04-10 20:15:53,143 1 INFO odoo_ci_test odoo.modules.loading: Module api_doc loaded in 0.06s, 63 queries (+63 other) 
2026-04-10 20:15:53,143 1 INFO odoo_ci_test odoo.modules.loading: Loading module auth_totp (5/32) 
2026-04-10 20:15:53,158 1 INFO odoo_ci_test odoo.registry: module auth_totp: creating or updating database tables 
2026-04-10 20:15:53,219 1 INFO odoo_ci_test odoo.modules.loading: loading auth_totp/security/security.xml 
2026-04-10 20:15:53,238 1 INFO odoo_ci_test odoo.modules.loading: loading auth_totp/security/ir.model.access.csv 
2026-04-10 20:15:53,244 1 INFO odoo_ci_test odoo.modules.loading: loading auth_totp/data/ir_action_data.xml 
2026-04-10 20:15:53,250 1 INFO odoo_ci_test odoo.modules.loading: loading auth_totp/views/res_users_views.xml 
2026-04-10 20:15:53,275 1 INFO odoo_ci_test odoo.modules.loading: loading auth_totp/views/templates.xml 
2026-04-10 20:15:53,280 1 INFO odoo_ci_test odoo.modules.loading: loading auth_totp/wizard/auth_totp_wizard_views.xml 
2026-04-10 20:15:53,301 1 INFO odoo_ci_test odoo.modules.loading: Module auth_totp loaded in 0.16s, 218 queries (+218 other) 
2026-04-10 20:15:53,301 1 INFO odoo_ci_test odoo.modules.loading: Loading module base_import (6/32) 
2026-04-10 20:15:53,336 1 INFO odoo_ci_test odoo.registry: module base_import: creating or updating database tables 
2026-04-10 20:15:53,758 1 INFO odoo_ci_test odoo.modules.loading: loading base_import/security/ir.model.access.csv 
2026-04-10 20:15:53,771 1 INFO odoo_ci_test odoo.modules.loading: Module base_import loaded in 0.47s, 956 queries (+956 other) 
2026-04-10 20:15:53,771 1 INFO odoo_ci_test odoo.modules.loading: Loading module base_import_module (7/32) 
2026-04-10 20:15:53,779 1 INFO odoo_ci_test odoo.registry: module base_import_module: creating or updating database tables 
2026-04-10 20:15:53,837 1 INFO odoo_ci_test odoo.modules.loading: loading base_import_module/security/ir.model.access.csv 
2026-04-10 20:15:53,842 1 INFO odoo_ci_test odoo.modules.loading: loading base_import_module/views/base_import_module_view.xml 
2026-04-10 20:15:53,860 1 INFO odoo_ci_test odoo.modules.loading: loading base_import_module/views/ir_module_views.xml 
2026-04-10 20:15:53,902 1 INFO odoo_ci_test odoo.modules.loading: Module base_import_module loaded in 0.13s, 172 queries (+172 other) 
2026-04-10 20:15:53,902 1 INFO odoo_ci_test odoo.modules.loading: Loading module base_setup (8/32) 
2026-04-10 20:15:53,910 1 INFO odoo_ci_test odoo.registry: module base_setup: creating or updating database tables 
2026-04-10 20:15:53,949 1 INFO odoo_ci_test odoo.modules.loading: loading base_setup/data/base_setup_data.xml 
2026-04-10 20:15:53,953 1 INFO odoo_ci_test odoo.modules.loading: loading base_setup/views/res_config_settings_views.xml 
2026-04-10 20:15:53,981 1 INFO odoo_ci_test odoo.modules.loading: loading base_setup/views/res_partner_views.xml 
2026-04-10 20:15:53,997 1 INFO odoo_ci_test odoo.modules.loading: Module base_setup loaded in 0.10s, 152 queries (+152 other) 
2026-04-10 20:15:53,997 1 INFO odoo_ci_test odoo.modules.loading: Loading module bus (9/32) 
2026-04-10 20:15:54,015 1 INFO odoo_ci_test odoo.registry: module bus: creating or updating database tables 
2026-04-10 20:15:54,094 1 INFO odoo_ci_test odoo.modules.loading: loading bus/security/ir.model.access.csv 
2026-04-10 20:15:54,108 1 INFO odoo_ci_test odoo.modules.loading: Module bus loaded in 0.11s, 152 queries (+152 other) 
2026-04-10 20:15:54,108 1 INFO odoo_ci_test odoo.modules.loading: Loading module web_tour (10/32) 
2026-04-10 20:15:54,115 1 INFO odoo_ci_test odoo.registry: module web_tour: creating or updating database tables 
2026-04-10 20:15:54,119 1 INFO odoo_ci_test odoo.models: Prepare computation of res.users.tour_enabled 
2026-04-10 20:15:54,182 1 INFO odoo_ci_test odoo.modules.loading: loading web_tour/security/ir.model.access.csv 
2026-04-10 20:15:54,189 1 INFO odoo_ci_test odoo.modules.loading: loading web_tour/views/tour_views.xml 
2026-04-10 20:15:54,225 1 INFO odoo_ci_test odoo.modules.loading: Module web_tour loaded in 0.12s, 180 queries (+180 other) 
2026-04-10 20:15:54,225 1 INFO odoo_ci_test odoo.modules.loading: Loading module auth_passkey (11/32) 
2026-04-10 20:15:54,259 1 INFO odoo_ci_test odoo.registry: module auth_passkey: creating or updating database tables 
2026-04-10 20:15:54,311 1 INFO odoo_ci_test odoo.modules.loading: loading auth_passkey/views/auth_passkey_key_views.xml 
2026-04-10 20:15:54,330 1 INFO odoo_ci_test odoo.modules.loading: loading auth_passkey/views/auth_passkey_login_templates.xml 
2026-04-10 20:15:54,345 1 INFO odoo_ci_test odoo.modules.loading: loading auth_passkey/views/res_users_identitycheck_views.xml 
2026-04-10 20:15:54,354 1 INFO odoo_ci_test odoo.modules.loading: loading auth_passkey/views/res_users_views.xml 
2026-04-10 20:15:54,371 1 INFO odoo_ci_test odoo.modules.loading: loading auth_passkey/security/ir.model.access.csv 
2026-04-10 20:15:54,378 1 INFO odoo_ci_test odoo.modules.loading: loading auth_passkey/security/security.xml 
2026-04-10 20:15:54,402 1 INFO odoo_ci_test odoo.modules.loading: Module auth_passkey loaded in 0.18s, 218 queries (+218 other) 
2026-04-10 20:15:54,403 1 INFO odoo_ci_test odoo.modules.loading: Loading module html_editor (12/32) 
2026-04-10 20:15:54,558 1 INFO odoo_ci_test odoo.registry: module html_editor: creating or updating database tables 
2026-04-10 20:15:55,028 1 INFO odoo_ci_test odoo.modules.loading: loading html_editor/security/ir.model.access.csv 
2026-04-10 20:15:55,042 1 INFO odoo_ci_test odoo.modules.loading: Module html_editor loaded in 0.64s, 1034 queries (+1034 other) 
2026-04-10 20:15:55,042 1 INFO odoo_ci_test odoo.modules.loading: Loading module iap (13/32) 
2026-04-10 20:15:55,046 1 INFO odoo_ci_test odoo.registry: module iap: creating or updating database tables 
2026-04-10 20:15:55,099 1 INFO odoo_ci_test odoo.modules.loading: loading iap/data/services.xml 
2026-04-10 20:15:55,104 1 INFO odoo_ci_test odoo.modules.loading: loading iap/security/ir.model.access.csv 
2026-04-10 20:15:55,111 1 INFO odoo_ci_test odoo.modules.loading: loading iap/security/ir_rule.xml 
2026-04-10 20:15:55,117 1 INFO odoo_ci_test odoo.modules.loading: loading iap/views/iap_views.xml 
2026-04-10 20:15:55,140 1 INFO odoo_ci_test odoo.modules.loading: loading iap/views/res_config_settings.xml 
2026-04-10 20:15:55,161 1 INFO odoo_ci_test odoo.modules.loading: Module iap loaded in 0.12s, 182 queries (+182 other) 
2026-04-10 20:15:55,161 1 INFO odoo_ci_test odoo.modules.loading: Loading module mail (14/32) 
2026-04-10 20:15:55,223 1 INFO odoo_ci_test odoo.registry: module mail: creating or updating database tables 
2026-04-10 20:15:55,385 1 INFO odoo_ci_test odoo.models: Prepare computation of ir.actions.server.partner_ids 
2026-04-10 20:15:55,385 1 INFO odoo_ci_test odoo.models: Prepare computation of ir.actions.server.activity_user_id 
2026-04-10 20:15:55,388 1 INFO odoo_ci_test odoo.models: Prepare computation of ir.actions.server.activity_type_id 
2026-04-10 20:15:55,388 1 INFO odoo_ci_test odoo.models: Prepare computation of ir.actions.server.template_id 
2026-04-10 20:15:55,388 1 INFO odoo_ci_test odoo.models: Prepare computation of ir.actions.server.activity_date_deadline_range 
2026-04-10 20:15:55,388 1 INFO odoo_ci_test odoo.models: Prepare computation of ir.actions.server.activity_summary 
2026-04-10 20:15:55,388 1 INFO odoo_ci_test odoo.models: Prepare computation of ir.actions.server.followers_type 
2026-04-10 20:15:55,388 1 INFO odoo_ci_test odoo.models: Prepare computation of ir.actions.server.followers_partner_field_name 
2026-04-10 20:15:55,388 1 INFO odoo_ci_test odoo.models: Prepare computation of ir.actions.server.mail_post_method 
2026-04-10 20:15:55,388 1 INFO odoo_ci_test odoo.models: Prepare computation of ir.actions.server.activity_date_deadline_range_type 
2026-04-10 20:15:55,388 1 INFO odoo_ci_test odoo.models: Prepare computation of ir.actions.server.activity_user_type 
2026-04-10 20:15:55,388 1 INFO odoo_ci_test odoo.models: Prepare computation of ir.actions.server.activity_user_field_name 
2026-04-10 20:15:55,388 1 INFO odoo_ci_test odoo.models: Prepare computation of ir.actions.server.activity_note 
2026-04-10 20:15:55,388 1 INFO odoo_ci_test odoo.models: Prepare computation of ir.actions.server.mail_post_autofollow 
2026-04-10 20:15:55,448 1 INFO odoo_ci_test odoo.models: Prepare computation of res.users.notification_type 
2026-04-10 20:15:55,497 1 INFO odoo_ci_test odoo.models: Prepare computation of res.partner.email_normalized 
<string>:38: (ERROR/3) Unexpected indentation.
<string>:43: (WARNING/2) Block quote ends without a blank line; unexpected unindent.
2026-04-10 20:15:56,737 1 INFO odoo_ci_test odoo.modules.loading: loading mail/data/mail_groups.xml 
2026-04-10 20:15:56,758 1 INFO odoo_ci_test odoo.modules.loading: loading mail/wizard/mail_activity_schedule_views.xml 
2026-04-10 20:15:56,772 1 INFO odoo_ci_test odoo.modules.loading: loading mail/wizard/mail_blacklist_remove_views.xml 
2026-04-10 20:15:56,778 1 INFO odoo_ci_test odoo.modules.loading: loading mail/wizard/mail_compose_message_views.xml 
2026-04-10 20:15:56,796 1 INFO odoo_ci_test odoo.modules.loading: loading mail/wizard/mail_template_preview_views.xml 
2026-04-10 20:15:56,805 1 INFO odoo_ci_test odoo.modules.loading: loading mail/wizard/mail_followers_edit_views.xml 
2026-04-10 20:15:56,816 1 INFO odoo_ci_test odoo.modules.loading: loading mail/wizard/mail_template_reset_views.xml 
2026-04-10 20:15:56,825 1 INFO odoo_ci_test odoo.modules.loading: loading mail/views/fetchmail_views.xml 
2026-04-10 20:15:56,843 1 INFO odoo_ci_test odoo.modules.loading: loading mail/views/ir_cron_views.xml 
2026-04-10 20:15:56,853 1 INFO odoo_ci_test odoo.modules.loading: loading mail/views/ir_filters_views.xml 
2026-04-10 20:15:56,870 1 INFO odoo_ci_test odoo.modules.loading: loading mail/views/ir_mail_server_views.xml 
2026-04-10 20:15:56,879 1 INFO odoo_ci_test odoo.modules.loading: loading mail/views/mail_message_subtype_views.xml 
2026-04-10 20:15:56,894 1 INFO odoo_ci_test odoo.modules.loading: loading mail/views/mail_tracking_value_views.xml 
2026-04-10 20:15:56,906 1 INFO odoo_ci_test odoo.modules.loading: loading mail/views/mail_notification_views.xml 
2026-04-10 20:15:56,917 1 INFO odoo_ci_test odoo.modules.loading: loading mail/views/mail_message_views.xml 
2026-04-10 20:15:56,945 1 INFO odoo_ci_test odoo.modules.loading: loading mail/views/mail_message_schedule_views.xml 
2026-04-10 20:15:56,959 1 INFO odoo_ci_test odoo.modules.loading: loading mail/views/mail_mail_views.xml 
2026-04-10 20:15:56,982 1 INFO odoo_ci_test odoo.modules.loading: loading mail/views/mail_followers_views.xml 
2026-04-10 20:15:56,995 1 INFO odoo_ci_test odoo.modules.loading: loading mail/views/mail_ice_server_views.xml 
2026-04-10 20:15:57,015 1 INFO odoo_ci_test odoo.modules.loading: loading mail/views/discuss_channel_member_views.xml 
2026-04-10 20:15:57,027 1 INFO odoo_ci_test odoo.modules.loading: loading mail/views/discuss_channel_rtc_session_views.xml 
2026-04-10 20:15:57,042 1 INFO odoo_ci_test odoo.modules.loading: loading mail/views/mail_link_preview_views.xml 
2026-04-10 20:15:57,059 1 INFO odoo_ci_test odoo.modules.loading: loading mail/views/discuss/discuss_gif_favorite_views.xml 
2026-04-10 20:15:57,072 1 INFO odoo_ci_test odoo.modules.loading: loading mail/views/discuss_channel_views.xml 
2026-04-10 20:15:57,104 1 INFO odoo_ci_test odoo.modules.loading: loading mail/views/mail_canned_response_views.xml 
2026-04-10 20:15:57,128 1 INFO odoo_ci_test odoo.modules.loading: loading mail/views/res_role_views.xml 
2026-04-10 20:15:57,145 1 INFO odoo_ci_test odoo.modules.loading: loading mail/views/mail_activity_views.xml 
2026-04-10 20:15:57,236 1 INFO odoo_ci_test odoo.modules.loading: loading mail/views/mail_activity_plan_views.xml 
2026-04-10 20:15:57,274 1 INFO odoo_ci_test odoo.modules.loading: loading mail/views/mail_activity_plan_template_views.xml 
2026-04-10 20:15:57,284 1 INFO odoo_ci_test odoo.modules.loading: loading mail/views/res_config_settings_views.xml 
2026-04-10 20:15:57,307 1 INFO odoo_ci_test odoo.modules.loading: loading mail/data/ir_config_parameter_data.xml 
2026-04-10 20:15:57,312 1 INFO odoo_ci_test odoo.modules.loading: loading mail/data/res_partner_data.xml 
2026-04-10 20:15:57,374 1 INFO odoo_ci_test odoo.modules.loading: loading mail/data/mail_message_subtype_data.xml 
2026-04-10 20:15:57,382 1 INFO odoo_ci_test odoo.modules.loading: loading mail/data/mail_templates_chatter.xml 
2026-04-10 20:15:57,399 1 INFO odoo_ci_test odoo.modules.loading: loading mail/data/mail_templates_email_layouts.xml 
2026-04-10 20:15:57,417 1 INFO odoo_ci_test odoo.modules.loading: loading mail/data/mail_templates_mailgateway.xml 
2026-04-10 20:15:57,433 1 INFO odoo_ci_test odoo.modules.loading: loading mail/data/discuss_channel_data.xml 
2026-04-10 20:15:57,468 1 INFO odoo_ci_test odoo.modules.loading: loading mail/data/mail_activity_type_data.xml 
2026-04-10 20:15:57,479 1 INFO odoo_ci_test odoo.modules.loading: loading mail/data/security_notifications_templates.xml 
2026-04-10 20:15:57,484 1 INFO odoo_ci_test odoo.modules.loading: loading mail/data/ir_cron_data.xml 
2026-04-10 20:15:57,581 1 INFO odoo_ci_test odoo.modules.loading: loading mail/data/ir_actions_client.xml 
2026-04-10 20:15:57,586 1 INFO odoo_ci_test odoo.modules.loading: loading mail/security/mail_security.xml 
2026-04-10 20:15:57,728 1 INFO odoo_ci_test odoo.modules.loading: loading mail/security/ir.model.access.csv 
2026-04-10 20:15:57,771 1 INFO odoo_ci_test odoo.modules.loading: loading mail/views/discuss_public_templates.xml 
2026-04-10 20:15:57,777 1 INFO odoo_ci_test odoo.modules.loading: loading mail/views/mail_alias_domain_views.xml 
2026-04-10 20:15:57,792 1 INFO odoo_ci_test odoo.modules.loading: loading mail/views/mail_alias_views.xml 
2026-04-10 20:15:57,811 1 INFO odoo_ci_test odoo.modules.loading: loading mail/views/mail_gateway_allowed_views.xml 
2026-04-10 20:15:57,823 1 INFO odoo_ci_test odoo.modules.loading: loading mail/views/mail_guest_views.xml 
2026-04-10 20:15:57,836 1 INFO odoo_ci_test odoo.modules.loading: loading mail/views/mail_message_reaction_views.xml 
2026-04-10 20:15:57,849 1 INFO odoo_ci_test odoo.modules.loading: loading mail/views/mail_templates_public.xml 
2026-04-10 20:15:57,857 1 INFO odoo_ci_test odoo.modules.loading: loading mail/views/res_users_views.xml 
2026-04-10 20:15:57,883 1 INFO odoo_ci_test odoo.modules.loading: loading mail/views/res_users_settings_views.xml 
2026-04-10 20:15:57,897 1 INFO odoo_ci_test odoo.modules.loading: loading mail/views/mail_template_views.xml 
2026-04-10 20:15:57,918 1 INFO odoo_ci_test odoo.modules.loading: loading mail/views/ir_actions_server_views.xml 
2026-04-10 20:15:57,935 1 INFO odoo_ci_test odoo.modules.loading: loading mail/views/ir_model_views.xml 
2026-04-10 20:15:57,966 1 INFO odoo_ci_test odoo.modules.loading: loading mail/views/res_partner_views.xml 
2026-04-10 20:15:58,012 1 INFO odoo_ci_test odoo.modules.loading: loading mail/views/mail_blacklist_views.xml 
2026-04-10 20:15:58,030 1 INFO odoo_ci_test odoo.modules.loading: loading mail/views/mail_menus.xml 
2026-04-10 20:15:58,149 1 INFO odoo_ci_test odoo.modules.loading: loading mail/views/discuss/discuss_menus.xml 
2026-04-10 20:15:58,153 1 INFO odoo_ci_test odoo.modules.loading: loading mail/views/discuss/discuss_call_history_views.xml 
2026-04-10 20:15:58,168 1 INFO odoo_ci_test odoo.modules.loading: loading mail/views/res_company_views.xml 
2026-04-10 20:15:58,179 1 INFO odoo_ci_test odoo.modules.loading: loading mail/views/mail_scheduled_message_views.xml 
2026-04-10 20:15:58,186 1 INFO odoo_ci_test odoo.modules.loading: loading mail/data/mail_canned_response_data.xml 
2026-04-10 20:15:58,194 1 INFO odoo_ci_test odoo.modules.loading: loading mail/data/mail_templates_invite.xml 
2026-04-10 20:15:58,206 1 INFO odoo_ci_test odoo.modules.loading: loading mail/data/web_tour_tour.xml 
2026-04-10 20:15:58,276 1 INFO odoo_ci_test odoo.modules.loading: Module mail loaded in 3.12s, 4978 queries (+4979 other) 
2026-04-10 20:15:58,276 1 INFO odoo_ci_test odoo.modules.loading: Loading module web_unsplash (15/32) 
2026-04-10 20:15:58,288 1 INFO odoo_ci_test odoo.registry: module web_unsplash: creating or updating database tables 
2026-04-10 20:15:58,334 1 INFO odoo_ci_test odoo.modules.loading: loading web_unsplash/views/res_config_settings_view.xml 
2026-04-10 20:15:58,366 1 INFO odoo_ci_test odoo.modules.loading: Module web_unsplash loaded in 0.09s, 112 queries (+112 other) 
2026-04-10 20:15:58,366 1 INFO odoo_ci_test odoo.modules.loading: Loading module auth_signup (16/32) 
2026-04-10 20:15:58,380 1 INFO odoo_ci_test odoo.registry: module auth_signup: creating or updating database tables 
2026-04-10 20:15:58,441 1 INFO odoo_ci_test odoo.modules.loading: loading auth_signup/data/ir_config_parameter_data.xml 
2026-04-10 20:15:58,446 1 INFO odoo_ci_test odoo.modules.loading: loading auth_signup/data/ir_cron_data.xml 
2026-04-10 20:15:58,467 1 INFO odoo_ci_test odoo.modules.loading: loading auth_signup/data/mail_template_data.xml 
2026-04-10 20:15:58,544 1 INFO odoo_ci_test odoo.modules.loading: loading auth_signup/views/res_config_settings_views.xml 
2026-04-10 20:15:58,558 1 INFO odoo_ci_test odoo.modules.loading: loading auth_signup/views/res_users_views.xml 
2026-04-10 20:15:58,582 1 INFO odoo_ci_test odoo.modules.loading: loading auth_signup/views/auth_signup_login_templates.xml 
2026-04-10 20:15:58,602 1 INFO odoo_ci_test odoo.modules.loading: loading auth_signup/views/auth_signup_templates_email.xml 
2026-04-10 20:15:58,608 1 INFO odoo_ci_test odoo.modules.loading: loading auth_signup/views/webclient_templates.xml 
2026-04-10 20:15:58,637 1 INFO odoo_ci_test odoo.modules.loading: Module auth_signup loaded in 0.27s, 255 queries (+255 other) 
2026-04-10 20:15:58,637 1 INFO odoo_ci_test odoo.modules.loading: Loading module auth_totp_mail (17/32) 
2026-04-10 20:15:58,647 1 INFO odoo_ci_test odoo.registry: module auth_totp_mail: creating or updating database tables 
2026-04-10 20:15:58,684 1 INFO odoo_ci_test odoo.modules.loading: loading auth_totp_mail/data/ir_action_data.xml 
2026-04-10 20:15:58,707 1 INFO odoo_ci_test odoo.modules.loading: loading auth_totp_mail/data/mail_template_data.xml 
2026-04-10 20:15:58,741 1 INFO odoo_ci_test odoo.modules.loading: loading auth_totp_mail/data/security_notifications_template.xml 
2026-04-10 20:15:58,749 1 INFO odoo_ci_test odoo.modules.loading: loading auth_totp_mail/views/res_config_settings_views.xml 
2026-04-10 20:15:58,765 1 INFO odoo_ci_test odoo.modules.loading: loading auth_totp_mail/views/res_users_views.xml 
2026-04-10 20:15:58,785 1 INFO odoo_ci_test odoo.modules.loading: loading auth_totp_mail/views/templates.xml 
2026-04-10 20:15:58,809 1 INFO odoo_ci_test odoo.modules.loading: Module auth_totp_mail loaded in 0.17s, 189 queries (+189 other) 
2026-04-10 20:15:58,809 1 INFO odoo_ci_test odoo.modules.loading: Loading module base_install_request (18/32) 
2026-04-10 20:15:58,814 1 INFO odoo_ci_test odoo.registry: module base_install_request: creating or updating database tables 
2026-04-10 20:15:58,867 1 INFO odoo_ci_test odoo.modules.loading: loading base_install_request/security/ir.model.access.csv 
2026-04-10 20:15:58,876 1 INFO odoo_ci_test odoo.modules.loading: loading base_install_request/wizard/base_module_install_request_views.xml 
2026-04-10 20:15:58,894 1 INFO odoo_ci_test odoo.modules.loading: loading base_install_request/data/mail_template_data.xml 
2026-04-10 20:15:58,899 1 INFO odoo_ci_test odoo.modules.loading: loading base_install_request/data/mail_templates_module_install.xml 
2026-04-10 20:15:58,904 1 INFO odoo_ci_test odoo.modules.loading: loading base_install_request/views/ir_module_module_views.xml 
2026-04-10 20:15:58,925 1 INFO odoo_ci_test odoo.modules.loading: Module base_install_request loaded in 0.12s, 154 queries (+154 other) 
2026-04-10 20:15:58,926 1 INFO odoo_ci_test odoo.modules.loading: Loading module google_gmail (19/32) 
2026-04-10 20:15:58,938 1 INFO odoo_ci_test odoo.registry: module google_gmail: creating or updating database tables 
2026-04-10 20:15:58,992 1 INFO odoo_ci_test odoo.modules.loading: loading google_gmail/views/fetchmail_server_views.xml 
2026-04-10 20:15:59,008 1 INFO odoo_ci_test odoo.modules.loading: loading google_gmail/views/ir_mail_server_views.xml 
2026-04-10 20:15:59,019 1 INFO odoo_ci_test odoo.modules.loading: loading google_gmail/views/res_config_settings_views.xml 
2026-04-10 20:15:59,039 1 INFO odoo_ci_test odoo.modules.loading: loading google_gmail/views/templates.xml 
2026-04-10 20:15:59,051 1 INFO odoo_ci_test odoo.modules.loading: Module google_gmail loaded in 0.13s, 155 queries (+155 other) 
2026-04-10 20:15:59,052 1 INFO odoo_ci_test odoo.modules.loading: Loading module iap_mail (20/32) 
2026-04-10 20:15:59,056 1 INFO odoo_ci_test odoo.registry: module iap_mail: creating or updating database tables 
2026-04-10 20:15:59,084 1 INFO odoo_ci_test odoo.modules.loading: loading iap_mail/data/mail_templates.xml 
2026-04-10 20:15:59,126 1 INFO odoo_ci_test odoo.modules.loading: loading iap_mail/views/iap_views.xml 
2026-04-10 20:15:59,145 1 INFO odoo_ci_test odoo.modules.loading: Module iap_mail loaded in 0.09s, 70 queries (+70 other) 
2026-04-10 20:15:59,145 1 INFO odoo_ci_test odoo.modules.loading: Loading module mail_bot (21/32) 
2026-04-10 20:15:59,156 1 INFO odoo_ci_test odoo.registry: module mail_bot: creating or updating database tables 
2026-04-10 20:15:59,200 1 INFO odoo_ci_test odoo.modules.loading: loading mail_bot/views/res_users_views.xml 
2026-04-10 20:15:59,219 1 INFO odoo_ci_test odoo.modules.loading: loading mail_bot/data/mailbot_data.xml 
2026-04-10 20:15:59,231 1 INFO odoo_ci_test odoo.modules.loading: Module mail_bot loaded in 0.09s, 109 queries (+109 other) 
2026-04-10 20:15:59,231 1 INFO odoo_ci_test odoo.modules.loading: Loading module microsoft_outlook (22/32) 
2026-04-10 20:15:59,244 1 INFO odoo_ci_test odoo.registry: module microsoft_outlook: creating or updating database tables 
2026-04-10 20:15:59,300 1 INFO odoo_ci_test odoo.modules.loading: loading microsoft_outlook/views/fetchmail_server_views.xml 
2026-04-10 20:15:59,315 1 INFO odoo_ci_test odoo.modules.loading: loading microsoft_outlook/views/ir_mail_server_views.xml 
2026-04-10 20:15:59,327 1 INFO odoo_ci_test odoo.modules.loading: loading microsoft_outlook/views/res_config_settings_views.xml 
2026-04-10 20:15:59,349 1 INFO odoo_ci_test odoo.modules.loading: loading microsoft_outlook/views/templates.xml 
2026-04-10 20:15:59,361 1 INFO odoo_ci_test odoo.modules.loading: Module microsoft_outlook loaded in 0.13s, 158 queries (+158 other) 
2026-04-10 20:15:59,361 1 INFO odoo_ci_test odoo.modules.loading: Loading module phone_validation (23/32) 
2026-04-10 20:15:59,458 1 INFO odoo_ci_test odoo.registry: module phone_validation: creating or updating database tables 
2026-04-10 20:15:59,470 1 INFO odoo_ci_test odoo.models: Prepare computation of res.partner.phone_sanitized 
2026-04-10 20:16:00,175 1 INFO odoo_ci_test odoo.modules.loading: loading phone_validation/security/ir.model.access.csv 
2026-04-10 20:16:00,182 1 INFO odoo_ci_test odoo.modules.loading: loading phone_validation/views/phone_blacklist_views.xml 
2026-04-10 20:16:00,208 1 INFO odoo_ci_test odoo.modules.loading: loading phone_validation/views/res_partner_views.xml 
2026-04-10 20:16:00,218 1 INFO odoo_ci_test odoo.modules.loading: loading phone_validation/wizard/phone_blacklist_remove_view.xml 
2026-04-10 20:16:00,236 1 INFO odoo_ci_test odoo.modules.loading: Module phone_validation loaded in 0.87s, 1627 queries (+1627 other) 
2026-04-10 20:16:00,236 1 INFO odoo_ci_test odoo.modules.loading: Loading module privacy_lookup (24/32) 
2026-04-10 20:16:00,250 1 INFO odoo_ci_test odoo.registry: module privacy_lookup: creating or updating database tables 
2026-04-10 20:16:00,344 1 INFO odoo_ci_test odoo.modules.loading: loading privacy_lookup/wizard/privacy_lookup_wizard_views.xml 
2026-04-10 20:16:00,392 1 INFO odoo_ci_test odoo.modules.loading: loading privacy_lookup/views/privacy_log_views.xml 
2026-04-10 20:16:00,411 1 INFO odoo_ci_test odoo.modules.loading: loading privacy_lookup/security/ir.model.access.csv 
2026-04-10 20:16:00,426 1 INFO odoo_ci_test odoo.modules.loading: loading privacy_lookup/data/ir_actions_server_data.xml 
2026-04-10 20:16:00,471 1 INFO odoo_ci_test odoo.modules.loading: Module privacy_lookup loaded in 0.24s, 293 queries (+293 other) 
2026-04-10 20:16:00,471 1 INFO odoo_ci_test odoo.modules.loading: Loading module sports_federation_base (25/32) 
2026-04-10 20:16:00,480 1 INFO odoo_ci_test odoo.registry: module sports_federation_base: creating or updating database tables 
<string>:26: (WARNING/2) Line block ends without a blank line.
<string>:44: (WARNING/2) Line block ends without a blank line.
<string>:58: (WARNING/2) Line block ends without a blank line.
<string>:73: (WARNING/2) Line block ends without a blank line.
<string>:93: (WARNING/2) Line block ends without a blank line.
<string>:26: (ERROR/3) Undefined substitution referenced: "-------".
<string>:26: (ERROR/3) Undefined substitution referenced: "-------------".
<string>:44: (ERROR/3) Undefined substitution referenced: "-------".
<string>:44: (ERROR/3) Undefined substitution referenced: "-------------".
<string>:58: (ERROR/3) Undefined substitution referenced: "-------".
<string>:58: (ERROR/3) Undefined substitution referenced: "-------------".
<string>:73: (ERROR/3) Undefined substitution referenced: "-------".
<string>:73: (ERROR/3) Undefined substitution referenced: "-------------".
<string>:93: (ERROR/3) Undefined substitution referenced: "-------".
<string>:93: (ERROR/3) Undefined substitution referenced: "-------------".
2026-04-10 20:16:00,601 1 INFO odoo_ci_test odoo.modules.loading: loading sports_federation_base/security/res_groups.xml 
2026-04-10 20:16:00,624 1 INFO odoo_ci_test odoo.modules.loading: loading sports_federation_base/security/ir.model.access.csv 
2026-04-10 20:16:00,641 1 INFO odoo_ci_test odoo.modules.loading: loading sports_federation_base/data/ir_sequence.xml 
2026-04-10 20:16:00,645 1 INFO odoo_ci_test odoo.modules.loading: loading sports_federation_base/views/federation_season_registration_views.xml 
2026-04-10 20:16:00,661 1 INFO odoo_ci_test odoo.modules.loading: loading sports_federation_base/views/federation_season_views.xml 
2026-04-10 20:16:00,678 1 INFO odoo_ci_test odoo.modules.loading: loading sports_federation_base/views/federation_team_views.xml 
2026-04-10 20:16:00,694 1 INFO odoo_ci_test odoo.modules.loading: loading sports_federation_base/views/federation_club_views.xml 
2026-04-10 20:16:00,711 1 INFO odoo_ci_test odoo.modules.loading: loading sports_federation_base/views/menu_items.xml 
2026-04-10 20:16:00,741 1 INFO odoo_ci_test odoo.modules.loading: Module sports_federation_base loaded in 0.27s, 334 queries (+334 other) 
2026-04-10 20:16:00,741 1 INFO odoo_ci_test odoo.modules.loading: Loading module partner_autocomplete (26/32) 
2026-04-10 20:16:00,760 1 INFO odoo_ci_test odoo.registry: module partner_autocomplete: creating or updating database tables 
2026-04-10 20:16:00,830 1 INFO odoo_ci_test odoo.modules.loading: loading partner_autocomplete/views/res_company_views.xml 
2026-04-10 20:16:00,844 1 INFO odoo_ci_test odoo.modules.loading: loading partner_autocomplete/views/res_config_settings_views.xml 
2026-04-10 20:16:00,859 1 INFO odoo_ci_test odoo.modules.loading: loading partner_autocomplete/data/iap_service_data.xml 
2026-04-10 20:16:00,869 1 INFO odoo_ci_test odoo.modules.loading: Module partner_autocomplete loaded in 0.13s, 141 queries (+141 other) 
2026-04-10 20:16:00,869 1 INFO odoo_ci_test odoo.modules.loading: Loading module sms (27/32) 
2026-04-10 20:16:00,954 1 INFO odoo_ci_test odoo.registry: module sms: creating or updating database tables 
2026-04-10 20:16:00,963 1 INFO odoo_ci_test odoo.models: Prepare computation of ir.actions.server.sms_template_id 
2026-04-10 20:16:00,963 1 INFO odoo_ci_test odoo.models: Prepare computation of ir.actions.server.sms_method 
2026-04-10 20:16:01,796 1 INFO odoo_ci_test odoo.modules.loading: loading sms/data/iap_service_data.xml 
2026-04-10 20:16:01,800 1 INFO odoo_ci_test odoo.modules.loading: loading sms/data/ir_cron_data.xml 
2026-04-10 20:16:01,822 1 INFO odoo_ci_test odoo.modules.loading: loading sms/wizard/sms_account_code_views.xml 
2026-04-10 20:16:01,833 1 INFO odoo_ci_test odoo.modules.loading: loading sms/wizard/sms_account_phone_views.xml 
2026-04-10 20:16:01,839 1 INFO odoo_ci_test odoo.modules.loading: loading sms/wizard/sms_account_sender_views.xml 
2026-04-10 20:16:01,845 1 INFO odoo_ci_test odoo.modules.loading: loading sms/wizard/sms_composer_views.xml 
2026-04-10 20:16:01,856 1 INFO odoo_ci_test odoo.modules.loading: loading sms/wizard/sms_template_preview_views.xml 
2026-04-10 20:16:01,865 1 INFO odoo_ci_test odoo.modules.loading: loading sms/wizard/sms_template_reset_views.xml 
2026-04-10 20:16:01,873 1 INFO odoo_ci_test odoo.modules.loading: loading sms/views/ir_actions_server_views.xml 
2026-04-10 20:16:01,889 1 INFO odoo_ci_test odoo.modules.loading: loading sms/views/mail_notification_views.xml 
2026-04-10 20:16:01,902 1 INFO odoo_ci_test odoo.modules.loading: loading sms/views/res_config_settings_views.xml 
2026-04-10 20:16:01,916 1 INFO odoo_ci_test odoo.modules.loading: loading sms/views/res_partner_views.xml 
2026-04-10 20:16:01,932 1 INFO odoo_ci_test odoo.modules.loading: loading sms/views/iap_account_views.xml 
2026-04-10 20:16:01,944 1 INFO odoo_ci_test odoo.modules.loading: loading sms/views/sms_sms_views.xml 
2026-04-10 20:16:01,970 1 INFO odoo_ci_test odoo.modules.loading: loading sms/views/sms_template_views.xml 
2026-04-10 20:16:01,989 1 INFO odoo_ci_test odoo.modules.loading: loading sms/security/ir.model.access.csv 
2026-04-10 20:16:02,011 1 INFO odoo_ci_test odoo.modules.loading: loading sms/security/sms_security.xml 
2026-04-10 20:16:02,034 1 INFO odoo_ci_test odoo.modules.loading: Module sms loaded in 1.16s, 2074 queries (+2074 other) 
2026-04-10 20:16:02,034 1 INFO odoo_ci_test odoo.modules.loading: Loading module snailmail (28/32) 
2026-04-10 20:16:02,140 1 INFO odoo_ci_test odoo.registry: module snailmail: creating or updating database tables 
2026-04-10 20:16:02,332 1 INFO odoo_ci_test odoo.modules.loading: loading snailmail/data/iap_service_data.xml 
2026-04-10 20:16:02,336 1 INFO odoo_ci_test odoo.modules.loading: loading snailmail/data/snailmail_data.xml 
2026-04-10 20:16:02,358 1 INFO odoo_ci_test odoo.modules.loading: loading snailmail/views/report_assets.xml 
2026-04-10 20:16:02,371 1 INFO odoo_ci_test odoo.modules.loading: loading snailmail/views/snailmail_views.xml 
2026-04-10 20:16:02,390 1 INFO odoo_ci_test odoo.modules.loading: loading snailmail/security/ir.model.access.csv 
2026-04-10 20:16:02,414 1 INFO odoo_ci_test odoo.modules.loading: Module snailmail loaded in 0.38s, 449 queries (+449 other) 
2026-04-10 20:16:02,414 1 INFO odoo_ci_test odoo.modules.loading: Loading module sports_federation_people (29/32) 
2026-04-10 20:16:02,420 1 INFO odoo_ci_test odoo.registry: module sports_federation_people: creating or updating database tables 
<string>:16: (WARNING/2) Line block ends without a blank line.
<string>:27: (WARNING/2) Line block ends without a blank line.
<string>:51: (WARNING/2) Line block ends without a blank line.
<string>:67: (WARNING/2) Line block ends without a blank line.
<string>:16: (ERROR/3) Undefined substitution referenced: "--------".
<string>:27: (ERROR/3) Undefined substitution referenced: "-------".
<string>:27: (ERROR/3) Undefined substitution referenced: "-------------".
<string>:51: (ERROR/3) Undefined substitution referenced: "-------".
<string>:51: (ERROR/3) Undefined substitution referenced: "-------------".
<string>:67: (ERROR/3) Undefined substitution referenced: "------".
2026-04-10 20:16:02,506 1 INFO odoo_ci_test odoo.modules.loading: loading sports_federation_people/security/ir.model.access.csv 
2026-04-10 20:16:02,513 1 INFO odoo_ci_test odoo.modules.loading: loading sports_federation_people/data/ir_sequence.xml 
2026-04-10 20:16:02,517 1 INFO odoo_ci_test odoo.modules.loading: loading sports_federation_people/views/federation_player_views.xml 
2026-04-10 20:16:02,539 1 INFO odoo_ci_test odoo.modules.loading: loading sports_federation_people/views/federation_player_license_views.xml 
2026-04-10 20:16:02,555 1 INFO odoo_ci_test odoo.modules.loading: loading sports_federation_people/views/menu_items.xml 
2026-04-10 20:16:02,577 1 INFO odoo_ci_test odoo.modules.loading: Module sports_federation_people loaded in 0.16s, 208 queries (+208 other) 
2026-04-10 20:16:02,577 1 INFO odoo_ci_test odoo.modules.loading: Loading module sports_federation_rules (30/32) 
2026-04-10 20:16:02,585 1 INFO odoo_ci_test odoo.registry: module sports_federation_rules: creating or updating database tables 
<string>:17: (WARNING/2) Line block ends without a blank line.
<string>:28: (WARNING/2) Line block ends without a blank line.
<string>:45: (WARNING/2) Line block ends without a blank line.
<string>:57: (WARNING/2) Line block ends without a blank line.
<string>:69: (WARNING/2) Line block ends without a blank line.
<string>:83: (WARNING/2) Line block ends without a blank line.
<string>:98: (WARNING/2) Line block ends without a blank line.
<string>:17: (ERROR/3) Undefined substitution referenced: "--------".
<string>:28: (ERROR/3) Undefined substitution referenced: "-------".
<string>:28: (ERROR/3) Undefined substitution referenced: "-------------".
<string>:45: (ERROR/3) Undefined substitution referenced: "-------".
<string>:45: (ERROR/3) Undefined substitution referenced: "-------------".
<string>:57: (ERROR/3) Undefined substitution referenced: "-------".
<string>:57: (ERROR/3) Undefined substitution referenced: "-------------".
<string>:69: (ERROR/3) Undefined substitution referenced: "-------".
<string>:69: (ERROR/3) Undefined substitution referenced: "-------------".
<string>:83: (ERROR/3) Undefined substitution referenced: "-------".
<string>:83: (ERROR/3) Undefined substitution referenced: "-------------".
<string>:98: (ERROR/3) Undefined substitution referenced: "-------".
2026-04-10 20:16:02,705 1 INFO odoo_ci_test odoo.modules.loading: loading sports_federation_rules/security/ir.model.access.csv 
2026-04-10 20:16:02,715 1 INFO odoo_ci_test odoo.modules.loading: loading sports_federation_rules/views/federation_rule_set_views.xml 
2026-04-10 20:16:02,741 1 INFO odoo_ci_test odoo.modules.loading: loading sports_federation_rules/views/federation_points_rule_views.xml 
2026-04-10 20:16:02,751 1 INFO odoo_ci_test odoo.modules.loading: loading sports_federation_rules/views/federation_tie_break_rule_views.xml 
2026-04-10 20:16:02,761 1 INFO odoo_ci_test odoo.modules.loading: loading sports_federation_rules/views/federation_eligibility_rule_views.xml 
2026-04-10 20:16:02,772 1 INFO odoo_ci_test odoo.modules.loading: loading sports_federation_rules/views/federation_qualification_rule_views.xml 
2026-04-10 20:16:02,783 1 INFO odoo_ci_test odoo.modules.loading: loading sports_federation_rules/views/menu_items.xml 
2026-04-10 20:16:02,815 1 INFO odoo_ci_test odoo.modules.loading: Module sports_federation_rules loaded in 0.24s, 302 queries (+302 other) 
2026-04-10 20:16:02,815 1 INFO odoo_ci_test odoo.modules.loading: Loading module sports_federation_tournament (31/32) 
2026-04-10 20:16:02,828 1 INFO odoo_ci_test odoo.registry: module sports_federation_tournament: creating or updating database tables 
2026-04-10 20:16:03,043 1 INFO odoo_ci_test odoo.modules.loading: loading sports_federation_tournament/security/ir.model.access.csv 
2026-04-10 20:16:03,054 1 INFO odoo_ci_test odoo.modules.loading: loading sports_federation_tournament/views/federation_tournament_participant_views.xml 
2026-04-10 20:16:03,076 1 INFO odoo_ci_test odoo.modules.loading: loading sports_federation_tournament/views/federation_match_views.xml 
2026-04-10 20:16:03,095 1 INFO odoo_ci_test odoo.modules.loading: loading sports_federation_tournament/views/federation_tournament_round_views.xml 
2026-04-10 20:16:03,108 1 INFO odoo_ci_test odoo.modules.loading: loading sports_federation_tournament/views/federation_tournament_group_views.xml 
2026-04-10 20:16:03,125 1 INFO odoo_ci_test odoo.modules.loading: loading sports_federation_tournament/views/federation_tournament_stage_views.xml 
2026-04-10 20:16:03,144 1 INFO odoo_ci_test odoo.modules.loading: loading sports_federation_tournament/views/federation_tournament_views.xml 
2026-04-10 20:16:03,163 1 INFO odoo_ci_test odoo.modules.loading: loading sports_federation_tournament/views/federation_competition_edition_views.xml 
2026-04-10 20:16:03,182 1 INFO odoo_ci_test odoo.modules.loading: loading sports_federation_tournament/views/federation_competition_views.xml 
2026-04-10 20:16:03,200 1 INFO odoo_ci_test odoo.modules.loading: loading sports_federation_tournament/views/federation_season_registration_views_inherit.xml 
2026-04-10 20:16:03,220 1 INFO odoo_ci_test odoo.modules.loading: loading sports_federation_tournament/views/menu_items.xml 
2026-04-10 20:16:03,264 1 INFO odoo_ci_test odoo.modules.loading: Module sports_federation_tournament loaded in 0.45s, 597 queries (+597 other) 
2026-04-10 20:16:03,264 1 INFO odoo_ci_test odoo.modules.loading: Loading module sports_federation_rosters (32/32) 
2026-04-10 20:16:03,279 1 INFO odoo_ci_test odoo.registry: module sports_federation_rosters: creating or updating database tables 
2026-04-10 20:16:03,475 1 INFO odoo_ci_test odoo.modules.loading: loading sports_federation_rosters/security/ir.model.access.csv 
2026-04-10 20:16:03,485 1 INFO odoo_ci_test odoo.modules.loading: loading sports_federation_rosters/views/team_roster_views.xml 
2026-04-10 20:16:03,505 1 INFO odoo_ci_test odoo.modules.loading: loading sports_federation_rosters/views/match_sheet_views.xml 
2026-04-10 20:16:03,520 1 INFO odoo_ci_test odoo.modules.loading: loading sports_federation_rosters/views/tournament_participant_views_inherit.xml 
2026-04-10 20:16:03,530 1 INFO odoo_ci_test odoo.modules.loading: loading sports_federation_rosters/views/team_views_inherit.xml 
2026-04-10 20:16:03,543 1 INFO odoo_ci_test odoo.modules.loading: loading sports_federation_rosters/views/player_views_inherit.xml 
2026-04-10 20:16:03,553 1 INFO odoo_ci_test odoo.modules.loading: loading sports_federation_rosters/views/match_views_inherit.xml 
2026-04-10 20:16:03,562 1 INFO odoo_ci_test odoo.modules.loading: loading sports_federation_rosters/views/menu_views.xml 
2026-04-10 20:16:03,651 1 INFO odoo_ci_test odoo.addons.sports_federation_rosters.tests.test_match_sheets: Starting TestMatchSheets.test_approved_match_sheet_allows_substitution_updates_but_not_lineup_changes ... 
2026-04-10 20:16:03,690 1 INFO odoo_ci_test odoo.addons.sports_federation_rosters.tests.test_match_sheets: Starting TestMatchSheets.test_create_match_sheet ... 
2026-04-10 20:16:03,697 1 INFO odoo_ci_test odoo.addons.sports_federation_rosters.tests.test_match_sheets: Starting TestMatchSheets.test_lock_blocks_any_further_match_sheet_changes ... 
2026-04-10 20:16:03,733 1 INFO odoo_ci_test odoo.addons.sports_federation_rosters.tests.test_match_sheets: Starting TestMatchSheets.test_match_sheet_line_starter_substitute_validation ... 
2026-04-10 20:16:03,742 1 INFO odoo_ci_test odoo.addons.sports_federation_rosters.tests.test_match_sheets: Starting TestMatchSheets.test_match_sheet_line_unique_player ... 
2026-04-10 20:16:03,753 1 ERROR odoo_ci_test odoo.sql_db: bad query: b'INSERT INTO "federation_match_sheet_line" ("create_date", "create_uid", "is_captain", "is_starter", "is_substitute", "match_sheet_id", "player_id", "write_date", "write_uid") VALUES (\'2026-04-10T20:16:03.603315\'::timestamp, 1, false, false, false, 5, 1, \'2026-04-10T20:16:03.603315\'::timestamp, 1) RETURNING "id"'
ERROR: duplicate key value violates unique constraint "federation_match_sheet_line_unique_match_sheet_player"
DETAIL:  Key (match_sheet_id, player_id)=(5, 1) already exists.
 
2026-04-10 20:16:03,753 1 INFO odoo_ci_test odoo.addons.sports_federation_rosters.tests.test_match_sheets: Starting TestMatchSheets.test_match_sheet_side_team_consistency ... 
2026-04-10 20:16:03,764 1 INFO odoo_ci_test odoo.addons.sports_federation_rosters.tests.test_match_sheets: Starting TestMatchSheets.test_match_sheet_submit_blocks_ineligible_players_with_reason ... 
2026-04-10 20:16:03,802 1 INFO odoo_ci_test odoo.addons.sports_federation_rosters.tests.test_match_sheets: Starting TestMatchSheets.test_match_sheet_submit_enforces_squad_minimum ... 
2026-04-10 20:16:03,841 1 INFO odoo_ci_test odoo.addons.sports_federation_rosters.tests.test_match_sheets: Starting TestMatchSheets.test_match_sheet_substitution_minutes_require_valid_roles ... 
2026-04-10 20:16:03,851 1 INFO odoo_ci_test odoo.addons.sports_federation_rosters.tests.test_match_sheets: Starting TestMatchSheets.test_match_sheet_unique_per_match_team_side ... 
2026-04-10 20:16:03,859 1 ERROR odoo_ci_test odoo.sql_db: bad query: b'INSERT INTO "federation_match_sheet" ("create_date", "create_uid", "match_id", "name", "side", "state", "team_id", "write_date", "write_uid") VALUES (\'2026-04-10T20:16:03.603315\'::timestamp, 1, 1, \'Duplicate Home Sheet\', \'home\', \'draft\', 1, \'2026-04-10T20:16:03.603315\'::timestamp, 1) RETURNING "id"'
ERROR: duplicate key value violates unique constraint "federation_match_sheet_unique_match_team_side"
DETAIL:  Key (match_id, team_id, side)=(1, 1, home) already exists.
 
2026-04-10 20:16:03,924 1 INFO odoo_ci_test odoo.addons.base.models.ir_attachment: filestore gc 14 checked, 0 removed 
2026-04-10 20:16:03,984 1 INFO odoo_ci_test odoo.addons.sports_federation_rosters.tests.test_participant_readiness: Starting TestParticipantReadiness.test_match_schedule_within_deadline_allows_ready_team_rosters ... 
2026-04-10 20:16:04,029 1 INFO odoo_ci_test odoo.addons.sports_federation_rosters.tests.test_participant_readiness: Starting TestParticipantReadiness.test_match_schedule_within_deadline_requires_ready_team_rosters ... 
2026-04-10 20:16:04,048 1 INFO odoo_ci_test odoo.addons.sports_federation_rosters.tests.test_participant_readiness: Starting TestParticipantReadiness.test_participant_confirm_allows_missing_roster_before_deadline ... 
2026-04-10 20:16:04,062 1 INFO odoo_ci_test odoo.addons.sports_federation_rosters.tests.test_participant_readiness: Starting TestParticipantReadiness.test_participant_confirm_requires_ready_roster_once_deadline_reached ... 
2026-04-10 20:16:04,082 1 INFO odoo_ci_test odoo.addons.sports_federation_rosters.tests.test_participant_readiness: Starting TestParticipantReadiness.test_participant_confirm_succeeds_with_ready_roster ... 
2026-04-10 20:16:04,171 1 INFO odoo_ci_test odoo.addons.base.models.ir_attachment: filestore gc 0 checked, 0 removed 
2026-04-10 20:16:04,222 1 INFO odoo_ci_test odoo.addons.sports_federation_rosters.tests.test_rosters: Starting TestRosters.test_create_roster ... 
2026-04-10 20:16:04,236 1 INFO odoo_ci_test odoo.addons.sports_federation_rosters.tests.test_rosters: Starting TestRosters.test_live_match_sheet_locks_roster_scope_and_used_lines ... 
2026-04-10 20:16:04,288 1 INFO odoo_ci_test odoo.addons.sports_federation_rosters.tests.test_rosters: Starting TestRosters.test_roster_activation_blocks_lines_with_invalid_season_license ... 
2026-04-10 20:16:04,320 1 INFO odoo_ci_test odoo.addons.sports_federation_rosters.tests.test_rosters: Starting TestRosters.test_roster_audit_events_are_created_for_lifecycle_changes ... 
2026-04-10 20:16:04,336 1 INFO odoo_ci_test odoo.addons.sports_federation_rosters.tests.test_rosters: Starting TestRosters.test_roster_line_date_validation ... 
2026-04-10 20:16:04,351 1 INFO odoo_ci_test odoo.addons.sports_federation_rosters.tests.test_rosters: Starting TestRosters.test_roster_line_rejects_gender_mismatch ... 
2026-04-10 20:16:04,375 1 INFO odoo_ci_test odoo.addons.sports_federation_rosters.tests.test_rosters: Starting TestRosters.test_roster_line_unique_player_constraint ... 
2026-04-10 20:16:04,391 1 ERROR odoo_ci_test odoo.sql_db: bad query: b'INSERT INTO "federation_team_roster_line" ("create_date", "create_uid", "date_from", "is_captain", "is_vice_captain", "player_id", "roster_id", "status", "write_date", "write_uid") VALUES (\'2026-04-10T20:16:04.173436\'::timestamp, 1, \'2024-01-01\'::date, false, false, 5, 14, \'active\', \'2026-04-10T20:16:04.173436\'::timestamp, 1) RETURNING "id"'
ERROR: duplicate key value violates unique constraint "federation_team_roster_line_unique_roster_player_date_from"
DETAIL:  Key (roster_id, player_id, date_from)=(14, 5, 2024-01-01) already exists.
 
2026-04-10 20:16:04,392 1 INFO odoo_ci_test odoo.addons.sports_federation_rosters.tests.test_rosters: Starting TestRosters.test_roster_team_season_registration_consistency ... 
2026-04-10 20:16:04,425 1 INFO odoo_ci_test odoo.addons.sports_federation_rosters.tests.test_rosters: Starting TestRosters.test_single_active_captain_constraint ... 
2026-04-10 20:16:04,505 1 INFO odoo_ci_test odoo.addons.base.models.ir_attachment: filestore gc 0 checked, 0 removed 
2026-04-10 20:16:04,505 1 INFO odoo_ci_test odoo.modules.loading: Module sports_federation_rosters loaded in 1.24s (incl. 0.91s test), 470 queries (+1049 test, +470 other) 
2026-04-10 20:16:04,505 1 INFO odoo_ci_test odoo.modules.loading: 32 modules loaded in 12.16s, 17243 queries (+18293 extra) 
2026-04-10 20:16:04,900 1 INFO odoo_ci_test odoo.modules.loading: Modules loaded. 
2026-04-10 20:16:04,908 1 INFO odoo_ci_test odoo.registry: Registry changed, signaling through the database 
2026-04-10 20:16:04,909 1 INFO odoo_ci_test odoo.registry: Registry loaded in 20.794s 
2026-04-10 20:16:04,909 1 INFO odoo_ci_test odoo.service.server: Starting post tests 
2026-04-10 20:16:04,932 1 INFO odoo_ci_test odoo.service.server: 0 post-tests in 0.02s, 0 queries 
2026-04-10 20:16:04,932 1 INFO odoo_ci_test odoo.tests.stats: sports_federation_rosters: 30 tests 0.91s 1049 queries 
2026-04-10 20:16:04,932 1 INFO odoo_ci_test odoo.tests.result: 0 failed, 0 error(s) of 24 tests when loading database 'odoo_ci_test' 
2026-04-10 20:16:04,932 1 INFO odoo_ci_test odoo.service.server: Initiating shutdown 
2026-04-10 20:16:04,932 1 INFO odoo_ci_test odoo.service.server: Hit CTRL-C again or send a second signal to force the shutdown. 
2026-04-10 20:16:05,149 1 INFO odoo_ci_test odoo.sql_db: ConnectionPool(read/write;used=0/count=0/max=64): Closed 2 connections  
