2026-04-08 14:00:13,924 1 INFO odoo_ci_test odoo.modules.loading: loading base/data/ir_demo_failure_data.xml 
<string>:38: (ERROR/3) Unexpected indentation.
<string>:26: (ERROR/3) Undefined substitution referenced: "-------".
<string>:26: (ERROR/3) Undefined substitution referenced: "-------------".
<string>:44: (ERROR/3) Undefined substitution referenced: "-------".
<string>:44: (ERROR/3) Undefined substitution referenced: "-------------".
<string>:58: (ERROR/3) Undefined substitution referenced: "-------".
<string>:58: (ERROR/3) Undefined substitution referenced: "-------------".
<string>:72: (ERROR/3) Undefined substitution referenced: "-------".
<string>:72: (ERROR/3) Undefined substitution referenced: "-------------".
<string>:85: (ERROR/3) Undefined substitution referenced: "-------".
<string>:85: (ERROR/3) Undefined substitution referenced: "-------------".
<string>:17: (ERROR/3) Undefined substitution referenced: "--------".
<string>:28: (ERROR/3) Undefined substitution referenced: "-------".
<string>:28: (ERROR/3) Undefined substitution referenced: "-------------".
<string>:45: (ERROR/3) Undefined substitution referenced: "-------".
<string>:45: (ERROR/3) Undefined substitution referenced: "-------------".
<string>:57: (ERROR/3) Undefined substitution referenced: "-------".
<string>:57: (ERROR/3) Undefined substitution referenced: "-------------".
<string>:69: (ERROR/3) Undefined substitution referenced: "-------".
<string>:69: (ERROR/3) Undefined substitution referenced: "-------------".
<string>:83: (ERROR/3) Undefined substitution referenced: "-------".
<string>:83: (ERROR/3) Undefined substitution referenced: "-------------".
<string>:17: (ERROR/3) Undefined substitution referenced: "--------".
<string>:29: (ERROR/3) Undefined substitution referenced: "-------".
<string>:29: (ERROR/3) Undefined substitution referenced: "-------------".
<string>:41: (ERROR/3) Undefined substitution referenced: "-------".
<string>:41: (ERROR/3) Undefined substitution referenced: "-------------".
<string>:62: (ERROR/3) Undefined substitution referenced: "-------".
<string>:62: (ERROR/3) Undefined substitution referenced: "-------------".
<string>:76: (ERROR/3) Undefined substitution referenced: "-------".
<string>:76: (ERROR/3) Undefined substitution referenced: "-------------".
<string>:90: (ERROR/3) Undefined substitution referenced: "-------".
<string>:90: (ERROR/3) Undefined substitution referenced: "-------------".
<string>:105: (ERROR/3) Undefined substitution referenced: "-------".
<string>:105: (ERROR/3) Undefined substitution referenced: "-------------".
<string>:16: (ERROR/3) Undefined substitution referenced: "--------".
<string>:27: (ERROR/3) Undefined substitution referenced: "-------".
<string>:27: (ERROR/3) Undefined substitution referenced: "-------------".
<string>:42: (ERROR/3) Undefined substitution referenced: "--------".
<string>:42: (ERROR/3) Undefined substitution referenced: "-------------".
<string>:52: (ERROR/3) Undefined substitution referenced: "-------".
<string>:15: (ERROR/3) Undefined substitution referenced: "--------".
<string>:27: (ERROR/3) Undefined substitution referenced: "-------".
<string>:27: (ERROR/3) Undefined substitution referenced: "-------------".
<string>:37: (ERROR/3) Undefined substitution referenced: "-------".
<string>:37: (ERROR/3) Undefined substitution referenced: "-------------".
<string>:46: (ERROR/3) Undefined substitution referenced: "-------".
<string>:46: (ERROR/3) Undefined substitution referenced: "-------------".
2026-04-08 14:00:36,032 1 INFO odoo_ci_test odoo.tests.result: 0 failed, 0 error(s) of 16 tests when loading database 'odoo_ci_test' 
