 Container sf_ci-ci-db-1  Running
Running as user 'root' is a security risk.
2026-04-08 14:00:07,151 1 WARNING ? odoo.tools.config: missing --http-interface/http_interface, using 0.0.0.0 by default, will change to 127.0.0.1 in 20.0 
2026-04-08 14:00:07,152 1 INFO ? odoo: Odoo version 19.0-20260324 
2026-04-08 14:00:07,152 1 INFO ? odoo: Using configuration file at /etc/odoo/odoo.conf 
2026-04-08 14:00:07,152 1 INFO ? odoo: addons paths: _NamespacePath(['/usr/lib/python3/dist-packages/odoo/addons', '/var/lib/odoo/addons/19.0', '/mnt/extra-addons', '/usr/lib/python3/dist-packages/addons']) 
2026-04-08 14:00:07,152 1 INFO ? odoo: database: odoo@ci-db:5432 
2026-04-08 14:00:07,417 1 INFO ? odoo.service.server: HTTP service (werkzeug) running on 0963c7435a20:8069 
2026-04-08 14:00:07,435 1 INFO odoo_ci_test odoo.tests.common: Importing test framework 
2026-04-08 14:00:07,463 1 INFO odoo_ci_test odoo.modules.loading: Initializing database odoo_ci_test 
2026-04-08 14:00:08,525 1 INFO odoo_ci_test odoo.modules.loading: loading 1 modules... 
2026-04-08 14:00:08,526 1 INFO odoo_ci_test odoo.modules.loading: Loading module base (1/1) 
2026-04-08 14:00:08,553 1 INFO odoo_ci_test odoo.registry: module base: creating or updating database tables 
2026-04-08 14:00:08,793 1 INFO odoo_ci_test odoo.models: Prepare computation of ir.module.module.menus_by_module 
2026-04-08 14:00:08,793 1 INFO odoo_ci_test odoo.models: Prepare computation of ir.module.module.reports_by_module 
2026-04-08 14:00:08,793 1 INFO odoo_ci_test odoo.models: Prepare computation of ir.module.module.views_by_module 
2026-04-08 14:00:08,866 1 INFO odoo_ci_test odoo.models: Prepare computation of res.partner.user_id 
2026-04-08 14:00:08,867 1 INFO odoo_ci_test odoo.models: Prepare computation of res.partner.commercial_partner_id 
2026-04-08 14:00:08,867 1 INFO odoo_ci_test odoo.models: Prepare computation of res.partner.complete_name 
2026-04-08 14:00:08,867 1 INFO odoo_ci_test odoo.models: Prepare computation of res.partner.lang 
2026-04-08 14:00:08,867 1 INFO odoo_ci_test odoo.models: Prepare computation of res.partner.company_registry 
2026-04-08 14:00:08,867 1 INFO odoo_ci_test odoo.models: Prepare computation of res.partner.commercial_company_name 
2026-04-08 14:00:08,867 1 INFO odoo_ci_test odoo.models: Prepare computation of res.partner.properties 
2026-04-08 14:00:08,867 1 INFO odoo_ci_test odoo.models: Prepare computation of res.partner.partner_share 
2026-04-08 14:00:08,889 1 INFO odoo_ci_test odoo.models: Prepare computation of res.currency.decimal_places 
2026-04-08 14:00:08,906 1 INFO odoo_ci_test odoo.models: Prepare computation of res.company.uses_default_logo 
2026-04-08 14:00:08,906 1 INFO odoo_ci_test odoo.models: Prepare computation of res.company.logo_web 
2026-04-08 14:00:08,908 1 INFO odoo_ci_test odoo.models: Computing parent_path for table res_company... 
2026-04-08 14:00:08,928 1 INFO odoo_ci_test odoo.models: Prepare computation of res.users.signature 
2026-04-08 14:00:08,928 1 INFO odoo_ci_test odoo.models: Prepare computation of res.users.share 
2026-04-08 14:00:10,171 1 INFO odoo_ci_test odoo.modules.loading: loading base/data/res_bank.xml 
2026-04-08 14:00:10,176 1 INFO odoo_ci_test odoo.modules.loading: loading base/data/res.lang.csv 
2026-04-08 14:00:10,215 1 INFO odoo_ci_test odoo.modules.loading: loading base/data/res_lang_data.xml 
2026-04-08 14:00:10,246 1 INFO odoo_ci_test odoo.modules.loading: loading base/data/res_partner_data.xml 
2026-04-08 14:00:10,290 1 INFO odoo_ci_test odoo.modules.loading: loading base/data/res_currency_data.xml 
2026-04-08 14:00:10,722 1 INFO odoo_ci_test odoo.modules.loading: loading base/data/res_company_data.xml 
2026-04-08 14:00:10,729 1 INFO odoo_ci_test odoo.modules.loading: loading base/data/res_users_data.xml 
2026-04-08 14:00:11,738 1 INFO odoo_ci_test odoo.modules.loading: loading base/data/report_paperformat_data.xml 
2026-04-08 14:00:11,746 1 INFO odoo_ci_test odoo.modules.loading: loading base/data/res_country_data.xml 
2026-04-08 14:00:12,279 1 INFO odoo_ci_test odoo.modules.loading: loading base/data/ir_demo_data.xml 
2026-04-08 14:00:12,292 1 INFO odoo_ci_test odoo.modules.loading: loading base/security/base_groups.xml 
2026-04-08 14:00:12,478 1 INFO odoo_ci_test odoo.modules.loading: loading base/security/base_security.xml 
2026-04-08 14:00:12,667 1 INFO odoo_ci_test odoo.modules.loading: loading base/wizard/wizard_ir_model_menu_create_views.xml 
2026-04-08 14:00:12,680 1 INFO odoo_ci_test odoo.modules.loading: loading base/views/base_menus.xml 
2026-04-08 14:00:12,739 1 INFO odoo_ci_test odoo.modules.loading: loading base/views/decimal_precision_views.xml 
2026-04-08 14:00:12,759 1 INFO odoo_ci_test odoo.modules.loading: loading base/views/res_config_views.xml 
2026-04-08 14:00:12,767 1 INFO odoo_ci_test odoo.modules.loading: loading base/data/res.country.state.csv 
2026-04-08 14:00:13,094 1 INFO odoo_ci_test odoo.modules.loading: loading base/views/ir_actions_views.xml 
2026-04-08 14:00:13,228 1 INFO odoo_ci_test odoo.modules.loading: loading base/views/ir_asset_views.xml 
2026-04-08 14:00:13,244 1 INFO odoo_ci_test odoo.modules.loading: loading base/views/ir_config_parameter_views.xml 
2026-04-08 14:00:13,261 1 INFO odoo_ci_test odoo.modules.loading: loading base/views/ir_cron_views.xml 
2026-04-08 14:00:13,287 1 INFO odoo_ci_test odoo.modules.loading: loading base/views/ir_cron_trigger_views.xml 
2026-04-08 14:00:13,303 1 INFO odoo_ci_test odoo.modules.loading: loading base/views/ir_filters_views.xml 
2026-04-08 14:00:13,326 1 INFO odoo_ci_test odoo.modules.loading: loading base/views/ir_mail_server_views.xml 
2026-04-08 14:00:13,345 1 INFO odoo_ci_test odoo.modules.loading: loading base/views/ir_model_views.xml 
2026-04-08 14:00:13,477 1 INFO odoo_ci_test odoo.modules.loading: loading base/views/ir_attachment_views.xml 
2026-04-08 14:00:13,498 1 INFO odoo_ci_test odoo.modules.loading: loading base/views/ir_rule_views.xml 
2026-04-08 14:00:13,517 1 INFO odoo_ci_test odoo.modules.loading: loading base/views/ir_sequence_views.xml 
2026-04-08 14:00:13,538 1 INFO odoo_ci_test odoo.modules.loading: loading base/views/ir_ui_menu_views.xml 
2026-04-08 14:00:13,557 1 INFO odoo_ci_test odoo.modules.loading: loading base/views/ir_ui_view_views.xml 
2026-04-08 14:00:13,606 1 INFO odoo_ci_test odoo.modules.loading: loading base/views/ir_default_views.xml 
2026-04-08 14:00:13,624 1 INFO odoo_ci_test odoo.modules.loading: loading base/data/ir_config_parameter_data.xml 
2026-04-08 14:00:13,627 1 INFO odoo_ci_test odoo.modules.loading: loading base/data/ir_cron_data.xml 
2026-04-08 14:00:13,639 1 INFO odoo_ci_test odoo.modules.loading: loading base/report/ir_model_report.xml 
2026-04-08 14:00:13,643 1 INFO odoo_ci_test odoo.modules.loading: loading base/report/ir_model_templates.xml 
2026-04-08 14:00:13,651 1 INFO odoo_ci_test odoo.modules.loading: loading base/views/ir_logging_views.xml 
2026-04-08 14:00:13,670 1 INFO odoo_ci_test odoo.modules.loading: loading base/views/ir_qweb_widget_templates.xml 
2026-04-08 14:00:13,685 1 INFO odoo_ci_test odoo.modules.loading: loading base/views/ir_module_views.xml 
2026-04-08 14:00:13,735 1 INFO odoo_ci_test odoo.modules.loading: loading base/data/ir_module_category_data.xml 
2026-04-08 14:00:13,772 1 INFO odoo_ci_test odoo.modules.loading: loading base/data/ir_module_module.xml 
2026-04-08 14:00:13,827 1 INFO odoo_ci_test odoo.modules.loading: loading base/report/ir_module_reports.xml 
2026-04-08 14:00:13,831 1 INFO odoo_ci_test odoo.modules.loading: loading base/report/ir_module_report_templates.xml 
2026-04-08 14:00:13,837 1 INFO odoo_ci_test odoo.modules.loading: loading base/wizard/base_module_update_views.xml 
2026-04-08 14:00:13,849 1 INFO odoo_ci_test odoo.modules.loading: loading base/wizard/base_language_install_views.xml 
2026-04-08 14:00:13,864 1 INFO odoo_ci_test odoo.modules.loading: loading base/wizard/base_import_language_views.xml 
2026-04-08 14:00:13,875 1 INFO odoo_ci_test odoo.modules.loading: loading base/wizard/base_module_upgrade_views.xml 
2026-04-08 14:00:13,891 1 INFO odoo_ci_test odoo.modules.loading: loading base/wizard/base_module_uninstall_views.xml 
2026-04-08 14:00:13,899 1 INFO odoo_ci_test odoo.modules.loading: loading base/wizard/base_export_language_views.xml 
2026-04-08 14:00:13,911 1 INFO odoo_ci_test odoo.modules.loading: loading base/wizard/base_partner_merge_views.xml 
2026-04-08 14:00:13,924 1 INFO odoo_ci_test odoo.modules.loading: loading base/data/ir_demo_failure_data.xml 
2026-04-08 14:00:13,939 1 INFO odoo_ci_test odoo.modules.loading: loading base/views/ir_profile_views.xml 
2026-04-08 14:00:13,960 1 INFO odoo_ci_test odoo.modules.loading: loading base/views/res_company_views.xml 
2026-04-08 14:00:13,980 1 INFO odoo_ci_test odoo.modules.loading: loading base/views/res_lang_views.xml 
2026-04-08 14:00:13,998 1 INFO odoo_ci_test odoo.modules.loading: loading base/views/res_partner_views.xml 
2026-04-08 14:00:14,079 1 INFO odoo_ci_test odoo.modules.loading: loading base/views/res_bank_views.xml 
2026-04-08 14:00:14,109 1 INFO odoo_ci_test odoo.modules.loading: loading base/views/res_country_views.xml 
2026-04-08 14:00:14,150 1 INFO odoo_ci_test odoo.modules.loading: loading base/views/res_currency_views.xml 
2026-04-08 14:00:14,185 1 INFO odoo_ci_test odoo.modules.loading: loading base/views/res_groups_views.xml 
2026-04-08 14:00:14,228 1 INFO odoo_ci_test odoo.modules.loading: loading base/views/res_users_views.xml 
2026-04-08 14:00:14,316 1 INFO odoo_ci_test odoo.modules.loading: loading base/views/res_users_apikeys_views.xml 
2026-04-08 14:00:14,321 1 INFO odoo_ci_test odoo.modules.loading: loading base/views/res_device_views.xml 
2026-04-08 14:00:14,341 1 INFO odoo_ci_test odoo.modules.loading: loading base/views/res_users_identitycheck_views.xml 
2026-04-08 14:00:14,348 1 INFO odoo_ci_test odoo.modules.loading: loading base/views/res_config_settings_views.xml 
2026-04-08 14:00:14,356 1 INFO odoo_ci_test odoo.modules.loading: loading base/views/report_paperformat_views.xml 
2026-04-08 14:00:14,378 1 INFO odoo_ci_test odoo.modules.loading: loading base/security/ir.model.access.csv 
2026-04-08 14:00:14,671 1 INFO odoo_ci_test odoo.modules.loading: Module base loaded in 6.15s, 8397 queries (+8397 other) 
2026-04-08 14:00:14,671 1 INFO odoo_ci_test odoo.modules.loading: 1 modules loaded in 6.15s, 8397 queries (+8397 extra) 
2026-04-08 14:00:14,674 1 INFO odoo_ci_test odoo.modules.loading: updating modules list 
2026-04-08 14:00:14,675 1 INFO odoo_ci_test odoo.addons.base.models.ir_module: ALLOW access to module.update_list on [] to user __system__ #1 via n/a 
2026-04-08 14:00:15,486 1 INFO odoo_ci_test odoo.addons.base.models.ir_module: ALLOW access to module.button_install on ['Sports Federation Public Site'] to user __system__ #1 via n/a 
2026-04-08 14:00:15,579 1 INFO odoo_ci_test odoo.modules.loading: loading 48 modules... 
2026-04-08 14:00:15,579 1 INFO odoo_ci_test odoo.modules.loading: Loading module rpc (2/48) 
2026-04-08 14:00:15,593 1 INFO odoo_ci_test odoo.modules.loading: Module rpc loaded in 0.01s, 9 queries (+9 other) 
2026-04-08 14:00:15,593 1 INFO odoo_ci_test odoo.modules.loading: Loading module social_media (3/48) 
2026-04-08 14:00:15,597 1 INFO odoo_ci_test odoo.registry: module social_media: creating or updating database tables 
2026-04-08 14:00:15,629 1 INFO odoo_ci_test odoo.modules.loading: loading social_media/views/res_company_views.xml 
2026-04-08 14:00:15,649 1 INFO odoo_ci_test odoo.modules.loading: Module social_media loaded in 0.06s, 75 queries (+75 other) 
2026-04-08 14:00:15,649 1 INFO odoo_ci_test odoo.modules.loading: Loading module web (4/48) 
2026-04-08 14:00:15,680 1 INFO odoo_ci_test odoo.registry: module web: creating or updating database tables 
2026-04-08 14:00:16,097 1 INFO odoo_ci_test odoo.modules.loading: loading web/security/ir.model.access.csv 
2026-04-08 14:00:16,104 1 INFO odoo_ci_test odoo.modules.loading: loading web/security/web_security.xml 
2026-04-08 14:00:16,115 1 INFO odoo_ci_test odoo.modules.loading: loading web/views/webclient_templates.xml 
2026-04-08 14:00:16,164 1 INFO odoo_ci_test odoo.modules.loading: loading web/views/report_templates.xml 
2026-04-08 14:00:16,247 1 INFO odoo_ci_test odoo.modules.loading: loading web/views/base_document_layout_views.xml 
2026-04-08 14:00:16,261 1 INFO odoo_ci_test odoo.modules.loading: loading web/views/partner_view.xml 
2026-04-08 14:00:16,267 1 INFO odoo_ci_test odoo.modules.loading: loading web/views/speedscope_template.xml 
2026-04-08 14:00:16,272 1 INFO odoo_ci_test odoo.modules.loading: loading web/views/memory_template.xml 
2026-04-08 14:00:16,278 1 INFO odoo_ci_test odoo.modules.loading: loading web/views/speedscope_config_wizard.xml 
2026-04-08 14:00:16,284 1 INFO odoo_ci_test odoo.modules.loading: loading web/views/neutralize_views.xml 
2026-04-08 14:00:16,292 1 INFO odoo_ci_test odoo.modules.loading: loading web/views/ir_ui_view_views.xml 
2026-04-08 14:00:16,301 1 INFO odoo_ci_test odoo.modules.loading: loading web/data/ir_attachment.xml 
2026-04-08 14:00:16,305 1 INFO odoo_ci_test odoo.modules.loading: loading web/data/report_layout.xml 
2026-04-08 14:00:16,357 1 INFO odoo_ci_test odoo.modules.loading: Module web loaded in 0.71s, 1229 queries (+1229 other) 
2026-04-08 14:00:16,357 1 INFO odoo_ci_test odoo.modules.loading: Loading module api_doc (5/48) 
2026-04-08 14:00:16,363 1 INFO odoo_ci_test odoo.registry: module api_doc: creating or updating database tables 
2026-04-08 14:00:16,378 1 INFO odoo_ci_test odoo.modules.loading: loading api_doc/security/res_groups.xml 
2026-04-08 14:00:16,398 1 INFO odoo_ci_test odoo.modules.loading: loading api_doc/views/docclient.xml 
2026-04-08 14:00:16,415 1 INFO odoo_ci_test odoo.modules.loading: Module api_doc loaded in 0.06s, 63 queries (+63 other) 
2026-04-08 14:00:16,415 1 INFO odoo_ci_test odoo.modules.loading: Loading module auth_totp (6/48) 
2026-04-08 14:00:16,429 1 INFO odoo_ci_test odoo.registry: module auth_totp: creating or updating database tables 
2026-04-08 14:00:16,491 1 INFO odoo_ci_test odoo.modules.loading: loading auth_totp/security/security.xml 
2026-04-08 14:00:16,511 1 INFO odoo_ci_test odoo.modules.loading: loading auth_totp/security/ir.model.access.csv 
2026-04-08 14:00:16,518 1 INFO odoo_ci_test odoo.modules.loading: loading auth_totp/data/ir_action_data.xml 
2026-04-08 14:00:16,524 1 INFO odoo_ci_test odoo.modules.loading: loading auth_totp/views/res_users_views.xml 
2026-04-08 14:00:16,552 1 INFO odoo_ci_test odoo.modules.loading: loading auth_totp/views/templates.xml 
2026-04-08 14:00:16,558 1 INFO odoo_ci_test odoo.modules.loading: loading auth_totp/wizard/auth_totp_wizard_views.xml 
2026-04-08 14:00:16,581 1 INFO odoo_ci_test odoo.modules.loading: Module auth_totp loaded in 0.17s, 218 queries (+218 other) 
2026-04-08 14:00:16,581 1 INFO odoo_ci_test odoo.modules.loading: Loading module base_import (7/48) 
2026-04-08 14:00:16,621 1 INFO odoo_ci_test odoo.registry: module base_import: creating or updating database tables 
2026-04-08 14:00:17,048 1 INFO odoo_ci_test odoo.modules.loading: loading base_import/security/ir.model.access.csv 
2026-04-08 14:00:17,061 1 INFO odoo_ci_test odoo.modules.loading: Module base_import loaded in 0.48s, 956 queries (+956 other) 
2026-04-08 14:00:17,061 1 INFO odoo_ci_test odoo.modules.loading: Loading module base_import_module (8/48) 
2026-04-08 14:00:17,067 1 INFO odoo_ci_test odoo.registry: module base_import_module: creating or updating database tables 
2026-04-08 14:00:17,121 1 INFO odoo_ci_test odoo.modules.loading: loading base_import_module/security/ir.model.access.csv 
2026-04-08 14:00:17,126 1 INFO odoo_ci_test odoo.modules.loading: loading base_import_module/views/base_import_module_view.xml 
2026-04-08 14:00:17,144 1 INFO odoo_ci_test odoo.modules.loading: loading base_import_module/views/ir_module_views.xml 
2026-04-08 14:00:17,184 1 INFO odoo_ci_test odoo.modules.loading: Module base_import_module loaded in 0.12s, 172 queries (+172 other) 
2026-04-08 14:00:17,184 1 INFO odoo_ci_test odoo.modules.loading: Loading module base_setup (9/48) 
2026-04-08 14:00:17,192 1 INFO odoo_ci_test odoo.registry: module base_setup: creating or updating database tables 
2026-04-08 14:00:17,230 1 INFO odoo_ci_test odoo.modules.loading: loading base_setup/data/base_setup_data.xml 
2026-04-08 14:00:17,234 1 INFO odoo_ci_test odoo.modules.loading: loading base_setup/views/res_config_settings_views.xml 
2026-04-08 14:00:17,263 1 INFO odoo_ci_test odoo.modules.loading: loading base_setup/views/res_partner_views.xml 
2026-04-08 14:00:17,279 1 INFO odoo_ci_test odoo.modules.loading: Module base_setup loaded in 0.10s, 152 queries (+152 other) 
2026-04-08 14:00:17,280 1 INFO odoo_ci_test odoo.modules.loading: Loading module bus (10/48) 
2026-04-08 14:00:17,297 1 INFO odoo_ci_test odoo.registry: module bus: creating or updating database tables 
2026-04-08 14:00:17,377 1 INFO odoo_ci_test odoo.modules.loading: loading bus/security/ir.model.access.csv 
2026-04-08 14:00:17,391 1 INFO odoo_ci_test odoo.modules.loading: Module bus loaded in 0.11s, 152 queries (+152 other) 
2026-04-08 14:00:17,391 1 INFO odoo_ci_test odoo.modules.loading: Loading module http_routing (11/48) 
2026-04-08 14:00:17,394 1 INFO odoo_ci_test odoo.registry: module http_routing: creating or updating database tables 
2026-04-08 14:00:17,411 1 INFO odoo_ci_test odoo.modules.loading: loading http_routing/views/http_routing_template.xml 
2026-04-08 14:00:17,447 1 INFO odoo_ci_test odoo.modules.loading: loading http_routing/views/res_lang_views.xml 
2026-04-08 14:00:17,470 1 INFO odoo_ci_test odoo.modules.loading: Module http_routing loaded in 0.08s, 114 queries (+114 other) 
2026-04-08 14:00:17,471 1 INFO odoo_ci_test odoo.modules.loading: Loading module resource (12/48) 
2026-04-08 14:00:17,482 1 INFO odoo_ci_test odoo.registry: module resource: creating or updating database tables 
2026-04-08 14:00:17,595 1 INFO odoo_ci_test odoo.modules.loading: loading resource/data/resource_data.xml 
2026-04-08 14:00:17,611 1 INFO odoo_ci_test odoo.modules.loading: loading resource/security/ir.model.access.csv 
2026-04-08 14:00:17,622 1 INFO odoo_ci_test odoo.modules.loading: loading resource/security/resource_security.xml 
2026-04-08 14:00:17,643 1 INFO odoo_ci_test odoo.modules.loading: loading resource/views/resource_resource_views.xml 
2026-04-08 14:00:17,665 1 INFO odoo_ci_test odoo.modules.loading: loading resource/views/resource_calendar_leaves_views.xml 
2026-04-08 14:00:17,690 1 INFO odoo_ci_test odoo.modules.loading: loading resource/views/resource_calendar_attendance_views.xml 
2026-04-08 14:00:17,700 1 INFO odoo_ci_test odoo.modules.loading: loading resource/views/resource_calendar_views.xml 
2026-04-08 14:00:17,721 1 INFO odoo_ci_test odoo.modules.loading: loading resource/views/menuitems.xml 
2026-04-08 14:00:17,744 1 INFO odoo_ci_test odoo.modules.loading: Module resource loaded in 0.27s, 414 queries (+414 other) 
2026-04-08 14:00:17,745 1 INFO odoo_ci_test odoo.modules.loading: Loading module utm (13/48) 
2026-04-08 14:00:17,751 1 INFO odoo_ci_test odoo.registry: module utm: creating or updating database tables 
2026-04-08 14:00:17,838 1 INFO odoo_ci_test odoo.modules.loading: loading utm/data/utm_medium_data.xml 
2026-04-08 14:00:17,856 1 INFO odoo_ci_test odoo.modules.loading: loading utm/data/utm_source_data.xml 
2026-04-08 14:00:17,872 1 INFO odoo_ci_test odoo.modules.loading: loading utm/data/utm_stage_data.xml 
2026-04-08 14:00:17,875 1 INFO odoo_ci_test odoo.modules.loading: loading utm/data/utm_tag_data.xml 
2026-04-08 14:00:17,878 1 INFO odoo_ci_test odoo.modules.loading: loading utm/views/utm_campaign_views.xml 
2026-04-08 14:00:17,904 1 INFO odoo_ci_test odoo.modules.loading: loading utm/views/utm_medium_views.xml 
2026-04-08 14:00:17,918 1 INFO odoo_ci_test odoo.modules.loading: loading utm/views/utm_source_views.xml 
2026-04-08 14:00:17,929 1 INFO odoo_ci_test odoo.modules.loading: loading utm/views/utm_stage_views.xml 
2026-04-08 14:00:17,943 1 INFO odoo_ci_test odoo.modules.loading: loading utm/views/utm_tag_views.xml 
2026-04-08 14:00:17,951 1 INFO odoo_ci_test odoo.modules.loading: loading utm/views/utm_menus.xml 
2026-04-08 14:00:17,970 1 INFO odoo_ci_test odoo.modules.loading: loading utm/security/ir.model.access.csv 
2026-04-08 14:00:17,991 1 INFO odoo_ci_test odoo.modules.loading: Module utm loaded in 0.25s, 410 queries (+410 other) 
2026-04-08 14:00:17,991 1 INFO odoo_ci_test odoo.modules.loading: Loading module web_tour (14/48) 
2026-04-08 14:00:17,999 1 INFO odoo_ci_test odoo.registry: module web_tour: creating or updating database tables 
2026-04-08 14:00:18,003 1 INFO odoo_ci_test odoo.models: Prepare computation of res.users.tour_enabled 
2026-04-08 14:00:18,068 1 INFO odoo_ci_test odoo.modules.loading: loading web_tour/security/ir.model.access.csv 
2026-04-08 14:00:18,075 1 INFO odoo_ci_test odoo.modules.loading: loading web_tour/views/tour_views.xml 
2026-04-08 14:00:18,113 1 INFO odoo_ci_test odoo.modules.loading: Module web_tour loaded in 0.12s, 180 queries (+180 other) 
2026-04-08 14:00:18,113 1 INFO odoo_ci_test odoo.modules.loading: Loading module auth_passkey (15/48) 
2026-04-08 14:00:18,146 1 INFO odoo_ci_test odoo.registry: module auth_passkey: creating or updating database tables 
2026-04-08 14:00:18,204 1 INFO odoo_ci_test odoo.modules.loading: loading auth_passkey/views/auth_passkey_key_views.xml 
2026-04-08 14:00:18,224 1 INFO odoo_ci_test odoo.modules.loading: loading auth_passkey/views/auth_passkey_login_templates.xml 
2026-04-08 14:00:18,235 1 INFO odoo_ci_test odoo.modules.loading: loading auth_passkey/views/res_users_identitycheck_views.xml 
2026-04-08 14:00:18,244 1 INFO odoo_ci_test odoo.modules.loading: loading auth_passkey/views/res_users_views.xml 
2026-04-08 14:00:18,262 1 INFO odoo_ci_test odoo.modules.loading: loading auth_passkey/security/ir.model.access.csv 
2026-04-08 14:00:18,270 1 INFO odoo_ci_test odoo.modules.loading: loading auth_passkey/security/security.xml 
2026-04-08 14:00:18,293 1 INFO odoo_ci_test odoo.modules.loading: Module auth_passkey loaded in 0.18s, 218 queries (+218 other) 
2026-04-08 14:00:18,293 1 INFO odoo_ci_test odoo.modules.loading: Loading module google_recaptcha (16/48) 
2026-04-08 14:00:18,297 1 INFO odoo_ci_test odoo.registry: module google_recaptcha: creating or updating database tables 
2026-04-08 14:00:18,317 1 INFO odoo_ci_test odoo.modules.loading: loading google_recaptcha/views/res_config_settings_view.xml 
2026-04-08 14:00:18,342 1 INFO odoo_ci_test odoo.modules.loading: Module google_recaptcha loaded in 0.05s, 64 queries (+64 other) 
2026-04-08 14:00:18,342 1 INFO odoo_ci_test odoo.modules.loading: Loading module html_editor (17/48) 
2026-04-08 14:00:18,502 1 INFO odoo_ci_test odoo.registry: module html_editor: creating or updating database tables 
2026-04-08 14:00:19,002 1 INFO odoo_ci_test odoo.modules.loading: loading html_editor/security/ir.model.access.csv 
2026-04-08 14:00:19,017 1 INFO odoo_ci_test odoo.modules.loading: Module html_editor loaded in 0.67s, 1110 queries (+1110 other) 
2026-04-08 14:00:19,017 1 INFO odoo_ci_test odoo.modules.loading: Loading module iap (18/48) 
2026-04-08 14:00:19,020 1 INFO odoo_ci_test odoo.registry: module iap: creating or updating database tables 
2026-04-08 14:00:19,074 1 INFO odoo_ci_test odoo.modules.loading: loading iap/data/services.xml 
2026-04-08 14:00:19,078 1 INFO odoo_ci_test odoo.modules.loading: loading iap/security/ir.model.access.csv 
2026-04-08 14:00:19,085 1 INFO odoo_ci_test odoo.modules.loading: loading iap/security/ir_rule.xml 
2026-04-08 14:00:19,091 1 INFO odoo_ci_test odoo.modules.loading: loading iap/views/iap_views.xml 
2026-04-08 14:00:19,113 1 INFO odoo_ci_test odoo.modules.loading: loading iap/views/res_config_settings.xml 
2026-04-08 14:00:19,135 1 INFO odoo_ci_test odoo.modules.loading: Module iap loaded in 0.12s, 184 queries (+184 other) 
2026-04-08 14:00:19,135 1 INFO odoo_ci_test odoo.modules.loading: Loading module mail (19/48) 
2026-04-08 14:00:19,202 1 INFO odoo_ci_test odoo.registry: module mail: creating or updating database tables 
2026-04-08 14:00:19,365 1 INFO odoo_ci_test odoo.models: Prepare computation of ir.actions.server.partner_ids 
2026-04-08 14:00:19,365 1 INFO odoo_ci_test odoo.models: Prepare computation of ir.actions.server.activity_user_id 
2026-04-08 14:00:19,366 1 INFO odoo_ci_test odoo.models: Prepare computation of ir.actions.server.activity_type_id 
2026-04-08 14:00:19,366 1 INFO odoo_ci_test odoo.models: Prepare computation of ir.actions.server.template_id 
2026-04-08 14:00:19,366 1 INFO odoo_ci_test odoo.models: Prepare computation of ir.actions.server.activity_date_deadline_range 
2026-04-08 14:00:19,366 1 INFO odoo_ci_test odoo.models: Prepare computation of ir.actions.server.activity_summary 
2026-04-08 14:00:19,366 1 INFO odoo_ci_test odoo.models: Prepare computation of ir.actions.server.followers_type 
2026-04-08 14:00:19,366 1 INFO odoo_ci_test odoo.models: Prepare computation of ir.actions.server.followers_partner_field_name 
2026-04-08 14:00:19,366 1 INFO odoo_ci_test odoo.models: Prepare computation of ir.actions.server.mail_post_method 
2026-04-08 14:00:19,366 1 INFO odoo_ci_test odoo.models: Prepare computation of ir.actions.server.activity_date_deadline_range_type 
2026-04-08 14:00:19,366 1 INFO odoo_ci_test odoo.models: Prepare computation of ir.actions.server.activity_user_type 
2026-04-08 14:00:19,366 1 INFO odoo_ci_test odoo.models: Prepare computation of ir.actions.server.activity_user_field_name 
2026-04-08 14:00:19,366 1 INFO odoo_ci_test odoo.models: Prepare computation of ir.actions.server.activity_note 
2026-04-08 14:00:19,366 1 INFO odoo_ci_test odoo.models: Prepare computation of ir.actions.server.mail_post_autofollow 
2026-04-08 14:00:19,424 1 INFO odoo_ci_test odoo.models: Prepare computation of res.users.notification_type 
2026-04-08 14:00:19,475 1 INFO odoo_ci_test odoo.models: Prepare computation of res.partner.email_normalized 
<string>:38: (ERROR/3) Unexpected indentation.
<string>:43: (WARNING/2) Block quote ends without a blank line; unexpected unindent.
2026-04-08 14:00:20,768 1 INFO odoo_ci_test odoo.modules.loading: loading mail/data/mail_groups.xml 
2026-04-08 14:00:20,789 1 INFO odoo_ci_test odoo.modules.loading: loading mail/wizard/mail_activity_schedule_views.xml 
2026-04-08 14:00:20,800 1 INFO odoo_ci_test odoo.modules.loading: loading mail/wizard/mail_blacklist_remove_views.xml 
2026-04-08 14:00:20,806 1 INFO odoo_ci_test odoo.modules.loading: loading mail/wizard/mail_compose_message_views.xml 
2026-04-08 14:00:20,824 1 INFO odoo_ci_test odoo.modules.loading: loading mail/wizard/mail_template_preview_views.xml 
2026-04-08 14:00:20,833 1 INFO odoo_ci_test odoo.modules.loading: loading mail/wizard/mail_followers_edit_views.xml 
2026-04-08 14:00:20,845 1 INFO odoo_ci_test odoo.modules.loading: loading mail/wizard/mail_template_reset_views.xml 
2026-04-08 14:00:20,853 1 INFO odoo_ci_test odoo.modules.loading: loading mail/views/fetchmail_views.xml 
2026-04-08 14:00:20,870 1 INFO odoo_ci_test odoo.modules.loading: loading mail/views/ir_cron_views.xml 
2026-04-08 14:00:20,881 1 INFO odoo_ci_test odoo.modules.loading: loading mail/views/ir_filters_views.xml 
2026-04-08 14:00:20,896 1 INFO odoo_ci_test odoo.modules.loading: loading mail/views/ir_mail_server_views.xml 
2026-04-08 14:00:20,905 1 INFO odoo_ci_test odoo.modules.loading: loading mail/views/mail_message_subtype_views.xml 
2026-04-08 14:00:20,919 1 INFO odoo_ci_test odoo.modules.loading: loading mail/views/mail_tracking_value_views.xml 
2026-04-08 14:00:20,931 1 INFO odoo_ci_test odoo.modules.loading: loading mail/views/mail_notification_views.xml 
2026-04-08 14:00:20,942 1 INFO odoo_ci_test odoo.modules.loading: loading mail/views/mail_message_views.xml 
2026-04-08 14:00:20,969 1 INFO odoo_ci_test odoo.modules.loading: loading mail/views/mail_message_schedule_views.xml 
2026-04-08 14:00:20,983 1 INFO odoo_ci_test odoo.modules.loading: loading mail/views/mail_mail_views.xml 
2026-04-08 14:00:21,006 1 INFO odoo_ci_test odoo.modules.loading: loading mail/views/mail_followers_views.xml 
2026-04-08 14:00:21,018 1 INFO odoo_ci_test odoo.modules.loading: loading mail/views/mail_ice_server_views.xml 
2026-04-08 14:00:21,037 1 INFO odoo_ci_test odoo.modules.loading: loading mail/views/discuss_channel_member_views.xml 
2026-04-08 14:00:21,050 1 INFO odoo_ci_test odoo.modules.loading: loading mail/views/discuss_channel_rtc_session_views.xml 
2026-04-08 14:00:21,066 1 INFO odoo_ci_test odoo.modules.loading: loading mail/views/mail_link_preview_views.xml 
2026-04-08 14:00:21,083 1 INFO odoo_ci_test odoo.modules.loading: loading mail/views/discuss/discuss_gif_favorite_views.xml 
2026-04-08 14:00:21,094 1 INFO odoo_ci_test odoo.modules.loading: loading mail/views/discuss_channel_views.xml 
2026-04-08 14:00:21,125 1 INFO odoo_ci_test odoo.modules.loading: loading mail/views/mail_canned_response_views.xml 
2026-04-08 14:00:21,148 1 INFO odoo_ci_test odoo.modules.loading: loading mail/views/res_role_views.xml 
2026-04-08 14:00:21,163 1 INFO odoo_ci_test odoo.modules.loading: loading mail/views/mail_activity_views.xml 
2026-04-08 14:00:21,254 1 INFO odoo_ci_test odoo.modules.loading: loading mail/views/mail_activity_plan_views.xml 
2026-04-08 14:00:21,291 1 INFO odoo_ci_test odoo.modules.loading: loading mail/views/mail_activity_plan_template_views.xml 
2026-04-08 14:00:21,301 1 INFO odoo_ci_test odoo.modules.loading: loading mail/views/res_config_settings_views.xml 
2026-04-08 14:00:21,324 1 INFO odoo_ci_test odoo.modules.loading: loading mail/data/ir_config_parameter_data.xml 
2026-04-08 14:00:21,329 1 INFO odoo_ci_test odoo.modules.loading: loading mail/data/res_partner_data.xml 
2026-04-08 14:00:21,390 1 INFO odoo_ci_test odoo.modules.loading: loading mail/data/mail_message_subtype_data.xml 
2026-04-08 14:00:21,397 1 INFO odoo_ci_test odoo.modules.loading: loading mail/data/mail_templates_chatter.xml 
2026-04-08 14:00:21,413 1 INFO odoo_ci_test odoo.modules.loading: loading mail/data/mail_templates_email_layouts.xml 
2026-04-08 14:00:21,431 1 INFO odoo_ci_test odoo.modules.loading: loading mail/data/mail_templates_mailgateway.xml 
2026-04-08 14:00:21,447 1 INFO odoo_ci_test odoo.modules.loading: loading mail/data/discuss_channel_data.xml 
2026-04-08 14:00:21,481 1 INFO odoo_ci_test odoo.modules.loading: loading mail/data/mail_activity_type_data.xml 
2026-04-08 14:00:21,492 1 INFO odoo_ci_test odoo.modules.loading: loading mail/data/security_notifications_templates.xml 
2026-04-08 14:00:21,497 1 INFO odoo_ci_test odoo.modules.loading: loading mail/data/ir_cron_data.xml 
2026-04-08 14:00:21,592 1 INFO odoo_ci_test odoo.modules.loading: loading mail/data/ir_actions_client.xml 
2026-04-08 14:00:21,597 1 INFO odoo_ci_test odoo.modules.loading: loading mail/security/mail_security.xml 
2026-04-08 14:00:21,738 1 INFO odoo_ci_test odoo.modules.loading: loading mail/security/ir.model.access.csv 
2026-04-08 14:00:21,779 1 INFO odoo_ci_test odoo.modules.loading: loading mail/views/discuss_public_templates.xml 
2026-04-08 14:00:21,785 1 INFO odoo_ci_test odoo.modules.loading: loading mail/views/mail_alias_domain_views.xml 
2026-04-08 14:00:21,801 1 INFO odoo_ci_test odoo.modules.loading: loading mail/views/mail_alias_views.xml 
2026-04-08 14:00:21,820 1 INFO odoo_ci_test odoo.modules.loading: loading mail/views/mail_gateway_allowed_views.xml 
2026-04-08 14:00:21,831 1 INFO odoo_ci_test odoo.modules.loading: loading mail/views/mail_guest_views.xml 
2026-04-08 14:00:21,844 1 INFO odoo_ci_test odoo.modules.loading: loading mail/views/mail_message_reaction_views.xml 
2026-04-08 14:00:21,856 1 INFO odoo_ci_test odoo.modules.loading: loading mail/views/mail_templates_public.xml 
2026-04-08 14:00:21,864 1 INFO odoo_ci_test odoo.modules.loading: loading mail/views/res_users_views.xml 
2026-04-08 14:00:21,889 1 INFO odoo_ci_test odoo.modules.loading: loading mail/views/res_users_settings_views.xml 
2026-04-08 14:00:21,903 1 INFO odoo_ci_test odoo.modules.loading: loading mail/views/mail_template_views.xml 
2026-04-08 14:00:21,924 1 INFO odoo_ci_test odoo.modules.loading: loading mail/views/ir_actions_server_views.xml 
2026-04-08 14:00:21,940 1 INFO odoo_ci_test odoo.modules.loading: loading mail/views/ir_model_views.xml 
2026-04-08 14:00:21,970 1 INFO odoo_ci_test odoo.modules.loading: loading mail/views/res_partner_views.xml 
2026-04-08 14:00:22,013 1 INFO odoo_ci_test odoo.modules.loading: loading mail/views/mail_blacklist_views.xml 
2026-04-08 14:00:22,029 1 INFO odoo_ci_test odoo.modules.loading: loading mail/views/mail_menus.xml 
2026-04-08 14:00:22,147 1 INFO odoo_ci_test odoo.modules.loading: loading mail/views/discuss/discuss_menus.xml 
2026-04-08 14:00:22,151 1 INFO odoo_ci_test odoo.modules.loading: loading mail/views/discuss/discuss_call_history_views.xml 
2026-04-08 14:00:22,166 1 INFO odoo_ci_test odoo.modules.loading: loading mail/views/res_company_views.xml 
2026-04-08 14:00:22,177 1 INFO odoo_ci_test odoo.modules.loading: loading mail/views/mail_scheduled_message_views.xml 
2026-04-08 14:00:22,185 1 INFO odoo_ci_test odoo.modules.loading: loading mail/data/mail_canned_response_data.xml 
2026-04-08 14:00:22,193 1 INFO odoo_ci_test odoo.modules.loading: loading mail/data/mail_templates_invite.xml 
2026-04-08 14:00:22,207 1 INFO odoo_ci_test odoo.modules.loading: loading mail/data/web_tour_tour.xml 
2026-04-08 14:00:22,285 1 INFO odoo_ci_test odoo.modules.loading: Module mail loaded in 3.15s, 5056 queries (+5057 other) 
2026-04-08 14:00:22,285 1 INFO odoo_ci_test odoo.modules.loading: Loading module web_unsplash (20/48) 
2026-04-08 14:00:22,298 1 INFO odoo_ci_test odoo.registry: module web_unsplash: creating or updating database tables 
2026-04-08 14:00:22,345 1 INFO odoo_ci_test odoo.modules.loading: loading web_unsplash/views/res_config_settings_view.xml 
2026-04-08 14:00:22,381 1 INFO odoo_ci_test odoo.modules.loading: Module web_unsplash loaded in 0.10s, 112 queries (+112 other) 
2026-04-08 14:00:22,381 1 INFO odoo_ci_test odoo.modules.loading: Loading module auth_signup (21/48) 
2026-04-08 14:00:22,395 1 INFO odoo_ci_test odoo.registry: module auth_signup: creating or updating database tables 
2026-04-08 14:00:22,461 1 INFO odoo_ci_test odoo.modules.loading: loading auth_signup/data/ir_config_parameter_data.xml 
2026-04-08 14:00:22,466 1 INFO odoo_ci_test odoo.modules.loading: loading auth_signup/data/ir_cron_data.xml 
2026-04-08 14:00:22,488 1 INFO odoo_ci_test odoo.modules.loading: loading auth_signup/data/mail_template_data.xml 
2026-04-08 14:00:22,568 1 INFO odoo_ci_test odoo.modules.loading: loading auth_signup/views/res_config_settings_views.xml 
2026-04-08 14:00:22,584 1 INFO odoo_ci_test odoo.modules.loading: loading auth_signup/views/res_users_views.xml 
2026-04-08 14:00:22,611 1 INFO odoo_ci_test odoo.modules.loading: loading auth_signup/views/auth_signup_login_templates.xml 
2026-04-08 14:00:22,632 1 INFO odoo_ci_test odoo.modules.loading: loading auth_signup/views/auth_signup_templates_email.xml 
2026-04-08 14:00:22,638 1 INFO odoo_ci_test odoo.modules.loading: loading auth_signup/views/webclient_templates.xml 
2026-04-08 14:00:22,690 1 INFO odoo_ci_test odoo.modules.loading: Module auth_signup loaded in 0.31s, 255 queries (+255 other) 
2026-04-08 14:00:22,690 1 INFO odoo_ci_test odoo.modules.loading: Loading module auth_totp_mail (22/48) 
2026-04-08 14:00:22,702 1 INFO odoo_ci_test odoo.registry: module auth_totp_mail: creating or updating database tables 
2026-04-08 14:00:22,743 1 INFO odoo_ci_test odoo.modules.loading: loading auth_totp_mail/data/ir_action_data.xml 
2026-04-08 14:00:22,767 1 INFO odoo_ci_test odoo.modules.loading: loading auth_totp_mail/data/mail_template_data.xml 
2026-04-08 14:00:22,804 1 INFO odoo_ci_test odoo.modules.loading: loading auth_totp_mail/data/security_notifications_template.xml 
2026-04-08 14:00:22,812 1 INFO odoo_ci_test odoo.modules.loading: loading auth_totp_mail/views/res_config_settings_views.xml 
2026-04-08 14:00:22,829 1 INFO odoo_ci_test odoo.modules.loading: loading auth_totp_mail/views/res_users_views.xml 
2026-04-08 14:00:22,849 1 INFO odoo_ci_test odoo.modules.loading: loading auth_totp_mail/views/templates.xml 
2026-04-08 14:00:22,876 1 INFO odoo_ci_test odoo.modules.loading: Module auth_totp_mail loaded in 0.19s, 189 queries (+189 other) 
2026-04-08 14:00:22,876 1 INFO odoo_ci_test odoo.modules.loading: Loading module base_install_request (23/48) 
2026-04-08 14:00:22,882 1 INFO odoo_ci_test odoo.registry: module base_install_request: creating or updating database tables 
2026-04-08 14:00:22,936 1 INFO odoo_ci_test odoo.modules.loading: loading base_install_request/security/ir.model.access.csv 
2026-04-08 14:00:22,945 1 INFO odoo_ci_test odoo.modules.loading: loading base_install_request/wizard/base_module_install_request_views.xml 
2026-04-08 14:00:22,962 1 INFO odoo_ci_test odoo.modules.loading: loading base_install_request/data/mail_template_data.xml 
2026-04-08 14:00:22,968 1 INFO odoo_ci_test odoo.modules.loading: loading base_install_request/data/mail_templates_module_install.xml 
2026-04-08 14:00:22,973 1 INFO odoo_ci_test odoo.modules.loading: loading base_install_request/views/ir_module_module_views.xml 
2026-04-08 14:00:22,995 1 INFO odoo_ci_test odoo.modules.loading: Module base_install_request loaded in 0.12s, 154 queries (+154 other) 
2026-04-08 14:00:22,995 1 INFO odoo_ci_test odoo.modules.loading: Loading module google_gmail (24/48) 
2026-04-08 14:00:23,009 1 INFO odoo_ci_test odoo.registry: module google_gmail: creating or updating database tables 
2026-04-08 14:00:23,064 1 INFO odoo_ci_test odoo.modules.loading: loading google_gmail/views/fetchmail_server_views.xml 
2026-04-08 14:00:23,079 1 INFO odoo_ci_test odoo.modules.loading: loading google_gmail/views/ir_mail_server_views.xml 
2026-04-08 14:00:23,090 1 INFO odoo_ci_test odoo.modules.loading: loading google_gmail/views/res_config_settings_views.xml 
2026-04-08 14:00:23,112 1 INFO odoo_ci_test odoo.modules.loading: loading google_gmail/views/templates.xml 
2026-04-08 14:00:23,124 1 INFO odoo_ci_test odoo.modules.loading: Module google_gmail loaded in 0.13s, 155 queries (+155 other) 
2026-04-08 14:00:23,124 1 INFO odoo_ci_test odoo.modules.loading: Loading module html_builder (25/48) 
2026-04-08 14:00:23,147 1 INFO odoo_ci_test odoo.modules.loading: Module html_builder loaded in 0.02s, 10 queries (+10 other) 
2026-04-08 14:00:23,147 1 INFO odoo_ci_test odoo.modules.loading: Loading module iap_mail (26/48) 
2026-04-08 14:00:23,152 1 INFO odoo_ci_test odoo.registry: module iap_mail: creating or updating database tables 
2026-04-08 14:00:23,181 1 INFO odoo_ci_test odoo.modules.loading: loading iap_mail/data/mail_templates.xml 
2026-04-08 14:00:23,195 1 INFO odoo_ci_test odoo.modules.loading: loading iap_mail/views/iap_views.xml 
2026-04-08 14:00:23,214 1 INFO odoo_ci_test odoo.modules.loading: Module iap_mail loaded in 0.07s, 70 queries (+70 other) 
2026-04-08 14:00:23,214 1 INFO odoo_ci_test odoo.modules.loading: Loading module mail_bot (27/48) 
2026-04-08 14:00:23,226 1 INFO odoo_ci_test odoo.registry: module mail_bot: creating or updating database tables 
2026-04-08 14:00:23,270 1 INFO odoo_ci_test odoo.modules.loading: loading mail_bot/views/res_users_views.xml 
2026-04-08 14:00:23,290 1 INFO odoo_ci_test odoo.modules.loading: loading mail_bot/data/mailbot_data.xml 
2026-04-08 14:00:23,302 1 INFO odoo_ci_test odoo.modules.loading: Module mail_bot loaded in 0.09s, 109 queries (+109 other) 
2026-04-08 14:00:23,302 1 INFO odoo_ci_test odoo.modules.loading: Loading module microsoft_outlook (28/48) 
2026-04-08 14:00:23,315 1 INFO odoo_ci_test odoo.registry: module microsoft_outlook: creating or updating database tables 
2026-04-08 14:00:23,377 1 INFO odoo_ci_test odoo.modules.loading: loading microsoft_outlook/views/fetchmail_server_views.xml 
2026-04-08 14:00:23,393 1 INFO odoo_ci_test odoo.modules.loading: loading microsoft_outlook/views/ir_mail_server_views.xml 
2026-04-08 14:00:23,405 1 INFO odoo_ci_test odoo.modules.loading: loading microsoft_outlook/views/res_config_settings_views.xml 
2026-04-08 14:00:23,426 1 INFO odoo_ci_test odoo.modules.loading: loading microsoft_outlook/views/templates.xml 
2026-04-08 14:00:23,439 1 INFO odoo_ci_test odoo.modules.loading: Module microsoft_outlook loaded in 0.14s, 158 queries (+158 other) 
2026-04-08 14:00:23,439 1 INFO odoo_ci_test odoo.modules.loading: Loading module phone_validation (29/48) 
2026-04-08 14:00:23,534 1 INFO odoo_ci_test odoo.registry: module phone_validation: creating or updating database tables 
2026-04-08 14:00:23,546 1 INFO odoo_ci_test odoo.models: Prepare computation of res.partner.phone_sanitized 
2026-04-08 14:00:24,270 1 INFO odoo_ci_test odoo.modules.loading: loading phone_validation/security/ir.model.access.csv 
2026-04-08 14:00:24,277 1 INFO odoo_ci_test odoo.modules.loading: loading phone_validation/views/phone_blacklist_views.xml 
2026-04-08 14:00:24,303 1 INFO odoo_ci_test odoo.modules.loading: loading phone_validation/views/res_partner_views.xml 
2026-04-08 14:00:24,314 1 INFO odoo_ci_test odoo.modules.loading: loading phone_validation/wizard/phone_blacklist_remove_view.xml 
2026-04-08 14:00:24,330 1 INFO odoo_ci_test odoo.modules.loading: Module phone_validation loaded in 0.89s, 1703 queries (+1703 other) 
2026-04-08 14:00:24,330 1 INFO odoo_ci_test odoo.modules.loading: Loading module privacy_lookup (30/48) 
2026-04-08 14:00:24,344 1 INFO odoo_ci_test odoo.registry: module privacy_lookup: creating or updating database tables 
2026-04-08 14:00:24,440 1 INFO odoo_ci_test odoo.modules.loading: loading privacy_lookup/wizard/privacy_lookup_wizard_views.xml 
2026-04-08 14:00:24,488 1 INFO odoo_ci_test odoo.modules.loading: loading privacy_lookup/views/privacy_log_views.xml 
2026-04-08 14:00:24,507 1 INFO odoo_ci_test odoo.modules.loading: loading privacy_lookup/security/ir.model.access.csv 
2026-04-08 14:00:24,522 1 INFO odoo_ci_test odoo.modules.loading: loading privacy_lookup/data/ir_actions_server_data.xml 
2026-04-08 14:00:24,559 1 INFO odoo_ci_test odoo.modules.loading: Module privacy_lookup loaded in 0.23s, 293 queries (+293 other) 
2026-04-08 14:00:24,559 1 INFO odoo_ci_test odoo.modules.loading: Loading module resource_mail (31/48) 
2026-04-08 14:00:24,565 1 INFO odoo_ci_test odoo.registry: module resource_mail: creating or updating database tables 
2026-04-08 14:00:24,599 1 INFO odoo_ci_test odoo.modules.loading: Module resource_mail loaded in 0.04s, 36 queries (+36 other) 
2026-04-08 14:00:24,599 1 INFO odoo_ci_test odoo.modules.loading: Loading module sports_federation_base (32/48) 
2026-04-08 14:00:24,607 1 INFO odoo_ci_test odoo.registry: module sports_federation_base: creating or updating database tables 
<string>:26: (WARNING/2) Line block ends without a blank line.
<string>:44: (WARNING/2) Line block ends without a blank line.
<string>:58: (WARNING/2) Line block ends without a blank line.
<string>:72: (WARNING/2) Line block ends without a blank line.
<string>:85: (WARNING/2) Line block ends without a blank line.
<string>:26: (ERROR/3) Undefined substitution referenced: "-------".
<string>:26: (ERROR/3) Undefined substitution referenced: "-------------".
<string>:44: (ERROR/3) Undefined substitution referenced: "-------".
<string>:44: (ERROR/3) Undefined substitution referenced: "-------------".
<string>:58: (ERROR/3) Undefined substitution referenced: "-------".
<string>:58: (ERROR/3) Undefined substitution referenced: "-------------".
<string>:72: (ERROR/3) Undefined substitution referenced: "-------".
<string>:72: (ERROR/3) Undefined substitution referenced: "-------------".
<string>:85: (ERROR/3) Undefined substitution referenced: "-------".
<string>:85: (ERROR/3) Undefined substitution referenced: "-------------".
2026-04-08 14:00:24,724 1 INFO odoo_ci_test odoo.modules.loading: loading sports_federation_base/security/res_groups.xml 
2026-04-08 14:00:24,747 1 INFO odoo_ci_test odoo.modules.loading: loading sports_federation_base/security/ir.model.access.csv 
2026-04-08 14:00:24,764 1 INFO odoo_ci_test odoo.modules.loading: loading sports_federation_base/data/ir_sequence.xml 
2026-04-08 14:00:24,768 1 INFO odoo_ci_test odoo.modules.loading: loading sports_federation_base/views/federation_season_registration_views.xml 
2026-04-08 14:00:24,784 1 INFO odoo_ci_test odoo.modules.loading: loading sports_federation_base/views/federation_season_views.xml 
2026-04-08 14:00:24,803 1 INFO odoo_ci_test odoo.modules.loading: loading sports_federation_base/views/federation_team_views.xml 
2026-04-08 14:00:24,819 1 INFO odoo_ci_test odoo.modules.loading: loading sports_federation_base/views/federation_club_views.xml 
2026-04-08 14:00:24,836 1 INFO odoo_ci_test odoo.modules.loading: loading sports_federation_base/views/menu_items.xml 
2026-04-08 14:00:24,864 1 INFO odoo_ci_test odoo.modules.loading: Module sports_federation_base loaded in 0.26s, 327 queries (+327 other) 
2026-04-08 14:00:24,864 1 INFO odoo_ci_test odoo.modules.loading: Loading module partner_autocomplete (33/48) 
2026-04-08 14:00:24,883 1 INFO odoo_ci_test odoo.registry: module partner_autocomplete: creating or updating database tables 
2026-04-08 14:00:24,955 1 INFO odoo_ci_test odoo.modules.loading: loading partner_autocomplete/views/res_company_views.xml 
2026-04-08 14:00:24,970 1 INFO odoo_ci_test odoo.modules.loading: loading partner_autocomplete/views/res_config_settings_views.xml 
2026-04-08 14:00:24,984 1 INFO odoo_ci_test odoo.modules.loading: loading partner_autocomplete/data/iap_service_data.xml 
2026-04-08 14:00:24,994 1 INFO odoo_ci_test odoo.modules.loading: Module partner_autocomplete loaded in 0.13s, 141 queries (+141 other) 
2026-04-08 14:00:24,994 1 INFO odoo_ci_test odoo.modules.loading: Loading module portal (34/48) 
2026-04-08 14:00:25,028 1 INFO odoo_ci_test odoo.registry: module portal: creating or updating database tables 
2026-04-08 14:00:25,216 1 INFO odoo_ci_test odoo.modules.loading: loading portal/security/ir.model.access.csv 
2026-04-08 14:00:25,223 1 INFO odoo_ci_test odoo.modules.loading: loading portal/data/mail_templates.xml 
2026-04-08 14:00:25,228 1 INFO odoo_ci_test odoo.modules.loading: loading portal/views/address_templates.xml 
2026-04-08 14:00:25,266 1 INFO odoo_ci_test odoo.modules.loading: loading portal/views/mail_templates_public.xml 
2026-04-08 14:00:25,273 1 INFO odoo_ci_test odoo.modules.loading: loading portal/views/portal_templates.xml 
2026-04-08 14:00:25,369 1 INFO odoo_ci_test odoo.modules.loading: loading portal/views/res_config_settings_views.xml 
2026-04-08 14:00:25,390 1 INFO odoo_ci_test odoo.modules.loading: loading portal/wizard/portal_share_views.xml 
2026-04-08 14:00:25,399 1 INFO odoo_ci_test odoo.modules.loading: loading portal/wizard/portal_wizard_views.xml 
2026-04-08 14:00:25,445 1 INFO odoo_ci_test odoo.modules.loading: Module portal loaded in 0.45s, 583 queries (+583 other) 
2026-04-08 14:00:25,445 1 INFO odoo_ci_test odoo.modules.loading: Loading module sms (35/48) 
2026-04-08 14:00:25,535 1 INFO odoo_ci_test odoo.registry: module sms: creating or updating database tables 
2026-04-08 14:00:25,544 1 INFO odoo_ci_test odoo.models: Prepare computation of ir.actions.server.sms_template_id 
2026-04-08 14:00:25,544 1 INFO odoo_ci_test odoo.models: Prepare computation of ir.actions.server.sms_method 
2026-04-08 14:00:26,434 1 INFO odoo_ci_test odoo.modules.loading: loading sms/data/iap_service_data.xml 
2026-04-08 14:00:26,438 1 INFO odoo_ci_test odoo.modules.loading: loading sms/data/ir_cron_data.xml 
2026-04-08 14:00:26,460 1 INFO odoo_ci_test odoo.modules.loading: loading sms/wizard/sms_account_code_views.xml 
2026-04-08 14:00:26,471 1 INFO odoo_ci_test odoo.modules.loading: loading sms/wizard/sms_account_phone_views.xml 
2026-04-08 14:00:26,476 1 INFO odoo_ci_test odoo.modules.loading: loading sms/wizard/sms_account_sender_views.xml 
2026-04-08 14:00:26,482 1 INFO odoo_ci_test odoo.modules.loading: loading sms/wizard/sms_composer_views.xml 
2026-04-08 14:00:26,493 1 INFO odoo_ci_test odoo.modules.loading: loading sms/wizard/sms_template_preview_views.xml 
2026-04-08 14:00:26,501 1 INFO odoo_ci_test odoo.modules.loading: loading sms/wizard/sms_template_reset_views.xml 
2026-04-08 14:00:26,510 1 INFO odoo_ci_test odoo.modules.loading: loading sms/views/ir_actions_server_views.xml 
2026-04-08 14:00:26,525 1 INFO odoo_ci_test odoo.modules.loading: loading sms/views/mail_notification_views.xml 
2026-04-08 14:00:26,538 1 INFO odoo_ci_test odoo.modules.loading: loading sms/views/res_config_settings_views.xml 
2026-04-08 14:00:26,553 1 INFO odoo_ci_test odoo.modules.loading: loading sms/views/res_partner_views.xml 
2026-04-08 14:00:26,569 1 INFO odoo_ci_test odoo.modules.loading: loading sms/views/iap_account_views.xml 
2026-04-08 14:00:26,581 1 INFO odoo_ci_test odoo.modules.loading: loading sms/views/sms_sms_views.xml 
2026-04-08 14:00:26,609 1 INFO odoo_ci_test odoo.modules.loading: loading sms/views/sms_template_views.xml 
2026-04-08 14:00:26,629 1 INFO odoo_ci_test odoo.modules.loading: loading sms/security/ir.model.access.csv 
2026-04-08 14:00:26,649 1 INFO odoo_ci_test odoo.modules.loading: loading sms/security/sms_security.xml 
2026-04-08 14:00:26,672 1 INFO odoo_ci_test odoo.modules.loading: Module sms loaded in 1.23s, 2173 queries (+2173 other) 
2026-04-08 14:00:26,672 1 INFO odoo_ci_test odoo.modules.loading: Loading module snailmail (36/48) 
2026-04-08 14:00:26,782 1 INFO odoo_ci_test odoo.registry: module snailmail: creating or updating database tables 
2026-04-08 14:00:26,978 1 INFO odoo_ci_test odoo.modules.loading: loading snailmail/data/iap_service_data.xml 
2026-04-08 14:00:26,982 1 INFO odoo_ci_test odoo.modules.loading: loading snailmail/data/snailmail_data.xml 
2026-04-08 14:00:27,005 1 INFO odoo_ci_test odoo.modules.loading: loading snailmail/views/report_assets.xml 
2026-04-08 14:00:27,017 1 INFO odoo_ci_test odoo.modules.loading: loading snailmail/views/snailmail_views.xml 
2026-04-08 14:00:27,036 1 INFO odoo_ci_test odoo.modules.loading: loading snailmail/security/ir.model.access.csv 
2026-04-08 14:00:27,059 1 INFO odoo_ci_test odoo.modules.loading: Module snailmail loaded in 0.39s, 449 queries (+449 other) 
2026-04-08 14:00:27,059 1 INFO odoo_ci_test odoo.modules.loading: Loading module sports_federation_rules (37/48) 
2026-04-08 14:00:27,068 1 INFO odoo_ci_test odoo.registry: module sports_federation_rules: creating or updating database tables 
<string>:17: (WARNING/2) Line block ends without a blank line.
<string>:28: (WARNING/2) Line block ends without a blank line.
<string>:45: (WARNING/2) Line block ends without a blank line.
<string>:57: (WARNING/2) Line block ends without a blank line.
<string>:69: (WARNING/2) Line block ends without a blank line.
<string>:83: (WARNING/2) Line block ends without a blank line.
<string>:17: (ERROR/3) Undefined substitution referenced: "--------".
<string>:28: (ERROR/3) Undefined substitution referenced: "-------".
<string>:28: (ERROR/3) Undefined substitution referenced: "-------------".
<string>:45: (ERROR/3) Undefined substitution referenced: "-------".
<string>:45: (ERROR/3) Undefined substitution referenced: "-------------".
<string>:57: (ERROR/3) Undefined substitution referenced: "-------".
<string>:57: (ERROR/3) Undefined substitution referenced: "-------------".
<string>:69: (ERROR/3) Undefined substitution referenced: "-------".
<string>:69: (ERROR/3) Undefined substitution referenced: "-------------".
<string>:83: (ERROR/3) Undefined substitution referenced: "-------".
<string>:83: (ERROR/3) Undefined substitution referenced: "-------------".
2026-04-08 14:00:27,186 1 INFO odoo_ci_test odoo.modules.loading: loading sports_federation_rules/security/ir.model.access.csv 
2026-04-08 14:00:27,196 1 INFO odoo_ci_test odoo.modules.loading: loading sports_federation_rules/views/federation_rule_set_views.xml 
2026-04-08 14:00:27,221 1 INFO odoo_ci_test odoo.modules.loading: loading sports_federation_rules/views/federation_points_rule_views.xml 
2026-04-08 14:00:27,231 1 INFO odoo_ci_test odoo.modules.loading: loading sports_federation_rules/views/federation_tie_break_rule_views.xml 
2026-04-08 14:00:27,241 1 INFO odoo_ci_test odoo.modules.loading: loading sports_federation_rules/views/federation_eligibility_rule_views.xml 
2026-04-08 14:00:27,251 1 INFO odoo_ci_test odoo.modules.loading: loading sports_federation_rules/views/federation_qualification_rule_views.xml 
2026-04-08 14:00:27,262 1 INFO odoo_ci_test odoo.modules.loading: loading sports_federation_rules/views/menu_items.xml 
2026-04-08 14:00:27,292 1 INFO odoo_ci_test odoo.modules.loading: Module sports_federation_rules loaded in 0.23s, 301 queries (+301 other) 
2026-04-08 14:00:27,292 1 INFO odoo_ci_test odoo.modules.loading: Loading module auth_passkey_portal (38/48) 
2026-04-08 14:00:27,301 1 INFO odoo_ci_test odoo.modules.loading: loading auth_passkey_portal/views/templates.xml 
2026-04-08 14:00:27,324 1 INFO odoo_ci_test odoo.modules.loading: Module auth_passkey_portal loaded in 0.03s, 22 queries (+22 other) 
2026-04-08 14:00:27,324 1 INFO odoo_ci_test odoo.modules.loading: Loading module auth_totp_portal (39/48) 
2026-04-08 14:00:27,333 1 INFO odoo_ci_test odoo.registry: module auth_totp_portal: creating or updating database tables 
2026-04-08 14:00:27,358 1 INFO odoo_ci_test odoo.modules.loading: loading auth_totp_portal/security/security.xml 
2026-04-08 14:00:27,372 1 INFO odoo_ci_test odoo.modules.loading: loading auth_totp_portal/views/templates.xml 
2026-04-08 14:00:27,389 1 INFO odoo_ci_test odoo.modules.loading: Module auth_totp_portal loaded in 0.06s, 70 queries (+70 other) 
2026-04-08 14:00:27,389 1 INFO odoo_ci_test odoo.modules.loading: Loading module digest (40/48) 
2026-04-08 14:00:27,402 1 INFO odoo_ci_test odoo.registry: module digest: creating or updating database tables 
2026-04-08 14:00:27,484 1 INFO odoo_ci_test odoo.modules.loading: loading digest/security/ir.model.access.csv 
2026-04-08 14:00:27,491 1 INFO odoo_ci_test odoo.modules.loading: loading digest/data/digest_data.xml 
2026-04-08 14:00:27,509 1 INFO odoo_ci_test odoo.modules.loading: loading digest/data/digest_tips_data.xml 
2026-04-08 14:00:27,524 1 INFO odoo_ci_test odoo.modules.loading: loading digest/data/ir_cron_data.xml 
2026-04-08 14:00:27,544 1 INFO odoo_ci_test odoo.modules.loading: loading digest/data/res_config_settings_data.xml 
2026-04-08 14:00:27,549 1 INFO odoo_ci_test odoo.modules.loading: loading digest/views/digest_views.xml 
2026-04-08 14:00:27,594 1 INFO odoo_ci_test odoo.modules.loading: loading digest/views/digest_templates.xml 
2026-04-08 14:00:27,599 1 INFO odoo_ci_test odoo.modules.loading: loading digest/views/res_config_settings_views.xml 
2026-04-08 14:00:27,635 1 INFO odoo_ci_test odoo.modules.loading: Module digest loaded in 0.25s, 326 queries (+326 other) 
2026-04-08 14:00:27,635 1 INFO odoo_ci_test odoo.modules.loading: Loading module sports_federation_tournament (41/48) 
2026-04-08 14:00:27,648 1 INFO odoo_ci_test odoo.registry: module sports_federation_tournament: creating or updating database tables 
<string>:17: (WARNING/2) Line block ends without a blank line.
<string>:29: (WARNING/2) Line block ends without a blank line.
<string>:41: (WARNING/2) Line block ends without a blank line.
<string>:62: (WARNING/2) Line block ends without a blank line.
<string>:76: (WARNING/2) Line block ends without a blank line.
<string>:90: (WARNING/2) Line block ends without a blank line.
<string>:105: (WARNING/2) Line block ends without a blank line.
<string>:17: (ERROR/3) Undefined substitution referenced: "--------".
<string>:29: (ERROR/3) Undefined substitution referenced: "-------".
<string>:29: (ERROR/3) Undefined substitution referenced: "-------------".
<string>:41: (ERROR/3) Undefined substitution referenced: "-------".
<string>:41: (ERROR/3) Undefined substitution referenced: "-------------".
<string>:62: (ERROR/3) Undefined substitution referenced: "-------".
<string>:62: (ERROR/3) Undefined substitution referenced: "-------------".
<string>:76: (ERROR/3) Undefined substitution referenced: "-------".
<string>:76: (ERROR/3) Undefined substitution referenced: "-------------".
<string>:90: (ERROR/3) Undefined substitution referenced: "-------".
<string>:90: (ERROR/3) Undefined substitution referenced: "-------------".
<string>:105: (ERROR/3) Undefined substitution referenced: "-------".
<string>:105: (ERROR/3) Undefined substitution referenced: "-------------".
2026-04-08 14:00:27,882 1 INFO odoo_ci_test odoo.modules.loading: loading sports_federation_tournament/security/ir.model.access.csv 
2026-04-08 14:00:27,894 1 INFO odoo_ci_test odoo.modules.loading: loading sports_federation_tournament/views/federation_tournament_participant_views.xml 
2026-04-08 14:00:27,914 1 INFO odoo_ci_test odoo.modules.loading: loading sports_federation_tournament/views/federation_match_views.xml 
2026-04-08 14:00:27,932 1 INFO odoo_ci_test odoo.modules.loading: loading sports_federation_tournament/views/federation_tournament_round_views.xml 
2026-04-08 14:00:27,945 1 INFO odoo_ci_test odoo.modules.loading: loading sports_federation_tournament/views/federation_tournament_group_views.xml 
2026-04-08 14:00:27,960 1 INFO odoo_ci_test odoo.modules.loading: loading sports_federation_tournament/views/federation_tournament_stage_views.xml 
2026-04-08 14:00:27,976 1 INFO odoo_ci_test odoo.modules.loading: loading sports_federation_tournament/views/federation_tournament_views.xml 
2026-04-08 14:00:27,994 1 INFO odoo_ci_test odoo.modules.loading: loading sports_federation_tournament/views/federation_competition_edition_views.xml 
2026-04-08 14:00:28,012 1 INFO odoo_ci_test odoo.modules.loading: loading sports_federation_tournament/views/federation_competition_views.xml 
2026-04-08 14:00:28,029 1 INFO odoo_ci_test odoo.modules.loading: loading sports_federation_tournament/views/federation_season_registration_views_inherit.xml 
2026-04-08 14:00:28,049 1 INFO odoo_ci_test odoo.modules.loading: loading sports_federation_tournament/views/menu_items.xml 
2026-04-08 14:00:28,083 1 INFO odoo_ci_test odoo.modules.loading: Module sports_federation_tournament loaded in 0.45s, 574 queries (+574 other) 
2026-04-08 14:00:28,083 1 INFO odoo_ci_test odoo.modules.loading: Loading module sports_federation_result_control (42/48) 
2026-04-08 14:00:28,090 1 INFO odoo_ci_test odoo.registry: module sports_federation_result_control: creating or updating database tables 
<string>:16: (WARNING/2) Line block ends without a blank line.
<string>:27: (WARNING/2) Line block ends without a blank line.
<string>:42: (WARNING/2) Line block ends without a blank line.
<string>:52: (WARNING/2) Line block ends without a blank line.
<string>:16: (ERROR/3) Undefined substitution referenced: "--------".
<string>:27: (ERROR/3) Undefined substitution referenced: "-------".
<string>:27: (ERROR/3) Undefined substitution referenced: "-------------".
<string>:42: (ERROR/3) Undefined substitution referenced: "--------".
<string>:42: (ERROR/3) Undefined substitution referenced: "-------------".
<string>:52: (ERROR/3) Undefined substitution referenced: "-------".
2026-04-08 14:00:28,142 1 INFO odoo_ci_test odoo.modules.loading: loading sports_federation_result_control/security/result_control_security.xml 
2026-04-08 14:00:28,156 1 INFO odoo_ci_test odoo.modules.loading: loading sports_federation_result_control/security/ir.model.access.csv 
2026-04-08 14:00:28,162 1 INFO odoo_ci_test odoo.modules.loading: loading sports_federation_result_control/views/match_views_inherit.xml 
2026-04-08 14:00:28,197 1 INFO odoo_ci_test odoo.modules.loading: Module sports_federation_result_control loaded in 0.11s, 133 queries (+133 other) 
2026-04-08 14:00:28,197 1 INFO odoo_ci_test odoo.modules.loading: Loading module sports_federation_standings (43/48) 
2026-04-08 14:00:28,204 1 INFO odoo_ci_test odoo.registry: module sports_federation_standings: creating or updating database tables 
2026-04-08 14:00:28,292 1 INFO odoo_ci_test odoo.modules.loading: loading sports_federation_standings/security/ir.model.access.csv 
2026-04-08 14:00:28,299 1 INFO odoo_ci_test odoo.modules.loading: loading sports_federation_standings/views/standing_views.xml 
2026-04-08 14:00:28,323 1 INFO odoo_ci_test odoo.modules.loading: loading sports_federation_standings/views/tournament_views_inherit.xml 
2026-04-08 14:00:28,333 1 INFO odoo_ci_test odoo.modules.loading: loading sports_federation_standings/views/menu_views.xml 
2026-04-08 14:00:28,351 1 INFO odoo_ci_test odoo.modules.loading: Module sports_federation_standings loaded in 0.15s, 222 queries (+222 other) 
2026-04-08 14:00:28,351 1 INFO odoo_ci_test odoo.modules.loading: Loading module sports_federation_venues (44/48) 
2026-04-08 14:00:28,361 1 INFO odoo_ci_test odoo.registry: module sports_federation_venues: creating or updating database tables 
2026-04-08 14:00:28,457 1 INFO odoo_ci_test odoo.modules.loading: loading sports_federation_venues/security/ir.model.access.csv 
2026-04-08 14:00:28,465 1 INFO odoo_ci_test odoo.modules.loading: loading sports_federation_venues/views/venue_views.xml 
2026-04-08 14:00:28,500 1 INFO odoo_ci_test odoo.modules.loading: loading sports_federation_venues/views/gameday_views.xml 
2026-04-08 14:00:28,513 1 INFO odoo_ci_test odoo.modules.loading: loading sports_federation_venues/views/tournament_views_inherit.xml 
2026-04-08 14:00:28,522 1 INFO odoo_ci_test odoo.modules.loading: loading sports_federation_venues/views/match_views_inherit.xml 
2026-04-08 14:00:28,543 1 INFO odoo_ci_test odoo.modules.loading: loading sports_federation_venues/views/menu_views.xml 
2026-04-08 14:00:28,560 1 INFO odoo_ci_test odoo.modules.loading: Module sports_federation_venues loaded in 0.21s, 280 queries (+280 other) 
2026-04-08 14:00:28,560 1 INFO odoo_ci_test odoo.modules.loading: Loading module website (45/48) 
2026-04-08 14:00:28,694 1 INFO odoo_ci_test odoo.registry: module website: creating or updating database tables 
2026-04-08 14:00:28,762 1 INFO odoo_ci_test odoo.models: Prepare computation of ir.ui.view.is_seo_optimized 
2026-04-08 14:00:28,769 1 INFO odoo_ci_test odoo.models: Prepare computation of res.company.website_id 
2026-04-08 14:00:30,129 1 INFO odoo_ci_test odoo.modules.loading: loading website/security/website_security.xml 
2026-04-08 14:00:30,229 1 INFO odoo_ci_test odoo.modules.loading: loading website/security/ir.model.access.csv 
2026-04-08 14:00:30,250 1 INFO odoo_ci_test odoo.modules.loading: loading website/data/image_library.xml 
2026-04-08 14:00:30,565 1 INFO odoo_ci_test odoo.modules.loading: loading website/data/ir_asset.xml 
2026-04-08 14:00:30,573 1 INFO odoo_ci_test odoo.modules.loading: loading website/data/ir_cron_data.xml 
2026-04-08 14:00:30,602 1 INFO odoo_ci_test odoo.modules.loading: loading website/data/mail_mail_data.xml 
2026-04-08 14:00:30,608 1 INFO odoo_ci_test odoo.modules.loading: loading website/data/website_data.xml 
2026-04-08 14:00:30,730 1 INFO odoo_ci_test odoo.modules.loading: loading website/data/website_visitor_cron.xml 
2026-04-08 14:00:30,743 1 INFO odoo_ci_test odoo.modules.loading: loading website/data/digest_data.xml 
2026-04-08 14:00:30,752 1 INFO odoo_ci_test odoo.modules.loading: loading website/views/website_technical_views.xml 
2026-04-08 14:00:30,762 1 INFO odoo_ci_test odoo.modules.loading: loading website/views/website_templates.xml 
2026-04-08 14:00:31,753 1 INFO odoo_ci_test odoo.modules.loading: loading website/views/snippets/snippets.xml 
2026-04-08 14:00:31,780 1 INFO odoo_ci_test odoo.modules.loading: loading website/views/snippets/s_announcement_scroll.xml 
2026-04-08 14:00:31,787 1 INFO odoo_ci_test odoo.modules.loading: loading website/views/snippets/s_framed_intro.xml 
2026-04-08 14:00:31,793 1 INFO odoo_ci_test odoo.modules.loading: loading website/views/snippets/s_title.xml 
2026-04-08 14:00:31,800 1 INFO odoo_ci_test odoo.modules.loading: loading website/views/snippets/s_cover.xml 
2026-04-08 14:00:31,806 1 INFO odoo_ci_test odoo.modules.loading: loading website/views/snippets/s_text_cover.xml 
2026-04-08 14:00:31,814 1 INFO odoo_ci_test odoo.modules.loading: loading website/views/snippets/s_image_text_box.xml 
2026-04-08 14:00:31,821 1 INFO odoo_ci_test odoo.modules.loading: loading website/views/snippets/s_striped_top.xml 
2026-04-08 14:00:31,826 1 INFO odoo_ci_test odoo.modules.loading: loading website/views/snippets/s_text_image.xml 
2026-04-08 14:00:31,832 1 INFO odoo_ci_test odoo.modules.loading: loading website/views/snippets/s_image_text.xml 
2026-04-08 14:00:31,838 1 INFO odoo_ci_test odoo.modules.loading: loading website/views/snippets/s_mockup_image.xml 
2026-04-08 14:00:31,844 1 INFO odoo_ci_test odoo.modules.loading: loading website/views/snippets/s_instagram_page.xml 
2026-04-08 14:00:31,851 1 INFO odoo_ci_test odoo.modules.loading: loading website/views/snippets/s_image_text_overlap.xml 
2026-04-08 14:00:31,856 1 INFO odoo_ci_test odoo.modules.loading: loading website/views/snippets/s_banner.xml 
2026-04-08 14:00:31,863 1 INFO odoo_ci_test odoo.modules.loading: loading website/views/snippets/s_bento_block.xml 
2026-04-08 14:00:31,869 1 INFO odoo_ci_test odoo.modules.loading: loading website/views/snippets/s_snippet_group.xml 
2026-04-08 14:00:31,874 1 INFO odoo_ci_test odoo.modules.loading: loading website/views/snippets/s_text_block.xml 
2026-04-08 14:00:31,879 1 INFO odoo_ci_test odoo.modules.loading: loading website/views/snippets/s_features.xml 
2026-04-08 14:00:31,887 1 INFO odoo_ci_test odoo.modules.loading: loading website/views/snippets/s_features_wall.xml 
2026-04-08 14:00:31,893 1 INFO odoo_ci_test odoo.modules.loading: loading website/views/snippets/s_three_columns.xml 
2026-04-08 14:00:31,901 1 INFO odoo_ci_test odoo.modules.loading: loading website/views/snippets/s_key_benefits.xml 
2026-04-08 14:00:31,907 1 INFO odoo_ci_test odoo.modules.loading: loading website/views/snippets/s_picture.xml 
2026-04-08 14:00:31,914 1 INFO odoo_ci_test odoo.modules.loading: loading website/views/snippets/s_image_punchy.xml 
2026-04-08 14:00:31,920 1 INFO odoo_ci_test odoo.modules.loading: loading website/views/snippets/s_bento_grid.xml 
2026-04-08 14:00:31,928 1 INFO odoo_ci_test odoo.modules.loading: loading website/views/snippets/s_carousel.xml 
2026-04-08 14:00:31,938 1 INFO odoo_ci_test odoo.modules.loading: loading website/views/snippets/s_carousel_intro.xml 
2026-04-08 14:00:31,948 1 INFO odoo_ci_test odoo.modules.loading: loading website/views/snippets/s_carousel_cards.xml 
2026-04-08 14:00:31,957 1 INFO odoo_ci_test odoo.modules.loading: loading website/views/snippets/s_alert.xml 
2026-04-08 14:00:31,966 1 INFO odoo_ci_test odoo.modules.loading: loading website/views/snippets/s_motto.xml 
2026-04-08 14:00:31,973 1 INFO odoo_ci_test odoo.modules.loading: loading website/views/snippets/s_card.xml 
2026-04-08 14:00:31,980 1 INFO odoo_ci_test odoo.modules.loading: loading website/views/snippets/s_cards_grid.xml 
2026-04-08 14:00:31,988 1 INFO odoo_ci_test odoo.modules.loading: loading website/views/snippets/s_cards_soft.xml 
2026-04-08 14:00:31,994 1 INFO odoo_ci_test odoo.modules.loading: loading website/views/snippets/s_share.xml 
2026-04-08 14:00:32,002 1 INFO odoo_ci_test odoo.modules.loading: loading website/views/snippets/s_social_media.xml 
2026-04-08 14:00:32,010 1 INFO odoo_ci_test odoo.modules.loading: loading website/views/snippets/s_rating.xml 
2026-04-08 14:00:32,020 1 INFO odoo_ci_test odoo.modules.loading: loading website/views/snippets/s_hr.xml 
2026-04-08 14:00:32,027 1 INFO odoo_ci_test odoo.modules.loading: loading website/views/snippets/s_closer_look.xml 
2026-04-08 14:00:32,033 1 INFO odoo_ci_test odoo.modules.loading: loading website/views/snippets/s_facebook_page.xml 
2026-04-08 14:00:32,038 1 INFO odoo_ci_test odoo.modules.loading: loading website/views/snippets/s_image_gallery.xml 
2026-04-08 14:00:32,058 1 INFO odoo_ci_test odoo.modules.loading: loading website/views/snippets/s_countdown.xml 
2026-04-08 14:00:32,067 1 INFO odoo_ci_test odoo.modules.loading: loading website/views/snippets/s_product_catalog.xml 
2026-04-08 14:00:32,080 1 INFO odoo_ci_test odoo.modules.loading: loading website/views/snippets/s_comparisons.xml 
2026-04-08 14:00:32,090 1 INFO odoo_ci_test odoo.modules.loading: loading website/views/snippets/s_comparisons_horizontal.xml 
2026-04-08 14:00:32,097 1 INFO odoo_ci_test odoo.modules.loading: loading website/views/snippets/s_company_team.xml 
2026-04-08 14:00:32,106 1 INFO odoo_ci_test odoo.modules.loading: loading website/views/snippets/s_company_team_basic.xml 
2026-04-08 14:00:32,112 1 INFO odoo_ci_test odoo.modules.loading: loading website/views/snippets/s_company_team_shapes.xml 
2026-04-08 14:00:32,119 1 INFO odoo_ci_test odoo.modules.loading: loading website/views/snippets/s_company_team_detail.xml 
2026-04-08 14:00:32,128 1 INFO odoo_ci_test odoo.modules.loading: loading website/views/snippets/s_company_team_spotlight.xml 
2026-04-08 14:00:32,135 1 INFO odoo_ci_test odoo.modules.loading: loading website/views/snippets/s_company_team_grid.xml 
2026-04-08 14:00:32,142 1 INFO odoo_ci_test odoo.modules.loading: loading website/views/snippets/s_company_team_card.xml 
2026-04-08 14:00:32,149 1 INFO odoo_ci_test odoo.modules.loading: loading website/views/snippets/s_call_to_action.xml 
2026-04-08 14:00:32,155 1 INFO odoo_ci_test odoo.modules.loading: loading website/views/snippets/s_references.xml 
2026-04-08 14:00:32,163 1 INFO odoo_ci_test odoo.modules.loading: loading website/views/snippets/s_references_social.xml 
2026-04-08 14:00:32,171 1 INFO odoo_ci_test odoo.modules.loading: loading website/views/snippets/s_references_grid.xml 
2026-04-08 14:00:32,178 1 INFO odoo_ci_test odoo.modules.loading: loading website/views/snippets/s_popup.xml 
2026-04-08 14:00:32,189 1 INFO odoo_ci_test odoo.modules.loading: loading website/views/snippets/s_faq_list.xml 
2026-04-08 14:00:32,196 1 INFO odoo_ci_test odoo.modules.loading: loading website/views/snippets/s_faq_collapse.xml 
2026-04-08 14:00:32,204 1 INFO odoo_ci_test odoo.modules.loading: loading website/views/snippets/s_features_grid.xml 
2026-04-08 14:00:32,214 1 INFO odoo_ci_test odoo.modules.loading: loading website/views/snippets/s_features_wave.xml 
2026-04-08 14:00:32,222 1 INFO odoo_ci_test odoo.modules.loading: loading website/views/snippets/s_tabs.xml 
2026-04-08 14:00:32,235 1 INFO odoo_ci_test odoo.modules.loading: loading website/views/snippets/s_tabs_images.xml 
2026-04-08 14:00:32,244 1 INFO odoo_ci_test odoo.modules.loading: loading website/views/snippets/s_table_of_content.xml 
2026-04-08 14:00:32,253 1 INFO odoo_ci_test odoo.modules.loading: loading website/views/snippets/s_images_constellation.xml 
2026-04-08 14:00:32,260 1 INFO odoo_ci_test odoo.modules.loading: loading website/views/snippets/s_chart.xml 
2026-04-08 14:00:32,267 1 INFO odoo_ci_test odoo.modules.loading: loading website/views/snippets/s_parallax.xml 
2026-04-08 14:00:32,274 1 INFO odoo_ci_test odoo.modules.loading: loading website/views/snippets/s_quotes_carousel.xml 
2026-04-08 14:00:32,289 1 INFO odoo_ci_test odoo.modules.loading: loading website/views/snippets/s_numbers_grid.xml 
2026-04-08 14:00:32,297 1 INFO odoo_ci_test odoo.modules.loading: loading website/views/snippets/s_quotes_carousel_minimal.xml 
2026-04-08 14:00:32,306 1 INFO odoo_ci_test odoo.modules.loading: loading website/views/snippets/s_quotes_carousel_compact.xml 
2026-04-08 14:00:32,316 1 INFO odoo_ci_test odoo.modules.loading: loading website/views/snippets/s_numbers.xml 
2026-04-08 14:00:32,324 1 INFO odoo_ci_test odoo.modules.loading: loading website/views/snippets/s_contact_info.xml 
2026-04-08 14:00:32,332 1 INFO odoo_ci_test odoo.modules.loading: loading website/views/snippets/s_numbers_boxed.xml 
2026-04-08 14:00:32,361 1 INFO odoo_ci_test odoo.modules.loading: loading website/views/snippets/s_cta_box.xml 
2026-04-08 14:00:32,367 1 INFO odoo_ci_test odoo.modules.loading: loading website/views/snippets/s_numbers_framed.xml 
2026-04-08 14:00:32,373 1 INFO odoo_ci_test odoo.modules.loading: loading website/views/snippets/s_masonry_block.xml 
2026-04-08 14:00:32,408 1 INFO odoo_ci_test odoo.modules.loading: loading website/views/snippets/s_sidegrid.xml 
2026-04-08 14:00:32,414 1 INFO odoo_ci_test odoo.modules.loading: loading website/views/snippets/s_media_list.xml 
2026-04-08 14:00:32,423 1 INFO odoo_ci_test odoo.modules.loading: loading website/views/snippets/s_showcase.xml 
2026-04-08 14:00:32,435 1 INFO odoo_ci_test odoo.modules.loading: loading website/views/snippets/s_faq_horizontal.xml 
2026-04-08 14:00:32,442 1 INFO odoo_ci_test odoo.modules.loading: loading website/views/snippets/s_floating_blocks.xml 
2026-04-08 14:00:32,450 1 INFO odoo_ci_test odoo.modules.loading: loading website/views/snippets/s_opening_hours.xml 
2026-04-08 14:00:32,456 1 INFO odoo_ci_test odoo.modules.loading: loading website/views/snippets/s_timeline.xml 
2026-04-08 14:00:32,467 1 INFO odoo_ci_test odoo.modules.loading: loading website/views/snippets/s_timeline_images.xml 
2026-04-08 14:00:32,473 1 INFO odoo_ci_test odoo.modules.loading: loading website/views/snippets/s_timeline_list.xml 
2026-04-08 14:00:32,481 1 INFO odoo_ci_test odoo.modules.loading: loading website/views/snippets/s_process_steps.xml 
2026-04-08 14:00:32,491 1 INFO odoo_ci_test odoo.modules.loading: loading website/views/snippets/s_accordion.xml 
2026-04-08 14:00:32,499 1 INFO odoo_ci_test odoo.modules.loading: loading website/views/snippets/s_website_form_info.xml 
2026-04-08 14:00:32,505 1 INFO odoo_ci_test odoo.modules.loading: loading website/views/snippets/s_numbers_showcase.xml 
2026-04-08 14:00:32,511 1 INFO odoo_ci_test odoo.modules.loading: loading website/views/snippets/s_numbers_charts.xml 
2026-04-08 14:00:32,518 1 INFO odoo_ci_test odoo.modules.loading: loading website/views/snippets/s_accordion_image.xml 
2026-04-08 14:00:32,523 1 INFO odoo_ci_test odoo.modules.loading: loading website/views/snippets/s_pricelist_boxed.xml 
2026-04-08 14:00:32,534 1 INFO odoo_ci_test odoo.modules.loading: loading website/views/snippets/s_adventure.xml 
2026-04-08 14:00:32,539 1 INFO odoo_ci_test odoo.modules.loading: loading website/views/snippets/s_image_title.xml 
2026-04-08 14:00:32,545 1 INFO odoo_ci_test odoo.modules.loading: loading website/views/snippets/s_key_images.xml 
2026-04-08 14:00:32,551 1 INFO odoo_ci_test odoo.modules.loading: loading website/views/snippets/s_kickoff.xml 
2026-04-08 14:00:32,556 1 INFO odoo_ci_test odoo.modules.loading: loading website/views/snippets/s_discovery.xml 
2026-04-08 14:00:32,563 1 INFO odoo_ci_test odoo.modules.loading: loading website/views/snippets/s_bento_banner.xml 
2026-04-08 14:00:32,569 1 INFO odoo_ci_test odoo.modules.loading: loading website/views/snippets/s_striped.xml 
2026-04-08 14:00:32,575 1 INFO odoo_ci_test odoo.modules.loading: loading website/views/snippets/s_intro_pill.xml 
2026-04-08 14:00:32,582 1 INFO odoo_ci_test odoo.modules.loading: loading website/views/snippets/s_big_number.xml 
2026-04-08 14:00:32,588 1 INFO odoo_ci_test odoo.modules.loading: loading website/views/snippets/s_wavy_grid.xml 
2026-04-08 14:00:32,594 1 INFO odoo_ci_test odoo.modules.loading: loading website/views/snippets/s_images_mosaic.xml 
2026-04-08 14:00:32,600 1 INFO odoo_ci_test odoo.modules.loading: loading website/views/snippets/s_shape_image.xml 
2026-04-08 14:00:32,606 1 INFO odoo_ci_test odoo.modules.loading: loading website/views/snippets/s_empowerment.xml 
2026-04-08 14:00:32,613 1 INFO odoo_ci_test odoo.modules.loading: loading website/views/snippets/s_split_intro.xml 
2026-04-08 14:00:32,619 1 INFO odoo_ci_test odoo.modules.loading: loading website/views/snippets/s_text_highlight.xml 
2026-04-08 14:00:32,627 1 INFO odoo_ci_test odoo.modules.loading: loading website/views/snippets/s_pricelist_cafe.xml 
2026-04-08 14:00:32,640 1 INFO odoo_ci_test odoo.modules.loading: loading website/views/snippets/s_progress_bar.xml 
2026-04-08 14:00:32,648 1 INFO odoo_ci_test odoo.modules.loading: loading website/views/snippets/s_blockquote.xml 
2026-04-08 14:00:32,657 1 INFO odoo_ci_test odoo.modules.loading: loading website/views/snippets/s_badge.xml 
2026-04-08 14:00:32,666 1 INFO odoo_ci_test odoo.modules.loading: loading website/views/snippets/s_color_blocks_2.xml 
2026-04-08 14:00:32,674 1 INFO odoo_ci_test odoo.modules.loading: loading website/views/snippets/s_attributes_horizontal.xml 
2026-04-08 14:00:32,682 1 INFO odoo_ci_test odoo.modules.loading: loading website/views/snippets/s_attributes_vertical.xml 
2026-04-08 14:00:32,690 1 INFO odoo_ci_test odoo.modules.loading: loading website/views/snippets/s_product_list.xml 
2026-04-08 14:00:32,701 1 INFO odoo_ci_test odoo.modules.loading: loading website/views/snippets/s_mega_menu_multi_menus.xml 
2026-04-08 14:00:32,709 1 INFO odoo_ci_test odoo.modules.loading: loading website/views/snippets/s_mega_menu_menu_image_menu.xml 
2026-04-08 14:00:32,716 1 INFO odoo_ci_test odoo.modules.loading: loading website/views/snippets/s_mega_menu_thumbnails.xml 
2026-04-08 14:00:32,729 1 INFO odoo_ci_test odoo.modules.loading: loading website/views/snippets/s_mega_menu_little_icons.xml 
2026-04-08 14:00:32,739 1 INFO odoo_ci_test odoo.modules.loading: loading website/views/snippets/s_mega_menu_images_subtitles.xml 
2026-04-08 14:00:32,752 1 INFO odoo_ci_test odoo.modules.loading: loading website/views/snippets/s_mega_menu_menus_logos.xml 
2026-04-08 14:00:32,763 1 INFO odoo_ci_test odoo.modules.loading: loading website/views/snippets/s_mega_menu_odoo_menu.xml 
2026-04-08 14:00:32,773 1 INFO odoo_ci_test odoo.modules.loading: loading website/views/snippets/s_mega_menu_big_icons_subtitles.xml 
2026-04-08 14:00:32,787 1 INFO odoo_ci_test odoo.modules.loading: loading website/views/snippets/s_mega_menu_cards.xml 
2026-04-08 14:00:32,801 1 INFO odoo_ci_test odoo.modules.loading: loading website/views/snippets/s_google_map.xml 
2026-04-08 14:00:32,809 1 INFO odoo_ci_test odoo.modules.loading: loading website/views/snippets/s_cta_mockups.xml 
2026-04-08 14:00:32,816 1 INFO odoo_ci_test odoo.modules.loading: loading website/views/snippets/s_map.xml 
2026-04-08 14:00:32,825 1 INFO odoo_ci_test odoo.modules.loading: loading website/views/snippets/s_dynamic_snippet.xml 
2026-04-08 14:00:32,841 1 INFO odoo_ci_test odoo.modules.loading: loading website/views/snippets/s_dynamic_snippet_carousel.xml 
2026-04-08 14:00:32,851 1 INFO odoo_ci_test odoo.modules.loading: loading website/views/snippets/s_banner_product.xml 
2026-04-08 14:00:32,858 1 INFO odoo_ci_test odoo.modules.loading: loading website/views/snippets/s_embed_code.xml 
2026-04-08 14:00:32,867 1 INFO odoo_ci_test odoo.modules.loading: loading website/views/snippets/s_website_form.xml 
2026-04-08 14:00:32,881 1 INFO odoo_ci_test odoo.modules.loading: loading website/views/snippets/s_website_form_overlay.xml 
2026-04-08 14:00:32,887 1 INFO odoo_ci_test odoo.modules.loading: loading website/views/snippets/s_title_form.xml 
2026-04-08 14:00:32,894 1 INFO odoo_ci_test odoo.modules.loading: loading website/views/snippets/s_searchbar.xml 
2026-04-08 14:00:32,907 1 INFO odoo_ci_test odoo.modules.loading: loading website/views/snippets/s_inline_text.xml 
2026-04-08 14:00:32,914 1 INFO odoo_ci_test odoo.modules.loading: loading website/views/snippets/s_button.xml 
2026-04-08 14:00:32,920 1 INFO odoo_ci_test odoo.modules.loading: loading website/views/snippets/s_freegrid.xml 
2026-04-08 14:00:32,927 1 INFO odoo_ci_test odoo.modules.loading: loading website/views/snippets/s_card_offset.xml 
2026-04-08 14:00:32,934 1 INFO odoo_ci_test odoo.modules.loading: loading website/views/snippets/s_image.xml 
2026-04-08 14:00:32,941 1 INFO odoo_ci_test odoo.modules.loading: loading website/views/snippets/s_video.xml 
2026-04-08 14:00:32,947 1 INFO odoo_ci_test odoo.modules.loading: loading website/views/snippets/s_cta_badge.xml 
2026-04-08 14:00:32,954 1 INFO odoo_ci_test odoo.modules.loading: loading website/views/snippets/s_unveil.xml 
2026-04-08 14:00:32,962 1 INFO odoo_ci_test odoo.modules.loading: loading website/views/snippets/s_image_hexagonal.xml 
2026-04-08 14:00:32,969 1 INFO odoo_ci_test odoo.modules.loading: loading website/views/snippets/s_striped_center_top.xml 
2026-04-08 14:00:32,976 1 INFO odoo_ci_test odoo.modules.loading: loading website/views/snippets/s_numbers_list.xml 
2026-04-08 14:00:32,983 1 INFO odoo_ci_test odoo.modules.loading: loading website/views/snippets/s_quadrant.xml 
2026-04-08 14:00:32,993 1 INFO odoo_ci_test odoo.modules.loading: loading website/views/snippets/s_cta_card.xml 
2026-04-08 14:00:33,000 1 INFO odoo_ci_test odoo.modules.loading: loading website/views/snippets/s_image_frame.xml 
2026-04-08 14:00:33,007 1 INFO odoo_ci_test odoo.modules.loading: loading website/views/snippets/s_cta_mobile.xml 
2026-04-08 14:00:33,015 1 INFO odoo_ci_test odoo.modules.loading: loading website/views/snippets/s_reviews_wall.xml 
2026-04-08 14:00:33,029 1 INFO odoo_ci_test odoo.modules.loading: loading website/views/snippets/s_website_form_cover.xml 
2026-04-08 14:00:33,038 1 INFO odoo_ci_test odoo.modules.loading: loading website/views/snippets/s_form_aside.xml 
2026-04-08 14:00:33,044 1 INFO odoo_ci_test odoo.modules.loading: loading website/views/snippets/s_banner_connected.xml 
2026-04-08 14:00:33,051 1 INFO odoo_ci_test odoo.modules.loading: loading website/views/snippets/s_ecomm_categories_showcase.xml 
2026-04-08 14:00:33,061 1 INFO odoo_ci_test odoo.modules.loading: loading website/views/snippets/s_banner_categories.xml 
2026-04-08 14:00:33,071 1 INFO odoo_ci_test odoo.modules.loading: loading website/views/new_page_template_templates.xml 
2026-04-08 14:00:34,237 1 INFO odoo_ci_test odoo.addons.website.models.ir_module_module: Generated 227 primary snippet templates for 'website' 
2026-04-08 14:00:34,299 1 INFO odoo_ci_test odoo.addons.website.models.ir_module_module: Generated 39 primary page templates for 'website' 
2026-04-08 14:00:34,300 1 INFO odoo_ci_test odoo.modules.loading: loading website/views/website_views.xml 
2026-04-08 14:00:34,447 1 INFO odoo_ci_test odoo.modules.loading: loading website/views/website_pages_views.xml 
2026-04-08 14:00:34,509 1 INFO odoo_ci_test odoo.modules.loading: loading website/views/website_controller_pages_views.xml 
2026-04-08 14:00:34,536 1 INFO odoo_ci_test odoo.modules.loading: loading website/views/website_visitor_views.xml 
2026-04-08 14:00:34,613 1 INFO odoo_ci_test odoo.modules.loading: loading website/views/res_config_settings_views.xml 
2026-04-08 14:00:34,672 1 INFO odoo_ci_test odoo.modules.loading: loading website/views/website_rewrite.xml 
2026-04-08 14:00:34,696 1 INFO odoo_ci_test odoo.modules.loading: loading website/views/ir_actions_server_views.xml 
2026-04-08 14:00:34,720 1 INFO odoo_ci_test odoo.modules.loading: loading website/views/ir_asset_views.xml 
2026-04-08 14:00:34,737 1 INFO odoo_ci_test odoo.modules.loading: loading website/views/ir_attachment_views.xml 
2026-04-08 14:00:34,754 1 INFO odoo_ci_test odoo.modules.loading: loading website/views/ir_model_views.xml 
2026-04-08 14:00:34,784 1 INFO odoo_ci_test odoo.modules.loading: loading website/views/res_partner_views.xml 
2026-04-08 14:00:34,797 1 INFO odoo_ci_test odoo.modules.loading: loading website/views/neutralize_views.xml 
2026-04-08 14:00:34,808 1 INFO odoo_ci_test odoo.modules.loading: loading website/wizard/base_language_install_views.xml 
2026-04-08 14:00:34,819 1 INFO odoo_ci_test odoo.modules.loading: loading website/wizard/blocked_third_party_domains.xml 
2026-04-08 14:00:34,827 1 INFO odoo_ci_test odoo.modules.loading: loading website/wizard/website_robots.xml 
2026-04-08 14:00:34,834 1 INFO odoo_ci_test odoo.modules.loading: loading website/data/update_theme_images.xml 
2026-04-08 14:00:34,884 1 INFO odoo_ci_test odoo.modules.loading: loading website/views/website_templates_svg.xml 
2026-04-08 14:00:34,985 1 INFO odoo_ci_test odoo.modules.loading: Module website loaded in 6.43s, 7851 queries (+7851 other) 
2026-04-08 14:00:34,985 1 INFO odoo_ci_test odoo.modules.loading: Loading module sports_federation_public_site (46/48) 
2026-04-08 14:00:34,997 1 INFO odoo_ci_test odoo.registry: module sports_federation_public_site: creating or updating database tables 
<string>:15: (WARNING/2) Line block ends without a blank line.
<string>:27: (WARNING/2) Line block ends without a blank line.
<string>:37: (WARNING/2) Line block ends without a blank line.
<string>:46: (WARNING/2) Line block ends without a blank line.
<string>:15: (ERROR/3) Undefined substitution referenced: "--------".
<string>:27: (ERROR/3) Undefined substitution referenced: "-------".
<string>:27: (ERROR/3) Undefined substitution referenced: "-------------".
<string>:37: (ERROR/3) Undefined substitution referenced: "-------".
<string>:37: (ERROR/3) Undefined substitution referenced: "-------------".
<string>:46: (ERROR/3) Undefined substitution referenced: "-------".
<string>:46: (ERROR/3) Undefined substitution referenced: "-------------".
2026-04-08 14:00:35,058 1 INFO odoo_ci_test odoo.modules.loading: loading sports_federation_public_site/security/ir.model.access.csv 
2026-04-08 14:00:35,059 1 INFO odoo_ci_test odoo.modules.loading: loading sports_federation_public_site/views/website_templates.xml 
2026-04-08 14:00:35,091 1 INFO odoo_ci_test odoo.modules.loading: loading sports_federation_public_site/views/website_menu.xml 
2026-04-08 14:00:35,107 1 INFO odoo_ci_test odoo.modules.loading: loading sports_federation_public_site/views/tournament_views_inherit.xml 
2026-04-08 14:00:35,118 1 INFO odoo_ci_test odoo.modules.loading: loading sports_federation_public_site/views/standing_views_inherit.xml 
2026-04-08 14:00:35,198 1 INFO odoo_ci_test odoo.addons.sports_federation_public_site.tests.test_public_api: Starting TestPublicSiteNewEndpoints.test_archive_includes_cancelled_published ... 
2026-04-08 14:00:35,205 1 INFO odoo_ci_test odoo.addons.sports_federation_public_site.tests.test_public_api: Starting TestPublicSiteNewEndpoints.test_archive_only_returns_closed_published ... 
2026-04-08 14:00:35,206 1 INFO odoo_ci_test odoo.addons.sports_federation_public_site.tests.test_public_api: Starting TestPublicSiteNewEndpoints.test_json_api_date_null_when_not_set ... 
2026-04-08 14:00:35,217 1 INFO odoo_ci_test odoo.addons.sports_federation_public_site.tests.test_public_api: Starting TestPublicSiteNewEndpoints.test_json_api_fields ... 
2026-04-08 14:00:35,218 1 INFO odoo_ci_test odoo.addons.sports_federation_public_site.tests.test_public_api: Starting TestPublicSiteNewEndpoints.test_json_api_returns_published_only ... 
2026-04-08 14:00:35,219 1 INFO odoo_ci_test odoo.addons.sports_federation_public_site.tests.test_public_api: Starting TestPublicSiteNewEndpoints.test_teams_excludes_withdrawn_participants ... 
2026-04-08 14:00:35,226 1 INFO odoo_ci_test odoo.addons.sports_federation_public_site.tests.test_public_api: Starting TestPublicSiteNewEndpoints.test_teams_not_shown_for_unpublished_tournament ... 
2026-04-08 14:00:35,228 1 INFO odoo_ci_test odoo.addons.sports_federation_public_site.tests.test_public_api: Starting TestPublicSiteNewEndpoints.test_teams_shows_participant_state ... 
2026-04-08 14:00:35,304 1 INFO odoo_ci_test odoo.addons.base.models.ir_attachment: filestore gc 18 checked, 0 removed 
2026-04-08 14:00:35,339 1 INFO odoo_ci_test odoo.addons.sports_federation_public_site.tests.test_public_site: Starting TestPublicSite.test_only_published_standings_visible ... 
2026-04-08 14:00:35,341 1 INFO odoo_ci_test odoo.addons.sports_federation_public_site.tests.test_public_site: Starting TestPublicSite.test_published_tournament_detail_renders ... 
2026-04-08 14:00:35,343 1 INFO odoo_ci_test odoo.addons.sports_federation_public_site.tests.test_public_site: Starting TestPublicSite.test_published_tournament_visible_on_list ... 
2026-04-08 14:00:35,345 1 INFO odoo_ci_test odoo.addons.sports_federation_public_site.tests.test_public_site: Starting TestPublicSite.test_standing_public_fields ... 
2026-04-08 14:00:35,347 1 INFO odoo_ci_test odoo.addons.sports_federation_public_site.tests.test_public_site: Starting TestPublicSite.test_tournament_public_fields ... 
2026-04-08 14:00:35,350 1 INFO odoo_ci_test odoo.addons.sports_federation_public_site.tests.test_public_site: Starting TestPublicSite.test_unpublished_standing_hidden ... 
2026-04-08 14:00:35,353 1 INFO odoo_ci_test odoo.addons.sports_federation_public_site.tests.test_public_site: Starting TestPublicSite.test_unpublished_tournament_detail_returns_404 ... 
2026-04-08 14:00:35,355 1 INFO odoo_ci_test odoo.addons.sports_federation_public_site.tests.test_public_site: Starting TestPublicSite.test_unpublished_tournament_not_visible_on_list ... 
2026-04-08 14:00:35,429 1 INFO odoo_ci_test odoo.addons.base.models.ir_attachment: filestore gc 0 checked, 0 removed 
2026-04-08 14:00:35,429 1 INFO odoo_ci_test odoo.modules.loading: Module sports_federation_public_site loaded in 0.44s (incl. 0.28s test), 141 queries (+174 test, +141 other) 
2026-04-08 14:00:35,429 1 INFO odoo_ci_test odoo.modules.loading: Loading module website_mail (47/48) 
2026-04-08 14:00:35,435 1 INFO odoo_ci_test odoo.registry: module website_mail: creating or updating database tables 
2026-04-08 14:00:35,444 1 INFO odoo_ci_test odoo.modules.loading: loading website_mail/views/website_mail_templates.xml 
2026-04-08 14:00:35,467 1 INFO odoo_ci_test odoo.modules.loading: Module website_mail loaded in 0.04s, 31 queries (+31 other) 
2026-04-08 14:00:35,467 1 INFO odoo_ci_test odoo.modules.loading: Loading module website_sms (48/48) 
2026-04-08 14:00:35,473 1 INFO odoo_ci_test odoo.registry: module website_sms: creating or updating database tables 
2026-04-08 14:00:35,488 1 INFO odoo_ci_test odoo.modules.loading: loading website_sms/views/website_visitor_views.xml 
2026-04-08 14:00:35,535 1 INFO odoo_ci_test odoo.modules.loading: Module website_sms loaded in 0.07s, 68 queries (+68 other) 
2026-04-08 14:00:35,535 1 INFO odoo_ci_test odoo.modules.loading: 48 modules loaded in 19.96s, 27712 queries (+27887 extra) 
2026-04-08 14:00:35,996 1 INFO odoo_ci_test odoo.modules.loading: Modules loaded. 
2026-04-08 14:00:36,005 1 INFO odoo_ci_test odoo.registry: Registry changed, signaling through the database 
2026-04-08 14:00:36,006 1 INFO odoo_ci_test odoo.registry: Registry loaded in 28.588s 
2026-04-08 14:00:36,006 1 INFO odoo_ci_test odoo.service.server: Starting post tests 
2026-04-08 14:00:36,032 1 INFO odoo_ci_test odoo.service.server: 0 post-tests in 0.03s, 0 queries 
2026-04-08 14:00:36,032 1 INFO odoo_ci_test odoo.tests.stats: sports_federation_public_site: 20 tests 0.28s 174 queries 
2026-04-08 14:00:36,032 1 INFO odoo_ci_test odoo.tests.result: 0 failed, 0 error(s) of 16 tests when loading database 'odoo_ci_test' 
2026-04-08 14:00:36,032 1 INFO odoo_ci_test odoo.service.server: Initiating shutdown 
2026-04-08 14:00:36,032 1 INFO odoo_ci_test odoo.service.server: Hit CTRL-C again or send a second signal to force the shutdown. 
2026-04-08 14:00:36,464 1 INFO odoo_ci_test odoo.sql_db: ConnectionPool(read/write;used=0/count=0/max=64): Closed 2 connections  
