2026-04-08 12:25:33,497 1 INFO odoo_ci_test odoo.modules.loading: loading base/data/ir_demo_failure_data.xml 
2026-04-08 12:25:36,971 1 ERROR odoo_ci_test odoo.addons.base.tests.test_cli: ERROR: Subtest TestCommand.test_help (option='help')
Traceback (most recent call last):
    raise CalledProcessError(retcode, process.args,
subprocess.CalledProcessError: Command '['/usr/bin/python3', PosixPath('/usr/lib/python3/dist-packages/odoo-bin'), '--addons-path=/mnt/extra-addons', 'help']' returned non-zero exit status 2.
2026-04-08 12:25:36,989 1 ERROR odoo_ci_test odoo.addons.base.tests.test_cli: ERROR: Subtest TestCommand.test_help (option='-h')
Traceback (most recent call last):
    raise CalledProcessError(retcode, process.args,
subprocess.CalledProcessError: Command '['/usr/bin/python3', PosixPath('/usr/lib/python3/dist-packages/odoo-bin'), '--addons-path=/mnt/extra-addons', '-h']' returned non-zero exit status 2.
2026-04-08 12:25:37,008 1 ERROR odoo_ci_test odoo.addons.base.tests.test_cli: ERROR: Subtest TestCommand.test_help (option='--help')
Traceback (most recent call last):
    raise CalledProcessError(retcode, process.args,
subprocess.CalledProcessError: Command '['/usr/bin/python3', PosixPath('/usr/lib/python3/dist-packages/odoo-bin'), '--addons-path=/mnt/extra-addons', '--help']' returned non-zero exit status 2.
2026-04-08 12:25:37,027 1 ERROR odoo_ci_test odoo.addons.base.tests.test_cli: ERROR: Subtest TestCommand.test_help_subcommand (command='server')
Traceback (most recent call last):
    raise CalledProcessError(retcode, process.args,
subprocess.CalledProcessError: Command '['/usr/bin/python3', PosixPath('/usr/lib/python3/dist-packages/odoo-bin'), '--addons-path=/mnt/extra-addons', 'server', '--help']' returned non-zero exit status 2.
2026-04-08 12:25:37,045 1 ERROR odoo_ci_test odoo.addons.base.tests.test_cli: ERROR: Subtest TestCommand.test_help_subcommand (command='shell')
Traceback (most recent call last):
    raise CalledProcessError(retcode, process.args,
subprocess.CalledProcessError: Command '['/usr/bin/python3', PosixPath('/usr/lib/python3/dist-packages/odoo-bin'), '--addons-path=/mnt/extra-addons', 'shell', '--help']' returned non-zero exit status 2.
2026-04-08 12:25:37,063 1 ERROR odoo_ci_test odoo.addons.base.tests.test_cli: ERROR: Subtest TestCommand.test_help_subcommand (command='obfuscate')
Traceback (most recent call last):
    raise CalledProcessError(retcode, process.args,
subprocess.CalledProcessError: Command '['/usr/bin/python3', PosixPath('/usr/lib/python3/dist-packages/odoo-bin'), '--addons-path=/mnt/extra-addons', 'obfuscate', '--help']' returned non-zero exit status 2.
2026-04-08 12:25:37,081 1 ERROR odoo_ci_test odoo.addons.base.tests.test_cli: ERROR: Subtest TestCommand.test_help_subcommand (command='cloc')
Traceback (most recent call last):
    raise CalledProcessError(retcode, process.args,
subprocess.CalledProcessError: Command '['/usr/bin/python3', PosixPath('/usr/lib/python3/dist-packages/odoo-bin'), '--addons-path=/mnt/extra-addons', 'cloc', '--help']' returned non-zero exit status 2.
2026-04-08 12:25:37,099 1 ERROR odoo_ci_test odoo.addons.base.tests.test_cli: ERROR: Subtest TestCommand.test_help_subcommand (command='module')
Traceback (most recent call last):
    raise CalledProcessError(retcode, process.args,
subprocess.CalledProcessError: Command '['/usr/bin/python3', PosixPath('/usr/lib/python3/dist-packages/odoo-bin'), '--addons-path=/mnt/extra-addons', 'module', '--help']' returned non-zero exit status 2.
2026-04-08 12:25:37,118 1 ERROR odoo_ci_test odoo.addons.base.tests.test_cli: ERROR: Subtest TestCommand.test_help_subcommand (command='db')
Traceback (most recent call last):
    raise CalledProcessError(retcode, process.args,
subprocess.CalledProcessError: Command '['/usr/bin/python3', PosixPath('/usr/lib/python3/dist-packages/odoo-bin'), '--addons-path=/mnt/extra-addons', 'db', '--help']' returned non-zero exit status 2.
2026-04-08 12:25:37,136 1 ERROR odoo_ci_test odoo.addons.base.tests.test_cli: ERROR: Subtest TestCommand.test_help_subcommand (command='help')
Traceback (most recent call last):
    raise CalledProcessError(retcode, process.args,
subprocess.CalledProcessError: Command '['/usr/bin/python3', PosixPath('/usr/lib/python3/dist-packages/odoo-bin'), '--addons-path=/mnt/extra-addons', 'help', '--help']' returned non-zero exit status 2.
2026-04-08 12:25:37,154 1 ERROR odoo_ci_test odoo.addons.base.tests.test_cli: ERROR: Subtest TestCommand.test_help_subcommand (command='populate')
Traceback (most recent call last):
    raise CalledProcessError(retcode, process.args,
subprocess.CalledProcessError: Command '['/usr/bin/python3', PosixPath('/usr/lib/python3/dist-packages/odoo-bin'), '--addons-path=/mnt/extra-addons', 'populate', '--help']' returned non-zero exit status 2.
2026-04-08 12:25:37,171 1 ERROR odoo_ci_test odoo.addons.base.tests.test_cli: ERROR: Subtest TestCommand.test_help_subcommand (command='neutralize')
Traceback (most recent call last):
    raise CalledProcessError(retcode, process.args,
subprocess.CalledProcessError: Command '['/usr/bin/python3', PosixPath('/usr/lib/python3/dist-packages/odoo-bin'), '--addons-path=/mnt/extra-addons', 'neutralize', '--help']' returned non-zero exit status 2.
2026-04-08 12:25:37,190 1 ERROR odoo_ci_test odoo.addons.base.tests.test_cli: ERROR: Subtest TestCommand.test_help_subcommand (command='upgrade_code')
Traceback (most recent call last):
    raise CalledProcessError(retcode, process.args,
subprocess.CalledProcessError: Command '['/usr/bin/python3', PosixPath('/usr/lib/python3/dist-packages/odoo-bin'), '--addons-path=/mnt/extra-addons', 'upgrade_code', '--help']' returned non-zero exit status 2.
2026-04-08 12:25:37,208 1 ERROR odoo_ci_test odoo.addons.base.tests.test_cli: ERROR: Subtest TestCommand.test_help_subcommand (command='i18n')
Traceback (most recent call last):
    raise CalledProcessError(retcode, process.args,
subprocess.CalledProcessError: Command '['/usr/bin/python3', PosixPath('/usr/lib/python3/dist-packages/odoo-bin'), '--addons-path=/mnt/extra-addons', 'i18n', '--help']' returned non-zero exit status 2.
2026-04-08 12:25:37,226 1 ERROR odoo_ci_test odoo.addons.base.tests.test_cli: ERROR: Subtest TestCommand.test_help_subcommand (command='start')
Traceback (most recent call last):
    raise CalledProcessError(retcode, process.args,
subprocess.CalledProcessError: Command '['/usr/bin/python3', PosixPath('/usr/lib/python3/dist-packages/odoo-bin'), '--addons-path=/mnt/extra-addons', 'start', '--help']' returned non-zero exit status 2.
2026-04-08 12:25:37,244 1 ERROR odoo_ci_test odoo.addons.base.tests.test_cli: ERROR: Subtest TestCommand.test_help_subcommand (command='scaffold')
Traceback (most recent call last):
    raise CalledProcessError(retcode, process.args,
subprocess.CalledProcessError: Command '['/usr/bin/python3', PosixPath('/usr/lib/python3/dist-packages/odoo-bin'), '--addons-path=/mnt/extra-addons', 'scaffold', '--help']' returned non-zero exit status 2.
2026-04-08 12:25:37,262 1 ERROR odoo_ci_test odoo.addons.base.tests.test_cli: ERROR: Subtest TestCommand.test_help_subcommand (command='deploy')
Traceback (most recent call last):
    raise CalledProcessError(retcode, process.args,
subprocess.CalledProcessError: Command '['/usr/bin/python3', PosixPath('/usr/lib/python3/dist-packages/odoo-bin'), '--addons-path=/mnt/extra-addons', 'deploy', '--help']' returned non-zero exit status 2.
2026-04-08 12:25:37,280 1 ERROR odoo_ci_test odoo.addons.base.tests.test_cli: ERROR: Subtest TestCommand.test_help_subcommand (command='genproxytoken')
Traceback (most recent call last):
    raise CalledProcessError(retcode, process.args,
subprocess.CalledProcessError: Command '['/usr/bin/python3', PosixPath('/usr/lib/python3/dist-packages/odoo-bin'), '--addons-path=/mnt/extra-addons', 'genproxytoken', '--help']' returned non-zero exit status 2.
2026-04-08 12:25:37,298 1 ERROR odoo_ci_test odoo.addons.base.tests.test_cli: FAIL: TestCommand.test_shell
Traceback (most recent call last):
AssertionError: 2 is not false : exited with a non 0 code
2026-04-08 12:25:37,316 1 ERROR odoo_ci_test odoo.addons.base.tests.test_cli: FAIL: Subtest TestCommand.test_unknown_command [bonbon]
Traceback (most recent call last):
AssertionError: "/usr/bin/python3: can't open file '/usr/l[67 chars]tory" != "Unknown command 'bonbon'.\nUse 'odoo-bin [42 chars]nds."
2026-04-08 12:25:37,335 1 ERROR odoo_ci_test odoo.addons.base.tests.test_cli: FAIL: Subtest TestCommand.test_unknown_command [café]
Traceback (most recent call last):
AssertionError: "/usr/bin/python3: can't open file '/usr/l[67 chars]tory" != "Unknown command 'café'.\nUse 'odoo-bin --[40 chars]nds."
2026-04-08 12:25:37,353 1 ERROR odoo_ci_test odoo.addons.base.tests.test_cli: ERROR: TestCommand.test_upgrade_code_example
Traceback (most recent call last):
    raise CalledProcessError(retcode, process.args,
subprocess.CalledProcessError: Command '['/usr/bin/python3', PosixPath('/usr/lib/python3/dist-packages/odoo-bin'), '--addons-path=/mnt/extra-addons', 'upgrade_code', '--script', '17.5-00-example', '--dry-run']' returned non-zero exit status 2.
2026-04-08 12:25:37,372 1 ERROR odoo_ci_test odoo.addons.base.tests.test_cli: ERROR: TestCommand.test_upgrade_code_help
Traceback (most recent call last):
    raise CalledProcessError(retcode, process.args,
subprocess.CalledProcessError: Command '['/usr/bin/python3', PosixPath('/usr/lib/python3/dist-packages/odoo-bin'), '--addons-path=/mnt/extra-addons', 'upgrade_code', '--help']' returned non-zero exit status 2.
2026-04-08 12:25:59,526 1 INFO odoo_ci_test odoo.addons.base.tests.test_ir_attachment: Starting TestPermissions.test_write_error ... 
2026-04-08 12:25:59,540 1 INFO odoo_ci_test odoo.addons.base.tests.test_ir_cron: Starting TestIrCron.test_cron_failed_increase ... 
2026-04-08 12:26:29,540 1 INFO odoo_ci_test odoo.addons.base.tests.test_ir_cron: Starting TestIrCron.test_cron_process_jobs_status_failed ... 
2026-04-08 12:27:00,040 1 INFO odoo_ci_test odoo.addons.base.tests.test_ir_cron: Starting TestIrCron.test_cron_timeout_failure ... 
2026-04-08 12:26:02,048 1 INFO odoo_ci_test odoo.addons.base.tests.test_misc: Starting TestUrlJoin.test_not_string_fails ... 
2026-04-08 12:26:08,289 1 INFO odoo_ci_test odoo.addons.base.tests.test_test_retry: Starting TestRetryTraceback.test_retry_traceback_success ... 
2026-04-08 12:26:08,289 1 INFO odoo_ci_test odoo.addons.base.tests.test_test_retry: Starting TestRetryTracebackArg.test_retry_traceback_args_success ... 
2026-04-08 12:26:08,295 1 INFO odoo_ci_test odoo.addons.base.tests.test_test_retry: Starting TestRetryRollbackedCursorError.test_broken_cursor ... 
2026-04-08 12:26:08,298 1 INFO odoo_ci_test odoo.addons.base.tests.test_test_retry: Starting TestRetryCommitedCursorError.test_broken_cursor ... 
2026-04-08 12:26:08,317 1 INFO odoo_ci_test odoo.addons.base.tests.test_test_suite: Starting TestRunnerLogging.test_handle_error ... 
2026-04-08 12:26:08,319 1 INFO odoo_ci_test odoo.addons.base.tests.test_test_suite: Starting TestRunnerLogging.test_has_add_error ... 
2026-04-08 12:26:14,028 1 ERROR odoo_ci_test odoo.modules.loading: Module base: 3 failures, 20 errors of 965 tests 
2026-04-08 12:26:17,246 1 INFO odoo_ci_test odoo.addons.web.tests.test_reports: Starting TestReports.test_report_error_cleanup ... 
2026-04-08 12:26:27,381 1 INFO odoo_ci_test odoo.addons.base.models.res_users: Login failed for login:admin from 127.0.0.1 
2026-04-08 12:26:27,445 1 INFO odoo_ci_test odoo.addons.base.models.res_users: Login failed for login:admin from 127.0.0.1 
2026-04-08 12:26:27,500 1 INFO odoo_ci_test odoo.addons.base.models.res_users: Login failed for login:demo from 127.0.0.1 
2026-04-08 12:26:27,786 1 INFO odoo_ci_test odoo.addons.base.models.res_users: Login failed for login:demo from 127.0.0.1 
<string>:38: (ERROR/3) Unexpected indentation.
2026-04-08 12:26:32,937 1 INFO odoo_ci_test odoo.addons.mail.models.fetchmail: Fetched 1 email(s) on imap server test server; 1 succeeded, 0 failed. 
2026-04-08 12:26:50,870 1 INFO odoo_ci_test odoo.addons.auth_signup.tests.test_reset_password: Starting TestResetPassword.test_reset_password_mail_server_error ... 
2026-04-08 12:26:52,828 1 INFO odoo_ci_test odoo.addons.phone_validation.tests.test_phonenumbers: Starting TestPhonenumbers.test_phone_format_error ... 
<string>:26: (ERROR/3) Undefined substitution referenced: "-------".
<string>:26: (ERROR/3) Undefined substitution referenced: "-------------".
<string>:44: (ERROR/3) Undefined substitution referenced: "-------".
<string>:44: (ERROR/3) Undefined substitution referenced: "-------------".
<string>:58: (ERROR/3) Undefined substitution referenced: "-------".
<string>:58: (ERROR/3) Undefined substitution referenced: "-------------".
<string>:72: (ERROR/3) Undefined substitution referenced: "-------".
<string>:72: (ERROR/3) Undefined substitution referenced: "-------------".
<string>:85: (ERROR/3) Undefined substitution referenced: "-------".
<string>:85: (ERROR/3) Undefined substitution referenced: "-------------".
2026-04-08 12:26:53,545 1 ERROR odoo_ci_test odoo.addons.sports_federation_base.tests.test_base: FAIL: TestFederationClub.test_club_code_unique
Traceback (most recent call last):
AssertionError: Exception not raised
2026-04-08 12:26:53,561 1 ERROR odoo_ci_test odoo.addons.sports_federation_base.tests.test_base: ERROR: TestFederationClub.test_club_invalid_email
Traceback (most recent call last):
    raise models.ValidationError("Invalid email address.")
AttributeError: module 'odoo.models' has no attribute 'ValidationError'
2026-04-08 12:26:53,677 1 ERROR odoo_ci_test odoo.addons.sports_federation_base.tests.test_base: FAIL: TestFederationTeam.test_team_code_unique
Traceback (most recent call last):
AssertionError: Exception not raised
2026-04-08 12:26:53,682 1 ERROR odoo_ci_test odoo.addons.sports_federation_base.tests.test_base: ERROR: TestFederationTeam.test_team_name_search_by_code
Traceback (most recent call last):
AttributeError: 'federation.team' object has no attribute 'name_get'
2026-04-08 12:26:53,881 1 ERROR odoo_ci_test odoo.addons.sports_federation_base.tests.test_base: FAIL: TestFederationSeasonRegistration.test_duplicate_registration_rejected
Traceback (most recent call last):
AssertionError: Exception not raised
2026-04-08 12:26:53,944 1 ERROR odoo_ci_test odoo.modules.loading: Module sports_federation_base: 3 failures, 2 errors of 15 tests 
2026-04-08 12:26:57,225 1 ERROR odoo_ci_test odoo.modules.loading: At least one test failed when loading the modules. 
2026-04-08 12:27:18,238 1 INFO odoo_ci_test odoo.addons.base.tests.test_http_case: Starting TestHttpCase.test_console_error_object ... 
2026-04-08 12:27:18,241 1 INFO odoo_ci_test odoo.addons.base.tests.test_http_case: skipped TestHttpCase.test_console_error_object : websocket-client module is not installed 
2026-04-08 12:27:18,241 1 INFO odoo_ci_test odoo.addons.base.tests.test_http_case: Starting TestHttpCase.test_console_error_string ... 
2026-04-08 12:27:18,243 1 INFO odoo_ci_test odoo.addons.base.tests.test_http_case: skipped TestHttpCase.test_console_error_string : websocket-client module is not installed 
2026-04-08 12:27:19,681 1 INFO odoo_ci_test odoo.addons.base.tests.test_qweb: Starting TestQWebNS.test_render_dynamic_xml_with_code_error ... 
2026-04-08 12:27:19,853 1 INFO odoo_ci_test odoo.addons.base.tests.test_qweb: Starting TestQWebBasic.test_call_error ... 
2026-04-08 12:27:19,958 1 INFO odoo_ci_test odoo.addons.base.tests.test_qweb: Starting TestQWebBasic.test_error_message_1 ... 
2026-04-08 12:27:19,965 1 INFO odoo_ci_test odoo.addons.base.tests.test_qweb: Starting TestQWebBasic.test_error_message_10 ... 
2026-04-08 12:27:19,980 1 INFO odoo_ci_test odoo.addons.base.tests.test_qweb: Starting TestQWebBasic.test_error_message_11 ... 
2026-04-08 12:27:19,999 1 INFO odoo_ci_test odoo.addons.base.tests.test_qweb: Starting TestQWebBasic.test_error_message_12 ... 
2026-04-08 12:27:20,018 1 INFO odoo_ci_test odoo.addons.base.tests.test_qweb: Starting TestQWebBasic.test_error_message_13 ... 
2026-04-08 12:27:20,028 1 INFO odoo_ci_test odoo.addons.base.tests.test_qweb: Starting TestQWebBasic.test_error_message_14 ... 
2026-04-08 12:27:20,035 1 INFO odoo_ci_test odoo.addons.base.tests.test_qweb: Starting TestQWebBasic.test_error_message_2 ... 
2026-04-08 12:27:20,047 1 INFO odoo_ci_test odoo.addons.base.tests.test_qweb: Starting TestQWebBasic.test_error_message_3 ... 
2026-04-08 12:27:20,053 1 INFO odoo_ci_test odoo.addons.base.tests.test_qweb: Starting TestQWebBasic.test_error_message_4 ... 
2026-04-08 12:27:20,062 1 INFO odoo_ci_test odoo.addons.base.tests.test_qweb: Starting TestQWebBasic.test_error_message_5 ... 
2026-04-08 12:27:20,065 1 INFO odoo_ci_test odoo.addons.base.tests.test_qweb: Starting TestQWebBasic.test_error_message_6 ... 
2026-04-08 12:27:20,069 1 INFO odoo_ci_test odoo.addons.base.tests.test_qweb: Starting TestQWebBasic.test_error_message_7 ... 
2026-04-08 12:27:20,072 1 INFO odoo_ci_test odoo.addons.base.tests.test_qweb: Starting TestQWebBasic.test_error_message_8 ... 
2026-04-08 12:27:20,076 1 INFO odoo_ci_test odoo.addons.base.tests.test_qweb: Starting TestQWebBasic.test_error_message_9 ... 
2026-04-08 12:27:20,102 1 INFO odoo_ci_test odoo.addons.base.tests.test_qweb: Starting TestQWebBasic.test_foreach_as_error_1 ... 
2026-04-08 12:27:20,111 1 INFO odoo_ci_test odoo.addons.base.tests.test_qweb: Starting TestQWebBasic.test_foreach_as_error_2 ... 
2026-04-08 12:27:20,121 1 INFO odoo_ci_test odoo.addons.base.tests.test_qweb: Starting TestQWebBasic.test_foreach_as_error_3 ... 
2026-04-08 12:27:20,794 1 INFO odoo_ci_test odoo.addons.base.tests.test_qweb: Starting TestQWebBasic.test_set_error_1 ... 
2026-04-08 12:27:20,804 1 INFO odoo_ci_test odoo.addons.base.tests.test_qweb: Starting TestQWebBasic.test_set_error_2 ... 
2026-04-08 12:28:08,053 1 ERROR odoo_ci_test odoo.addons.base.tests.test_views: Please indicate why the always invisible fields are present in the view, or remove the field tag.
2026-04-08 12:28:14,916 1 INFO odoo_ci_test odoo.addons.base.models.res_users: Login failed for login:byl from localhost 
2026-04-08 12:30:05,994 1 INFO odoo_ci_test odoo.addons.mail.tests.test_mail_message: Starting TestMailMessage.test_unlink_failure_message_notify_author ... 
2026-04-08 12:30:18,946 1 ERROR odoo_ci_test odoo.tests.result: 6 failed, 22 error(s) of 1830 tests when loading database 'odoo_ci_test' 
