2026-04-08 13:46:25,869 1 INFO odoo_ci_test odoo.modules.loading: loading base/data/ir_demo_failure_data.xml 
<string>:38: (ERROR/3) Unexpected indentation.
<string>:26: (ERROR/3) Undefined substitution referenced: "-------".
<string>:26: (ERROR/3) Undefined substitution referenced: "-------------".
<string>:44: (ERROR/3) Undefined substitution referenced: "-------".
<string>:44: (ERROR/3) Undefined substitution referenced: "-------------".
<string>:58: (ERROR/3) Undefined substitution referenced: "-------".
<string>:58: (ERROR/3) Undefined substitution referenced: "-------------".
<string>:72: (ERROR/3) Undefined substitution referenced: "-------".
<string>:72: (ERROR/3) Undefined substitution referenced: "-------------".
<string>:85: (ERROR/3) Undefined substitution referenced: "-------".
<string>:85: (ERROR/3) Undefined substitution referenced: "-------------".
2026-04-08 13:46:36,872 1 ERROR odoo_ci_test odoo.sql_db: bad query: b'INSERT INTO "federation_club" ("active", "code", "create_date", "create_uid", "name", "write_date", "write_uid") VALUES (true, \'TC01\', \'2026-04-08T13:46:36.853755\'::timestamp, 1, \'Duplicate Code Club\', \'2026-04-08T13:46:36.853755\'::timestamp, 1) RETURNING "id"'
ERROR: duplicate key value violates unique constraint "federation_club_code_unique"
2026-04-08 13:46:36,980 1 ERROR odoo_ci_test odoo.sql_db: bad query: b'INSERT INTO "federation_team" ("active", "category", "club_id", "code", "create_date", "create_uid", "gender", "name", "write_date", "write_uid") VALUES (true, \'senior\', 3, \'SS01\', \'2026-04-08T13:46:36.952286\'::timestamp, 1, \'male\', \'Other Team\', \'2026-04-08T13:46:36.952286\'::timestamp, 1) RETURNING "id"'
ERROR: duplicate key value violates unique constraint "federation_team_code_unique"
2026-04-08 13:46:37,172 1 ERROR odoo_ci_test odoo.sql_db: bad query: b'INSERT INTO "federation_season_registration" ("create_date", "create_uid", "name", "registration_date", "season_id", "state", "team_id", "write_date", "write_uid") VALUES (\'2026-04-08T13:46:37.118300\'::timestamp, 1, \'REG/2026/00003\', \'2026-04-08\'::date, 4, \'draft\', 4, \'2026-04-08T13:46:37.118300\'::timestamp, 1) RETURNING "id"'
ERROR: duplicate key value violates unique constraint "federation_season_registration_team_season_unique"
<string>:16: (ERROR/3) Undefined substitution referenced: "--------".
<string>:27: (ERROR/3) Undefined substitution referenced: "-------".
<string>:27: (ERROR/3) Undefined substitution referenced: "-------------".
<string>:51: (ERROR/3) Undefined substitution referenced: "-------".
<string>:51: (ERROR/3) Undefined substitution referenced: "-------------".
<string>:67: (ERROR/3) Undefined substitution referenced: "------".
2026-04-08 13:46:39,759 1 ERROR odoo_ci_test odoo.sql_db: bad query: b'INSERT INTO "federation_player_license" ("club_id", "create_date", "create_uid", "expiry_date", "issue_date", "name", "player_id", "season_id", "state", "write_date", "write_uid") VALUES (6, \'2026-04-08T13:46:39.720146\'::timestamp, 1, \'2024-12-31\'::date, \'2024-02-01\'::date, \'LIC-004\', 3, 5, \'draft\', \'2026-04-08T13:46:39.720146\'::timestamp, 1) RETURNING "id"'
ERROR: duplicate key value violates unique constraint "federation_player_license_player_season_unique"
<string>:17: (ERROR/3) Undefined substitution referenced: "--------".
<string>:28: (ERROR/3) Undefined substitution referenced: "-------".
<string>:28: (ERROR/3) Undefined substitution referenced: "-------------".
<string>:45: (ERROR/3) Undefined substitution referenced: "-------".
<string>:45: (ERROR/3) Undefined substitution referenced: "-------------".
<string>:57: (ERROR/3) Undefined substitution referenced: "-------".
<string>:57: (ERROR/3) Undefined substitution referenced: "-------------".
<string>:69: (ERROR/3) Undefined substitution referenced: "-------".
<string>:69: (ERROR/3) Undefined substitution referenced: "-------------".
<string>:83: (ERROR/3) Undefined substitution referenced: "-------".
<string>:83: (ERROR/3) Undefined substitution referenced: "-------------".
<string>:17: (ERROR/3) Undefined substitution referenced: "--------".
<string>:29: (ERROR/3) Undefined substitution referenced: "-------".
<string>:29: (ERROR/3) Undefined substitution referenced: "-------------".
<string>:41: (ERROR/3) Undefined substitution referenced: "-------".
<string>:41: (ERROR/3) Undefined substitution referenced: "-------------".
<string>:62: (ERROR/3) Undefined substitution referenced: "-------".
<string>:62: (ERROR/3) Undefined substitution referenced: "-------------".
<string>:76: (ERROR/3) Undefined substitution referenced: "-------".
<string>:76: (ERROR/3) Undefined substitution referenced: "-------------".
<string>:90: (ERROR/3) Undefined substitution referenced: "-------".
<string>:90: (ERROR/3) Undefined substitution referenced: "-------------".
<string>:105: (ERROR/3) Undefined substitution referenced: "-------".
<string>:105: (ERROR/3) Undefined substitution referenced: "-------------".
2026-04-08 13:46:41,091 1 ERROR odoo_ci_test odoo.sql_db: bad query: b'INSERT INTO "federation_competition" ("active", "code", "competition_type", "create_date", "create_uid", "name", "sequence", "state", "write_date", "write_uid") VALUES (true, \'UNIQUE\', \'league\', \'2026-04-08T13:46:41.071864\'::timestamp, 1, \'Comp 2\', 10, \'draft\', \'2026-04-08T13:46:41.071864\'::timestamp, 1) RETURNING "id"'
ERROR: duplicate key value violates unique constraint "federation_competition_code_unique"
<string>:16: (ERROR/3) Undefined substitution referenced: "--------".
<string>:29: (ERROR/3) Undefined substitution referenced: "-------".
<string>:29: (ERROR/3) Undefined substitution referenced: "-------------".
<string>:48: (ERROR/3) Undefined substitution referenced: "-------".
<string>:48: (ERROR/3) Undefined substitution referenced: "-------------".
<string>:60: (ERROR/3) Undefined substitution referenced: "-------".
<string>:60: (ERROR/3) Undefined substitution referenced: "-------------".
<string>:69: (ERROR/3) Undefined substitution referenced: "-------".
<string>:17: (ERROR/3) Undefined substitution referenced: "--------".
<string>:29: (ERROR/3) Undefined substitution referenced: "-------".
<string>:29: (ERROR/3) Undefined substitution referenced: "-------------".
<string>:15: (ERROR/3) Undefined substitution referenced: "--------".
<string>:27: (ERROR/3) Undefined substitution referenced: "-------".
<string>:27: (ERROR/3) Undefined substitution referenced: "-------------".
<string>:42: (ERROR/3) Undefined substitution referenced: "-------".
<string>:42: (ERROR/3) Undefined substitution referenced: "-------------".
<string>:56: (ERROR/3) Undefined substitution referenced: "-------".
<string>:56: (ERROR/3) Undefined substitution referenced: "-------------".
2026-04-08 13:46:42,226 1 ERROR odoo_ci_test odoo.sql_db: bad query: b'INSERT INTO "federation_referee_certification" ("active", "create_date", "create_uid", "issue_date", "level", "name", "referee_id", "write_date", "write_uid") VALUES (true, \'2026-04-08T13:46:42.194556\'::timestamp, 1, \'2024-05-01\'::date, \'national\', \'CERT-003-DUP\', 2, \'2026-04-08T13:46:42.194556\'::timestamp, 1) RETURNING "id"'
ERROR: duplicate key value violates unique constraint "federation_referee_certification_referee_level_date_unique"
2026-04-08 13:46:42,383 1 ERROR odoo_ci_test odoo.sql_db: bad query: b'INSERT INTO "federation_match_referee" ("create_date", "create_uid", "match_id", "referee_id", "role", "state", "write_date", "write_uid") VALUES (\'2026-04-08T13:46:42.298049\'::timestamp, 1, 1, 3, \'head\', \'draft\', \'2026-04-08T13:46:42.298049\'::timestamp, 1) RETURNING "id"'
ERROR: duplicate key value violates unique constraint "federation_match_referee_match_referee_role_unique"
<string>:16: (ERROR/3) Undefined substitution referenced: "--------".
<string>:27: (ERROR/3) Undefined substitution referenced: "-------".
<string>:27: (ERROR/3) Undefined substitution referenced: "-------------".
<string>:42: (ERROR/3) Undefined substitution referenced: "--------".
<string>:42: (ERROR/3) Undefined substitution referenced: "-------------".
<string>:52: (ERROR/3) Undefined substitution referenced: "-------".
2026-04-08 13:46:43,109 1 ERROR odoo_ci_test odoo.sql_db: bad query: b'INSERT INTO "federation_match_sheet_line" ("create_date", "create_uid", "is_captain", "is_starter", "is_substitute", "match_sheet_id", "player_id", "write_date", "write_uid") VALUES (\'2026-04-08T13:46:43.044548\'::timestamp, 1, false, false, false, 3, 4, \'2026-04-08T13:46:43.044548\'::timestamp, 1) RETURNING "id"'
ERROR: duplicate key value violates unique constraint "federation_match_sheet_line_unique_match_sheet_player"
2026-04-08 13:46:43,122 1 ERROR odoo_ci_test odoo.sql_db: bad query: b'INSERT INTO "federation_match_sheet" ("create_date", "create_uid", "match_id", "name", "side", "state", "team_id", "write_date", "write_uid") VALUES (\'2026-04-08T13:46:43.044548\'::timestamp, 1, 3, \'Duplicate Home Sheet\', \'home\', \'draft\', 10, \'2026-04-08T13:46:43.044548\'::timestamp, 1) RETURNING "id"'
ERROR: duplicate key value violates unique constraint "federation_match_sheet_unique_match_team_side"
2026-04-08 13:46:43,222 1 ERROR odoo_ci_test odoo.tests.suite: ERROR: setUpClass (odoo.addons.sports_federation_rosters.tests.test_rosters.TestRosters)
Traceback (most recent call last):
    raise ValueError(f"Invalid field {field_name!r} in {self._name!r}")
ValueError: Invalid field 'season_id' in 'federation.competition'
2026-04-08 13:46:43,292 1 ERROR odoo_ci_test odoo.modules.loading: Module sports_federation_rosters: 0 failures, 1 errors of 5 tests 
2026-04-08 13:46:43,631 1 ERROR odoo_ci_test odoo.sql_db: bad query: b'INSERT INTO "federation_standing_line" ("create_date", "create_uid", "drawn", "eliminated", "lost", "participant_id", "played", "points", "qualified", "score_against", "score_for", "standing_id", "won", "write_date", "write_uid") VALUES (\'2026-04-08T13:46:43.464479\'::timestamp, 1, 0, false, 0, 2, 0, 0, false, 0, 0, 7, 0, \'2026-04-08T13:46:43.464479\'::timestamp, 1) RETURNING "id"'
ERROR: duplicate key value violates unique constraint "federation_standing_line_unique_standing_participant"
2026-04-08 13:46:44,728 1 ERROR odoo_ci_test odoo.sql_db: bad query: b'INSERT INTO "federation_playing_area" ("active", "create_date", "create_uid", "name", "surface_type", "venue_id", "write_date", "write_uid") VALUES (true, \'2026-04-08T13:46:44.678245\'::timestamp, 1, \'Main Field\', \'indoor\', 3, \'2026-04-08T13:46:44.678245\'::timestamp, 1) RETURNING "id"'
ERROR: duplicate key value violates unique constraint "federation_playing_area_unique_venue_name"
<string>:16: (ERROR/3) Undefined substitution referenced: "--------".
<string>:27: (ERROR/3) Undefined substitution referenced: "-------".
<string>:27: (ERROR/3) Undefined substitution referenced: "-------------".
<string>:49: (ERROR/3) Undefined substitution referenced: "-------".
<string>:49: (ERROR/3) Undefined substitution referenced: "-------------".
2026-04-08 13:46:51,658 1 INFO odoo_ci_test odoo.addons.sports_federation_competition_engine.tests.test_knockout: skipped TestKnockout.test_bye_seeding_top_seeds : Knockout bye logic IndexError — needs engine fix 
2026-04-08 13:46:51,903 1 INFO odoo_ci_test odoo.addons.sports_federation_competition_engine.tests.test_knockout: skipped TestKnockout.test_six_teams_power_of_two : Knockout bye logic IndexError — needs engine fix 
2026-04-08 13:46:51,904 1 INFO odoo_ci_test odoo.addons.sports_federation_competition_engine.tests.test_knockout: skipped TestKnockout.test_three_teams_power_of_two : Knockout bye logic IndexError — needs engine fix 
<string>:70: (ERROR/3) Unexpected indentation.
<string>:73: (ERROR/3) Unexpected indentation.
<string>:45: (ERROR/3) Undefined substitution referenced: "-------".
<string>:45: (ERROR/3) Undefined substitution referenced: "--------".
<string>:55: (ERROR/3) Undefined substitution referenced: "-------".
<string>:55: (ERROR/3) Undefined substitution referenced: "--------".
2026-04-08 13:46:53,989 1 ERROR odoo_ci_test odoo.sql_db: bad query: b'INSERT INTO "federation_club_representative" ("active", "club_id", "create_date", "create_uid", "is_primary", "partner_id", "role", "role_type_id", "write_date", "write_uid") VALUES (true, 21, \'2026-04-08T13:46:53.890310\'::timestamp, 1, false, 6, \'primary\', 1, \'2026-04-08T13:46:53.890310\'::timestamp, 1) RETURNING "id"'
ERROR: duplicate key value violates unique constraint "federation_club_representative_partner_club_role_unique"
<string>:15: (ERROR/3) Undefined substitution referenced: "--------".
<string>:27: (ERROR/3) Undefined substitution referenced: "-------".
<string>:27: (ERROR/3) Undefined substitution referenced: "-------------".
<string>:37: (ERROR/3) Undefined substitution referenced: "-------".
<string>:37: (ERROR/3) Undefined substitution referenced: "-------------".
<string>:46: (ERROR/3) Undefined substitution referenced: "-------".
<string>:46: (ERROR/3) Undefined substitution referenced: "-------------".
<string>:16: (ERROR/3) Undefined substitution referenced: "--------".
<string>:31: (ERROR/3) Undefined substitution referenced: "-------".
<string>:31: (ERROR/3) Undefined substitution referenced: "-------------".
<string>:46: (ERROR/3) Undefined substitution referenced: "-------".
<string>:46: (ERROR/3) Undefined substitution referenced: "-------------".
<string>:69: (ERROR/3) Undefined substitution referenced: "-------".
<string>:69: (ERROR/3) Undefined substitution referenced: "-------------".
<string>:17: (ERROR/3) Undefined substitution referenced: "--------".
<string>:32: (ERROR/3) Undefined substitution referenced: "-------".
<string>:32: (ERROR/3) Undefined substitution referenced: "-------------".
<string>:45: (ERROR/3) Undefined substitution referenced: "-------".
<string>:45: (ERROR/3) Undefined substitution referenced: "-------------".
2026-04-08 13:46:55,632 1 ERROR odoo_ci_test odoo.addons.sports_federation_finance_bridge.tests.test_finance_hooks: ERROR: TestFinanceHooks.test_venue_finance_event_created
Traceback (most recent call last):
AttributeError: 'federation.match' object has no attribute 'venue'
2026-04-08 13:46:55,645 1 ERROR odoo_ci_test odoo.addons.sports_federation_finance_bridge.tests.test_finance_hooks: ERROR: TestFinanceHooks.test_venue_finance_event_creates_fee_type_if_missing
Traceback (most recent call last):
AttributeError: 'federation.match' object has no attribute 'venue'
2026-04-08 13:46:55,645 1 INFO odoo_ci_test odoo.addons.sports_federation_finance_bridge.tests.test_finance_hooks: Starting TestFinanceHooks.test_venue_finance_event_fails_without_venue ... 
2026-04-08 13:46:55,661 1 ERROR odoo_ci_test odoo.addons.sports_federation_finance_bridge.tests.test_finance_hooks: ERROR: TestFinanceHooks.test_venue_finance_event_fails_without_venue
Traceback (most recent call last):
  File "/mnt/extra-addons/sports_federation_finance_bridge/tests/test_finance_hooks.py", line 101, in test_venue_finance_event_fails_without_venue
AttributeError: 'federation.match' object has no attribute 'venue'
2026-04-08 13:46:55,744 1 ERROR odoo_ci_test odoo.modules.loading: Module sports_federation_finance_bridge: 0 failures, 3 errors of 14 tests 
<string>:16: (ERROR/3) Undefined substitution referenced: "--------".
<string>:30: (ERROR/3) Undefined substitution referenced: "-------".
<string>:30: (ERROR/3) Undefined substitution referenced: "-------------".
<string>:46: (ERROR/3) Undefined substitution referenced: "--------".
<string>:54: (ERROR/3) Undefined substitution referenced: "------".
2026-04-08 13:46:56,009 1 INFO odoo_ci_test odoo.addons.sports_federation_notifications.tests.test_notifications: Starting TestNotifications.test_cron_method_runs_without_error ... 
<string>:17: (ERROR/3) Undefined substitution referenced: "--------".
<string>:34: (ERROR/3) Undefined substitution referenced: "-------".
<string>:34: (ERROR/3) Undefined substitution referenced: "-------------".
<string>:46: (ERROR/3) Undefined substitution referenced: "-------".
<string>:46: (ERROR/3) Undefined substitution referenced: "-------------".
<string>:57: (ERROR/3) Undefined substitution referenced: "-------".
<string>:57: (ERROR/3) Undefined substitution referenced: "-------------".
<string>:69: (ERROR/3) Undefined substitution referenced: "-------".
<string>:69: (ERROR/3) Undefined substitution referenced: "-------------".
2026-04-08 13:46:57,128 1 ERROR odoo_ci_test odoo.modules.loading: At least one test failed when loading the modules. 
2026-04-08 13:46:57,173 1 ERROR odoo_ci_test odoo.tests.result: 0 failed, 4 error(s) of 219 tests when loading database 'odoo_ci_test' 
