2026-04-11 06:55:18,322 1 INFO odoo_ci_test odoo.modules.loading: loading base/data/ir_demo_failure_data.xml 
<string>:38: (ERROR/3) Unexpected indentation.
<string>:26: (ERROR/3) Undefined substitution referenced: "-------".
<string>:26: (ERROR/3) Undefined substitution referenced: "-------------".
<string>:44: (ERROR/3) Undefined substitution referenced: "-------".
<string>:44: (ERROR/3) Undefined substitution referenced: "-------------".
<string>:58: (ERROR/3) Undefined substitution referenced: "-------".
<string>:58: (ERROR/3) Undefined substitution referenced: "-------------".
<string>:73: (ERROR/3) Undefined substitution referenced: "-------".
<string>:73: (ERROR/3) Undefined substitution referenced: "-------------".
<string>:93: (ERROR/3) Undefined substitution referenced: "-------".
<string>:93: (ERROR/3) Undefined substitution referenced: "-------------".
<string>:17: (ERROR/3) Undefined substitution referenced: "--------".
<string>:28: (ERROR/3) Undefined substitution referenced: "-------".
<string>:28: (ERROR/3) Undefined substitution referenced: "-------------".
<string>:45: (ERROR/3) Undefined substitution referenced: "-------".
<string>:45: (ERROR/3) Undefined substitution referenced: "-------------".
<string>:57: (ERROR/3) Undefined substitution referenced: "-------".
<string>:57: (ERROR/3) Undefined substitution referenced: "-------------".
<string>:69: (ERROR/3) Undefined substitution referenced: "-------".
<string>:69: (ERROR/3) Undefined substitution referenced: "-------------".
<string>:83: (ERROR/3) Undefined substitution referenced: "-------".
<string>:83: (ERROR/3) Undefined substitution referenced: "-------------".
<string>:98: (ERROR/3) Undefined substitution referenced: "-------".
View error context:
View error context:
2026-04-11 06:55:31,261 1 INFO odoo_ci_test odoo.addons.sports_federation_competition_engine.tests.test_knockout: skipped TestKnockout.test_bye_seeding_top_seeds : Knockout bye logic IndexError — needs engine fix 
2026-04-11 06:55:31,484 1 INFO odoo_ci_test odoo.addons.sports_federation_competition_engine.tests.test_knockout: skipped TestKnockout.test_six_teams_power_of_two : Knockout bye logic IndexError — needs engine fix 
2026-04-11 06:55:31,487 1 INFO odoo_ci_test odoo.addons.sports_federation_competition_engine.tests.test_knockout: skipped TestKnockout.test_three_teams_power_of_two : Knockout bye logic IndexError — needs engine fix 
2026-04-11 06:55:32,901 1 INFO odoo_ci_test odoo.tests.result: 0 failed, 0 error(s) of 29 tests when loading database 'odoo_ci_test' 
