 Container sf_ci-ci-db-1  Running
Running as user 'root' is a security risk.
2026-04-08 12:39:26,563 1 WARNING ? odoo.tools.config: missing --http-interface/http_interface, using 0.0.0.0 by default, will change to 127.0.0.1 in 20.0 
2026-04-08 12:39:26,564 1 INFO ? odoo: Odoo version 19.0-20260324 
2026-04-08 12:39:26,564 1 INFO ? odoo: Using configuration file at /etc/odoo/odoo.conf 
2026-04-08 12:39:26,564 1 INFO ? odoo: addons paths: _NamespacePath(['/usr/lib/python3/dist-packages/odoo/addons', '/var/lib/odoo/addons/19.0', '/mnt/extra-addons', '/usr/lib/python3/dist-packages/addons']) 
2026-04-08 12:39:26,564 1 INFO ? odoo: database: odoo@ci-db:5432 
2026-04-08 12:39:26,827 1 INFO ? odoo.service.server: HTTP service (werkzeug) running on 9682276cc55b:8069 
2026-04-08 12:39:26,845 1 INFO odoo_ci_test odoo.tests.common: Importing test framework 
2026-04-08 12:39:26,872 1 INFO odoo_ci_test odoo.modules.loading: Initializing database odoo_ci_test 
2026-04-08 12:39:27,942 1 INFO odoo_ci_test odoo.modules.loading: loading 1 modules... 
2026-04-08 12:39:27,942 1 INFO odoo_ci_test odoo.modules.loading: Loading module base (1/1) 
2026-04-08 12:39:27,970 1 INFO odoo_ci_test odoo.registry: module base: creating or updating database tables 
2026-04-08 12:39:28,211 1 INFO odoo_ci_test odoo.models: Prepare computation of ir.module.module.menus_by_module 
2026-04-08 12:39:28,211 1 INFO odoo_ci_test odoo.models: Prepare computation of ir.module.module.reports_by_module 
2026-04-08 12:39:28,211 1 INFO odoo_ci_test odoo.models: Prepare computation of ir.module.module.views_by_module 
2026-04-08 12:39:28,284 1 INFO odoo_ci_test odoo.models: Prepare computation of res.partner.user_id 
2026-04-08 12:39:28,284 1 INFO odoo_ci_test odoo.models: Prepare computation of res.partner.commercial_partner_id 
2026-04-08 12:39:28,284 1 INFO odoo_ci_test odoo.models: Prepare computation of res.partner.complete_name 
2026-04-08 12:39:28,284 1 INFO odoo_ci_test odoo.models: Prepare computation of res.partner.lang 
2026-04-08 12:39:28,284 1 INFO odoo_ci_test odoo.models: Prepare computation of res.partner.company_registry 
2026-04-08 12:39:28,284 1 INFO odoo_ci_test odoo.models: Prepare computation of res.partner.commercial_company_name 
2026-04-08 12:39:28,285 1 INFO odoo_ci_test odoo.models: Prepare computation of res.partner.properties 
2026-04-08 12:39:28,285 1 INFO odoo_ci_test odoo.models: Prepare computation of res.partner.partner_share 
2026-04-08 12:39:28,307 1 INFO odoo_ci_test odoo.models: Prepare computation of res.currency.decimal_places 
2026-04-08 12:39:28,324 1 INFO odoo_ci_test odoo.models: Prepare computation of res.company.uses_default_logo 
2026-04-08 12:39:28,324 1 INFO odoo_ci_test odoo.models: Prepare computation of res.company.logo_web 
2026-04-08 12:39:28,325 1 INFO odoo_ci_test odoo.models: Computing parent_path for table res_company... 
2026-04-08 12:39:28,346 1 INFO odoo_ci_test odoo.models: Prepare computation of res.users.signature 
2026-04-08 12:39:28,346 1 INFO odoo_ci_test odoo.models: Prepare computation of res.users.share 
2026-04-08 12:39:29,591 1 INFO odoo_ci_test odoo.modules.loading: loading base/data/res_bank.xml 
2026-04-08 12:39:29,596 1 INFO odoo_ci_test odoo.modules.loading: loading base/data/res.lang.csv 
2026-04-08 12:39:29,634 1 INFO odoo_ci_test odoo.modules.loading: loading base/data/res_lang_data.xml 
2026-04-08 12:39:29,664 1 INFO odoo_ci_test odoo.modules.loading: loading base/data/res_partner_data.xml 
2026-04-08 12:39:29,708 1 INFO odoo_ci_test odoo.modules.loading: loading base/data/res_currency_data.xml 
2026-04-08 12:39:30,135 1 INFO odoo_ci_test odoo.modules.loading: loading base/data/res_company_data.xml 
2026-04-08 12:39:30,142 1 INFO odoo_ci_test odoo.modules.loading: loading base/data/res_users_data.xml 
2026-04-08 12:39:31,162 1 INFO odoo_ci_test odoo.modules.loading: loading base/data/report_paperformat_data.xml 
2026-04-08 12:39:31,169 1 INFO odoo_ci_test odoo.modules.loading: loading base/data/res_country_data.xml 
2026-04-08 12:39:31,702 1 INFO odoo_ci_test odoo.modules.loading: loading base/data/ir_demo_data.xml 
2026-04-08 12:39:31,715 1 INFO odoo_ci_test odoo.modules.loading: loading base/security/base_groups.xml 
2026-04-08 12:39:31,900 1 INFO odoo_ci_test odoo.modules.loading: loading base/security/base_security.xml 
2026-04-08 12:39:32,075 1 INFO odoo_ci_test odoo.modules.loading: loading base/wizard/wizard_ir_model_menu_create_views.xml 
2026-04-08 12:39:32,087 1 INFO odoo_ci_test odoo.modules.loading: loading base/views/base_menus.xml 
2026-04-08 12:39:32,146 1 INFO odoo_ci_test odoo.modules.loading: loading base/views/decimal_precision_views.xml 
2026-04-08 12:39:32,167 1 INFO odoo_ci_test odoo.modules.loading: loading base/views/res_config_views.xml 
2026-04-08 12:39:32,175 1 INFO odoo_ci_test odoo.modules.loading: loading base/data/res.country.state.csv 
2026-04-08 12:39:32,509 1 INFO odoo_ci_test odoo.modules.loading: loading base/views/ir_actions_views.xml 
2026-04-08 12:39:32,653 1 INFO odoo_ci_test odoo.modules.loading: loading base/views/ir_asset_views.xml 
2026-04-08 12:39:32,670 1 INFO odoo_ci_test odoo.modules.loading: loading base/views/ir_config_parameter_views.xml 
2026-04-08 12:39:32,689 1 INFO odoo_ci_test odoo.modules.loading: loading base/views/ir_cron_views.xml 
2026-04-08 12:39:32,719 1 INFO odoo_ci_test odoo.modules.loading: loading base/views/ir_cron_trigger_views.xml 
2026-04-08 12:39:32,737 1 INFO odoo_ci_test odoo.modules.loading: loading base/views/ir_filters_views.xml 
2026-04-08 12:39:32,762 1 INFO odoo_ci_test odoo.modules.loading: loading base/views/ir_mail_server_views.xml 
2026-04-08 12:39:32,783 1 INFO odoo_ci_test odoo.modules.loading: loading base/views/ir_model_views.xml 
2026-04-08 12:39:32,919 1 INFO odoo_ci_test odoo.modules.loading: loading base/views/ir_attachment_views.xml 
2026-04-08 12:39:32,942 1 INFO odoo_ci_test odoo.modules.loading: loading base/views/ir_rule_views.xml 
2026-04-08 12:39:32,962 1 INFO odoo_ci_test odoo.modules.loading: loading base/views/ir_sequence_views.xml 
2026-04-08 12:39:32,985 1 INFO odoo_ci_test odoo.modules.loading: loading base/views/ir_ui_menu_views.xml 
2026-04-08 12:39:33,005 1 INFO odoo_ci_test odoo.modules.loading: loading base/views/ir_ui_view_views.xml 
2026-04-08 12:39:33,057 1 INFO odoo_ci_test odoo.modules.loading: loading base/views/ir_default_views.xml 
2026-04-08 12:39:33,076 1 INFO odoo_ci_test odoo.modules.loading: loading base/data/ir_config_parameter_data.xml 
2026-04-08 12:39:33,080 1 INFO odoo_ci_test odoo.modules.loading: loading base/data/ir_cron_data.xml 
2026-04-08 12:39:33,093 1 INFO odoo_ci_test odoo.modules.loading: loading base/report/ir_model_report.xml 
2026-04-08 12:39:33,097 1 INFO odoo_ci_test odoo.modules.loading: loading base/report/ir_model_templates.xml 
2026-04-08 12:39:33,106 1 INFO odoo_ci_test odoo.modules.loading: loading base/views/ir_logging_views.xml 
2026-04-08 12:39:33,127 1 INFO odoo_ci_test odoo.modules.loading: loading base/views/ir_qweb_widget_templates.xml 
2026-04-08 12:39:33,141 1 INFO odoo_ci_test odoo.modules.loading: loading base/views/ir_module_views.xml 
2026-04-08 12:39:33,197 1 INFO odoo_ci_test odoo.modules.loading: loading base/data/ir_module_category_data.xml 
2026-04-08 12:39:33,236 1 INFO odoo_ci_test odoo.modules.loading: loading base/data/ir_module_module.xml 
2026-04-08 12:39:33,294 1 INFO odoo_ci_test odoo.modules.loading: loading base/report/ir_module_reports.xml 
2026-04-08 12:39:33,298 1 INFO odoo_ci_test odoo.modules.loading: loading base/report/ir_module_report_templates.xml 
2026-04-08 12:39:33,305 1 INFO odoo_ci_test odoo.modules.loading: loading base/wizard/base_module_update_views.xml 
2026-04-08 12:39:33,318 1 INFO odoo_ci_test odoo.modules.loading: loading base/wizard/base_language_install_views.xml 
2026-04-08 12:39:33,334 1 INFO odoo_ci_test odoo.modules.loading: loading base/wizard/base_import_language_views.xml 
2026-04-08 12:39:33,345 1 INFO odoo_ci_test odoo.modules.loading: loading base/wizard/base_module_upgrade_views.xml 
2026-04-08 12:39:33,362 1 INFO odoo_ci_test odoo.modules.loading: loading base/wizard/base_module_uninstall_views.xml 
2026-04-08 12:39:33,371 1 INFO odoo_ci_test odoo.modules.loading: loading base/wizard/base_export_language_views.xml 
2026-04-08 12:39:33,384 1 INFO odoo_ci_test odoo.modules.loading: loading base/wizard/base_partner_merge_views.xml 
2026-04-08 12:39:33,399 1 INFO odoo_ci_test odoo.modules.loading: loading base/data/ir_demo_failure_data.xml 
2026-04-08 12:39:33,418 1 INFO odoo_ci_test odoo.modules.loading: loading base/views/ir_profile_views.xml 
2026-04-08 12:39:33,443 1 INFO odoo_ci_test odoo.modules.loading: loading base/views/res_company_views.xml 
2026-04-08 12:39:33,463 1 INFO odoo_ci_test odoo.modules.loading: loading base/views/res_lang_views.xml 
2026-04-08 12:39:33,483 1 INFO odoo_ci_test odoo.modules.loading: loading base/views/res_partner_views.xml 
2026-04-08 12:39:33,566 1 INFO odoo_ci_test odoo.modules.loading: loading base/views/res_bank_views.xml 
2026-04-08 12:39:33,598 1 INFO odoo_ci_test odoo.modules.loading: loading base/views/res_country_views.xml 
2026-04-08 12:39:33,638 1 INFO odoo_ci_test odoo.modules.loading: loading base/views/res_currency_views.xml 
2026-04-08 12:39:33,673 1 INFO odoo_ci_test odoo.modules.loading: loading base/views/res_groups_views.xml 
2026-04-08 12:39:33,717 1 INFO odoo_ci_test odoo.modules.loading: loading base/views/res_users_views.xml 
2026-04-08 12:39:33,804 1 INFO odoo_ci_test odoo.modules.loading: loading base/views/res_users_apikeys_views.xml 
2026-04-08 12:39:33,810 1 INFO odoo_ci_test odoo.modules.loading: loading base/views/res_device_views.xml 
2026-04-08 12:39:33,830 1 INFO odoo_ci_test odoo.modules.loading: loading base/views/res_users_identitycheck_views.xml 
2026-04-08 12:39:33,838 1 INFO odoo_ci_test odoo.modules.loading: loading base/views/res_config_settings_views.xml 
2026-04-08 12:39:33,846 1 INFO odoo_ci_test odoo.modules.loading: loading base/views/report_paperformat_views.xml 
2026-04-08 12:39:33,869 1 INFO odoo_ci_test odoo.modules.loading: loading base/security/ir.model.access.csv 
2026-04-08 12:39:34,169 1 INFO odoo_ci_test odoo.modules.loading: Module base loaded in 6.23s, 8397 queries (+8397 other) 
2026-04-08 12:39:34,170 1 INFO odoo_ci_test odoo.modules.loading: 1 modules loaded in 6.23s, 8397 queries (+8397 extra) 
2026-04-08 12:39:34,172 1 INFO odoo_ci_test odoo.modules.loading: updating modules list 
2026-04-08 12:39:34,173 1 INFO odoo_ci_test odoo.addons.base.models.ir_module: ALLOW access to module.update_list on [] to user __system__ #1 via n/a 
2026-04-08 12:39:34,983 1 INFO odoo_ci_test odoo.addons.base.models.ir_module: ALLOW access to module.button_install on ['Sports Federation Base'] to user __system__ #1 via n/a 
2026-04-08 12:39:35,055 1 INFO odoo_ci_test odoo.modules.loading: loading 28 modules... 
2026-04-08 12:39:35,055 1 INFO odoo_ci_test odoo.modules.loading: Loading module rpc (2/28) 
2026-04-08 12:39:35,070 1 INFO odoo_ci_test odoo.modules.loading: Module rpc loaded in 0.01s, 9 queries (+9 other) 
2026-04-08 12:39:35,070 1 INFO odoo_ci_test odoo.modules.loading: Loading module web (3/28) 
2026-04-08 12:39:35,100 1 INFO odoo_ci_test odoo.registry: module web: creating or updating database tables 
2026-04-08 12:39:35,524 1 INFO odoo_ci_test odoo.modules.loading: loading web/security/ir.model.access.csv 
2026-04-08 12:39:35,531 1 INFO odoo_ci_test odoo.modules.loading: loading web/security/web_security.xml 
2026-04-08 12:39:35,542 1 INFO odoo_ci_test odoo.modules.loading: loading web/views/webclient_templates.xml 
2026-04-08 12:39:35,591 1 INFO odoo_ci_test odoo.modules.loading: loading web/views/report_templates.xml 
2026-04-08 12:39:35,675 1 INFO odoo_ci_test odoo.modules.loading: loading web/views/base_document_layout_views.xml 
2026-04-08 12:39:35,690 1 INFO odoo_ci_test odoo.modules.loading: loading web/views/partner_view.xml 
2026-04-08 12:39:35,696 1 INFO odoo_ci_test odoo.modules.loading: loading web/views/speedscope_template.xml 
2026-04-08 12:39:35,701 1 INFO odoo_ci_test odoo.modules.loading: loading web/views/memory_template.xml 
2026-04-08 12:39:35,707 1 INFO odoo_ci_test odoo.modules.loading: loading web/views/speedscope_config_wizard.xml 
2026-04-08 12:39:35,713 1 INFO odoo_ci_test odoo.modules.loading: loading web/views/neutralize_views.xml 
2026-04-08 12:39:35,721 1 INFO odoo_ci_test odoo.modules.loading: loading web/views/ir_ui_view_views.xml 
2026-04-08 12:39:35,730 1 INFO odoo_ci_test odoo.modules.loading: loading web/data/ir_attachment.xml 
2026-04-08 12:39:35,734 1 INFO odoo_ci_test odoo.modules.loading: loading web/data/report_layout.xml 
2026-04-08 12:39:35,787 1 INFO odoo_ci_test odoo.modules.loading: Module web loaded in 0.72s, 1232 queries (+1232 other) 
2026-04-08 12:39:35,787 1 INFO odoo_ci_test odoo.modules.loading: Loading module api_doc (4/28) 
2026-04-08 12:39:35,792 1 INFO odoo_ci_test odoo.registry: module api_doc: creating or updating database tables 
2026-04-08 12:39:35,807 1 INFO odoo_ci_test odoo.modules.loading: loading api_doc/security/res_groups.xml 
2026-04-08 12:39:35,827 1 INFO odoo_ci_test odoo.modules.loading: loading api_doc/views/docclient.xml 
2026-04-08 12:39:35,844 1 INFO odoo_ci_test odoo.modules.loading: Module api_doc loaded in 0.06s, 63 queries (+63 other) 
2026-04-08 12:39:35,844 1 INFO odoo_ci_test odoo.modules.loading: Loading module auth_totp (5/28) 
2026-04-08 12:39:35,859 1 INFO odoo_ci_test odoo.registry: module auth_totp: creating or updating database tables 
2026-04-08 12:39:35,919 1 INFO odoo_ci_test odoo.modules.loading: loading auth_totp/security/security.xml 
2026-04-08 12:39:35,939 1 INFO odoo_ci_test odoo.modules.loading: loading auth_totp/security/ir.model.access.csv 
2026-04-08 12:39:35,945 1 INFO odoo_ci_test odoo.modules.loading: loading auth_totp/data/ir_action_data.xml 
2026-04-08 12:39:35,951 1 INFO odoo_ci_test odoo.modules.loading: loading auth_totp/views/res_users_views.xml 
2026-04-08 12:39:35,977 1 INFO odoo_ci_test odoo.modules.loading: loading auth_totp/views/templates.xml 
2026-04-08 12:39:35,981 1 INFO odoo_ci_test odoo.modules.loading: loading auth_totp/wizard/auth_totp_wizard_views.xml 
2026-04-08 12:39:36,002 1 INFO odoo_ci_test odoo.modules.loading: Module auth_totp loaded in 0.16s, 218 queries (+218 other) 
2026-04-08 12:39:36,002 1 INFO odoo_ci_test odoo.modules.loading: Loading module base_import (6/28) 
2026-04-08 12:39:36,036 1 INFO odoo_ci_test odoo.registry: module base_import: creating or updating database tables 
2026-04-08 12:39:36,457 1 INFO odoo_ci_test odoo.modules.loading: loading base_import/security/ir.model.access.csv 
2026-04-08 12:39:36,469 1 INFO odoo_ci_test odoo.modules.loading: Module base_import loaded in 0.47s, 956 queries (+956 other) 
2026-04-08 12:39:36,470 1 INFO odoo_ci_test odoo.modules.loading: Loading module base_import_module (7/28) 
2026-04-08 12:39:36,476 1 INFO odoo_ci_test odoo.registry: module base_import_module: creating or updating database tables 
2026-04-08 12:39:36,529 1 INFO odoo_ci_test odoo.modules.loading: loading base_import_module/security/ir.model.access.csv 
2026-04-08 12:39:36,534 1 INFO odoo_ci_test odoo.modules.loading: loading base_import_module/views/base_import_module_view.xml 
2026-04-08 12:39:36,551 1 INFO odoo_ci_test odoo.modules.loading: loading base_import_module/views/ir_module_views.xml 
2026-04-08 12:39:36,592 1 INFO odoo_ci_test odoo.modules.loading: Module base_import_module loaded in 0.12s, 172 queries (+172 other) 
2026-04-08 12:39:36,592 1 INFO odoo_ci_test odoo.modules.loading: Loading module base_setup (8/28) 
2026-04-08 12:39:36,600 1 INFO odoo_ci_test odoo.registry: module base_setup: creating or updating database tables 
2026-04-08 12:39:36,639 1 INFO odoo_ci_test odoo.modules.loading: loading base_setup/data/base_setup_data.xml 
2026-04-08 12:39:36,643 1 INFO odoo_ci_test odoo.modules.loading: loading base_setup/views/res_config_settings_views.xml 
2026-04-08 12:39:36,671 1 INFO odoo_ci_test odoo.modules.loading: loading base_setup/views/res_partner_views.xml 
2026-04-08 12:39:36,689 1 INFO odoo_ci_test odoo.modules.loading: Module base_setup loaded in 0.10s, 152 queries (+152 other) 
2026-04-08 12:39:36,689 1 INFO odoo_ci_test odoo.modules.loading: Loading module bus (9/28) 
2026-04-08 12:39:36,706 1 INFO odoo_ci_test odoo.registry: module bus: creating or updating database tables 
2026-04-08 12:39:36,787 1 INFO odoo_ci_test odoo.modules.loading: loading bus/security/ir.model.access.csv 
2026-04-08 12:39:36,801 1 INFO odoo_ci_test odoo.modules.loading: Module bus loaded in 0.11s, 152 queries (+152 other) 
2026-04-08 12:39:36,801 1 INFO odoo_ci_test odoo.modules.loading: Loading module web_tour (10/28) 
2026-04-08 12:39:36,808 1 INFO odoo_ci_test odoo.registry: module web_tour: creating or updating database tables 
2026-04-08 12:39:36,812 1 INFO odoo_ci_test odoo.models: Prepare computation of res.users.tour_enabled 
2026-04-08 12:39:36,874 1 INFO odoo_ci_test odoo.modules.loading: loading web_tour/security/ir.model.access.csv 
2026-04-08 12:39:36,881 1 INFO odoo_ci_test odoo.modules.loading: loading web_tour/views/tour_views.xml 
2026-04-08 12:39:36,917 1 INFO odoo_ci_test odoo.modules.loading: Module web_tour loaded in 0.12s, 180 queries (+180 other) 
2026-04-08 12:39:36,917 1 INFO odoo_ci_test odoo.modules.loading: Loading module auth_passkey (11/28) 
2026-04-08 12:39:36,950 1 INFO odoo_ci_test odoo.registry: module auth_passkey: creating or updating database tables 
2026-04-08 12:39:37,002 1 INFO odoo_ci_test odoo.modules.loading: loading auth_passkey/views/auth_passkey_key_views.xml 
2026-04-08 12:39:37,023 1 INFO odoo_ci_test odoo.modules.loading: loading auth_passkey/views/auth_passkey_login_templates.xml 
2026-04-08 12:39:37,037 1 INFO odoo_ci_test odoo.modules.loading: loading auth_passkey/views/res_users_identitycheck_views.xml 
2026-04-08 12:39:37,046 1 INFO odoo_ci_test odoo.modules.loading: loading auth_passkey/views/res_users_views.xml 
2026-04-08 12:39:37,063 1 INFO odoo_ci_test odoo.modules.loading: loading auth_passkey/security/ir.model.access.csv 
2026-04-08 12:39:37,070 1 INFO odoo_ci_test odoo.modules.loading: loading auth_passkey/security/security.xml 
2026-04-08 12:39:37,094 1 INFO odoo_ci_test odoo.modules.loading: Module auth_passkey loaded in 0.18s, 218 queries (+218 other) 
2026-04-08 12:39:37,094 1 INFO odoo_ci_test odoo.modules.loading: Loading module html_editor (12/28) 
2026-04-08 12:39:37,248 1 INFO odoo_ci_test odoo.registry: module html_editor: creating or updating database tables 
2026-04-08 12:39:37,708 1 INFO odoo_ci_test odoo.modules.loading: loading html_editor/security/ir.model.access.csv 
2026-04-08 12:39:37,723 1 INFO odoo_ci_test odoo.modules.loading: Module html_editor loaded in 0.63s, 1034 queries (+1034 other) 
2026-04-08 12:39:37,723 1 INFO odoo_ci_test odoo.modules.loading: Loading module iap (13/28) 
2026-04-08 12:39:37,726 1 INFO odoo_ci_test odoo.registry: module iap: creating or updating database tables 
2026-04-08 12:39:37,780 1 INFO odoo_ci_test odoo.modules.loading: loading iap/data/services.xml 
2026-04-08 12:39:37,784 1 INFO odoo_ci_test odoo.modules.loading: loading iap/security/ir.model.access.csv 
2026-04-08 12:39:37,791 1 INFO odoo_ci_test odoo.modules.loading: loading iap/security/ir_rule.xml 
2026-04-08 12:39:37,798 1 INFO odoo_ci_test odoo.modules.loading: loading iap/views/iap_views.xml 
2026-04-08 12:39:37,820 1 INFO odoo_ci_test odoo.modules.loading: loading iap/views/res_config_settings.xml 
2026-04-08 12:39:37,841 1 INFO odoo_ci_test odoo.modules.loading: Module iap loaded in 0.12s, 182 queries (+182 other) 
2026-04-08 12:39:37,841 1 INFO odoo_ci_test odoo.modules.loading: Loading module mail (14/28) 
2026-04-08 12:39:37,902 1 INFO odoo_ci_test odoo.registry: module mail: creating or updating database tables 
2026-04-08 12:39:38,065 1 INFO odoo_ci_test odoo.models: Prepare computation of ir.actions.server.partner_ids 
2026-04-08 12:39:38,065 1 INFO odoo_ci_test odoo.models: Prepare computation of ir.actions.server.activity_user_id 
2026-04-08 12:39:38,068 1 INFO odoo_ci_test odoo.models: Prepare computation of ir.actions.server.activity_type_id 
2026-04-08 12:39:38,068 1 INFO odoo_ci_test odoo.models: Prepare computation of ir.actions.server.template_id 
2026-04-08 12:39:38,068 1 INFO odoo_ci_test odoo.models: Prepare computation of ir.actions.server.activity_date_deadline_range 
2026-04-08 12:39:38,068 1 INFO odoo_ci_test odoo.models: Prepare computation of ir.actions.server.activity_summary 
2026-04-08 12:39:38,068 1 INFO odoo_ci_test odoo.models: Prepare computation of ir.actions.server.followers_type 
2026-04-08 12:39:38,068 1 INFO odoo_ci_test odoo.models: Prepare computation of ir.actions.server.followers_partner_field_name 
2026-04-08 12:39:38,068 1 INFO odoo_ci_test odoo.models: Prepare computation of ir.actions.server.mail_post_method 
2026-04-08 12:39:38,068 1 INFO odoo_ci_test odoo.models: Prepare computation of ir.actions.server.activity_date_deadline_range_type 
2026-04-08 12:39:38,068 1 INFO odoo_ci_test odoo.models: Prepare computation of ir.actions.server.activity_user_type 
2026-04-08 12:39:38,068 1 INFO odoo_ci_test odoo.models: Prepare computation of ir.actions.server.activity_user_field_name 
2026-04-08 12:39:38,068 1 INFO odoo_ci_test odoo.models: Prepare computation of ir.actions.server.activity_note 
2026-04-08 12:39:38,068 1 INFO odoo_ci_test odoo.models: Prepare computation of ir.actions.server.mail_post_autofollow 
2026-04-08 12:39:38,127 1 INFO odoo_ci_test odoo.models: Prepare computation of res.users.notification_type 
2026-04-08 12:39:38,178 1 INFO odoo_ci_test odoo.models: Prepare computation of res.partner.email_normalized 
<string>:38: (ERROR/3) Unexpected indentation.
<string>:43: (WARNING/2) Block quote ends without a blank line; unexpected unindent.
2026-04-08 12:39:39,422 1 INFO odoo_ci_test odoo.modules.loading: loading mail/data/mail_groups.xml 
2026-04-08 12:39:39,444 1 INFO odoo_ci_test odoo.modules.loading: loading mail/wizard/mail_activity_schedule_views.xml 
2026-04-08 12:39:39,456 1 INFO odoo_ci_test odoo.modules.loading: loading mail/wizard/mail_blacklist_remove_views.xml 
2026-04-08 12:39:39,462 1 INFO odoo_ci_test odoo.modules.loading: loading mail/wizard/mail_compose_message_views.xml 
2026-04-08 12:39:39,479 1 INFO odoo_ci_test odoo.modules.loading: loading mail/wizard/mail_template_preview_views.xml 
2026-04-08 12:39:39,489 1 INFO odoo_ci_test odoo.modules.loading: loading mail/wizard/mail_followers_edit_views.xml 
2026-04-08 12:39:39,499 1 INFO odoo_ci_test odoo.modules.loading: loading mail/wizard/mail_template_reset_views.xml 
2026-04-08 12:39:39,508 1 INFO odoo_ci_test odoo.modules.loading: loading mail/views/fetchmail_views.xml 
2026-04-08 12:39:39,524 1 INFO odoo_ci_test odoo.modules.loading: loading mail/views/ir_cron_views.xml 
2026-04-08 12:39:39,535 1 INFO odoo_ci_test odoo.modules.loading: loading mail/views/ir_filters_views.xml 
2026-04-08 12:39:39,552 1 INFO odoo_ci_test odoo.modules.loading: loading mail/views/ir_mail_server_views.xml 
2026-04-08 12:39:39,561 1 INFO odoo_ci_test odoo.modules.loading: loading mail/views/mail_message_subtype_views.xml 
2026-04-08 12:39:39,575 1 INFO odoo_ci_test odoo.modules.loading: loading mail/views/mail_tracking_value_views.xml 
2026-04-08 12:39:39,587 1 INFO odoo_ci_test odoo.modules.loading: loading mail/views/mail_notification_views.xml 
2026-04-08 12:39:39,600 1 INFO odoo_ci_test odoo.modules.loading: loading mail/views/mail_message_views.xml 
2026-04-08 12:39:39,626 1 INFO odoo_ci_test odoo.modules.loading: loading mail/views/mail_message_schedule_views.xml 
2026-04-08 12:39:39,642 1 INFO odoo_ci_test odoo.modules.loading: loading mail/views/mail_mail_views.xml 
2026-04-08 12:39:39,664 1 INFO odoo_ci_test odoo.modules.loading: loading mail/views/mail_followers_views.xml 
2026-04-08 12:39:39,676 1 INFO odoo_ci_test odoo.modules.loading: loading mail/views/mail_ice_server_views.xml 
2026-04-08 12:39:39,695 1 INFO odoo_ci_test odoo.modules.loading: loading mail/views/discuss_channel_member_views.xml 
2026-04-08 12:39:39,707 1 INFO odoo_ci_test odoo.modules.loading: loading mail/views/discuss_channel_rtc_session_views.xml 
2026-04-08 12:39:39,722 1 INFO odoo_ci_test odoo.modules.loading: loading mail/views/mail_link_preview_views.xml 
2026-04-08 12:39:39,739 1 INFO odoo_ci_test odoo.modules.loading: loading mail/views/discuss/discuss_gif_favorite_views.xml 
2026-04-08 12:39:39,750 1 INFO odoo_ci_test odoo.modules.loading: loading mail/views/discuss_channel_views.xml 
2026-04-08 12:39:39,781 1 INFO odoo_ci_test odoo.modules.loading: loading mail/views/mail_canned_response_views.xml 
2026-04-08 12:39:39,804 1 INFO odoo_ci_test odoo.modules.loading: loading mail/views/res_role_views.xml 
2026-04-08 12:39:39,820 1 INFO odoo_ci_test odoo.modules.loading: loading mail/views/mail_activity_views.xml 
2026-04-08 12:39:39,910 1 INFO odoo_ci_test odoo.modules.loading: loading mail/views/mail_activity_plan_views.xml 
2026-04-08 12:39:39,947 1 INFO odoo_ci_test odoo.modules.loading: loading mail/views/mail_activity_plan_template_views.xml 
2026-04-08 12:39:39,956 1 INFO odoo_ci_test odoo.modules.loading: loading mail/views/res_config_settings_views.xml 
2026-04-08 12:39:39,978 1 INFO odoo_ci_test odoo.modules.loading: loading mail/data/ir_config_parameter_data.xml 
2026-04-08 12:39:39,984 1 INFO odoo_ci_test odoo.modules.loading: loading mail/data/res_partner_data.xml 
2026-04-08 12:39:40,046 1 INFO odoo_ci_test odoo.modules.loading: loading mail/data/mail_message_subtype_data.xml 
2026-04-08 12:39:40,053 1 INFO odoo_ci_test odoo.modules.loading: loading mail/data/mail_templates_chatter.xml 
2026-04-08 12:39:40,070 1 INFO odoo_ci_test odoo.modules.loading: loading mail/data/mail_templates_email_layouts.xml 
2026-04-08 12:39:40,087 1 INFO odoo_ci_test odoo.modules.loading: loading mail/data/mail_templates_mailgateway.xml 
2026-04-08 12:39:40,103 1 INFO odoo_ci_test odoo.modules.loading: loading mail/data/discuss_channel_data.xml 
2026-04-08 12:39:40,137 1 INFO odoo_ci_test odoo.modules.loading: loading mail/data/mail_activity_type_data.xml 
2026-04-08 12:39:40,148 1 INFO odoo_ci_test odoo.modules.loading: loading mail/data/security_notifications_templates.xml 
2026-04-08 12:39:40,153 1 INFO odoo_ci_test odoo.modules.loading: loading mail/data/ir_cron_data.xml 
2026-04-08 12:39:40,250 1 INFO odoo_ci_test odoo.modules.loading: loading mail/data/ir_actions_client.xml 
2026-04-08 12:39:40,255 1 INFO odoo_ci_test odoo.modules.loading: loading mail/security/mail_security.xml 
2026-04-08 12:39:40,392 1 INFO odoo_ci_test odoo.modules.loading: loading mail/security/ir.model.access.csv 
2026-04-08 12:39:40,435 1 INFO odoo_ci_test odoo.modules.loading: loading mail/views/discuss_public_templates.xml 
2026-04-08 12:39:40,441 1 INFO odoo_ci_test odoo.modules.loading: loading mail/views/mail_alias_domain_views.xml 
2026-04-08 12:39:40,456 1 INFO odoo_ci_test odoo.modules.loading: loading mail/views/mail_alias_views.xml 
2026-04-08 12:39:40,474 1 INFO odoo_ci_test odoo.modules.loading: loading mail/views/mail_gateway_allowed_views.xml 
2026-04-08 12:39:40,487 1 INFO odoo_ci_test odoo.modules.loading: loading mail/views/mail_guest_views.xml 
2026-04-08 12:39:40,498 1 INFO odoo_ci_test odoo.modules.loading: loading mail/views/mail_message_reaction_views.xml 
2026-04-08 12:39:40,511 1 INFO odoo_ci_test odoo.modules.loading: loading mail/views/mail_templates_public.xml 
2026-04-08 12:39:40,520 1 INFO odoo_ci_test odoo.modules.loading: loading mail/views/res_users_views.xml 
2026-04-08 12:39:40,545 1 INFO odoo_ci_test odoo.modules.loading: loading mail/views/res_users_settings_views.xml 
2026-04-08 12:39:40,559 1 INFO odoo_ci_test odoo.modules.loading: loading mail/views/mail_template_views.xml 
2026-04-08 12:39:40,580 1 INFO odoo_ci_test odoo.modules.loading: loading mail/views/ir_actions_server_views.xml 
2026-04-08 12:39:40,596 1 INFO odoo_ci_test odoo.modules.loading: loading mail/views/ir_model_views.xml 
2026-04-08 12:39:40,627 1 INFO odoo_ci_test odoo.modules.loading: loading mail/views/res_partner_views.xml 
2026-04-08 12:39:40,668 1 INFO odoo_ci_test odoo.modules.loading: loading mail/views/mail_blacklist_views.xml 
2026-04-08 12:39:40,685 1 INFO odoo_ci_test odoo.modules.loading: loading mail/views/mail_menus.xml 
2026-04-08 12:39:40,802 1 INFO odoo_ci_test odoo.modules.loading: loading mail/views/discuss/discuss_menus.xml 
2026-04-08 12:39:40,806 1 INFO odoo_ci_test odoo.modules.loading: loading mail/views/discuss/discuss_call_history_views.xml 
2026-04-08 12:39:40,821 1 INFO odoo_ci_test odoo.modules.loading: loading mail/views/res_company_views.xml 
2026-04-08 12:39:40,831 1 INFO odoo_ci_test odoo.modules.loading: loading mail/views/mail_scheduled_message_views.xml 
2026-04-08 12:39:40,838 1 INFO odoo_ci_test odoo.modules.loading: loading mail/data/mail_canned_response_data.xml 
2026-04-08 12:39:40,846 1 INFO odoo_ci_test odoo.modules.loading: loading mail/data/mail_templates_invite.xml 
2026-04-08 12:39:40,858 1 INFO odoo_ci_test odoo.modules.loading: loading mail/data/web_tour_tour.xml 
2026-04-08 12:39:40,927 1 INFO odoo_ci_test odoo.modules.loading: Module mail loaded in 3.09s, 4978 queries (+4979 other) 
2026-04-08 12:39:40,927 1 INFO odoo_ci_test odoo.modules.loading: Loading module web_unsplash (15/28) 
2026-04-08 12:39:40,939 1 INFO odoo_ci_test odoo.registry: module web_unsplash: creating or updating database tables 
2026-04-08 12:39:40,984 1 INFO odoo_ci_test odoo.modules.loading: loading web_unsplash/views/res_config_settings_view.xml 
2026-04-08 12:39:41,017 1 INFO odoo_ci_test odoo.modules.loading: Module web_unsplash loaded in 0.09s, 112 queries (+112 other) 
2026-04-08 12:39:41,017 1 INFO odoo_ci_test odoo.modules.loading: Loading module auth_signup (16/28) 
2026-04-08 12:39:41,032 1 INFO odoo_ci_test odoo.registry: module auth_signup: creating or updating database tables 
2026-04-08 12:39:41,099 1 INFO odoo_ci_test odoo.modules.loading: loading auth_signup/data/ir_config_parameter_data.xml 
2026-04-08 12:39:41,104 1 INFO odoo_ci_test odoo.modules.loading: loading auth_signup/data/ir_cron_data.xml 
2026-04-08 12:39:41,126 1 INFO odoo_ci_test odoo.modules.loading: loading auth_signup/data/mail_template_data.xml 
2026-04-08 12:39:41,203 1 INFO odoo_ci_test odoo.modules.loading: loading auth_signup/views/res_config_settings_views.xml 
2026-04-08 12:39:41,217 1 INFO odoo_ci_test odoo.modules.loading: loading auth_signup/views/res_users_views.xml 
2026-04-08 12:39:41,241 1 INFO odoo_ci_test odoo.modules.loading: loading auth_signup/views/auth_signup_login_templates.xml 
2026-04-08 12:39:41,260 1 INFO odoo_ci_test odoo.modules.loading: loading auth_signup/views/auth_signup_templates_email.xml 
2026-04-08 12:39:41,266 1 INFO odoo_ci_test odoo.modules.loading: loading auth_signup/views/webclient_templates.xml 
2026-04-08 12:39:41,295 1 INFO odoo_ci_test odoo.modules.loading: Module auth_signup loaded in 0.28s, 255 queries (+255 other) 
2026-04-08 12:39:41,295 1 INFO odoo_ci_test odoo.modules.loading: Loading module auth_totp_mail (17/28) 
2026-04-08 12:39:41,306 1 INFO odoo_ci_test odoo.registry: module auth_totp_mail: creating or updating database tables 
2026-04-08 12:39:41,344 1 INFO odoo_ci_test odoo.modules.loading: loading auth_totp_mail/data/ir_action_data.xml 
2026-04-08 12:39:41,367 1 INFO odoo_ci_test odoo.modules.loading: loading auth_totp_mail/data/mail_template_data.xml 
2026-04-08 12:39:41,402 1 INFO odoo_ci_test odoo.modules.loading: loading auth_totp_mail/data/security_notifications_template.xml 
2026-04-08 12:39:41,410 1 INFO odoo_ci_test odoo.modules.loading: loading auth_totp_mail/views/res_config_settings_views.xml 
2026-04-08 12:39:41,426 1 INFO odoo_ci_test odoo.modules.loading: loading auth_totp_mail/views/res_users_views.xml 
2026-04-08 12:39:41,445 1 INFO odoo_ci_test odoo.modules.loading: loading auth_totp_mail/views/templates.xml 
2026-04-08 12:39:41,469 1 INFO odoo_ci_test odoo.modules.loading: Module auth_totp_mail loaded in 0.17s, 189 queries (+189 other) 
2026-04-08 12:39:41,469 1 INFO odoo_ci_test odoo.modules.loading: Loading module base_install_request (18/28) 
2026-04-08 12:39:41,474 1 INFO odoo_ci_test odoo.registry: module base_install_request: creating or updating database tables 
2026-04-08 12:39:41,527 1 INFO odoo_ci_test odoo.modules.loading: loading base_install_request/security/ir.model.access.csv 
2026-04-08 12:39:41,536 1 INFO odoo_ci_test odoo.modules.loading: loading base_install_request/wizard/base_module_install_request_views.xml 
2026-04-08 12:39:41,552 1 INFO odoo_ci_test odoo.modules.loading: loading base_install_request/data/mail_template_data.xml 
2026-04-08 12:39:41,558 1 INFO odoo_ci_test odoo.modules.loading: loading base_install_request/data/mail_templates_module_install.xml 
2026-04-08 12:39:41,562 1 INFO odoo_ci_test odoo.modules.loading: loading base_install_request/views/ir_module_module_views.xml 
2026-04-08 12:39:41,584 1 INFO odoo_ci_test odoo.modules.loading: Module base_install_request loaded in 0.12s, 154 queries (+154 other) 
2026-04-08 12:39:41,584 1 INFO odoo_ci_test odoo.modules.loading: Loading module google_gmail (19/28) 
2026-04-08 12:39:41,596 1 INFO odoo_ci_test odoo.registry: module google_gmail: creating or updating database tables 
2026-04-08 12:39:41,648 1 INFO odoo_ci_test odoo.modules.loading: loading google_gmail/views/fetchmail_server_views.xml 
2026-04-08 12:39:41,663 1 INFO odoo_ci_test odoo.modules.loading: loading google_gmail/views/ir_mail_server_views.xml 
2026-04-08 12:39:41,673 1 INFO odoo_ci_test odoo.modules.loading: loading google_gmail/views/res_config_settings_views.xml 
2026-04-08 12:39:41,693 1 INFO odoo_ci_test odoo.modules.loading: loading google_gmail/views/templates.xml 
2026-04-08 12:39:41,705 1 INFO odoo_ci_test odoo.modules.loading: Module google_gmail loaded in 0.12s, 155 queries (+155 other) 
2026-04-08 12:39:41,705 1 INFO odoo_ci_test odoo.modules.loading: Loading module iap_mail (20/28) 
2026-04-08 12:39:41,710 1 INFO odoo_ci_test odoo.registry: module iap_mail: creating or updating database tables 
2026-04-08 12:39:41,736 1 INFO odoo_ci_test odoo.modules.loading: loading iap_mail/data/mail_templates.xml 
2026-04-08 12:39:41,773 1 INFO odoo_ci_test odoo.modules.loading: loading iap_mail/views/iap_views.xml 
2026-04-08 12:39:41,792 1 INFO odoo_ci_test odoo.modules.loading: Module iap_mail loaded in 0.09s, 70 queries (+70 other) 
2026-04-08 12:39:41,792 1 INFO odoo_ci_test odoo.modules.loading: Loading module mail_bot (21/28) 
2026-04-08 12:39:41,802 1 INFO odoo_ci_test odoo.registry: module mail_bot: creating or updating database tables 
2026-04-08 12:39:41,842 1 INFO odoo_ci_test odoo.modules.loading: loading mail_bot/views/res_users_views.xml 
2026-04-08 12:39:41,859 1 INFO odoo_ci_test odoo.modules.loading: loading mail_bot/data/mailbot_data.xml 
2026-04-08 12:39:41,870 1 INFO odoo_ci_test odoo.modules.loading: Module mail_bot loaded in 0.08s, 109 queries (+109 other) 
2026-04-08 12:39:41,870 1 INFO odoo_ci_test odoo.modules.loading: Loading module microsoft_outlook (22/28) 
2026-04-08 12:39:41,882 1 INFO odoo_ci_test odoo.registry: module microsoft_outlook: creating or updating database tables 
2026-04-08 12:39:41,934 1 INFO odoo_ci_test odoo.modules.loading: loading microsoft_outlook/views/fetchmail_server_views.xml 
2026-04-08 12:39:41,949 1 INFO odoo_ci_test odoo.modules.loading: loading microsoft_outlook/views/ir_mail_server_views.xml 
2026-04-08 12:39:41,960 1 INFO odoo_ci_test odoo.modules.loading: loading microsoft_outlook/views/res_config_settings_views.xml 
2026-04-08 12:39:41,980 1 INFO odoo_ci_test odoo.modules.loading: loading microsoft_outlook/views/templates.xml 
2026-04-08 12:39:41,991 1 INFO odoo_ci_test odoo.modules.loading: Module microsoft_outlook loaded in 0.12s, 158 queries (+158 other) 
2026-04-08 12:39:41,992 1 INFO odoo_ci_test odoo.modules.loading: Loading module phone_validation (23/28) 
2026-04-08 12:39:42,082 1 INFO odoo_ci_test odoo.registry: module phone_validation: creating or updating database tables 
2026-04-08 12:39:42,092 1 INFO odoo_ci_test odoo.models: Prepare computation of res.partner.phone_sanitized 
2026-04-08 12:39:42,772 1 INFO odoo_ci_test odoo.modules.loading: loading phone_validation/security/ir.model.access.csv 
2026-04-08 12:39:42,779 1 INFO odoo_ci_test odoo.modules.loading: loading phone_validation/views/phone_blacklist_views.xml 
2026-04-08 12:39:42,808 1 INFO odoo_ci_test odoo.modules.loading: loading phone_validation/views/res_partner_views.xml 
2026-04-08 12:39:42,818 1 INFO odoo_ci_test odoo.modules.loading: loading phone_validation/wizard/phone_blacklist_remove_view.xml 
2026-04-08 12:39:42,836 1 INFO odoo_ci_test odoo.modules.loading: Module phone_validation loaded in 0.84s, 1627 queries (+1627 other) 
2026-04-08 12:39:42,836 1 INFO odoo_ci_test odoo.modules.loading: Loading module privacy_lookup (24/28) 
2026-04-08 12:39:42,851 1 INFO odoo_ci_test odoo.registry: module privacy_lookup: creating or updating database tables 
2026-04-08 12:39:42,947 1 INFO odoo_ci_test odoo.modules.loading: loading privacy_lookup/wizard/privacy_lookup_wizard_views.xml 
2026-04-08 12:39:42,998 1 INFO odoo_ci_test odoo.modules.loading: loading privacy_lookup/views/privacy_log_views.xml 
2026-04-08 12:39:43,020 1 INFO odoo_ci_test odoo.modules.loading: loading privacy_lookup/security/ir.model.access.csv 
2026-04-08 12:39:43,036 1 INFO odoo_ci_test odoo.modules.loading: loading privacy_lookup/data/ir_actions_server_data.xml 
2026-04-08 12:39:43,081 1 INFO odoo_ci_test odoo.modules.loading: Module privacy_lookup loaded in 0.25s, 293 queries (+293 other) 
2026-04-08 12:39:43,081 1 INFO odoo_ci_test odoo.modules.loading: Loading module sports_federation_base (25/28) 
2026-04-08 12:39:43,093 1 INFO odoo_ci_test odoo.registry: module sports_federation_base: creating or updating database tables 
<string>:26: (WARNING/2) Line block ends without a blank line.
<string>:44: (WARNING/2) Line block ends without a blank line.
<string>:58: (WARNING/2) Line block ends without a blank line.
<string>:72: (WARNING/2) Line block ends without a blank line.
<string>:85: (WARNING/2) Line block ends without a blank line.
<string>:26: (ERROR/3) Undefined substitution referenced: "-------".
<string>:26: (ERROR/3) Undefined substitution referenced: "-------------".
<string>:44: (ERROR/3) Undefined substitution referenced: "-------".
<string>:44: (ERROR/3) Undefined substitution referenced: "-------------".
<string>:58: (ERROR/3) Undefined substitution referenced: "-------".
<string>:58: (ERROR/3) Undefined substitution referenced: "-------------".
<string>:72: (ERROR/3) Undefined substitution referenced: "-------".
<string>:72: (ERROR/3) Undefined substitution referenced: "-------------".
<string>:85: (ERROR/3) Undefined substitution referenced: "-------".
<string>:85: (ERROR/3) Undefined substitution referenced: "-------------".
2026-04-08 12:39:43,226 1 INFO odoo_ci_test odoo.modules.loading: loading sports_federation_base/security/res_groups.xml 
2026-04-08 12:39:43,252 1 INFO odoo_ci_test odoo.modules.loading: loading sports_federation_base/security/ir.model.access.csv 
2026-04-08 12:39:43,271 1 INFO odoo_ci_test odoo.modules.loading: loading sports_federation_base/data/ir_sequence.xml 
2026-04-08 12:39:43,276 1 INFO odoo_ci_test odoo.modules.loading: loading sports_federation_base/views/federation_season_registration_views.xml 
2026-04-08 12:39:43,293 1 INFO odoo_ci_test odoo.modules.loading: loading sports_federation_base/views/federation_season_views.xml 
2026-04-08 12:39:43,310 1 INFO odoo_ci_test odoo.modules.loading: loading sports_federation_base/views/federation_team_views.xml 
2026-04-08 12:39:43,328 1 INFO odoo_ci_test odoo.modules.loading: loading sports_federation_base/views/federation_club_views.xml 
2026-04-08 12:39:43,346 1 INFO odoo_ci_test odoo.modules.loading: loading sports_federation_base/views/menu_items.xml 
2026-04-08 12:39:43,411 1 INFO odoo_ci_test odoo.addons.sports_federation_base.tests.test_base: Starting TestFederationClub.test_club_code_unique ... 
2026-04-08 12:39:43,412 1 ERROR odoo_ci_test odoo.sql_db: bad query: b'INSERT INTO "federation_club" ("active", "code", "create_date", "create_uid", "name", "write_date", "write_uid") VALUES (true, \'TC01\', \'2026-04-08T12:39:43.394149\'::timestamp, 1, \'Duplicate Code Club\', \'2026-04-08T12:39:43.394149\'::timestamp, 1) RETURNING "id"'
ERROR: duplicate key value violates unique constraint "federation_club_code_unique"
DETAIL:  Key (code)=(TC01) already exists.
 
2026-04-08 12:39:43,413 1 INFO odoo_ci_test odoo.addons.sports_federation_base.tests.test_base: Starting TestFederationClub.test_club_invalid_email ... 
2026-04-08 12:39:43,417 1 INFO odoo_ci_test odoo.addons.sports_federation_base.tests.test_base: Starting TestFederationClub.test_club_team_count ... 
2026-04-08 12:39:43,432 1 INFO odoo_ci_test odoo.addons.sports_federation_base.tests.test_base: Starting TestFederationClub.test_club_valid_email ... 
2026-04-08 12:39:43,434 1 INFO odoo_ci_test odoo.addons.sports_federation_base.tests.test_base: Starting TestFederationClub.test_create_club ... 
2026-04-08 12:39:43,489 1 INFO odoo_ci_test odoo.addons.base.models.ir_attachment: filestore gc 14 checked, 0 removed 
2026-04-08 12:39:43,517 1 INFO odoo_ci_test odoo.addons.sports_federation_base.tests.test_base: Starting TestFederationTeam.test_create_team ... 
2026-04-08 12:39:43,519 1 INFO odoo_ci_test odoo.addons.sports_federation_base.tests.test_base: Starting TestFederationTeam.test_team_code_unique ... 
2026-04-08 12:39:43,522 1 ERROR odoo_ci_test odoo.sql_db: bad query: b'INSERT INTO "federation_team" ("active", "category", "club_id", "code", "create_date", "create_uid", "gender", "name", "write_date", "write_uid") VALUES (true, \'senior\', 3, \'SS01\', \'2026-04-08T12:39:43.490586\'::timestamp, 1, \'male\', \'Other Team\', \'2026-04-08T12:39:43.490586\'::timestamp, 1) RETURNING "id"'
ERROR: duplicate key value violates unique constraint "federation_team_code_unique"
DETAIL:  Key (code)=(SS01) already exists.
 
2026-04-08 12:39:43,522 1 INFO odoo_ci_test odoo.addons.sports_federation_base.tests.test_base: Starting TestFederationTeam.test_team_name_search_by_code ... 
2026-04-08 12:39:43,578 1 INFO odoo_ci_test odoo.addons.base.models.ir_attachment: filestore gc 0 checked, 0 removed 
2026-04-08 12:39:43,600 1 INFO odoo_ci_test odoo.addons.sports_federation_base.tests.test_base: Starting TestFederationSeason.test_create_season ... 
2026-04-08 12:39:43,601 1 INFO odoo_ci_test odoo.addons.sports_federation_base.tests.test_base: Starting TestFederationSeason.test_season_invalid_dates ... 
2026-04-08 12:39:43,605 1 INFO odoo_ci_test odoo.addons.sports_federation_base.tests.test_base: Starting TestFederationSeason.test_season_same_dates_rejected ... 
2026-04-08 12:39:43,608 1 INFO odoo_ci_test odoo.addons.sports_federation_base.tests.test_base: Starting TestFederationSeason.test_season_state_transitions ... 
2026-04-08 12:39:43,660 1 INFO odoo_ci_test odoo.addons.base.models.ir_attachment: filestore gc 0 checked, 0 removed 
2026-04-08 12:39:43,693 1 INFO odoo_ci_test odoo.addons.sports_federation_base.tests.test_base: Starting TestFederationSeasonRegistration.test_create_registration ... 
2026-04-08 12:39:43,702 1 INFO odoo_ci_test odoo.addons.sports_federation_base.tests.test_base: Starting TestFederationSeasonRegistration.test_duplicate_registration_rejected ... 
2026-04-08 12:39:43,718 1 ERROR odoo_ci_test odoo.sql_db: bad query: b'INSERT INTO "federation_season_registration" ("create_date", "create_uid", "name", "registration_date", "season_id", "state", "team_id", "write_date", "write_uid") VALUES (\'2026-04-08T12:39:43.661463\'::timestamp, 1, \'REG/2026/00003\', \'2026-04-08\'::date, 4, \'draft\', 4, \'2026-04-08T12:39:43.661463\'::timestamp, 1) RETURNING "id"'
ERROR: duplicate key value violates unique constraint "federation_season_registration_team_season_unique"
DETAIL:  Key (team_id, season_id)=(4, 4) already exists.
 
2026-04-08 12:39:43,719 1 INFO odoo_ci_test odoo.addons.sports_federation_base.tests.test_base: Starting TestFederationSeasonRegistration.test_registration_state_transitions ... 
2026-04-08 12:39:43,780 1 INFO odoo_ci_test odoo.addons.base.models.ir_attachment: filestore gc 0 checked, 0 removed 
2026-04-08 12:39:43,780 1 INFO odoo_ci_test odoo.modules.loading: Module sports_federation_base loaded in 0.70s (incl. 0.40s test), 328 queries (+244 test, +328 other) 
2026-04-08 12:39:43,780 1 INFO odoo_ci_test odoo.modules.loading: Loading module partner_autocomplete (26/28) 
2026-04-08 12:39:43,797 1 INFO odoo_ci_test odoo.registry: module partner_autocomplete: creating or updating database tables 
2026-04-08 12:39:43,865 1 INFO odoo_ci_test odoo.modules.loading: loading partner_autocomplete/views/res_company_views.xml 
2026-04-08 12:39:43,880 1 INFO odoo_ci_test odoo.modules.loading: loading partner_autocomplete/views/res_config_settings_views.xml 
2026-04-08 12:39:43,894 1 INFO odoo_ci_test odoo.modules.loading: loading partner_autocomplete/data/iap_service_data.xml 
2026-04-08 12:39:43,905 1 INFO odoo_ci_test odoo.modules.loading: Module partner_autocomplete loaded in 0.12s, 141 queries (+141 other) 
2026-04-08 12:39:43,905 1 INFO odoo_ci_test odoo.modules.loading: Loading module sms (27/28) 
2026-04-08 12:39:43,992 1 INFO odoo_ci_test odoo.registry: module sms: creating or updating database tables 
2026-04-08 12:39:44,001 1 INFO odoo_ci_test odoo.models: Prepare computation of ir.actions.server.sms_template_id 
2026-04-08 12:39:44,001 1 INFO odoo_ci_test odoo.models: Prepare computation of ir.actions.server.sms_method 
2026-04-08 12:39:44,835 1 INFO odoo_ci_test odoo.modules.loading: loading sms/data/iap_service_data.xml 
2026-04-08 12:39:44,840 1 INFO odoo_ci_test odoo.modules.loading: loading sms/data/ir_cron_data.xml 
2026-04-08 12:39:44,861 1 INFO odoo_ci_test odoo.modules.loading: loading sms/wizard/sms_account_code_views.xml 
2026-04-08 12:39:44,872 1 INFO odoo_ci_test odoo.modules.loading: loading sms/wizard/sms_account_phone_views.xml 
2026-04-08 12:39:44,877 1 INFO odoo_ci_test odoo.modules.loading: loading sms/wizard/sms_account_sender_views.xml 
2026-04-08 12:39:44,883 1 INFO odoo_ci_test odoo.modules.loading: loading sms/wizard/sms_composer_views.xml 
2026-04-08 12:39:44,894 1 INFO odoo_ci_test odoo.modules.loading: loading sms/wizard/sms_template_preview_views.xml 
2026-04-08 12:39:44,902 1 INFO odoo_ci_test odoo.modules.loading: loading sms/wizard/sms_template_reset_views.xml 
2026-04-08 12:39:44,911 1 INFO odoo_ci_test odoo.modules.loading: loading sms/views/ir_actions_server_views.xml 
2026-04-08 12:39:44,926 1 INFO odoo_ci_test odoo.modules.loading: loading sms/views/mail_notification_views.xml 
2026-04-08 12:39:44,941 1 INFO odoo_ci_test odoo.modules.loading: loading sms/views/res_config_settings_views.xml 
2026-04-08 12:39:44,955 1 INFO odoo_ci_test odoo.modules.loading: loading sms/views/res_partner_views.xml 
2026-04-08 12:39:44,971 1 INFO odoo_ci_test odoo.modules.loading: loading sms/views/iap_account_views.xml 
2026-04-08 12:39:44,982 1 INFO odoo_ci_test odoo.modules.loading: loading sms/views/sms_sms_views.xml 
2026-04-08 12:39:45,009 1 INFO odoo_ci_test odoo.modules.loading: loading sms/views/sms_template_views.xml 
2026-04-08 12:39:45,028 1 INFO odoo_ci_test odoo.modules.loading: loading sms/security/ir.model.access.csv 
2026-04-08 12:39:45,049 1 INFO odoo_ci_test odoo.modules.loading: loading sms/security/sms_security.xml 
2026-04-08 12:39:45,073 1 INFO odoo_ci_test odoo.modules.loading: Module sms loaded in 1.17s, 2074 queries (+2074 other) 
2026-04-08 12:39:45,073 1 INFO odoo_ci_test odoo.modules.loading: Loading module snailmail (28/28) 
2026-04-08 12:39:45,178 1 INFO odoo_ci_test odoo.registry: module snailmail: creating or updating database tables 
2026-04-08 12:39:45,370 1 INFO odoo_ci_test odoo.modules.loading: loading snailmail/data/iap_service_data.xml 
2026-04-08 12:39:45,374 1 INFO odoo_ci_test odoo.modules.loading: loading snailmail/data/snailmail_data.xml 
2026-04-08 12:39:45,397 1 INFO odoo_ci_test odoo.modules.loading: loading snailmail/views/report_assets.xml 
2026-04-08 12:39:45,409 1 INFO odoo_ci_test odoo.modules.loading: loading snailmail/views/snailmail_views.xml 
2026-04-08 12:39:45,429 1 INFO odoo_ci_test odoo.modules.loading: loading snailmail/security/ir.model.access.csv 
2026-04-08 12:39:45,454 1 INFO odoo_ci_test odoo.modules.loading: Module snailmail loaded in 0.38s, 449 queries (+449 other) 
2026-04-08 12:39:45,454 1 INFO odoo_ci_test odoo.modules.loading: 28 modules loaded in 10.40s, 15660 queries (+15905 extra) 
2026-04-08 12:39:45,791 1 INFO odoo_ci_test odoo.modules.loading: Modules loaded. 
2026-04-08 12:39:45,798 1 INFO odoo_ci_test odoo.registry: Registry changed, signaling through the database 
2026-04-08 12:39:45,798 1 INFO odoo_ci_test odoo.registry: Registry loaded in 18.970s 
2026-04-08 12:39:45,798 1 INFO odoo_ci_test odoo.service.server: Starting post tests 
2026-04-08 12:39:45,819 1 INFO odoo_ci_test odoo.service.server: 0 post-tests in 0.02s, 0 queries 
2026-04-08 12:39:45,819 1 INFO odoo_ci_test odoo.tests.stats: sports_federation_base: 23 tests 0.40s 244 queries 
2026-04-08 12:39:45,819 1 INFO odoo_ci_test odoo.tests.result: 0 failed, 0 error(s) of 15 tests when loading database 'odoo_ci_test' 
2026-04-08 12:39:45,819 1 INFO odoo_ci_test odoo.service.server: Initiating shutdown 
2026-04-08 12:39:45,819 1 INFO odoo_ci_test odoo.service.server: Hit CTRL-C again or send a second signal to force the shutdown. 
2026-04-08 12:39:45,858 1 INFO odoo_ci_test odoo.sql_db: ConnectionPool(read/write;used=0/count=0/max=64): Closed 2 connections  
