 Container sf_ci-ci-db-1  Running
Running as user 'root' is a security risk.
2026-04-12 18:36:29,763 1 WARNING ? odoo.tools.config: missing --http-interface/http_interface, using 0.0.0.0 by default, will change to 127.0.0.1 in 20.0 
2026-04-12 18:36:29,763 1 INFO ? odoo: Odoo version 19.0-20260324 
2026-04-12 18:36:29,763 1 INFO ? odoo: Using configuration file at /etc/odoo/odoo.conf 
2026-04-12 18:36:29,763 1 INFO ? odoo: addons paths: _NamespacePath(['/usr/lib/python3/dist-packages/odoo/addons', '/var/lib/odoo/addons/19.0', '/mnt/extra-addons', '/usr/lib/python3/dist-packages/addons']) 
2026-04-12 18:36:29,763 1 INFO ? odoo: database: odoo@ci-db:5432 
2026-04-12 18:36:30,029 1 INFO ? odoo.service.server: HTTP service (werkzeug) running on f3a17ab8f9ed:8069 
2026-04-12 18:36:30,047 1 INFO odoo_ci_test odoo.tests.common: Importing test framework 
2026-04-12 18:36:30,075 1 INFO odoo_ci_test odoo.modules.loading: Initializing database odoo_ci_test 
2026-04-12 18:36:31,138 1 INFO odoo_ci_test odoo.modules.loading: loading 1 modules... 
2026-04-12 18:36:31,138 1 INFO odoo_ci_test odoo.modules.loading: Loading module base (1/1) 
2026-04-12 18:36:31,166 1 INFO odoo_ci_test odoo.registry: module base: creating or updating database tables 
2026-04-12 18:36:31,403 1 INFO odoo_ci_test odoo.models: Prepare computation of ir.module.module.menus_by_module 
2026-04-12 18:36:31,403 1 INFO odoo_ci_test odoo.models: Prepare computation of ir.module.module.reports_by_module 
2026-04-12 18:36:31,403 1 INFO odoo_ci_test odoo.models: Prepare computation of ir.module.module.views_by_module 
2026-04-12 18:36:31,475 1 INFO odoo_ci_test odoo.models: Prepare computation of res.partner.user_id 
2026-04-12 18:36:31,475 1 INFO odoo_ci_test odoo.models: Prepare computation of res.partner.commercial_partner_id 
2026-04-12 18:36:31,475 1 INFO odoo_ci_test odoo.models: Prepare computation of res.partner.complete_name 
2026-04-12 18:36:31,476 1 INFO odoo_ci_test odoo.models: Prepare computation of res.partner.lang 
2026-04-12 18:36:31,476 1 INFO odoo_ci_test odoo.models: Prepare computation of res.partner.company_registry 
2026-04-12 18:36:31,476 1 INFO odoo_ci_test odoo.models: Prepare computation of res.partner.commercial_company_name 
2026-04-12 18:36:31,476 1 INFO odoo_ci_test odoo.models: Prepare computation of res.partner.properties 
2026-04-12 18:36:31,476 1 INFO odoo_ci_test odoo.models: Prepare computation of res.partner.partner_share 
2026-04-12 18:36:31,499 1 INFO odoo_ci_test odoo.models: Prepare computation of res.currency.decimal_places 
2026-04-12 18:36:31,516 1 INFO odoo_ci_test odoo.models: Prepare computation of res.company.uses_default_logo 
2026-04-12 18:36:31,516 1 INFO odoo_ci_test odoo.models: Prepare computation of res.company.logo_web 
2026-04-12 18:36:31,517 1 INFO odoo_ci_test odoo.models: Computing parent_path for table res_company... 
2026-04-12 18:36:31,537 1 INFO odoo_ci_test odoo.models: Prepare computation of res.users.signature 
2026-04-12 18:36:31,538 1 INFO odoo_ci_test odoo.models: Prepare computation of res.users.share 
2026-04-12 18:36:32,798 1 INFO odoo_ci_test odoo.modules.loading: loading base/data/res_bank.xml 
2026-04-12 18:36:32,802 1 INFO odoo_ci_test odoo.modules.loading: loading base/data/res.lang.csv 
2026-04-12 18:36:32,843 1 INFO odoo_ci_test odoo.modules.loading: loading base/data/res_lang_data.xml 
2026-04-12 18:36:32,877 1 INFO odoo_ci_test odoo.modules.loading: loading base/data/res_partner_data.xml 
2026-04-12 18:36:32,926 1 INFO odoo_ci_test odoo.modules.loading: loading base/data/res_currency_data.xml 
2026-04-12 18:36:33,384 1 INFO odoo_ci_test odoo.modules.loading: loading base/data/res_company_data.xml 
2026-04-12 18:36:33,392 1 INFO odoo_ci_test odoo.modules.loading: loading base/data/res_users_data.xml 
2026-04-12 18:36:34,405 1 INFO odoo_ci_test odoo.modules.loading: loading base/data/report_paperformat_data.xml 
2026-04-12 18:36:34,412 1 INFO odoo_ci_test odoo.modules.loading: loading base/data/res_country_data.xml 
2026-04-12 18:36:34,936 1 INFO odoo_ci_test odoo.modules.loading: loading base/data/ir_demo_data.xml 
2026-04-12 18:36:34,949 1 INFO odoo_ci_test odoo.modules.loading: loading base/security/base_groups.xml 
2026-04-12 18:36:35,140 1 INFO odoo_ci_test odoo.modules.loading: loading base/security/base_security.xml 
2026-04-12 18:36:35,309 1 INFO odoo_ci_test odoo.modules.loading: loading base/wizard/wizard_ir_model_menu_create_views.xml 
2026-04-12 18:36:35,321 1 INFO odoo_ci_test odoo.modules.loading: loading base/views/base_menus.xml 
2026-04-12 18:36:35,376 1 INFO odoo_ci_test odoo.modules.loading: loading base/views/decimal_precision_views.xml 
2026-04-12 18:36:35,394 1 INFO odoo_ci_test odoo.modules.loading: loading base/views/res_config_views.xml 
2026-04-12 18:36:35,402 1 INFO odoo_ci_test odoo.modules.loading: loading base/data/res.country.state.csv 
2026-04-12 18:36:35,716 1 INFO odoo_ci_test odoo.modules.loading: loading base/views/ir_actions_views.xml 
2026-04-12 18:36:35,851 1 INFO odoo_ci_test odoo.modules.loading: loading base/views/ir_asset_views.xml 
2026-04-12 18:36:35,868 1 INFO odoo_ci_test odoo.modules.loading: loading base/views/ir_config_parameter_views.xml 
2026-04-12 18:36:35,885 1 INFO odoo_ci_test odoo.modules.loading: loading base/views/ir_cron_views.xml 
2026-04-12 18:36:35,911 1 INFO odoo_ci_test odoo.modules.loading: loading base/views/ir_cron_trigger_views.xml 
2026-04-12 18:36:35,929 1 INFO odoo_ci_test odoo.modules.loading: loading base/views/ir_filters_views.xml 
2026-04-12 18:36:35,951 1 INFO odoo_ci_test odoo.modules.loading: loading base/views/ir_mail_server_views.xml 
2026-04-12 18:36:35,971 1 INFO odoo_ci_test odoo.modules.loading: loading base/views/ir_model_views.xml 
2026-04-12 18:36:36,103 1 INFO odoo_ci_test odoo.modules.loading: loading base/views/ir_attachment_views.xml 
2026-04-12 18:36:36,124 1 INFO odoo_ci_test odoo.modules.loading: loading base/views/ir_rule_views.xml 
2026-04-12 18:36:36,143 1 INFO odoo_ci_test odoo.modules.loading: loading base/views/ir_sequence_views.xml 
2026-04-12 18:36:36,164 1 INFO odoo_ci_test odoo.modules.loading: loading base/views/ir_ui_menu_views.xml 
2026-04-12 18:36:36,184 1 INFO odoo_ci_test odoo.modules.loading: loading base/views/ir_ui_view_views.xml 
2026-04-12 18:36:36,231 1 INFO odoo_ci_test odoo.modules.loading: loading base/views/ir_default_views.xml 
2026-04-12 18:36:36,250 1 INFO odoo_ci_test odoo.modules.loading: loading base/data/ir_config_parameter_data.xml 
2026-04-12 18:36:36,253 1 INFO odoo_ci_test odoo.modules.loading: loading base/data/ir_cron_data.xml 
2026-04-12 18:36:36,265 1 INFO odoo_ci_test odoo.modules.loading: loading base/report/ir_model_report.xml 
2026-04-12 18:36:36,269 1 INFO odoo_ci_test odoo.modules.loading: loading base/report/ir_model_templates.xml 
2026-04-12 18:36:36,277 1 INFO odoo_ci_test odoo.modules.loading: loading base/views/ir_logging_views.xml 
2026-04-12 18:36:36,297 1 INFO odoo_ci_test odoo.modules.loading: loading base/views/ir_qweb_widget_templates.xml 
2026-04-12 18:36:36,310 1 INFO odoo_ci_test odoo.modules.loading: loading base/views/ir_module_views.xml 
2026-04-12 18:36:36,361 1 INFO odoo_ci_test odoo.modules.loading: loading base/data/ir_module_category_data.xml 
2026-04-12 18:36:36,397 1 INFO odoo_ci_test odoo.modules.loading: loading base/data/ir_module_module.xml 
2026-04-12 18:36:36,452 1 INFO odoo_ci_test odoo.modules.loading: loading base/report/ir_module_reports.xml 
2026-04-12 18:36:36,455 1 INFO odoo_ci_test odoo.modules.loading: loading base/report/ir_module_report_templates.xml 
2026-04-12 18:36:36,462 1 INFO odoo_ci_test odoo.modules.loading: loading base/wizard/base_module_update_views.xml 
2026-04-12 18:36:36,475 1 INFO odoo_ci_test odoo.modules.loading: loading base/wizard/base_language_install_views.xml 
2026-04-12 18:36:36,491 1 INFO odoo_ci_test odoo.modules.loading: loading base/wizard/base_import_language_views.xml 
2026-04-12 18:36:36,501 1 INFO odoo_ci_test odoo.modules.loading: loading base/wizard/base_module_upgrade_views.xml 
2026-04-12 18:36:36,516 1 INFO odoo_ci_test odoo.modules.loading: loading base/wizard/base_module_uninstall_views.xml 
2026-04-12 18:36:36,525 1 INFO odoo_ci_test odoo.modules.loading: loading base/wizard/base_export_language_views.xml 
2026-04-12 18:36:36,537 1 INFO odoo_ci_test odoo.modules.loading: loading base/wizard/base_partner_merge_views.xml 
2026-04-12 18:36:36,551 1 INFO odoo_ci_test odoo.modules.loading: loading base/data/ir_demo_failure_data.xml 
2026-04-12 18:36:36,565 1 INFO odoo_ci_test odoo.modules.loading: loading base/views/ir_profile_views.xml 
2026-04-12 18:36:36,587 1 INFO odoo_ci_test odoo.modules.loading: loading base/views/res_company_views.xml 
2026-04-12 18:36:36,608 1 INFO odoo_ci_test odoo.modules.loading: loading base/views/res_lang_views.xml 
2026-04-12 18:36:36,627 1 INFO odoo_ci_test odoo.modules.loading: loading base/views/res_partner_views.xml 
2026-04-12 18:36:36,709 1 INFO odoo_ci_test odoo.modules.loading: loading base/views/res_bank_views.xml 
2026-04-12 18:36:36,739 1 INFO odoo_ci_test odoo.modules.loading: loading base/views/res_country_views.xml 
2026-04-12 18:36:36,779 1 INFO odoo_ci_test odoo.modules.loading: loading base/views/res_currency_views.xml 
2026-04-12 18:36:36,818 1 INFO odoo_ci_test odoo.modules.loading: loading base/views/res_groups_views.xml 
2026-04-12 18:36:36,864 1 INFO odoo_ci_test odoo.modules.loading: loading base/views/res_users_views.xml 
2026-04-12 18:36:36,953 1 INFO odoo_ci_test odoo.modules.loading: loading base/views/res_users_apikeys_views.xml 
2026-04-12 18:36:36,959 1 INFO odoo_ci_test odoo.modules.loading: loading base/views/res_device_views.xml 
2026-04-12 18:36:36,980 1 INFO odoo_ci_test odoo.modules.loading: loading base/views/res_users_identitycheck_views.xml 
2026-04-12 18:36:36,987 1 INFO odoo_ci_test odoo.modules.loading: loading base/views/res_config_settings_views.xml 
2026-04-12 18:36:36,996 1 INFO odoo_ci_test odoo.modules.loading: loading base/views/report_paperformat_views.xml 
2026-04-12 18:36:37,019 1 INFO odoo_ci_test odoo.modules.loading: loading base/security/ir.model.access.csv 
2026-04-12 18:36:37,311 1 INFO odoo_ci_test odoo.modules.loading: Module base loaded in 6.17s, 8397 queries (+8397 other) 
2026-04-12 18:36:37,311 1 INFO odoo_ci_test odoo.modules.loading: 1 modules loaded in 6.17s, 8397 queries (+8397 extra) 
2026-04-12 18:36:37,314 1 INFO odoo_ci_test odoo.modules.loading: updating modules list 
2026-04-12 18:36:37,315 1 INFO odoo_ci_test odoo.addons.base.models.ir_module: ALLOW access to module.update_list on [] to user __system__ #1 via n/a 
2026-04-12 18:36:38,124 1 INFO odoo_ci_test odoo.addons.base.models.ir_module: ALLOW access to module.button_install on ['Sports Federation Competition Engine'] to user __system__ #1 via n/a 
2026-04-12 18:36:38,206 1 INFO odoo_ci_test odoo.modules.loading: loading 32 modules... 
2026-04-12 18:36:38,206 1 INFO odoo_ci_test odoo.modules.loading: Loading module rpc (2/32) 
2026-04-12 18:36:38,222 1 INFO odoo_ci_test odoo.modules.loading: Module rpc loaded in 0.02s, 9 queries (+9 other) 
2026-04-12 18:36:38,222 1 INFO odoo_ci_test odoo.modules.loading: Loading module web (3/32) 
2026-04-12 18:36:38,256 1 INFO odoo_ci_test odoo.registry: module web: creating or updating database tables 
2026-04-12 18:36:38,687 1 INFO odoo_ci_test odoo.modules.loading: loading web/security/ir.model.access.csv 
2026-04-12 18:36:38,695 1 INFO odoo_ci_test odoo.modules.loading: loading web/security/web_security.xml 
2026-04-12 18:36:38,706 1 INFO odoo_ci_test odoo.modules.loading: loading web/views/webclient_templates.xml 
2026-04-12 18:36:38,757 1 INFO odoo_ci_test odoo.modules.loading: loading web/views/report_templates.xml 
2026-04-12 18:36:38,845 1 INFO odoo_ci_test odoo.modules.loading: loading web/views/base_document_layout_views.xml 
2026-04-12 18:36:38,861 1 INFO odoo_ci_test odoo.modules.loading: loading web/views/partner_view.xml 
2026-04-12 18:36:38,868 1 INFO odoo_ci_test odoo.modules.loading: loading web/views/speedscope_template.xml 
2026-04-12 18:36:38,873 1 INFO odoo_ci_test odoo.modules.loading: loading web/views/memory_template.xml 
2026-04-12 18:36:38,879 1 INFO odoo_ci_test odoo.modules.loading: loading web/views/speedscope_config_wizard.xml 
2026-04-12 18:36:38,886 1 INFO odoo_ci_test odoo.modules.loading: loading web/views/neutralize_views.xml 
2026-04-12 18:36:38,894 1 INFO odoo_ci_test odoo.modules.loading: loading web/views/ir_ui_view_views.xml 
2026-04-12 18:36:38,903 1 INFO odoo_ci_test odoo.modules.loading: loading web/data/ir_attachment.xml 
2026-04-12 18:36:38,908 1 INFO odoo_ci_test odoo.modules.loading: loading web/data/report_layout.xml 
2026-04-12 18:36:38,964 1 INFO odoo_ci_test odoo.modules.loading: Module web loaded in 0.74s, 1232 queries (+1232 other) 
2026-04-12 18:36:38,964 1 INFO odoo_ci_test odoo.modules.loading: Loading module api_doc (4/32) 
2026-04-12 18:36:38,970 1 INFO odoo_ci_test odoo.registry: module api_doc: creating or updating database tables 
2026-04-12 18:36:38,985 1 INFO odoo_ci_test odoo.modules.loading: loading api_doc/security/res_groups.xml 
2026-04-12 18:36:39,008 1 INFO odoo_ci_test odoo.modules.loading: loading api_doc/views/docclient.xml 
2026-04-12 18:36:39,026 1 INFO odoo_ci_test odoo.modules.loading: Module api_doc loaded in 0.06s, 63 queries (+63 other) 
2026-04-12 18:36:39,026 1 INFO odoo_ci_test odoo.modules.loading: Loading module auth_totp (5/32) 
2026-04-12 18:36:39,041 1 INFO odoo_ci_test odoo.registry: module auth_totp: creating or updating database tables 
2026-04-12 18:36:39,112 1 INFO odoo_ci_test odoo.modules.loading: loading auth_totp/security/security.xml 
2026-04-12 18:36:39,134 1 INFO odoo_ci_test odoo.modules.loading: loading auth_totp/security/ir.model.access.csv 
2026-04-12 18:36:39,141 1 INFO odoo_ci_test odoo.modules.loading: loading auth_totp/data/ir_action_data.xml 
2026-04-12 18:36:39,147 1 INFO odoo_ci_test odoo.modules.loading: loading auth_totp/views/res_users_views.xml 
2026-04-12 18:36:39,175 1 INFO odoo_ci_test odoo.modules.loading: loading auth_totp/views/templates.xml 
2026-04-12 18:36:39,181 1 INFO odoo_ci_test odoo.modules.loading: loading auth_totp/wizard/auth_totp_wizard_views.xml 
2026-04-12 18:36:39,203 1 INFO odoo_ci_test odoo.modules.loading: Module auth_totp loaded in 0.18s, 218 queries (+218 other) 
2026-04-12 18:36:39,203 1 INFO odoo_ci_test odoo.modules.loading: Loading module base_import (6/32) 
2026-04-12 18:36:39,238 1 INFO odoo_ci_test odoo.registry: module base_import: creating or updating database tables 
2026-04-12 18:36:39,657 1 INFO odoo_ci_test odoo.modules.loading: loading base_import/security/ir.model.access.csv 
2026-04-12 18:36:39,670 1 INFO odoo_ci_test odoo.modules.loading: Module base_import loaded in 0.47s, 956 queries (+956 other) 
2026-04-12 18:36:39,670 1 INFO odoo_ci_test odoo.modules.loading: Loading module base_import_module (7/32) 
2026-04-12 18:36:39,677 1 INFO odoo_ci_test odoo.registry: module base_import_module: creating or updating database tables 
2026-04-12 18:36:39,733 1 INFO odoo_ci_test odoo.modules.loading: loading base_import_module/security/ir.model.access.csv 
2026-04-12 18:36:39,738 1 INFO odoo_ci_test odoo.modules.loading: loading base_import_module/views/base_import_module_view.xml 
2026-04-12 18:36:39,756 1 INFO odoo_ci_test odoo.modules.loading: loading base_import_module/views/ir_module_views.xml 
2026-04-12 18:36:39,796 1 INFO odoo_ci_test odoo.modules.loading: Module base_import_module loaded in 0.13s, 172 queries (+172 other) 
2026-04-12 18:36:39,797 1 INFO odoo_ci_test odoo.modules.loading: Loading module base_setup (8/32) 
2026-04-12 18:36:39,805 1 INFO odoo_ci_test odoo.registry: module base_setup: creating or updating database tables 
2026-04-12 18:36:39,844 1 INFO odoo_ci_test odoo.modules.loading: loading base_setup/data/base_setup_data.xml 
2026-04-12 18:36:39,848 1 INFO odoo_ci_test odoo.modules.loading: loading base_setup/views/res_config_settings_views.xml 
2026-04-12 18:36:39,876 1 INFO odoo_ci_test odoo.modules.loading: loading base_setup/views/res_partner_views.xml 
2026-04-12 18:36:39,894 1 INFO odoo_ci_test odoo.modules.loading: Module base_setup loaded in 0.10s, 152 queries (+152 other) 
2026-04-12 18:36:39,894 1 INFO odoo_ci_test odoo.modules.loading: Loading module bus (9/32) 
2026-04-12 18:36:39,911 1 INFO odoo_ci_test odoo.registry: module bus: creating or updating database tables 
2026-04-12 18:36:39,991 1 INFO odoo_ci_test odoo.modules.loading: loading bus/security/ir.model.access.csv 
2026-04-12 18:36:40,006 1 INFO odoo_ci_test odoo.modules.loading: Module bus loaded in 0.11s, 152 queries (+152 other) 
2026-04-12 18:36:40,006 1 INFO odoo_ci_test odoo.modules.loading: Loading module web_tour (10/32) 
2026-04-12 18:36:40,013 1 INFO odoo_ci_test odoo.registry: module web_tour: creating or updating database tables 
2026-04-12 18:36:40,017 1 INFO odoo_ci_test odoo.models: Prepare computation of res.users.tour_enabled 
2026-04-12 18:36:40,080 1 INFO odoo_ci_test odoo.modules.loading: loading web_tour/security/ir.model.access.csv 
2026-04-12 18:36:40,086 1 INFO odoo_ci_test odoo.modules.loading: loading web_tour/views/tour_views.xml 
2026-04-12 18:36:40,123 1 INFO odoo_ci_test odoo.modules.loading: Module web_tour loaded in 0.12s, 180 queries (+180 other) 
2026-04-12 18:36:40,123 1 INFO odoo_ci_test odoo.modules.loading: Loading module auth_passkey (11/32) 
2026-04-12 18:36:40,157 1 INFO odoo_ci_test odoo.registry: module auth_passkey: creating or updating database tables 
2026-04-12 18:36:40,211 1 INFO odoo_ci_test odoo.modules.loading: loading auth_passkey/views/auth_passkey_key_views.xml 
2026-04-12 18:36:40,232 1 INFO odoo_ci_test odoo.modules.loading: loading auth_passkey/views/auth_passkey_login_templates.xml 
2026-04-12 18:36:40,248 1 INFO odoo_ci_test odoo.modules.loading: loading auth_passkey/views/res_users_identitycheck_views.xml 
2026-04-12 18:36:40,258 1 INFO odoo_ci_test odoo.modules.loading: loading auth_passkey/views/res_users_views.xml 
2026-04-12 18:36:40,275 1 INFO odoo_ci_test odoo.modules.loading: loading auth_passkey/security/ir.model.access.csv 
2026-04-12 18:36:40,282 1 INFO odoo_ci_test odoo.modules.loading: loading auth_passkey/security/security.xml 
2026-04-12 18:36:40,305 1 INFO odoo_ci_test odoo.modules.loading: Module auth_passkey loaded in 0.18s, 218 queries (+218 other) 
2026-04-12 18:36:40,305 1 INFO odoo_ci_test odoo.modules.loading: Loading module html_editor (12/32) 
2026-04-12 18:36:40,483 1 INFO odoo_ci_test odoo.registry: module html_editor: creating or updating database tables 
2026-04-12 18:36:40,960 1 INFO odoo_ci_test odoo.modules.loading: loading html_editor/security/ir.model.access.csv 
2026-04-12 18:36:40,975 1 INFO odoo_ci_test odoo.modules.loading: Module html_editor loaded in 0.67s, 1034 queries (+1034 other) 
2026-04-12 18:36:40,975 1 INFO odoo_ci_test odoo.modules.loading: Loading module iap (13/32) 
2026-04-12 18:36:40,978 1 INFO odoo_ci_test odoo.registry: module iap: creating or updating database tables 
2026-04-12 18:36:41,032 1 INFO odoo_ci_test odoo.modules.loading: loading iap/data/services.xml 
2026-04-12 18:36:41,036 1 INFO odoo_ci_test odoo.modules.loading: loading iap/security/ir.model.access.csv 
2026-04-12 18:36:41,043 1 INFO odoo_ci_test odoo.modules.loading: loading iap/security/ir_rule.xml 
2026-04-12 18:36:41,050 1 INFO odoo_ci_test odoo.modules.loading: loading iap/views/iap_views.xml 
2026-04-12 18:36:41,072 1 INFO odoo_ci_test odoo.modules.loading: loading iap/views/res_config_settings.xml 
2026-04-12 18:36:41,093 1 INFO odoo_ci_test odoo.modules.loading: Module iap loaded in 0.12s, 182 queries (+182 other) 
2026-04-12 18:36:41,093 1 INFO odoo_ci_test odoo.modules.loading: Loading module mail (14/32) 
2026-04-12 18:36:41,155 1 INFO odoo_ci_test odoo.registry: module mail: creating or updating database tables 
2026-04-12 18:36:41,322 1 INFO odoo_ci_test odoo.models: Prepare computation of ir.actions.server.partner_ids 
2026-04-12 18:36:41,322 1 INFO odoo_ci_test odoo.models: Prepare computation of ir.actions.server.activity_user_id 
2026-04-12 18:36:41,325 1 INFO odoo_ci_test odoo.models: Prepare computation of ir.actions.server.activity_type_id 
2026-04-12 18:36:41,325 1 INFO odoo_ci_test odoo.models: Prepare computation of ir.actions.server.template_id 
2026-04-12 18:36:41,325 1 INFO odoo_ci_test odoo.models: Prepare computation of ir.actions.server.activity_date_deadline_range 
2026-04-12 18:36:41,325 1 INFO odoo_ci_test odoo.models: Prepare computation of ir.actions.server.activity_summary 
2026-04-12 18:36:41,325 1 INFO odoo_ci_test odoo.models: Prepare computation of ir.actions.server.followers_type 
2026-04-12 18:36:41,325 1 INFO odoo_ci_test odoo.models: Prepare computation of ir.actions.server.followers_partner_field_name 
2026-04-12 18:36:41,325 1 INFO odoo_ci_test odoo.models: Prepare computation of ir.actions.server.mail_post_method 
2026-04-12 18:36:41,326 1 INFO odoo_ci_test odoo.models: Prepare computation of ir.actions.server.activity_date_deadline_range_type 
2026-04-12 18:36:41,326 1 INFO odoo_ci_test odoo.models: Prepare computation of ir.actions.server.activity_user_type 
2026-04-12 18:36:41,326 1 INFO odoo_ci_test odoo.models: Prepare computation of ir.actions.server.activity_user_field_name 
2026-04-12 18:36:41,326 1 INFO odoo_ci_test odoo.models: Prepare computation of ir.actions.server.activity_note 
2026-04-12 18:36:41,326 1 INFO odoo_ci_test odoo.models: Prepare computation of ir.actions.server.mail_post_autofollow 
2026-04-12 18:36:41,384 1 INFO odoo_ci_test odoo.models: Prepare computation of res.users.notification_type 
2026-04-12 18:36:41,435 1 INFO odoo_ci_test odoo.models: Prepare computation of res.partner.email_normalized 
<string>:38: (ERROR/3) Unexpected indentation.
<string>:43: (WARNING/2) Block quote ends without a blank line; unexpected unindent.
2026-04-12 18:36:42,711 1 INFO odoo_ci_test odoo.modules.loading: loading mail/data/mail_groups.xml 
2026-04-12 18:36:42,733 1 INFO odoo_ci_test odoo.modules.loading: loading mail/wizard/mail_activity_schedule_views.xml 
2026-04-12 18:36:42,747 1 INFO odoo_ci_test odoo.modules.loading: loading mail/wizard/mail_blacklist_remove_views.xml 
2026-04-12 18:36:42,754 1 INFO odoo_ci_test odoo.modules.loading: loading mail/wizard/mail_compose_message_views.xml 
2026-04-12 18:36:42,773 1 INFO odoo_ci_test odoo.modules.loading: loading mail/wizard/mail_template_preview_views.xml 
2026-04-12 18:36:42,783 1 INFO odoo_ci_test odoo.modules.loading: loading mail/wizard/mail_followers_edit_views.xml 
2026-04-12 18:36:42,795 1 INFO odoo_ci_test odoo.modules.loading: loading mail/wizard/mail_template_reset_views.xml 
2026-04-12 18:36:42,805 1 INFO odoo_ci_test odoo.modules.loading: loading mail/views/fetchmail_views.xml 
2026-04-12 18:36:42,824 1 INFO odoo_ci_test odoo.modules.loading: loading mail/views/ir_cron_views.xml 
2026-04-12 18:36:42,836 1 INFO odoo_ci_test odoo.modules.loading: loading mail/views/ir_filters_views.xml 
2026-04-12 18:36:42,854 1 INFO odoo_ci_test odoo.modules.loading: loading mail/views/ir_mail_server_views.xml 
2026-04-12 18:36:42,865 1 INFO odoo_ci_test odoo.modules.loading: loading mail/views/mail_message_subtype_views.xml 
2026-04-12 18:36:42,880 1 INFO odoo_ci_test odoo.modules.loading: loading mail/views/mail_tracking_value_views.xml 
2026-04-12 18:36:42,894 1 INFO odoo_ci_test odoo.modules.loading: loading mail/views/mail_notification_views.xml 
2026-04-12 18:36:42,906 1 INFO odoo_ci_test odoo.modules.loading: loading mail/views/mail_message_views.xml 
2026-04-12 18:36:42,934 1 INFO odoo_ci_test odoo.modules.loading: loading mail/views/mail_message_schedule_views.xml 
2026-04-12 18:36:42,949 1 INFO odoo_ci_test odoo.modules.loading: loading mail/views/mail_mail_views.xml 
2026-04-12 18:36:42,973 1 INFO odoo_ci_test odoo.modules.loading: loading mail/views/mail_followers_views.xml 
2026-04-12 18:36:42,984 1 INFO odoo_ci_test odoo.modules.loading: loading mail/views/mail_ice_server_views.xml 
2026-04-12 18:36:43,004 1 INFO odoo_ci_test odoo.modules.loading: loading mail/views/discuss_channel_member_views.xml 
2026-04-12 18:36:43,016 1 INFO odoo_ci_test odoo.modules.loading: loading mail/views/discuss_channel_rtc_session_views.xml 
2026-04-12 18:36:43,032 1 INFO odoo_ci_test odoo.modules.loading: loading mail/views/mail_link_preview_views.xml 
2026-04-12 18:36:43,050 1 INFO odoo_ci_test odoo.modules.loading: loading mail/views/discuss/discuss_gif_favorite_views.xml 
2026-04-12 18:36:43,061 1 INFO odoo_ci_test odoo.modules.loading: loading mail/views/discuss_channel_views.xml 
2026-04-12 18:36:43,092 1 INFO odoo_ci_test odoo.modules.loading: loading mail/views/mail_canned_response_views.xml 
2026-04-12 18:36:43,115 1 INFO odoo_ci_test odoo.modules.loading: loading mail/views/res_role_views.xml 
2026-04-12 18:36:43,131 1 INFO odoo_ci_test odoo.modules.loading: loading mail/views/mail_activity_views.xml 
2026-04-12 18:36:43,222 1 INFO odoo_ci_test odoo.modules.loading: loading mail/views/mail_activity_plan_views.xml 
2026-04-12 18:36:43,260 1 INFO odoo_ci_test odoo.modules.loading: loading mail/views/mail_activity_plan_template_views.xml 
2026-04-12 18:36:43,271 1 INFO odoo_ci_test odoo.modules.loading: loading mail/views/res_config_settings_views.xml 
2026-04-12 18:36:43,293 1 INFO odoo_ci_test odoo.modules.loading: loading mail/data/ir_config_parameter_data.xml 
2026-04-12 18:36:43,299 1 INFO odoo_ci_test odoo.modules.loading: loading mail/data/res_partner_data.xml 
2026-04-12 18:36:43,361 1 INFO odoo_ci_test odoo.modules.loading: loading mail/data/mail_message_subtype_data.xml 
2026-04-12 18:36:43,369 1 INFO odoo_ci_test odoo.modules.loading: loading mail/data/mail_templates_chatter.xml 
2026-04-12 18:36:43,386 1 INFO odoo_ci_test odoo.modules.loading: loading mail/data/mail_templates_email_layouts.xml 
2026-04-12 18:36:43,405 1 INFO odoo_ci_test odoo.modules.loading: loading mail/data/mail_templates_mailgateway.xml 
2026-04-12 18:36:43,420 1 INFO odoo_ci_test odoo.modules.loading: loading mail/data/discuss_channel_data.xml 
2026-04-12 18:36:43,455 1 INFO odoo_ci_test odoo.modules.loading: loading mail/data/mail_activity_type_data.xml 
2026-04-12 18:36:43,465 1 INFO odoo_ci_test odoo.modules.loading: loading mail/data/security_notifications_templates.xml 
2026-04-12 18:36:43,471 1 INFO odoo_ci_test odoo.modules.loading: loading mail/data/ir_cron_data.xml 
2026-04-12 18:36:43,566 1 INFO odoo_ci_test odoo.modules.loading: loading mail/data/ir_actions_client.xml 
2026-04-12 18:36:43,571 1 INFO odoo_ci_test odoo.modules.loading: loading mail/security/mail_security.xml 
2026-04-12 18:36:43,710 1 INFO odoo_ci_test odoo.modules.loading: loading mail/security/ir.model.access.csv 
2026-04-12 18:36:43,751 1 INFO odoo_ci_test odoo.modules.loading: loading mail/views/discuss_public_templates.xml 
2026-04-12 18:36:43,757 1 INFO odoo_ci_test odoo.modules.loading: loading mail/views/mail_alias_domain_views.xml 
2026-04-12 18:36:43,773 1 INFO odoo_ci_test odoo.modules.loading: loading mail/views/mail_alias_views.xml 
2026-04-12 18:36:43,793 1 INFO odoo_ci_test odoo.modules.loading: loading mail/views/mail_gateway_allowed_views.xml 
2026-04-12 18:36:43,804 1 INFO odoo_ci_test odoo.modules.loading: loading mail/views/mail_guest_views.xml 
2026-04-12 18:36:43,816 1 INFO odoo_ci_test odoo.modules.loading: loading mail/views/mail_message_reaction_views.xml 
2026-04-12 18:36:43,828 1 INFO odoo_ci_test odoo.modules.loading: loading mail/views/mail_templates_public.xml 
2026-04-12 18:36:43,837 1 INFO odoo_ci_test odoo.modules.loading: loading mail/views/res_users_views.xml 
2026-04-12 18:36:43,862 1 INFO odoo_ci_test odoo.modules.loading: loading mail/views/res_users_settings_views.xml 
2026-04-12 18:36:43,876 1 INFO odoo_ci_test odoo.modules.loading: loading mail/views/mail_template_views.xml 
2026-04-12 18:36:43,897 1 INFO odoo_ci_test odoo.modules.loading: loading mail/views/ir_actions_server_views.xml 
2026-04-12 18:36:43,913 1 INFO odoo_ci_test odoo.modules.loading: loading mail/views/ir_model_views.xml 
2026-04-12 18:36:43,944 1 INFO odoo_ci_test odoo.modules.loading: loading mail/views/res_partner_views.xml 
2026-04-12 18:36:43,986 1 INFO odoo_ci_test odoo.modules.loading: loading mail/views/mail_blacklist_views.xml 
2026-04-12 18:36:44,003 1 INFO odoo_ci_test odoo.modules.loading: loading mail/views/mail_menus.xml 
2026-04-12 18:36:44,119 1 INFO odoo_ci_test odoo.modules.loading: loading mail/views/discuss/discuss_menus.xml 
2026-04-12 18:36:44,123 1 INFO odoo_ci_test odoo.modules.loading: loading mail/views/discuss/discuss_call_history_views.xml 
2026-04-12 18:36:44,141 1 INFO odoo_ci_test odoo.modules.loading: loading mail/views/res_company_views.xml 
2026-04-12 18:36:44,151 1 INFO odoo_ci_test odoo.modules.loading: loading mail/views/mail_scheduled_message_views.xml 
2026-04-12 18:36:44,158 1 INFO odoo_ci_test odoo.modules.loading: loading mail/data/mail_canned_response_data.xml 
2026-04-12 18:36:44,168 1 INFO odoo_ci_test odoo.modules.loading: loading mail/data/mail_templates_invite.xml 
2026-04-12 18:36:44,182 1 INFO odoo_ci_test odoo.modules.loading: loading mail/data/web_tour_tour.xml 
2026-04-12 18:36:44,253 1 INFO odoo_ci_test odoo.modules.loading: Module mail loaded in 3.16s, 4978 queries (+4979 other) 
2026-04-12 18:36:44,253 1 INFO odoo_ci_test odoo.modules.loading: Loading module web_unsplash (15/32) 
2026-04-12 18:36:44,265 1 INFO odoo_ci_test odoo.registry: module web_unsplash: creating or updating database tables 
2026-04-12 18:36:44,312 1 INFO odoo_ci_test odoo.modules.loading: loading web_unsplash/views/res_config_settings_view.xml 
2026-04-12 18:36:44,346 1 INFO odoo_ci_test odoo.modules.loading: Module web_unsplash loaded in 0.09s, 112 queries (+112 other) 
2026-04-12 18:36:44,346 1 INFO odoo_ci_test odoo.modules.loading: Loading module auth_signup (16/32) 
2026-04-12 18:36:44,360 1 INFO odoo_ci_test odoo.registry: module auth_signup: creating or updating database tables 
2026-04-12 18:36:44,423 1 INFO odoo_ci_test odoo.modules.loading: loading auth_signup/data/ir_config_parameter_data.xml 
2026-04-12 18:36:44,428 1 INFO odoo_ci_test odoo.modules.loading: loading auth_signup/data/ir_cron_data.xml 
2026-04-12 18:36:44,449 1 INFO odoo_ci_test odoo.modules.loading: loading auth_signup/data/mail_template_data.xml 
2026-04-12 18:36:44,525 1 INFO odoo_ci_test odoo.modules.loading: loading auth_signup/views/res_config_settings_views.xml 
2026-04-12 18:36:44,540 1 INFO odoo_ci_test odoo.modules.loading: loading auth_signup/views/res_users_views.xml 
2026-04-12 18:36:44,564 1 INFO odoo_ci_test odoo.modules.loading: loading auth_signup/views/auth_signup_login_templates.xml 
2026-04-12 18:36:44,583 1 INFO odoo_ci_test odoo.modules.loading: loading auth_signup/views/auth_signup_templates_email.xml 
2026-04-12 18:36:44,589 1 INFO odoo_ci_test odoo.modules.loading: loading auth_signup/views/webclient_templates.xml 
2026-04-12 18:36:44,618 1 INFO odoo_ci_test odoo.modules.loading: Module auth_signup loaded in 0.27s, 255 queries (+255 other) 
2026-04-12 18:36:44,618 1 INFO odoo_ci_test odoo.modules.loading: Loading module auth_totp_mail (17/32) 
2026-04-12 18:36:44,629 1 INFO odoo_ci_test odoo.registry: module auth_totp_mail: creating or updating database tables 
2026-04-12 18:36:44,667 1 INFO odoo_ci_test odoo.modules.loading: loading auth_totp_mail/data/ir_action_data.xml 
2026-04-12 18:36:44,689 1 INFO odoo_ci_test odoo.modules.loading: loading auth_totp_mail/data/mail_template_data.xml 
2026-04-12 18:36:44,724 1 INFO odoo_ci_test odoo.modules.loading: loading auth_totp_mail/data/security_notifications_template.xml 
2026-04-12 18:36:44,731 1 INFO odoo_ci_test odoo.modules.loading: loading auth_totp_mail/views/res_config_settings_views.xml 
2026-04-12 18:36:44,748 1 INFO odoo_ci_test odoo.modules.loading: loading auth_totp_mail/views/res_users_views.xml 
2026-04-12 18:36:44,766 1 INFO odoo_ci_test odoo.modules.loading: loading auth_totp_mail/views/templates.xml 
2026-04-12 18:36:44,790 1 INFO odoo_ci_test odoo.modules.loading: Module auth_totp_mail loaded in 0.17s, 189 queries (+189 other) 
2026-04-12 18:36:44,790 1 INFO odoo_ci_test odoo.modules.loading: Loading module base_install_request (18/32) 
2026-04-12 18:36:44,795 1 INFO odoo_ci_test odoo.registry: module base_install_request: creating or updating database tables 
2026-04-12 18:36:44,848 1 INFO odoo_ci_test odoo.modules.loading: loading base_install_request/security/ir.model.access.csv 
2026-04-12 18:36:44,857 1 INFO odoo_ci_test odoo.modules.loading: loading base_install_request/wizard/base_module_install_request_views.xml 
2026-04-12 18:36:44,874 1 INFO odoo_ci_test odoo.modules.loading: loading base_install_request/data/mail_template_data.xml 
2026-04-12 18:36:44,880 1 INFO odoo_ci_test odoo.modules.loading: loading base_install_request/data/mail_templates_module_install.xml 
2026-04-12 18:36:44,884 1 INFO odoo_ci_test odoo.modules.loading: loading base_install_request/views/ir_module_module_views.xml 
2026-04-12 18:36:44,906 1 INFO odoo_ci_test odoo.modules.loading: Module base_install_request loaded in 0.12s, 154 queries (+154 other) 
2026-04-12 18:36:44,906 1 INFO odoo_ci_test odoo.modules.loading: Loading module google_gmail (19/32) 
2026-04-12 18:36:44,918 1 INFO odoo_ci_test odoo.registry: module google_gmail: creating or updating database tables 
2026-04-12 18:36:44,970 1 INFO odoo_ci_test odoo.modules.loading: loading google_gmail/views/fetchmail_server_views.xml 
2026-04-12 18:36:44,985 1 INFO odoo_ci_test odoo.modules.loading: loading google_gmail/views/ir_mail_server_views.xml 
2026-04-12 18:36:44,995 1 INFO odoo_ci_test odoo.modules.loading: loading google_gmail/views/res_config_settings_views.xml 
2026-04-12 18:36:45,016 1 INFO odoo_ci_test odoo.modules.loading: loading google_gmail/views/templates.xml 
2026-04-12 18:36:45,027 1 INFO odoo_ci_test odoo.modules.loading: Module google_gmail loaded in 0.12s, 155 queries (+155 other) 
2026-04-12 18:36:45,027 1 INFO odoo_ci_test odoo.modules.loading: Loading module iap_mail (20/32) 
2026-04-12 18:36:45,031 1 INFO odoo_ci_test odoo.registry: module iap_mail: creating or updating database tables 
2026-04-12 18:36:45,060 1 INFO odoo_ci_test odoo.modules.loading: loading iap_mail/data/mail_templates.xml 
2026-04-12 18:36:45,097 1 INFO odoo_ci_test odoo.modules.loading: loading iap_mail/views/iap_views.xml 
2026-04-12 18:36:45,115 1 INFO odoo_ci_test odoo.modules.loading: Module iap_mail loaded in 0.09s, 70 queries (+70 other) 
2026-04-12 18:36:45,115 1 INFO odoo_ci_test odoo.modules.loading: Loading module mail_bot (21/32) 
2026-04-12 18:36:45,125 1 INFO odoo_ci_test odoo.registry: module mail_bot: creating or updating database tables 
2026-04-12 18:36:45,165 1 INFO odoo_ci_test odoo.modules.loading: loading mail_bot/views/res_users_views.xml 
2026-04-12 18:36:45,184 1 INFO odoo_ci_test odoo.modules.loading: loading mail_bot/data/mailbot_data.xml 
2026-04-12 18:36:45,195 1 INFO odoo_ci_test odoo.modules.loading: Module mail_bot loaded in 0.08s, 109 queries (+109 other) 
2026-04-12 18:36:45,195 1 INFO odoo_ci_test odoo.modules.loading: Loading module microsoft_outlook (22/32) 
2026-04-12 18:36:45,207 1 INFO odoo_ci_test odoo.registry: module microsoft_outlook: creating or updating database tables 
2026-04-12 18:36:45,259 1 INFO odoo_ci_test odoo.modules.loading: loading microsoft_outlook/views/fetchmail_server_views.xml 
2026-04-12 18:36:45,274 1 INFO odoo_ci_test odoo.modules.loading: loading microsoft_outlook/views/ir_mail_server_views.xml 
2026-04-12 18:36:45,284 1 INFO odoo_ci_test odoo.modules.loading: loading microsoft_outlook/views/res_config_settings_views.xml 
2026-04-12 18:36:45,304 1 INFO odoo_ci_test odoo.modules.loading: loading microsoft_outlook/views/templates.xml 
2026-04-12 18:36:45,316 1 INFO odoo_ci_test odoo.modules.loading: Module microsoft_outlook loaded in 0.12s, 158 queries (+158 other) 
2026-04-12 18:36:45,316 1 INFO odoo_ci_test odoo.modules.loading: Loading module phone_validation (23/32) 
2026-04-12 18:36:45,406 1 INFO odoo_ci_test odoo.registry: module phone_validation: creating or updating database tables 
2026-04-12 18:36:45,416 1 INFO odoo_ci_test odoo.models: Prepare computation of res.partner.phone_sanitized 
2026-04-12 18:36:46,091 1 INFO odoo_ci_test odoo.modules.loading: loading phone_validation/security/ir.model.access.csv 
2026-04-12 18:36:46,098 1 INFO odoo_ci_test odoo.modules.loading: loading phone_validation/views/phone_blacklist_views.xml 
2026-04-12 18:36:46,124 1 INFO odoo_ci_test odoo.modules.loading: loading phone_validation/views/res_partner_views.xml 
2026-04-12 18:36:46,135 1 INFO odoo_ci_test odoo.modules.loading: loading phone_validation/wizard/phone_blacklist_remove_view.xml 
2026-04-12 18:36:46,152 1 INFO odoo_ci_test odoo.modules.loading: Module phone_validation loaded in 0.84s, 1627 queries (+1627 other) 
2026-04-12 18:36:46,152 1 INFO odoo_ci_test odoo.modules.loading: Loading module privacy_lookup (24/32) 
2026-04-12 18:36:46,165 1 INFO odoo_ci_test odoo.registry: module privacy_lookup: creating or updating database tables 
2026-04-12 18:36:46,260 1 INFO odoo_ci_test odoo.modules.loading: loading privacy_lookup/wizard/privacy_lookup_wizard_views.xml 
2026-04-12 18:36:46,307 1 INFO odoo_ci_test odoo.modules.loading: loading privacy_lookup/views/privacy_log_views.xml 
2026-04-12 18:36:46,325 1 INFO odoo_ci_test odoo.modules.loading: loading privacy_lookup/security/ir.model.access.csv 
2026-04-12 18:36:46,341 1 INFO odoo_ci_test odoo.modules.loading: loading privacy_lookup/data/ir_actions_server_data.xml 
2026-04-12 18:36:46,383 1 INFO odoo_ci_test odoo.modules.loading: Module privacy_lookup loaded in 0.23s, 293 queries (+293 other) 
2026-04-12 18:36:46,383 1 INFO odoo_ci_test odoo.modules.loading: Loading module sports_federation_base (25/32) 
2026-04-12 18:36:46,392 1 INFO odoo_ci_test odoo.registry: module sports_federation_base: creating or updating database tables 
<string>:26: (WARNING/2) Line block ends without a blank line.
<string>:44: (WARNING/2) Line block ends without a blank line.
<string>:58: (WARNING/2) Line block ends without a blank line.
<string>:73: (WARNING/2) Line block ends without a blank line.
<string>:93: (WARNING/2) Line block ends without a blank line.
<string>:26: (ERROR/3) Undefined substitution referenced: "-------".
<string>:26: (ERROR/3) Undefined substitution referenced: "-------------".
<string>:44: (ERROR/3) Undefined substitution referenced: "-------".
<string>:44: (ERROR/3) Undefined substitution referenced: "-------------".
<string>:58: (ERROR/3) Undefined substitution referenced: "-------".
<string>:58: (ERROR/3) Undefined substitution referenced: "-------------".
<string>:73: (ERROR/3) Undefined substitution referenced: "-------".
<string>:73: (ERROR/3) Undefined substitution referenced: "-------------".
<string>:93: (ERROR/3) Undefined substitution referenced: "-------".
<string>:93: (ERROR/3) Undefined substitution referenced: "-------------".
2026-04-12 18:36:46,521 1 INFO odoo_ci_test odoo.modules.loading: loading sports_federation_base/security/res_groups.xml 
2026-04-12 18:36:46,546 1 INFO odoo_ci_test odoo.modules.loading: loading sports_federation_base/security/ir.model.access.csv 
2026-04-12 18:36:46,564 1 INFO odoo_ci_test odoo.modules.loading: loading sports_federation_base/data/ir_sequence.xml 
2026-04-12 18:36:46,568 1 INFO odoo_ci_test odoo.modules.loading: loading sports_federation_base/views/federation_season_registration_views.xml 
2026-04-12 18:36:46,585 1 INFO odoo_ci_test odoo.modules.loading: loading sports_federation_base/views/federation_season_views.xml 
2026-04-12 18:36:46,602 1 INFO odoo_ci_test odoo.modules.loading: loading sports_federation_base/views/federation_team_views.xml 
2026-04-12 18:36:46,619 1 INFO odoo_ci_test odoo.modules.loading: loading sports_federation_base/views/federation_club_views.xml 
2026-04-12 18:36:46,636 1 INFO odoo_ci_test odoo.modules.loading: loading sports_federation_base/views/menu_items.xml 
2026-04-12 18:36:46,667 1 INFO odoo_ci_test odoo.modules.loading: Module sports_federation_base loaded in 0.28s, 334 queries (+334 other) 
2026-04-12 18:36:46,667 1 INFO odoo_ci_test odoo.modules.loading: Loading module partner_autocomplete (26/32) 
2026-04-12 18:36:46,685 1 INFO odoo_ci_test odoo.registry: module partner_autocomplete: creating or updating database tables 
2026-04-12 18:36:46,755 1 INFO odoo_ci_test odoo.modules.loading: loading partner_autocomplete/views/res_company_views.xml 
2026-04-12 18:36:46,770 1 INFO odoo_ci_test odoo.modules.loading: loading partner_autocomplete/views/res_config_settings_views.xml 
2026-04-12 18:36:46,784 1 INFO odoo_ci_test odoo.modules.loading: loading partner_autocomplete/data/iap_service_data.xml 
2026-04-12 18:36:46,794 1 INFO odoo_ci_test odoo.modules.loading: Module partner_autocomplete loaded in 0.13s, 141 queries (+141 other) 
2026-04-12 18:36:46,794 1 INFO odoo_ci_test odoo.modules.loading: Loading module sms (27/32) 
2026-04-12 18:36:46,879 1 INFO odoo_ci_test odoo.registry: module sms: creating or updating database tables 
2026-04-12 18:36:46,889 1 INFO odoo_ci_test odoo.models: Prepare computation of ir.actions.server.sms_template_id 
2026-04-12 18:36:46,889 1 INFO odoo_ci_test odoo.models: Prepare computation of ir.actions.server.sms_method 
2026-04-12 18:36:47,732 1 INFO odoo_ci_test odoo.modules.loading: loading sms/data/iap_service_data.xml 
2026-04-12 18:36:47,737 1 INFO odoo_ci_test odoo.modules.loading: loading sms/data/ir_cron_data.xml 
2026-04-12 18:36:47,759 1 INFO odoo_ci_test odoo.modules.loading: loading sms/wizard/sms_account_code_views.xml 
2026-04-12 18:36:47,771 1 INFO odoo_ci_test odoo.modules.loading: loading sms/wizard/sms_account_phone_views.xml 
2026-04-12 18:36:47,777 1 INFO odoo_ci_test odoo.modules.loading: loading sms/wizard/sms_account_sender_views.xml 
2026-04-12 18:36:47,783 1 INFO odoo_ci_test odoo.modules.loading: loading sms/wizard/sms_composer_views.xml 
2026-04-12 18:36:47,794 1 INFO odoo_ci_test odoo.modules.loading: loading sms/wizard/sms_template_preview_views.xml 
2026-04-12 18:36:47,803 1 INFO odoo_ci_test odoo.modules.loading: loading sms/wizard/sms_template_reset_views.xml 
2026-04-12 18:36:47,812 1 INFO odoo_ci_test odoo.modules.loading: loading sms/views/ir_actions_server_views.xml 
2026-04-12 18:36:47,827 1 INFO odoo_ci_test odoo.modules.loading: loading sms/views/mail_notification_views.xml 
2026-04-12 18:36:47,841 1 INFO odoo_ci_test odoo.modules.loading: loading sms/views/res_config_settings_views.xml 
2026-04-12 18:36:47,855 1 INFO odoo_ci_test odoo.modules.loading: loading sms/views/res_partner_views.xml 
2026-04-12 18:36:47,871 1 INFO odoo_ci_test odoo.modules.loading: loading sms/views/iap_account_views.xml 
2026-04-12 18:36:47,882 1 INFO odoo_ci_test odoo.modules.loading: loading sms/views/sms_sms_views.xml 
2026-04-12 18:36:47,908 1 INFO odoo_ci_test odoo.modules.loading: loading sms/views/sms_template_views.xml 
2026-04-12 18:36:47,928 1 INFO odoo_ci_test odoo.modules.loading: loading sms/security/ir.model.access.csv 
2026-04-12 18:36:47,950 1 INFO odoo_ci_test odoo.modules.loading: loading sms/security/sms_security.xml 
2026-04-12 18:36:47,973 1 INFO odoo_ci_test odoo.modules.loading: Module sms loaded in 1.18s, 2074 queries (+2074 other) 
2026-04-12 18:36:47,973 1 INFO odoo_ci_test odoo.modules.loading: Loading module snailmail (28/32) 
2026-04-12 18:36:48,079 1 INFO odoo_ci_test odoo.registry: module snailmail: creating or updating database tables 
2026-04-12 18:36:48,278 1 INFO odoo_ci_test odoo.modules.loading: loading snailmail/data/iap_service_data.xml 
2026-04-12 18:36:48,282 1 INFO odoo_ci_test odoo.modules.loading: loading snailmail/data/snailmail_data.xml 
2026-04-12 18:36:48,305 1 INFO odoo_ci_test odoo.modules.loading: loading snailmail/views/report_assets.xml 
2026-04-12 18:36:48,318 1 INFO odoo_ci_test odoo.modules.loading: loading snailmail/views/snailmail_views.xml 
2026-04-12 18:36:48,337 1 INFO odoo_ci_test odoo.modules.loading: loading snailmail/security/ir.model.access.csv 
2026-04-12 18:36:48,361 1 INFO odoo_ci_test odoo.modules.loading: Module snailmail loaded in 0.39s, 449 queries (+449 other) 
2026-04-12 18:36:48,361 1 INFO odoo_ci_test odoo.modules.loading: Loading module sports_federation_rules (29/32) 
2026-04-12 18:36:48,369 1 INFO odoo_ci_test odoo.registry: module sports_federation_rules: creating or updating database tables 
<string>:17: (WARNING/2) Line block ends without a blank line.
<string>:28: (WARNING/2) Line block ends without a blank line.
<string>:45: (WARNING/2) Line block ends without a blank line.
<string>:57: (WARNING/2) Line block ends without a blank line.
<string>:69: (WARNING/2) Line block ends without a blank line.
<string>:83: (WARNING/2) Line block ends without a blank line.
<string>:98: (WARNING/2) Line block ends without a blank line.
<string>:17: (ERROR/3) Undefined substitution referenced: "--------".
<string>:28: (ERROR/3) Undefined substitution referenced: "-------".
<string>:28: (ERROR/3) Undefined substitution referenced: "-------------".
<string>:45: (ERROR/3) Undefined substitution referenced: "-------".
<string>:45: (ERROR/3) Undefined substitution referenced: "-------------".
<string>:57: (ERROR/3) Undefined substitution referenced: "-------".
<string>:57: (ERROR/3) Undefined substitution referenced: "-------------".
<string>:69: (ERROR/3) Undefined substitution referenced: "-------".
<string>:69: (ERROR/3) Undefined substitution referenced: "-------------".
<string>:83: (ERROR/3) Undefined substitution referenced: "-------".
<string>:83: (ERROR/3) Undefined substitution referenced: "-------------".
<string>:98: (ERROR/3) Undefined substitution referenced: "-------".
2026-04-12 18:36:48,489 1 INFO odoo_ci_test odoo.modules.loading: loading sports_federation_rules/security/ir.model.access.csv 
2026-04-12 18:36:48,498 1 INFO odoo_ci_test odoo.modules.loading: loading sports_federation_rules/views/federation_rule_set_views.xml 
2026-04-12 18:36:48,524 1 INFO odoo_ci_test odoo.modules.loading: loading sports_federation_rules/views/federation_points_rule_views.xml 
2026-04-12 18:36:48,534 1 INFO odoo_ci_test odoo.modules.loading: loading sports_federation_rules/views/federation_tie_break_rule_views.xml 
2026-04-12 18:36:48,544 1 INFO odoo_ci_test odoo.modules.loading: loading sports_federation_rules/views/federation_eligibility_rule_views.xml 
2026-04-12 18:36:48,555 1 INFO odoo_ci_test odoo.modules.loading: loading sports_federation_rules/views/federation_qualification_rule_views.xml 
2026-04-12 18:36:48,565 1 INFO odoo_ci_test odoo.modules.loading: loading sports_federation_rules/views/menu_items.xml 
2026-04-12 18:36:48,597 1 INFO odoo_ci_test odoo.modules.loading: Module sports_federation_rules loaded in 0.24s, 302 queries (+302 other) 
2026-04-12 18:36:48,597 1 INFO odoo_ci_test odoo.modules.loading: Loading module sports_federation_tournament (30/32) 
2026-04-12 18:36:48,611 1 INFO odoo_ci_test odoo.registry: module sports_federation_tournament: creating or updating database tables 
2026-04-12 18:36:48,831 1 INFO odoo_ci_test odoo.modules.loading: loading sports_federation_tournament/security/ir.model.access.csv 
2026-04-12 18:36:48,842 1 INFO odoo_ci_test odoo.modules.loading: loading sports_federation_tournament/views/federation_tournament_participant_views.xml 
2026-04-12 18:36:48,863 1 INFO odoo_ci_test odoo.modules.loading: loading sports_federation_tournament/views/federation_match_views.xml 
2026-04-12 18:36:48,881 1 INFO odoo_ci_test odoo.modules.loading: loading sports_federation_tournament/views/federation_tournament_round_views.xml 
2026-04-12 18:36:48,893 1 INFO odoo_ci_test odoo.modules.loading: loading sports_federation_tournament/views/federation_tournament_group_views.xml 
2026-04-12 18:36:48,909 1 INFO odoo_ci_test odoo.modules.loading: loading sports_federation_tournament/views/federation_tournament_stage_views.xml 
2026-04-12 18:36:48,925 1 INFO odoo_ci_test odoo.modules.loading: loading sports_federation_tournament/views/federation_tournament_views.xml 
2026-04-12 18:36:48,943 1 INFO odoo_ci_test odoo.modules.loading: loading sports_federation_tournament/views/federation_competition_edition_views.xml 
2026-04-12 18:36:48,961 1 INFO odoo_ci_test odoo.modules.loading: loading sports_federation_tournament/views/federation_competition_views.xml 
2026-04-12 18:36:48,978 1 INFO odoo_ci_test odoo.modules.loading: loading sports_federation_tournament/views/federation_season_registration_views_inherit.xml 
2026-04-12 18:36:48,999 1 INFO odoo_ci_test odoo.modules.loading: loading sports_federation_tournament/views/menu_items.xml 
2026-04-12 18:36:49,036 1 INFO odoo_ci_test odoo.modules.loading: Module sports_federation_tournament loaded in 0.44s, 575 queries (+575 other) 
2026-04-12 18:36:49,036 1 INFO odoo_ci_test odoo.modules.loading: Loading module sports_federation_standings (31/32) 
2026-04-12 18:36:49,044 1 INFO odoo_ci_test odoo.registry: module sports_federation_standings: creating or updating database tables 
2026-04-12 18:36:49,132 1 INFO odoo_ci_test odoo.modules.loading: loading sports_federation_standings/security/ir.model.access.csv 
2026-04-12 18:36:49,139 1 INFO odoo_ci_test odoo.modules.loading: loading sports_federation_standings/views/standing_views.xml 
2026-04-12 18:36:49,166 1 INFO odoo_ci_test odoo.modules.loading: loading sports_federation_standings/views/tournament_views_inherit.xml 
2026-04-12 18:36:49,176 1 INFO odoo_ci_test odoo.modules.loading: loading sports_federation_standings/views/menu_views.xml 
2026-04-12 18:36:49,194 1 INFO odoo_ci_test odoo.modules.loading: Module sports_federation_standings loaded in 0.16s, 223 queries (+223 other) 
2026-04-12 18:36:49,194 1 INFO odoo_ci_test odoo.modules.loading: Loading module sports_federation_competition_engine (32/32) 
2026-04-12 18:36:49,207 1 INFO odoo_ci_test odoo.registry: module sports_federation_competition_engine: creating or updating database tables 
2026-04-12 18:36:49,362 1 INFO odoo_ci_test odoo.modules.loading: loading sports_federation_competition_engine/security/ir.model.access.csv 
2026-04-12 18:36:49,371 1 INFO odoo_ci_test odoo.modules.loading: loading sports_federation_competition_engine/views/stage_progression_views.xml 
2026-04-12 18:36:49,388 1 INFO odoo_ci_test odoo.modules.loading: loading sports_federation_competition_engine/views/tournament_template_views.xml 
2026-04-12 18:36:49,403 1 INFO odoo_ci_test odoo.modules.loading: loading sports_federation_competition_engine/wizards/round_robin_wizard_views.xml 
2026-04-12 18:36:49,412 1 INFO odoo_ci_test odoo.modules.loading: loading sports_federation_competition_engine/wizards/knockout_wizard_views.xml 
2026-04-12 18:36:49,419 1 WARNING odoo_ci_test odoo.addons.base.models.ir_ui_view: An alert (class alert-*) must have an alert, alertdialog or status role or an alert-link class. Please use alert and alertdialog only for what expects to stop any activity to be read immediately.
View error context:
{'file': '/mnt/extra-addons/sports_federation_competition_engine/wizards/knockout_wizard_views.xml',
 'line': 22,
 'name': 'federation.knockout.wizard.form',
 'view': ir.ui.view(512,),
 'view.model': 'federation.knockout.wizard',
 'view.parent': ir.ui.view(),
 'xmlid': 'view_knockout_wizard_form'} 
2026-04-12 18:36:49,422 1 INFO odoo_ci_test odoo.modules.loading: loading sports_federation_competition_engine/views/tournament_buttons.xml 
2026-04-12 18:36:49,521 1 INFO odoo_ci_test odoo.addons.sports_federation_competition_engine.tests.test_knockout: Starting TestKnockout.test_bye_seeding_top_seeds ... 
2026-04-12 18:36:49,551 1 INFO odoo_ci_test odoo.addons.sports_federation_competition_engine.services.knockout: Generated 5 knockout matches (3 rounds) for tournament Test Tournament, stage Knockout 
2026-04-12 18:36:49,551 1 INFO odoo_ci_test odoo.addons.sports_federation_competition_engine.tests.test_knockout: Starting TestKnockout.test_bye_sources_fill_second_round_placeholders ... 
2026-04-12 18:36:49,581 1 INFO odoo_ci_test odoo.addons.sports_federation_competition_engine.services.knockout: Generated 5 knockout matches (3 rounds) for tournament Test Tournament, stage Knockout 
2026-04-12 18:36:49,581 1 INFO odoo_ci_test odoo.addons.sports_federation_competition_engine.tests.test_knockout: Starting TestKnockout.test_eight_teams_natural ... 
2026-04-12 18:36:49,614 1 INFO odoo_ci_test odoo.addons.sports_federation_competition_engine.services.knockout: Generated 7 knockout matches (3 rounds) for tournament Test Tournament, stage Knockout 
2026-04-12 18:36:49,614 1 INFO odoo_ci_test odoo.addons.sports_federation_competition_engine.tests.test_knockout: Starting TestKnockout.test_eight_teams_power_of_two ... 
2026-04-12 18:36:49,647 1 INFO odoo_ci_test odoo.addons.sports_federation_competition_engine.services.knockout: Generated 7 knockout matches (3 rounds) for tournament Test Tournament, stage Knockout 
2026-04-12 18:36:49,647 1 INFO odoo_ci_test odoo.addons.sports_federation_competition_engine.tests.test_knockout: Starting TestKnockout.test_manual_seeding_order ... 
2026-04-12 18:36:49,680 1 INFO odoo_ci_test odoo.addons.sports_federation_competition_engine.services.knockout: Generated 7 knockout matches (3 rounds) for tournament Test Tournament, stage Knockout 
2026-04-12 18:36:49,684 1 INFO odoo_ci_test odoo.addons.sports_federation_competition_engine.tests.test_knockout: Starting TestKnockout.test_minimum_participants ... 
2026-04-12 18:36:49,689 1 INFO odoo_ci_test odoo.addons.sports_federation_competition_engine.tests.test_knockout: Starting TestKnockout.test_no_self_pairings ... 
2026-04-12 18:36:49,721 1 INFO odoo_ci_test odoo.addons.sports_federation_competition_engine.services.knockout: Generated 7 knockout matches (3 rounds) for tournament Test Tournament, stage Knockout 
2026-04-12 18:36:49,723 1 INFO odoo_ci_test odoo.addons.sports_federation_competition_engine.tests.test_knockout: Starting TestKnockout.test_overwrite_allowed ... 
2026-04-12 18:36:49,755 1 INFO odoo_ci_test odoo.addons.sports_federation_competition_engine.services.knockout: Generated 7 knockout matches (3 rounds) for tournament Test Tournament, stage Knockout 
2026-04-12 18:36:49,775 1 INFO odoo_ci_test odoo.models.unlink: User #1 deleted mail.message records with IDs: [88, 87, 86, 85, 84, 83, 82] 
2026-04-12 18:36:49,780 1 INFO odoo_ci_test odoo.models.unlink: User #1 deleted federation.match records with IDs: [39, 40, 41, 42, 43, 44, 45] 
2026-04-12 18:36:49,808 1 INFO odoo_ci_test odoo.addons.sports_federation_competition_engine.services.knockout: Generated 7 knockout matches (3 rounds) for tournament Test Tournament, stage Knockout 
2026-04-12 18:36:49,808 1 INFO odoo_ci_test odoo.addons.sports_federation_competition_engine.tests.test_knockout: Starting TestKnockout.test_overwrite_protection ... 
2026-04-12 18:36:49,841 1 INFO odoo_ci_test odoo.addons.sports_federation_competition_engine.services.knockout: Generated 7 knockout matches (3 rounds) for tournament Test Tournament, stage Knockout 
2026-04-12 18:36:49,849 1 INFO odoo_ci_test odoo.addons.sports_federation_competition_engine.tests.test_knockout: Starting TestKnockout.test_play_in_winners_auto_advance_into_seeded_slots ... 
2026-04-12 18:36:49,876 1 INFO odoo_ci_test odoo.addons.sports_federation_competition_engine.services.knockout: Generated 5 knockout matches (3 rounds) for tournament Test Tournament, stage Knockout 
2026-04-12 18:36:49,879 1 INFO odoo_ci_test odoo.addons.sports_federation_competition_engine.tests.test_knockout: Starting TestKnockout.test_seeding_correctness ... 
2026-04-12 18:36:49,911 1 INFO odoo_ci_test odoo.addons.sports_federation_competition_engine.services.knockout: Generated 7 knockout matches (3 rounds) for tournament Test Tournament, stage Knockout 
2026-04-12 18:36:49,915 1 INFO odoo_ci_test odoo.addons.sports_federation_competition_engine.tests.test_knockout: Starting TestKnockout.test_six_teams_power_of_two ... 
2026-04-12 18:36:49,942 1 INFO odoo_ci_test odoo.addons.sports_federation_competition_engine.services.knockout: Generated 5 knockout matches (3 rounds) for tournament Test Tournament, stage Knockout 
2026-04-12 18:36:49,943 1 INFO odoo_ci_test odoo.addons.sports_federation_competition_engine.tests.test_knockout: Starting TestKnockout.test_three_teams_power_of_two ... 
2026-04-12 18:36:49,961 1 INFO odoo_ci_test odoo.addons.sports_federation_competition_engine.services.knockout: Generated 2 knockout matches (2 rounds) for tournament Test Tournament, stage Knockout 
2026-04-12 18:36:49,961 1 INFO odoo_ci_test odoo.addons.sports_federation_competition_engine.tests.test_knockout: Starting TestKnockout.test_tournament_state_validation ... 
2026-04-12 18:36:50,029 1 INFO odoo_ci_test odoo.addons.base.models.ir_attachment: filestore gc 14 checked, 0 removed 
2026-04-12 18:36:50,089 1 INFO odoo_ci_test odoo.addons.sports_federation_competition_engine.tests.test_round_robin: Starting TestRoundRobin.test_deterministic_ordering ... 
2026-04-12 18:36:50,146 1 INFO odoo_ci_test odoo.addons.sports_federation_competition_engine.services.round_robin: Generated 15 round-robin matches for tournament Test Tournament, stage Group Stage 
2026-04-12 18:36:50,160 1 INFO odoo_ci_test odoo.models.unlink: User #1 deleted mail.message records with IDs: [145, 144, 143, 142, 141, 140, 139, 138, 137, 136, 135, 134, 133, 132, 131] 
2026-04-12 18:36:50,165 1 INFO odoo_ci_test odoo.models.unlink: User #1 deleted federation.match records with IDs: [79, 80, 81, 82, 83, 84, 85, 86, 87, 88, 89, 90, 91, 92, 93] 
2026-04-12 18:36:50,214 1 INFO odoo_ci_test odoo.addons.sports_federation_competition_engine.services.round_robin: Generated 15 round-robin matches for tournament Test Tournament, stage Group Stage 
2026-04-12 18:36:50,215 1 INFO odoo_ci_test odoo.addons.sports_federation_competition_engine.tests.test_round_robin: Starting TestRoundRobin.test_double_round ... 
2026-04-12 18:36:50,272 1 INFO odoo_ci_test odoo.addons.sports_federation_competition_engine.services.round_robin: Generated 15 round-robin matches for tournament Test Tournament, stage Group Stage 
2026-04-12 18:36:50,284 1 INFO odoo_ci_test odoo.models.unlink: User #1 deleted mail.message records with IDs: [175, 174, 173, 172, 171, 170, 169, 168, 167, 166, 165, 164, 163, 162, 161] 
2026-04-12 18:36:50,288 1 INFO odoo_ci_test odoo.models.unlink: User #1 deleted federation.match records with IDs: [109, 110, 111, 112, 113, 114, 115, 116, 117, 118, 119, 120, 121, 122, 123] 
2026-04-12 18:36:50,382 1 INFO odoo_ci_test odoo.addons.sports_federation_competition_engine.services.round_robin: Generated 30 round-robin matches for tournament Test Tournament, stage Group Stage 
2026-04-12 18:36:50,383 1 INFO odoo_ci_test odoo.addons.sports_federation_competition_engine.tests.test_round_robin: Starting TestRoundRobin.test_each_team_plays_all_others_once ... 
2026-04-12 18:36:50,439 1 INFO odoo_ci_test odoo.addons.sports_federation_competition_engine.services.round_robin: Generated 15 round-robin matches for tournament Test Tournament, stage Group Stage 
2026-04-12 18:36:50,440 1 INFO odoo_ci_test odoo.addons.sports_federation_competition_engine.tests.test_round_robin: Starting TestRoundRobin.test_even_participant_count ... 
2026-04-12 18:36:50,500 1 INFO odoo_ci_test odoo.addons.sports_federation_competition_engine.services.round_robin: Generated 15 round-robin matches for tournament Test Tournament, stage Group Stage 
2026-04-12 18:36:50,501 1 INFO odoo_ci_test odoo.addons.sports_federation_competition_engine.tests.test_round_robin: Starting TestRoundRobin.test_minimum_participants ... 
2026-04-12 18:36:50,505 1 INFO odoo_ci_test odoo.addons.sports_federation_competition_engine.tests.test_round_robin: Starting TestRoundRobin.test_no_self_pairings ... 
2026-04-12 18:36:50,565 1 INFO odoo_ci_test odoo.addons.sports_federation_competition_engine.services.round_robin: Generated 15 round-robin matches for tournament Test Tournament, stage Group Stage 
2026-04-12 18:36:50,565 1 INFO odoo_ci_test odoo.addons.sports_federation_competition_engine.tests.test_round_robin: Starting TestRoundRobin.test_odd_participant_count ... 
2026-04-12 18:36:50,609 1 INFO odoo_ci_test odoo.addons.sports_federation_competition_engine.services.round_robin: Generated 10 round-robin matches for tournament Test Tournament, stage Group Stage 
2026-04-12 18:36:50,609 1 INFO odoo_ci_test odoo.addons.sports_federation_competition_engine.tests.test_round_robin: Starting TestRoundRobin.test_overwrite_allowed ... 
2026-04-12 18:36:50,666 1 INFO odoo_ci_test odoo.addons.sports_federation_competition_engine.services.round_robin: Generated 15 round-robin matches for tournament Test Tournament, stage Group Stage 
2026-04-12 18:36:50,678 1 INFO odoo_ci_test odoo.models.unlink: User #1 deleted mail.message records with IDs: [275, 274, 273, 272, 271, 270, 269, 268, 267, 266, 265, 264, 263, 262, 261] 
2026-04-12 18:36:50,682 1 INFO odoo_ci_test odoo.models.unlink: User #1 deleted federation.match records with IDs: [209, 210, 211, 212, 213, 214, 215, 216, 217, 218, 219, 220, 221, 222, 223] 
2026-04-12 18:36:50,731 1 INFO odoo_ci_test odoo.addons.sports_federation_competition_engine.services.round_robin: Generated 15 round-robin matches for tournament Test Tournament, stage Group Stage 
2026-04-12 18:36:50,731 1 INFO odoo_ci_test odoo.addons.sports_federation_competition_engine.tests.test_round_robin: Starting TestRoundRobin.test_overwrite_protection ... 
2026-04-12 18:36:50,790 1 INFO odoo_ci_test odoo.addons.sports_federation_competition_engine.services.round_robin: Generated 15 round-robin matches for tournament Test Tournament, stage Group Stage 
2026-04-12 18:36:50,798 1 INFO odoo_ci_test odoo.addons.sports_federation_competition_engine.tests.test_round_robin: Starting TestRoundRobin.test_round_numbers_follow_generated_rounds ... 
2026-04-12 18:36:50,860 1 INFO odoo_ci_test odoo.addons.sports_federation_competition_engine.services.round_robin: Generated 15 round-robin matches for tournament Test Tournament, stage Group Stage 
2026-04-12 18:36:50,860 1 INFO odoo_ci_test odoo.addons.sports_federation_competition_engine.tests.test_round_robin: Starting TestRoundRobin.test_tournament_state_validation ... 
2026-04-12 18:36:50,927 1 INFO odoo_ci_test odoo.addons.base.models.ir_attachment: filestore gc 0 checked, 0 removed 
2026-04-12 18:36:50,983 1 INFO odoo_ci_test odoo.addons.sports_federation_competition_engine.tests.test_tournament_template: Starting TestCompetitionEngineWizardGuards.test_knockout_wizard_requires_rule_set ... 
2026-04-12 18:36:50,991 1 INFO odoo_ci_test odoo.addons.sports_federation_competition_engine.tests.test_tournament_template: Starting TestCompetitionEngineWizardGuards.test_round_robin_wizard_computes_preview_summary ... 
2026-04-12 18:36:50,996 1 INFO odoo_ci_test odoo.addons.sports_federation_competition_engine.tests.test_tournament_template: Starting TestCompetitionEngineWizardGuards.test_round_robin_wizard_rejects_selected_unconfirmed_participants ... 
2026-04-12 18:36:51,017 1 INFO odoo_ci_test odoo.addons.sports_federation_competition_engine.tests.test_tournament_template: Starting TestCompetitionEngineWizardGuards.test_round_robin_wizard_requires_rule_set ... 
2026-04-12 18:36:51,024 1 INFO odoo_ci_test odoo.addons.sports_federation_competition_engine.tests.test_tournament_template: Starting TestCompetitionEngineWizardGuards.test_round_robin_wizard_summary_explains_confirmed_scope_requirement ... 
2026-04-12 18:36:51,093 1 INFO odoo_ci_test odoo.addons.base.models.ir_attachment: filestore gc 0 checked, 0 removed 
2026-04-12 18:36:51,122 1 INFO odoo_ci_test odoo.addons.sports_federation_competition_engine.tests.test_tournament_template: Starting TestTournamentTemplate.test_template_apply_creates_stages_groups_and_progressions ... 
2026-04-12 18:36:51,138 1 INFO odoo_ci_test odoo.addons.sports_federation_competition_engine.tests.test_tournament_template: Starting TestTournamentTemplate.test_template_apply_rejects_tournament_with_existing_stages ... 
2026-04-12 18:36:51,207 1 INFO odoo_ci_test odoo.addons.base.models.ir_attachment: filestore gc 0 checked, 0 removed 
2026-04-12 18:36:51,208 1 INFO odoo_ci_test odoo.modules.loading: Module sports_federation_competition_engine loaded in 2.01s (incl. 1.75s test), 323 queries (+2073 test, +323 other) 
2026-04-12 18:36:51,208 1 INFO odoo_ci_test odoo.modules.loading: 32 modules loaded in 13.00s, 17089 queries (+19163 extra) 
2026-04-12 18:36:51,605 1 INFO odoo_ci_test odoo.modules.loading: Modules loaded. 
2026-04-12 18:36:51,613 1 INFO odoo_ci_test odoo.registry: Registry changed, signaling through the database 
2026-04-12 18:36:51,613 1 INFO odoo_ci_test odoo.registry: Registry loaded in 21.584s 
2026-04-12 18:36:51,613 1 INFO odoo_ci_test odoo.service.server: Starting post tests 
2026-04-12 18:36:51,635 1 INFO odoo_ci_test odoo.service.server: 0 post-tests in 0.02s, 0 queries 
2026-04-12 18:36:51,635 1 INFO odoo_ci_test odoo.tests.stats: sports_federation_competition_engine: 40 tests 1.75s 2073 queries 
2026-04-12 18:36:51,635 1 INFO odoo_ci_test odoo.tests.result: 0 failed, 0 error(s) of 32 tests when loading database 'odoo_ci_test' 
2026-04-12 18:36:51,635 1 INFO odoo_ci_test odoo.service.server: Initiating shutdown 
2026-04-12 18:36:51,635 1 INFO odoo_ci_test odoo.service.server: Hit CTRL-C again or send a second signal to force the shutdown. 
2026-04-12 18:36:52,082 1 INFO odoo_ci_test odoo.sql_db: ConnectionPool(read/write;used=0/count=0/max=64): Closed 2 connections  
