 Container sf_ci-ci-db-1  Running
Running as user 'root' is a security risk.
2026-04-12 18:59:01,558 1 WARNING ? odoo.tools.config: missing --http-interface/http_interface, using 0.0.0.0 by default, will change to 127.0.0.1 in 20.0 
2026-04-12 18:59:01,559 1 INFO ? odoo: Odoo version 19.0-20260324 
2026-04-12 18:59:01,559 1 INFO ? odoo: Using configuration file at /etc/odoo/odoo.conf 
2026-04-12 18:59:01,559 1 INFO ? odoo: addons paths: _NamespacePath(['/usr/lib/python3/dist-packages/odoo/addons', '/var/lib/odoo/addons/19.0', '/mnt/extra-addons', '/usr/lib/python3/dist-packages/addons']) 
2026-04-12 18:59:01,559 1 INFO ? odoo: database: odoo@ci-db:5432 
2026-04-12 18:59:01,822 1 INFO ? odoo.service.server: HTTP service (werkzeug) running on 2861758de1cc:8069 
2026-04-12 18:59:01,840 1 INFO odoo_ci_test odoo.tests.common: Importing test framework 
2026-04-12 18:59:01,868 1 INFO odoo_ci_test odoo.modules.loading: Initializing database odoo_ci_test 
2026-04-12 18:59:02,953 1 INFO odoo_ci_test odoo.modules.loading: loading 1 modules... 
2026-04-12 18:59:02,953 1 INFO odoo_ci_test odoo.modules.loading: Loading module base (1/1) 
2026-04-12 18:59:02,984 1 INFO odoo_ci_test odoo.registry: module base: creating or updating database tables 
2026-04-12 18:59:03,237 1 INFO odoo_ci_test odoo.models: Prepare computation of ir.module.module.menus_by_module 
2026-04-12 18:59:03,237 1 INFO odoo_ci_test odoo.models: Prepare computation of ir.module.module.reports_by_module 
2026-04-12 18:59:03,237 1 INFO odoo_ci_test odoo.models: Prepare computation of ir.module.module.views_by_module 
2026-04-12 18:59:03,311 1 INFO odoo_ci_test odoo.models: Prepare computation of res.partner.user_id 
2026-04-12 18:59:03,311 1 INFO odoo_ci_test odoo.models: Prepare computation of res.partner.commercial_partner_id 
2026-04-12 18:59:03,311 1 INFO odoo_ci_test odoo.models: Prepare computation of res.partner.complete_name 
2026-04-12 18:59:03,311 1 INFO odoo_ci_test odoo.models: Prepare computation of res.partner.lang 
2026-04-12 18:59:03,311 1 INFO odoo_ci_test odoo.models: Prepare computation of res.partner.company_registry 
2026-04-12 18:59:03,311 1 INFO odoo_ci_test odoo.models: Prepare computation of res.partner.commercial_company_name 
2026-04-12 18:59:03,311 1 INFO odoo_ci_test odoo.models: Prepare computation of res.partner.properties 
2026-04-12 18:59:03,312 1 INFO odoo_ci_test odoo.models: Prepare computation of res.partner.partner_share 
2026-04-12 18:59:03,335 1 INFO odoo_ci_test odoo.models: Prepare computation of res.currency.decimal_places 
2026-04-12 18:59:03,351 1 INFO odoo_ci_test odoo.models: Prepare computation of res.company.uses_default_logo 
2026-04-12 18:59:03,351 1 INFO odoo_ci_test odoo.models: Prepare computation of res.company.logo_web 
2026-04-12 18:59:03,353 1 INFO odoo_ci_test odoo.models: Computing parent_path for table res_company... 
2026-04-12 18:59:03,375 1 INFO odoo_ci_test odoo.models: Prepare computation of res.users.signature 
2026-04-12 18:59:03,375 1 INFO odoo_ci_test odoo.models: Prepare computation of res.users.share 
2026-04-12 18:59:04,615 1 INFO odoo_ci_test odoo.modules.loading: loading base/data/res_bank.xml 
2026-04-12 18:59:04,619 1 INFO odoo_ci_test odoo.modules.loading: loading base/data/res.lang.csv 
2026-04-12 18:59:04,657 1 INFO odoo_ci_test odoo.modules.loading: loading base/data/res_lang_data.xml 
2026-04-12 18:59:04,687 1 INFO odoo_ci_test odoo.modules.loading: loading base/data/res_partner_data.xml 
2026-04-12 18:59:04,732 1 INFO odoo_ci_test odoo.modules.loading: loading base/data/res_currency_data.xml 
2026-04-12 18:59:05,161 1 INFO odoo_ci_test odoo.modules.loading: loading base/data/res_company_data.xml 
2026-04-12 18:59:05,168 1 INFO odoo_ci_test odoo.modules.loading: loading base/data/res_users_data.xml 
2026-04-12 18:59:06,178 1 INFO odoo_ci_test odoo.modules.loading: loading base/data/report_paperformat_data.xml 
2026-04-12 18:59:06,185 1 INFO odoo_ci_test odoo.modules.loading: loading base/data/res_country_data.xml 
2026-04-12 18:59:06,710 1 INFO odoo_ci_test odoo.modules.loading: loading base/data/ir_demo_data.xml 
2026-04-12 18:59:06,725 1 INFO odoo_ci_test odoo.modules.loading: loading base/security/base_groups.xml 
2026-04-12 18:59:06,920 1 INFO odoo_ci_test odoo.modules.loading: loading base/security/base_security.xml 
2026-04-12 18:59:07,087 1 INFO odoo_ci_test odoo.modules.loading: loading base/wizard/wizard_ir_model_menu_create_views.xml 
2026-04-12 18:59:07,099 1 INFO odoo_ci_test odoo.modules.loading: loading base/views/base_menus.xml 
2026-04-12 18:59:07,154 1 INFO odoo_ci_test odoo.modules.loading: loading base/views/decimal_precision_views.xml 
2026-04-12 18:59:07,173 1 INFO odoo_ci_test odoo.modules.loading: loading base/views/res_config_views.xml 
2026-04-12 18:59:07,181 1 INFO odoo_ci_test odoo.modules.loading: loading base/data/res.country.state.csv 
2026-04-12 18:59:07,495 1 INFO odoo_ci_test odoo.modules.loading: loading base/views/ir_actions_views.xml 
2026-04-12 18:59:07,631 1 INFO odoo_ci_test odoo.modules.loading: loading base/views/ir_asset_views.xml 
2026-04-12 18:59:07,647 1 INFO odoo_ci_test odoo.modules.loading: loading base/views/ir_config_parameter_views.xml 
2026-04-12 18:59:07,664 1 INFO odoo_ci_test odoo.modules.loading: loading base/views/ir_cron_views.xml 
2026-04-12 18:59:07,692 1 INFO odoo_ci_test odoo.modules.loading: loading base/views/ir_cron_trigger_views.xml 
2026-04-12 18:59:07,710 1 INFO odoo_ci_test odoo.modules.loading: loading base/views/ir_filters_views.xml 
2026-04-12 18:59:07,733 1 INFO odoo_ci_test odoo.modules.loading: loading base/views/ir_mail_server_views.xml 
2026-04-12 18:59:07,753 1 INFO odoo_ci_test odoo.modules.loading: loading base/views/ir_model_views.xml 
2026-04-12 18:59:07,887 1 INFO odoo_ci_test odoo.modules.loading: loading base/views/ir_attachment_views.xml 
2026-04-12 18:59:07,908 1 INFO odoo_ci_test odoo.modules.loading: loading base/views/ir_rule_views.xml 
2026-04-12 18:59:07,927 1 INFO odoo_ci_test odoo.modules.loading: loading base/views/ir_sequence_views.xml 
2026-04-12 18:59:07,948 1 INFO odoo_ci_test odoo.modules.loading: loading base/views/ir_ui_menu_views.xml 
2026-04-12 18:59:07,967 1 INFO odoo_ci_test odoo.modules.loading: loading base/views/ir_ui_view_views.xml 
2026-04-12 18:59:08,015 1 INFO odoo_ci_test odoo.modules.loading: loading base/views/ir_default_views.xml 
2026-04-12 18:59:08,034 1 INFO odoo_ci_test odoo.modules.loading: loading base/data/ir_config_parameter_data.xml 
2026-04-12 18:59:08,037 1 INFO odoo_ci_test odoo.modules.loading: loading base/data/ir_cron_data.xml 
2026-04-12 18:59:08,050 1 INFO odoo_ci_test odoo.modules.loading: loading base/report/ir_model_report.xml 
2026-04-12 18:59:08,053 1 INFO odoo_ci_test odoo.modules.loading: loading base/report/ir_model_templates.xml 
2026-04-12 18:59:08,062 1 INFO odoo_ci_test odoo.modules.loading: loading base/views/ir_logging_views.xml 
2026-04-12 18:59:08,082 1 INFO odoo_ci_test odoo.modules.loading: loading base/views/ir_qweb_widget_templates.xml 
2026-04-12 18:59:08,095 1 INFO odoo_ci_test odoo.modules.loading: loading base/views/ir_module_views.xml 
2026-04-12 18:59:08,147 1 INFO odoo_ci_test odoo.modules.loading: loading base/data/ir_module_category_data.xml 
2026-04-12 18:59:08,183 1 INFO odoo_ci_test odoo.modules.loading: loading base/data/ir_module_module.xml 
2026-04-12 18:59:08,237 1 INFO odoo_ci_test odoo.modules.loading: loading base/report/ir_module_reports.xml 
2026-04-12 18:59:08,241 1 INFO odoo_ci_test odoo.modules.loading: loading base/report/ir_module_report_templates.xml 
2026-04-12 18:59:08,248 1 INFO odoo_ci_test odoo.modules.loading: loading base/wizard/base_module_update_views.xml 
2026-04-12 18:59:08,260 1 INFO odoo_ci_test odoo.modules.loading: loading base/wizard/base_language_install_views.xml 
2026-04-12 18:59:08,275 1 INFO odoo_ci_test odoo.modules.loading: loading base/wizard/base_import_language_views.xml 
2026-04-12 18:59:08,285 1 INFO odoo_ci_test odoo.modules.loading: loading base/wizard/base_module_upgrade_views.xml 
2026-04-12 18:59:08,301 1 INFO odoo_ci_test odoo.modules.loading: loading base/wizard/base_module_uninstall_views.xml 
2026-04-12 18:59:08,309 1 INFO odoo_ci_test odoo.modules.loading: loading base/wizard/base_export_language_views.xml 
2026-04-12 18:59:08,321 1 INFO odoo_ci_test odoo.modules.loading: loading base/wizard/base_partner_merge_views.xml 
2026-04-12 18:59:08,335 1 INFO odoo_ci_test odoo.modules.loading: loading base/data/ir_demo_failure_data.xml 
2026-04-12 18:59:08,350 1 INFO odoo_ci_test odoo.modules.loading: loading base/views/ir_profile_views.xml 
2026-04-12 18:59:08,371 1 INFO odoo_ci_test odoo.modules.loading: loading base/views/res_company_views.xml 
2026-04-12 18:59:08,392 1 INFO odoo_ci_test odoo.modules.loading: loading base/views/res_lang_views.xml 
2026-04-12 18:59:08,412 1 INFO odoo_ci_test odoo.modules.loading: loading base/views/res_partner_views.xml 
2026-04-12 18:59:08,493 1 INFO odoo_ci_test odoo.modules.loading: loading base/views/res_bank_views.xml 
2026-04-12 18:59:08,523 1 INFO odoo_ci_test odoo.modules.loading: loading base/views/res_country_views.xml 
2026-04-12 18:59:08,565 1 INFO odoo_ci_test odoo.modules.loading: loading base/views/res_currency_views.xml 
2026-04-12 18:59:08,601 1 INFO odoo_ci_test odoo.modules.loading: loading base/views/res_groups_views.xml 
2026-04-12 18:59:08,642 1 INFO odoo_ci_test odoo.modules.loading: loading base/views/res_users_views.xml 
2026-04-12 18:59:08,731 1 INFO odoo_ci_test odoo.modules.loading: loading base/views/res_users_apikeys_views.xml 
2026-04-12 18:59:08,737 1 INFO odoo_ci_test odoo.modules.loading: loading base/views/res_device_views.xml 
2026-04-12 18:59:08,757 1 INFO odoo_ci_test odoo.modules.loading: loading base/views/res_users_identitycheck_views.xml 
2026-04-12 18:59:08,765 1 INFO odoo_ci_test odoo.modules.loading: loading base/views/res_config_settings_views.xml 
2026-04-12 18:59:08,773 1 INFO odoo_ci_test odoo.modules.loading: loading base/views/report_paperformat_views.xml 
2026-04-12 18:59:08,796 1 INFO odoo_ci_test odoo.modules.loading: loading base/security/ir.model.access.csv 
2026-04-12 18:59:09,096 1 INFO odoo_ci_test odoo.modules.loading: Module base loaded in 6.14s, 8397 queries (+8397 other) 
2026-04-12 18:59:09,096 1 INFO odoo_ci_test odoo.modules.loading: 1 modules loaded in 6.14s, 8397 queries (+8397 extra) 
2026-04-12 18:59:09,099 1 INFO odoo_ci_test odoo.modules.loading: updating modules list 
2026-04-12 18:59:09,100 1 INFO odoo_ci_test odoo.addons.base.models.ir_module: ALLOW access to module.update_list on [] to user __system__ #1 via n/a 
2026-04-12 18:59:09,908 1 INFO odoo_ci_test odoo.addons.base.models.ir_module: ALLOW access to module.button_install on ['Sports Federation Club Roles & Portal'] to user __system__ #1 via n/a 
2026-04-12 18:59:10,005 1 INFO odoo_ci_test odoo.modules.loading: loading 49 modules... 
2026-04-12 18:59:10,005 1 INFO odoo_ci_test odoo.modules.loading: Loading module rpc (2/49) 
2026-04-12 18:59:10,020 1 INFO odoo_ci_test odoo.modules.loading: Module rpc loaded in 0.01s, 9 queries (+9 other) 
2026-04-12 18:59:10,020 1 INFO odoo_ci_test odoo.modules.loading: Loading module social_media (3/49) 
2026-04-12 18:59:10,024 1 INFO odoo_ci_test odoo.registry: module social_media: creating or updating database tables 
2026-04-12 18:59:10,056 1 INFO odoo_ci_test odoo.modules.loading: loading social_media/views/res_company_views.xml 
2026-04-12 18:59:10,078 1 INFO odoo_ci_test odoo.modules.loading: Module social_media loaded in 0.06s, 75 queries (+75 other) 
2026-04-12 18:59:10,078 1 INFO odoo_ci_test odoo.modules.loading: Loading module web (4/49) 
2026-04-12 18:59:10,111 1 INFO odoo_ci_test odoo.registry: module web: creating or updating database tables 
2026-04-12 18:59:10,530 1 INFO odoo_ci_test odoo.modules.loading: loading web/security/ir.model.access.csv 
2026-04-12 18:59:10,536 1 INFO odoo_ci_test odoo.modules.loading: loading web/security/web_security.xml 
2026-04-12 18:59:10,547 1 INFO odoo_ci_test odoo.modules.loading: loading web/views/webclient_templates.xml 
2026-04-12 18:59:10,597 1 INFO odoo_ci_test odoo.modules.loading: loading web/views/report_templates.xml 
2026-04-12 18:59:10,686 1 INFO odoo_ci_test odoo.modules.loading: loading web/views/base_document_layout_views.xml 
2026-04-12 18:59:10,701 1 INFO odoo_ci_test odoo.modules.loading: loading web/views/partner_view.xml 
2026-04-12 18:59:10,708 1 INFO odoo_ci_test odoo.modules.loading: loading web/views/speedscope_template.xml 
2026-04-12 18:59:10,713 1 INFO odoo_ci_test odoo.modules.loading: loading web/views/memory_template.xml 
2026-04-12 18:59:10,719 1 INFO odoo_ci_test odoo.modules.loading: loading web/views/speedscope_config_wizard.xml 
2026-04-12 18:59:10,726 1 INFO odoo_ci_test odoo.modules.loading: loading web/views/neutralize_views.xml 
2026-04-12 18:59:10,733 1 INFO odoo_ci_test odoo.modules.loading: loading web/views/ir_ui_view_views.xml 
2026-04-12 18:59:10,743 1 INFO odoo_ci_test odoo.modules.loading: loading web/data/ir_attachment.xml 
2026-04-12 18:59:10,747 1 INFO odoo_ci_test odoo.modules.loading: loading web/data/report_layout.xml 
2026-04-12 18:59:10,801 1 INFO odoo_ci_test odoo.modules.loading: Module web loaded in 0.72s, 1229 queries (+1229 other) 
2026-04-12 18:59:10,801 1 INFO odoo_ci_test odoo.modules.loading: Loading module api_doc (5/49) 
2026-04-12 18:59:10,807 1 INFO odoo_ci_test odoo.registry: module api_doc: creating or updating database tables 
2026-04-12 18:59:10,822 1 INFO odoo_ci_test odoo.modules.loading: loading api_doc/security/res_groups.xml 
2026-04-12 18:59:10,843 1 INFO odoo_ci_test odoo.modules.loading: loading api_doc/views/docclient.xml 
2026-04-12 18:59:10,861 1 INFO odoo_ci_test odoo.modules.loading: Module api_doc loaded in 0.06s, 63 queries (+63 other) 
2026-04-12 18:59:10,861 1 INFO odoo_ci_test odoo.modules.loading: Loading module auth_totp (6/49) 
2026-04-12 18:59:10,876 1 INFO odoo_ci_test odoo.registry: module auth_totp: creating or updating database tables 
2026-04-12 18:59:10,938 1 INFO odoo_ci_test odoo.modules.loading: loading auth_totp/security/security.xml 
2026-04-12 18:59:10,958 1 INFO odoo_ci_test odoo.modules.loading: loading auth_totp/security/ir.model.access.csv 
2026-04-12 18:59:10,964 1 INFO odoo_ci_test odoo.modules.loading: loading auth_totp/data/ir_action_data.xml 
2026-04-12 18:59:10,970 1 INFO odoo_ci_test odoo.modules.loading: loading auth_totp/views/res_users_views.xml 
2026-04-12 18:59:10,996 1 INFO odoo_ci_test odoo.modules.loading: loading auth_totp/views/templates.xml 
2026-04-12 18:59:11,002 1 INFO odoo_ci_test odoo.modules.loading: loading auth_totp/wizard/auth_totp_wizard_views.xml 
2026-04-12 18:59:11,023 1 INFO odoo_ci_test odoo.modules.loading: Module auth_totp loaded in 0.16s, 218 queries (+218 other) 
2026-04-12 18:59:11,023 1 INFO odoo_ci_test odoo.modules.loading: Loading module base_import (7/49) 
2026-04-12 18:59:11,057 1 INFO odoo_ci_test odoo.registry: module base_import: creating or updating database tables 
2026-04-12 18:59:11,480 1 INFO odoo_ci_test odoo.modules.loading: loading base_import/security/ir.model.access.csv 
2026-04-12 18:59:11,492 1 INFO odoo_ci_test odoo.modules.loading: Module base_import loaded in 0.47s, 956 queries (+956 other) 
2026-04-12 18:59:11,492 1 INFO odoo_ci_test odoo.modules.loading: Loading module base_import_module (8/49) 
2026-04-12 18:59:11,499 1 INFO odoo_ci_test odoo.registry: module base_import_module: creating or updating database tables 
2026-04-12 18:59:11,553 1 INFO odoo_ci_test odoo.modules.loading: loading base_import_module/security/ir.model.access.csv 
2026-04-12 18:59:11,558 1 INFO odoo_ci_test odoo.modules.loading: loading base_import_module/views/base_import_module_view.xml 
2026-04-12 18:59:11,576 1 INFO odoo_ci_test odoo.modules.loading: loading base_import_module/views/ir_module_views.xml 
2026-04-12 18:59:11,617 1 INFO odoo_ci_test odoo.modules.loading: Module base_import_module loaded in 0.12s, 172 queries (+172 other) 
2026-04-12 18:59:11,617 1 INFO odoo_ci_test odoo.modules.loading: Loading module base_setup (9/49) 
2026-04-12 18:59:11,625 1 INFO odoo_ci_test odoo.registry: module base_setup: creating or updating database tables 
2026-04-12 18:59:11,665 1 INFO odoo_ci_test odoo.modules.loading: loading base_setup/data/base_setup_data.xml 
2026-04-12 18:59:11,669 1 INFO odoo_ci_test odoo.modules.loading: loading base_setup/views/res_config_settings_views.xml 
2026-04-12 18:59:11,697 1 INFO odoo_ci_test odoo.modules.loading: loading base_setup/views/res_partner_views.xml 
2026-04-12 18:59:11,713 1 INFO odoo_ci_test odoo.modules.loading: Module base_setup loaded in 0.10s, 152 queries (+152 other) 
2026-04-12 18:59:11,713 1 INFO odoo_ci_test odoo.modules.loading: Loading module bus (10/49) 
2026-04-12 18:59:11,731 1 INFO odoo_ci_test odoo.registry: module bus: creating or updating database tables 
2026-04-12 18:59:11,811 1 INFO odoo_ci_test odoo.modules.loading: loading bus/security/ir.model.access.csv 
2026-04-12 18:59:11,825 1 INFO odoo_ci_test odoo.modules.loading: Module bus loaded in 0.11s, 152 queries (+152 other) 
2026-04-12 18:59:11,825 1 INFO odoo_ci_test odoo.modules.loading: Loading module http_routing (11/49) 
2026-04-12 18:59:11,828 1 INFO odoo_ci_test odoo.registry: module http_routing: creating or updating database tables 
2026-04-12 18:59:11,845 1 INFO odoo_ci_test odoo.modules.loading: loading http_routing/views/http_routing_template.xml 
2026-04-12 18:59:11,882 1 INFO odoo_ci_test odoo.modules.loading: loading http_routing/views/res_lang_views.xml 
2026-04-12 18:59:11,905 1 INFO odoo_ci_test odoo.modules.loading: Module http_routing loaded in 0.08s, 114 queries (+114 other) 
2026-04-12 18:59:11,905 1 INFO odoo_ci_test odoo.modules.loading: Loading module resource (12/49) 
2026-04-12 18:59:11,917 1 INFO odoo_ci_test odoo.registry: module resource: creating or updating database tables 
2026-04-12 18:59:12,028 1 INFO odoo_ci_test odoo.modules.loading: loading resource/data/resource_data.xml 
2026-04-12 18:59:12,043 1 INFO odoo_ci_test odoo.modules.loading: loading resource/security/ir.model.access.csv 
2026-04-12 18:59:12,054 1 INFO odoo_ci_test odoo.modules.loading: loading resource/security/resource_security.xml 
2026-04-12 18:59:12,074 1 INFO odoo_ci_test odoo.modules.loading: loading resource/views/resource_resource_views.xml 
2026-04-12 18:59:12,097 1 INFO odoo_ci_test odoo.modules.loading: loading resource/views/resource_calendar_leaves_views.xml 
2026-04-12 18:59:12,122 1 INFO odoo_ci_test odoo.modules.loading: loading resource/views/resource_calendar_attendance_views.xml 
2026-04-12 18:59:12,132 1 INFO odoo_ci_test odoo.modules.loading: loading resource/views/resource_calendar_views.xml 
2026-04-12 18:59:12,154 1 INFO odoo_ci_test odoo.modules.loading: loading resource/views/menuitems.xml 
2026-04-12 18:59:12,177 1 INFO odoo_ci_test odoo.modules.loading: Module resource loaded in 0.27s, 414 queries (+414 other) 
2026-04-12 18:59:12,178 1 INFO odoo_ci_test odoo.modules.loading: Loading module utm (13/49) 
2026-04-12 18:59:12,184 1 INFO odoo_ci_test odoo.registry: module utm: creating or updating database tables 
2026-04-12 18:59:12,274 1 INFO odoo_ci_test odoo.modules.loading: loading utm/data/utm_medium_data.xml 
2026-04-12 18:59:12,293 1 INFO odoo_ci_test odoo.modules.loading: loading utm/data/utm_source_data.xml 
2026-04-12 18:59:12,309 1 INFO odoo_ci_test odoo.modules.loading: loading utm/data/utm_stage_data.xml 
2026-04-12 18:59:12,313 1 INFO odoo_ci_test odoo.modules.loading: loading utm/data/utm_tag_data.xml 
2026-04-12 18:59:12,317 1 INFO odoo_ci_test odoo.modules.loading: loading utm/views/utm_campaign_views.xml 
2026-04-12 18:59:12,344 1 INFO odoo_ci_test odoo.modules.loading: loading utm/views/utm_medium_views.xml 
2026-04-12 18:59:12,359 1 INFO odoo_ci_test odoo.modules.loading: loading utm/views/utm_source_views.xml 
2026-04-12 18:59:12,371 1 INFO odoo_ci_test odoo.modules.loading: loading utm/views/utm_stage_views.xml 
2026-04-12 18:59:12,385 1 INFO odoo_ci_test odoo.modules.loading: loading utm/views/utm_tag_views.xml 
2026-04-12 18:59:12,394 1 INFO odoo_ci_test odoo.modules.loading: loading utm/views/utm_menus.xml 
2026-04-12 18:59:12,413 1 INFO odoo_ci_test odoo.modules.loading: loading utm/security/ir.model.access.csv 
2026-04-12 18:59:12,434 1 INFO odoo_ci_test odoo.modules.loading: Module utm loaded in 0.26s, 410 queries (+410 other) 
2026-04-12 18:59:12,434 1 INFO odoo_ci_test odoo.modules.loading: Loading module web_tour (14/49) 
2026-04-12 18:59:12,443 1 INFO odoo_ci_test odoo.registry: module web_tour: creating or updating database tables 
2026-04-12 18:59:12,447 1 INFO odoo_ci_test odoo.models: Prepare computation of res.users.tour_enabled 
2026-04-12 18:59:12,518 1 INFO odoo_ci_test odoo.modules.loading: loading web_tour/security/ir.model.access.csv 
2026-04-12 18:59:12,526 1 INFO odoo_ci_test odoo.modules.loading: loading web_tour/views/tour_views.xml 
2026-04-12 18:59:12,568 1 INFO odoo_ci_test odoo.modules.loading: Module web_tour loaded in 0.13s, 180 queries (+180 other) 
2026-04-12 18:59:12,568 1 INFO odoo_ci_test odoo.modules.loading: Loading module auth_passkey (15/49) 
2026-04-12 18:59:12,603 1 INFO odoo_ci_test odoo.registry: module auth_passkey: creating or updating database tables 
2026-04-12 18:59:12,662 1 INFO odoo_ci_test odoo.modules.loading: loading auth_passkey/views/auth_passkey_key_views.xml 
2026-04-12 18:59:12,681 1 INFO odoo_ci_test odoo.modules.loading: loading auth_passkey/views/auth_passkey_login_templates.xml 
2026-04-12 18:59:12,695 1 INFO odoo_ci_test odoo.modules.loading: loading auth_passkey/views/res_users_identitycheck_views.xml 
2026-04-12 18:59:12,705 1 INFO odoo_ci_test odoo.modules.loading: loading auth_passkey/views/res_users_views.xml 
2026-04-12 18:59:12,725 1 INFO odoo_ci_test odoo.modules.loading: loading auth_passkey/security/ir.model.access.csv 
2026-04-12 18:59:12,733 1 INFO odoo_ci_test odoo.modules.loading: loading auth_passkey/security/security.xml 
2026-04-12 18:59:12,758 1 INFO odoo_ci_test odoo.modules.loading: Module auth_passkey loaded in 0.19s, 218 queries (+218 other) 
2026-04-12 18:59:12,758 1 INFO odoo_ci_test odoo.modules.loading: Loading module google_recaptcha (16/49) 
2026-04-12 18:59:12,762 1 INFO odoo_ci_test odoo.registry: module google_recaptcha: creating or updating database tables 
2026-04-12 18:59:12,784 1 INFO odoo_ci_test odoo.modules.loading: loading google_recaptcha/views/res_config_settings_view.xml 
2026-04-12 18:59:12,813 1 INFO odoo_ci_test odoo.modules.loading: Module google_recaptcha loaded in 0.05s, 64 queries (+64 other) 
2026-04-12 18:59:12,813 1 INFO odoo_ci_test odoo.modules.loading: Loading module html_editor (17/49) 
2026-04-12 18:59:12,986 1 INFO odoo_ci_test odoo.registry: module html_editor: creating or updating database tables 
2026-04-12 18:59:13,504 1 INFO odoo_ci_test odoo.modules.loading: loading html_editor/security/ir.model.access.csv 
2026-04-12 18:59:13,519 1 INFO odoo_ci_test odoo.modules.loading: Module html_editor loaded in 0.71s, 1110 queries (+1110 other) 
2026-04-12 18:59:13,519 1 INFO odoo_ci_test odoo.modules.loading: Loading module iap (18/49) 
2026-04-12 18:59:13,522 1 INFO odoo_ci_test odoo.registry: module iap: creating or updating database tables 
2026-04-12 18:59:13,577 1 INFO odoo_ci_test odoo.modules.loading: loading iap/data/services.xml 
2026-04-12 18:59:13,581 1 INFO odoo_ci_test odoo.modules.loading: loading iap/security/ir.model.access.csv 
2026-04-12 18:59:13,588 1 INFO odoo_ci_test odoo.modules.loading: loading iap/security/ir_rule.xml 
2026-04-12 18:59:13,595 1 INFO odoo_ci_test odoo.modules.loading: loading iap/views/iap_views.xml 
2026-04-12 18:59:13,618 1 INFO odoo_ci_test odoo.modules.loading: loading iap/views/res_config_settings.xml 
2026-04-12 18:59:13,639 1 INFO odoo_ci_test odoo.modules.loading: Module iap loaded in 0.12s, 184 queries (+184 other) 
2026-04-12 18:59:13,639 1 INFO odoo_ci_test odoo.modules.loading: Loading module mail (19/49) 
2026-04-12 18:59:13,707 1 INFO odoo_ci_test odoo.registry: module mail: creating or updating database tables 
2026-04-12 18:59:13,874 1 INFO odoo_ci_test odoo.models: Prepare computation of ir.actions.server.partner_ids 
2026-04-12 18:59:13,874 1 INFO odoo_ci_test odoo.models: Prepare computation of ir.actions.server.activity_user_id 
2026-04-12 18:59:13,874 1 INFO odoo_ci_test odoo.models: Prepare computation of ir.actions.server.activity_type_id 
2026-04-12 18:59:13,874 1 INFO odoo_ci_test odoo.models: Prepare computation of ir.actions.server.template_id 
2026-04-12 18:59:13,874 1 INFO odoo_ci_test odoo.models: Prepare computation of ir.actions.server.activity_date_deadline_range 
2026-04-12 18:59:13,874 1 INFO odoo_ci_test odoo.models: Prepare computation of ir.actions.server.activity_summary 
2026-04-12 18:59:13,874 1 INFO odoo_ci_test odoo.models: Prepare computation of ir.actions.server.followers_type 
2026-04-12 18:59:13,874 1 INFO odoo_ci_test odoo.models: Prepare computation of ir.actions.server.followers_partner_field_name 
2026-04-12 18:59:13,874 1 INFO odoo_ci_test odoo.models: Prepare computation of ir.actions.server.mail_post_method 
2026-04-12 18:59:13,874 1 INFO odoo_ci_test odoo.models: Prepare computation of ir.actions.server.activity_date_deadline_range_type 
2026-04-12 18:59:13,874 1 INFO odoo_ci_test odoo.models: Prepare computation of ir.actions.server.activity_user_type 
2026-04-12 18:59:13,875 1 INFO odoo_ci_test odoo.models: Prepare computation of ir.actions.server.activity_user_field_name 
2026-04-12 18:59:13,875 1 INFO odoo_ci_test odoo.models: Prepare computation of ir.actions.server.activity_note 
2026-04-12 18:59:13,875 1 INFO odoo_ci_test odoo.models: Prepare computation of ir.actions.server.mail_post_autofollow 
2026-04-12 18:59:13,935 1 INFO odoo_ci_test odoo.models: Prepare computation of res.users.notification_type 
2026-04-12 18:59:13,986 1 INFO odoo_ci_test odoo.models: Prepare computation of res.partner.email_normalized 
<string>:38: (ERROR/3) Unexpected indentation.
<string>:43: (WARNING/2) Block quote ends without a blank line; unexpected unindent.
2026-04-12 18:59:15,279 1 INFO odoo_ci_test odoo.modules.loading: loading mail/data/mail_groups.xml 
2026-04-12 18:59:15,301 1 INFO odoo_ci_test odoo.modules.loading: loading mail/wizard/mail_activity_schedule_views.xml 
2026-04-12 18:59:15,313 1 INFO odoo_ci_test odoo.modules.loading: loading mail/wizard/mail_blacklist_remove_views.xml 
2026-04-12 18:59:15,320 1 INFO odoo_ci_test odoo.modules.loading: loading mail/wizard/mail_compose_message_views.xml 
2026-04-12 18:59:15,338 1 INFO odoo_ci_test odoo.modules.loading: loading mail/wizard/mail_template_preview_views.xml 
2026-04-12 18:59:15,348 1 INFO odoo_ci_test odoo.modules.loading: loading mail/wizard/mail_followers_edit_views.xml 
2026-04-12 18:59:15,359 1 INFO odoo_ci_test odoo.modules.loading: loading mail/wizard/mail_template_reset_views.xml 
2026-04-12 18:59:15,368 1 INFO odoo_ci_test odoo.modules.loading: loading mail/views/fetchmail_views.xml 
2026-04-12 18:59:15,386 1 INFO odoo_ci_test odoo.modules.loading: loading mail/views/ir_cron_views.xml 
2026-04-12 18:59:15,397 1 INFO odoo_ci_test odoo.modules.loading: loading mail/views/ir_filters_views.xml 
2026-04-12 18:59:15,413 1 INFO odoo_ci_test odoo.modules.loading: loading mail/views/ir_mail_server_views.xml 
2026-04-12 18:59:15,422 1 INFO odoo_ci_test odoo.modules.loading: loading mail/views/mail_message_subtype_views.xml 
2026-04-12 18:59:15,437 1 INFO odoo_ci_test odoo.modules.loading: loading mail/views/mail_tracking_value_views.xml 
2026-04-12 18:59:15,449 1 INFO odoo_ci_test odoo.modules.loading: loading mail/views/mail_notification_views.xml 
2026-04-12 18:59:15,462 1 INFO odoo_ci_test odoo.modules.loading: loading mail/views/mail_message_views.xml 
2026-04-12 18:59:15,489 1 INFO odoo_ci_test odoo.modules.loading: loading mail/views/mail_message_schedule_views.xml 
2026-04-12 18:59:15,504 1 INFO odoo_ci_test odoo.modules.loading: loading mail/views/mail_mail_views.xml 
2026-04-12 18:59:15,527 1 INFO odoo_ci_test odoo.modules.loading: loading mail/views/mail_followers_views.xml 
2026-04-12 18:59:15,538 1 INFO odoo_ci_test odoo.modules.loading: loading mail/views/mail_ice_server_views.xml 
2026-04-12 18:59:15,558 1 INFO odoo_ci_test odoo.modules.loading: loading mail/views/discuss_channel_member_views.xml 
2026-04-12 18:59:15,570 1 INFO odoo_ci_test odoo.modules.loading: loading mail/views/discuss_channel_rtc_session_views.xml 
2026-04-12 18:59:15,589 1 INFO odoo_ci_test odoo.modules.loading: loading mail/views/mail_link_preview_views.xml 
2026-04-12 18:59:15,606 1 INFO odoo_ci_test odoo.modules.loading: loading mail/views/discuss/discuss_gif_favorite_views.xml 
2026-04-12 18:59:15,618 1 INFO odoo_ci_test odoo.modules.loading: loading mail/views/discuss_channel_views.xml 
2026-04-12 18:59:15,648 1 INFO odoo_ci_test odoo.modules.loading: loading mail/views/mail_canned_response_views.xml 
2026-04-12 18:59:15,672 1 INFO odoo_ci_test odoo.modules.loading: loading mail/views/res_role_views.xml 
2026-04-12 18:59:15,688 1 INFO odoo_ci_test odoo.modules.loading: loading mail/views/mail_activity_views.xml 
2026-04-12 18:59:15,778 1 INFO odoo_ci_test odoo.modules.loading: loading mail/views/mail_activity_plan_views.xml 
2026-04-12 18:59:15,816 1 INFO odoo_ci_test odoo.modules.loading: loading mail/views/mail_activity_plan_template_views.xml 
2026-04-12 18:59:15,827 1 INFO odoo_ci_test odoo.modules.loading: loading mail/views/res_config_settings_views.xml 
2026-04-12 18:59:15,849 1 INFO odoo_ci_test odoo.modules.loading: loading mail/data/ir_config_parameter_data.xml 
2026-04-12 18:59:15,855 1 INFO odoo_ci_test odoo.modules.loading: loading mail/data/res_partner_data.xml 
2026-04-12 18:59:15,916 1 INFO odoo_ci_test odoo.modules.loading: loading mail/data/mail_message_subtype_data.xml 
2026-04-12 18:59:15,923 1 INFO odoo_ci_test odoo.modules.loading: loading mail/data/mail_templates_chatter.xml 
2026-04-12 18:59:15,941 1 INFO odoo_ci_test odoo.modules.loading: loading mail/data/mail_templates_email_layouts.xml 
2026-04-12 18:59:15,959 1 INFO odoo_ci_test odoo.modules.loading: loading mail/data/mail_templates_mailgateway.xml 
2026-04-12 18:59:15,975 1 INFO odoo_ci_test odoo.modules.loading: loading mail/data/discuss_channel_data.xml 
2026-04-12 18:59:16,009 1 INFO odoo_ci_test odoo.modules.loading: loading mail/data/mail_activity_type_data.xml 
2026-04-12 18:59:16,021 1 INFO odoo_ci_test odoo.modules.loading: loading mail/data/security_notifications_templates.xml 
2026-04-12 18:59:16,027 1 INFO odoo_ci_test odoo.modules.loading: loading mail/data/ir_cron_data.xml 
2026-04-12 18:59:16,121 1 INFO odoo_ci_test odoo.modules.loading: loading mail/data/ir_actions_client.xml 
2026-04-12 18:59:16,127 1 INFO odoo_ci_test odoo.modules.loading: loading mail/security/mail_security.xml 
2026-04-12 18:59:16,264 1 INFO odoo_ci_test odoo.modules.loading: loading mail/security/ir.model.access.csv 
2026-04-12 18:59:16,308 1 INFO odoo_ci_test odoo.modules.loading: loading mail/views/discuss_public_templates.xml 
2026-04-12 18:59:16,313 1 INFO odoo_ci_test odoo.modules.loading: loading mail/views/mail_alias_domain_views.xml 
2026-04-12 18:59:16,333 1 INFO odoo_ci_test odoo.modules.loading: loading mail/views/mail_alias_views.xml 
2026-04-12 18:59:16,354 1 INFO odoo_ci_test odoo.modules.loading: loading mail/views/mail_gateway_allowed_views.xml 
2026-04-12 18:59:16,369 1 INFO odoo_ci_test odoo.modules.loading: loading mail/views/mail_guest_views.xml 
2026-04-12 18:59:16,382 1 INFO odoo_ci_test odoo.modules.loading: loading mail/views/mail_message_reaction_views.xml 
2026-04-12 18:59:16,395 1 INFO odoo_ci_test odoo.modules.loading: loading mail/views/mail_templates_public.xml 
2026-04-12 18:59:16,403 1 INFO odoo_ci_test odoo.modules.loading: loading mail/views/res_users_views.xml 
2026-04-12 18:59:16,430 1 INFO odoo_ci_test odoo.modules.loading: loading mail/views/res_users_settings_views.xml 
2026-04-12 18:59:16,444 1 INFO odoo_ci_test odoo.modules.loading: loading mail/views/mail_template_views.xml 
2026-04-12 18:59:16,466 1 INFO odoo_ci_test odoo.modules.loading: loading mail/views/ir_actions_server_views.xml 
2026-04-12 18:59:16,483 1 INFO odoo_ci_test odoo.modules.loading: loading mail/views/ir_model_views.xml 
2026-04-12 18:59:16,514 1 INFO odoo_ci_test odoo.modules.loading: loading mail/views/res_partner_views.xml 
2026-04-12 18:59:16,556 1 INFO odoo_ci_test odoo.modules.loading: loading mail/views/mail_blacklist_views.xml 
2026-04-12 18:59:16,573 1 INFO odoo_ci_test odoo.modules.loading: loading mail/views/mail_menus.xml 
2026-04-12 18:59:16,690 1 INFO odoo_ci_test odoo.modules.loading: loading mail/views/discuss/discuss_menus.xml 
2026-04-12 18:59:16,694 1 INFO odoo_ci_test odoo.modules.loading: loading mail/views/discuss/discuss_call_history_views.xml 
2026-04-12 18:59:16,709 1 INFO odoo_ci_test odoo.modules.loading: loading mail/views/res_company_views.xml 
2026-04-12 18:59:16,720 1 INFO odoo_ci_test odoo.modules.loading: loading mail/views/mail_scheduled_message_views.xml 
2026-04-12 18:59:16,728 1 INFO odoo_ci_test odoo.modules.loading: loading mail/data/mail_canned_response_data.xml 
2026-04-12 18:59:16,736 1 INFO odoo_ci_test odoo.modules.loading: loading mail/data/mail_templates_invite.xml 
2026-04-12 18:59:16,748 1 INFO odoo_ci_test odoo.modules.loading: loading mail/data/web_tour_tour.xml 
2026-04-12 18:59:16,826 1 INFO odoo_ci_test odoo.modules.loading: Module mail loaded in 3.19s, 5056 queries (+5057 other) 
2026-04-12 18:59:16,826 1 INFO odoo_ci_test odoo.modules.loading: Loading module web_unsplash (20/49) 
2026-04-12 18:59:16,840 1 INFO odoo_ci_test odoo.registry: module web_unsplash: creating or updating database tables 
2026-04-12 18:59:16,891 1 INFO odoo_ci_test odoo.modules.loading: loading web_unsplash/views/res_config_settings_view.xml 
2026-04-12 18:59:16,925 1 INFO odoo_ci_test odoo.modules.loading: Module web_unsplash loaded in 0.10s, 112 queries (+112 other) 
2026-04-12 18:59:16,925 1 INFO odoo_ci_test odoo.modules.loading: Loading module auth_signup (21/49) 
2026-04-12 18:59:16,939 1 INFO odoo_ci_test odoo.registry: module auth_signup: creating or updating database tables 
2026-04-12 18:59:17,004 1 INFO odoo_ci_test odoo.modules.loading: loading auth_signup/data/ir_config_parameter_data.xml 
2026-04-12 18:59:17,009 1 INFO odoo_ci_test odoo.modules.loading: loading auth_signup/data/ir_cron_data.xml 
2026-04-12 18:59:17,030 1 INFO odoo_ci_test odoo.modules.loading: loading auth_signup/data/mail_template_data.xml 
2026-04-12 18:59:17,107 1 INFO odoo_ci_test odoo.modules.loading: loading auth_signup/views/res_config_settings_views.xml 
2026-04-12 18:59:17,121 1 INFO odoo_ci_test odoo.modules.loading: loading auth_signup/views/res_users_views.xml 
2026-04-12 18:59:17,146 1 INFO odoo_ci_test odoo.modules.loading: loading auth_signup/views/auth_signup_login_templates.xml 
2026-04-12 18:59:17,164 1 INFO odoo_ci_test odoo.modules.loading: loading auth_signup/views/auth_signup_templates_email.xml 
2026-04-12 18:59:17,171 1 INFO odoo_ci_test odoo.modules.loading: loading auth_signup/views/webclient_templates.xml 
2026-04-12 18:59:17,218 1 INFO odoo_ci_test odoo.modules.loading: Module auth_signup loaded in 0.29s, 255 queries (+255 other) 
2026-04-12 18:59:17,218 1 INFO odoo_ci_test odoo.modules.loading: Loading module auth_totp_mail (22/49) 
2026-04-12 18:59:17,229 1 INFO odoo_ci_test odoo.registry: module auth_totp_mail: creating or updating database tables 
2026-04-12 18:59:17,267 1 INFO odoo_ci_test odoo.modules.loading: loading auth_totp_mail/data/ir_action_data.xml 
2026-04-12 18:59:17,290 1 INFO odoo_ci_test odoo.modules.loading: loading auth_totp_mail/data/mail_template_data.xml 
2026-04-12 18:59:17,324 1 INFO odoo_ci_test odoo.modules.loading: loading auth_totp_mail/data/security_notifications_template.xml 
2026-04-12 18:59:17,331 1 INFO odoo_ci_test odoo.modules.loading: loading auth_totp_mail/views/res_config_settings_views.xml 
2026-04-12 18:59:17,348 1 INFO odoo_ci_test odoo.modules.loading: loading auth_totp_mail/views/res_users_views.xml 
2026-04-12 18:59:17,366 1 INFO odoo_ci_test odoo.modules.loading: loading auth_totp_mail/views/templates.xml 
2026-04-12 18:59:17,390 1 INFO odoo_ci_test odoo.modules.loading: Module auth_totp_mail loaded in 0.17s, 189 queries (+189 other) 
2026-04-12 18:59:17,390 1 INFO odoo_ci_test odoo.modules.loading: Loading module base_install_request (23/49) 
2026-04-12 18:59:17,396 1 INFO odoo_ci_test odoo.registry: module base_install_request: creating or updating database tables 
2026-04-12 18:59:17,449 1 INFO odoo_ci_test odoo.modules.loading: loading base_install_request/security/ir.model.access.csv 
2026-04-12 18:59:17,458 1 INFO odoo_ci_test odoo.modules.loading: loading base_install_request/wizard/base_module_install_request_views.xml 
2026-04-12 18:59:17,475 1 INFO odoo_ci_test odoo.modules.loading: loading base_install_request/data/mail_template_data.xml 
2026-04-12 18:59:17,480 1 INFO odoo_ci_test odoo.modules.loading: loading base_install_request/data/mail_templates_module_install.xml 
2026-04-12 18:59:17,485 1 INFO odoo_ci_test odoo.modules.loading: loading base_install_request/views/ir_module_module_views.xml 
2026-04-12 18:59:17,506 1 INFO odoo_ci_test odoo.modules.loading: Module base_install_request loaded in 0.12s, 154 queries (+154 other) 
2026-04-12 18:59:17,506 1 INFO odoo_ci_test odoo.modules.loading: Loading module google_gmail (24/49) 
2026-04-12 18:59:17,519 1 INFO odoo_ci_test odoo.registry: module google_gmail: creating or updating database tables 
2026-04-12 18:59:17,571 1 INFO odoo_ci_test odoo.modules.loading: loading google_gmail/views/fetchmail_server_views.xml 
2026-04-12 18:59:17,586 1 INFO odoo_ci_test odoo.modules.loading: loading google_gmail/views/ir_mail_server_views.xml 
2026-04-12 18:59:17,596 1 INFO odoo_ci_test odoo.modules.loading: loading google_gmail/views/res_config_settings_views.xml 
2026-04-12 18:59:17,617 1 INFO odoo_ci_test odoo.modules.loading: loading google_gmail/views/templates.xml 
2026-04-12 18:59:17,628 1 INFO odoo_ci_test odoo.modules.loading: Module google_gmail loaded in 0.12s, 155 queries (+155 other) 
2026-04-12 18:59:17,628 1 INFO odoo_ci_test odoo.modules.loading: Loading module html_builder (25/49) 
2026-04-12 18:59:17,649 1 INFO odoo_ci_test odoo.modules.loading: Module html_builder loaded in 0.02s, 10 queries (+10 other) 
2026-04-12 18:59:17,649 1 INFO odoo_ci_test odoo.modules.loading: Loading module iap_mail (26/49) 
2026-04-12 18:59:17,654 1 INFO odoo_ci_test odoo.registry: module iap_mail: creating or updating database tables 
2026-04-12 18:59:17,680 1 INFO odoo_ci_test odoo.modules.loading: loading iap_mail/data/mail_templates.xml 
2026-04-12 18:59:17,694 1 INFO odoo_ci_test odoo.modules.loading: loading iap_mail/views/iap_views.xml 
2026-04-12 18:59:17,713 1 INFO odoo_ci_test odoo.modules.loading: Module iap_mail loaded in 0.06s, 70 queries (+70 other) 
2026-04-12 18:59:17,713 1 INFO odoo_ci_test odoo.modules.loading: Loading module mail_bot (27/49) 
2026-04-12 18:59:17,723 1 INFO odoo_ci_test odoo.registry: module mail_bot: creating or updating database tables 
2026-04-12 18:59:17,764 1 INFO odoo_ci_test odoo.modules.loading: loading mail_bot/views/res_users_views.xml 
2026-04-12 18:59:17,781 1 INFO odoo_ci_test odoo.modules.loading: loading mail_bot/data/mailbot_data.xml 
2026-04-12 18:59:17,792 1 INFO odoo_ci_test odoo.modules.loading: Module mail_bot loaded in 0.08s, 109 queries (+109 other) 
2026-04-12 18:59:17,792 1 INFO odoo_ci_test odoo.modules.loading: Loading module microsoft_outlook (28/49) 
2026-04-12 18:59:17,805 1 INFO odoo_ci_test odoo.registry: module microsoft_outlook: creating or updating database tables 
2026-04-12 18:59:17,861 1 INFO odoo_ci_test odoo.modules.loading: loading microsoft_outlook/views/fetchmail_server_views.xml 
2026-04-12 18:59:17,876 1 INFO odoo_ci_test odoo.modules.loading: loading microsoft_outlook/views/ir_mail_server_views.xml 
2026-04-12 18:59:17,886 1 INFO odoo_ci_test odoo.modules.loading: loading microsoft_outlook/views/res_config_settings_views.xml 
2026-04-12 18:59:17,907 1 INFO odoo_ci_test odoo.modules.loading: loading microsoft_outlook/views/templates.xml 
2026-04-12 18:59:17,918 1 INFO odoo_ci_test odoo.modules.loading: Module microsoft_outlook loaded in 0.13s, 158 queries (+158 other) 
2026-04-12 18:59:17,918 1 INFO odoo_ci_test odoo.modules.loading: Loading module phone_validation (29/49) 
2026-04-12 18:59:18,010 1 INFO odoo_ci_test odoo.registry: module phone_validation: creating or updating database tables 
2026-04-12 18:59:18,021 1 INFO odoo_ci_test odoo.models: Prepare computation of res.partner.phone_sanitized 
2026-04-12 18:59:18,745 1 INFO odoo_ci_test odoo.modules.loading: loading phone_validation/security/ir.model.access.csv 
2026-04-12 18:59:18,752 1 INFO odoo_ci_test odoo.modules.loading: loading phone_validation/views/phone_blacklist_views.xml 
2026-04-12 18:59:18,779 1 INFO odoo_ci_test odoo.modules.loading: loading phone_validation/views/res_partner_views.xml 
2026-04-12 18:59:18,790 1 INFO odoo_ci_test odoo.modules.loading: loading phone_validation/wizard/phone_blacklist_remove_view.xml 
2026-04-12 18:59:18,807 1 INFO odoo_ci_test odoo.modules.loading: Module phone_validation loaded in 0.89s, 1703 queries (+1703 other) 
2026-04-12 18:59:18,807 1 INFO odoo_ci_test odoo.modules.loading: Loading module privacy_lookup (30/49) 
2026-04-12 18:59:18,821 1 INFO odoo_ci_test odoo.registry: module privacy_lookup: creating or updating database tables 
2026-04-12 18:59:18,916 1 INFO odoo_ci_test odoo.modules.loading: loading privacy_lookup/wizard/privacy_lookup_wizard_views.xml 
2026-04-12 18:59:18,964 1 INFO odoo_ci_test odoo.modules.loading: loading privacy_lookup/views/privacy_log_views.xml 
2026-04-12 18:59:18,983 1 INFO odoo_ci_test odoo.modules.loading: loading privacy_lookup/security/ir.model.access.csv 
2026-04-12 18:59:18,998 1 INFO odoo_ci_test odoo.modules.loading: loading privacy_lookup/data/ir_actions_server_data.xml 
2026-04-12 18:59:19,036 1 INFO odoo_ci_test odoo.modules.loading: Module privacy_lookup loaded in 0.23s, 293 queries (+293 other) 
2026-04-12 18:59:19,036 1 INFO odoo_ci_test odoo.modules.loading: Loading module resource_mail (31/49) 
2026-04-12 18:59:19,042 1 INFO odoo_ci_test odoo.registry: module resource_mail: creating or updating database tables 
2026-04-12 18:59:19,074 1 INFO odoo_ci_test odoo.modules.loading: Module resource_mail loaded in 0.04s, 36 queries (+36 other) 
2026-04-12 18:59:19,074 1 INFO odoo_ci_test odoo.modules.loading: Loading module sports_federation_base (32/49) 
2026-04-12 18:59:19,082 1 INFO odoo_ci_test odoo.registry: module sports_federation_base: creating or updating database tables 
<string>:26: (WARNING/2) Line block ends without a blank line.
<string>:44: (WARNING/2) Line block ends without a blank line.
<string>:58: (WARNING/2) Line block ends without a blank line.
<string>:73: (WARNING/2) Line block ends without a blank line.
<string>:93: (WARNING/2) Line block ends without a blank line.
<string>:26: (ERROR/3) Undefined substitution referenced: "-------".
<string>:26: (ERROR/3) Undefined substitution referenced: "-------------".
<string>:44: (ERROR/3) Undefined substitution referenced: "-------".
<string>:44: (ERROR/3) Undefined substitution referenced: "-------------".
<string>:58: (ERROR/3) Undefined substitution referenced: "-------".
<string>:58: (ERROR/3) Undefined substitution referenced: "-------------".
<string>:73: (ERROR/3) Undefined substitution referenced: "-------".
<string>:73: (ERROR/3) Undefined substitution referenced: "-------------".
<string>:93: (ERROR/3) Undefined substitution referenced: "-------".
<string>:93: (ERROR/3) Undefined substitution referenced: "-------------".
2026-04-12 18:59:19,201 1 INFO odoo_ci_test odoo.modules.loading: loading sports_federation_base/security/res_groups.xml 
2026-04-12 18:59:19,224 1 INFO odoo_ci_test odoo.modules.loading: loading sports_federation_base/security/ir.model.access.csv 
2026-04-12 18:59:19,241 1 INFO odoo_ci_test odoo.modules.loading: loading sports_federation_base/data/ir_sequence.xml 
2026-04-12 18:59:19,246 1 INFO odoo_ci_test odoo.modules.loading: loading sports_federation_base/views/federation_season_registration_views.xml 
2026-04-12 18:59:19,262 1 INFO odoo_ci_test odoo.modules.loading: loading sports_federation_base/views/federation_season_views.xml 
2026-04-12 18:59:19,280 1 INFO odoo_ci_test odoo.modules.loading: loading sports_federation_base/views/federation_team_views.xml 
2026-04-12 18:59:19,296 1 INFO odoo_ci_test odoo.modules.loading: loading sports_federation_base/views/federation_club_views.xml 
2026-04-12 18:59:19,313 1 INFO odoo_ci_test odoo.modules.loading: loading sports_federation_base/views/menu_items.xml 
2026-04-12 18:59:19,343 1 INFO odoo_ci_test odoo.modules.loading: Module sports_federation_base loaded in 0.27s, 334 queries (+334 other) 
2026-04-12 18:59:19,343 1 INFO odoo_ci_test odoo.modules.loading: Loading module partner_autocomplete (33/49) 
2026-04-12 18:59:19,362 1 INFO odoo_ci_test odoo.registry: module partner_autocomplete: creating or updating database tables 
2026-04-12 18:59:19,437 1 INFO odoo_ci_test odoo.modules.loading: loading partner_autocomplete/views/res_company_views.xml 
2026-04-12 18:59:19,452 1 INFO odoo_ci_test odoo.modules.loading: loading partner_autocomplete/views/res_config_settings_views.xml 
2026-04-12 18:59:19,467 1 INFO odoo_ci_test odoo.modules.loading: loading partner_autocomplete/data/iap_service_data.xml 
2026-04-12 18:59:19,478 1 INFO odoo_ci_test odoo.modules.loading: Module partner_autocomplete loaded in 0.13s, 141 queries (+141 other) 
2026-04-12 18:59:19,478 1 INFO odoo_ci_test odoo.modules.loading: Loading module portal (34/49) 
2026-04-12 18:59:19,512 1 INFO odoo_ci_test odoo.registry: module portal: creating or updating database tables 
2026-04-12 18:59:19,703 1 INFO odoo_ci_test odoo.modules.loading: loading portal/security/ir.model.access.csv 
2026-04-12 18:59:19,710 1 INFO odoo_ci_test odoo.modules.loading: loading portal/data/mail_templates.xml 
2026-04-12 18:59:19,716 1 INFO odoo_ci_test odoo.modules.loading: loading portal/views/address_templates.xml 
2026-04-12 18:59:19,746 1 INFO odoo_ci_test odoo.modules.loading: loading portal/views/mail_templates_public.xml 
2026-04-12 18:59:19,752 1 INFO odoo_ci_test odoo.modules.loading: loading portal/views/portal_templates.xml 
2026-04-12 18:59:19,852 1 INFO odoo_ci_test odoo.modules.loading: loading portal/views/res_config_settings_views.xml 
2026-04-12 18:59:19,873 1 INFO odoo_ci_test odoo.modules.loading: loading portal/wizard/portal_share_views.xml 
2026-04-12 18:59:19,882 1 INFO odoo_ci_test odoo.modules.loading: loading portal/wizard/portal_wizard_views.xml 
2026-04-12 18:59:19,928 1 INFO odoo_ci_test odoo.modules.loading: Module portal loaded in 0.45s, 583 queries (+583 other) 
2026-04-12 18:59:19,928 1 INFO odoo_ci_test odoo.modules.loading: Loading module sms (35/49) 
2026-04-12 18:59:20,019 1 INFO odoo_ci_test odoo.registry: module sms: creating or updating database tables 
2026-04-12 18:59:20,028 1 INFO odoo_ci_test odoo.models: Prepare computation of ir.actions.server.sms_template_id 
2026-04-12 18:59:20,028 1 INFO odoo_ci_test odoo.models: Prepare computation of ir.actions.server.sms_method 
2026-04-12 18:59:20,914 1 INFO odoo_ci_test odoo.modules.loading: loading sms/data/iap_service_data.xml 
2026-04-12 18:59:20,919 1 INFO odoo_ci_test odoo.modules.loading: loading sms/data/ir_cron_data.xml 
2026-04-12 18:59:20,940 1 INFO odoo_ci_test odoo.modules.loading: loading sms/wizard/sms_account_code_views.xml 
2026-04-12 18:59:20,951 1 INFO odoo_ci_test odoo.modules.loading: loading sms/wizard/sms_account_phone_views.xml 
2026-04-12 18:59:20,958 1 INFO odoo_ci_test odoo.modules.loading: loading sms/wizard/sms_account_sender_views.xml 
2026-04-12 18:59:20,964 1 INFO odoo_ci_test odoo.modules.loading: loading sms/wizard/sms_composer_views.xml 
2026-04-12 18:59:20,975 1 INFO odoo_ci_test odoo.modules.loading: loading sms/wizard/sms_template_preview_views.xml 
2026-04-12 18:59:20,984 1 INFO odoo_ci_test odoo.modules.loading: loading sms/wizard/sms_template_reset_views.xml 
2026-04-12 18:59:20,993 1 INFO odoo_ci_test odoo.modules.loading: loading sms/views/ir_actions_server_views.xml 
2026-04-12 18:59:21,010 1 INFO odoo_ci_test odoo.modules.loading: loading sms/views/mail_notification_views.xml 
2026-04-12 18:59:21,024 1 INFO odoo_ci_test odoo.modules.loading: loading sms/views/res_config_settings_views.xml 
2026-04-12 18:59:21,039 1 INFO odoo_ci_test odoo.modules.loading: loading sms/views/res_partner_views.xml 
2026-04-12 18:59:21,055 1 INFO odoo_ci_test odoo.modules.loading: loading sms/views/iap_account_views.xml 
2026-04-12 18:59:21,067 1 INFO odoo_ci_test odoo.modules.loading: loading sms/views/sms_sms_views.xml 
2026-04-12 18:59:21,093 1 INFO odoo_ci_test odoo.modules.loading: loading sms/views/sms_template_views.xml 
2026-04-12 18:59:21,113 1 INFO odoo_ci_test odoo.modules.loading: loading sms/security/ir.model.access.csv 
2026-04-12 18:59:21,133 1 INFO odoo_ci_test odoo.modules.loading: loading sms/security/sms_security.xml 
2026-04-12 18:59:21,156 1 INFO odoo_ci_test odoo.modules.loading: Module sms loaded in 1.23s, 2173 queries (+2173 other) 
2026-04-12 18:59:21,156 1 INFO odoo_ci_test odoo.modules.loading: Loading module snailmail (36/49) 
2026-04-12 18:59:21,262 1 INFO odoo_ci_test odoo.registry: module snailmail: creating or updating database tables 
2026-04-12 18:59:21,459 1 INFO odoo_ci_test odoo.modules.loading: loading snailmail/data/iap_service_data.xml 
2026-04-12 18:59:21,463 1 INFO odoo_ci_test odoo.modules.loading: loading snailmail/data/snailmail_data.xml 
2026-04-12 18:59:21,487 1 INFO odoo_ci_test odoo.modules.loading: loading snailmail/views/report_assets.xml 
2026-04-12 18:59:21,500 1 INFO odoo_ci_test odoo.modules.loading: loading snailmail/views/snailmail_views.xml 
2026-04-12 18:59:21,519 1 INFO odoo_ci_test odoo.modules.loading: loading snailmail/security/ir.model.access.csv 
2026-04-12 18:59:21,543 1 INFO odoo_ci_test odoo.modules.loading: Module snailmail loaded in 0.39s, 449 queries (+449 other) 
2026-04-12 18:59:21,543 1 INFO odoo_ci_test odoo.modules.loading: Loading module sports_federation_people (37/49) 
2026-04-12 18:59:21,550 1 INFO odoo_ci_test odoo.registry: module sports_federation_people: creating or updating database tables 
<string>:16: (WARNING/2) Line block ends without a blank line.
<string>:27: (WARNING/2) Line block ends without a blank line.
<string>:51: (WARNING/2) Line block ends without a blank line.
<string>:67: (WARNING/2) Line block ends without a blank line.
<string>:16: (ERROR/3) Undefined substitution referenced: "--------".
<string>:27: (ERROR/3) Undefined substitution referenced: "-------".
<string>:27: (ERROR/3) Undefined substitution referenced: "-------------".
<string>:51: (ERROR/3) Undefined substitution referenced: "-------".
<string>:51: (ERROR/3) Undefined substitution referenced: "-------------".
<string>:67: (ERROR/3) Undefined substitution referenced: "------".
2026-04-12 18:59:21,636 1 INFO odoo_ci_test odoo.modules.loading: loading sports_federation_people/security/ir.model.access.csv 
2026-04-12 18:59:21,643 1 INFO odoo_ci_test odoo.modules.loading: loading sports_federation_people/data/ir_sequence.xml 
2026-04-12 18:59:21,647 1 INFO odoo_ci_test odoo.modules.loading: loading sports_federation_people/views/federation_player_views.xml 
2026-04-12 18:59:21,669 1 INFO odoo_ci_test odoo.modules.loading: loading sports_federation_people/views/federation_player_license_views.xml 
2026-04-12 18:59:21,685 1 INFO odoo_ci_test odoo.modules.loading: loading sports_federation_people/views/menu_items.xml 
2026-04-12 18:59:21,707 1 INFO odoo_ci_test odoo.modules.loading: Module sports_federation_people loaded in 0.16s, 208 queries (+208 other) 
2026-04-12 18:59:21,707 1 INFO odoo_ci_test odoo.modules.loading: Loading module sports_federation_rules (38/49) 
2026-04-12 18:59:21,716 1 INFO odoo_ci_test odoo.registry: module sports_federation_rules: creating or updating database tables 
<string>:17: (WARNING/2) Line block ends without a blank line.
<string>:28: (WARNING/2) Line block ends without a blank line.
<string>:45: (WARNING/2) Line block ends without a blank line.
<string>:57: (WARNING/2) Line block ends without a blank line.
<string>:69: (WARNING/2) Line block ends without a blank line.
<string>:83: (WARNING/2) Line block ends without a blank line.
<string>:98: (WARNING/2) Line block ends without a blank line.
<string>:17: (ERROR/3) Undefined substitution referenced: "--------".
<string>:28: (ERROR/3) Undefined substitution referenced: "-------".
<string>:28: (ERROR/3) Undefined substitution referenced: "-------------".
<string>:45: (ERROR/3) Undefined substitution referenced: "-------".
<string>:45: (ERROR/3) Undefined substitution referenced: "-------------".
<string>:57: (ERROR/3) Undefined substitution referenced: "-------".
<string>:57: (ERROR/3) Undefined substitution referenced: "-------------".
<string>:69: (ERROR/3) Undefined substitution referenced: "-------".
<string>:69: (ERROR/3) Undefined substitution referenced: "-------------".
<string>:83: (ERROR/3) Undefined substitution referenced: "-------".
<string>:83: (ERROR/3) Undefined substitution referenced: "-------------".
<string>:98: (ERROR/3) Undefined substitution referenced: "-------".
2026-04-12 18:59:21,837 1 INFO odoo_ci_test odoo.modules.loading: loading sports_federation_rules/security/ir.model.access.csv 
2026-04-12 18:59:21,846 1 INFO odoo_ci_test odoo.modules.loading: loading sports_federation_rules/views/federation_rule_set_views.xml 
2026-04-12 18:59:21,872 1 INFO odoo_ci_test odoo.modules.loading: loading sports_federation_rules/views/federation_points_rule_views.xml 
2026-04-12 18:59:21,882 1 INFO odoo_ci_test odoo.modules.loading: loading sports_federation_rules/views/federation_tie_break_rule_views.xml 
2026-04-12 18:59:21,892 1 INFO odoo_ci_test odoo.modules.loading: loading sports_federation_rules/views/federation_eligibility_rule_views.xml 
2026-04-12 18:59:21,903 1 INFO odoo_ci_test odoo.modules.loading: loading sports_federation_rules/views/federation_qualification_rule_views.xml 
2026-04-12 18:59:21,913 1 INFO odoo_ci_test odoo.modules.loading: loading sports_federation_rules/views/menu_items.xml 
2026-04-12 18:59:21,945 1 INFO odoo_ci_test odoo.modules.loading: Module sports_federation_rules loaded in 0.24s, 302 queries (+302 other) 
2026-04-12 18:59:21,945 1 INFO odoo_ci_test odoo.modules.loading: Loading module auth_passkey_portal (39/49) 
2026-04-12 18:59:21,954 1 INFO odoo_ci_test odoo.modules.loading: loading auth_passkey_portal/views/templates.xml 
2026-04-12 18:59:21,977 1 INFO odoo_ci_test odoo.modules.loading: Module auth_passkey_portal loaded in 0.03s, 22 queries (+22 other) 
2026-04-12 18:59:21,977 1 INFO odoo_ci_test odoo.modules.loading: Loading module auth_totp_portal (40/49) 
2026-04-12 18:59:21,987 1 INFO odoo_ci_test odoo.registry: module auth_totp_portal: creating or updating database tables 
2026-04-12 18:59:22,010 1 INFO odoo_ci_test odoo.modules.loading: loading auth_totp_portal/security/security.xml 
2026-04-12 18:59:22,022 1 INFO odoo_ci_test odoo.modules.loading: loading auth_totp_portal/views/templates.xml 
2026-04-12 18:59:22,038 1 INFO odoo_ci_test odoo.modules.loading: Module auth_totp_portal loaded in 0.06s, 70 queries (+70 other) 
2026-04-12 18:59:22,039 1 INFO odoo_ci_test odoo.modules.loading: Loading module digest (41/49) 
2026-04-12 18:59:22,051 1 INFO odoo_ci_test odoo.registry: module digest: creating or updating database tables 
2026-04-12 18:59:22,136 1 INFO odoo_ci_test odoo.modules.loading: loading digest/security/ir.model.access.csv 
2026-04-12 18:59:22,144 1 INFO odoo_ci_test odoo.modules.loading: loading digest/data/digest_data.xml 
2026-04-12 18:59:22,163 1 INFO odoo_ci_test odoo.modules.loading: loading digest/data/digest_tips_data.xml 
2026-04-12 18:59:22,178 1 INFO odoo_ci_test odoo.modules.loading: loading digest/data/ir_cron_data.xml 
2026-04-12 18:59:22,198 1 INFO odoo_ci_test odoo.modules.loading: loading digest/data/res_config_settings_data.xml 
2026-04-12 18:59:22,203 1 INFO odoo_ci_test odoo.modules.loading: loading digest/views/digest_views.xml 
2026-04-12 18:59:22,247 1 INFO odoo_ci_test odoo.modules.loading: loading digest/views/digest_templates.xml 
2026-04-12 18:59:22,252 1 INFO odoo_ci_test odoo.modules.loading: loading digest/views/res_config_settings_views.xml 
2026-04-12 18:59:22,289 1 INFO odoo_ci_test odoo.modules.loading: Module digest loaded in 0.25s, 326 queries (+326 other) 
2026-04-12 18:59:22,289 1 INFO odoo_ci_test odoo.modules.loading: Loading module sports_federation_tournament (42/49) 
2026-04-12 18:59:22,302 1 INFO odoo_ci_test odoo.registry: module sports_federation_tournament: creating or updating database tables 
2026-04-12 18:59:22,523 1 INFO odoo_ci_test odoo.modules.loading: loading sports_federation_tournament/security/ir.model.access.csv 
2026-04-12 18:59:22,534 1 INFO odoo_ci_test odoo.modules.loading: loading sports_federation_tournament/views/federation_tournament_participant_views.xml 
2026-04-12 18:59:22,556 1 INFO odoo_ci_test odoo.modules.loading: loading sports_federation_tournament/views/federation_match_views.xml 
2026-04-12 18:59:22,577 1 INFO odoo_ci_test odoo.modules.loading: loading sports_federation_tournament/views/federation_tournament_round_views.xml 
2026-04-12 18:59:22,590 1 INFO odoo_ci_test odoo.modules.loading: loading sports_federation_tournament/views/federation_tournament_group_views.xml 
2026-04-12 18:59:22,606 1 INFO odoo_ci_test odoo.modules.loading: loading sports_federation_tournament/views/federation_tournament_stage_views.xml 
2026-04-12 18:59:22,622 1 INFO odoo_ci_test odoo.modules.loading: loading sports_federation_tournament/views/federation_tournament_views.xml 
2026-04-12 18:59:22,640 1 INFO odoo_ci_test odoo.modules.loading: loading sports_federation_tournament/views/federation_competition_edition_views.xml 
2026-04-12 18:59:22,658 1 INFO odoo_ci_test odoo.modules.loading: loading sports_federation_tournament/views/federation_competition_views.xml 
2026-04-12 18:59:22,674 1 INFO odoo_ci_test odoo.modules.loading: loading sports_federation_tournament/views/federation_season_registration_views_inherit.xml 
2026-04-12 18:59:22,696 1 INFO odoo_ci_test odoo.modules.loading: loading sports_federation_tournament/views/menu_items.xml 
2026-04-12 18:59:22,733 1 INFO odoo_ci_test odoo.modules.loading: Module sports_federation_tournament loaded in 0.44s, 575 queries (+575 other) 
2026-04-12 18:59:22,733 1 INFO odoo_ci_test odoo.modules.loading: Loading module sports_federation_officiating (43/49) 
2026-04-12 18:59:22,742 1 INFO odoo_ci_test odoo.registry: module sports_federation_officiating: creating or updating database tables 
2026-04-12 18:59:22,826 1 INFO odoo_ci_test odoo.modules.loading: loading sports_federation_officiating/security/ir.model.access.csv 
2026-04-12 18:59:22,834 1 INFO odoo_ci_test odoo.modules.loading: loading sports_federation_officiating/views/federation_referee_views.xml 
2026-04-12 18:59:22,856 1 INFO odoo_ci_test odoo.modules.loading: loading sports_federation_officiating/views/federation_referee_certification_views.xml 
2026-04-12 18:59:22,872 1 INFO odoo_ci_test odoo.modules.loading: loading sports_federation_officiating/views/federation_match_referee_views.xml 
2026-04-12 18:59:22,890 1 INFO odoo_ci_test odoo.modules.loading: loading sports_federation_officiating/views/federation_match_views_inherit.xml 
2026-04-12 18:59:22,895 1 WARNING odoo_ci_test odoo.addons.base.models.ir_ui_view: Error-prone use of @class in view federation.match.form.inherit.officiating.readiness (): use the hasclass(*classes) function to filter elements by their classes 
2026-04-12 18:59:22,907 1 INFO odoo_ci_test odoo.modules.loading: loading sports_federation_officiating/views/menu_items.xml 
2026-04-12 18:59:22,932 1 INFO odoo_ci_test odoo.modules.loading: Module sports_federation_officiating loaded in 0.20s, 255 queries (+255 other) 
2026-04-12 18:59:22,932 1 INFO odoo_ci_test odoo.modules.loading: Loading module sports_federation_result_control (44/49) 
2026-04-12 18:59:22,939 1 INFO odoo_ci_test odoo.registry: module sports_federation_result_control: creating or updating database tables 
2026-04-12 18:59:23,003 1 INFO odoo_ci_test odoo.modules.loading: loading sports_federation_result_control/security/result_control_security.xml 
2026-04-12 18:59:23,021 1 INFO odoo_ci_test odoo.modules.loading: loading sports_federation_result_control/security/ir.model.access.csv 
2026-04-12 18:59:23,028 1 INFO odoo_ci_test odoo.modules.loading: loading sports_federation_result_control/views/match_views_inherit.xml 
2026-04-12 18:59:23,069 1 INFO odoo_ci_test odoo.modules.loading: Module sports_federation_result_control loaded in 0.14s, 172 queries (+172 other) 
2026-04-12 18:59:23,069 1 INFO odoo_ci_test odoo.modules.loading: Loading module sports_federation_rosters (45/49) 
2026-04-12 18:59:23,086 1 INFO odoo_ci_test odoo.registry: module sports_federation_rosters: creating or updating database tables 
2026-04-12 18:59:23,298 1 INFO odoo_ci_test odoo.modules.loading: loading sports_federation_rosters/security/ir.model.access.csv 
2026-04-12 18:59:23,309 1 INFO odoo_ci_test odoo.modules.loading: loading sports_federation_rosters/views/team_roster_views.xml 
2026-04-12 18:59:23,332 1 INFO odoo_ci_test odoo.modules.loading: loading sports_federation_rosters/views/match_sheet_views.xml 
2026-04-12 18:59:23,348 1 INFO odoo_ci_test odoo.modules.loading: loading sports_federation_rosters/views/tournament_participant_views_inherit.xml 
2026-04-12 18:59:23,359 1 INFO odoo_ci_test odoo.modules.loading: loading sports_federation_rosters/views/team_views_inherit.xml 
2026-04-12 18:59:23,374 1 INFO odoo_ci_test odoo.modules.loading: loading sports_federation_rosters/views/player_views_inherit.xml 
2026-04-12 18:59:23,385 1 INFO odoo_ci_test odoo.modules.loading: loading sports_federation_rosters/views/match_views_inherit.xml 
2026-04-12 18:59:23,399 1 INFO odoo_ci_test odoo.modules.loading: loading sports_federation_rosters/views/menu_views.xml 
2026-04-12 18:59:23,421 1 INFO odoo_ci_test odoo.modules.loading: Module sports_federation_rosters loaded in 0.35s, 472 queries (+472 other) 
2026-04-12 18:59:23,421 1 INFO odoo_ci_test odoo.modules.loading: Loading module website (46/49) 
2026-04-12 18:59:23,572 1 INFO odoo_ci_test odoo.registry: module website: creating or updating database tables 
2026-04-12 18:59:23,654 1 INFO odoo_ci_test odoo.models: Prepare computation of ir.ui.view.is_seo_optimized 
2026-04-12 18:59:23,662 1 INFO odoo_ci_test odoo.models: Prepare computation of res.company.website_id 
2026-04-12 18:59:25,054 1 INFO odoo_ci_test odoo.modules.loading: loading website/security/website_security.xml 
2026-04-12 18:59:25,155 1 INFO odoo_ci_test odoo.modules.loading: loading website/security/ir.model.access.csv 
2026-04-12 18:59:25,176 1 INFO odoo_ci_test odoo.modules.loading: loading website/data/image_library.xml 
2026-04-12 18:59:25,489 1 INFO odoo_ci_test odoo.modules.loading: loading website/data/ir_asset.xml 
2026-04-12 18:59:25,497 1 INFO odoo_ci_test odoo.modules.loading: loading website/data/ir_cron_data.xml 
2026-04-12 18:59:25,526 1 INFO odoo_ci_test odoo.modules.loading: loading website/data/mail_mail_data.xml 
2026-04-12 18:59:25,533 1 INFO odoo_ci_test odoo.modules.loading: loading website/data/website_data.xml 
2026-04-12 18:59:25,659 1 INFO odoo_ci_test odoo.modules.loading: loading website/data/website_visitor_cron.xml 
2026-04-12 18:59:25,673 1 INFO odoo_ci_test odoo.modules.loading: loading website/data/digest_data.xml 
2026-04-12 18:59:25,682 1 INFO odoo_ci_test odoo.modules.loading: loading website/views/website_technical_views.xml 
2026-04-12 18:59:25,692 1 INFO odoo_ci_test odoo.modules.loading: loading website/views/website_templates.xml 
2026-04-12 18:59:26,695 1 INFO odoo_ci_test odoo.modules.loading: loading website/views/snippets/snippets.xml 
2026-04-12 18:59:26,724 1 INFO odoo_ci_test odoo.modules.loading: loading website/views/snippets/s_announcement_scroll.xml 
2026-04-12 18:59:26,731 1 INFO odoo_ci_test odoo.modules.loading: loading website/views/snippets/s_framed_intro.xml 
2026-04-12 18:59:26,737 1 INFO odoo_ci_test odoo.modules.loading: loading website/views/snippets/s_title.xml 
2026-04-12 18:59:26,745 1 INFO odoo_ci_test odoo.modules.loading: loading website/views/snippets/s_cover.xml 
2026-04-12 18:59:26,751 1 INFO odoo_ci_test odoo.modules.loading: loading website/views/snippets/s_text_cover.xml 
2026-04-12 18:59:26,758 1 INFO odoo_ci_test odoo.modules.loading: loading website/views/snippets/s_image_text_box.xml 
2026-04-12 18:59:26,764 1 INFO odoo_ci_test odoo.modules.loading: loading website/views/snippets/s_striped_top.xml 
2026-04-12 18:59:26,770 1 INFO odoo_ci_test odoo.modules.loading: loading website/views/snippets/s_text_image.xml 
2026-04-12 18:59:26,776 1 INFO odoo_ci_test odoo.modules.loading: loading website/views/snippets/s_image_text.xml 
2026-04-12 18:59:26,782 1 INFO odoo_ci_test odoo.modules.loading: loading website/views/snippets/s_mockup_image.xml 
2026-04-12 18:59:26,788 1 INFO odoo_ci_test odoo.modules.loading: loading website/views/snippets/s_instagram_page.xml 
2026-04-12 18:59:26,795 1 INFO odoo_ci_test odoo.modules.loading: loading website/views/snippets/s_image_text_overlap.xml 
2026-04-12 18:59:26,801 1 INFO odoo_ci_test odoo.modules.loading: loading website/views/snippets/s_banner.xml 
2026-04-12 18:59:26,808 1 INFO odoo_ci_test odoo.modules.loading: loading website/views/snippets/s_bento_block.xml 
2026-04-12 18:59:26,814 1 INFO odoo_ci_test odoo.modules.loading: loading website/views/snippets/s_snippet_group.xml 
2026-04-12 18:59:26,821 1 INFO odoo_ci_test odoo.modules.loading: loading website/views/snippets/s_text_block.xml 
2026-04-12 18:59:26,827 1 INFO odoo_ci_test odoo.modules.loading: loading website/views/snippets/s_features.xml 
2026-04-12 18:59:26,835 1 INFO odoo_ci_test odoo.modules.loading: loading website/views/snippets/s_features_wall.xml 
2026-04-12 18:59:26,842 1 INFO odoo_ci_test odoo.modules.loading: loading website/views/snippets/s_three_columns.xml 
2026-04-12 18:59:26,850 1 INFO odoo_ci_test odoo.modules.loading: loading website/views/snippets/s_key_benefits.xml 
2026-04-12 18:59:26,857 1 INFO odoo_ci_test odoo.modules.loading: loading website/views/snippets/s_picture.xml 
2026-04-12 18:59:26,863 1 INFO odoo_ci_test odoo.modules.loading: loading website/views/snippets/s_image_punchy.xml 
2026-04-12 18:59:26,870 1 INFO odoo_ci_test odoo.modules.loading: loading website/views/snippets/s_bento_grid.xml 
2026-04-12 18:59:26,878 1 INFO odoo_ci_test odoo.modules.loading: loading website/views/snippets/s_carousel.xml 
2026-04-12 18:59:26,890 1 INFO odoo_ci_test odoo.modules.loading: loading website/views/snippets/s_carousel_intro.xml 
2026-04-12 18:59:26,900 1 INFO odoo_ci_test odoo.modules.loading: loading website/views/snippets/s_carousel_cards.xml 
2026-04-12 18:59:26,910 1 INFO odoo_ci_test odoo.modules.loading: loading website/views/snippets/s_alert.xml 
2026-04-12 18:59:26,920 1 INFO odoo_ci_test odoo.modules.loading: loading website/views/snippets/s_motto.xml 
2026-04-12 18:59:26,927 1 INFO odoo_ci_test odoo.modules.loading: loading website/views/snippets/s_card.xml 
2026-04-12 18:59:26,936 1 INFO odoo_ci_test odoo.modules.loading: loading website/views/snippets/s_cards_grid.xml 
2026-04-12 18:59:26,944 1 INFO odoo_ci_test odoo.modules.loading: loading website/views/snippets/s_cards_soft.xml 
2026-04-12 18:59:26,951 1 INFO odoo_ci_test odoo.modules.loading: loading website/views/snippets/s_share.xml 
2026-04-12 18:59:26,959 1 INFO odoo_ci_test odoo.modules.loading: loading website/views/snippets/s_social_media.xml 
2026-04-12 18:59:26,968 1 INFO odoo_ci_test odoo.modules.loading: loading website/views/snippets/s_rating.xml 
2026-04-12 18:59:26,978 1 INFO odoo_ci_test odoo.modules.loading: loading website/views/snippets/s_hr.xml 
2026-04-12 18:59:26,986 1 INFO odoo_ci_test odoo.modules.loading: loading website/views/snippets/s_closer_look.xml 
2026-04-12 18:59:26,992 1 INFO odoo_ci_test odoo.modules.loading: loading website/views/snippets/s_facebook_page.xml 
2026-04-12 18:59:26,998 1 INFO odoo_ci_test odoo.modules.loading: loading website/views/snippets/s_image_gallery.xml 
2026-04-12 18:59:27,019 1 INFO odoo_ci_test odoo.modules.loading: loading website/views/snippets/s_countdown.xml 
2026-04-12 18:59:27,029 1 INFO odoo_ci_test odoo.modules.loading: loading website/views/snippets/s_product_catalog.xml 
2026-04-12 18:59:27,042 1 INFO odoo_ci_test odoo.modules.loading: loading website/views/snippets/s_comparisons.xml 
2026-04-12 18:59:27,053 1 INFO odoo_ci_test odoo.modules.loading: loading website/views/snippets/s_comparisons_horizontal.xml 
2026-04-12 18:59:27,061 1 INFO odoo_ci_test odoo.modules.loading: loading website/views/snippets/s_company_team.xml 
2026-04-12 18:59:27,070 1 INFO odoo_ci_test odoo.modules.loading: loading website/views/snippets/s_company_team_basic.xml 
2026-04-12 18:59:27,077 1 INFO odoo_ci_test odoo.modules.loading: loading website/views/snippets/s_company_team_shapes.xml 
2026-04-12 18:59:27,084 1 INFO odoo_ci_test odoo.modules.loading: loading website/views/snippets/s_company_team_detail.xml 
2026-04-12 18:59:27,094 1 INFO odoo_ci_test odoo.modules.loading: loading website/views/snippets/s_company_team_spotlight.xml 
2026-04-12 18:59:27,101 1 INFO odoo_ci_test odoo.modules.loading: loading website/views/snippets/s_company_team_grid.xml 
2026-04-12 18:59:27,109 1 INFO odoo_ci_test odoo.modules.loading: loading website/views/snippets/s_company_team_card.xml 
2026-04-12 18:59:27,116 1 INFO odoo_ci_test odoo.modules.loading: loading website/views/snippets/s_call_to_action.xml 
2026-04-12 18:59:27,122 1 INFO odoo_ci_test odoo.modules.loading: loading website/views/snippets/s_references.xml 
2026-04-12 18:59:27,130 1 INFO odoo_ci_test odoo.modules.loading: loading website/views/snippets/s_references_social.xml 
2026-04-12 18:59:27,139 1 INFO odoo_ci_test odoo.modules.loading: loading website/views/snippets/s_references_grid.xml 
2026-04-12 18:59:27,145 1 INFO odoo_ci_test odoo.modules.loading: loading website/views/snippets/s_popup.xml 
2026-04-12 18:59:27,155 1 INFO odoo_ci_test odoo.modules.loading: loading website/views/snippets/s_faq_list.xml 
2026-04-12 18:59:27,162 1 INFO odoo_ci_test odoo.modules.loading: loading website/views/snippets/s_faq_collapse.xml 
2026-04-12 18:59:27,171 1 INFO odoo_ci_test odoo.modules.loading: loading website/views/snippets/s_features_grid.xml 
2026-04-12 18:59:27,182 1 INFO odoo_ci_test odoo.modules.loading: loading website/views/snippets/s_features_wave.xml 
2026-04-12 18:59:27,189 1 INFO odoo_ci_test odoo.modules.loading: loading website/views/snippets/s_tabs.xml 
2026-04-12 18:59:27,201 1 INFO odoo_ci_test odoo.modules.loading: loading website/views/snippets/s_tabs_images.xml 
2026-04-12 18:59:27,211 1 INFO odoo_ci_test odoo.modules.loading: loading website/views/snippets/s_table_of_content.xml 
2026-04-12 18:59:27,220 1 INFO odoo_ci_test odoo.modules.loading: loading website/views/snippets/s_images_constellation.xml 
2026-04-12 18:59:27,227 1 INFO odoo_ci_test odoo.modules.loading: loading website/views/snippets/s_chart.xml 
2026-04-12 18:59:27,235 1 INFO odoo_ci_test odoo.modules.loading: loading website/views/snippets/s_parallax.xml 
2026-04-12 18:59:27,241 1 INFO odoo_ci_test odoo.modules.loading: loading website/views/snippets/s_quotes_carousel.xml 
2026-04-12 18:59:27,252 1 INFO odoo_ci_test odoo.modules.loading: loading website/views/snippets/s_numbers_grid.xml 
2026-04-12 18:59:27,258 1 INFO odoo_ci_test odoo.modules.loading: loading website/views/snippets/s_quotes_carousel_minimal.xml 
2026-04-12 18:59:27,266 1 INFO odoo_ci_test odoo.modules.loading: loading website/views/snippets/s_quotes_carousel_compact.xml 
2026-04-12 18:59:27,273 1 INFO odoo_ci_test odoo.modules.loading: loading website/views/snippets/s_numbers.xml 
2026-04-12 18:59:27,279 1 INFO odoo_ci_test odoo.modules.loading: loading website/views/snippets/s_contact_info.xml 
2026-04-12 18:59:27,285 1 INFO odoo_ci_test odoo.modules.loading: loading website/views/snippets/s_numbers_boxed.xml 
2026-04-12 18:59:27,291 1 INFO odoo_ci_test odoo.modules.loading: loading website/views/snippets/s_cta_box.xml 
2026-04-12 18:59:27,297 1 INFO odoo_ci_test odoo.modules.loading: loading website/views/snippets/s_numbers_framed.xml 
2026-04-12 18:59:27,303 1 INFO odoo_ci_test odoo.modules.loading: loading website/views/snippets/s_masonry_block.xml 
2026-04-12 18:59:27,338 1 INFO odoo_ci_test odoo.modules.loading: loading website/views/snippets/s_sidegrid.xml 
2026-04-12 18:59:27,344 1 INFO odoo_ci_test odoo.modules.loading: loading website/views/snippets/s_media_list.xml 
2026-04-12 18:59:27,353 1 INFO odoo_ci_test odoo.modules.loading: loading website/views/snippets/s_showcase.xml 
2026-04-12 18:59:27,365 1 INFO odoo_ci_test odoo.modules.loading: loading website/views/snippets/s_faq_horizontal.xml 
2026-04-12 18:59:27,373 1 INFO odoo_ci_test odoo.modules.loading: loading website/views/snippets/s_floating_blocks.xml 
2026-04-12 18:59:27,381 1 INFO odoo_ci_test odoo.modules.loading: loading website/views/snippets/s_opening_hours.xml 
2026-04-12 18:59:27,387 1 INFO odoo_ci_test odoo.modules.loading: loading website/views/snippets/s_timeline.xml 
2026-04-12 18:59:27,398 1 INFO odoo_ci_test odoo.modules.loading: loading website/views/snippets/s_timeline_images.xml 
2026-04-12 18:59:27,405 1 INFO odoo_ci_test odoo.modules.loading: loading website/views/snippets/s_timeline_list.xml 
2026-04-12 18:59:27,413 1 INFO odoo_ci_test odoo.modules.loading: loading website/views/snippets/s_process_steps.xml 
2026-04-12 18:59:27,424 1 INFO odoo_ci_test odoo.modules.loading: loading website/views/snippets/s_accordion.xml 
2026-04-12 18:59:27,432 1 INFO odoo_ci_test odoo.modules.loading: loading website/views/snippets/s_website_form_info.xml 
2026-04-12 18:59:27,437 1 INFO odoo_ci_test odoo.modules.loading: loading website/views/snippets/s_numbers_showcase.xml 
2026-04-12 18:59:27,444 1 INFO odoo_ci_test odoo.modules.loading: loading website/views/snippets/s_numbers_charts.xml 
2026-04-12 18:59:27,451 1 INFO odoo_ci_test odoo.modules.loading: loading website/views/snippets/s_accordion_image.xml 
2026-04-12 18:59:27,457 1 INFO odoo_ci_test odoo.modules.loading: loading website/views/snippets/s_pricelist_boxed.xml 
2026-04-12 18:59:27,468 1 INFO odoo_ci_test odoo.modules.loading: loading website/views/snippets/s_adventure.xml 
2026-04-12 18:59:27,474 1 INFO odoo_ci_test odoo.modules.loading: loading website/views/snippets/s_image_title.xml 
2026-04-12 18:59:27,480 1 INFO odoo_ci_test odoo.modules.loading: loading website/views/snippets/s_key_images.xml 
2026-04-12 18:59:27,486 1 INFO odoo_ci_test odoo.modules.loading: loading website/views/snippets/s_kickoff.xml 
2026-04-12 18:59:27,492 1 INFO odoo_ci_test odoo.modules.loading: loading website/views/snippets/s_discovery.xml 
2026-04-12 18:59:27,498 1 INFO odoo_ci_test odoo.modules.loading: loading website/views/snippets/s_bento_banner.xml 
2026-04-12 18:59:27,504 1 INFO odoo_ci_test odoo.modules.loading: loading website/views/snippets/s_striped.xml 
2026-04-12 18:59:27,510 1 INFO odoo_ci_test odoo.modules.loading: loading website/views/snippets/s_intro_pill.xml 
2026-04-12 18:59:27,516 1 INFO odoo_ci_test odoo.modules.loading: loading website/views/snippets/s_big_number.xml 
2026-04-12 18:59:27,521 1 INFO odoo_ci_test odoo.modules.loading: loading website/views/snippets/s_wavy_grid.xml 
2026-04-12 18:59:27,528 1 INFO odoo_ci_test odoo.modules.loading: loading website/views/snippets/s_images_mosaic.xml 
2026-04-12 18:59:27,534 1 INFO odoo_ci_test odoo.modules.loading: loading website/views/snippets/s_shape_image.xml 
2026-04-12 18:59:27,540 1 INFO odoo_ci_test odoo.modules.loading: loading website/views/snippets/s_empowerment.xml 
2026-04-12 18:59:27,546 1 INFO odoo_ci_test odoo.modules.loading: loading website/views/snippets/s_split_intro.xml 
2026-04-12 18:59:27,552 1 INFO odoo_ci_test odoo.modules.loading: loading website/views/snippets/s_text_highlight.xml 
2026-04-12 18:59:27,559 1 INFO odoo_ci_test odoo.modules.loading: loading website/views/snippets/s_pricelist_cafe.xml 
2026-04-12 18:59:27,572 1 INFO odoo_ci_test odoo.modules.loading: loading website/views/snippets/s_progress_bar.xml 
2026-04-12 18:59:27,579 1 INFO odoo_ci_test odoo.modules.loading: loading website/views/snippets/s_blockquote.xml 
2026-04-12 18:59:27,589 1 INFO odoo_ci_test odoo.modules.loading: loading website/views/snippets/s_badge.xml 
2026-04-12 18:59:27,597 1 INFO odoo_ci_test odoo.modules.loading: loading website/views/snippets/s_color_blocks_2.xml 
2026-04-12 18:59:27,605 1 INFO odoo_ci_test odoo.modules.loading: loading website/views/snippets/s_attributes_horizontal.xml 
2026-04-12 18:59:27,613 1 INFO odoo_ci_test odoo.modules.loading: loading website/views/snippets/s_attributes_vertical.xml 
2026-04-12 18:59:27,621 1 INFO odoo_ci_test odoo.modules.loading: loading website/views/snippets/s_product_list.xml 
2026-04-12 18:59:27,632 1 INFO odoo_ci_test odoo.modules.loading: loading website/views/snippets/s_mega_menu_multi_menus.xml 
2026-04-12 18:59:27,639 1 INFO odoo_ci_test odoo.modules.loading: loading website/views/snippets/s_mega_menu_menu_image_menu.xml 
2026-04-12 18:59:27,646 1 INFO odoo_ci_test odoo.modules.loading: loading website/views/snippets/s_mega_menu_thumbnails.xml 
2026-04-12 18:59:27,659 1 INFO odoo_ci_test odoo.modules.loading: loading website/views/snippets/s_mega_menu_little_icons.xml 
2026-04-12 18:59:27,668 1 INFO odoo_ci_test odoo.modules.loading: loading website/views/snippets/s_mega_menu_images_subtitles.xml 
2026-04-12 18:59:27,682 1 INFO odoo_ci_test odoo.modules.loading: loading website/views/snippets/s_mega_menu_menus_logos.xml 
2026-04-12 18:59:27,693 1 INFO odoo_ci_test odoo.modules.loading: loading website/views/snippets/s_mega_menu_odoo_menu.xml 
2026-04-12 18:59:27,704 1 INFO odoo_ci_test odoo.modules.loading: loading website/views/snippets/s_mega_menu_big_icons_subtitles.xml 
2026-04-12 18:59:27,718 1 INFO odoo_ci_test odoo.modules.loading: loading website/views/snippets/s_mega_menu_cards.xml 
2026-04-12 18:59:27,732 1 INFO odoo_ci_test odoo.modules.loading: loading website/views/snippets/s_google_map.xml 
2026-04-12 18:59:27,739 1 INFO odoo_ci_test odoo.modules.loading: loading website/views/snippets/s_cta_mockups.xml 
2026-04-12 18:59:27,745 1 INFO odoo_ci_test odoo.modules.loading: loading website/views/snippets/s_map.xml 
2026-04-12 18:59:27,753 1 INFO odoo_ci_test odoo.modules.loading: loading website/views/snippets/s_dynamic_snippet.xml 
2026-04-12 18:59:27,767 1 INFO odoo_ci_test odoo.modules.loading: loading website/views/snippets/s_dynamic_snippet_carousel.xml 
2026-04-12 18:59:27,776 1 INFO odoo_ci_test odoo.modules.loading: loading website/views/snippets/s_banner_product.xml 
2026-04-12 18:59:27,782 1 INFO odoo_ci_test odoo.modules.loading: loading website/views/snippets/s_embed_code.xml 
2026-04-12 18:59:27,790 1 INFO odoo_ci_test odoo.modules.loading: loading website/views/snippets/s_website_form.xml 
2026-04-12 18:59:27,803 1 INFO odoo_ci_test odoo.modules.loading: loading website/views/snippets/s_website_form_overlay.xml 
2026-04-12 18:59:27,809 1 INFO odoo_ci_test odoo.modules.loading: loading website/views/snippets/s_title_form.xml 
2026-04-12 18:59:27,815 1 INFO odoo_ci_test odoo.modules.loading: loading website/views/snippets/s_searchbar.xml 
2026-04-12 18:59:27,827 1 INFO odoo_ci_test odoo.modules.loading: loading website/views/snippets/s_inline_text.xml 
2026-04-12 18:59:27,833 1 INFO odoo_ci_test odoo.modules.loading: loading website/views/snippets/s_button.xml 
2026-04-12 18:59:27,839 1 INFO odoo_ci_test odoo.modules.loading: loading website/views/snippets/s_freegrid.xml 
2026-04-12 18:59:27,845 1 INFO odoo_ci_test odoo.modules.loading: loading website/views/snippets/s_card_offset.xml 
2026-04-12 18:59:27,852 1 INFO odoo_ci_test odoo.modules.loading: loading website/views/snippets/s_image.xml 
2026-04-12 18:59:27,858 1 INFO odoo_ci_test odoo.modules.loading: loading website/views/snippets/s_video.xml 
2026-04-12 18:59:27,864 1 INFO odoo_ci_test odoo.modules.loading: loading website/views/snippets/s_cta_badge.xml 
2026-04-12 18:59:27,870 1 INFO odoo_ci_test odoo.modules.loading: loading website/views/snippets/s_unveil.xml 
2026-04-12 18:59:27,877 1 INFO odoo_ci_test odoo.modules.loading: loading website/views/snippets/s_image_hexagonal.xml 
2026-04-12 18:59:27,884 1 INFO odoo_ci_test odoo.modules.loading: loading website/views/snippets/s_striped_center_top.xml 
2026-04-12 18:59:27,890 1 INFO odoo_ci_test odoo.modules.loading: loading website/views/snippets/s_numbers_list.xml 
2026-04-12 18:59:27,898 1 INFO odoo_ci_test odoo.modules.loading: loading website/views/snippets/s_quadrant.xml 
2026-04-12 18:59:27,906 1 INFO odoo_ci_test odoo.modules.loading: loading website/views/snippets/s_cta_card.xml 
2026-04-12 18:59:27,913 1 INFO odoo_ci_test odoo.modules.loading: loading website/views/snippets/s_image_frame.xml 
2026-04-12 18:59:27,919 1 INFO odoo_ci_test odoo.modules.loading: loading website/views/snippets/s_cta_mobile.xml 
2026-04-12 18:59:27,926 1 INFO odoo_ci_test odoo.modules.loading: loading website/views/snippets/s_reviews_wall.xml 
2026-04-12 18:59:27,938 1 INFO odoo_ci_test odoo.modules.loading: loading website/views/snippets/s_website_form_cover.xml 
2026-04-12 18:59:27,946 1 INFO odoo_ci_test odoo.modules.loading: loading website/views/snippets/s_form_aside.xml 
2026-04-12 18:59:27,952 1 INFO odoo_ci_test odoo.modules.loading: loading website/views/snippets/s_banner_connected.xml 
2026-04-12 18:59:27,959 1 INFO odoo_ci_test odoo.modules.loading: loading website/views/snippets/s_ecomm_categories_showcase.xml 
2026-04-12 18:59:27,967 1 INFO odoo_ci_test odoo.modules.loading: loading website/views/snippets/s_banner_categories.xml 
2026-04-12 18:59:27,976 1 INFO odoo_ci_test odoo.modules.loading: loading website/views/new_page_template_templates.xml 
2026-04-12 18:59:29,120 1 INFO odoo_ci_test odoo.addons.website.models.ir_module_module: Generated 227 primary snippet templates for 'website' 
2026-04-12 18:59:29,183 1 INFO odoo_ci_test odoo.addons.website.models.ir_module_module: Generated 39 primary page templates for 'website' 
2026-04-12 18:59:29,183 1 INFO odoo_ci_test odoo.modules.loading: loading website/views/website_views.xml 
2026-04-12 18:59:29,334 1 INFO odoo_ci_test odoo.modules.loading: loading website/views/website_pages_views.xml 
2026-04-12 18:59:29,398 1 INFO odoo_ci_test odoo.modules.loading: loading website/views/website_controller_pages_views.xml 
2026-04-12 18:59:29,426 1 INFO odoo_ci_test odoo.modules.loading: loading website/views/website_visitor_views.xml 
2026-04-12 18:59:29,502 1 INFO odoo_ci_test odoo.modules.loading: loading website/views/res_config_settings_views.xml 
2026-04-12 18:59:29,562 1 INFO odoo_ci_test odoo.modules.loading: loading website/views/website_rewrite.xml 
2026-04-12 18:59:29,586 1 INFO odoo_ci_test odoo.modules.loading: loading website/views/ir_actions_server_views.xml 
2026-04-12 18:59:29,611 1 INFO odoo_ci_test odoo.modules.loading: loading website/views/ir_asset_views.xml 
2026-04-12 18:59:29,628 1 INFO odoo_ci_test odoo.modules.loading: loading website/views/ir_attachment_views.xml 
2026-04-12 18:59:29,646 1 INFO odoo_ci_test odoo.modules.loading: loading website/views/ir_model_views.xml 
2026-04-12 18:59:29,675 1 INFO odoo_ci_test odoo.modules.loading: loading website/views/res_partner_views.xml 
2026-04-12 18:59:29,688 1 INFO odoo_ci_test odoo.modules.loading: loading website/views/neutralize_views.xml 
2026-04-12 18:59:29,700 1 INFO odoo_ci_test odoo.modules.loading: loading website/wizard/base_language_install_views.xml 
2026-04-12 18:59:29,710 1 INFO odoo_ci_test odoo.modules.loading: loading website/wizard/blocked_third_party_domains.xml 
2026-04-12 18:59:29,717 1 INFO odoo_ci_test odoo.modules.loading: loading website/wizard/website_robots.xml 
2026-04-12 18:59:29,725 1 INFO odoo_ci_test odoo.modules.loading: loading website/data/update_theme_images.xml 
2026-04-12 18:59:29,776 1 INFO odoo_ci_test odoo.modules.loading: loading website/views/website_templates_svg.xml 
2026-04-12 18:59:29,883 1 INFO odoo_ci_test odoo.modules.loading: Module website loaded in 6.46s, 7899 queries (+7899 other) 
2026-04-12 18:59:29,883 1 INFO odoo_ci_test odoo.modules.loading: Loading module sports_federation_portal (47/49) 
2026-04-12 18:59:29,926 1 INFO odoo_ci_test odoo.registry: module sports_federation_portal: creating or updating database tables 
2026-04-12 18:59:29,950 1 INFO odoo_ci_test odoo.models: Prepare computation of res.partner.federation_representative_count 
2026-04-12 18:59:29,960 1 INFO odoo_ci_test odoo.models: Prepare computation of res.users.represented_club_ids 
2026-04-12 18:59:29,960 1 INFO odoo_ci_test odoo.models: Prepare computation of res.users.portal_club_scope_ids 
2026-04-12 18:59:29,960 1 INFO odoo_ci_test odoo.models: Prepare computation of res.users.portal_team_scope_ids 
2026-04-12 18:59:29,960 1 INFO odoo_ci_test odoo.models: Prepare computation of res.users.representative_count 
2026-04-12 18:59:30,170 1 INFO odoo_ci_test odoo.modules.loading: loading sports_federation_portal/security/res_groups.xml 
2026-04-12 18:59:30,189 1 INFO odoo_ci_test odoo.modules.loading: loading sports_federation_portal/security/ir.model.access.csv 
2026-04-12 18:59:30,205 1 INFO odoo_ci_test odoo.modules.loading: loading sports_federation_portal/security/ir_rule.xml 
2026-04-12 18:59:30,277 1 INFO odoo_ci_test odoo.modules.loading: loading sports_federation_portal/data/federation_club_role_type.xml 
2026-04-12 18:59:30,291 1 INFO odoo_ci_test odoo.modules.loading: loading sports_federation_portal/data/ir_sequence.xml 
2026-04-12 18:59:30,296 1 INFO odoo_ci_test odoo.modules.loading: loading sports_federation_portal/views/federation_club_role_type_views.xml 
2026-04-12 18:59:30,321 1 INFO odoo_ci_test odoo.modules.loading: loading sports_federation_portal/views/federation_club_representative_views.xml 
2026-04-12 18:59:30,341 1 INFO odoo_ci_test odoo.modules.loading: loading sports_federation_portal/views/federation_club_views.xml 
2026-04-12 18:59:30,353 1 INFO odoo_ci_test odoo.modules.loading: loading sports_federation_portal/views/federation_referee_views.xml 
2026-04-12 18:59:30,378 1 INFO odoo_ci_test odoo.modules.loading: loading sports_federation_portal/views/res_partner_views.xml 
2026-04-12 18:59:30,391 1 INFO odoo_ci_test odoo.modules.loading: loading sports_federation_portal/views/res_users_views.xml 
2026-04-12 18:59:30,405 1 INFO odoo_ci_test odoo.modules.loading: loading sports_federation_portal/views/federation_season_registration_views.xml 
2026-04-12 18:59:30,436 1 INFO odoo_ci_test odoo.modules.loading: loading sports_federation_portal/views/federation_tournament_registration_views.xml 
2026-04-12 18:59:30,455 1 INFO odoo_ci_test odoo.modules.loading: loading sports_federation_portal/views/federation_tournament_views.xml 
2026-04-12 18:59:30,465 1 INFO odoo_ci_test odoo.modules.loading: loading sports_federation_portal/views/federation_club_representative_portal_views.xml 
2026-04-12 18:59:30,479 1 INFO odoo_ci_test odoo.modules.loading: loading sports_federation_portal/views/website_tournament_templates.xml 
2026-04-12 18:59:30,499 1 INFO odoo_ci_test odoo.modules.loading: loading sports_federation_portal/views/portal_templates.xml 
2026-04-12 18:59:30,542 1 INFO odoo_ci_test odoo.modules.loading: loading sports_federation_portal/views/portal_officiating_templates.xml 
2026-04-12 18:59:30,555 1 INFO odoo_ci_test odoo.modules.loading: loading sports_federation_portal/views/portal_roster_templates.xml 
2026-04-12 18:59:30,603 1 INFO odoo_ci_test odoo.modules.loading: loading sports_federation_portal/views/menu_items.xml 
2026-04-12 18:59:30,614 1 INFO odoo_ci_test odoo.modules.loading: loading sports_federation_portal/views/website_menus.xml 
2026-04-12 18:59:30,789 1 INFO odoo_ci_test odoo.addons.sports_federation_portal.tests.test_club_representative: Starting TestClubRepresentative.test_create_multiple_representatives ... 
2026-04-12 18:59:30,817 1 INFO odoo_ci_test odoo.addons.sports_federation_portal.tests.test_club_representative: Starting TestClubRepresentative.test_date_validation ... 
2026-04-12 18:59:30,822 1 INFO odoo_ci_test odoo.addons.sports_federation_portal.tests.test_club_representative: Starting TestClubRepresentative.test_get_club_for_user ... 
2026-04-12 18:59:30,832 1 INFO odoo_ci_test odoo.addons.sports_federation_portal.tests.test_club_representative: Starting TestClubRepresentative.test_get_clubs_for_user ... 
2026-04-12 18:59:30,853 1 INFO odoo_ci_test odoo.addons.sports_federation_portal.tests.test_club_representative: Starting TestClubRepresentative.test_get_primary_contact ... 
2026-04-12 18:59:30,865 1 INFO odoo_ci_test odoo.addons.sports_federation_portal.tests.test_club_representative: Starting TestClubRepresentative.test_is_current_computation ... 
2026-04-12 18:59:30,872 1 INFO odoo_ci_test odoo.addons.sports_federation_portal.tests.test_club_representative: Starting TestClubRepresentative.test_multiple_primaries_different_roles ... 
2026-04-12 18:59:30,881 1 INFO odoo_ci_test odoo.addons.sports_federation_portal.tests.test_club_representative: Starting TestClubRepresentative.test_partner_club_role_uniqueness ... 
2026-04-12 18:59:30,894 1 INFO odoo_ci_test odoo.addons.sports_federation_portal.tests.test_club_representative: Starting TestClubRepresentative.test_partner_representative_count ... 
2026-04-12 18:59:30,910 1 INFO odoo_ci_test odoo.addons.sports_federation_portal.tests.test_club_representative: Starting TestClubRepresentative.test_primary_contact_uniqueness ... 
2026-04-12 18:59:30,926 1 INFO odoo_ci_test odoo.addons.sports_federation_portal.tests.test_club_representative: Starting TestClubRepresentative.test_role_type_get_by_code ... 
2026-04-12 18:59:30,927 1 INFO odoo_ci_test odoo.addons.sports_federation_portal.tests.test_club_representative: Starting TestClubRepresentative.test_role_type_linkage ... 
2026-04-12 18:59:30,931 1 INFO odoo_ci_test odoo.addons.sports_federation_portal.tests.test_club_representative: Starting TestClubRepresentative.test_user_represented_clubs ... 
2026-04-12 18:59:31,020 1 INFO odoo_ci_test odoo.addons.base.models.ir_attachment: filestore gc 19 checked, 1 removed 
2026-04-12 18:59:31,235 1 INFO odoo_ci_test odoo.addons.sports_federation_portal.tests.test_officiating_portal_access: Starting TestOfficiatingPortalAccess.test_other_user_cannot_manage_assignment ... 
2026-04-12 18:59:31,241 1 INFO odoo_ci_test odoo.addons.sports_federation_portal.tests.test_officiating_portal_access: Starting TestOfficiatingPortalAccess.test_portal_official_can_confirm_assignment ... 
2026-04-12 18:59:31,245 1 INFO odoo_ci_test odoo.addons.sports_federation_portal.tests.test_officiating_portal_access: Starting TestOfficiatingPortalAccess.test_portal_official_decline_requires_reason ... 
2026-04-12 18:59:31,257 1 INFO odoo_ci_test odoo.addons.sports_federation_portal.tests.test_officiating_portal_access: Starting TestOfficiatingPortalAccess.test_portal_official_only_sees_own_assignments ... 
2026-04-12 18:59:31,268 1 INFO odoo_ci_test odoo.addons.sports_federation_portal.tests.test_officiating_portal_access: Starting TestOfficiatingPortalAccess.test_portal_referee_profile_resolves_for_user ... 
2026-04-12 18:59:31,346 1 INFO odoo_ci_test odoo.addons.base.models.ir_attachment: filestore gc 0 checked, 0 removed 
2026-04-12 18:59:31,629 1 INFO odoo_ci_test odoo.addons.sports_federation_portal.tests.test_roster_portal_access: Starting TestRosterPortalAccess.test_portal_player_picker_filters_by_team_gender ... 
2026-04-12 18:59:31,676 1 INFO odoo_ci_test odoo.addons.sports_federation_portal.tests.test_roster_portal_access: Starting TestRosterPortalAccess.test_portal_user_can_create_roster_for_confirmed_registration ... 
2026-04-12 18:59:31,708 1 INFO odoo_ci_test odoo.addons.sports_federation_portal.tests.test_roster_portal_access: Starting TestRosterPortalAccess.test_portal_user_can_manage_owned_roster_with_portal_helpers ... 
2026-04-12 18:59:31,741 1 INFO odoo_ci_test odoo.models.unlink: User #8 deleted federation.team.roster.line records with IDs: [3] 
2026-04-12 18:59:31,744 1 INFO odoo_ci_test odoo.addons.sports_federation_portal.tests.test_roster_portal_access: Starting TestRosterPortalAccess.test_portal_user_cannot_create_roster_without_confirmation_or_for_other_club ... 
2026-04-12 18:59:31,771 1 INFO odoo_ci_test odoo.addons.sports_federation_portal.tests.test_roster_portal_access: Starting TestRosterPortalAccess.test_portal_user_cannot_modify_roster_records ... 
2026-04-12 18:59:31,785 1 INFO odoo_ci_test odoo.addons.base.models.ir_model: Access Denied by ACLs for operation: write, uid: 8, model: federation.team.roster 
2026-04-12 18:59:31,795 1 INFO odoo_ci_test odoo.addons.base.models.ir_model: Access Denied by ACLs for operation: write, uid: 8, model: federation.match.sheet 
2026-04-12 18:59:31,796 1 INFO odoo_ci_test odoo.addons.sports_federation_portal.tests.test_roster_portal_access: Starting TestRosterPortalAccess.test_portal_user_only_sees_own_rosters_match_sheets_and_audit ... 
2026-04-12 18:59:31,815 1 INFO odoo_ci_test odoo.addons.sports_federation_portal.tests.test_roster_portal_access: Starting TestRosterPortalAccess.test_team_scoped_coach_can_prepare_and_submit_assigned_sheet ... 
2026-04-12 18:59:31,834 1 INFO odoo_ci_test odoo.addons.sports_federation_portal.tests.test_roster_portal_access: Starting TestRosterPortalAccess.test_team_scoped_coach_only_sees_assigned_team_records ... 
2026-04-12 18:59:31,926 1 INFO odoo_ci_test odoo.addons.base.models.ir_attachment: filestore gc 0 checked, 0 removed 
2026-04-12 18:59:32,048 1 INFO odoo_ci_test odoo.addons.sports_federation_portal.tests.test_season_registration: Starting TestSeasonRegistrationOwnership.test_portal_user_can_create_owned_season_registration ... 
2026-04-12 18:59:32,072 1 INFO odoo_ci_test odoo.addons.sports_federation_portal.tests.test_season_registration: Starting TestSeasonRegistrationOwnership.test_portal_user_cannot_create_other_club_registration ... 
2026-04-12 18:59:32,086 1 INFO odoo_ci_test odoo.addons.sports_federation_portal.tests.test_season_registration: Starting TestSeasonRegistrationOwnership.test_submitted_registration_can_be_confirmed_by_staff ... 
2026-04-12 18:59:32,190 1 INFO odoo_ci_test odoo.addons.base.models.ir_attachment: filestore gc 0 checked, 0 removed 
2026-04-12 18:59:32,370 1 INFO odoo_ci_test odoo.addons.sports_federation_portal.tests.test_tournament_registration: Starting TestTournamentRegistration.test_portal_user_only_sees_own_tournament_registrations ... 
2026-04-12 18:59:32,412 1 INFO odoo_ci_test odoo.addons.base.models.ir_rule: Access Denied by record rules for operation: read on record ids: [2], uid: 12, model: federation.tournament.registration 
2026-04-12 18:59:32,420 1 INFO odoo_ci_test odoo.addons.sports_federation_portal.tests.test_tournament_registration: Starting TestTournamentRegistration.test_registration_accepts_eligible_team ... 
2026-04-12 18:59:32,440 1 INFO odoo_ci_test odoo.addons.sports_federation_portal.tests.test_tournament_registration: Starting TestTournamentRegistration.test_registration_backend_domain_uses_eligible_teams ... 
2026-04-12 18:59:32,447 1 INFO odoo_ci_test odoo.addons.sports_federation_portal.tests.test_tournament_registration: Starting TestTournamentRegistration.test_registration_backend_feedback_explains_duplicate_team ... 
2026-04-12 18:59:32,470 1 INFO odoo_ci_test odoo.addons.sports_federation_portal.tests.test_tournament_registration: Starting TestTournamentRegistration.test_registration_rejects_ineligible_team ... 
2026-04-12 18:59:32,486 1 INFO odoo_ci_test odoo.addons.sports_federation_portal.tests.test_tournament_registration: Starting TestTournamentRegistration.test_tournament_action_view_registration_requests ... 
2026-04-12 18:59:32,601 1 INFO odoo_ci_test odoo.addons.base.models.ir_attachment: filestore gc 0 checked, 0 removed 
2026-04-12 18:59:32,601 1 INFO odoo_ci_test odoo.modules.loading: Module sports_federation_portal loaded in 2.72s (incl. 1.94s test), 996 queries (+1988 test, +996 other) 
2026-04-12 18:59:32,601 1 INFO odoo_ci_test odoo.modules.loading: Loading module website_mail (48/49) 
2026-04-12 18:59:32,607 1 INFO odoo_ci_test odoo.registry: module website_mail: creating or updating database tables 
2026-04-12 18:59:32,618 1 INFO odoo_ci_test odoo.modules.loading: loading website_mail/views/website_mail_templates.xml 
2026-04-12 18:59:32,647 1 INFO odoo_ci_test odoo.modules.loading: Module website_mail loaded in 0.05s, 31 queries (+31 other) 
2026-04-12 18:59:32,647 1 INFO odoo_ci_test odoo.modules.loading: Loading module website_sms (49/49) 
2026-04-12 18:59:32,652 1 INFO odoo_ci_test odoo.registry: module website_sms: creating or updating database tables 
2026-04-12 18:59:32,668 1 INFO odoo_ci_test odoo.modules.loading: loading website_sms/views/website_visitor_views.xml 
2026-04-12 18:59:32,718 1 INFO odoo_ci_test odoo.modules.loading: Module website_sms loaded in 0.07s, 68 queries (+68 other) 
2026-04-12 18:59:32,718 1 INFO odoo_ci_test odoo.modules.loading: 49 modules loaded in 22.71s, 29096 queries (+31085 extra) 
2026-04-12 18:59:33,247 1 INFO odoo_ci_test odoo.modules.loading: Modules loaded. 
2026-04-12 18:59:33,257 1 INFO odoo_ci_test odoo.registry: Registry changed, signaling through the database 
2026-04-12 18:59:33,258 1 INFO odoo_ci_test odoo.registry: Registry loaded in 31.435s 
2026-04-12 18:59:33,258 1 INFO odoo_ci_test odoo.service.server: Starting post tests 
2026-04-12 18:59:33,287 1 INFO odoo_ci_test odoo.service.server: 0 post-tests in 0.03s, 0 queries 
2026-04-12 18:59:33,287 1 INFO odoo_ci_test odoo.tests.stats: sports_federation_portal: 45 tests 1.94s 1988 queries 
2026-04-12 18:59:33,287 1 INFO odoo_ci_test odoo.tests.result: 0 failed, 0 error(s) of 35 tests when loading database 'odoo_ci_test' 
2026-04-12 18:59:33,288 1 INFO odoo_ci_test odoo.service.server: Initiating shutdown 
2026-04-12 18:59:33,288 1 INFO odoo_ci_test odoo.service.server: Hit CTRL-C again or send a second signal to force the shutdown. 
2026-04-12 18:59:33,387 1 INFO odoo_ci_test odoo.sql_db: ConnectionPool(read/write;used=0/count=0/max=64): Closed 2 connections  
