 Container sf_ci-ci-db-1  Running
Running as user 'root' is a security risk.
2026-04-12 19:47:36,055 1 WARNING ? odoo.tools.config: missing --http-interface/http_interface, using 0.0.0.0 by default, will change to 127.0.0.1 in 20.0 
2026-04-12 19:47:36,055 1 INFO ? odoo: Odoo version 19.0-20260324 
2026-04-12 19:47:36,055 1 INFO ? odoo: Using configuration file at /etc/odoo/odoo.conf 
2026-04-12 19:47:36,055 1 INFO ? odoo: addons paths: _NamespacePath(['/usr/lib/python3/dist-packages/odoo/addons', '/var/lib/odoo/addons/19.0', '/mnt/extra-addons', '/usr/lib/python3/dist-packages/addons']) 
2026-04-12 19:47:36,055 1 INFO ? odoo: database: odoo@ci-db:5432 
2026-04-12 19:47:36,318 1 INFO ? odoo.service.server: HTTP service (werkzeug) running on 2e846e141583:8069 
2026-04-12 19:47:36,336 1 INFO odoo_ci_test odoo.tests.common: Importing test framework 
2026-04-12 19:47:36,364 1 INFO odoo_ci_test odoo.modules.loading: Initializing database odoo_ci_test 
2026-04-12 19:47:37,434 1 INFO odoo_ci_test odoo.modules.loading: loading 1 modules... 
2026-04-12 19:47:37,434 1 INFO odoo_ci_test odoo.modules.loading: Loading module base (1/1) 
2026-04-12 19:47:37,462 1 INFO odoo_ci_test odoo.registry: module base: creating or updating database tables 
2026-04-12 19:47:37,699 1 INFO odoo_ci_test odoo.models: Prepare computation of ir.module.module.menus_by_module 
2026-04-12 19:47:37,699 1 INFO odoo_ci_test odoo.models: Prepare computation of ir.module.module.reports_by_module 
2026-04-12 19:47:37,700 1 INFO odoo_ci_test odoo.models: Prepare computation of ir.module.module.views_by_module 
2026-04-12 19:47:37,772 1 INFO odoo_ci_test odoo.models: Prepare computation of res.partner.user_id 
2026-04-12 19:47:37,772 1 INFO odoo_ci_test odoo.models: Prepare computation of res.partner.commercial_partner_id 
2026-04-12 19:47:37,772 1 INFO odoo_ci_test odoo.models: Prepare computation of res.partner.complete_name 
2026-04-12 19:47:37,772 1 INFO odoo_ci_test odoo.models: Prepare computation of res.partner.lang 
2026-04-12 19:47:37,773 1 INFO odoo_ci_test odoo.models: Prepare computation of res.partner.company_registry 
2026-04-12 19:47:37,773 1 INFO odoo_ci_test odoo.models: Prepare computation of res.partner.commercial_company_name 
2026-04-12 19:47:37,773 1 INFO odoo_ci_test odoo.models: Prepare computation of res.partner.properties 
2026-04-12 19:47:37,773 1 INFO odoo_ci_test odoo.models: Prepare computation of res.partner.partner_share 
2026-04-12 19:47:37,798 1 INFO odoo_ci_test odoo.models: Prepare computation of res.currency.decimal_places 
2026-04-12 19:47:37,817 1 INFO odoo_ci_test odoo.models: Prepare computation of res.company.uses_default_logo 
2026-04-12 19:47:37,817 1 INFO odoo_ci_test odoo.models: Prepare computation of res.company.logo_web 
2026-04-12 19:47:37,818 1 INFO odoo_ci_test odoo.models: Computing parent_path for table res_company... 
2026-04-12 19:47:37,841 1 INFO odoo_ci_test odoo.models: Prepare computation of res.users.signature 
2026-04-12 19:47:37,841 1 INFO odoo_ci_test odoo.models: Prepare computation of res.users.share 
2026-04-12 19:47:39,087 1 INFO odoo_ci_test odoo.modules.loading: loading base/data/res_bank.xml 
2026-04-12 19:47:39,091 1 INFO odoo_ci_test odoo.modules.loading: loading base/data/res.lang.csv 
2026-04-12 19:47:39,129 1 INFO odoo_ci_test odoo.modules.loading: loading base/data/res_lang_data.xml 
2026-04-12 19:47:39,159 1 INFO odoo_ci_test odoo.modules.loading: loading base/data/res_partner_data.xml 
2026-04-12 19:47:39,203 1 INFO odoo_ci_test odoo.modules.loading: loading base/data/res_currency_data.xml 
2026-04-12 19:47:39,633 1 INFO odoo_ci_test odoo.modules.loading: loading base/data/res_company_data.xml 
2026-04-12 19:47:39,640 1 INFO odoo_ci_test odoo.modules.loading: loading base/data/res_users_data.xml 
2026-04-12 19:47:40,653 1 INFO odoo_ci_test odoo.modules.loading: loading base/data/report_paperformat_data.xml 
2026-04-12 19:47:40,660 1 INFO odoo_ci_test odoo.modules.loading: loading base/data/res_country_data.xml 
2026-04-12 19:47:41,187 1 INFO odoo_ci_test odoo.modules.loading: loading base/data/ir_demo_data.xml 
2026-04-12 19:47:41,199 1 INFO odoo_ci_test odoo.modules.loading: loading base/security/base_groups.xml 
2026-04-12 19:47:41,382 1 INFO odoo_ci_test odoo.modules.loading: loading base/security/base_security.xml 
2026-04-12 19:47:41,547 1 INFO odoo_ci_test odoo.modules.loading: loading base/wizard/wizard_ir_model_menu_create_views.xml 
2026-04-12 19:47:41,559 1 INFO odoo_ci_test odoo.modules.loading: loading base/views/base_menus.xml 
2026-04-12 19:47:41,614 1 INFO odoo_ci_test odoo.modules.loading: loading base/views/decimal_precision_views.xml 
2026-04-12 19:47:41,632 1 INFO odoo_ci_test odoo.modules.loading: loading base/views/res_config_views.xml 
2026-04-12 19:47:41,639 1 INFO odoo_ci_test odoo.modules.loading: loading base/data/res.country.state.csv 
2026-04-12 19:47:41,954 1 INFO odoo_ci_test odoo.modules.loading: loading base/views/ir_actions_views.xml 
2026-04-12 19:47:42,091 1 INFO odoo_ci_test odoo.modules.loading: loading base/views/ir_asset_views.xml 
2026-04-12 19:47:42,108 1 INFO odoo_ci_test odoo.modules.loading: loading base/views/ir_config_parameter_views.xml 
2026-04-12 19:47:42,126 1 INFO odoo_ci_test odoo.modules.loading: loading base/views/ir_cron_views.xml 
2026-04-12 19:47:42,153 1 INFO odoo_ci_test odoo.modules.loading: loading base/views/ir_cron_trigger_views.xml 
2026-04-12 19:47:42,170 1 INFO odoo_ci_test odoo.modules.loading: loading base/views/ir_filters_views.xml 
2026-04-12 19:47:42,192 1 INFO odoo_ci_test odoo.modules.loading: loading base/views/ir_mail_server_views.xml 
2026-04-12 19:47:42,212 1 INFO odoo_ci_test odoo.modules.loading: loading base/views/ir_model_views.xml 
2026-04-12 19:47:42,344 1 INFO odoo_ci_test odoo.modules.loading: loading base/views/ir_attachment_views.xml 
2026-04-12 19:47:42,366 1 INFO odoo_ci_test odoo.modules.loading: loading base/views/ir_rule_views.xml 
2026-04-12 19:47:42,386 1 INFO odoo_ci_test odoo.modules.loading: loading base/views/ir_sequence_views.xml 
2026-04-12 19:47:42,408 1 INFO odoo_ci_test odoo.modules.loading: loading base/views/ir_ui_menu_views.xml 
2026-04-12 19:47:42,428 1 INFO odoo_ci_test odoo.modules.loading: loading base/views/ir_ui_view_views.xml 
2026-04-12 19:47:42,478 1 INFO odoo_ci_test odoo.modules.loading: loading base/views/ir_default_views.xml 
2026-04-12 19:47:42,498 1 INFO odoo_ci_test odoo.modules.loading: loading base/data/ir_config_parameter_data.xml 
2026-04-12 19:47:42,501 1 INFO odoo_ci_test odoo.modules.loading: loading base/data/ir_cron_data.xml 
2026-04-12 19:47:42,514 1 INFO odoo_ci_test odoo.modules.loading: loading base/report/ir_model_report.xml 
2026-04-12 19:47:42,519 1 INFO odoo_ci_test odoo.modules.loading: loading base/report/ir_model_templates.xml 
2026-04-12 19:47:42,527 1 INFO odoo_ci_test odoo.modules.loading: loading base/views/ir_logging_views.xml 
2026-04-12 19:47:42,547 1 INFO odoo_ci_test odoo.modules.loading: loading base/views/ir_qweb_widget_templates.xml 
2026-04-12 19:47:42,561 1 INFO odoo_ci_test odoo.modules.loading: loading base/views/ir_module_views.xml 
2026-04-12 19:47:42,616 1 INFO odoo_ci_test odoo.modules.loading: loading base/data/ir_module_category_data.xml 
2026-04-12 19:47:42,656 1 INFO odoo_ci_test odoo.modules.loading: loading base/data/ir_module_module.xml 
2026-04-12 19:47:42,720 1 INFO odoo_ci_test odoo.modules.loading: loading base/report/ir_module_reports.xml 
2026-04-12 19:47:42,724 1 INFO odoo_ci_test odoo.modules.loading: loading base/report/ir_module_report_templates.xml 
2026-04-12 19:47:42,731 1 INFO odoo_ci_test odoo.modules.loading: loading base/wizard/base_module_update_views.xml 
2026-04-12 19:47:42,744 1 INFO odoo_ci_test odoo.modules.loading: loading base/wizard/base_language_install_views.xml 
2026-04-12 19:47:42,760 1 INFO odoo_ci_test odoo.modules.loading: loading base/wizard/base_import_language_views.xml 
2026-04-12 19:47:42,771 1 INFO odoo_ci_test odoo.modules.loading: loading base/wizard/base_module_upgrade_views.xml 
2026-04-12 19:47:42,788 1 INFO odoo_ci_test odoo.modules.loading: loading base/wizard/base_module_uninstall_views.xml 
2026-04-12 19:47:42,797 1 INFO odoo_ci_test odoo.modules.loading: loading base/wizard/base_export_language_views.xml 
2026-04-12 19:47:42,810 1 INFO odoo_ci_test odoo.modules.loading: loading base/wizard/base_partner_merge_views.xml 
2026-04-12 19:47:42,825 1 INFO odoo_ci_test odoo.modules.loading: loading base/data/ir_demo_failure_data.xml 
2026-04-12 19:47:42,842 1 INFO odoo_ci_test odoo.modules.loading: loading base/views/ir_profile_views.xml 
2026-04-12 19:47:42,865 1 INFO odoo_ci_test odoo.modules.loading: loading base/views/res_company_views.xml 
2026-04-12 19:47:42,888 1 INFO odoo_ci_test odoo.modules.loading: loading base/views/res_lang_views.xml 
2026-04-12 19:47:42,909 1 INFO odoo_ci_test odoo.modules.loading: loading base/views/res_partner_views.xml 
2026-04-12 19:47:43,001 1 INFO odoo_ci_test odoo.modules.loading: loading base/views/res_bank_views.xml 
2026-04-12 19:47:43,035 1 INFO odoo_ci_test odoo.modules.loading: loading base/views/res_country_views.xml 
2026-04-12 19:47:43,081 1 INFO odoo_ci_test odoo.modules.loading: loading base/views/res_currency_views.xml 
2026-04-12 19:47:43,118 1 INFO odoo_ci_test odoo.modules.loading: loading base/views/res_groups_views.xml 
2026-04-12 19:47:43,160 1 INFO odoo_ci_test odoo.modules.loading: loading base/views/res_users_views.xml 
2026-04-12 19:47:43,251 1 INFO odoo_ci_test odoo.modules.loading: loading base/views/res_users_apikeys_views.xml 
2026-04-12 19:47:43,257 1 INFO odoo_ci_test odoo.modules.loading: loading base/views/res_device_views.xml 
2026-04-12 19:47:43,280 1 INFO odoo_ci_test odoo.modules.loading: loading base/views/res_users_identitycheck_views.xml 
2026-04-12 19:47:43,288 1 INFO odoo_ci_test odoo.modules.loading: loading base/views/res_config_settings_views.xml 
2026-04-12 19:47:43,296 1 INFO odoo_ci_test odoo.modules.loading: loading base/views/report_paperformat_views.xml 
2026-04-12 19:47:43,319 1 INFO odoo_ci_test odoo.modules.loading: loading base/security/ir.model.access.csv 
2026-04-12 19:47:43,607 1 INFO odoo_ci_test odoo.modules.loading: Module base loaded in 6.17s, 8397 queries (+8397 other) 
2026-04-12 19:47:43,608 1 INFO odoo_ci_test odoo.modules.loading: 1 modules loaded in 6.17s, 8397 queries (+8397 extra) 
2026-04-12 19:47:43,610 1 INFO odoo_ci_test odoo.modules.loading: updating modules list 
2026-04-12 19:47:43,611 1 INFO odoo_ci_test odoo.addons.base.models.ir_module: ALLOW access to module.update_list on [] to user __system__ #1 via n/a 
2026-04-12 19:47:44,425 1 INFO odoo_ci_test odoo.addons.base.models.ir_module: ALLOW access to module.button_install on ['Sports Federation Club Roles & Portal'] to user __system__ #1 via n/a 
2026-04-12 19:47:44,519 1 INFO odoo_ci_test odoo.modules.loading: loading 49 modules... 
2026-04-12 19:47:44,519 1 INFO odoo_ci_test odoo.modules.loading: Loading module rpc (2/49) 
2026-04-12 19:47:44,534 1 INFO odoo_ci_test odoo.modules.loading: Module rpc loaded in 0.01s, 9 queries (+9 other) 
2026-04-12 19:47:44,534 1 INFO odoo_ci_test odoo.modules.loading: Loading module social_media (3/49) 
2026-04-12 19:47:44,538 1 INFO odoo_ci_test odoo.registry: module social_media: creating or updating database tables 
2026-04-12 19:47:44,570 1 INFO odoo_ci_test odoo.modules.loading: loading social_media/views/res_company_views.xml 
2026-04-12 19:47:44,590 1 INFO odoo_ci_test odoo.modules.loading: Module social_media loaded in 0.06s, 75 queries (+75 other) 
2026-04-12 19:47:44,590 1 INFO odoo_ci_test odoo.modules.loading: Loading module web (4/49) 
2026-04-12 19:47:44,621 1 INFO odoo_ci_test odoo.registry: module web: creating or updating database tables 
2026-04-12 19:47:45,039 1 INFO odoo_ci_test odoo.modules.loading: loading web/security/ir.model.access.csv 
2026-04-12 19:47:45,046 1 INFO odoo_ci_test odoo.modules.loading: loading web/security/web_security.xml 
2026-04-12 19:47:45,056 1 INFO odoo_ci_test odoo.modules.loading: loading web/views/webclient_templates.xml 
2026-04-12 19:47:45,106 1 INFO odoo_ci_test odoo.modules.loading: loading web/views/report_templates.xml 
2026-04-12 19:47:45,190 1 INFO odoo_ci_test odoo.modules.loading: loading web/views/base_document_layout_views.xml 
2026-04-12 19:47:45,205 1 INFO odoo_ci_test odoo.modules.loading: loading web/views/partner_view.xml 
2026-04-12 19:47:45,212 1 INFO odoo_ci_test odoo.modules.loading: loading web/views/speedscope_template.xml 
2026-04-12 19:47:45,217 1 INFO odoo_ci_test odoo.modules.loading: loading web/views/memory_template.xml 
2026-04-12 19:47:45,223 1 INFO odoo_ci_test odoo.modules.loading: loading web/views/speedscope_config_wizard.xml 
2026-04-12 19:47:45,230 1 INFO odoo_ci_test odoo.modules.loading: loading web/views/neutralize_views.xml 
2026-04-12 19:47:45,238 1 INFO odoo_ci_test odoo.modules.loading: loading web/views/ir_ui_view_views.xml 
2026-04-12 19:47:45,248 1 INFO odoo_ci_test odoo.modules.loading: loading web/data/ir_attachment.xml 
2026-04-12 19:47:45,252 1 INFO odoo_ci_test odoo.modules.loading: loading web/data/report_layout.xml 
2026-04-12 19:47:45,305 1 INFO odoo_ci_test odoo.modules.loading: Module web loaded in 0.72s, 1229 queries (+1229 other) 
2026-04-12 19:47:45,305 1 INFO odoo_ci_test odoo.modules.loading: Loading module api_doc (5/49) 
2026-04-12 19:47:45,311 1 INFO odoo_ci_test odoo.registry: module api_doc: creating or updating database tables 
2026-04-12 19:47:45,326 1 INFO odoo_ci_test odoo.modules.loading: loading api_doc/security/res_groups.xml 
2026-04-12 19:47:45,346 1 INFO odoo_ci_test odoo.modules.loading: loading api_doc/views/docclient.xml 
2026-04-12 19:47:45,363 1 INFO odoo_ci_test odoo.modules.loading: Module api_doc loaded in 0.06s, 63 queries (+63 other) 
2026-04-12 19:47:45,363 1 INFO odoo_ci_test odoo.modules.loading: Loading module auth_totp (6/49) 
2026-04-12 19:47:45,378 1 INFO odoo_ci_test odoo.registry: module auth_totp: creating or updating database tables 
2026-04-12 19:47:45,439 1 INFO odoo_ci_test odoo.modules.loading: loading auth_totp/security/security.xml 
2026-04-12 19:47:45,460 1 INFO odoo_ci_test odoo.modules.loading: loading auth_totp/security/ir.model.access.csv 
2026-04-12 19:47:45,466 1 INFO odoo_ci_test odoo.modules.loading: loading auth_totp/data/ir_action_data.xml 
2026-04-12 19:47:45,472 1 INFO odoo_ci_test odoo.modules.loading: loading auth_totp/views/res_users_views.xml 
2026-04-12 19:47:45,498 1 INFO odoo_ci_test odoo.modules.loading: loading auth_totp/views/templates.xml 
2026-04-12 19:47:45,503 1 INFO odoo_ci_test odoo.modules.loading: loading auth_totp/wizard/auth_totp_wizard_views.xml 
2026-04-12 19:47:45,523 1 INFO odoo_ci_test odoo.modules.loading: Module auth_totp loaded in 0.16s, 218 queries (+218 other) 
2026-04-12 19:47:45,523 1 INFO odoo_ci_test odoo.modules.loading: Loading module base_import (7/49) 
2026-04-12 19:47:45,558 1 INFO odoo_ci_test odoo.registry: module base_import: creating or updating database tables 
2026-04-12 19:47:45,977 1 INFO odoo_ci_test odoo.modules.loading: loading base_import/security/ir.model.access.csv 
2026-04-12 19:47:45,990 1 INFO odoo_ci_test odoo.modules.loading: Module base_import loaded in 0.47s, 956 queries (+956 other) 
2026-04-12 19:47:45,990 1 INFO odoo_ci_test odoo.modules.loading: Loading module base_import_module (8/49) 
2026-04-12 19:47:45,997 1 INFO odoo_ci_test odoo.registry: module base_import_module: creating or updating database tables 
2026-04-12 19:47:46,052 1 INFO odoo_ci_test odoo.modules.loading: loading base_import_module/security/ir.model.access.csv 
2026-04-12 19:47:46,058 1 INFO odoo_ci_test odoo.modules.loading: loading base_import_module/views/base_import_module_view.xml 
2026-04-12 19:47:46,076 1 INFO odoo_ci_test odoo.modules.loading: loading base_import_module/views/ir_module_views.xml 
2026-04-12 19:47:46,119 1 INFO odoo_ci_test odoo.modules.loading: Module base_import_module loaded in 0.13s, 172 queries (+172 other) 
2026-04-12 19:47:46,120 1 INFO odoo_ci_test odoo.modules.loading: Loading module base_setup (9/49) 
2026-04-12 19:47:46,129 1 INFO odoo_ci_test odoo.registry: module base_setup: creating or updating database tables 
2026-04-12 19:47:46,171 1 INFO odoo_ci_test odoo.modules.loading: loading base_setup/data/base_setup_data.xml 
2026-04-12 19:47:46,175 1 INFO odoo_ci_test odoo.modules.loading: loading base_setup/views/res_config_settings_views.xml 
2026-04-12 19:47:46,203 1 INFO odoo_ci_test odoo.modules.loading: loading base_setup/views/res_partner_views.xml 
2026-04-12 19:47:46,220 1 INFO odoo_ci_test odoo.modules.loading: Module base_setup loaded in 0.10s, 152 queries (+152 other) 
2026-04-12 19:47:46,220 1 INFO odoo_ci_test odoo.modules.loading: Loading module bus (10/49) 
2026-04-12 19:47:46,238 1 INFO odoo_ci_test odoo.registry: module bus: creating or updating database tables 
2026-04-12 19:47:46,319 1 INFO odoo_ci_test odoo.modules.loading: loading bus/security/ir.model.access.csv 
2026-04-12 19:47:46,333 1 INFO odoo_ci_test odoo.modules.loading: Module bus loaded in 0.11s, 152 queries (+152 other) 
2026-04-12 19:47:46,333 1 INFO odoo_ci_test odoo.modules.loading: Loading module http_routing (11/49) 
2026-04-12 19:47:46,336 1 INFO odoo_ci_test odoo.registry: module http_routing: creating or updating database tables 
2026-04-12 19:47:46,353 1 INFO odoo_ci_test odoo.modules.loading: loading http_routing/views/http_routing_template.xml 
2026-04-12 19:47:46,389 1 INFO odoo_ci_test odoo.modules.loading: loading http_routing/views/res_lang_views.xml 
2026-04-12 19:47:46,412 1 INFO odoo_ci_test odoo.modules.loading: Module http_routing loaded in 0.08s, 114 queries (+114 other) 
2026-04-12 19:47:46,412 1 INFO odoo_ci_test odoo.modules.loading: Loading module resource (12/49) 
2026-04-12 19:47:46,424 1 INFO odoo_ci_test odoo.registry: module resource: creating or updating database tables 
2026-04-12 19:47:46,537 1 INFO odoo_ci_test odoo.modules.loading: loading resource/data/resource_data.xml 
2026-04-12 19:47:46,553 1 INFO odoo_ci_test odoo.modules.loading: loading resource/security/ir.model.access.csv 
2026-04-12 19:47:46,564 1 INFO odoo_ci_test odoo.modules.loading: loading resource/security/resource_security.xml 
2026-04-12 19:47:46,585 1 INFO odoo_ci_test odoo.modules.loading: loading resource/views/resource_resource_views.xml 
2026-04-12 19:47:46,607 1 INFO odoo_ci_test odoo.modules.loading: loading resource/views/resource_calendar_leaves_views.xml 
2026-04-12 19:47:46,632 1 INFO odoo_ci_test odoo.modules.loading: loading resource/views/resource_calendar_attendance_views.xml 
2026-04-12 19:47:46,642 1 INFO odoo_ci_test odoo.modules.loading: loading resource/views/resource_calendar_views.xml 
2026-04-12 19:47:46,664 1 INFO odoo_ci_test odoo.modules.loading: loading resource/views/menuitems.xml 
2026-04-12 19:47:46,687 1 INFO odoo_ci_test odoo.modules.loading: Module resource loaded in 0.27s, 414 queries (+414 other) 
2026-04-12 19:47:46,687 1 INFO odoo_ci_test odoo.modules.loading: Loading module utm (13/49) 
2026-04-12 19:47:46,693 1 INFO odoo_ci_test odoo.registry: module utm: creating or updating database tables 
2026-04-12 19:47:46,780 1 INFO odoo_ci_test odoo.modules.loading: loading utm/data/utm_medium_data.xml 
2026-04-12 19:47:46,799 1 INFO odoo_ci_test odoo.modules.loading: loading utm/data/utm_source_data.xml 
2026-04-12 19:47:46,814 1 INFO odoo_ci_test odoo.modules.loading: loading utm/data/utm_stage_data.xml 
2026-04-12 19:47:46,818 1 INFO odoo_ci_test odoo.modules.loading: loading utm/data/utm_tag_data.xml 
2026-04-12 19:47:46,821 1 INFO odoo_ci_test odoo.modules.loading: loading utm/views/utm_campaign_views.xml 
2026-04-12 19:47:46,847 1 INFO odoo_ci_test odoo.modules.loading: loading utm/views/utm_medium_views.xml 
2026-04-12 19:47:46,861 1 INFO odoo_ci_test odoo.modules.loading: loading utm/views/utm_source_views.xml 
2026-04-12 19:47:46,872 1 INFO odoo_ci_test odoo.modules.loading: loading utm/views/utm_stage_views.xml 
2026-04-12 19:47:46,886 1 INFO odoo_ci_test odoo.modules.loading: loading utm/views/utm_tag_views.xml 
2026-04-12 19:47:46,894 1 INFO odoo_ci_test odoo.modules.loading: loading utm/views/utm_menus.xml 
2026-04-12 19:47:46,914 1 INFO odoo_ci_test odoo.modules.loading: loading utm/security/ir.model.access.csv 
2026-04-12 19:47:46,934 1 INFO odoo_ci_test odoo.modules.loading: Module utm loaded in 0.25s, 410 queries (+410 other) 
2026-04-12 19:47:46,934 1 INFO odoo_ci_test odoo.modules.loading: Loading module web_tour (14/49) 
2026-04-12 19:47:46,942 1 INFO odoo_ci_test odoo.registry: module web_tour: creating or updating database tables 
2026-04-12 19:47:46,947 1 INFO odoo_ci_test odoo.models: Prepare computation of res.users.tour_enabled 
2026-04-12 19:47:47,014 1 INFO odoo_ci_test odoo.modules.loading: loading web_tour/security/ir.model.access.csv 
2026-04-12 19:47:47,020 1 INFO odoo_ci_test odoo.modules.loading: loading web_tour/views/tour_views.xml 
2026-04-12 19:47:47,057 1 INFO odoo_ci_test odoo.modules.loading: Module web_tour loaded in 0.12s, 180 queries (+180 other) 
2026-04-12 19:47:47,057 1 INFO odoo_ci_test odoo.modules.loading: Loading module auth_passkey (15/49) 
2026-04-12 19:47:47,093 1 INFO odoo_ci_test odoo.registry: module auth_passkey: creating or updating database tables 
2026-04-12 19:47:47,150 1 INFO odoo_ci_test odoo.modules.loading: loading auth_passkey/views/auth_passkey_key_views.xml 
2026-04-12 19:47:47,169 1 INFO odoo_ci_test odoo.modules.loading: loading auth_passkey/views/auth_passkey_login_templates.xml 
2026-04-12 19:47:47,183 1 INFO odoo_ci_test odoo.modules.loading: loading auth_passkey/views/res_users_identitycheck_views.xml 
2026-04-12 19:47:47,192 1 INFO odoo_ci_test odoo.modules.loading: loading auth_passkey/views/res_users_views.xml 
2026-04-12 19:47:47,209 1 INFO odoo_ci_test odoo.modules.loading: loading auth_passkey/security/ir.model.access.csv 
2026-04-12 19:47:47,216 1 INFO odoo_ci_test odoo.modules.loading: loading auth_passkey/security/security.xml 
2026-04-12 19:47:47,239 1 INFO odoo_ci_test odoo.modules.loading: Module auth_passkey loaded in 0.18s, 218 queries (+218 other) 
2026-04-12 19:47:47,240 1 INFO odoo_ci_test odoo.modules.loading: Loading module google_recaptcha (16/49) 
2026-04-12 19:47:47,244 1 INFO odoo_ci_test odoo.registry: module google_recaptcha: creating or updating database tables 
2026-04-12 19:47:47,263 1 INFO odoo_ci_test odoo.modules.loading: loading google_recaptcha/views/res_config_settings_view.xml 
2026-04-12 19:47:47,290 1 INFO odoo_ci_test odoo.modules.loading: Module google_recaptcha loaded in 0.05s, 64 queries (+64 other) 
2026-04-12 19:47:47,290 1 INFO odoo_ci_test odoo.modules.loading: Loading module html_editor (17/49) 
2026-04-12 19:47:47,449 1 INFO odoo_ci_test odoo.registry: module html_editor: creating or updating database tables 
2026-04-12 19:47:47,942 1 INFO odoo_ci_test odoo.modules.loading: loading html_editor/security/ir.model.access.csv 
2026-04-12 19:47:47,957 1 INFO odoo_ci_test odoo.modules.loading: Module html_editor loaded in 0.67s, 1110 queries (+1110 other) 
2026-04-12 19:47:47,957 1 INFO odoo_ci_test odoo.modules.loading: Loading module iap (18/49) 
2026-04-12 19:47:47,960 1 INFO odoo_ci_test odoo.registry: module iap: creating or updating database tables 
2026-04-12 19:47:48,016 1 INFO odoo_ci_test odoo.modules.loading: loading iap/data/services.xml 
2026-04-12 19:47:48,020 1 INFO odoo_ci_test odoo.modules.loading: loading iap/security/ir.model.access.csv 
2026-04-12 19:47:48,027 1 INFO odoo_ci_test odoo.modules.loading: loading iap/security/ir_rule.xml 
2026-04-12 19:47:48,033 1 INFO odoo_ci_test odoo.modules.loading: loading iap/views/iap_views.xml 
2026-04-12 19:47:48,056 1 INFO odoo_ci_test odoo.modules.loading: loading iap/views/res_config_settings.xml 
2026-04-12 19:47:48,078 1 INFO odoo_ci_test odoo.modules.loading: Module iap loaded in 0.12s, 184 queries (+184 other) 
2026-04-12 19:47:48,078 1 INFO odoo_ci_test odoo.modules.loading: Loading module mail (19/49) 
2026-04-12 19:47:48,145 1 INFO odoo_ci_test odoo.registry: module mail: creating or updating database tables 
2026-04-12 19:47:48,309 1 INFO odoo_ci_test odoo.models: Prepare computation of ir.actions.server.partner_ids 
2026-04-12 19:47:48,309 1 INFO odoo_ci_test odoo.models: Prepare computation of ir.actions.server.activity_user_id 
2026-04-12 19:47:48,310 1 INFO odoo_ci_test odoo.models: Prepare computation of ir.actions.server.activity_type_id 
2026-04-12 19:47:48,310 1 INFO odoo_ci_test odoo.models: Prepare computation of ir.actions.server.template_id 
2026-04-12 19:47:48,310 1 INFO odoo_ci_test odoo.models: Prepare computation of ir.actions.server.activity_date_deadline_range 
2026-04-12 19:47:48,310 1 INFO odoo_ci_test odoo.models: Prepare computation of ir.actions.server.activity_summary 
2026-04-12 19:47:48,310 1 INFO odoo_ci_test odoo.models: Prepare computation of ir.actions.server.followers_type 
2026-04-12 19:47:48,310 1 INFO odoo_ci_test odoo.models: Prepare computation of ir.actions.server.followers_partner_field_name 
2026-04-12 19:47:48,310 1 INFO odoo_ci_test odoo.models: Prepare computation of ir.actions.server.mail_post_method 
2026-04-12 19:47:48,310 1 INFO odoo_ci_test odoo.models: Prepare computation of ir.actions.server.activity_date_deadline_range_type 
2026-04-12 19:47:48,310 1 INFO odoo_ci_test odoo.models: Prepare computation of ir.actions.server.activity_user_type 
2026-04-12 19:47:48,310 1 INFO odoo_ci_test odoo.models: Prepare computation of ir.actions.server.activity_user_field_name 
2026-04-12 19:47:48,310 1 INFO odoo_ci_test odoo.models: Prepare computation of ir.actions.server.activity_note 
2026-04-12 19:47:48,310 1 INFO odoo_ci_test odoo.models: Prepare computation of ir.actions.server.mail_post_autofollow 
2026-04-12 19:47:48,368 1 INFO odoo_ci_test odoo.models: Prepare computation of res.users.notification_type 
2026-04-12 19:47:48,419 1 INFO odoo_ci_test odoo.models: Prepare computation of res.partner.email_normalized 
<string>:38: (ERROR/3) Unexpected indentation.
<string>:43: (WARNING/2) Block quote ends without a blank line; unexpected unindent.
2026-04-12 19:47:49,706 1 INFO odoo_ci_test odoo.modules.loading: loading mail/data/mail_groups.xml 
2026-04-12 19:47:49,727 1 INFO odoo_ci_test odoo.modules.loading: loading mail/wizard/mail_activity_schedule_views.xml 
2026-04-12 19:47:49,739 1 INFO odoo_ci_test odoo.modules.loading: loading mail/wizard/mail_blacklist_remove_views.xml 
2026-04-12 19:47:49,745 1 INFO odoo_ci_test odoo.modules.loading: loading mail/wizard/mail_compose_message_views.xml 
2026-04-12 19:47:49,762 1 INFO odoo_ci_test odoo.modules.loading: loading mail/wizard/mail_template_preview_views.xml 
2026-04-12 19:47:49,771 1 INFO odoo_ci_test odoo.modules.loading: loading mail/wizard/mail_followers_edit_views.xml 
2026-04-12 19:47:49,782 1 INFO odoo_ci_test odoo.modules.loading: loading mail/wizard/mail_template_reset_views.xml 
2026-04-12 19:47:49,791 1 INFO odoo_ci_test odoo.modules.loading: loading mail/views/fetchmail_views.xml 
2026-04-12 19:47:49,810 1 INFO odoo_ci_test odoo.modules.loading: loading mail/views/ir_cron_views.xml 
2026-04-12 19:47:49,820 1 INFO odoo_ci_test odoo.modules.loading: loading mail/views/ir_filters_views.xml 
2026-04-12 19:47:49,836 1 INFO odoo_ci_test odoo.modules.loading: loading mail/views/ir_mail_server_views.xml 
2026-04-12 19:47:49,845 1 INFO odoo_ci_test odoo.modules.loading: loading mail/views/mail_message_subtype_views.xml 
2026-04-12 19:47:49,860 1 INFO odoo_ci_test odoo.modules.loading: loading mail/views/mail_tracking_value_views.xml 
2026-04-12 19:47:49,872 1 INFO odoo_ci_test odoo.modules.loading: loading mail/views/mail_notification_views.xml 
2026-04-12 19:47:49,883 1 INFO odoo_ci_test odoo.modules.loading: loading mail/views/mail_message_views.xml 
2026-04-12 19:47:49,910 1 INFO odoo_ci_test odoo.modules.loading: loading mail/views/mail_message_schedule_views.xml 
2026-04-12 19:47:49,925 1 INFO odoo_ci_test odoo.modules.loading: loading mail/views/mail_mail_views.xml 
2026-04-12 19:47:49,947 1 INFO odoo_ci_test odoo.modules.loading: loading mail/views/mail_followers_views.xml 
2026-04-12 19:47:49,959 1 INFO odoo_ci_test odoo.modules.loading: loading mail/views/mail_ice_server_views.xml 
2026-04-12 19:47:49,978 1 INFO odoo_ci_test odoo.modules.loading: loading mail/views/discuss_channel_member_views.xml 
2026-04-12 19:47:49,990 1 INFO odoo_ci_test odoo.modules.loading: loading mail/views/discuss_channel_rtc_session_views.xml 
2026-04-12 19:47:50,006 1 INFO odoo_ci_test odoo.modules.loading: loading mail/views/mail_link_preview_views.xml 
2026-04-12 19:47:50,023 1 INFO odoo_ci_test odoo.modules.loading: loading mail/views/discuss/discuss_gif_favorite_views.xml 
2026-04-12 19:47:50,035 1 INFO odoo_ci_test odoo.modules.loading: loading mail/views/discuss_channel_views.xml 
2026-04-12 19:47:50,066 1 INFO odoo_ci_test odoo.modules.loading: loading mail/views/mail_canned_response_views.xml 
2026-04-12 19:47:50,090 1 INFO odoo_ci_test odoo.modules.loading: loading mail/views/res_role_views.xml 
2026-04-12 19:47:50,106 1 INFO odoo_ci_test odoo.modules.loading: loading mail/views/mail_activity_views.xml 
2026-04-12 19:47:50,198 1 INFO odoo_ci_test odoo.modules.loading: loading mail/views/mail_activity_plan_views.xml 
2026-04-12 19:47:50,236 1 INFO odoo_ci_test odoo.modules.loading: loading mail/views/mail_activity_plan_template_views.xml 
2026-04-12 19:47:50,246 1 INFO odoo_ci_test odoo.modules.loading: loading mail/views/res_config_settings_views.xml 
2026-04-12 19:47:50,269 1 INFO odoo_ci_test odoo.modules.loading: loading mail/data/ir_config_parameter_data.xml 
2026-04-12 19:47:50,274 1 INFO odoo_ci_test odoo.modules.loading: loading mail/data/res_partner_data.xml 
2026-04-12 19:47:50,336 1 INFO odoo_ci_test odoo.modules.loading: loading mail/data/mail_message_subtype_data.xml 
2026-04-12 19:47:50,343 1 INFO odoo_ci_test odoo.modules.loading: loading mail/data/mail_templates_chatter.xml 
2026-04-12 19:47:50,360 1 INFO odoo_ci_test odoo.modules.loading: loading mail/data/mail_templates_email_layouts.xml 
2026-04-12 19:47:50,379 1 INFO odoo_ci_test odoo.modules.loading: loading mail/data/mail_templates_mailgateway.xml 
2026-04-12 19:47:50,395 1 INFO odoo_ci_test odoo.modules.loading: loading mail/data/discuss_channel_data.xml 
2026-04-12 19:47:50,429 1 INFO odoo_ci_test odoo.modules.loading: loading mail/data/mail_activity_type_data.xml 
2026-04-12 19:47:50,440 1 INFO odoo_ci_test odoo.modules.loading: loading mail/data/security_notifications_templates.xml 
2026-04-12 19:47:50,445 1 INFO odoo_ci_test odoo.modules.loading: loading mail/data/ir_cron_data.xml 
2026-04-12 19:47:50,545 1 INFO odoo_ci_test odoo.modules.loading: loading mail/data/ir_actions_client.xml 
2026-04-12 19:47:50,550 1 INFO odoo_ci_test odoo.modules.loading: loading mail/security/mail_security.xml 
2026-04-12 19:47:50,690 1 INFO odoo_ci_test odoo.modules.loading: loading mail/security/ir.model.access.csv 
2026-04-12 19:47:50,732 1 INFO odoo_ci_test odoo.modules.loading: loading mail/views/discuss_public_templates.xml 
2026-04-12 19:47:50,737 1 INFO odoo_ci_test odoo.modules.loading: loading mail/views/mail_alias_domain_views.xml 
2026-04-12 19:47:50,753 1 INFO odoo_ci_test odoo.modules.loading: loading mail/views/mail_alias_views.xml 
2026-04-12 19:47:50,771 1 INFO odoo_ci_test odoo.modules.loading: loading mail/views/mail_gateway_allowed_views.xml 
2026-04-12 19:47:50,782 1 INFO odoo_ci_test odoo.modules.loading: loading mail/views/mail_guest_views.xml 
2026-04-12 19:47:50,794 1 INFO odoo_ci_test odoo.modules.loading: loading mail/views/mail_message_reaction_views.xml 
2026-04-12 19:47:50,806 1 INFO odoo_ci_test odoo.modules.loading: loading mail/views/mail_templates_public.xml 
2026-04-12 19:47:50,815 1 INFO odoo_ci_test odoo.modules.loading: loading mail/views/res_users_views.xml 
2026-04-12 19:47:50,839 1 INFO odoo_ci_test odoo.modules.loading: loading mail/views/res_users_settings_views.xml 
2026-04-12 19:47:50,854 1 INFO odoo_ci_test odoo.modules.loading: loading mail/views/mail_template_views.xml 
2026-04-12 19:47:50,876 1 INFO odoo_ci_test odoo.modules.loading: loading mail/views/ir_actions_server_views.xml 
2026-04-12 19:47:50,892 1 INFO odoo_ci_test odoo.modules.loading: loading mail/views/ir_model_views.xml 
2026-04-12 19:47:50,923 1 INFO odoo_ci_test odoo.modules.loading: loading mail/views/res_partner_views.xml 
2026-04-12 19:47:50,966 1 INFO odoo_ci_test odoo.modules.loading: loading mail/views/mail_blacklist_views.xml 
2026-04-12 19:47:50,983 1 INFO odoo_ci_test odoo.modules.loading: loading mail/views/mail_menus.xml 
2026-04-12 19:47:51,100 1 INFO odoo_ci_test odoo.modules.loading: loading mail/views/discuss/discuss_menus.xml 
2026-04-12 19:47:51,104 1 INFO odoo_ci_test odoo.modules.loading: loading mail/views/discuss/discuss_call_history_views.xml 
2026-04-12 19:47:51,119 1 INFO odoo_ci_test odoo.modules.loading: loading mail/views/res_company_views.xml 
2026-04-12 19:47:51,130 1 INFO odoo_ci_test odoo.modules.loading: loading mail/views/mail_scheduled_message_views.xml 
2026-04-12 19:47:51,138 1 INFO odoo_ci_test odoo.modules.loading: loading mail/data/mail_canned_response_data.xml 
2026-04-12 19:47:51,146 1 INFO odoo_ci_test odoo.modules.loading: loading mail/data/mail_templates_invite.xml 
2026-04-12 19:47:51,158 1 INFO odoo_ci_test odoo.modules.loading: loading mail/data/web_tour_tour.xml 
2026-04-12 19:47:51,233 1 INFO odoo_ci_test odoo.modules.loading: Module mail loaded in 3.15s, 5056 queries (+5057 other) 
2026-04-12 19:47:51,233 1 INFO odoo_ci_test odoo.modules.loading: Loading module web_unsplash (20/49) 
2026-04-12 19:47:51,245 1 INFO odoo_ci_test odoo.registry: module web_unsplash: creating or updating database tables 
2026-04-12 19:47:51,292 1 INFO odoo_ci_test odoo.modules.loading: loading web_unsplash/views/res_config_settings_view.xml 
2026-04-12 19:47:51,325 1 INFO odoo_ci_test odoo.modules.loading: Module web_unsplash loaded in 0.09s, 112 queries (+112 other) 
2026-04-12 19:47:51,325 1 INFO odoo_ci_test odoo.modules.loading: Loading module auth_signup (21/49) 
2026-04-12 19:47:51,339 1 INFO odoo_ci_test odoo.registry: module auth_signup: creating or updating database tables 
2026-04-12 19:47:51,400 1 INFO odoo_ci_test odoo.modules.loading: loading auth_signup/data/ir_config_parameter_data.xml 
2026-04-12 19:47:51,405 1 INFO odoo_ci_test odoo.modules.loading: loading auth_signup/data/ir_cron_data.xml 
2026-04-12 19:47:51,424 1 INFO odoo_ci_test odoo.modules.loading: loading auth_signup/data/mail_template_data.xml 
2026-04-12 19:47:51,499 1 INFO odoo_ci_test odoo.modules.loading: loading auth_signup/views/res_config_settings_views.xml 
2026-04-12 19:47:51,514 1 INFO odoo_ci_test odoo.modules.loading: loading auth_signup/views/res_users_views.xml 
2026-04-12 19:47:51,538 1 INFO odoo_ci_test odoo.modules.loading: loading auth_signup/views/auth_signup_login_templates.xml 
2026-04-12 19:47:51,558 1 INFO odoo_ci_test odoo.modules.loading: loading auth_signup/views/auth_signup_templates_email.xml 
2026-04-12 19:47:51,564 1 INFO odoo_ci_test odoo.modules.loading: loading auth_signup/views/webclient_templates.xml 
2026-04-12 19:47:51,611 1 INFO odoo_ci_test odoo.modules.loading: Module auth_signup loaded in 0.29s, 255 queries (+255 other) 
2026-04-12 19:47:51,611 1 INFO odoo_ci_test odoo.modules.loading: Loading module auth_totp_mail (22/49) 
2026-04-12 19:47:51,622 1 INFO odoo_ci_test odoo.registry: module auth_totp_mail: creating or updating database tables 
2026-04-12 19:47:51,660 1 INFO odoo_ci_test odoo.modules.loading: loading auth_totp_mail/data/ir_action_data.xml 
2026-04-12 19:47:51,683 1 INFO odoo_ci_test odoo.modules.loading: loading auth_totp_mail/data/mail_template_data.xml 
2026-04-12 19:47:51,717 1 INFO odoo_ci_test odoo.modules.loading: loading auth_totp_mail/data/security_notifications_template.xml 
2026-04-12 19:47:51,724 1 INFO odoo_ci_test odoo.modules.loading: loading auth_totp_mail/views/res_config_settings_views.xml 
2026-04-12 19:47:51,741 1 INFO odoo_ci_test odoo.modules.loading: loading auth_totp_mail/views/res_users_views.xml 
2026-04-12 19:47:51,759 1 INFO odoo_ci_test odoo.modules.loading: loading auth_totp_mail/views/templates.xml 
2026-04-12 19:47:51,783 1 INFO odoo_ci_test odoo.modules.loading: Module auth_totp_mail loaded in 0.17s, 189 queries (+189 other) 
2026-04-12 19:47:51,784 1 INFO odoo_ci_test odoo.modules.loading: Loading module base_install_request (23/49) 
2026-04-12 19:47:51,789 1 INFO odoo_ci_test odoo.registry: module base_install_request: creating or updating database tables 
2026-04-12 19:47:51,843 1 INFO odoo_ci_test odoo.modules.loading: loading base_install_request/security/ir.model.access.csv 
2026-04-12 19:47:51,851 1 INFO odoo_ci_test odoo.modules.loading: loading base_install_request/wizard/base_module_install_request_views.xml 
2026-04-12 19:47:51,868 1 INFO odoo_ci_test odoo.modules.loading: loading base_install_request/data/mail_template_data.xml 
2026-04-12 19:47:51,874 1 INFO odoo_ci_test odoo.modules.loading: loading base_install_request/data/mail_templates_module_install.xml 
2026-04-12 19:47:51,879 1 INFO odoo_ci_test odoo.modules.loading: loading base_install_request/views/ir_module_module_views.xml 
2026-04-12 19:47:51,900 1 INFO odoo_ci_test odoo.modules.loading: Module base_install_request loaded in 0.12s, 154 queries (+154 other) 
2026-04-12 19:47:51,900 1 INFO odoo_ci_test odoo.modules.loading: Loading module google_gmail (24/49) 
2026-04-12 19:47:51,913 1 INFO odoo_ci_test odoo.registry: module google_gmail: creating or updating database tables 
2026-04-12 19:47:51,965 1 INFO odoo_ci_test odoo.modules.loading: loading google_gmail/views/fetchmail_server_views.xml 
2026-04-12 19:47:51,979 1 INFO odoo_ci_test odoo.modules.loading: loading google_gmail/views/ir_mail_server_views.xml 
2026-04-12 19:47:51,990 1 INFO odoo_ci_test odoo.modules.loading: loading google_gmail/views/res_config_settings_views.xml 
2026-04-12 19:47:52,011 1 INFO odoo_ci_test odoo.modules.loading: loading google_gmail/views/templates.xml 
2026-04-12 19:47:52,022 1 INFO odoo_ci_test odoo.modules.loading: Module google_gmail loaded in 0.12s, 155 queries (+155 other) 
2026-04-12 19:47:52,022 1 INFO odoo_ci_test odoo.modules.loading: Loading module html_builder (25/49) 
2026-04-12 19:47:52,044 1 INFO odoo_ci_test odoo.modules.loading: Module html_builder loaded in 0.02s, 10 queries (+10 other) 
2026-04-12 19:47:52,044 1 INFO odoo_ci_test odoo.modules.loading: Loading module iap_mail (26/49) 
2026-04-12 19:47:52,048 1 INFO odoo_ci_test odoo.registry: module iap_mail: creating or updating database tables 
2026-04-12 19:47:52,074 1 INFO odoo_ci_test odoo.modules.loading: loading iap_mail/data/mail_templates.xml 
2026-04-12 19:47:52,088 1 INFO odoo_ci_test odoo.modules.loading: loading iap_mail/views/iap_views.xml 
2026-04-12 19:47:52,106 1 INFO odoo_ci_test odoo.modules.loading: Module iap_mail loaded in 0.06s, 70 queries (+70 other) 
2026-04-12 19:47:52,106 1 INFO odoo_ci_test odoo.modules.loading: Loading module mail_bot (27/49) 
2026-04-12 19:47:52,117 1 INFO odoo_ci_test odoo.registry: module mail_bot: creating or updating database tables 
2026-04-12 19:47:52,159 1 INFO odoo_ci_test odoo.modules.loading: loading mail_bot/views/res_users_views.xml 
2026-04-12 19:47:52,177 1 INFO odoo_ci_test odoo.modules.loading: loading mail_bot/data/mailbot_data.xml 
2026-04-12 19:47:52,189 1 INFO odoo_ci_test odoo.modules.loading: Module mail_bot loaded in 0.08s, 109 queries (+109 other) 
2026-04-12 19:47:52,189 1 INFO odoo_ci_test odoo.modules.loading: Loading module microsoft_outlook (28/49) 
2026-04-12 19:47:52,204 1 INFO odoo_ci_test odoo.registry: module microsoft_outlook: creating or updating database tables 
2026-04-12 19:47:52,268 1 INFO odoo_ci_test odoo.modules.loading: loading microsoft_outlook/views/fetchmail_server_views.xml 
2026-04-12 19:47:52,284 1 INFO odoo_ci_test odoo.modules.loading: loading microsoft_outlook/views/ir_mail_server_views.xml 
2026-04-12 19:47:52,295 1 INFO odoo_ci_test odoo.modules.loading: loading microsoft_outlook/views/res_config_settings_views.xml 
2026-04-12 19:47:52,316 1 INFO odoo_ci_test odoo.modules.loading: loading microsoft_outlook/views/templates.xml 
2026-04-12 19:47:52,329 1 INFO odoo_ci_test odoo.modules.loading: Module microsoft_outlook loaded in 0.14s, 158 queries (+158 other) 
2026-04-12 19:47:52,329 1 INFO odoo_ci_test odoo.modules.loading: Loading module phone_validation (29/49) 
2026-04-12 19:47:52,425 1 INFO odoo_ci_test odoo.registry: module phone_validation: creating or updating database tables 
2026-04-12 19:47:52,436 1 INFO odoo_ci_test odoo.models: Prepare computation of res.partner.phone_sanitized 
2026-04-12 19:47:53,186 1 INFO odoo_ci_test odoo.modules.loading: loading phone_validation/security/ir.model.access.csv 
2026-04-12 19:47:53,193 1 INFO odoo_ci_test odoo.modules.loading: loading phone_validation/views/phone_blacklist_views.xml 
2026-04-12 19:47:53,219 1 INFO odoo_ci_test odoo.modules.loading: loading phone_validation/views/res_partner_views.xml 
2026-04-12 19:47:53,230 1 INFO odoo_ci_test odoo.modules.loading: loading phone_validation/wizard/phone_blacklist_remove_view.xml 
2026-04-12 19:47:53,247 1 INFO odoo_ci_test odoo.modules.loading: Module phone_validation loaded in 0.92s, 1703 queries (+1703 other) 
2026-04-12 19:47:53,247 1 INFO odoo_ci_test odoo.modules.loading: Loading module privacy_lookup (30/49) 
2026-04-12 19:47:53,261 1 INFO odoo_ci_test odoo.registry: module privacy_lookup: creating or updating database tables 
2026-04-12 19:47:53,355 1 INFO odoo_ci_test odoo.modules.loading: loading privacy_lookup/wizard/privacy_lookup_wizard_views.xml 
2026-04-12 19:47:53,403 1 INFO odoo_ci_test odoo.modules.loading: loading privacy_lookup/views/privacy_log_views.xml 
2026-04-12 19:47:53,422 1 INFO odoo_ci_test odoo.modules.loading: loading privacy_lookup/security/ir.model.access.csv 
2026-04-12 19:47:53,437 1 INFO odoo_ci_test odoo.modules.loading: loading privacy_lookup/data/ir_actions_server_data.xml 
2026-04-12 19:47:53,474 1 INFO odoo_ci_test odoo.modules.loading: Module privacy_lookup loaded in 0.23s, 293 queries (+293 other) 
2026-04-12 19:47:53,474 1 INFO odoo_ci_test odoo.modules.loading: Loading module resource_mail (31/49) 
2026-04-12 19:47:53,480 1 INFO odoo_ci_test odoo.registry: module resource_mail: creating or updating database tables 
2026-04-12 19:47:53,512 1 INFO odoo_ci_test odoo.modules.loading: Module resource_mail loaded in 0.04s, 36 queries (+36 other) 
2026-04-12 19:47:53,512 1 INFO odoo_ci_test odoo.modules.loading: Loading module sports_federation_base (32/49) 
2026-04-12 19:47:53,520 1 INFO odoo_ci_test odoo.registry: module sports_federation_base: creating or updating database tables 
<string>:26: (WARNING/2) Line block ends without a blank line.
<string>:44: (WARNING/2) Line block ends without a blank line.
<string>:58: (WARNING/2) Line block ends without a blank line.
<string>:73: (WARNING/2) Line block ends without a blank line.
<string>:93: (WARNING/2) Line block ends without a blank line.
<string>:26: (ERROR/3) Undefined substitution referenced: "-------".
<string>:26: (ERROR/3) Undefined substitution referenced: "-------------".
<string>:44: (ERROR/3) Undefined substitution referenced: "-------".
<string>:44: (ERROR/3) Undefined substitution referenced: "-------------".
<string>:58: (ERROR/3) Undefined substitution referenced: "-------".
<string>:58: (ERROR/3) Undefined substitution referenced: "-------------".
<string>:73: (ERROR/3) Undefined substitution referenced: "-------".
<string>:73: (ERROR/3) Undefined substitution referenced: "-------------".
<string>:93: (ERROR/3) Undefined substitution referenced: "-------".
<string>:93: (ERROR/3) Undefined substitution referenced: "-------------".
2026-04-12 19:47:53,637 1 INFO odoo_ci_test odoo.modules.loading: loading sports_federation_base/security/res_groups.xml 
2026-04-12 19:47:53,660 1 INFO odoo_ci_test odoo.modules.loading: loading sports_federation_base/security/ir.model.access.csv 
2026-04-12 19:47:53,677 1 INFO odoo_ci_test odoo.modules.loading: loading sports_federation_base/data/ir_sequence.xml 
2026-04-12 19:47:53,681 1 INFO odoo_ci_test odoo.modules.loading: loading sports_federation_base/views/federation_season_registration_views.xml 
2026-04-12 19:47:53,697 1 INFO odoo_ci_test odoo.modules.loading: loading sports_federation_base/views/federation_season_views.xml 
2026-04-12 19:47:53,714 1 INFO odoo_ci_test odoo.modules.loading: loading sports_federation_base/views/federation_team_views.xml 
2026-04-12 19:47:53,730 1 INFO odoo_ci_test odoo.modules.loading: loading sports_federation_base/views/federation_club_views.xml 
2026-04-12 19:47:53,747 1 INFO odoo_ci_test odoo.modules.loading: loading sports_federation_base/views/menu_items.xml 
2026-04-12 19:47:53,777 1 INFO odoo_ci_test odoo.modules.loading: Module sports_federation_base loaded in 0.27s, 334 queries (+334 other) 
2026-04-12 19:47:53,777 1 INFO odoo_ci_test odoo.modules.loading: Loading module partner_autocomplete (33/49) 
2026-04-12 19:47:53,797 1 INFO odoo_ci_test odoo.registry: module partner_autocomplete: creating or updating database tables 
2026-04-12 19:47:53,868 1 INFO odoo_ci_test odoo.modules.loading: loading partner_autocomplete/views/res_company_views.xml 
2026-04-12 19:47:53,882 1 INFO odoo_ci_test odoo.modules.loading: loading partner_autocomplete/views/res_config_settings_views.xml 
2026-04-12 19:47:53,896 1 INFO odoo_ci_test odoo.modules.loading: loading partner_autocomplete/data/iap_service_data.xml 
2026-04-12 19:47:53,907 1 INFO odoo_ci_test odoo.modules.loading: Module partner_autocomplete loaded in 0.13s, 141 queries (+141 other) 
2026-04-12 19:47:53,907 1 INFO odoo_ci_test odoo.modules.loading: Loading module portal (34/49) 
2026-04-12 19:47:53,941 1 INFO odoo_ci_test odoo.registry: module portal: creating or updating database tables 
2026-04-12 19:47:54,131 1 INFO odoo_ci_test odoo.modules.loading: loading portal/security/ir.model.access.csv 
2026-04-12 19:47:54,138 1 INFO odoo_ci_test odoo.modules.loading: loading portal/data/mail_templates.xml 
2026-04-12 19:47:54,143 1 INFO odoo_ci_test odoo.modules.loading: loading portal/views/address_templates.xml 
2026-04-12 19:47:54,174 1 INFO odoo_ci_test odoo.modules.loading: loading portal/views/mail_templates_public.xml 
2026-04-12 19:47:54,180 1 INFO odoo_ci_test odoo.modules.loading: loading portal/views/portal_templates.xml 
2026-04-12 19:47:54,279 1 INFO odoo_ci_test odoo.modules.loading: loading portal/views/res_config_settings_views.xml 
2026-04-12 19:47:54,300 1 INFO odoo_ci_test odoo.modules.loading: loading portal/wizard/portal_share_views.xml 
2026-04-12 19:47:54,309 1 INFO odoo_ci_test odoo.modules.loading: loading portal/wizard/portal_wizard_views.xml 
2026-04-12 19:47:54,355 1 INFO odoo_ci_test odoo.modules.loading: Module portal loaded in 0.45s, 583 queries (+583 other) 
2026-04-12 19:47:54,355 1 INFO odoo_ci_test odoo.modules.loading: Loading module sms (35/49) 
2026-04-12 19:47:54,443 1 INFO odoo_ci_test odoo.registry: module sms: creating or updating database tables 
2026-04-12 19:47:54,453 1 INFO odoo_ci_test odoo.models: Prepare computation of ir.actions.server.sms_template_id 
2026-04-12 19:47:54,453 1 INFO odoo_ci_test odoo.models: Prepare computation of ir.actions.server.sms_method 
2026-04-12 19:47:55,344 1 INFO odoo_ci_test odoo.modules.loading: loading sms/data/iap_service_data.xml 
2026-04-12 19:47:55,348 1 INFO odoo_ci_test odoo.modules.loading: loading sms/data/ir_cron_data.xml 
2026-04-12 19:47:55,369 1 INFO odoo_ci_test odoo.modules.loading: loading sms/wizard/sms_account_code_views.xml 
2026-04-12 19:47:55,380 1 INFO odoo_ci_test odoo.modules.loading: loading sms/wizard/sms_account_phone_views.xml 
2026-04-12 19:47:55,386 1 INFO odoo_ci_test odoo.modules.loading: loading sms/wizard/sms_account_sender_views.xml 
2026-04-12 19:47:55,392 1 INFO odoo_ci_test odoo.modules.loading: loading sms/wizard/sms_composer_views.xml 
2026-04-12 19:47:55,403 1 INFO odoo_ci_test odoo.modules.loading: loading sms/wizard/sms_template_preview_views.xml 
2026-04-12 19:47:55,412 1 INFO odoo_ci_test odoo.modules.loading: loading sms/wizard/sms_template_reset_views.xml 
2026-04-12 19:47:55,420 1 INFO odoo_ci_test odoo.modules.loading: loading sms/views/ir_actions_server_views.xml 
2026-04-12 19:47:55,436 1 INFO odoo_ci_test odoo.modules.loading: loading sms/views/mail_notification_views.xml 
2026-04-12 19:47:55,450 1 INFO odoo_ci_test odoo.modules.loading: loading sms/views/res_config_settings_views.xml 
2026-04-12 19:47:55,465 1 INFO odoo_ci_test odoo.modules.loading: loading sms/views/res_partner_views.xml 
2026-04-12 19:47:55,481 1 INFO odoo_ci_test odoo.modules.loading: loading sms/views/iap_account_views.xml 
2026-04-12 19:47:55,492 1 INFO odoo_ci_test odoo.modules.loading: loading sms/views/sms_sms_views.xml 
2026-04-12 19:47:55,518 1 INFO odoo_ci_test odoo.modules.loading: loading sms/views/sms_template_views.xml 
2026-04-12 19:47:55,539 1 INFO odoo_ci_test odoo.modules.loading: loading sms/security/ir.model.access.csv 
2026-04-12 19:47:55,560 1 INFO odoo_ci_test odoo.modules.loading: loading sms/security/sms_security.xml 
2026-04-12 19:47:55,583 1 INFO odoo_ci_test odoo.modules.loading: Module sms loaded in 1.23s, 2173 queries (+2173 other) 
2026-04-12 19:47:55,583 1 INFO odoo_ci_test odoo.modules.loading: Loading module snailmail (36/49) 
2026-04-12 19:47:55,689 1 INFO odoo_ci_test odoo.registry: module snailmail: creating or updating database tables 
2026-04-12 19:47:55,885 1 INFO odoo_ci_test odoo.modules.loading: loading snailmail/data/iap_service_data.xml 
2026-04-12 19:47:55,889 1 INFO odoo_ci_test odoo.modules.loading: loading snailmail/data/snailmail_data.xml 
2026-04-12 19:47:55,912 1 INFO odoo_ci_test odoo.modules.loading: loading snailmail/views/report_assets.xml 
2026-04-12 19:47:55,924 1 INFO odoo_ci_test odoo.modules.loading: loading snailmail/views/snailmail_views.xml 
2026-04-12 19:47:55,943 1 INFO odoo_ci_test odoo.modules.loading: loading snailmail/security/ir.model.access.csv 
2026-04-12 19:47:55,967 1 INFO odoo_ci_test odoo.modules.loading: Module snailmail loaded in 0.38s, 449 queries (+449 other) 
2026-04-12 19:47:55,967 1 INFO odoo_ci_test odoo.modules.loading: Loading module sports_federation_people (37/49) 
2026-04-12 19:47:55,974 1 INFO odoo_ci_test odoo.registry: module sports_federation_people: creating or updating database tables 
<string>:16: (WARNING/2) Line block ends without a blank line.
<string>:27: (WARNING/2) Line block ends without a blank line.
<string>:51: (WARNING/2) Line block ends without a blank line.
<string>:67: (WARNING/2) Line block ends without a blank line.
<string>:16: (ERROR/3) Undefined substitution referenced: "--------".
<string>:27: (ERROR/3) Undefined substitution referenced: "-------".
<string>:27: (ERROR/3) Undefined substitution referenced: "-------------".
<string>:51: (ERROR/3) Undefined substitution referenced: "-------".
<string>:51: (ERROR/3) Undefined substitution referenced: "-------------".
<string>:67: (ERROR/3) Undefined substitution referenced: "------".
2026-04-12 19:47:56,062 1 INFO odoo_ci_test odoo.modules.loading: loading sports_federation_people/security/ir.model.access.csv 
2026-04-12 19:47:56,069 1 INFO odoo_ci_test odoo.modules.loading: loading sports_federation_people/data/ir_sequence.xml 
2026-04-12 19:47:56,073 1 INFO odoo_ci_test odoo.modules.loading: loading sports_federation_people/views/federation_player_views.xml 
2026-04-12 19:47:56,094 1 INFO odoo_ci_test odoo.modules.loading: loading sports_federation_people/views/federation_player_license_views.xml 
2026-04-12 19:47:56,111 1 INFO odoo_ci_test odoo.modules.loading: loading sports_federation_people/views/menu_items.xml 
2026-04-12 19:47:56,133 1 INFO odoo_ci_test odoo.modules.loading: Module sports_federation_people loaded in 0.17s, 208 queries (+208 other) 
2026-04-12 19:47:56,133 1 INFO odoo_ci_test odoo.modules.loading: Loading module sports_federation_rules (38/49) 
2026-04-12 19:47:56,142 1 INFO odoo_ci_test odoo.registry: module sports_federation_rules: creating or updating database tables 
<string>:17: (WARNING/2) Line block ends without a blank line.
<string>:28: (WARNING/2) Line block ends without a blank line.
<string>:45: (WARNING/2) Line block ends without a blank line.
<string>:57: (WARNING/2) Line block ends without a blank line.
<string>:69: (WARNING/2) Line block ends without a blank line.
<string>:83: (WARNING/2) Line block ends without a blank line.
<string>:98: (WARNING/2) Line block ends without a blank line.
<string>:17: (ERROR/3) Undefined substitution referenced: "--------".
<string>:28: (ERROR/3) Undefined substitution referenced: "-------".
<string>:28: (ERROR/3) Undefined substitution referenced: "-------------".
<string>:45: (ERROR/3) Undefined substitution referenced: "-------".
<string>:45: (ERROR/3) Undefined substitution referenced: "-------------".
<string>:57: (ERROR/3) Undefined substitution referenced: "-------".
<string>:57: (ERROR/3) Undefined substitution referenced: "-------------".
<string>:69: (ERROR/3) Undefined substitution referenced: "-------".
<string>:69: (ERROR/3) Undefined substitution referenced: "-------------".
<string>:83: (ERROR/3) Undefined substitution referenced: "-------".
<string>:83: (ERROR/3) Undefined substitution referenced: "-------------".
<string>:98: (ERROR/3) Undefined substitution referenced: "-------".
2026-04-12 19:47:56,275 1 INFO odoo_ci_test odoo.modules.loading: loading sports_federation_rules/security/ir.model.access.csv 
2026-04-12 19:47:56,284 1 INFO odoo_ci_test odoo.modules.loading: loading sports_federation_rules/views/federation_rule_set_views.xml 
2026-04-12 19:47:56,312 1 INFO odoo_ci_test odoo.modules.loading: loading sports_federation_rules/views/federation_points_rule_views.xml 
2026-04-12 19:47:56,322 1 INFO odoo_ci_test odoo.modules.loading: loading sports_federation_rules/views/federation_tie_break_rule_views.xml 
2026-04-12 19:47:56,332 1 INFO odoo_ci_test odoo.modules.loading: loading sports_federation_rules/views/federation_eligibility_rule_views.xml 
2026-04-12 19:47:56,343 1 INFO odoo_ci_test odoo.modules.loading: loading sports_federation_rules/views/federation_qualification_rule_views.xml 
2026-04-12 19:47:56,354 1 INFO odoo_ci_test odoo.modules.loading: loading sports_federation_rules/views/menu_items.xml 
2026-04-12 19:47:56,385 1 INFO odoo_ci_test odoo.modules.loading: Module sports_federation_rules loaded in 0.25s, 302 queries (+302 other) 
2026-04-12 19:47:56,385 1 INFO odoo_ci_test odoo.modules.loading: Loading module auth_passkey_portal (39/49) 
2026-04-12 19:47:56,395 1 INFO odoo_ci_test odoo.modules.loading: loading auth_passkey_portal/views/templates.xml 
2026-04-12 19:47:56,418 1 INFO odoo_ci_test odoo.modules.loading: Module auth_passkey_portal loaded in 0.03s, 22 queries (+22 other) 
2026-04-12 19:47:56,418 1 INFO odoo_ci_test odoo.modules.loading: Loading module auth_totp_portal (40/49) 
2026-04-12 19:47:56,427 1 INFO odoo_ci_test odoo.registry: module auth_totp_portal: creating or updating database tables 
2026-04-12 19:47:56,451 1 INFO odoo_ci_test odoo.modules.loading: loading auth_totp_portal/security/security.xml 
2026-04-12 19:47:56,462 1 INFO odoo_ci_test odoo.modules.loading: loading auth_totp_portal/views/templates.xml 
2026-04-12 19:47:56,479 1 INFO odoo_ci_test odoo.modules.loading: Module auth_totp_portal loaded in 0.06s, 70 queries (+70 other) 
2026-04-12 19:47:56,479 1 INFO odoo_ci_test odoo.modules.loading: Loading module digest (41/49) 
2026-04-12 19:47:56,492 1 INFO odoo_ci_test odoo.registry: module digest: creating or updating database tables 
2026-04-12 19:47:56,578 1 INFO odoo_ci_test odoo.modules.loading: loading digest/security/ir.model.access.csv 
2026-04-12 19:47:56,585 1 INFO odoo_ci_test odoo.modules.loading: loading digest/data/digest_data.xml 
2026-04-12 19:47:56,604 1 INFO odoo_ci_test odoo.modules.loading: loading digest/data/digest_tips_data.xml 
2026-04-12 19:47:56,619 1 INFO odoo_ci_test odoo.modules.loading: loading digest/data/ir_cron_data.xml 
2026-04-12 19:47:56,639 1 INFO odoo_ci_test odoo.modules.loading: loading digest/data/res_config_settings_data.xml 
2026-04-12 19:47:56,644 1 INFO odoo_ci_test odoo.modules.loading: loading digest/views/digest_views.xml 
2026-04-12 19:47:56,687 1 INFO odoo_ci_test odoo.modules.loading: loading digest/views/digest_templates.xml 
2026-04-12 19:47:56,692 1 INFO odoo_ci_test odoo.modules.loading: loading digest/views/res_config_settings_views.xml 
2026-04-12 19:47:56,729 1 INFO odoo_ci_test odoo.modules.loading: Module digest loaded in 0.25s, 326 queries (+326 other) 
2026-04-12 19:47:56,730 1 INFO odoo_ci_test odoo.modules.loading: Loading module sports_federation_tournament (42/49) 
2026-04-12 19:47:56,743 1 INFO odoo_ci_test odoo.registry: module sports_federation_tournament: creating or updating database tables 
2026-04-12 19:47:56,959 1 INFO odoo_ci_test odoo.modules.loading: loading sports_federation_tournament/security/ir.model.access.csv 
2026-04-12 19:47:56,971 1 INFO odoo_ci_test odoo.modules.loading: loading sports_federation_tournament/views/federation_tournament_participant_views.xml 
2026-04-12 19:47:56,993 1 INFO odoo_ci_test odoo.modules.loading: loading sports_federation_tournament/views/federation_match_views.xml 
2026-04-12 19:47:57,014 1 INFO odoo_ci_test odoo.modules.loading: loading sports_federation_tournament/views/federation_tournament_round_views.xml 
2026-04-12 19:47:57,027 1 INFO odoo_ci_test odoo.modules.loading: loading sports_federation_tournament/views/federation_tournament_group_views.xml 
2026-04-12 19:47:57,043 1 INFO odoo_ci_test odoo.modules.loading: loading sports_federation_tournament/views/federation_tournament_stage_views.xml 
2026-04-12 19:47:57,060 1 INFO odoo_ci_test odoo.modules.loading: loading sports_federation_tournament/views/federation_tournament_views.xml 
2026-04-12 19:47:57,078 1 INFO odoo_ci_test odoo.modules.loading: loading sports_federation_tournament/views/federation_competition_edition_views.xml 
2026-04-12 19:47:57,097 1 INFO odoo_ci_test odoo.modules.loading: loading sports_federation_tournament/views/federation_competition_views.xml 
2026-04-12 19:47:57,115 1 INFO odoo_ci_test odoo.modules.loading: loading sports_federation_tournament/views/federation_season_registration_views_inherit.xml 
2026-04-12 19:47:57,136 1 INFO odoo_ci_test odoo.modules.loading: loading sports_federation_tournament/views/menu_items.xml 
2026-04-12 19:47:57,174 1 INFO odoo_ci_test odoo.modules.loading: Module sports_federation_tournament loaded in 0.44s, 575 queries (+575 other) 
2026-04-12 19:47:57,174 1 INFO odoo_ci_test odoo.modules.loading: Loading module sports_federation_officiating (43/49) 
2026-04-12 19:47:57,183 1 INFO odoo_ci_test odoo.registry: module sports_federation_officiating: creating or updating database tables 
2026-04-12 19:47:57,268 1 INFO odoo_ci_test odoo.modules.loading: loading sports_federation_officiating/security/ir.model.access.csv 
2026-04-12 19:47:57,277 1 INFO odoo_ci_test odoo.modules.loading: loading sports_federation_officiating/views/federation_referee_views.xml 
2026-04-12 19:47:57,301 1 INFO odoo_ci_test odoo.modules.loading: loading sports_federation_officiating/views/federation_referee_certification_views.xml 
2026-04-12 19:47:57,318 1 INFO odoo_ci_test odoo.modules.loading: loading sports_federation_officiating/views/federation_match_referee_views.xml 
2026-04-12 19:47:57,337 1 INFO odoo_ci_test odoo.modules.loading: loading sports_federation_officiating/views/federation_match_views_inherit.xml 
2026-04-12 19:47:57,343 1 WARNING odoo_ci_test odoo.addons.base.models.ir_ui_view: Error-prone use of @class in view federation.match.form.inherit.officiating.readiness (): use the hasclass(*classes) function to filter elements by their classes 
2026-04-12 19:47:57,354 1 INFO odoo_ci_test odoo.modules.loading: loading sports_federation_officiating/views/menu_items.xml 
2026-04-12 19:47:57,380 1 INFO odoo_ci_test odoo.modules.loading: Module sports_federation_officiating loaded in 0.21s, 255 queries (+255 other) 
2026-04-12 19:47:57,380 1 INFO odoo_ci_test odoo.modules.loading: Loading module sports_federation_result_control (44/49) 
2026-04-12 19:47:57,387 1 INFO odoo_ci_test odoo.registry: module sports_federation_result_control: creating or updating database tables 
2026-04-12 19:47:57,449 1 INFO odoo_ci_test odoo.modules.loading: loading sports_federation_result_control/security/result_control_security.xml 
2026-04-12 19:47:57,465 1 INFO odoo_ci_test odoo.modules.loading: loading sports_federation_result_control/security/ir.model.access.csv 
2026-04-12 19:47:57,472 1 INFO odoo_ci_test odoo.modules.loading: loading sports_federation_result_control/views/match_views_inherit.xml 
2026-04-12 19:47:57,512 1 INFO odoo_ci_test odoo.modules.loading: Module sports_federation_result_control loaded in 0.13s, 172 queries (+172 other) 
2026-04-12 19:47:57,512 1 INFO odoo_ci_test odoo.modules.loading: Loading module sports_federation_rosters (45/49) 
2026-04-12 19:47:57,529 1 INFO odoo_ci_test odoo.registry: module sports_federation_rosters: creating or updating database tables 
2026-04-12 19:47:57,732 1 INFO odoo_ci_test odoo.modules.loading: loading sports_federation_rosters/security/ir.model.access.csv 
2026-04-12 19:47:57,741 1 INFO odoo_ci_test odoo.modules.loading: loading sports_federation_rosters/views/team_roster_views.xml 
2026-04-12 19:47:57,763 1 INFO odoo_ci_test odoo.modules.loading: loading sports_federation_rosters/views/match_sheet_views.xml 
2026-04-12 19:47:57,778 1 INFO odoo_ci_test odoo.modules.loading: loading sports_federation_rosters/views/tournament_participant_views_inherit.xml 
2026-04-12 19:47:57,787 1 INFO odoo_ci_test odoo.modules.loading: loading sports_federation_rosters/views/team_views_inherit.xml 
2026-04-12 19:47:57,801 1 INFO odoo_ci_test odoo.modules.loading: loading sports_federation_rosters/views/player_views_inherit.xml 
2026-04-12 19:47:57,810 1 INFO odoo_ci_test odoo.modules.loading: loading sports_federation_rosters/views/match_views_inherit.xml 
2026-04-12 19:47:57,824 1 INFO odoo_ci_test odoo.modules.loading: loading sports_federation_rosters/views/menu_views.xml 
2026-04-12 19:47:57,844 1 INFO odoo_ci_test odoo.modules.loading: Module sports_federation_rosters loaded in 0.33s, 472 queries (+472 other) 
2026-04-12 19:47:57,844 1 INFO odoo_ci_test odoo.modules.loading: Loading module website (46/49) 
2026-04-12 19:47:57,983 1 INFO odoo_ci_test odoo.registry: module website: creating or updating database tables 
2026-04-12 19:47:58,054 1 INFO odoo_ci_test odoo.models: Prepare computation of ir.ui.view.is_seo_optimized 
2026-04-12 19:47:58,061 1 INFO odoo_ci_test odoo.models: Prepare computation of res.company.website_id 
2026-04-12 19:47:59,452 1 INFO odoo_ci_test odoo.modules.loading: loading website/security/website_security.xml 
2026-04-12 19:47:59,558 1 INFO odoo_ci_test odoo.modules.loading: loading website/security/ir.model.access.csv 
2026-04-12 19:47:59,580 1 INFO odoo_ci_test odoo.modules.loading: loading website/data/image_library.xml 
2026-04-12 19:47:59,893 1 INFO odoo_ci_test odoo.modules.loading: loading website/data/ir_asset.xml 
2026-04-12 19:47:59,901 1 INFO odoo_ci_test odoo.modules.loading: loading website/data/ir_cron_data.xml 
2026-04-12 19:47:59,928 1 INFO odoo_ci_test odoo.modules.loading: loading website/data/mail_mail_data.xml 
2026-04-12 19:47:59,935 1 INFO odoo_ci_test odoo.modules.loading: loading website/data/website_data.xml 
2026-04-12 19:48:00,059 1 INFO odoo_ci_test odoo.modules.loading: loading website/data/website_visitor_cron.xml 
2026-04-12 19:48:00,073 1 INFO odoo_ci_test odoo.modules.loading: loading website/data/digest_data.xml 
2026-04-12 19:48:00,082 1 INFO odoo_ci_test odoo.modules.loading: loading website/views/website_technical_views.xml 
2026-04-12 19:48:00,093 1 INFO odoo_ci_test odoo.modules.loading: loading website/views/website_templates.xml 
2026-04-12 19:48:01,135 1 INFO odoo_ci_test odoo.modules.loading: loading website/views/snippets/snippets.xml 
2026-04-12 19:48:01,164 1 INFO odoo_ci_test odoo.modules.loading: loading website/views/snippets/s_announcement_scroll.xml 
2026-04-12 19:48:01,171 1 INFO odoo_ci_test odoo.modules.loading: loading website/views/snippets/s_framed_intro.xml 
2026-04-12 19:48:01,177 1 INFO odoo_ci_test odoo.modules.loading: loading website/views/snippets/s_title.xml 
2026-04-12 19:48:01,184 1 INFO odoo_ci_test odoo.modules.loading: loading website/views/snippets/s_cover.xml 
2026-04-12 19:48:01,191 1 INFO odoo_ci_test odoo.modules.loading: loading website/views/snippets/s_text_cover.xml 
2026-04-12 19:48:01,198 1 INFO odoo_ci_test odoo.modules.loading: loading website/views/snippets/s_image_text_box.xml 
2026-04-12 19:48:01,204 1 INFO odoo_ci_test odoo.modules.loading: loading website/views/snippets/s_striped_top.xml 
2026-04-12 19:48:01,210 1 INFO odoo_ci_test odoo.modules.loading: loading website/views/snippets/s_text_image.xml 
2026-04-12 19:48:01,216 1 INFO odoo_ci_test odoo.modules.loading: loading website/views/snippets/s_image_text.xml 
2026-04-12 19:48:01,222 1 INFO odoo_ci_test odoo.modules.loading: loading website/views/snippets/s_mockup_image.xml 
2026-04-12 19:48:01,228 1 INFO odoo_ci_test odoo.modules.loading: loading website/views/snippets/s_instagram_page.xml 
2026-04-12 19:48:01,236 1 INFO odoo_ci_test odoo.modules.loading: loading website/views/snippets/s_image_text_overlap.xml 
2026-04-12 19:48:01,242 1 INFO odoo_ci_test odoo.modules.loading: loading website/views/snippets/s_banner.xml 
2026-04-12 19:48:01,249 1 INFO odoo_ci_test odoo.modules.loading: loading website/views/snippets/s_bento_block.xml 
2026-04-12 19:48:01,255 1 INFO odoo_ci_test odoo.modules.loading: loading website/views/snippets/s_snippet_group.xml 
2026-04-12 19:48:01,261 1 INFO odoo_ci_test odoo.modules.loading: loading website/views/snippets/s_text_block.xml 
2026-04-12 19:48:01,267 1 INFO odoo_ci_test odoo.modules.loading: loading website/views/snippets/s_features.xml 
2026-04-12 19:48:01,275 1 INFO odoo_ci_test odoo.modules.loading: loading website/views/snippets/s_features_wall.xml 
2026-04-12 19:48:01,281 1 INFO odoo_ci_test odoo.modules.loading: loading website/views/snippets/s_three_columns.xml 
2026-04-12 19:48:01,289 1 INFO odoo_ci_test odoo.modules.loading: loading website/views/snippets/s_key_benefits.xml 
2026-04-12 19:48:01,296 1 INFO odoo_ci_test odoo.modules.loading: loading website/views/snippets/s_picture.xml 
2026-04-12 19:48:01,302 1 INFO odoo_ci_test odoo.modules.loading: loading website/views/snippets/s_image_punchy.xml 
2026-04-12 19:48:01,308 1 INFO odoo_ci_test odoo.modules.loading: loading website/views/snippets/s_bento_grid.xml 
2026-04-12 19:48:01,316 1 INFO odoo_ci_test odoo.modules.loading: loading website/views/snippets/s_carousel.xml 
2026-04-12 19:48:01,327 1 INFO odoo_ci_test odoo.modules.loading: loading website/views/snippets/s_carousel_intro.xml 
2026-04-12 19:48:01,336 1 INFO odoo_ci_test odoo.modules.loading: loading website/views/snippets/s_carousel_cards.xml 
2026-04-12 19:48:01,345 1 INFO odoo_ci_test odoo.modules.loading: loading website/views/snippets/s_alert.xml 
2026-04-12 19:48:01,354 1 INFO odoo_ci_test odoo.modules.loading: loading website/views/snippets/s_motto.xml 
2026-04-12 19:48:01,360 1 INFO odoo_ci_test odoo.modules.loading: loading website/views/snippets/s_card.xml 
2026-04-12 19:48:01,368 1 INFO odoo_ci_test odoo.modules.loading: loading website/views/snippets/s_cards_grid.xml 
2026-04-12 19:48:01,375 1 INFO odoo_ci_test odoo.modules.loading: loading website/views/snippets/s_cards_soft.xml 
2026-04-12 19:48:01,381 1 INFO odoo_ci_test odoo.modules.loading: loading website/views/snippets/s_share.xml 
2026-04-12 19:48:01,389 1 INFO odoo_ci_test odoo.modules.loading: loading website/views/snippets/s_social_media.xml 
2026-04-12 19:48:01,397 1 INFO odoo_ci_test odoo.modules.loading: loading website/views/snippets/s_rating.xml 
2026-04-12 19:48:01,407 1 INFO odoo_ci_test odoo.modules.loading: loading website/views/snippets/s_hr.xml 
2026-04-12 19:48:01,414 1 INFO odoo_ci_test odoo.modules.loading: loading website/views/snippets/s_closer_look.xml 
2026-04-12 19:48:01,420 1 INFO odoo_ci_test odoo.modules.loading: loading website/views/snippets/s_facebook_page.xml 
2026-04-12 19:48:01,426 1 INFO odoo_ci_test odoo.modules.loading: loading website/views/snippets/s_image_gallery.xml 
2026-04-12 19:48:01,447 1 INFO odoo_ci_test odoo.modules.loading: loading website/views/snippets/s_countdown.xml 
2026-04-12 19:48:01,456 1 INFO odoo_ci_test odoo.modules.loading: loading website/views/snippets/s_product_catalog.xml 
2026-04-12 19:48:01,469 1 INFO odoo_ci_test odoo.modules.loading: loading website/views/snippets/s_comparisons.xml 
2026-04-12 19:48:01,479 1 INFO odoo_ci_test odoo.modules.loading: loading website/views/snippets/s_comparisons_horizontal.xml 
2026-04-12 19:48:01,487 1 INFO odoo_ci_test odoo.modules.loading: loading website/views/snippets/s_company_team.xml 
2026-04-12 19:48:01,496 1 INFO odoo_ci_test odoo.modules.loading: loading website/views/snippets/s_company_team_basic.xml 
2026-04-12 19:48:01,502 1 INFO odoo_ci_test odoo.modules.loading: loading website/views/snippets/s_company_team_shapes.xml 
2026-04-12 19:48:01,509 1 INFO odoo_ci_test odoo.modules.loading: loading website/views/snippets/s_company_team_detail.xml 
2026-04-12 19:48:01,519 1 INFO odoo_ci_test odoo.modules.loading: loading website/views/snippets/s_company_team_spotlight.xml 
2026-04-12 19:48:01,526 1 INFO odoo_ci_test odoo.modules.loading: loading website/views/snippets/s_company_team_grid.xml 
2026-04-12 19:48:01,535 1 INFO odoo_ci_test odoo.modules.loading: loading website/views/snippets/s_company_team_card.xml 
2026-04-12 19:48:01,542 1 INFO odoo_ci_test odoo.modules.loading: loading website/views/snippets/s_call_to_action.xml 
2026-04-12 19:48:01,548 1 INFO odoo_ci_test odoo.modules.loading: loading website/views/snippets/s_references.xml 
2026-04-12 19:48:01,556 1 INFO odoo_ci_test odoo.modules.loading: loading website/views/snippets/s_references_social.xml 
2026-04-12 19:48:01,564 1 INFO odoo_ci_test odoo.modules.loading: loading website/views/snippets/s_references_grid.xml 
2026-04-12 19:48:01,571 1 INFO odoo_ci_test odoo.modules.loading: loading website/views/snippets/s_popup.xml 
2026-04-12 19:48:01,581 1 INFO odoo_ci_test odoo.modules.loading: loading website/views/snippets/s_faq_list.xml 
2026-04-12 19:48:01,588 1 INFO odoo_ci_test odoo.modules.loading: loading website/views/snippets/s_faq_collapse.xml 
2026-04-12 19:48:01,596 1 INFO odoo_ci_test odoo.modules.loading: loading website/views/snippets/s_features_grid.xml 
2026-04-12 19:48:01,607 1 INFO odoo_ci_test odoo.modules.loading: loading website/views/snippets/s_features_wave.xml 
2026-04-12 19:48:01,615 1 INFO odoo_ci_test odoo.modules.loading: loading website/views/snippets/s_tabs.xml 
2026-04-12 19:48:01,627 1 INFO odoo_ci_test odoo.modules.loading: loading website/views/snippets/s_tabs_images.xml 
2026-04-12 19:48:01,637 1 INFO odoo_ci_test odoo.modules.loading: loading website/views/snippets/s_table_of_content.xml 
2026-04-12 19:48:01,646 1 INFO odoo_ci_test odoo.modules.loading: loading website/views/snippets/s_images_constellation.xml 
2026-04-12 19:48:01,653 1 INFO odoo_ci_test odoo.modules.loading: loading website/views/snippets/s_chart.xml 
2026-04-12 19:48:01,662 1 INFO odoo_ci_test odoo.modules.loading: loading website/views/snippets/s_parallax.xml 
2026-04-12 19:48:01,667 1 INFO odoo_ci_test odoo.modules.loading: loading website/views/snippets/s_quotes_carousel.xml 
2026-04-12 19:48:01,679 1 INFO odoo_ci_test odoo.modules.loading: loading website/views/snippets/s_numbers_grid.xml 
2026-04-12 19:48:01,685 1 INFO odoo_ci_test odoo.modules.loading: loading website/views/snippets/s_quotes_carousel_minimal.xml 
2026-04-12 19:48:01,692 1 INFO odoo_ci_test odoo.modules.loading: loading website/views/snippets/s_quotes_carousel_compact.xml 
2026-04-12 19:48:01,700 1 INFO odoo_ci_test odoo.modules.loading: loading website/views/snippets/s_numbers.xml 
2026-04-12 19:48:01,705 1 INFO odoo_ci_test odoo.modules.loading: loading website/views/snippets/s_contact_info.xml 
2026-04-12 19:48:01,711 1 INFO odoo_ci_test odoo.modules.loading: loading website/views/snippets/s_numbers_boxed.xml 
2026-04-12 19:48:01,717 1 INFO odoo_ci_test odoo.modules.loading: loading website/views/snippets/s_cta_box.xml 
2026-04-12 19:48:01,723 1 INFO odoo_ci_test odoo.modules.loading: loading website/views/snippets/s_numbers_framed.xml 
2026-04-12 19:48:01,729 1 INFO odoo_ci_test odoo.modules.loading: loading website/views/snippets/s_masonry_block.xml 
2026-04-12 19:48:01,764 1 INFO odoo_ci_test odoo.modules.loading: loading website/views/snippets/s_sidegrid.xml 
2026-04-12 19:48:01,770 1 INFO odoo_ci_test odoo.modules.loading: loading website/views/snippets/s_media_list.xml 
2026-04-12 19:48:01,779 1 INFO odoo_ci_test odoo.modules.loading: loading website/views/snippets/s_showcase.xml 
2026-04-12 19:48:01,791 1 INFO odoo_ci_test odoo.modules.loading: loading website/views/snippets/s_faq_horizontal.xml 
2026-04-12 19:48:01,799 1 INFO odoo_ci_test odoo.modules.loading: loading website/views/snippets/s_floating_blocks.xml 
2026-04-12 19:48:01,807 1 INFO odoo_ci_test odoo.modules.loading: loading website/views/snippets/s_opening_hours.xml 
2026-04-12 19:48:01,813 1 INFO odoo_ci_test odoo.modules.loading: loading website/views/snippets/s_timeline.xml 
2026-04-12 19:48:01,825 1 INFO odoo_ci_test odoo.modules.loading: loading website/views/snippets/s_timeline_images.xml 
2026-04-12 19:48:01,831 1 INFO odoo_ci_test odoo.modules.loading: loading website/views/snippets/s_timeline_list.xml 
2026-04-12 19:48:01,839 1 INFO odoo_ci_test odoo.modules.loading: loading website/views/snippets/s_process_steps.xml 
2026-04-12 19:48:01,850 1 INFO odoo_ci_test odoo.modules.loading: loading website/views/snippets/s_accordion.xml 
2026-04-12 19:48:01,858 1 INFO odoo_ci_test odoo.modules.loading: loading website/views/snippets/s_website_form_info.xml 
2026-04-12 19:48:01,864 1 INFO odoo_ci_test odoo.modules.loading: loading website/views/snippets/s_numbers_showcase.xml 
2026-04-12 19:48:01,870 1 INFO odoo_ci_test odoo.modules.loading: loading website/views/snippets/s_numbers_charts.xml 
2026-04-12 19:48:01,877 1 INFO odoo_ci_test odoo.modules.loading: loading website/views/snippets/s_accordion_image.xml 
2026-04-12 19:48:01,883 1 INFO odoo_ci_test odoo.modules.loading: loading website/views/snippets/s_pricelist_boxed.xml 
2026-04-12 19:48:01,894 1 INFO odoo_ci_test odoo.modules.loading: loading website/views/snippets/s_adventure.xml 
2026-04-12 19:48:01,899 1 INFO odoo_ci_test odoo.modules.loading: loading website/views/snippets/s_image_title.xml 
2026-04-12 19:48:01,905 1 INFO odoo_ci_test odoo.modules.loading: loading website/views/snippets/s_key_images.xml 
2026-04-12 19:48:01,911 1 INFO odoo_ci_test odoo.modules.loading: loading website/views/snippets/s_kickoff.xml 
2026-04-12 19:48:01,917 1 INFO odoo_ci_test odoo.modules.loading: loading website/views/snippets/s_discovery.xml 
2026-04-12 19:48:01,923 1 INFO odoo_ci_test odoo.modules.loading: loading website/views/snippets/s_bento_banner.xml 
2026-04-12 19:48:01,929 1 INFO odoo_ci_test odoo.modules.loading: loading website/views/snippets/s_striped.xml 
2026-04-12 19:48:01,935 1 INFO odoo_ci_test odoo.modules.loading: loading website/views/snippets/s_intro_pill.xml 
2026-04-12 19:48:01,942 1 INFO odoo_ci_test odoo.modules.loading: loading website/views/snippets/s_big_number.xml 
2026-04-12 19:48:01,947 1 INFO odoo_ci_test odoo.modules.loading: loading website/views/snippets/s_wavy_grid.xml 
2026-04-12 19:48:01,954 1 INFO odoo_ci_test odoo.modules.loading: loading website/views/snippets/s_images_mosaic.xml 
2026-04-12 19:48:01,960 1 INFO odoo_ci_test odoo.modules.loading: loading website/views/snippets/s_shape_image.xml 
2026-04-12 19:48:01,966 1 INFO odoo_ci_test odoo.modules.loading: loading website/views/snippets/s_empowerment.xml 
2026-04-12 19:48:01,973 1 INFO odoo_ci_test odoo.modules.loading: loading website/views/snippets/s_split_intro.xml 
2026-04-12 19:48:01,978 1 INFO odoo_ci_test odoo.modules.loading: loading website/views/snippets/s_text_highlight.xml 
2026-04-12 19:48:01,986 1 INFO odoo_ci_test odoo.modules.loading: loading website/views/snippets/s_pricelist_cafe.xml 
2026-04-12 19:48:01,998 1 INFO odoo_ci_test odoo.modules.loading: loading website/views/snippets/s_progress_bar.xml 
2026-04-12 19:48:02,006 1 INFO odoo_ci_test odoo.modules.loading: loading website/views/snippets/s_blockquote.xml 
2026-04-12 19:48:02,015 1 INFO odoo_ci_test odoo.modules.loading: loading website/views/snippets/s_badge.xml 
2026-04-12 19:48:02,024 1 INFO odoo_ci_test odoo.modules.loading: loading website/views/snippets/s_color_blocks_2.xml 
2026-04-12 19:48:02,031 1 INFO odoo_ci_test odoo.modules.loading: loading website/views/snippets/s_attributes_horizontal.xml 
2026-04-12 19:48:02,040 1 INFO odoo_ci_test odoo.modules.loading: loading website/views/snippets/s_attributes_vertical.xml 
2026-04-12 19:48:02,048 1 INFO odoo_ci_test odoo.modules.loading: loading website/views/snippets/s_product_list.xml 
2026-04-12 19:48:02,059 1 INFO odoo_ci_test odoo.modules.loading: loading website/views/snippets/s_mega_menu_multi_menus.xml 
2026-04-12 19:48:02,066 1 INFO odoo_ci_test odoo.modules.loading: loading website/views/snippets/s_mega_menu_menu_image_menu.xml 
2026-04-12 19:48:02,073 1 INFO odoo_ci_test odoo.modules.loading: loading website/views/snippets/s_mega_menu_thumbnails.xml 
2026-04-12 19:48:02,085 1 INFO odoo_ci_test odoo.modules.loading: loading website/views/snippets/s_mega_menu_little_icons.xml 
2026-04-12 19:48:02,095 1 INFO odoo_ci_test odoo.modules.loading: loading website/views/snippets/s_mega_menu_images_subtitles.xml 
2026-04-12 19:48:02,108 1 INFO odoo_ci_test odoo.modules.loading: loading website/views/snippets/s_mega_menu_menus_logos.xml 
2026-04-12 19:48:02,118 1 INFO odoo_ci_test odoo.modules.loading: loading website/views/snippets/s_mega_menu_odoo_menu.xml 
2026-04-12 19:48:02,128 1 INFO odoo_ci_test odoo.modules.loading: loading website/views/snippets/s_mega_menu_big_icons_subtitles.xml 
2026-04-12 19:48:02,142 1 INFO odoo_ci_test odoo.modules.loading: loading website/views/snippets/s_mega_menu_cards.xml 
2026-04-12 19:48:02,155 1 INFO odoo_ci_test odoo.modules.loading: loading website/views/snippets/s_google_map.xml 
2026-04-12 19:48:02,162 1 INFO odoo_ci_test odoo.modules.loading: loading website/views/snippets/s_cta_mockups.xml 
2026-04-12 19:48:02,168 1 INFO odoo_ci_test odoo.modules.loading: loading website/views/snippets/s_map.xml 
2026-04-12 19:48:02,176 1 INFO odoo_ci_test odoo.modules.loading: loading website/views/snippets/s_dynamic_snippet.xml 
2026-04-12 19:48:02,190 1 INFO odoo_ci_test odoo.modules.loading: loading website/views/snippets/s_dynamic_snippet_carousel.xml 
2026-04-12 19:48:02,198 1 INFO odoo_ci_test odoo.modules.loading: loading website/views/snippets/s_banner_product.xml 
2026-04-12 19:48:02,204 1 INFO odoo_ci_test odoo.modules.loading: loading website/views/snippets/s_embed_code.xml 
2026-04-12 19:48:02,212 1 INFO odoo_ci_test odoo.modules.loading: loading website/views/snippets/s_website_form.xml 
2026-04-12 19:48:02,225 1 INFO odoo_ci_test odoo.modules.loading: loading website/views/snippets/s_website_form_overlay.xml 
2026-04-12 19:48:02,231 1 INFO odoo_ci_test odoo.modules.loading: loading website/views/snippets/s_title_form.xml 
2026-04-12 19:48:02,238 1 INFO odoo_ci_test odoo.modules.loading: loading website/views/snippets/s_searchbar.xml 
2026-04-12 19:48:02,250 1 INFO odoo_ci_test odoo.modules.loading: loading website/views/snippets/s_inline_text.xml 
2026-04-12 19:48:02,256 1 INFO odoo_ci_test odoo.modules.loading: loading website/views/snippets/s_button.xml 
2026-04-12 19:48:02,262 1 INFO odoo_ci_test odoo.modules.loading: loading website/views/snippets/s_freegrid.xml 
2026-04-12 19:48:02,268 1 INFO odoo_ci_test odoo.modules.loading: loading website/views/snippets/s_card_offset.xml 
2026-04-12 19:48:02,274 1 INFO odoo_ci_test odoo.modules.loading: loading website/views/snippets/s_image.xml 
2026-04-12 19:48:02,281 1 INFO odoo_ci_test odoo.modules.loading: loading website/views/snippets/s_video.xml 
2026-04-12 19:48:02,287 1 INFO odoo_ci_test odoo.modules.loading: loading website/views/snippets/s_cta_badge.xml 
2026-04-12 19:48:02,293 1 INFO odoo_ci_test odoo.modules.loading: loading website/views/snippets/s_unveil.xml 
2026-04-12 19:48:02,300 1 INFO odoo_ci_test odoo.modules.loading: loading website/views/snippets/s_image_hexagonal.xml 
2026-04-12 19:48:02,307 1 INFO odoo_ci_test odoo.modules.loading: loading website/views/snippets/s_striped_center_top.xml 
2026-04-12 19:48:02,313 1 INFO odoo_ci_test odoo.modules.loading: loading website/views/snippets/s_numbers_list.xml 
2026-04-12 19:48:02,320 1 INFO odoo_ci_test odoo.modules.loading: loading website/views/snippets/s_quadrant.xml 
2026-04-12 19:48:02,329 1 INFO odoo_ci_test odoo.modules.loading: loading website/views/snippets/s_cta_card.xml 
2026-04-12 19:48:02,337 1 INFO odoo_ci_test odoo.modules.loading: loading website/views/snippets/s_image_frame.xml 
2026-04-12 19:48:02,343 1 INFO odoo_ci_test odoo.modules.loading: loading website/views/snippets/s_cta_mobile.xml 
2026-04-12 19:48:02,350 1 INFO odoo_ci_test odoo.modules.loading: loading website/views/snippets/s_reviews_wall.xml 
2026-04-12 19:48:02,363 1 INFO odoo_ci_test odoo.modules.loading: loading website/views/snippets/s_website_form_cover.xml 
2026-04-12 19:48:02,371 1 INFO odoo_ci_test odoo.modules.loading: loading website/views/snippets/s_form_aside.xml 
2026-04-12 19:48:02,380 1 INFO odoo_ci_test odoo.modules.loading: loading website/views/snippets/s_banner_connected.xml 
2026-04-12 19:48:02,390 1 INFO odoo_ci_test odoo.modules.loading: loading website/views/snippets/s_ecomm_categories_showcase.xml 
2026-04-12 19:48:02,402 1 INFO odoo_ci_test odoo.modules.loading: loading website/views/snippets/s_banner_categories.xml 
2026-04-12 19:48:02,412 1 INFO odoo_ci_test odoo.modules.loading: loading website/views/new_page_template_templates.xml 
2026-04-12 19:48:03,621 1 INFO odoo_ci_test odoo.addons.website.models.ir_module_module: Generated 227 primary snippet templates for 'website' 
2026-04-12 19:48:03,684 1 INFO odoo_ci_test odoo.addons.website.models.ir_module_module: Generated 39 primary page templates for 'website' 
2026-04-12 19:48:03,685 1 INFO odoo_ci_test odoo.modules.loading: loading website/views/website_views.xml 
2026-04-12 19:48:03,835 1 INFO odoo_ci_test odoo.modules.loading: loading website/views/website_pages_views.xml 
2026-04-12 19:48:03,898 1 INFO odoo_ci_test odoo.modules.loading: loading website/views/website_controller_pages_views.xml 
2026-04-12 19:48:03,925 1 INFO odoo_ci_test odoo.modules.loading: loading website/views/website_visitor_views.xml 
2026-04-12 19:48:04,000 1 INFO odoo_ci_test odoo.modules.loading: loading website/views/res_config_settings_views.xml 
2026-04-12 19:48:04,060 1 INFO odoo_ci_test odoo.modules.loading: loading website/views/website_rewrite.xml 
2026-04-12 19:48:04,085 1 INFO odoo_ci_test odoo.modules.loading: loading website/views/ir_actions_server_views.xml 
2026-04-12 19:48:04,110 1 INFO odoo_ci_test odoo.modules.loading: loading website/views/ir_asset_views.xml 
2026-04-12 19:48:04,127 1 INFO odoo_ci_test odoo.modules.loading: loading website/views/ir_attachment_views.xml 
2026-04-12 19:48:04,144 1 INFO odoo_ci_test odoo.modules.loading: loading website/views/ir_model_views.xml 
2026-04-12 19:48:04,174 1 INFO odoo_ci_test odoo.modules.loading: loading website/views/res_partner_views.xml 
2026-04-12 19:48:04,187 1 INFO odoo_ci_test odoo.modules.loading: loading website/views/neutralize_views.xml 
2026-04-12 19:48:04,198 1 INFO odoo_ci_test odoo.modules.loading: loading website/wizard/base_language_install_views.xml 
2026-04-12 19:48:04,208 1 INFO odoo_ci_test odoo.modules.loading: loading website/wizard/blocked_third_party_domains.xml 
2026-04-12 19:48:04,216 1 INFO odoo_ci_test odoo.modules.loading: loading website/wizard/website_robots.xml 
2026-04-12 19:48:04,224 1 INFO odoo_ci_test odoo.modules.loading: loading website/data/update_theme_images.xml 
2026-04-12 19:48:04,274 1 INFO odoo_ci_test odoo.modules.loading: loading website/views/website_templates_svg.xml 
2026-04-12 19:48:04,379 1 INFO odoo_ci_test odoo.modules.loading: Module website loaded in 6.54s, 7899 queries (+7899 other) 
2026-04-12 19:48:04,379 1 INFO odoo_ci_test odoo.modules.loading: Loading module sports_federation_portal (47/49) 
2026-04-12 19:48:04,427 1 INFO odoo_ci_test odoo.registry: module sports_federation_portal: creating or updating database tables 
2026-04-12 19:48:04,452 1 INFO odoo_ci_test odoo.models: Prepare computation of res.partner.federation_representative_count 
2026-04-12 19:48:04,462 1 INFO odoo_ci_test odoo.models: Prepare computation of res.users.represented_club_ids 
2026-04-12 19:48:04,462 1 INFO odoo_ci_test odoo.models: Prepare computation of res.users.portal_club_scope_ids 
2026-04-12 19:48:04,462 1 INFO odoo_ci_test odoo.models: Prepare computation of res.users.portal_team_scope_ids 
2026-04-12 19:48:04,462 1 INFO odoo_ci_test odoo.models: Prepare computation of res.users.representative_count 
2026-04-12 19:48:04,668 1 INFO odoo_ci_test odoo.modules.loading: loading sports_federation_portal/security/res_groups.xml 
2026-04-12 19:48:04,687 1 INFO odoo_ci_test odoo.modules.loading: loading sports_federation_portal/security/ir.model.access.csv 
2026-04-12 19:48:04,705 1 INFO odoo_ci_test odoo.modules.loading: loading sports_federation_portal/security/ir_rule.xml 
2026-04-12 19:48:04,779 1 INFO odoo_ci_test odoo.modules.loading: loading sports_federation_portal/data/federation_club_role_type.xml 
2026-04-12 19:48:04,793 1 INFO odoo_ci_test odoo.modules.loading: loading sports_federation_portal/data/ir_sequence.xml 
2026-04-12 19:48:04,798 1 INFO odoo_ci_test odoo.modules.loading: loading sports_federation_portal/views/federation_club_role_type_views.xml 
2026-04-12 19:48:04,824 1 INFO odoo_ci_test odoo.modules.loading: loading sports_federation_portal/views/federation_club_representative_views.xml 
2026-04-12 19:48:04,843 1 INFO odoo_ci_test odoo.modules.loading: loading sports_federation_portal/views/federation_club_views.xml 
2026-04-12 19:48:04,856 1 INFO odoo_ci_test odoo.modules.loading: loading sports_federation_portal/views/federation_referee_views.xml 
2026-04-12 19:48:04,880 1 INFO odoo_ci_test odoo.modules.loading: loading sports_federation_portal/views/res_partner_views.xml 
2026-04-12 19:48:04,893 1 INFO odoo_ci_test odoo.modules.loading: loading sports_federation_portal/views/res_users_views.xml 
2026-04-12 19:48:04,907 1 INFO odoo_ci_test odoo.modules.loading: loading sports_federation_portal/views/federation_season_registration_views.xml 
2026-04-12 19:48:04,937 1 INFO odoo_ci_test odoo.modules.loading: loading sports_federation_portal/views/federation_tournament_registration_views.xml 
2026-04-12 19:48:04,957 1 INFO odoo_ci_test odoo.modules.loading: loading sports_federation_portal/views/federation_tournament_views.xml 
2026-04-12 19:48:04,967 1 INFO odoo_ci_test odoo.modules.loading: loading sports_federation_portal/views/federation_club_representative_portal_views.xml 
2026-04-12 19:48:04,981 1 INFO odoo_ci_test odoo.modules.loading: loading sports_federation_portal/views/website_tournament_templates.xml 
2026-04-12 19:48:04,999 1 INFO odoo_ci_test odoo.modules.loading: loading sports_federation_portal/views/portal_templates.xml 
2026-04-12 19:48:05,045 1 INFO odoo_ci_test odoo.modules.loading: loading sports_federation_portal/views/portal_officiating_templates.xml 
2026-04-12 19:48:05,058 1 INFO odoo_ci_test odoo.modules.loading: loading sports_federation_portal/views/portal_tournament_workspace_templates.xml 
2026-04-12 19:48:05,076 1 INFO odoo_ci_test odoo.modules.loading: loading sports_federation_portal/views/portal_roster_templates.xml 
2026-04-12 19:48:05,124 1 INFO odoo_ci_test odoo.modules.loading: loading sports_federation_portal/views/menu_items.xml 
2026-04-12 19:48:05,135 1 INFO odoo_ci_test odoo.modules.loading: loading sports_federation_portal/views/website_menus.xml 
2026-04-12 19:48:05,312 1 INFO odoo_ci_test odoo.addons.sports_federation_portal.tests.test_club_representative: Starting TestClubRepresentative.test_create_multiple_representatives ... 
2026-04-12 19:48:05,342 1 INFO odoo_ci_test odoo.addons.sports_federation_portal.tests.test_club_representative: Starting TestClubRepresentative.test_date_validation ... 
2026-04-12 19:48:05,348 1 INFO odoo_ci_test odoo.addons.sports_federation_portal.tests.test_club_representative: Starting TestClubRepresentative.test_get_club_for_user ... 
2026-04-12 19:48:05,358 1 INFO odoo_ci_test odoo.addons.sports_federation_portal.tests.test_club_representative: Starting TestClubRepresentative.test_get_clubs_for_user ... 
2026-04-12 19:48:05,378 1 INFO odoo_ci_test odoo.addons.sports_federation_portal.tests.test_club_representative: Starting TestClubRepresentative.test_get_primary_contact ... 
2026-04-12 19:48:05,391 1 INFO odoo_ci_test odoo.addons.sports_federation_portal.tests.test_club_representative: Starting TestClubRepresentative.test_is_current_computation ... 
2026-04-12 19:48:05,397 1 INFO odoo_ci_test odoo.addons.sports_federation_portal.tests.test_club_representative: Starting TestClubRepresentative.test_multiple_primaries_different_roles ... 
2026-04-12 19:48:05,405 1 INFO odoo_ci_test odoo.addons.sports_federation_portal.tests.test_club_representative: Starting TestClubRepresentative.test_partner_club_role_uniqueness ... 
2026-04-12 19:48:05,418 1 INFO odoo_ci_test odoo.addons.sports_federation_portal.tests.test_club_representative: Starting TestClubRepresentative.test_partner_representative_count ... 
2026-04-12 19:48:05,434 1 INFO odoo_ci_test odoo.addons.sports_federation_portal.tests.test_club_representative: Starting TestClubRepresentative.test_primary_contact_uniqueness ... 
2026-04-12 19:48:05,450 1 INFO odoo_ci_test odoo.addons.sports_federation_portal.tests.test_club_representative: Starting TestClubRepresentative.test_role_type_get_by_code ... 
2026-04-12 19:48:05,451 1 INFO odoo_ci_test odoo.addons.sports_federation_portal.tests.test_club_representative: Starting TestClubRepresentative.test_role_type_linkage ... 
2026-04-12 19:48:05,456 1 INFO odoo_ci_test odoo.addons.sports_federation_portal.tests.test_club_representative: Starting TestClubRepresentative.test_user_represented_clubs ... 
2026-04-12 19:48:05,549 1 INFO odoo_ci_test odoo.addons.base.models.ir_attachment: filestore gc 19 checked, 1 removed 
2026-04-12 19:48:05,760 1 INFO odoo_ci_test odoo.addons.sports_federation_portal.tests.test_officiating_portal_access: Starting TestOfficiatingPortalAccess.test_other_user_cannot_manage_assignment ... 
2026-04-12 19:48:05,766 1 INFO odoo_ci_test odoo.addons.sports_federation_portal.tests.test_officiating_portal_access: Starting TestOfficiatingPortalAccess.test_portal_official_can_confirm_assignment ... 
2026-04-12 19:48:05,770 1 INFO odoo_ci_test odoo.addons.sports_federation_portal.tests.test_officiating_portal_access: Starting TestOfficiatingPortalAccess.test_portal_official_decline_requires_reason ... 
2026-04-12 19:48:05,783 1 INFO odoo_ci_test odoo.addons.sports_federation_portal.tests.test_officiating_portal_access: Starting TestOfficiatingPortalAccess.test_portal_official_only_sees_own_assignments ... 
2026-04-12 19:48:05,793 1 INFO odoo_ci_test odoo.addons.sports_federation_portal.tests.test_officiating_portal_access: Starting TestOfficiatingPortalAccess.test_portal_referee_profile_resolves_for_user ... 
2026-04-12 19:48:05,871 1 INFO odoo_ci_test odoo.addons.base.models.ir_attachment: filestore gc 0 checked, 0 removed 
2026-04-12 19:48:06,153 1 INFO odoo_ci_test odoo.addons.sports_federation_portal.tests.test_roster_portal_access: Starting TestRosterPortalAccess.test_portal_player_picker_filters_by_team_gender ... 
2026-04-12 19:48:06,199 1 INFO odoo_ci_test odoo.addons.sports_federation_portal.tests.test_roster_portal_access: Starting TestRosterPortalAccess.test_portal_user_can_create_roster_for_confirmed_registration ... 
2026-04-12 19:48:06,229 1 INFO odoo_ci_test odoo.addons.sports_federation_portal.tests.test_roster_portal_access: Starting TestRosterPortalAccess.test_portal_user_can_manage_owned_roster_with_portal_helpers ... 
2026-04-12 19:48:06,266 1 INFO odoo_ci_test odoo.models.unlink: User #8 deleted federation.team.roster.line records with IDs: [3] 
2026-04-12 19:48:06,268 1 INFO odoo_ci_test odoo.addons.sports_federation_portal.tests.test_roster_portal_access: Starting TestRosterPortalAccess.test_portal_user_cannot_create_roster_without_confirmation_or_for_other_club ... 
2026-04-12 19:48:06,299 1 INFO odoo_ci_test odoo.addons.sports_federation_portal.tests.test_roster_portal_access: Starting TestRosterPortalAccess.test_portal_user_cannot_modify_roster_records ... 
2026-04-12 19:48:06,314 1 INFO odoo_ci_test odoo.addons.base.models.ir_model: Access Denied by ACLs for operation: write, uid: 8, model: federation.team.roster 
2026-04-12 19:48:06,323 1 INFO odoo_ci_test odoo.addons.base.models.ir_model: Access Denied by ACLs for operation: write, uid: 8, model: federation.match.sheet 
2026-04-12 19:48:06,326 1 INFO odoo_ci_test odoo.addons.sports_federation_portal.tests.test_roster_portal_access: Starting TestRosterPortalAccess.test_portal_user_only_sees_own_rosters_match_sheets_and_audit ... 
2026-04-12 19:48:06,345 1 INFO odoo_ci_test odoo.addons.sports_federation_portal.tests.test_roster_portal_access: Starting TestRosterPortalAccess.test_team_scoped_coach_can_prepare_and_submit_assigned_sheet ... 
2026-04-12 19:48:06,364 1 INFO odoo_ci_test odoo.addons.sports_federation_portal.tests.test_roster_portal_access: Starting TestRosterPortalAccess.test_team_scoped_coach_only_sees_assigned_team_records ... 
2026-04-12 19:48:06,457 1 INFO odoo_ci_test odoo.addons.base.models.ir_attachment: filestore gc 0 checked, 0 removed 
2026-04-12 19:48:06,577 1 INFO odoo_ci_test odoo.addons.sports_federation_portal.tests.test_season_registration: Starting TestSeasonRegistrationOwnership.test_portal_user_can_create_owned_season_registration ... 
2026-04-12 19:48:06,601 1 INFO odoo_ci_test odoo.addons.sports_federation_portal.tests.test_season_registration: Starting TestSeasonRegistrationOwnership.test_portal_user_cannot_create_other_club_registration ... 
2026-04-12 19:48:06,616 1 INFO odoo_ci_test odoo.addons.sports_federation_portal.tests.test_season_registration: Starting TestSeasonRegistrationOwnership.test_submitted_registration_can_be_confirmed_by_staff ... 
2026-04-12 19:48:06,721 1 INFO odoo_ci_test odoo.addons.base.models.ir_attachment: filestore gc 0 checked, 0 removed 
2026-04-12 19:48:06,901 1 INFO odoo_ci_test odoo.addons.sports_federation_portal.tests.test_tournament_registration: Starting TestTournamentRegistration.test_portal_user_only_sees_own_tournament_registrations ... 
2026-04-12 19:48:06,943 1 INFO odoo_ci_test odoo.addons.base.models.ir_rule: Access Denied by record rules for operation: read on record ids: [2], uid: 12, model: federation.tournament.registration 
2026-04-12 19:48:06,951 1 INFO odoo_ci_test odoo.addons.sports_federation_portal.tests.test_tournament_registration: Starting TestTournamentRegistration.test_registration_accepts_eligible_team ... 
2026-04-12 19:48:06,971 1 INFO odoo_ci_test odoo.addons.sports_federation_portal.tests.test_tournament_registration: Starting TestTournamentRegistration.test_registration_backend_domain_uses_eligible_teams ... 
2026-04-12 19:48:06,978 1 INFO odoo_ci_test odoo.addons.sports_federation_portal.tests.test_tournament_registration: Starting TestTournamentRegistration.test_registration_backend_feedback_explains_duplicate_team ... 
2026-04-12 19:48:07,002 1 INFO odoo_ci_test odoo.addons.sports_federation_portal.tests.test_tournament_registration: Starting TestTournamentRegistration.test_registration_rejects_ineligible_team ... 
2026-04-12 19:48:07,018 1 INFO odoo_ci_test odoo.addons.sports_federation_portal.tests.test_tournament_registration: Starting TestTournamentRegistration.test_tournament_action_view_registration_requests ... 
2026-04-12 19:48:07,132 1 INFO odoo_ci_test odoo.addons.base.models.ir_attachment: filestore gc 0 checked, 0 removed 
2026-04-12 19:48:07,432 1 INFO odoo_ci_test odoo.addons.sports_federation_portal.tests.test_tournament_workspace: Starting TestTournamentWorkspace.test_team_scoped_coach_only_sees_assigned_team_workspaces ... 
2026-04-12 19:48:07,467 1 INFO odoo_ci_test odoo.addons.sports_federation_portal.tests.test_tournament_workspace: Starting TestTournamentWorkspace.test_workspace_entries_summarize_active_tournament_operations ... 
2026-04-12 19:48:07,487 1 INFO odoo_ci_test odoo.addons.sports_federation_portal.tests.test_tournament_workspace: Starting TestTournamentWorkspace.test_workspace_entry_lookup_enforces_portal_scope ... 
2026-04-12 19:48:07,578 1 INFO odoo_ci_test odoo.addons.base.models.ir_attachment: filestore gc 0 checked, 0 removed 
2026-04-12 19:48:07,578 1 INFO odoo_ci_test odoo.modules.loading: Module sports_federation_portal loaded in 3.20s (incl. 2.39s test), 1006 queries (+2452 test, +1006 other) 
2026-04-12 19:48:07,579 1 INFO odoo_ci_test odoo.modules.loading: Loading module website_mail (48/49) 
2026-04-12 19:48:07,585 1 INFO odoo_ci_test odoo.registry: module website_mail: creating or updating database tables 
2026-04-12 19:48:07,595 1 INFO odoo_ci_test odoo.modules.loading: loading website_mail/views/website_mail_templates.xml 
2026-04-12 19:48:07,623 1 INFO odoo_ci_test odoo.modules.loading: Module website_mail loaded in 0.04s, 31 queries (+31 other) 
2026-04-12 19:48:07,623 1 INFO odoo_ci_test odoo.modules.loading: Loading module website_sms (49/49) 
2026-04-12 19:48:07,629 1 INFO odoo_ci_test odoo.registry: module website_sms: creating or updating database tables 
2026-04-12 19:48:07,645 1 INFO odoo_ci_test odoo.modules.loading: loading website_sms/views/website_visitor_views.xml 
2026-04-12 19:48:07,692 1 INFO odoo_ci_test odoo.modules.loading: Module website_sms loaded in 0.07s, 68 queries (+68 other) 
2026-04-12 19:48:07,692 1 INFO odoo_ci_test odoo.modules.loading: 49 modules loaded in 23.17s, 29106 queries (+31559 extra) 
2026-04-12 19:48:08,175 1 INFO odoo_ci_test odoo.modules.loading: Modules loaded. 
2026-04-12 19:48:08,184 1 INFO odoo_ci_test odoo.registry: Registry changed, signaling through the database 
2026-04-12 19:48:08,185 1 INFO odoo_ci_test odoo.registry: Registry loaded in 31.866s 
2026-04-12 19:48:08,186 1 INFO odoo_ci_test odoo.service.server: Starting post tests 
2026-04-12 19:48:08,212 1 INFO odoo_ci_test odoo.service.server: 0 post-tests in 0.03s, 0 queries 
2026-04-12 19:48:08,212 1 INFO odoo_ci_test odoo.tests.stats: sports_federation_portal: 50 tests 2.39s 2452 queries 
2026-04-12 19:48:08,212 1 INFO odoo_ci_test odoo.tests.result: 0 failed, 0 error(s) of 38 tests when loading database 'odoo_ci_test' 
2026-04-12 19:48:08,212 1 INFO odoo_ci_test odoo.service.server: Initiating shutdown 
2026-04-12 19:48:08,212 1 INFO odoo_ci_test odoo.service.server: Hit CTRL-C again or send a second signal to force the shutdown. 
2026-04-12 19:48:08,368 1 INFO odoo_ci_test odoo.sql_db: ConnectionPool(read/write;used=0/count=0/max=64): Closed 2 connections  
