 Container sf_ci-ci-db-1  Running
Running as user 'root' is a security risk.
2026-04-12 17:30:04,428 1 WARNING ? odoo.tools.config: missing --http-interface/http_interface, using 0.0.0.0 by default, will change to 127.0.0.1 in 20.0 
2026-04-12 17:30:04,428 1 INFO ? odoo: Odoo version 19.0-20260324 
2026-04-12 17:30:04,428 1 INFO ? odoo: Using configuration file at /etc/odoo/odoo.conf 
2026-04-12 17:30:04,428 1 INFO ? odoo: addons paths: _NamespacePath(['/usr/lib/python3/dist-packages/odoo/addons', '/var/lib/odoo/addons/19.0', '/mnt/extra-addons', '/usr/lib/python3/dist-packages/addons']) 
2026-04-12 17:30:04,428 1 INFO ? odoo: database: odoo@ci-db:5432 
2026-04-12 17:30:04,692 1 INFO ? odoo.service.server: HTTP service (werkzeug) running on 6970af1abc89:8069 
2026-04-12 17:30:04,711 1 INFO odoo_ci_test odoo.tests.common: Importing test framework 
2026-04-12 17:30:04,740 1 INFO odoo_ci_test odoo.modules.loading: Initializing database odoo_ci_test 
2026-04-12 17:30:05,814 1 INFO odoo_ci_test odoo.modules.loading: loading 1 modules... 
2026-04-12 17:30:05,815 1 INFO odoo_ci_test odoo.modules.loading: Loading module base (1/1) 
2026-04-12 17:30:05,843 1 INFO odoo_ci_test odoo.registry: module base: creating or updating database tables 
2026-04-12 17:30:06,080 1 INFO odoo_ci_test odoo.models: Prepare computation of ir.module.module.menus_by_module 
2026-04-12 17:30:06,080 1 INFO odoo_ci_test odoo.models: Prepare computation of ir.module.module.reports_by_module 
2026-04-12 17:30:06,080 1 INFO odoo_ci_test odoo.models: Prepare computation of ir.module.module.views_by_module 
2026-04-12 17:30:06,153 1 INFO odoo_ci_test odoo.models: Prepare computation of res.partner.user_id 
2026-04-12 17:30:06,153 1 INFO odoo_ci_test odoo.models: Prepare computation of res.partner.commercial_partner_id 
2026-04-12 17:30:06,153 1 INFO odoo_ci_test odoo.models: Prepare computation of res.partner.complete_name 
2026-04-12 17:30:06,154 1 INFO odoo_ci_test odoo.models: Prepare computation of res.partner.lang 
2026-04-12 17:30:06,154 1 INFO odoo_ci_test odoo.models: Prepare computation of res.partner.company_registry 
2026-04-12 17:30:06,154 1 INFO odoo_ci_test odoo.models: Prepare computation of res.partner.commercial_company_name 
2026-04-12 17:30:06,154 1 INFO odoo_ci_test odoo.models: Prepare computation of res.partner.properties 
2026-04-12 17:30:06,154 1 INFO odoo_ci_test odoo.models: Prepare computation of res.partner.partner_share 
2026-04-12 17:30:06,177 1 INFO odoo_ci_test odoo.models: Prepare computation of res.currency.decimal_places 
2026-04-12 17:30:06,194 1 INFO odoo_ci_test odoo.models: Prepare computation of res.company.uses_default_logo 
2026-04-12 17:30:06,194 1 INFO odoo_ci_test odoo.models: Prepare computation of res.company.logo_web 
2026-04-12 17:30:06,196 1 INFO odoo_ci_test odoo.models: Computing parent_path for table res_company... 
2026-04-12 17:30:06,217 1 INFO odoo_ci_test odoo.models: Prepare computation of res.users.signature 
2026-04-12 17:30:06,217 1 INFO odoo_ci_test odoo.models: Prepare computation of res.users.share 
2026-04-12 17:30:07,478 1 INFO odoo_ci_test odoo.modules.loading: loading base/data/res_bank.xml 
2026-04-12 17:30:07,483 1 INFO odoo_ci_test odoo.modules.loading: loading base/data/res.lang.csv 
2026-04-12 17:30:07,520 1 INFO odoo_ci_test odoo.modules.loading: loading base/data/res_lang_data.xml 
2026-04-12 17:30:07,551 1 INFO odoo_ci_test odoo.modules.loading: loading base/data/res_partner_data.xml 
2026-04-12 17:30:07,595 1 INFO odoo_ci_test odoo.modules.loading: loading base/data/res_currency_data.xml 
2026-04-12 17:30:08,037 1 INFO odoo_ci_test odoo.modules.loading: loading base/data/res_company_data.xml 
2026-04-12 17:30:08,045 1 INFO odoo_ci_test odoo.modules.loading: loading base/data/res_users_data.xml 
2026-04-12 17:30:09,052 1 INFO odoo_ci_test odoo.modules.loading: loading base/data/report_paperformat_data.xml 
2026-04-12 17:30:09,059 1 INFO odoo_ci_test odoo.modules.loading: loading base/data/res_country_data.xml 
2026-04-12 17:30:09,585 1 INFO odoo_ci_test odoo.modules.loading: loading base/data/ir_demo_data.xml 
2026-04-12 17:30:09,598 1 INFO odoo_ci_test odoo.modules.loading: loading base/security/base_groups.xml 
2026-04-12 17:30:09,783 1 INFO odoo_ci_test odoo.modules.loading: loading base/security/base_security.xml 
2026-04-12 17:30:09,950 1 INFO odoo_ci_test odoo.modules.loading: loading base/wizard/wizard_ir_model_menu_create_views.xml 
2026-04-12 17:30:09,962 1 INFO odoo_ci_test odoo.modules.loading: loading base/views/base_menus.xml 
2026-04-12 17:30:10,017 1 INFO odoo_ci_test odoo.modules.loading: loading base/views/decimal_precision_views.xml 
2026-04-12 17:30:10,036 1 INFO odoo_ci_test odoo.modules.loading: loading base/views/res_config_views.xml 
2026-04-12 17:30:10,045 1 INFO odoo_ci_test odoo.modules.loading: loading base/data/res.country.state.csv 
2026-04-12 17:30:10,364 1 INFO odoo_ci_test odoo.modules.loading: loading base/views/ir_actions_views.xml 
2026-04-12 17:30:10,499 1 INFO odoo_ci_test odoo.modules.loading: loading base/views/ir_asset_views.xml 
2026-04-12 17:30:10,516 1 INFO odoo_ci_test odoo.modules.loading: loading base/views/ir_config_parameter_views.xml 
2026-04-12 17:30:10,532 1 INFO odoo_ci_test odoo.modules.loading: loading base/views/ir_cron_views.xml 
2026-04-12 17:30:10,560 1 INFO odoo_ci_test odoo.modules.loading: loading base/views/ir_cron_trigger_views.xml 
2026-04-12 17:30:10,576 1 INFO odoo_ci_test odoo.modules.loading: loading base/views/ir_filters_views.xml 
2026-04-12 17:30:10,598 1 INFO odoo_ci_test odoo.modules.loading: loading base/views/ir_mail_server_views.xml 
2026-04-12 17:30:10,619 1 INFO odoo_ci_test odoo.modules.loading: loading base/views/ir_model_views.xml 
2026-04-12 17:30:10,750 1 INFO odoo_ci_test odoo.modules.loading: loading base/views/ir_attachment_views.xml 
2026-04-12 17:30:10,771 1 INFO odoo_ci_test odoo.modules.loading: loading base/views/ir_rule_views.xml 
2026-04-12 17:30:10,790 1 INFO odoo_ci_test odoo.modules.loading: loading base/views/ir_sequence_views.xml 
2026-04-12 17:30:10,811 1 INFO odoo_ci_test odoo.modules.loading: loading base/views/ir_ui_menu_views.xml 
2026-04-12 17:30:10,830 1 INFO odoo_ci_test odoo.modules.loading: loading base/views/ir_ui_view_views.xml 
2026-04-12 17:30:10,879 1 INFO odoo_ci_test odoo.modules.loading: loading base/views/ir_default_views.xml 
2026-04-12 17:30:10,898 1 INFO odoo_ci_test odoo.modules.loading: loading base/data/ir_config_parameter_data.xml 
2026-04-12 17:30:10,901 1 INFO odoo_ci_test odoo.modules.loading: loading base/data/ir_cron_data.xml 
2026-04-12 17:30:10,914 1 INFO odoo_ci_test odoo.modules.loading: loading base/report/ir_model_report.xml 
2026-04-12 17:30:10,918 1 INFO odoo_ci_test odoo.modules.loading: loading base/report/ir_model_templates.xml 
2026-04-12 17:30:10,926 1 INFO odoo_ci_test odoo.modules.loading: loading base/views/ir_logging_views.xml 
2026-04-12 17:30:10,945 1 INFO odoo_ci_test odoo.modules.loading: loading base/views/ir_qweb_widget_templates.xml 
2026-04-12 17:30:10,958 1 INFO odoo_ci_test odoo.modules.loading: loading base/views/ir_module_views.xml 
2026-04-12 17:30:11,010 1 INFO odoo_ci_test odoo.modules.loading: loading base/data/ir_module_category_data.xml 
2026-04-12 17:30:11,046 1 INFO odoo_ci_test odoo.modules.loading: loading base/data/ir_module_module.xml 
2026-04-12 17:30:11,101 1 INFO odoo_ci_test odoo.modules.loading: loading base/report/ir_module_reports.xml 
2026-04-12 17:30:11,104 1 INFO odoo_ci_test odoo.modules.loading: loading base/report/ir_module_report_templates.xml 
2026-04-12 17:30:11,111 1 INFO odoo_ci_test odoo.modules.loading: loading base/wizard/base_module_update_views.xml 
2026-04-12 17:30:11,125 1 INFO odoo_ci_test odoo.modules.loading: loading base/wizard/base_language_install_views.xml 
2026-04-12 17:30:11,140 1 INFO odoo_ci_test odoo.modules.loading: loading base/wizard/base_import_language_views.xml 
2026-04-12 17:30:11,150 1 INFO odoo_ci_test odoo.modules.loading: loading base/wizard/base_module_upgrade_views.xml 
2026-04-12 17:30:11,166 1 INFO odoo_ci_test odoo.modules.loading: loading base/wizard/base_module_uninstall_views.xml 
2026-04-12 17:30:11,174 1 INFO odoo_ci_test odoo.modules.loading: loading base/wizard/base_export_language_views.xml 
2026-04-12 17:30:11,186 1 INFO odoo_ci_test odoo.modules.loading: loading base/wizard/base_partner_merge_views.xml 
2026-04-12 17:30:11,200 1 INFO odoo_ci_test odoo.modules.loading: loading base/data/ir_demo_failure_data.xml 
2026-04-12 17:30:11,216 1 INFO odoo_ci_test odoo.modules.loading: loading base/views/ir_profile_views.xml 
2026-04-12 17:30:11,238 1 INFO odoo_ci_test odoo.modules.loading: loading base/views/res_company_views.xml 
2026-04-12 17:30:11,258 1 INFO odoo_ci_test odoo.modules.loading: loading base/views/res_lang_views.xml 
2026-04-12 17:30:11,277 1 INFO odoo_ci_test odoo.modules.loading: loading base/views/res_partner_views.xml 
2026-04-12 17:30:11,360 1 INFO odoo_ci_test odoo.modules.loading: loading base/views/res_bank_views.xml 
2026-04-12 17:30:11,390 1 INFO odoo_ci_test odoo.modules.loading: loading base/views/res_country_views.xml 
2026-04-12 17:30:11,430 1 INFO odoo_ci_test odoo.modules.loading: loading base/views/res_currency_views.xml 
2026-04-12 17:30:11,466 1 INFO odoo_ci_test odoo.modules.loading: loading base/views/res_groups_views.xml 
2026-04-12 17:30:11,508 1 INFO odoo_ci_test odoo.modules.loading: loading base/views/res_users_views.xml 
2026-04-12 17:30:11,595 1 INFO odoo_ci_test odoo.modules.loading: loading base/views/res_users_apikeys_views.xml 
2026-04-12 17:30:11,601 1 INFO odoo_ci_test odoo.modules.loading: loading base/views/res_device_views.xml 
2026-04-12 17:30:11,621 1 INFO odoo_ci_test odoo.modules.loading: loading base/views/res_users_identitycheck_views.xml 
2026-04-12 17:30:11,628 1 INFO odoo_ci_test odoo.modules.loading: loading base/views/res_config_settings_views.xml 
2026-04-12 17:30:11,636 1 INFO odoo_ci_test odoo.modules.loading: loading base/views/report_paperformat_views.xml 
2026-04-12 17:30:11,659 1 INFO odoo_ci_test odoo.modules.loading: loading base/security/ir.model.access.csv 
2026-04-12 17:30:11,953 1 INFO odoo_ci_test odoo.modules.loading: Module base loaded in 6.14s, 8397 queries (+8397 other) 
2026-04-12 17:30:11,953 1 INFO odoo_ci_test odoo.modules.loading: 1 modules loaded in 6.14s, 8397 queries (+8397 extra) 
2026-04-12 17:30:11,956 1 INFO odoo_ci_test odoo.modules.loading: updating modules list 
2026-04-12 17:30:11,957 1 INFO odoo_ci_test odoo.addons.base.models.ir_module: ALLOW access to module.update_list on [] to user __system__ #1 via n/a 
2026-04-12 17:30:12,776 1 INFO odoo_ci_test odoo.addons.base.models.ir_module: ALLOW access to module.button_install on ['Sports Federation Competition Engine'] to user __system__ #1 via n/a 
2026-04-12 17:30:12,857 1 INFO odoo_ci_test odoo.modules.loading: loading 32 modules... 
2026-04-12 17:30:12,857 1 INFO odoo_ci_test odoo.modules.loading: Loading module rpc (2/32) 
2026-04-12 17:30:12,873 1 INFO odoo_ci_test odoo.modules.loading: Module rpc loaded in 0.02s, 9 queries (+9 other) 
2026-04-12 17:30:12,873 1 INFO odoo_ci_test odoo.modules.loading: Loading module web (3/32) 
2026-04-12 17:30:12,907 1 INFO odoo_ci_test odoo.registry: module web: creating or updating database tables 
2026-04-12 17:30:13,359 1 INFO odoo_ci_test odoo.modules.loading: loading web/security/ir.model.access.csv 
2026-04-12 17:30:13,366 1 INFO odoo_ci_test odoo.modules.loading: loading web/security/web_security.xml 
2026-04-12 17:30:13,377 1 INFO odoo_ci_test odoo.modules.loading: loading web/views/webclient_templates.xml 
2026-04-12 17:30:13,428 1 INFO odoo_ci_test odoo.modules.loading: loading web/views/report_templates.xml 
2026-04-12 17:30:13,513 1 INFO odoo_ci_test odoo.modules.loading: loading web/views/base_document_layout_views.xml 
2026-04-12 17:30:13,528 1 INFO odoo_ci_test odoo.modules.loading: loading web/views/partner_view.xml 
2026-04-12 17:30:13,535 1 INFO odoo_ci_test odoo.modules.loading: loading web/views/speedscope_template.xml 
2026-04-12 17:30:13,539 1 INFO odoo_ci_test odoo.modules.loading: loading web/views/memory_template.xml 
2026-04-12 17:30:13,546 1 INFO odoo_ci_test odoo.modules.loading: loading web/views/speedscope_config_wizard.xml 
2026-04-12 17:30:13,553 1 INFO odoo_ci_test odoo.modules.loading: loading web/views/neutralize_views.xml 
2026-04-12 17:30:13,560 1 INFO odoo_ci_test odoo.modules.loading: loading web/views/ir_ui_view_views.xml 
2026-04-12 17:30:13,570 1 INFO odoo_ci_test odoo.modules.loading: loading web/data/ir_attachment.xml 
2026-04-12 17:30:13,574 1 INFO odoo_ci_test odoo.modules.loading: loading web/data/report_layout.xml 
2026-04-12 17:30:13,627 1 INFO odoo_ci_test odoo.modules.loading: Module web loaded in 0.75s, 1232 queries (+1232 other) 
2026-04-12 17:30:13,627 1 INFO odoo_ci_test odoo.modules.loading: Loading module api_doc (4/32) 
2026-04-12 17:30:13,633 1 INFO odoo_ci_test odoo.registry: module api_doc: creating or updating database tables 
2026-04-12 17:30:13,647 1 INFO odoo_ci_test odoo.modules.loading: loading api_doc/security/res_groups.xml 
2026-04-12 17:30:13,668 1 INFO odoo_ci_test odoo.modules.loading: loading api_doc/views/docclient.xml 
2026-04-12 17:30:13,686 1 INFO odoo_ci_test odoo.modules.loading: Module api_doc loaded in 0.06s, 63 queries (+63 other) 
2026-04-12 17:30:13,686 1 INFO odoo_ci_test odoo.modules.loading: Loading module auth_totp (5/32) 
2026-04-12 17:30:13,700 1 INFO odoo_ci_test odoo.registry: module auth_totp: creating or updating database tables 
2026-04-12 17:30:13,764 1 INFO odoo_ci_test odoo.modules.loading: loading auth_totp/security/security.xml 
2026-04-12 17:30:13,784 1 INFO odoo_ci_test odoo.modules.loading: loading auth_totp/security/ir.model.access.csv 
2026-04-12 17:30:13,791 1 INFO odoo_ci_test odoo.modules.loading: loading auth_totp/data/ir_action_data.xml 
2026-04-12 17:30:13,798 1 INFO odoo_ci_test odoo.modules.loading: loading auth_totp/views/res_users_views.xml 
2026-04-12 17:30:13,823 1 INFO odoo_ci_test odoo.modules.loading: loading auth_totp/views/templates.xml 
2026-04-12 17:30:13,828 1 INFO odoo_ci_test odoo.modules.loading: loading auth_totp/wizard/auth_totp_wizard_views.xml 
2026-04-12 17:30:13,849 1 INFO odoo_ci_test odoo.modules.loading: Module auth_totp loaded in 0.16s, 218 queries (+218 other) 
2026-04-12 17:30:13,849 1 INFO odoo_ci_test odoo.modules.loading: Loading module base_import (6/32) 
2026-04-12 17:30:13,883 1 INFO odoo_ci_test odoo.registry: module base_import: creating or updating database tables 
2026-04-12 17:30:14,303 1 INFO odoo_ci_test odoo.modules.loading: loading base_import/security/ir.model.access.csv 
2026-04-12 17:30:14,315 1 INFO odoo_ci_test odoo.modules.loading: Module base_import loaded in 0.47s, 956 queries (+956 other) 
2026-04-12 17:30:14,316 1 INFO odoo_ci_test odoo.modules.loading: Loading module base_import_module (7/32) 
2026-04-12 17:30:14,322 1 INFO odoo_ci_test odoo.registry: module base_import_module: creating or updating database tables 
2026-04-12 17:30:14,380 1 INFO odoo_ci_test odoo.modules.loading: loading base_import_module/security/ir.model.access.csv 
2026-04-12 17:30:14,385 1 INFO odoo_ci_test odoo.modules.loading: loading base_import_module/views/base_import_module_view.xml 
2026-04-12 17:30:14,402 1 INFO odoo_ci_test odoo.modules.loading: loading base_import_module/views/ir_module_views.xml 
2026-04-12 17:30:14,443 1 INFO odoo_ci_test odoo.modules.loading: Module base_import_module loaded in 0.13s, 172 queries (+172 other) 
2026-04-12 17:30:14,443 1 INFO odoo_ci_test odoo.modules.loading: Loading module base_setup (8/32) 
2026-04-12 17:30:14,451 1 INFO odoo_ci_test odoo.registry: module base_setup: creating or updating database tables 
2026-04-12 17:30:14,490 1 INFO odoo_ci_test odoo.modules.loading: loading base_setup/data/base_setup_data.xml 
2026-04-12 17:30:14,494 1 INFO odoo_ci_test odoo.modules.loading: loading base_setup/views/res_config_settings_views.xml 
2026-04-12 17:30:14,522 1 INFO odoo_ci_test odoo.modules.loading: loading base_setup/views/res_partner_views.xml 
2026-04-12 17:30:14,539 1 INFO odoo_ci_test odoo.modules.loading: Module base_setup loaded in 0.10s, 152 queries (+152 other) 
2026-04-12 17:30:14,539 1 INFO odoo_ci_test odoo.modules.loading: Loading module bus (9/32) 
2026-04-12 17:30:14,557 1 INFO odoo_ci_test odoo.registry: module bus: creating or updating database tables 
2026-04-12 17:30:14,637 1 INFO odoo_ci_test odoo.modules.loading: loading bus/security/ir.model.access.csv 
2026-04-12 17:30:14,650 1 INFO odoo_ci_test odoo.modules.loading: Module bus loaded in 0.11s, 152 queries (+152 other) 
2026-04-12 17:30:14,651 1 INFO odoo_ci_test odoo.modules.loading: Loading module web_tour (10/32) 
2026-04-12 17:30:14,658 1 INFO odoo_ci_test odoo.registry: module web_tour: creating or updating database tables 
2026-04-12 17:30:14,662 1 INFO odoo_ci_test odoo.models: Prepare computation of res.users.tour_enabled 
2026-04-12 17:30:14,726 1 INFO odoo_ci_test odoo.modules.loading: loading web_tour/security/ir.model.access.csv 
2026-04-12 17:30:14,733 1 INFO odoo_ci_test odoo.modules.loading: loading web_tour/views/tour_views.xml 
2026-04-12 17:30:14,769 1 INFO odoo_ci_test odoo.modules.loading: Module web_tour loaded in 0.12s, 180 queries (+180 other) 
2026-04-12 17:30:14,769 1 INFO odoo_ci_test odoo.modules.loading: Loading module auth_passkey (11/32) 
2026-04-12 17:30:14,803 1 INFO odoo_ci_test odoo.registry: module auth_passkey: creating or updating database tables 
2026-04-12 17:30:14,855 1 INFO odoo_ci_test odoo.modules.loading: loading auth_passkey/views/auth_passkey_key_views.xml 
2026-04-12 17:30:14,875 1 INFO odoo_ci_test odoo.modules.loading: loading auth_passkey/views/auth_passkey_login_templates.xml 
2026-04-12 17:30:14,890 1 INFO odoo_ci_test odoo.modules.loading: loading auth_passkey/views/res_users_identitycheck_views.xml 
2026-04-12 17:30:14,899 1 INFO odoo_ci_test odoo.modules.loading: loading auth_passkey/views/res_users_views.xml 
2026-04-12 17:30:14,918 1 INFO odoo_ci_test odoo.modules.loading: loading auth_passkey/security/ir.model.access.csv 
2026-04-12 17:30:14,926 1 INFO odoo_ci_test odoo.modules.loading: loading auth_passkey/security/security.xml 
2026-04-12 17:30:14,951 1 INFO odoo_ci_test odoo.modules.loading: Module auth_passkey loaded in 0.18s, 218 queries (+218 other) 
2026-04-12 17:30:14,951 1 INFO odoo_ci_test odoo.modules.loading: Loading module html_editor (12/32) 
2026-04-12 17:30:15,111 1 INFO odoo_ci_test odoo.registry: module html_editor: creating or updating database tables 
2026-04-12 17:30:15,588 1 INFO odoo_ci_test odoo.modules.loading: loading html_editor/security/ir.model.access.csv 
2026-04-12 17:30:15,602 1 INFO odoo_ci_test odoo.modules.loading: Module html_editor loaded in 0.65s, 1034 queries (+1034 other) 
2026-04-12 17:30:15,602 1 INFO odoo_ci_test odoo.modules.loading: Loading module iap (13/32) 
2026-04-12 17:30:15,606 1 INFO odoo_ci_test odoo.registry: module iap: creating or updating database tables 
2026-04-12 17:30:15,659 1 INFO odoo_ci_test odoo.modules.loading: loading iap/data/services.xml 
2026-04-12 17:30:15,663 1 INFO odoo_ci_test odoo.modules.loading: loading iap/security/ir.model.access.csv 
2026-04-12 17:30:15,670 1 INFO odoo_ci_test odoo.modules.loading: loading iap/security/ir_rule.xml 
2026-04-12 17:30:15,677 1 INFO odoo_ci_test odoo.modules.loading: loading iap/views/iap_views.xml 
2026-04-12 17:30:15,699 1 INFO odoo_ci_test odoo.modules.loading: loading iap/views/res_config_settings.xml 
2026-04-12 17:30:15,720 1 INFO odoo_ci_test odoo.modules.loading: Module iap loaded in 0.12s, 182 queries (+182 other) 
2026-04-12 17:30:15,721 1 INFO odoo_ci_test odoo.modules.loading: Loading module mail (14/32) 
2026-04-12 17:30:15,783 1 INFO odoo_ci_test odoo.registry: module mail: creating or updating database tables 
2026-04-12 17:30:15,947 1 INFO odoo_ci_test odoo.models: Prepare computation of ir.actions.server.partner_ids 
2026-04-12 17:30:15,947 1 INFO odoo_ci_test odoo.models: Prepare computation of ir.actions.server.activity_user_id 
2026-04-12 17:30:15,949 1 INFO odoo_ci_test odoo.models: Prepare computation of ir.actions.server.activity_type_id 
2026-04-12 17:30:15,949 1 INFO odoo_ci_test odoo.models: Prepare computation of ir.actions.server.template_id 
2026-04-12 17:30:15,949 1 INFO odoo_ci_test odoo.models: Prepare computation of ir.actions.server.activity_date_deadline_range 
2026-04-12 17:30:15,950 1 INFO odoo_ci_test odoo.models: Prepare computation of ir.actions.server.activity_summary 
2026-04-12 17:30:15,950 1 INFO odoo_ci_test odoo.models: Prepare computation of ir.actions.server.followers_type 
2026-04-12 17:30:15,950 1 INFO odoo_ci_test odoo.models: Prepare computation of ir.actions.server.followers_partner_field_name 
2026-04-12 17:30:15,950 1 INFO odoo_ci_test odoo.models: Prepare computation of ir.actions.server.mail_post_method 
2026-04-12 17:30:15,950 1 INFO odoo_ci_test odoo.models: Prepare computation of ir.actions.server.activity_date_deadline_range_type 
2026-04-12 17:30:15,950 1 INFO odoo_ci_test odoo.models: Prepare computation of ir.actions.server.activity_user_type 
2026-04-12 17:30:15,950 1 INFO odoo_ci_test odoo.models: Prepare computation of ir.actions.server.activity_user_field_name 
2026-04-12 17:30:15,950 1 INFO odoo_ci_test odoo.models: Prepare computation of ir.actions.server.activity_note 
2026-04-12 17:30:15,950 1 INFO odoo_ci_test odoo.models: Prepare computation of ir.actions.server.mail_post_autofollow 
2026-04-12 17:30:16,009 1 INFO odoo_ci_test odoo.models: Prepare computation of res.users.notification_type 
2026-04-12 17:30:16,065 1 INFO odoo_ci_test odoo.models: Prepare computation of res.partner.email_normalized 
<string>:38: (ERROR/3) Unexpected indentation.
<string>:43: (WARNING/2) Block quote ends without a blank line; unexpected unindent.
2026-04-12 17:30:17,313 1 INFO odoo_ci_test odoo.modules.loading: loading mail/data/mail_groups.xml 
2026-04-12 17:30:17,334 1 INFO odoo_ci_test odoo.modules.loading: loading mail/wizard/mail_activity_schedule_views.xml 
2026-04-12 17:30:17,345 1 INFO odoo_ci_test odoo.modules.loading: loading mail/wizard/mail_blacklist_remove_views.xml 
2026-04-12 17:30:17,351 1 INFO odoo_ci_test odoo.modules.loading: loading mail/wizard/mail_compose_message_views.xml 
2026-04-12 17:30:17,369 1 INFO odoo_ci_test odoo.modules.loading: loading mail/wizard/mail_template_preview_views.xml 
2026-04-12 17:30:17,378 1 INFO odoo_ci_test odoo.modules.loading: loading mail/wizard/mail_followers_edit_views.xml 
2026-04-12 17:30:17,389 1 INFO odoo_ci_test odoo.modules.loading: loading mail/wizard/mail_template_reset_views.xml 
2026-04-12 17:30:17,397 1 INFO odoo_ci_test odoo.modules.loading: loading mail/views/fetchmail_views.xml 
2026-04-12 17:30:17,415 1 INFO odoo_ci_test odoo.modules.loading: loading mail/views/ir_cron_views.xml 
2026-04-12 17:30:17,425 1 INFO odoo_ci_test odoo.modules.loading: loading mail/views/ir_filters_views.xml 
2026-04-12 17:30:17,441 1 INFO odoo_ci_test odoo.modules.loading: loading mail/views/ir_mail_server_views.xml 
2026-04-12 17:30:17,450 1 INFO odoo_ci_test odoo.modules.loading: loading mail/views/mail_message_subtype_views.xml 
2026-04-12 17:30:17,465 1 INFO odoo_ci_test odoo.modules.loading: loading mail/views/mail_tracking_value_views.xml 
2026-04-12 17:30:17,477 1 INFO odoo_ci_test odoo.modules.loading: loading mail/views/mail_notification_views.xml 
2026-04-12 17:30:17,489 1 INFO odoo_ci_test odoo.modules.loading: loading mail/views/mail_message_views.xml 
2026-04-12 17:30:17,516 1 INFO odoo_ci_test odoo.modules.loading: loading mail/views/mail_message_schedule_views.xml 
2026-04-12 17:30:17,531 1 INFO odoo_ci_test odoo.modules.loading: loading mail/views/mail_mail_views.xml 
2026-04-12 17:30:17,554 1 INFO odoo_ci_test odoo.modules.loading: loading mail/views/mail_followers_views.xml 
2026-04-12 17:30:17,565 1 INFO odoo_ci_test odoo.modules.loading: loading mail/views/mail_ice_server_views.xml 
2026-04-12 17:30:17,585 1 INFO odoo_ci_test odoo.modules.loading: loading mail/views/discuss_channel_member_views.xml 
2026-04-12 17:30:17,596 1 INFO odoo_ci_test odoo.modules.loading: loading mail/views/discuss_channel_rtc_session_views.xml 
2026-04-12 17:30:17,612 1 INFO odoo_ci_test odoo.modules.loading: loading mail/views/mail_link_preview_views.xml 
2026-04-12 17:30:17,630 1 INFO odoo_ci_test odoo.modules.loading: loading mail/views/discuss/discuss_gif_favorite_views.xml 
2026-04-12 17:30:17,642 1 INFO odoo_ci_test odoo.modules.loading: loading mail/views/discuss_channel_views.xml 
2026-04-12 17:30:17,673 1 INFO odoo_ci_test odoo.modules.loading: loading mail/views/mail_canned_response_views.xml 
2026-04-12 17:30:17,698 1 INFO odoo_ci_test odoo.modules.loading: loading mail/views/res_role_views.xml 
2026-04-12 17:30:17,716 1 INFO odoo_ci_test odoo.modules.loading: loading mail/views/mail_activity_views.xml 
2026-04-12 17:30:17,807 1 INFO odoo_ci_test odoo.modules.loading: loading mail/views/mail_activity_plan_views.xml 
2026-04-12 17:30:17,845 1 INFO odoo_ci_test odoo.modules.loading: loading mail/views/mail_activity_plan_template_views.xml 
2026-04-12 17:30:17,854 1 INFO odoo_ci_test odoo.modules.loading: loading mail/views/res_config_settings_views.xml 
2026-04-12 17:30:17,876 1 INFO odoo_ci_test odoo.modules.loading: loading mail/data/ir_config_parameter_data.xml 
2026-04-12 17:30:17,882 1 INFO odoo_ci_test odoo.modules.loading: loading mail/data/res_partner_data.xml 
2026-04-12 17:30:17,943 1 INFO odoo_ci_test odoo.modules.loading: loading mail/data/mail_message_subtype_data.xml 
2026-04-12 17:30:17,951 1 INFO odoo_ci_test odoo.modules.loading: loading mail/data/mail_templates_chatter.xml 
2026-04-12 17:30:17,968 1 INFO odoo_ci_test odoo.modules.loading: loading mail/data/mail_templates_email_layouts.xml 
2026-04-12 17:30:17,985 1 INFO odoo_ci_test odoo.modules.loading: loading mail/data/mail_templates_mailgateway.xml 
2026-04-12 17:30:18,002 1 INFO odoo_ci_test odoo.modules.loading: loading mail/data/discuss_channel_data.xml 
2026-04-12 17:30:18,037 1 INFO odoo_ci_test odoo.modules.loading: loading mail/data/mail_activity_type_data.xml 
2026-04-12 17:30:18,048 1 INFO odoo_ci_test odoo.modules.loading: loading mail/data/security_notifications_templates.xml 
2026-04-12 17:30:18,054 1 INFO odoo_ci_test odoo.modules.loading: loading mail/data/ir_cron_data.xml 
2026-04-12 17:30:18,149 1 INFO odoo_ci_test odoo.modules.loading: loading mail/data/ir_actions_client.xml 
2026-04-12 17:30:18,154 1 INFO odoo_ci_test odoo.modules.loading: loading mail/security/mail_security.xml 
2026-04-12 17:30:18,292 1 INFO odoo_ci_test odoo.modules.loading: loading mail/security/ir.model.access.csv 
2026-04-12 17:30:18,334 1 INFO odoo_ci_test odoo.modules.loading: loading mail/views/discuss_public_templates.xml 
2026-04-12 17:30:18,339 1 INFO odoo_ci_test odoo.modules.loading: loading mail/views/mail_alias_domain_views.xml 
2026-04-12 17:30:18,355 1 INFO odoo_ci_test odoo.modules.loading: loading mail/views/mail_alias_views.xml 
2026-04-12 17:30:18,373 1 INFO odoo_ci_test odoo.modules.loading: loading mail/views/mail_gateway_allowed_views.xml 
2026-04-12 17:30:18,385 1 INFO odoo_ci_test odoo.modules.loading: loading mail/views/mail_guest_views.xml 
2026-04-12 17:30:18,397 1 INFO odoo_ci_test odoo.modules.loading: loading mail/views/mail_message_reaction_views.xml 
2026-04-12 17:30:18,409 1 INFO odoo_ci_test odoo.modules.loading: loading mail/views/mail_templates_public.xml 
2026-04-12 17:30:18,417 1 INFO odoo_ci_test odoo.modules.loading: loading mail/views/res_users_views.xml 
2026-04-12 17:30:18,442 1 INFO odoo_ci_test odoo.modules.loading: loading mail/views/res_users_settings_views.xml 
2026-04-12 17:30:18,456 1 INFO odoo_ci_test odoo.modules.loading: loading mail/views/mail_template_views.xml 
2026-04-12 17:30:18,477 1 INFO odoo_ci_test odoo.modules.loading: loading mail/views/ir_actions_server_views.xml 
2026-04-12 17:30:18,494 1 INFO odoo_ci_test odoo.modules.loading: loading mail/views/ir_model_views.xml 
2026-04-12 17:30:18,524 1 INFO odoo_ci_test odoo.modules.loading: loading mail/views/res_partner_views.xml 
2026-04-12 17:30:18,567 1 INFO odoo_ci_test odoo.modules.loading: loading mail/views/mail_blacklist_views.xml 
2026-04-12 17:30:18,584 1 INFO odoo_ci_test odoo.modules.loading: loading mail/views/mail_menus.xml 
2026-04-12 17:30:18,702 1 INFO odoo_ci_test odoo.modules.loading: loading mail/views/discuss/discuss_menus.xml 
2026-04-12 17:30:18,706 1 INFO odoo_ci_test odoo.modules.loading: loading mail/views/discuss/discuss_call_history_views.xml 
2026-04-12 17:30:18,721 1 INFO odoo_ci_test odoo.modules.loading: loading mail/views/res_company_views.xml 
2026-04-12 17:30:18,730 1 INFO odoo_ci_test odoo.modules.loading: loading mail/views/mail_scheduled_message_views.xml 
2026-04-12 17:30:18,738 1 INFO odoo_ci_test odoo.modules.loading: loading mail/data/mail_canned_response_data.xml 
2026-04-12 17:30:18,746 1 INFO odoo_ci_test odoo.modules.loading: loading mail/data/mail_templates_invite.xml 
2026-04-12 17:30:18,759 1 INFO odoo_ci_test odoo.modules.loading: loading mail/data/web_tour_tour.xml 
2026-04-12 17:30:18,832 1 INFO odoo_ci_test odoo.modules.loading: Module mail loaded in 3.11s, 4978 queries (+4979 other) 
2026-04-12 17:30:18,832 1 INFO odoo_ci_test odoo.modules.loading: Loading module web_unsplash (15/32) 
2026-04-12 17:30:18,845 1 INFO odoo_ci_test odoo.registry: module web_unsplash: creating or updating database tables 
2026-04-12 17:30:18,892 1 INFO odoo_ci_test odoo.modules.loading: loading web_unsplash/views/res_config_settings_view.xml 
2026-04-12 17:30:18,924 1 INFO odoo_ci_test odoo.modules.loading: Module web_unsplash loaded in 0.09s, 112 queries (+112 other) 
2026-04-12 17:30:18,924 1 INFO odoo_ci_test odoo.modules.loading: Loading module auth_signup (16/32) 
2026-04-12 17:30:18,938 1 INFO odoo_ci_test odoo.registry: module auth_signup: creating or updating database tables 
2026-04-12 17:30:18,999 1 INFO odoo_ci_test odoo.modules.loading: loading auth_signup/data/ir_config_parameter_data.xml 
2026-04-12 17:30:19,004 1 INFO odoo_ci_test odoo.modules.loading: loading auth_signup/data/ir_cron_data.xml 
2026-04-12 17:30:19,026 1 INFO odoo_ci_test odoo.modules.loading: loading auth_signup/data/mail_template_data.xml 
2026-04-12 17:30:19,103 1 INFO odoo_ci_test odoo.modules.loading: loading auth_signup/views/res_config_settings_views.xml 
2026-04-12 17:30:19,117 1 INFO odoo_ci_test odoo.modules.loading: loading auth_signup/views/res_users_views.xml 
2026-04-12 17:30:19,141 1 INFO odoo_ci_test odoo.modules.loading: loading auth_signup/views/auth_signup_login_templates.xml 
2026-04-12 17:30:19,160 1 INFO odoo_ci_test odoo.modules.loading: loading auth_signup/views/auth_signup_templates_email.xml 
2026-04-12 17:30:19,166 1 INFO odoo_ci_test odoo.modules.loading: loading auth_signup/views/webclient_templates.xml 
2026-04-12 17:30:19,195 1 INFO odoo_ci_test odoo.modules.loading: Module auth_signup loaded in 0.27s, 255 queries (+255 other) 
2026-04-12 17:30:19,195 1 INFO odoo_ci_test odoo.modules.loading: Loading module auth_totp_mail (17/32) 
2026-04-12 17:30:19,206 1 INFO odoo_ci_test odoo.registry: module auth_totp_mail: creating or updating database tables 
2026-04-12 17:30:19,244 1 INFO odoo_ci_test odoo.modules.loading: loading auth_totp_mail/data/ir_action_data.xml 
2026-04-12 17:30:19,268 1 INFO odoo_ci_test odoo.modules.loading: loading auth_totp_mail/data/mail_template_data.xml 
2026-04-12 17:30:19,305 1 INFO odoo_ci_test odoo.modules.loading: loading auth_totp_mail/data/security_notifications_template.xml 
2026-04-12 17:30:19,314 1 INFO odoo_ci_test odoo.modules.loading: loading auth_totp_mail/views/res_config_settings_views.xml 
2026-04-12 17:30:19,331 1 INFO odoo_ci_test odoo.modules.loading: loading auth_totp_mail/views/res_users_views.xml 
2026-04-12 17:30:19,351 1 INFO odoo_ci_test odoo.modules.loading: loading auth_totp_mail/views/templates.xml 
2026-04-12 17:30:19,374 1 INFO odoo_ci_test odoo.modules.loading: Module auth_totp_mail loaded in 0.18s, 189 queries (+189 other) 
2026-04-12 17:30:19,375 1 INFO odoo_ci_test odoo.modules.loading: Loading module base_install_request (18/32) 
2026-04-12 17:30:19,380 1 INFO odoo_ci_test odoo.registry: module base_install_request: creating or updating database tables 
2026-04-12 17:30:19,432 1 INFO odoo_ci_test odoo.modules.loading: loading base_install_request/security/ir.model.access.csv 
2026-04-12 17:30:19,441 1 INFO odoo_ci_test odoo.modules.loading: loading base_install_request/wizard/base_module_install_request_views.xml 
2026-04-12 17:30:19,457 1 INFO odoo_ci_test odoo.modules.loading: loading base_install_request/data/mail_template_data.xml 
2026-04-12 17:30:19,463 1 INFO odoo_ci_test odoo.modules.loading: loading base_install_request/data/mail_templates_module_install.xml 
2026-04-12 17:30:19,467 1 INFO odoo_ci_test odoo.modules.loading: loading base_install_request/views/ir_module_module_views.xml 
2026-04-12 17:30:19,489 1 INFO odoo_ci_test odoo.modules.loading: Module base_install_request loaded in 0.11s, 154 queries (+154 other) 
2026-04-12 17:30:19,490 1 INFO odoo_ci_test odoo.modules.loading: Loading module google_gmail (19/32) 
2026-04-12 17:30:19,501 1 INFO odoo_ci_test odoo.registry: module google_gmail: creating or updating database tables 
2026-04-12 17:30:19,554 1 INFO odoo_ci_test odoo.modules.loading: loading google_gmail/views/fetchmail_server_views.xml 
2026-04-12 17:30:19,568 1 INFO odoo_ci_test odoo.modules.loading: loading google_gmail/views/ir_mail_server_views.xml 
2026-04-12 17:30:19,579 1 INFO odoo_ci_test odoo.modules.loading: loading google_gmail/views/res_config_settings_views.xml 
2026-04-12 17:30:19,599 1 INFO odoo_ci_test odoo.modules.loading: loading google_gmail/views/templates.xml 
2026-04-12 17:30:19,610 1 INFO odoo_ci_test odoo.modules.loading: Module google_gmail loaded in 0.12s, 155 queries (+155 other) 
2026-04-12 17:30:19,610 1 INFO odoo_ci_test odoo.modules.loading: Loading module iap_mail (20/32) 
2026-04-12 17:30:19,615 1 INFO odoo_ci_test odoo.registry: module iap_mail: creating or updating database tables 
2026-04-12 17:30:19,641 1 INFO odoo_ci_test odoo.modules.loading: loading iap_mail/data/mail_templates.xml 
2026-04-12 17:30:19,678 1 INFO odoo_ci_test odoo.modules.loading: loading iap_mail/views/iap_views.xml 
2026-04-12 17:30:19,696 1 INFO odoo_ci_test odoo.modules.loading: Module iap_mail loaded in 0.09s, 70 queries (+70 other) 
2026-04-12 17:30:19,696 1 INFO odoo_ci_test odoo.modules.loading: Loading module mail_bot (21/32) 
2026-04-12 17:30:19,706 1 INFO odoo_ci_test odoo.registry: module mail_bot: creating or updating database tables 
2026-04-12 17:30:19,747 1 INFO odoo_ci_test odoo.modules.loading: loading mail_bot/views/res_users_views.xml 
2026-04-12 17:30:19,764 1 INFO odoo_ci_test odoo.modules.loading: loading mail_bot/data/mailbot_data.xml 
2026-04-12 17:30:19,776 1 INFO odoo_ci_test odoo.modules.loading: Module mail_bot loaded in 0.08s, 109 queries (+109 other) 
2026-04-12 17:30:19,776 1 INFO odoo_ci_test odoo.modules.loading: Loading module microsoft_outlook (22/32) 
2026-04-12 17:30:19,788 1 INFO odoo_ci_test odoo.registry: module microsoft_outlook: creating or updating database tables 
2026-04-12 17:30:19,841 1 INFO odoo_ci_test odoo.modules.loading: loading microsoft_outlook/views/fetchmail_server_views.xml 
2026-04-12 17:30:19,856 1 INFO odoo_ci_test odoo.modules.loading: loading microsoft_outlook/views/ir_mail_server_views.xml 
2026-04-12 17:30:19,867 1 INFO odoo_ci_test odoo.modules.loading: loading microsoft_outlook/views/res_config_settings_views.xml 
2026-04-12 17:30:19,887 1 INFO odoo_ci_test odoo.modules.loading: loading microsoft_outlook/views/templates.xml 
2026-04-12 17:30:19,899 1 INFO odoo_ci_test odoo.modules.loading: Module microsoft_outlook loaded in 0.12s, 158 queries (+158 other) 
2026-04-12 17:30:19,899 1 INFO odoo_ci_test odoo.modules.loading: Loading module phone_validation (23/32) 
2026-04-12 17:30:19,989 1 INFO odoo_ci_test odoo.registry: module phone_validation: creating or updating database tables 
2026-04-12 17:30:19,999 1 INFO odoo_ci_test odoo.models: Prepare computation of res.partner.phone_sanitized 
2026-04-12 17:30:20,697 1 INFO odoo_ci_test odoo.modules.loading: loading phone_validation/security/ir.model.access.csv 
2026-04-12 17:30:20,704 1 INFO odoo_ci_test odoo.modules.loading: loading phone_validation/views/phone_blacklist_views.xml 
2026-04-12 17:30:20,732 1 INFO odoo_ci_test odoo.modules.loading: loading phone_validation/views/res_partner_views.xml 
2026-04-12 17:30:20,743 1 INFO odoo_ci_test odoo.modules.loading: loading phone_validation/wizard/phone_blacklist_remove_view.xml 
2026-04-12 17:30:20,760 1 INFO odoo_ci_test odoo.modules.loading: Module phone_validation loaded in 0.86s, 1627 queries (+1627 other) 
2026-04-12 17:30:20,760 1 INFO odoo_ci_test odoo.modules.loading: Loading module privacy_lookup (24/32) 
2026-04-12 17:30:20,774 1 INFO odoo_ci_test odoo.registry: module privacy_lookup: creating or updating database tables 
2026-04-12 17:30:20,869 1 INFO odoo_ci_test odoo.modules.loading: loading privacy_lookup/wizard/privacy_lookup_wizard_views.xml 
2026-04-12 17:30:20,918 1 INFO odoo_ci_test odoo.modules.loading: loading privacy_lookup/views/privacy_log_views.xml 
2026-04-12 17:30:20,938 1 INFO odoo_ci_test odoo.modules.loading: loading privacy_lookup/security/ir.model.access.csv 
2026-04-12 17:30:20,953 1 INFO odoo_ci_test odoo.modules.loading: loading privacy_lookup/data/ir_actions_server_data.xml 
2026-04-12 17:30:20,997 1 INFO odoo_ci_test odoo.modules.loading: Module privacy_lookup loaded in 0.24s, 293 queries (+293 other) 
2026-04-12 17:30:20,997 1 INFO odoo_ci_test odoo.modules.loading: Loading module sports_federation_base (25/32) 
2026-04-12 17:30:21,006 1 INFO odoo_ci_test odoo.registry: module sports_federation_base: creating or updating database tables 
<string>:26: (WARNING/2) Line block ends without a blank line.
<string>:44: (WARNING/2) Line block ends without a blank line.
<string>:58: (WARNING/2) Line block ends without a blank line.
<string>:73: (WARNING/2) Line block ends without a blank line.
<string>:93: (WARNING/2) Line block ends without a blank line.
<string>:26: (ERROR/3) Undefined substitution referenced: "-------".
<string>:26: (ERROR/3) Undefined substitution referenced: "-------------".
<string>:44: (ERROR/3) Undefined substitution referenced: "-------".
<string>:44: (ERROR/3) Undefined substitution referenced: "-------------".
<string>:58: (ERROR/3) Undefined substitution referenced: "-------".
<string>:58: (ERROR/3) Undefined substitution referenced: "-------------".
<string>:73: (ERROR/3) Undefined substitution referenced: "-------".
<string>:73: (ERROR/3) Undefined substitution referenced: "-------------".
<string>:93: (ERROR/3) Undefined substitution referenced: "-------".
<string>:93: (ERROR/3) Undefined substitution referenced: "-------------".
2026-04-12 17:30:21,128 1 INFO odoo_ci_test odoo.modules.loading: loading sports_federation_base/security/res_groups.xml 
2026-04-12 17:30:21,151 1 INFO odoo_ci_test odoo.modules.loading: loading sports_federation_base/security/ir.model.access.csv 
2026-04-12 17:30:21,169 1 INFO odoo_ci_test odoo.modules.loading: loading sports_federation_base/data/ir_sequence.xml 
2026-04-12 17:30:21,173 1 INFO odoo_ci_test odoo.modules.loading: loading sports_federation_base/views/federation_season_registration_views.xml 
2026-04-12 17:30:21,190 1 INFO odoo_ci_test odoo.modules.loading: loading sports_federation_base/views/federation_season_views.xml 
2026-04-12 17:30:21,207 1 INFO odoo_ci_test odoo.modules.loading: loading sports_federation_base/views/federation_team_views.xml 
2026-04-12 17:30:21,224 1 INFO odoo_ci_test odoo.modules.loading: loading sports_federation_base/views/federation_club_views.xml 
2026-04-12 17:30:21,240 1 INFO odoo_ci_test odoo.modules.loading: loading sports_federation_base/views/menu_items.xml 
2026-04-12 17:30:21,270 1 INFO odoo_ci_test odoo.modules.loading: Module sports_federation_base loaded in 0.27s, 334 queries (+334 other) 
2026-04-12 17:30:21,270 1 INFO odoo_ci_test odoo.modules.loading: Loading module partner_autocomplete (26/32) 
2026-04-12 17:30:21,289 1 INFO odoo_ci_test odoo.registry: module partner_autocomplete: creating or updating database tables 
2026-04-12 17:30:21,359 1 INFO odoo_ci_test odoo.modules.loading: loading partner_autocomplete/views/res_company_views.xml 
2026-04-12 17:30:21,374 1 INFO odoo_ci_test odoo.modules.loading: loading partner_autocomplete/views/res_config_settings_views.xml 
2026-04-12 17:30:21,388 1 INFO odoo_ci_test odoo.modules.loading: loading partner_autocomplete/data/iap_service_data.xml 
2026-04-12 17:30:21,400 1 INFO odoo_ci_test odoo.modules.loading: Module partner_autocomplete loaded in 0.13s, 141 queries (+141 other) 
2026-04-12 17:30:21,400 1 INFO odoo_ci_test odoo.modules.loading: Loading module sms (27/32) 
2026-04-12 17:30:21,483 1 INFO odoo_ci_test odoo.registry: module sms: creating or updating database tables 
2026-04-12 17:30:21,492 1 INFO odoo_ci_test odoo.models: Prepare computation of ir.actions.server.sms_template_id 
2026-04-12 17:30:21,492 1 INFO odoo_ci_test odoo.models: Prepare computation of ir.actions.server.sms_method 
2026-04-12 17:30:22,341 1 INFO odoo_ci_test odoo.modules.loading: loading sms/data/iap_service_data.xml 
2026-04-12 17:30:22,346 1 INFO odoo_ci_test odoo.modules.loading: loading sms/data/ir_cron_data.xml 
2026-04-12 17:30:22,374 1 INFO odoo_ci_test odoo.modules.loading: loading sms/wizard/sms_account_code_views.xml 
2026-04-12 17:30:22,385 1 INFO odoo_ci_test odoo.modules.loading: loading sms/wizard/sms_account_phone_views.xml 
2026-04-12 17:30:22,392 1 INFO odoo_ci_test odoo.modules.loading: loading sms/wizard/sms_account_sender_views.xml 
2026-04-12 17:30:22,400 1 INFO odoo_ci_test odoo.modules.loading: loading sms/wizard/sms_composer_views.xml 
2026-04-12 17:30:22,412 1 INFO odoo_ci_test odoo.modules.loading: loading sms/wizard/sms_template_preview_views.xml 
2026-04-12 17:30:22,423 1 INFO odoo_ci_test odoo.modules.loading: loading sms/wizard/sms_template_reset_views.xml 
2026-04-12 17:30:22,433 1 INFO odoo_ci_test odoo.modules.loading: loading sms/views/ir_actions_server_views.xml 
2026-04-12 17:30:22,449 1 INFO odoo_ci_test odoo.modules.loading: loading sms/views/mail_notification_views.xml 
2026-04-12 17:30:22,465 1 INFO odoo_ci_test odoo.modules.loading: loading sms/views/res_config_settings_views.xml 
2026-04-12 17:30:22,480 1 INFO odoo_ci_test odoo.modules.loading: loading sms/views/res_partner_views.xml 
2026-04-12 17:30:22,498 1 INFO odoo_ci_test odoo.modules.loading: loading sms/views/iap_account_views.xml 
2026-04-12 17:30:22,511 1 INFO odoo_ci_test odoo.modules.loading: loading sms/views/sms_sms_views.xml 
2026-04-12 17:30:22,540 1 INFO odoo_ci_test odoo.modules.loading: loading sms/views/sms_template_views.xml 
2026-04-12 17:30:22,562 1 INFO odoo_ci_test odoo.modules.loading: loading sms/security/ir.model.access.csv 
2026-04-12 17:30:22,585 1 INFO odoo_ci_test odoo.modules.loading: loading sms/security/sms_security.xml 
2026-04-12 17:30:22,610 1 INFO odoo_ci_test odoo.modules.loading: Module sms loaded in 1.21s, 2074 queries (+2074 other) 
2026-04-12 17:30:22,610 1 INFO odoo_ci_test odoo.modules.loading: Loading module snailmail (28/32) 
2026-04-12 17:30:22,724 1 INFO odoo_ci_test odoo.registry: module snailmail: creating or updating database tables 
2026-04-12 17:30:22,936 1 INFO odoo_ci_test odoo.modules.loading: loading snailmail/data/iap_service_data.xml 
2026-04-12 17:30:22,940 1 INFO odoo_ci_test odoo.modules.loading: loading snailmail/data/snailmail_data.xml 
2026-04-12 17:30:22,963 1 INFO odoo_ci_test odoo.modules.loading: loading snailmail/views/report_assets.xml 
2026-04-12 17:30:22,975 1 INFO odoo_ci_test odoo.modules.loading: loading snailmail/views/snailmail_views.xml 
2026-04-12 17:30:22,995 1 INFO odoo_ci_test odoo.modules.loading: loading snailmail/security/ir.model.access.csv 
2026-04-12 17:30:23,020 1 INFO odoo_ci_test odoo.modules.loading: Module snailmail loaded in 0.41s, 449 queries (+449 other) 
2026-04-12 17:30:23,020 1 INFO odoo_ci_test odoo.modules.loading: Loading module sports_federation_rules (29/32) 
2026-04-12 17:30:23,029 1 INFO odoo_ci_test odoo.registry: module sports_federation_rules: creating or updating database tables 
<string>:17: (WARNING/2) Line block ends without a blank line.
<string>:28: (WARNING/2) Line block ends without a blank line.
<string>:45: (WARNING/2) Line block ends without a blank line.
<string>:57: (WARNING/2) Line block ends without a blank line.
<string>:69: (WARNING/2) Line block ends without a blank line.
<string>:83: (WARNING/2) Line block ends without a blank line.
<string>:98: (WARNING/2) Line block ends without a blank line.
<string>:17: (ERROR/3) Undefined substitution referenced: "--------".
<string>:28: (ERROR/3) Undefined substitution referenced: "-------".
<string>:28: (ERROR/3) Undefined substitution referenced: "-------------".
<string>:45: (ERROR/3) Undefined substitution referenced: "-------".
<string>:45: (ERROR/3) Undefined substitution referenced: "-------------".
<string>:57: (ERROR/3) Undefined substitution referenced: "-------".
<string>:57: (ERROR/3) Undefined substitution referenced: "-------------".
<string>:69: (ERROR/3) Undefined substitution referenced: "-------".
<string>:69: (ERROR/3) Undefined substitution referenced: "-------------".
<string>:83: (ERROR/3) Undefined substitution referenced: "-------".
<string>:83: (ERROR/3) Undefined substitution referenced: "-------------".
<string>:98: (ERROR/3) Undefined substitution referenced: "-------".
2026-04-12 17:30:23,149 1 INFO odoo_ci_test odoo.modules.loading: loading sports_federation_rules/security/ir.model.access.csv 
2026-04-12 17:30:23,159 1 INFO odoo_ci_test odoo.modules.loading: loading sports_federation_rules/views/federation_rule_set_views.xml 
2026-04-12 17:30:23,185 1 INFO odoo_ci_test odoo.modules.loading: loading sports_federation_rules/views/federation_points_rule_views.xml 
2026-04-12 17:30:23,195 1 INFO odoo_ci_test odoo.modules.loading: loading sports_federation_rules/views/federation_tie_break_rule_views.xml 
2026-04-12 17:30:23,205 1 INFO odoo_ci_test odoo.modules.loading: loading sports_federation_rules/views/federation_eligibility_rule_views.xml 
2026-04-12 17:30:23,216 1 INFO odoo_ci_test odoo.modules.loading: loading sports_federation_rules/views/federation_qualification_rule_views.xml 
2026-04-12 17:30:23,227 1 INFO odoo_ci_test odoo.modules.loading: loading sports_federation_rules/views/menu_items.xml 
2026-04-12 17:30:23,258 1 INFO odoo_ci_test odoo.modules.loading: Module sports_federation_rules loaded in 0.24s, 302 queries (+302 other) 
2026-04-12 17:30:23,258 1 INFO odoo_ci_test odoo.modules.loading: Loading module sports_federation_tournament (30/32) 
2026-04-12 17:30:23,272 1 INFO odoo_ci_test odoo.registry: module sports_federation_tournament: creating or updating database tables 
2026-04-12 17:30:23,488 1 INFO odoo_ci_test odoo.modules.loading: loading sports_federation_tournament/security/ir.model.access.csv 
2026-04-12 17:30:23,499 1 INFO odoo_ci_test odoo.modules.loading: loading sports_federation_tournament/views/federation_tournament_participant_views.xml 
2026-04-12 17:30:23,520 1 INFO odoo_ci_test odoo.modules.loading: loading sports_federation_tournament/views/federation_match_views.xml 
2026-04-12 17:30:23,538 1 INFO odoo_ci_test odoo.modules.loading: loading sports_federation_tournament/views/federation_tournament_round_views.xml 
2026-04-12 17:30:23,551 1 INFO odoo_ci_test odoo.modules.loading: loading sports_federation_tournament/views/federation_tournament_group_views.xml 
2026-04-12 17:30:23,567 1 INFO odoo_ci_test odoo.modules.loading: loading sports_federation_tournament/views/federation_tournament_stage_views.xml 
2026-04-12 17:30:23,584 1 INFO odoo_ci_test odoo.modules.loading: loading sports_federation_tournament/views/federation_tournament_views.xml 
2026-04-12 17:30:23,602 1 INFO odoo_ci_test odoo.modules.loading: loading sports_federation_tournament/views/federation_competition_edition_views.xml 
2026-04-12 17:30:23,619 1 INFO odoo_ci_test odoo.modules.loading: loading sports_federation_tournament/views/federation_competition_views.xml 
2026-04-12 17:30:23,636 1 INFO odoo_ci_test odoo.modules.loading: loading sports_federation_tournament/views/federation_season_registration_views_inherit.xml 
2026-04-12 17:30:23,656 1 INFO odoo_ci_test odoo.modules.loading: loading sports_federation_tournament/views/menu_items.xml 
2026-04-12 17:30:23,693 1 INFO odoo_ci_test odoo.modules.loading: Module sports_federation_tournament loaded in 0.44s, 575 queries (+575 other) 
2026-04-12 17:30:23,694 1 INFO odoo_ci_test odoo.modules.loading: Loading module sports_federation_standings (31/32) 
2026-04-12 17:30:23,701 1 INFO odoo_ci_test odoo.registry: module sports_federation_standings: creating or updating database tables 
2026-04-12 17:30:23,791 1 INFO odoo_ci_test odoo.modules.loading: loading sports_federation_standings/security/ir.model.access.csv 
2026-04-12 17:30:23,798 1 INFO odoo_ci_test odoo.modules.loading: loading sports_federation_standings/views/standing_views.xml 
2026-04-12 17:30:23,825 1 INFO odoo_ci_test odoo.modules.loading: loading sports_federation_standings/views/tournament_views_inherit.xml 
2026-04-12 17:30:23,835 1 INFO odoo_ci_test odoo.modules.loading: loading sports_federation_standings/views/menu_views.xml 
2026-04-12 17:30:23,851 1 INFO odoo_ci_test odoo.modules.loading: Module sports_federation_standings loaded in 0.16s, 223 queries (+223 other) 
2026-04-12 17:30:23,851 1 INFO odoo_ci_test odoo.modules.loading: Loading module sports_federation_competition_engine (32/32) 
2026-04-12 17:30:23,864 1 INFO odoo_ci_test odoo.registry: module sports_federation_competition_engine: creating or updating database tables 
2026-04-12 17:30:24,028 1 INFO odoo_ci_test odoo.modules.loading: loading sports_federation_competition_engine/security/ir.model.access.csv 
2026-04-12 17:30:24,037 1 INFO odoo_ci_test odoo.modules.loading: loading sports_federation_competition_engine/views/stage_progression_views.xml 
2026-04-12 17:30:24,054 1 INFO odoo_ci_test odoo.modules.loading: loading sports_federation_competition_engine/views/tournament_template_views.xml 
2026-04-12 17:30:24,070 1 INFO odoo_ci_test odoo.modules.loading: loading sports_federation_competition_engine/wizards/round_robin_wizard_views.xml 
2026-04-12 17:30:24,079 1 INFO odoo_ci_test odoo.modules.loading: loading sports_federation_competition_engine/wizards/knockout_wizard_views.xml 
2026-04-12 17:30:24,085 1 WARNING odoo_ci_test odoo.addons.base.models.ir_ui_view: An alert (class alert-*) must have an alert, alertdialog or status role or an alert-link class. Please use alert and alertdialog only for what expects to stop any activity to be read immediately.
View error context:
{'file': '/mnt/extra-addons/sports_federation_competition_engine/wizards/knockout_wizard_views.xml',
 'line': 22,
 'name': 'federation.knockout.wizard.form',
 'view': ir.ui.view(512,),
 'view.model': 'federation.knockout.wizard',
 'view.parent': ir.ui.view(),
 'xmlid': 'view_knockout_wizard_form'} 
2026-04-12 17:30:24,088 1 INFO odoo_ci_test odoo.modules.loading: loading sports_federation_competition_engine/views/tournament_buttons.xml 
2026-04-12 17:30:24,190 1 INFO odoo_ci_test odoo.addons.sports_federation_competition_engine.tests.test_knockout: Starting TestKnockout.test_bye_seeding_top_seeds ... 
2026-04-12 17:30:24,220 1 INFO odoo_ci_test odoo.addons.sports_federation_competition_engine.services.knockout: Generated 5 knockout matches (3 rounds) for tournament Test Tournament, stage Knockout 
2026-04-12 17:30:24,220 1 INFO odoo_ci_test odoo.addons.sports_federation_competition_engine.tests.test_knockout: Starting TestKnockout.test_bye_sources_fill_second_round_placeholders ... 
2026-04-12 17:30:24,256 1 INFO odoo_ci_test odoo.addons.sports_federation_competition_engine.services.knockout: Generated 7 knockout matches (3 rounds) for tournament Test Tournament, stage Knockout 
2026-04-12 17:30:24,276 1 INFO odoo_ci_test odoo.models.unlink: User #1 deleted mail.message records with IDs: [55, 54, 53, 52, 51, 50, 49] 
2026-04-12 17:30:24,281 1 INFO odoo_ci_test odoo.models.unlink: User #1 deleted federation.match records with IDs: [6, 7, 8, 9, 10, 11, 12] 
2026-04-12 17:30:24,304 1 INFO odoo_ci_test odoo.addons.sports_federation_competition_engine.services.knockout: Generated 5 knockout matches (3 rounds) for tournament Test Tournament, stage Knockout 
2026-04-12 17:30:24,304 1 INFO odoo_ci_test odoo.addons.sports_federation_competition_engine.tests.test_knockout: Starting TestKnockout.test_eight_teams_natural ... 
2026-04-12 17:30:24,338 1 INFO odoo_ci_test odoo.addons.sports_federation_competition_engine.services.knockout: Generated 7 knockout matches (3 rounds) for tournament Test Tournament, stage Knockout 
2026-04-12 17:30:24,338 1 INFO odoo_ci_test odoo.addons.sports_federation_competition_engine.tests.test_knockout: Starting TestKnockout.test_eight_teams_power_of_two ... 
2026-04-12 17:30:24,372 1 INFO odoo_ci_test odoo.addons.sports_federation_competition_engine.services.knockout: Generated 7 knockout matches (3 rounds) for tournament Test Tournament, stage Knockout 
2026-04-12 17:30:24,372 1 INFO odoo_ci_test odoo.addons.sports_federation_competition_engine.tests.test_knockout: Starting TestKnockout.test_manual_seeding_order ... 
2026-04-12 17:30:24,405 1 INFO odoo_ci_test odoo.addons.sports_federation_competition_engine.services.knockout: Generated 7 knockout matches (3 rounds) for tournament Test Tournament, stage Knockout 
2026-04-12 17:30:24,409 1 INFO odoo_ci_test odoo.addons.sports_federation_competition_engine.tests.test_knockout: Starting TestKnockout.test_minimum_participants ... 
2026-04-12 17:30:24,414 1 INFO odoo_ci_test odoo.addons.sports_federation_competition_engine.tests.test_knockout: Starting TestKnockout.test_no_self_pairings ... 
2026-04-12 17:30:24,446 1 INFO odoo_ci_test odoo.addons.sports_federation_competition_engine.services.knockout: Generated 7 knockout matches (3 rounds) for tournament Test Tournament, stage Knockout 
2026-04-12 17:30:24,449 1 INFO odoo_ci_test odoo.addons.sports_federation_competition_engine.tests.test_knockout: Starting TestKnockout.test_overwrite_allowed ... 
2026-04-12 17:30:24,482 1 INFO odoo_ci_test odoo.addons.sports_federation_competition_engine.services.knockout: Generated 7 knockout matches (3 rounds) for tournament Test Tournament, stage Knockout 
2026-04-12 17:30:24,494 1 INFO odoo_ci_test odoo.models.unlink: User #1 deleted mail.message records with IDs: [95, 94, 93, 92, 91, 90, 89] 
2026-04-12 17:30:24,498 1 INFO odoo_ci_test odoo.models.unlink: User #1 deleted federation.match records with IDs: [46, 47, 48, 49, 50, 51, 52] 
2026-04-12 17:30:24,525 1 INFO odoo_ci_test odoo.addons.sports_federation_competition_engine.services.knockout: Generated 7 knockout matches (3 rounds) for tournament Test Tournament, stage Knockout 
2026-04-12 17:30:24,526 1 INFO odoo_ci_test odoo.addons.sports_federation_competition_engine.tests.test_knockout: Starting TestKnockout.test_overwrite_protection ... 
2026-04-12 17:30:24,559 1 INFO odoo_ci_test odoo.addons.sports_federation_competition_engine.services.knockout: Generated 7 knockout matches (3 rounds) for tournament Test Tournament, stage Knockout 
2026-04-12 17:30:24,567 1 INFO odoo_ci_test odoo.addons.sports_federation_competition_engine.tests.test_knockout: Starting TestKnockout.test_play_in_winners_auto_advance_into_seeded_slots ... 
2026-04-12 17:30:24,595 1 INFO odoo_ci_test odoo.addons.sports_federation_competition_engine.services.knockout: Generated 5 knockout matches (3 rounds) for tournament Test Tournament, stage Knockout 
2026-04-12 17:30:24,597 1 INFO odoo_ci_test odoo.addons.sports_federation_competition_engine.tests.test_knockout: Starting TestKnockout.test_seeding_correctness ... 
2026-04-12 17:30:24,629 1 INFO odoo_ci_test odoo.addons.sports_federation_competition_engine.services.knockout: Generated 7 knockout matches (3 rounds) for tournament Test Tournament, stage Knockout 
2026-04-12 17:30:24,633 1 INFO odoo_ci_test odoo.addons.sports_federation_competition_engine.tests.test_knockout: Starting TestKnockout.test_six_teams_power_of_two ... 
2026-04-12 17:30:24,661 1 INFO odoo_ci_test odoo.addons.sports_federation_competition_engine.services.knockout: Generated 5 knockout matches (3 rounds) for tournament Test Tournament, stage Knockout 
2026-04-12 17:30:24,661 1 INFO odoo_ci_test odoo.addons.sports_federation_competition_engine.tests.test_knockout: Starting TestKnockout.test_three_teams_power_of_two ... 
2026-04-12 17:30:24,680 1 INFO odoo_ci_test odoo.addons.sports_federation_competition_engine.services.knockout: Generated 2 knockout matches (2 rounds) for tournament Test Tournament, stage Knockout 
2026-04-12 17:30:24,680 1 INFO odoo_ci_test odoo.addons.sports_federation_competition_engine.tests.test_knockout: Starting TestKnockout.test_tournament_state_validation ... 
2026-04-12 17:30:24,748 1 INFO odoo_ci_test odoo.addons.base.models.ir_attachment: filestore gc 14 checked, 0 removed 
2026-04-12 17:30:24,808 1 INFO odoo_ci_test odoo.addons.sports_federation_competition_engine.tests.test_round_robin: Starting TestRoundRobin.test_deterministic_ordering ... 
2026-04-12 17:30:24,866 1 INFO odoo_ci_test odoo.addons.sports_federation_competition_engine.services.round_robin: Generated 15 round-robin matches for tournament Test Tournament, stage Group Stage 
2026-04-12 17:30:24,880 1 INFO odoo_ci_test odoo.models.unlink: User #1 deleted mail.message records with IDs: [152, 151, 150, 149, 148, 147, 146, 145, 144, 143, 142, 141, 140, 139, 138] 
2026-04-12 17:30:24,885 1 INFO odoo_ci_test odoo.models.unlink: User #1 deleted federation.match records with IDs: [86, 87, 88, 89, 90, 91, 92, 93, 94, 95, 96, 97, 98, 99, 100] 
2026-04-12 17:30:24,935 1 INFO odoo_ci_test odoo.addons.sports_federation_competition_engine.services.round_robin: Generated 15 round-robin matches for tournament Test Tournament, stage Group Stage 
2026-04-12 17:30:24,935 1 INFO odoo_ci_test odoo.addons.sports_federation_competition_engine.tests.test_round_robin: Starting TestRoundRobin.test_double_round ... 
2026-04-12 17:30:24,992 1 INFO odoo_ci_test odoo.addons.sports_federation_competition_engine.services.round_robin: Generated 15 round-robin matches for tournament Test Tournament, stage Group Stage 
2026-04-12 17:30:25,004 1 INFO odoo_ci_test odoo.models.unlink: User #1 deleted mail.message records with IDs: [182, 181, 180, 179, 178, 177, 176, 175, 174, 173, 172, 171, 170, 169, 168] 
2026-04-12 17:30:25,008 1 INFO odoo_ci_test odoo.models.unlink: User #1 deleted federation.match records with IDs: [116, 117, 118, 119, 120, 121, 122, 123, 124, 125, 126, 127, 128, 129, 130] 
2026-04-12 17:30:25,103 1 INFO odoo_ci_test odoo.addons.sports_federation_competition_engine.services.round_robin: Generated 30 round-robin matches for tournament Test Tournament, stage Group Stage 
2026-04-12 17:30:25,103 1 INFO odoo_ci_test odoo.addons.sports_federation_competition_engine.tests.test_round_robin: Starting TestRoundRobin.test_each_team_plays_all_others_once ... 
2026-04-12 17:30:25,160 1 INFO odoo_ci_test odoo.addons.sports_federation_competition_engine.services.round_robin: Generated 15 round-robin matches for tournament Test Tournament, stage Group Stage 
2026-04-12 17:30:25,161 1 INFO odoo_ci_test odoo.addons.sports_federation_competition_engine.tests.test_round_robin: Starting TestRoundRobin.test_even_participant_count ... 
2026-04-12 17:30:25,218 1 INFO odoo_ci_test odoo.addons.sports_federation_competition_engine.services.round_robin: Generated 15 round-robin matches for tournament Test Tournament, stage Group Stage 
2026-04-12 17:30:25,218 1 INFO odoo_ci_test odoo.addons.sports_federation_competition_engine.tests.test_round_robin: Starting TestRoundRobin.test_minimum_participants ... 
2026-04-12 17:30:25,223 1 INFO odoo_ci_test odoo.addons.sports_federation_competition_engine.tests.test_round_robin: Starting TestRoundRobin.test_no_self_pairings ... 
2026-04-12 17:30:25,279 1 INFO odoo_ci_test odoo.addons.sports_federation_competition_engine.services.round_robin: Generated 15 round-robin matches for tournament Test Tournament, stage Group Stage 
2026-04-12 17:30:25,280 1 INFO odoo_ci_test odoo.addons.sports_federation_competition_engine.tests.test_round_robin: Starting TestRoundRobin.test_odd_participant_count ... 
2026-04-12 17:30:25,324 1 INFO odoo_ci_test odoo.addons.sports_federation_competition_engine.services.round_robin: Generated 10 round-robin matches for tournament Test Tournament, stage Group Stage 
2026-04-12 17:30:25,325 1 INFO odoo_ci_test odoo.addons.sports_federation_competition_engine.tests.test_round_robin: Starting TestRoundRobin.test_overwrite_allowed ... 
2026-04-12 17:30:25,382 1 INFO odoo_ci_test odoo.addons.sports_federation_competition_engine.services.round_robin: Generated 15 round-robin matches for tournament Test Tournament, stage Group Stage 
2026-04-12 17:30:25,394 1 INFO odoo_ci_test odoo.models.unlink: User #1 deleted mail.message records with IDs: [282, 281, 280, 279, 278, 277, 276, 275, 274, 273, 272, 271, 270, 269, 268] 
2026-04-12 17:30:25,398 1 INFO odoo_ci_test odoo.models.unlink: User #1 deleted federation.match records with IDs: [216, 217, 218, 219, 220, 221, 222, 223, 224, 225, 226, 227, 228, 229, 230] 
2026-04-12 17:30:25,450 1 INFO odoo_ci_test odoo.addons.sports_federation_competition_engine.services.round_robin: Generated 15 round-robin matches for tournament Test Tournament, stage Group Stage 
2026-04-12 17:30:25,451 1 INFO odoo_ci_test odoo.addons.sports_federation_competition_engine.tests.test_round_robin: Starting TestRoundRobin.test_overwrite_protection ... 
2026-04-12 17:30:25,509 1 INFO odoo_ci_test odoo.addons.sports_federation_competition_engine.services.round_robin: Generated 15 round-robin matches for tournament Test Tournament, stage Group Stage 
2026-04-12 17:30:25,518 1 INFO odoo_ci_test odoo.addons.sports_federation_competition_engine.tests.test_round_robin: Starting TestRoundRobin.test_round_numbers_follow_generated_rounds ... 
2026-04-12 17:30:25,575 1 INFO odoo_ci_test odoo.addons.sports_federation_competition_engine.services.round_robin: Generated 15 round-robin matches for tournament Test Tournament, stage Group Stage 
2026-04-12 17:30:25,575 1 INFO odoo_ci_test odoo.addons.sports_federation_competition_engine.tests.test_round_robin: Starting TestRoundRobin.test_tournament_state_validation ... 
2026-04-12 17:30:25,641 1 INFO odoo_ci_test odoo.addons.base.models.ir_attachment: filestore gc 0 checked, 0 removed 
2026-04-12 17:30:25,696 1 INFO odoo_ci_test odoo.addons.sports_federation_competition_engine.tests.test_tournament_template: Starting TestCompetitionEngineWizardGuards.test_knockout_wizard_requires_rule_set ... 
2026-04-12 17:30:25,704 1 INFO odoo_ci_test odoo.addons.sports_federation_competition_engine.tests.test_tournament_template: Starting TestCompetitionEngineWizardGuards.test_round_robin_wizard_computes_preview_summary ... 
2026-04-12 17:30:25,709 1 INFO odoo_ci_test odoo.addons.sports_federation_competition_engine.tests.test_tournament_template: Starting TestCompetitionEngineWizardGuards.test_round_robin_wizard_rejects_selected_unconfirmed_participants ... 
2026-04-12 17:30:25,728 1 INFO odoo_ci_test odoo.addons.sports_federation_competition_engine.tests.test_tournament_template: Starting TestCompetitionEngineWizardGuards.test_round_robin_wizard_requires_rule_set ... 
2026-04-12 17:30:25,735 1 INFO odoo_ci_test odoo.addons.sports_federation_competition_engine.tests.test_tournament_template: Starting TestCompetitionEngineWizardGuards.test_round_robin_wizard_summary_explains_confirmed_scope_requirement ... 
2026-04-12 17:30:25,800 1 INFO odoo_ci_test odoo.addons.base.models.ir_attachment: filestore gc 0 checked, 0 removed 
2026-04-12 17:30:25,827 1 INFO odoo_ci_test odoo.addons.sports_federation_competition_engine.tests.test_tournament_template: Starting TestTournamentTemplate.test_template_apply_creates_stages_groups_and_progressions ... 
2026-04-12 17:30:25,843 1 INFO odoo_ci_test odoo.addons.sports_federation_competition_engine.tests.test_tournament_template: Starting TestTournamentTemplate.test_template_apply_rejects_tournament_with_existing_stages ... 
2026-04-12 17:30:25,909 1 INFO odoo_ci_test odoo.addons.base.models.ir_attachment: filestore gc 0 checked, 0 removed 
2026-04-12 17:30:25,909 1 INFO odoo_ci_test odoo.modules.loading: Module sports_federation_competition_engine loaded in 2.06s (incl. 1.79s test), 323 queries (+2135 test, +323 other) 
2026-04-12 17:30:25,910 1 INFO odoo_ci_test odoo.modules.loading: 32 modules loaded in 13.05s, 17089 queries (+19225 extra) 
2026-04-12 17:30:26,297 1 INFO odoo_ci_test odoo.modules.loading: Modules loaded. 
2026-04-12 17:30:26,305 1 INFO odoo_ci_test odoo.registry: Registry changed, signaling through the database 
2026-04-12 17:30:26,306 1 INFO odoo_ci_test odoo.registry: Registry loaded in 21.613s 
2026-04-12 17:30:26,306 1 INFO odoo_ci_test odoo.service.server: Starting post tests 
2026-04-12 17:30:26,328 1 INFO odoo_ci_test odoo.service.server: 0 post-tests in 0.02s, 0 queries 
2026-04-12 17:30:26,328 1 INFO odoo_ci_test odoo.tests.stats: sports_federation_competition_engine: 40 tests 1.79s 2135 queries 
2026-04-12 17:30:26,328 1 INFO odoo_ci_test odoo.tests.result: 0 failed, 0 error(s) of 32 tests when loading database 'odoo_ci_test' 
2026-04-12 17:30:26,328 1 INFO odoo_ci_test odoo.service.server: Initiating shutdown 
2026-04-12 17:30:26,328 1 INFO odoo_ci_test odoo.service.server: Hit CTRL-C again or send a second signal to force the shutdown. 
2026-04-12 17:30:26,734 1 INFO odoo_ci_test odoo.sql_db: ConnectionPool(read/write;used=0/count=0/max=64): Closed 2 connections  
