2026-04-10 16:32:32,072 1 INFO odoo_ci_test odoo.modules.loading: loading base/data/ir_demo_failure_data.xml 
<string>:38: (ERROR/3) Unexpected indentation.
<string>:26: (ERROR/3) Undefined substitution referenced: "-------".
<string>:26: (ERROR/3) Undefined substitution referenced: "-------------".
<string>:44: (ERROR/3) Undefined substitution referenced: "-------".
<string>:44: (ERROR/3) Undefined substitution referenced: "-------------".
<string>:58: (ERROR/3) Undefined substitution referenced: "-------".
<string>:58: (ERROR/3) Undefined substitution referenced: "-------------".
<string>:73: (ERROR/3) Undefined substitution referenced: "-------".
<string>:73: (ERROR/3) Undefined substitution referenced: "-------------".
<string>:93: (ERROR/3) Undefined substitution referenced: "-------".
<string>:93: (ERROR/3) Undefined substitution referenced: "-------------".
2026-04-10 16:32:43,025 1 ERROR odoo_ci_test odoo.sql_db: bad query: b'INSERT INTO "federation_club" ("active", "code", "create_date", "create_uid", "name", "write_date", "write_uid") VALUES (true, \'TC01\', \'2026-04-10T16:32:42.993345\'::timestamp, 1, \'Duplicate Code Club\', \'2026-04-10T16:32:42.993345\'::timestamp, 1) RETURNING "id"'
ERROR: duplicate key value violates unique constraint "federation_club_code_unique"
2026-04-10 16:32:43,157 1 ERROR odoo_ci_test odoo.sql_db: bad query: b'INSERT INTO "federation_team" ("active", "category", "club_id", "code", "create_date", "create_uid", "gender", "name", "write_date", "write_uid") VALUES (true, \'senior\', 3, \'SS01\', \'2026-04-10T16:32:43.103372\'::timestamp, 1, \'male\', \'Other Team\', \'2026-04-10T16:32:43.103372\'::timestamp, 1) RETURNING "id"'
ERROR: duplicate key value violates unique constraint "federation_team_code_unique"
2026-04-10 16:32:43,368 1 ERROR odoo_ci_test odoo.sql_db: bad query: b'INSERT INTO "federation_season_registration" ("create_date", "create_uid", "name", "registration_date", "season_id", "state", "team_id", "write_date", "write_uid") VALUES (\'2026-04-10T16:32:43.315408\'::timestamp, 1, \'REG/2026/00004\', \'2026-04-10\'::date, 5, \'draft\', 5, \'2026-04-10T16:32:43.315408\'::timestamp, 1) RETURNING "id"'
ERROR: duplicate key value violates unique constraint "federation_season_registration_team_season_unique"
<string>:16: (ERROR/3) Undefined substitution referenced: "--------".
<string>:27: (ERROR/3) Undefined substitution referenced: "-------".
<string>:27: (ERROR/3) Undefined substitution referenced: "-------------".
<string>:51: (ERROR/3) Undefined substitution referenced: "-------".
<string>:51: (ERROR/3) Undefined substitution referenced: "-------------".
<string>:67: (ERROR/3) Undefined substitution referenced: "------".
2026-04-10 16:32:45,918 1 ERROR odoo_ci_test odoo.sql_db: bad query: b'INSERT INTO "federation_player_license" ("club_id", "create_date", "create_uid", "expiry_date", "issue_date", "name", "player_id", "season_id", "state", "write_date", "write_uid") VALUES (6, \'2026-04-10T16:32:45.878450\'::timestamp, 1, \'2024-12-31\'::date, \'2024-02-01\'::date, \'LIC-004\', 3, 6, \'draft\', \'2026-04-10T16:32:45.878450\'::timestamp, 1) RETURNING "id"'
ERROR: duplicate key value violates unique constraint "federation_player_license_player_season_unique"
<string>:17: (ERROR/3) Undefined substitution referenced: "--------".
<string>:28: (ERROR/3) Undefined substitution referenced: "-------".
<string>:28: (ERROR/3) Undefined substitution referenced: "-------------".
<string>:45: (ERROR/3) Undefined substitution referenced: "-------".
<string>:45: (ERROR/3) Undefined substitution referenced: "-------------".
<string>:57: (ERROR/3) Undefined substitution referenced: "-------".
<string>:57: (ERROR/3) Undefined substitution referenced: "-------------".
<string>:69: (ERROR/3) Undefined substitution referenced: "-------".
<string>:69: (ERROR/3) Undefined substitution referenced: "-------------".
<string>:83: (ERROR/3) Undefined substitution referenced: "-------".
<string>:83: (ERROR/3) Undefined substitution referenced: "-------------".
<string>:98: (ERROR/3) Undefined substitution referenced: "-------".
2026-04-10 16:32:47,255 1 ERROR odoo_ci_test odoo.sql_db: bad query: b'INSERT INTO "federation_competition" ("active", "code", "competition_type", "create_date", "create_uid", "name", "sequence", "state", "write_date", "write_uid") VALUES (true, \'UNIQUE\', \'league\', \'2026-04-10T16:32:47.235426\'::timestamp, 1, \'Comp 2\', 10, \'draft\', \'2026-04-10T16:32:47.235426\'::timestamp, 1) RETURNING "id"'
ERROR: duplicate key value violates unique constraint "federation_competition_code_unique"
2026-04-10 16:32:48,157 1 INFO odoo_ci_test odoo.addons.sports_federation_import_tools.tests.test_import_tools: Starting TestImportTools.test_import_seasons_reports_format_errors_by_category ... 
2026-04-10 16:32:48,456 1 WARNING odoo_ci_test odoo.addons.base.models.ir_ui_view: Error-prone use of @class in view federation.match.form.inherit.officiating.readiness (): use the hasclass(*classes) function to filter elements by their classes 
2026-04-10 16:32:48,641 1 ERROR odoo_ci_test odoo.sql_db: bad query: b'INSERT INTO "federation_referee_certification" ("active", "create_date", "create_uid", "issue_date", "level", "name", "referee_id", "write_date", "write_uid") VALUES (true, \'2026-04-10T16:32:48.609261\'::timestamp, 1, \'2024-05-01\'::date, \'national\', \'CERT-003-DUP\', 2, \'2026-04-10T16:32:48.609261\'::timestamp, 1) RETURNING "id"'
ERROR: duplicate key value violates unique constraint "federation_referee_certification_referee_level_date_unique"
2026-04-10 16:32:48,816 1 ERROR odoo_ci_test odoo.sql_db: bad query: b'INSERT INTO "federation_match_referee" ("assigned_on", "create_date", "create_uid", "match_id", "referee_id", "role", "state", "write_date", "write_uid") VALUES (\'2026-04-10T16:32:48\'::timestamp, \'2026-04-10T16:32:48.712044\'::timestamp, 1, 1, 3, \'head\', \'draft\', \'2026-04-10T16:32:48.712044\'::timestamp, 1) RETURNING "id"'
ERROR: duplicate key value violates unique constraint "federation_match_referee_match_referee_role_unique"
2026-04-10 16:32:49,111 1 ERROR odoo_ci_test odoo.tests.suite: ERROR: setUpClass (odoo.addons.sports_federation_result_control.tests.test_result_control.TestResultControl)
Traceback (most recent call last):
KeyError: 'federation.standing'
2026-04-10 16:32:49,180 1 ERROR odoo_ci_test odoo.modules.loading: Module sports_federation_result_control: 0 failures, 1 errors of 0 tests 
2026-04-10 16:32:49,588 1 ERROR odoo_ci_test odoo.addons.sports_federation_rosters.tests.test_match_sheets: ERROR: TestMatchSheets.test_approved_match_sheet_allows_substitution_updates_but_not_lineup_changes
Traceback (most recent call last):
    raise ValidationError(
odoo.exceptions.ValidationError: Entered minute must be a positive number.
2026-04-10 16:32:49,603 1 ERROR odoo_ci_test odoo.addons.sports_federation_rosters.tests.test_match_sheets: ERROR: TestMatchSheets.test_lock_blocks_any_further_match_sheet_changes
Traceback (most recent call last):
    raise ValidationError(
odoo.exceptions.ValidationError: Entered minute must be a positive number.
2026-04-10 16:32:49,620 1 ERROR odoo_ci_test odoo.addons.sports_federation_rosters.tests.test_match_sheets: ERROR: TestMatchSheets.test_match_sheet_line_unique_player
Traceback (most recent call last):
    raise ValidationError(
odoo.exceptions.ValidationError: Entered minute must be a positive number.
2026-04-10 16:32:49,658 1 ERROR odoo_ci_test odoo.addons.sports_federation_rosters.tests.test_match_sheets: ERROR: TestMatchSheets.test_match_sheet_submit_blocks_ineligible_players_with_reason
Traceback (most recent call last):
    raise ValidationError(
odoo.exceptions.ValidationError: Player 'Player One' is not eligible for this roster: Player 'Player One' must have a gender set to join team 'Home Team'.
2026-04-10 16:32:49,678 1 ERROR odoo_ci_test odoo.addons.sports_federation_rosters.tests.test_match_sheets: ERROR: TestMatchSheets.test_match_sheet_submit_enforces_squad_minimum
Traceback (most recent call last):
    raise ValidationError(
odoo.exceptions.ValidationError: Player 'Player One' is not eligible for this roster: Player 'Player One' must have a gender set to join team 'Home Team'.
2026-04-10 16:32:49,693 1 ERROR odoo_ci_test odoo.sql_db: bad query: b'INSERT INTO "federation_match_sheet" ("create_date", "create_uid", "match_id", "name", "side", "state", "team_id", "write_date", "write_uid") VALUES (\'2026-04-10T16:32:49.533050\'::timestamp, 1, 2, \'Duplicate Home Sheet\', \'home\', \'draft\', 21, \'2026-04-10T16:32:49.533050\'::timestamp, 1) RETURNING "id"'
ERROR: duplicate key value violates unique constraint "federation_match_sheet_unique_match_team_side"
2026-04-10 16:32:50,022 1 ERROR odoo_ci_test odoo.addons.sports_federation_rosters.tests.test_rosters: ERROR: TestRosters.test_live_match_sheet_locks_roster_scope_and_used_lines
Traceback (most recent call last):
    raise ValidationError(
odoo.exceptions.ValidationError: Entered minute must be a positive number.
2026-04-10 16:32:50,051 1 ERROR odoo_ci_test odoo.addons.sports_federation_rosters.tests.test_rosters: FAIL: TestRosters.test_roster_activation_blocks_lines_with_invalid_season_license
Traceback (most recent call last):
AssertionError: True is not false
2026-04-10 16:32:50,122 1 ERROR odoo_ci_test odoo.sql_db: bad query: b'INSERT INTO "federation_team_roster_line" ("create_date", "create_uid", "date_from", "is_captain", "is_vice_captain", "player_id", "roster_id", "status", "write_date", "write_uid") VALUES (\'2026-04-10T16:32:49.926871\'::timestamp, 1, \'2024-01-01\'::date, false, false, 8, 10, \'active\', \'2026-04-10T16:32:49.926871\'::timestamp, 1) RETURNING "id"'
ERROR: duplicate key value violates unique constraint "federation_team_roster_line_unique_roster_player_date_from"
2026-04-10 16:32:50,242 1 ERROR odoo_ci_test odoo.modules.loading: Module sports_federation_rosters: 1 failures, 6 errors of 21 tests 
2026-04-10 16:32:50,586 1 ERROR odoo_ci_test odoo.sql_db: bad query: b'INSERT INTO "federation_standing_line" ("create_date", "create_uid", "drawn", "eliminated", "lost", "participant_id", "played", "points", "qualified", "score_against", "score_for", "standing_id", "won", "write_date", "write_uid") VALUES (\'2026-04-10T16:32:50.418785\'::timestamp, 1, 0, false, 0, 10, 0, 0, false, 0, 0, 7, 0, \'2026-04-10T16:32:50.418785\'::timestamp, 1) RETURNING "id"'
ERROR: duplicate key value violates unique constraint "federation_standing_line_unique_standing_participant"
2026-04-10 16:32:51,694 1 ERROR odoo_ci_test odoo.sql_db: bad query: b'INSERT INTO "federation_playing_area" ("active", "create_date", "create_uid", "name", "surface_type", "venue_id", "write_date", "write_uid") VALUES (true, \'2026-04-10T16:32:51.647024\'::timestamp, 1, \'Main Field\', \'indoor\', 3, \'2026-04-10T16:32:51.647024\'::timestamp, 1) RETURNING "id"'
ERROR: duplicate key value violates unique constraint "federation_playing_area_unique_venue_name"
View error context:
View error context:
2026-04-10 16:32:58,745 1 INFO odoo_ci_test odoo.addons.sports_federation_competition_engine.tests.test_knockout: skipped TestKnockout.test_bye_seeding_top_seeds : Knockout bye logic IndexError — needs engine fix 
2026-04-10 16:32:58,991 1 INFO odoo_ci_test odoo.addons.sports_federation_competition_engine.tests.test_knockout: skipped TestKnockout.test_six_teams_power_of_two : Knockout bye logic IndexError — needs engine fix 
2026-04-10 16:32:58,991 1 INFO odoo_ci_test odoo.addons.sports_federation_competition_engine.tests.test_knockout: skipped TestKnockout.test_three_teams_power_of_two : Knockout bye logic IndexError — needs engine fix 
2026-04-10 16:33:00,958 1 ERROR odoo_ci_test odoo.sql_db: bad query: b'INSERT INTO "ir_model_access" ("active", "create_date", "create_uid", "group_id", "model_id", "name", "perm_create", "perm_read", "perm_unlink", "perm_write", "write_date", "write_uid") VALUES (true, \'2026-04-10T16:33:00.507302\'::timestamp, 1, 17, 498, \'federation.club.role.type.user\', false, true, false, false, \'2026-04-10T16:33:00.507302\'::timestamp, 1), (true, \'2026-04-10T16:33:00.507302\'::timestamp, 1, 18, 498, \'federation.club.role.type.manager\', true, true, true, true, \'2026-04-10T16:33:00.507302\'::timestamp, 1), (true, \'2026-04-10T16:33:00.507302\'::timestamp, 1, 17, 499, \'federation.club.representative.user\', false, true, false, false, \'2026-04-10T16:33:00.507302\'::timestamp, 1), (true, \'2026-04-10T16:33:00.507302\'::timestamp, 1, 18, 499, \'federation.club.representative.manager\', true, true, true, true, \'2026-04-10T16:33:00.507302\'::timestamp, 1), (true, \'2026-04-10T16:33:00.507302\'::timestamp, 1, 29, 499, \'federation.club.representative.portal\', false, true, false, false, \'2026-04-10T16:33:00.507302\'::timestamp, 1), (true, \'2026-04-10T16:33:00.507302\'::timestamp, 1, 29, 503, \'federation.tournament.registration.portal\', true, true, false, true, \'2026-04-10T16:33:00.507302\'::timestamp, 1), (true, \'2026-04-10T16:33:00.507302\'::timestamp, 1, 18, 503, \'federation.tournament.registration.manager\', true, true, true, true, \'2026-04-10T16:33:00.507302\'::timestamp, 1), (true, \'2026-04-10T16:33:00.507302\'::timestamp, 1, 29, 389, \'federation.club.portal\', false, true, false, false, \'2026-04-10T16:33:00.507302\'::timestamp, 1), (true, \'2026-04-10T16:33:00.507302\'::timestamp, 1, 29, 390, \'federation.team.portal\', true, true, false, true, \'2026-04-10T16:33:00.507302\'::timestamp, 1), (true, \'2026-04-10T16:33:00.507302\'::timestamp, 1, 29, 391, \'federation.season.portal\', false, true, false, false, \'2026-04-10T16:33:00.507302\'::timestamp, 1), (true, \'2026-04-10T16:33:00.507302\'::timestamp, 1, 29, 392, \'federation.season.registration.portal\', true, true, false, true, \'2026-04-10T16:33:00.507302\'::timestamp, 1), (true, \'2026-04-10T16:33:00.507302\'::timestamp, 1, 29, 422, \'federation.tournament.portal.read\', false, true, false, false, \'2026-04-10T16:33:00.507302\'::timestamp, 1), (true, \'2026-04-10T16:33:00.507302\'::timestamp, 1, 29, 426, \'federation.tournament.participant.portal.read\', false, true, false, false, \'2026-04-10T16:33:00.507302\'::timestamp, 1), (true, \'2026-04-10T16:33:00.507302\'::timestamp, 1, 29, 427, \'federation.match.portal.read\', false, true, false, false, \'2026-04-10T16:33:00.507302\'::timestamp, 1), (true, \'2026-04-10T16:33:00.507302\'::timestamp, 1, 29, DEFAULT, \'federation.team.roster.portal.read\', false, true, false, false, \'2026-04-10T16:33:00.507302\'::timestamp, 1), (true, \'2026-04-10T16:33:00.507302\'::timestamp, 1, 29, DEFAULT, \'federation.team.roster.line.portal.read\', false, true, false, false, \'2026-04-10T16:33:00.507302\'::timestamp, 1), (true, \'2026-04-10T16:33:00.507302\'::timestamp, 1, 29, DEFAULT, \'federation.match.sheet.portal.read\', false, true, false, false, \'2026-04-10T16:33:00.507302\'::timestamp, 1), (true, \'2026-04-10T16:33:00.507302\'::timestamp, 1, 29, DEFAULT, \'federation.match.sheet.line.portal.read\', false, true, false, false, \'2026-04-10T16:33:00.507302\'::timestamp, 1), (true, \'2026-04-10T16:33:00.507302\'::timestamp, 1, 29, DEFAULT, \'federation.participation.audit.portal.read\', false, true, false, false, \'2026-04-10T16:33:00.507302\'::timestamp, 1), (true, \'2026-04-10T16:33:00.507302\'::timestamp, 1, 29, DEFAULT, \'federation.match.result.audit.portal.read\', false, true, false, false, \'2026-04-10T16:33:00.507302\'::timestamp, 1) RETURNING "id"'
ERROR: null value in column "model_id" of relation "ir_model_access" violates not-null constraint
DETAIL:  Failing row contains (454, null, 29, 1, 1, federation.team.roster.portal.read, t, t, f, f, f, 2026-04-10 16:33:00.507302, 2026-04-10 16:33:00.507302).
2026-04-10 16:33:00,980 1 ERROR odoo_ci_test odoo.sql_db: bad query: b'INSERT INTO "ir_model_access" ("active", "create_date", "create_uid", "group_id", "name", "perm_create", "perm_read", "perm_unlink", "perm_write", "write_date", "write_uid") VALUES (true, \'2026-04-10T16:33:00.507302\'::timestamp, 1, 29, \'federation.team.roster.portal.read\', false, true, false, false, \'2026-04-10T16:33:00.507302\'::timestamp, 1) RETURNING "id"'
ERROR: null value in column "model_id" of relation "ir_model_access" violates not-null constraint
DETAIL:  Failing row contains (469, null, 29, 1, 1, federation.team.roster.portal.read, t, t, f, f, f, 2026-04-10 16:33:00.507302, 2026-04-10 16:33:00.507302).
2026-04-10 16:33:00,983 1 ERROR odoo_ci_test odoo.sql_db: bad query: b'INSERT INTO "ir_model_access" ("active", "create_date", "create_uid", "group_id", "name", "perm_create", "perm_read", "perm_unlink", "perm_write", "write_date", "write_uid") VALUES (true, \'2026-04-10T16:33:00.507302\'::timestamp, 1, 29, \'federation.team.roster.line.portal.read\', false, true, false, false, \'2026-04-10T16:33:00.507302\'::timestamp, 1) RETURNING "id"'
ERROR: null value in column "model_id" of relation "ir_model_access" violates not-null constraint
DETAIL:  Failing row contains (470, null, 29, 1, 1, federation.team.roster.line.portal.read, t, t, f, f, f, 2026-04-10 16:33:00.507302, 2026-04-10 16:33:00.507302).
2026-04-10 16:33:00,985 1 ERROR odoo_ci_test odoo.sql_db: bad query: b'INSERT INTO "ir_model_access" ("active", "create_date", "create_uid", "group_id", "name", "perm_create", "perm_read", "perm_unlink", "perm_write", "write_date", "write_uid") VALUES (true, \'2026-04-10T16:33:00.507302\'::timestamp, 1, 29, \'federation.match.sheet.portal.read\', false, true, false, false, \'2026-04-10T16:33:00.507302\'::timestamp, 1) RETURNING "id"'
ERROR: null value in column "model_id" of relation "ir_model_access" violates not-null constraint
DETAIL:  Failing row contains (471, null, 29, 1, 1, federation.match.sheet.portal.read, t, t, f, f, f, 2026-04-10 16:33:00.507302, 2026-04-10 16:33:00.507302).
2026-04-10 16:33:00,986 1 ERROR odoo_ci_test odoo.sql_db: bad query: b'INSERT INTO "ir_model_access" ("active", "create_date", "create_uid", "group_id", "name", "perm_create", "perm_read", "perm_unlink", "perm_write", "write_date", "write_uid") VALUES (true, \'2026-04-10T16:33:00.507302\'::timestamp, 1, 29, \'federation.match.sheet.line.portal.read\', false, true, false, false, \'2026-04-10T16:33:00.507302\'::timestamp, 1) RETURNING "id"'
ERROR: null value in column "model_id" of relation "ir_model_access" violates not-null constraint
DETAIL:  Failing row contains (472, null, 29, 1, 1, federation.match.sheet.line.portal.read, t, t, f, f, f, 2026-04-10 16:33:00.507302, 2026-04-10 16:33:00.507302).
2026-04-10 16:33:00,988 1 ERROR odoo_ci_test odoo.sql_db: bad query: b'INSERT INTO "ir_model_access" ("active", "create_date", "create_uid", "group_id", "name", "perm_create", "perm_read", "perm_unlink", "perm_write", "write_date", "write_uid") VALUES (true, \'2026-04-10T16:33:00.507302\'::timestamp, 1, 29, \'federation.participation.audit.portal.read\', false, true, false, false, \'2026-04-10T16:33:00.507302\'::timestamp, 1) RETURNING "id"'
ERROR: null value in column "model_id" of relation "ir_model_access" violates not-null constraint
DETAIL:  Failing row contains (473, null, 29, 1, 1, federation.participation.audit.portal.read, t, t, f, f, f, 2026-04-10 16:33:00.507302, 2026-04-10 16:33:00.507302).
2026-04-10 16:33:00,990 1 ERROR odoo_ci_test odoo.sql_db: bad query: b'INSERT INTO "ir_model_access" ("active", "create_date", "create_uid", "group_id", "name", "perm_create", "perm_read", "perm_unlink", "perm_write", "write_date", "write_uid") VALUES (true, \'2026-04-10T16:33:00.507302\'::timestamp, 1, 29, \'federation.match.result.audit.portal.read\', false, true, false, false, \'2026-04-10T16:33:00.507302\'::timestamp, 1) RETURNING "id"'
ERROR: null value in column "model_id" of relation "ir_model_access" violates not-null constraint
DETAIL:  Failing row contains (474, null, 29, 1, 1, federation.match.result.audit.portal.read, t, t, f, f, f, 2026-04-10 16:33:00.507302, 2026-04-10 16:33:00.507302).
2026-04-10 16:33:01,077 1 ERROR odoo_ci_test odoo.registry: Failed to load registry 
2026-04-10 16:33:01,077 1 CRITICAL odoo_ci_test odoo.service.server: Failed to initialize database `odoo_ci_test`. 
Traceback (most recent call last):
Exception: Module loading sports_federation_portal failed: file sports_federation_portal/security/ir.model.access.csv could not be processed:
