 Container sf_ci-ci-db-1  Running
Running as user 'root' is a security risk.
2026-04-12 18:30:10,837 1 WARNING ? odoo.tools.config: missing --http-interface/http_interface, using 0.0.0.0 by default, will change to 127.0.0.1 in 20.0 
2026-04-12 18:30:10,837 1 INFO ? odoo: Odoo version 19.0-20260324 
2026-04-12 18:30:10,837 1 INFO ? odoo: Using configuration file at /etc/odoo/odoo.conf 
2026-04-12 18:30:10,837 1 INFO ? odoo: addons paths: _NamespacePath(['/usr/lib/python3/dist-packages/odoo/addons', '/var/lib/odoo/addons/19.0', '/mnt/extra-addons', '/usr/lib/python3/dist-packages/addons']) 
2026-04-12 18:30:10,837 1 INFO ? odoo: database: odoo@ci-db:5432 
2026-04-12 18:30:11,101 1 INFO ? odoo.service.server: HTTP service (werkzeug) running on 6b2d128c4110:8069 
2026-04-12 18:30:11,119 1 INFO odoo_ci_test odoo.tests.common: Importing test framework 
2026-04-12 18:30:11,147 1 INFO odoo_ci_test odoo.modules.loading: Initializing database odoo_ci_test 
2026-04-12 18:30:12,193 1 INFO odoo_ci_test odoo.modules.loading: loading 1 modules... 
2026-04-12 18:30:12,193 1 INFO odoo_ci_test odoo.modules.loading: Loading module base (1/1) 
2026-04-12 18:30:12,222 1 INFO odoo_ci_test odoo.registry: module base: creating or updating database tables 
2026-04-12 18:30:12,473 1 INFO odoo_ci_test odoo.models: Prepare computation of ir.module.module.menus_by_module 
2026-04-12 18:30:12,473 1 INFO odoo_ci_test odoo.models: Prepare computation of ir.module.module.reports_by_module 
2026-04-12 18:30:12,473 1 INFO odoo_ci_test odoo.models: Prepare computation of ir.module.module.views_by_module 
2026-04-12 18:30:12,550 1 INFO odoo_ci_test odoo.models: Prepare computation of res.partner.user_id 
2026-04-12 18:30:12,550 1 INFO odoo_ci_test odoo.models: Prepare computation of res.partner.commercial_partner_id 
2026-04-12 18:30:12,550 1 INFO odoo_ci_test odoo.models: Prepare computation of res.partner.complete_name 
2026-04-12 18:30:12,551 1 INFO odoo_ci_test odoo.models: Prepare computation of res.partner.lang 
2026-04-12 18:30:12,551 1 INFO odoo_ci_test odoo.models: Prepare computation of res.partner.company_registry 
2026-04-12 18:30:12,551 1 INFO odoo_ci_test odoo.models: Prepare computation of res.partner.commercial_company_name 
2026-04-12 18:30:12,551 1 INFO odoo_ci_test odoo.models: Prepare computation of res.partner.properties 
2026-04-12 18:30:12,551 1 INFO odoo_ci_test odoo.models: Prepare computation of res.partner.partner_share 
2026-04-12 18:30:12,576 1 INFO odoo_ci_test odoo.models: Prepare computation of res.currency.decimal_places 
2026-04-12 18:30:12,594 1 INFO odoo_ci_test odoo.models: Prepare computation of res.company.uses_default_logo 
2026-04-12 18:30:12,594 1 INFO odoo_ci_test odoo.models: Prepare computation of res.company.logo_web 
2026-04-12 18:30:12,596 1 INFO odoo_ci_test odoo.models: Computing parent_path for table res_company... 
2026-04-12 18:30:12,618 1 INFO odoo_ci_test odoo.models: Prepare computation of res.users.signature 
2026-04-12 18:30:12,618 1 INFO odoo_ci_test odoo.models: Prepare computation of res.users.share 
2026-04-12 18:30:13,859 1 INFO odoo_ci_test odoo.modules.loading: loading base/data/res_bank.xml 
2026-04-12 18:30:13,863 1 INFO odoo_ci_test odoo.modules.loading: loading base/data/res.lang.csv 
2026-04-12 18:30:13,901 1 INFO odoo_ci_test odoo.modules.loading: loading base/data/res_lang_data.xml 
2026-04-12 18:30:13,932 1 INFO odoo_ci_test odoo.modules.loading: loading base/data/res_partner_data.xml 
2026-04-12 18:30:13,977 1 INFO odoo_ci_test odoo.modules.loading: loading base/data/res_currency_data.xml 
2026-04-12 18:30:14,406 1 INFO odoo_ci_test odoo.modules.loading: loading base/data/res_company_data.xml 
2026-04-12 18:30:14,414 1 INFO odoo_ci_test odoo.modules.loading: loading base/data/res_users_data.xml 
2026-04-12 18:30:15,433 1 INFO odoo_ci_test odoo.modules.loading: loading base/data/report_paperformat_data.xml 
2026-04-12 18:30:15,440 1 INFO odoo_ci_test odoo.modules.loading: loading base/data/res_country_data.xml 
2026-04-12 18:30:15,962 1 INFO odoo_ci_test odoo.modules.loading: loading base/data/ir_demo_data.xml 
2026-04-12 18:30:15,974 1 INFO odoo_ci_test odoo.modules.loading: loading base/security/base_groups.xml 
2026-04-12 18:30:16,159 1 INFO odoo_ci_test odoo.modules.loading: loading base/security/base_security.xml 
2026-04-12 18:30:16,325 1 INFO odoo_ci_test odoo.modules.loading: loading base/wizard/wizard_ir_model_menu_create_views.xml 
2026-04-12 18:30:16,337 1 INFO odoo_ci_test odoo.modules.loading: loading base/views/base_menus.xml 
2026-04-12 18:30:16,392 1 INFO odoo_ci_test odoo.modules.loading: loading base/views/decimal_precision_views.xml 
2026-04-12 18:30:16,410 1 INFO odoo_ci_test odoo.modules.loading: loading base/views/res_config_views.xml 
2026-04-12 18:30:16,418 1 INFO odoo_ci_test odoo.modules.loading: loading base/data/res.country.state.csv 
2026-04-12 18:30:16,731 1 INFO odoo_ci_test odoo.modules.loading: loading base/views/ir_actions_views.xml 
2026-04-12 18:30:16,864 1 INFO odoo_ci_test odoo.modules.loading: loading base/views/ir_asset_views.xml 
2026-04-12 18:30:16,881 1 INFO odoo_ci_test odoo.modules.loading: loading base/views/ir_config_parameter_views.xml 
2026-04-12 18:30:16,900 1 INFO odoo_ci_test odoo.modules.loading: loading base/views/ir_cron_views.xml 
2026-04-12 18:30:16,930 1 INFO odoo_ci_test odoo.modules.loading: loading base/views/ir_cron_trigger_views.xml 
2026-04-12 18:30:16,949 1 INFO odoo_ci_test odoo.modules.loading: loading base/views/ir_filters_views.xml 
2026-04-12 18:30:16,974 1 INFO odoo_ci_test odoo.modules.loading: loading base/views/ir_mail_server_views.xml 
2026-04-12 18:30:16,995 1 INFO odoo_ci_test odoo.modules.loading: loading base/views/ir_model_views.xml 
2026-04-12 18:30:17,128 1 INFO odoo_ci_test odoo.modules.loading: loading base/views/ir_attachment_views.xml 
2026-04-12 18:30:17,149 1 INFO odoo_ci_test odoo.modules.loading: loading base/views/ir_rule_views.xml 
2026-04-12 18:30:17,168 1 INFO odoo_ci_test odoo.modules.loading: loading base/views/ir_sequence_views.xml 
2026-04-12 18:30:17,189 1 INFO odoo_ci_test odoo.modules.loading: loading base/views/ir_ui_menu_views.xml 
2026-04-12 18:30:17,208 1 INFO odoo_ci_test odoo.modules.loading: loading base/views/ir_ui_view_views.xml 
2026-04-12 18:30:17,255 1 INFO odoo_ci_test odoo.modules.loading: loading base/views/ir_default_views.xml 
2026-04-12 18:30:17,274 1 INFO odoo_ci_test odoo.modules.loading: loading base/data/ir_config_parameter_data.xml 
2026-04-12 18:30:17,277 1 INFO odoo_ci_test odoo.modules.loading: loading base/data/ir_cron_data.xml 
2026-04-12 18:30:17,288 1 INFO odoo_ci_test odoo.modules.loading: loading base/report/ir_model_report.xml 
2026-04-12 18:30:17,292 1 INFO odoo_ci_test odoo.modules.loading: loading base/report/ir_model_templates.xml 
2026-04-12 18:30:17,300 1 INFO odoo_ci_test odoo.modules.loading: loading base/views/ir_logging_views.xml 
2026-04-12 18:30:17,319 1 INFO odoo_ci_test odoo.modules.loading: loading base/views/ir_qweb_widget_templates.xml 
2026-04-12 18:30:17,333 1 INFO odoo_ci_test odoo.modules.loading: loading base/views/ir_module_views.xml 
2026-04-12 18:30:17,383 1 INFO odoo_ci_test odoo.modules.loading: loading base/data/ir_module_category_data.xml 
2026-04-12 18:30:17,420 1 INFO odoo_ci_test odoo.modules.loading: loading base/data/ir_module_module.xml 
2026-04-12 18:30:17,475 1 INFO odoo_ci_test odoo.modules.loading: loading base/report/ir_module_reports.xml 
2026-04-12 18:30:17,479 1 INFO odoo_ci_test odoo.modules.loading: loading base/report/ir_module_report_templates.xml 
2026-04-12 18:30:17,485 1 INFO odoo_ci_test odoo.modules.loading: loading base/wizard/base_module_update_views.xml 
2026-04-12 18:30:17,497 1 INFO odoo_ci_test odoo.modules.loading: loading base/wizard/base_language_install_views.xml 
2026-04-12 18:30:17,512 1 INFO odoo_ci_test odoo.modules.loading: loading base/wizard/base_import_language_views.xml 
2026-04-12 18:30:17,522 1 INFO odoo_ci_test odoo.modules.loading: loading base/wizard/base_module_upgrade_views.xml 
2026-04-12 18:30:17,539 1 INFO odoo_ci_test odoo.modules.loading: loading base/wizard/base_module_uninstall_views.xml 
2026-04-12 18:30:17,547 1 INFO odoo_ci_test odoo.modules.loading: loading base/wizard/base_export_language_views.xml 
2026-04-12 18:30:17,558 1 INFO odoo_ci_test odoo.modules.loading: loading base/wizard/base_partner_merge_views.xml 
2026-04-12 18:30:17,572 1 INFO odoo_ci_test odoo.modules.loading: loading base/data/ir_demo_failure_data.xml 
2026-04-12 18:30:17,587 1 INFO odoo_ci_test odoo.modules.loading: loading base/views/ir_profile_views.xml 
2026-04-12 18:30:17,608 1 INFO odoo_ci_test odoo.modules.loading: loading base/views/res_company_views.xml 
2026-04-12 18:30:17,627 1 INFO odoo_ci_test odoo.modules.loading: loading base/views/res_lang_views.xml 
2026-04-12 18:30:17,645 1 INFO odoo_ci_test odoo.modules.loading: loading base/views/res_partner_views.xml 
2026-04-12 18:30:17,730 1 INFO odoo_ci_test odoo.modules.loading: loading base/views/res_bank_views.xml 
2026-04-12 18:30:17,760 1 INFO odoo_ci_test odoo.modules.loading: loading base/views/res_country_views.xml 
2026-04-12 18:30:17,800 1 INFO odoo_ci_test odoo.modules.loading: loading base/views/res_currency_views.xml 
2026-04-12 18:30:17,835 1 INFO odoo_ci_test odoo.modules.loading: loading base/views/res_groups_views.xml 
2026-04-12 18:30:17,876 1 INFO odoo_ci_test odoo.modules.loading: loading base/views/res_users_views.xml 
2026-04-12 18:30:17,963 1 INFO odoo_ci_test odoo.modules.loading: loading base/views/res_users_apikeys_views.xml 
2026-04-12 18:30:17,969 1 INFO odoo_ci_test odoo.modules.loading: loading base/views/res_device_views.xml 
2026-04-12 18:30:17,988 1 INFO odoo_ci_test odoo.modules.loading: loading base/views/res_users_identitycheck_views.xml 
2026-04-12 18:30:17,996 1 INFO odoo_ci_test odoo.modules.loading: loading base/views/res_config_settings_views.xml 
2026-04-12 18:30:18,004 1 INFO odoo_ci_test odoo.modules.loading: loading base/views/report_paperformat_views.xml 
2026-04-12 18:30:18,027 1 INFO odoo_ci_test odoo.modules.loading: loading base/security/ir.model.access.csv 
2026-04-12 18:30:18,315 1 INFO odoo_ci_test odoo.modules.loading: Module base loaded in 6.12s, 8397 queries (+8397 other) 
2026-04-12 18:30:18,316 1 INFO odoo_ci_test odoo.modules.loading: 1 modules loaded in 6.12s, 8397 queries (+8397 extra) 
2026-04-12 18:30:18,318 1 INFO odoo_ci_test odoo.modules.loading: updating modules list 
2026-04-12 18:30:18,319 1 INFO odoo_ci_test odoo.addons.base.models.ir_module: ALLOW access to module.update_list on [] to user __system__ #1 via n/a 
2026-04-12 18:30:19,130 1 INFO odoo_ci_test odoo.addons.base.models.ir_module: ALLOW access to module.button_install on ['Sports Federation Import Tools'] to user __system__ #1 via n/a 
2026-04-12 18:30:19,204 1 INFO odoo_ci_test odoo.modules.loading: loading 32 modules... 
2026-04-12 18:30:19,204 1 INFO odoo_ci_test odoo.modules.loading: Loading module rpc (2/32) 
2026-04-12 18:30:19,219 1 INFO odoo_ci_test odoo.modules.loading: Module rpc loaded in 0.01s, 9 queries (+9 other) 
2026-04-12 18:30:19,219 1 INFO odoo_ci_test odoo.modules.loading: Loading module web (3/32) 
2026-04-12 18:30:19,250 1 INFO odoo_ci_test odoo.registry: module web: creating or updating database tables 
2026-04-12 18:30:19,669 1 INFO odoo_ci_test odoo.modules.loading: loading web/security/ir.model.access.csv 
2026-04-12 18:30:19,676 1 INFO odoo_ci_test odoo.modules.loading: loading web/security/web_security.xml 
2026-04-12 18:30:19,686 1 INFO odoo_ci_test odoo.modules.loading: loading web/views/webclient_templates.xml 
2026-04-12 18:30:19,737 1 INFO odoo_ci_test odoo.modules.loading: loading web/views/report_templates.xml 
2026-04-12 18:30:19,821 1 INFO odoo_ci_test odoo.modules.loading: loading web/views/base_document_layout_views.xml 
2026-04-12 18:30:19,835 1 INFO odoo_ci_test odoo.modules.loading: loading web/views/partner_view.xml 
2026-04-12 18:30:19,842 1 INFO odoo_ci_test odoo.modules.loading: loading web/views/speedscope_template.xml 
2026-04-12 18:30:19,847 1 INFO odoo_ci_test odoo.modules.loading: loading web/views/memory_template.xml 
2026-04-12 18:30:19,854 1 INFO odoo_ci_test odoo.modules.loading: loading web/views/speedscope_config_wizard.xml 
2026-04-12 18:30:19,861 1 INFO odoo_ci_test odoo.modules.loading: loading web/views/neutralize_views.xml 
2026-04-12 18:30:19,868 1 INFO odoo_ci_test odoo.modules.loading: loading web/views/ir_ui_view_views.xml 
2026-04-12 18:30:19,878 1 INFO odoo_ci_test odoo.modules.loading: loading web/data/ir_attachment.xml 
2026-04-12 18:30:19,882 1 INFO odoo_ci_test odoo.modules.loading: loading web/data/report_layout.xml 
2026-04-12 18:30:19,934 1 INFO odoo_ci_test odoo.modules.loading: Module web loaded in 0.71s, 1232 queries (+1232 other) 
2026-04-12 18:30:19,934 1 INFO odoo_ci_test odoo.modules.loading: Loading module api_doc (4/32) 
2026-04-12 18:30:19,940 1 INFO odoo_ci_test odoo.registry: module api_doc: creating or updating database tables 
2026-04-12 18:30:19,955 1 INFO odoo_ci_test odoo.modules.loading: loading api_doc/security/res_groups.xml 
2026-04-12 18:30:19,976 1 INFO odoo_ci_test odoo.modules.loading: loading api_doc/views/docclient.xml 
2026-04-12 18:30:19,995 1 INFO odoo_ci_test odoo.modules.loading: Module api_doc loaded in 0.06s, 63 queries (+63 other) 
2026-04-12 18:30:19,995 1 INFO odoo_ci_test odoo.modules.loading: Loading module auth_totp (5/32) 
2026-04-12 18:30:20,011 1 INFO odoo_ci_test odoo.registry: module auth_totp: creating or updating database tables 
2026-04-12 18:30:20,074 1 INFO odoo_ci_test odoo.modules.loading: loading auth_totp/security/security.xml 
2026-04-12 18:30:20,094 1 INFO odoo_ci_test odoo.modules.loading: loading auth_totp/security/ir.model.access.csv 
2026-04-12 18:30:20,100 1 INFO odoo_ci_test odoo.modules.loading: loading auth_totp/data/ir_action_data.xml 
2026-04-12 18:30:20,106 1 INFO odoo_ci_test odoo.modules.loading: loading auth_totp/views/res_users_views.xml 
2026-04-12 18:30:20,131 1 INFO odoo_ci_test odoo.modules.loading: loading auth_totp/views/templates.xml 
2026-04-12 18:30:20,136 1 INFO odoo_ci_test odoo.modules.loading: loading auth_totp/wizard/auth_totp_wizard_views.xml 
2026-04-12 18:30:20,157 1 INFO odoo_ci_test odoo.modules.loading: Module auth_totp loaded in 0.16s, 218 queries (+218 other) 
2026-04-12 18:30:20,157 1 INFO odoo_ci_test odoo.modules.loading: Loading module base_import (6/32) 
2026-04-12 18:30:20,192 1 INFO odoo_ci_test odoo.registry: module base_import: creating or updating database tables 
2026-04-12 18:30:20,605 1 INFO odoo_ci_test odoo.modules.loading: loading base_import/security/ir.model.access.csv 
2026-04-12 18:30:20,618 1 INFO odoo_ci_test odoo.modules.loading: Module base_import loaded in 0.46s, 956 queries (+956 other) 
2026-04-12 18:30:20,618 1 INFO odoo_ci_test odoo.modules.loading: Loading module base_import_module (7/32) 
2026-04-12 18:30:20,624 1 INFO odoo_ci_test odoo.registry: module base_import_module: creating or updating database tables 
2026-04-12 18:30:20,679 1 INFO odoo_ci_test odoo.modules.loading: loading base_import_module/security/ir.model.access.csv 
2026-04-12 18:30:20,684 1 INFO odoo_ci_test odoo.modules.loading: loading base_import_module/views/base_import_module_view.xml 
2026-04-12 18:30:20,701 1 INFO odoo_ci_test odoo.modules.loading: loading base_import_module/views/ir_module_views.xml 
2026-04-12 18:30:20,741 1 INFO odoo_ci_test odoo.modules.loading: Module base_import_module loaded in 0.12s, 172 queries (+172 other) 
2026-04-12 18:30:20,741 1 INFO odoo_ci_test odoo.modules.loading: Loading module base_setup (8/32) 
2026-04-12 18:30:20,748 1 INFO odoo_ci_test odoo.registry: module base_setup: creating or updating database tables 
2026-04-12 18:30:20,787 1 INFO odoo_ci_test odoo.modules.loading: loading base_setup/data/base_setup_data.xml 
2026-04-12 18:30:20,791 1 INFO odoo_ci_test odoo.modules.loading: loading base_setup/views/res_config_settings_views.xml 
2026-04-12 18:30:20,819 1 INFO odoo_ci_test odoo.modules.loading: loading base_setup/views/res_partner_views.xml 
2026-04-12 18:30:20,836 1 INFO odoo_ci_test odoo.modules.loading: Module base_setup loaded in 0.10s, 152 queries (+152 other) 
2026-04-12 18:30:20,836 1 INFO odoo_ci_test odoo.modules.loading: Loading module bus (9/32) 
2026-04-12 18:30:20,854 1 INFO odoo_ci_test odoo.registry: module bus: creating or updating database tables 
2026-04-12 18:30:20,935 1 INFO odoo_ci_test odoo.modules.loading: loading bus/security/ir.model.access.csv 
2026-04-12 18:30:20,949 1 INFO odoo_ci_test odoo.modules.loading: Module bus loaded in 0.11s, 152 queries (+152 other) 
2026-04-12 18:30:20,949 1 INFO odoo_ci_test odoo.modules.loading: Loading module web_tour (10/32) 
2026-04-12 18:30:20,956 1 INFO odoo_ci_test odoo.registry: module web_tour: creating or updating database tables 
2026-04-12 18:30:20,960 1 INFO odoo_ci_test odoo.models: Prepare computation of res.users.tour_enabled 
2026-04-12 18:30:21,023 1 INFO odoo_ci_test odoo.modules.loading: loading web_tour/security/ir.model.access.csv 
2026-04-12 18:30:21,030 1 INFO odoo_ci_test odoo.modules.loading: loading web_tour/views/tour_views.xml 
2026-04-12 18:30:21,067 1 INFO odoo_ci_test odoo.modules.loading: Module web_tour loaded in 0.12s, 180 queries (+180 other) 
2026-04-12 18:30:21,067 1 INFO odoo_ci_test odoo.modules.loading: Loading module auth_passkey (11/32) 
2026-04-12 18:30:21,100 1 INFO odoo_ci_test odoo.registry: module auth_passkey: creating or updating database tables 
2026-04-12 18:30:21,151 1 INFO odoo_ci_test odoo.modules.loading: loading auth_passkey/views/auth_passkey_key_views.xml 
2026-04-12 18:30:21,170 1 INFO odoo_ci_test odoo.modules.loading: loading auth_passkey/views/auth_passkey_login_templates.xml 
2026-04-12 18:30:21,184 1 INFO odoo_ci_test odoo.modules.loading: loading auth_passkey/views/res_users_identitycheck_views.xml 
2026-04-12 18:30:21,193 1 INFO odoo_ci_test odoo.modules.loading: loading auth_passkey/views/res_users_views.xml 
2026-04-12 18:30:21,210 1 INFO odoo_ci_test odoo.modules.loading: loading auth_passkey/security/ir.model.access.csv 
2026-04-12 18:30:21,217 1 INFO odoo_ci_test odoo.modules.loading: loading auth_passkey/security/security.xml 
2026-04-12 18:30:21,241 1 INFO odoo_ci_test odoo.modules.loading: Module auth_passkey loaded in 0.17s, 218 queries (+218 other) 
2026-04-12 18:30:21,241 1 INFO odoo_ci_test odoo.modules.loading: Loading module html_editor (12/32) 
2026-04-12 18:30:21,394 1 INFO odoo_ci_test odoo.registry: module html_editor: creating or updating database tables 
2026-04-12 18:30:21,843 1 INFO odoo_ci_test odoo.modules.loading: loading html_editor/security/ir.model.access.csv 
2026-04-12 18:30:21,857 1 INFO odoo_ci_test odoo.modules.loading: Module html_editor loaded in 0.62s, 1034 queries (+1034 other) 
2026-04-12 18:30:21,858 1 INFO odoo_ci_test odoo.modules.loading: Loading module iap (13/32) 
2026-04-12 18:30:21,861 1 INFO odoo_ci_test odoo.registry: module iap: creating or updating database tables 
2026-04-12 18:30:21,914 1 INFO odoo_ci_test odoo.modules.loading: loading iap/data/services.xml 
2026-04-12 18:30:21,918 1 INFO odoo_ci_test odoo.modules.loading: loading iap/security/ir.model.access.csv 
2026-04-12 18:30:21,925 1 INFO odoo_ci_test odoo.modules.loading: loading iap/security/ir_rule.xml 
2026-04-12 18:30:21,931 1 INFO odoo_ci_test odoo.modules.loading: loading iap/views/iap_views.xml 
2026-04-12 18:30:21,953 1 INFO odoo_ci_test odoo.modules.loading: loading iap/views/res_config_settings.xml 
2026-04-12 18:30:21,974 1 INFO odoo_ci_test odoo.modules.loading: Module iap loaded in 0.12s, 182 queries (+182 other) 
2026-04-12 18:30:21,974 1 INFO odoo_ci_test odoo.modules.loading: Loading module mail (14/32) 
2026-04-12 18:30:22,036 1 INFO odoo_ci_test odoo.registry: module mail: creating or updating database tables 
2026-04-12 18:30:22,195 1 INFO odoo_ci_test odoo.models: Prepare computation of ir.actions.server.partner_ids 
2026-04-12 18:30:22,196 1 INFO odoo_ci_test odoo.models: Prepare computation of ir.actions.server.activity_user_id 
2026-04-12 18:30:22,198 1 INFO odoo_ci_test odoo.models: Prepare computation of ir.actions.server.activity_type_id 
2026-04-12 18:30:22,198 1 INFO odoo_ci_test odoo.models: Prepare computation of ir.actions.server.template_id 
2026-04-12 18:30:22,198 1 INFO odoo_ci_test odoo.models: Prepare computation of ir.actions.server.activity_date_deadline_range 
2026-04-12 18:30:22,198 1 INFO odoo_ci_test odoo.models: Prepare computation of ir.actions.server.activity_summary 
2026-04-12 18:30:22,198 1 INFO odoo_ci_test odoo.models: Prepare computation of ir.actions.server.followers_type 
2026-04-12 18:30:22,199 1 INFO odoo_ci_test odoo.models: Prepare computation of ir.actions.server.followers_partner_field_name 
2026-04-12 18:30:22,199 1 INFO odoo_ci_test odoo.models: Prepare computation of ir.actions.server.mail_post_method 
2026-04-12 18:30:22,199 1 INFO odoo_ci_test odoo.models: Prepare computation of ir.actions.server.activity_date_deadline_range_type 
2026-04-12 18:30:22,199 1 INFO odoo_ci_test odoo.models: Prepare computation of ir.actions.server.activity_user_type 
2026-04-12 18:30:22,199 1 INFO odoo_ci_test odoo.models: Prepare computation of ir.actions.server.activity_user_field_name 
2026-04-12 18:30:22,199 1 INFO odoo_ci_test odoo.models: Prepare computation of ir.actions.server.activity_note 
2026-04-12 18:30:22,199 1 INFO odoo_ci_test odoo.models: Prepare computation of ir.actions.server.mail_post_autofollow 
2026-04-12 18:30:22,255 1 INFO odoo_ci_test odoo.models: Prepare computation of res.users.notification_type 
2026-04-12 18:30:22,304 1 INFO odoo_ci_test odoo.models: Prepare computation of res.partner.email_normalized 
<string>:38: (ERROR/3) Unexpected indentation.
<string>:43: (WARNING/2) Block quote ends without a blank line; unexpected unindent.
2026-04-12 18:30:23,587 1 INFO odoo_ci_test odoo.modules.loading: loading mail/data/mail_groups.xml 
2026-04-12 18:30:23,608 1 INFO odoo_ci_test odoo.modules.loading: loading mail/wizard/mail_activity_schedule_views.xml 
2026-04-12 18:30:23,620 1 INFO odoo_ci_test odoo.modules.loading: loading mail/wizard/mail_blacklist_remove_views.xml 
2026-04-12 18:30:23,625 1 INFO odoo_ci_test odoo.modules.loading: loading mail/wizard/mail_compose_message_views.xml 
2026-04-12 18:30:23,643 1 INFO odoo_ci_test odoo.modules.loading: loading mail/wizard/mail_template_preview_views.xml 
2026-04-12 18:30:23,652 1 INFO odoo_ci_test odoo.modules.loading: loading mail/wizard/mail_followers_edit_views.xml 
2026-04-12 18:30:23,662 1 INFO odoo_ci_test odoo.modules.loading: loading mail/wizard/mail_template_reset_views.xml 
2026-04-12 18:30:23,671 1 INFO odoo_ci_test odoo.modules.loading: loading mail/views/fetchmail_views.xml 
2026-04-12 18:30:23,688 1 INFO odoo_ci_test odoo.modules.loading: loading mail/views/ir_cron_views.xml 
2026-04-12 18:30:23,699 1 INFO odoo_ci_test odoo.modules.loading: loading mail/views/ir_filters_views.xml 
2026-04-12 18:30:23,715 1 INFO odoo_ci_test odoo.modules.loading: loading mail/views/ir_mail_server_views.xml 
2026-04-12 18:30:23,723 1 INFO odoo_ci_test odoo.modules.loading: loading mail/views/mail_message_subtype_views.xml 
2026-04-12 18:30:23,738 1 INFO odoo_ci_test odoo.modules.loading: loading mail/views/mail_tracking_value_views.xml 
2026-04-12 18:30:23,750 1 INFO odoo_ci_test odoo.modules.loading: loading mail/views/mail_notification_views.xml 
2026-04-12 18:30:23,761 1 INFO odoo_ci_test odoo.modules.loading: loading mail/views/mail_message_views.xml 
2026-04-12 18:30:23,789 1 INFO odoo_ci_test odoo.modules.loading: loading mail/views/mail_message_schedule_views.xml 
2026-04-12 18:30:23,803 1 INFO odoo_ci_test odoo.modules.loading: loading mail/views/mail_mail_views.xml 
2026-04-12 18:30:23,825 1 INFO odoo_ci_test odoo.modules.loading: loading mail/views/mail_followers_views.xml 
2026-04-12 18:30:23,837 1 INFO odoo_ci_test odoo.modules.loading: loading mail/views/mail_ice_server_views.xml 
2026-04-12 18:30:23,857 1 INFO odoo_ci_test odoo.modules.loading: loading mail/views/discuss_channel_member_views.xml 
2026-04-12 18:30:23,869 1 INFO odoo_ci_test odoo.modules.loading: loading mail/views/discuss_channel_rtc_session_views.xml 
2026-04-12 18:30:23,884 1 INFO odoo_ci_test odoo.modules.loading: loading mail/views/mail_link_preview_views.xml 
2026-04-12 18:30:23,901 1 INFO odoo_ci_test odoo.modules.loading: loading mail/views/discuss/discuss_gif_favorite_views.xml 
2026-04-12 18:30:23,912 1 INFO odoo_ci_test odoo.modules.loading: loading mail/views/discuss_channel_views.xml 
2026-04-12 18:30:23,943 1 INFO odoo_ci_test odoo.modules.loading: loading mail/views/mail_canned_response_views.xml 
2026-04-12 18:30:23,966 1 INFO odoo_ci_test odoo.modules.loading: loading mail/views/res_role_views.xml 
2026-04-12 18:30:23,982 1 INFO odoo_ci_test odoo.modules.loading: loading mail/views/mail_activity_views.xml 
2026-04-12 18:30:24,075 1 INFO odoo_ci_test odoo.modules.loading: loading mail/views/mail_activity_plan_views.xml 
2026-04-12 18:30:24,114 1 INFO odoo_ci_test odoo.modules.loading: loading mail/views/mail_activity_plan_template_views.xml 
2026-04-12 18:30:24,124 1 INFO odoo_ci_test odoo.modules.loading: loading mail/views/res_config_settings_views.xml 
2026-04-12 18:30:24,146 1 INFO odoo_ci_test odoo.modules.loading: loading mail/data/ir_config_parameter_data.xml 
2026-04-12 18:30:24,151 1 INFO odoo_ci_test odoo.modules.loading: loading mail/data/res_partner_data.xml 
2026-04-12 18:30:24,211 1 INFO odoo_ci_test odoo.modules.loading: loading mail/data/mail_message_subtype_data.xml 
2026-04-12 18:30:24,219 1 INFO odoo_ci_test odoo.modules.loading: loading mail/data/mail_templates_chatter.xml 
2026-04-12 18:30:24,236 1 INFO odoo_ci_test odoo.modules.loading: loading mail/data/mail_templates_email_layouts.xml 
2026-04-12 18:30:24,253 1 INFO odoo_ci_test odoo.modules.loading: loading mail/data/mail_templates_mailgateway.xml 
2026-04-12 18:30:24,269 1 INFO odoo_ci_test odoo.modules.loading: loading mail/data/discuss_channel_data.xml 
2026-04-12 18:30:24,302 1 INFO odoo_ci_test odoo.modules.loading: loading mail/data/mail_activity_type_data.xml 
2026-04-12 18:30:24,314 1 INFO odoo_ci_test odoo.modules.loading: loading mail/data/security_notifications_templates.xml 
2026-04-12 18:30:24,319 1 INFO odoo_ci_test odoo.modules.loading: loading mail/data/ir_cron_data.xml 
2026-04-12 18:30:24,417 1 INFO odoo_ci_test odoo.modules.loading: loading mail/data/ir_actions_client.xml 
2026-04-12 18:30:24,422 1 INFO odoo_ci_test odoo.modules.loading: loading mail/security/mail_security.xml 
2026-04-12 18:30:24,558 1 INFO odoo_ci_test odoo.modules.loading: loading mail/security/ir.model.access.csv 
2026-04-12 18:30:24,599 1 INFO odoo_ci_test odoo.modules.loading: loading mail/views/discuss_public_templates.xml 
2026-04-12 18:30:24,604 1 INFO odoo_ci_test odoo.modules.loading: loading mail/views/mail_alias_domain_views.xml 
2026-04-12 18:30:24,619 1 INFO odoo_ci_test odoo.modules.loading: loading mail/views/mail_alias_views.xml 
2026-04-12 18:30:24,638 1 INFO odoo_ci_test odoo.modules.loading: loading mail/views/mail_gateway_allowed_views.xml 
2026-04-12 18:30:24,649 1 INFO odoo_ci_test odoo.modules.loading: loading mail/views/mail_guest_views.xml 
2026-04-12 18:30:24,661 1 INFO odoo_ci_test odoo.modules.loading: loading mail/views/mail_message_reaction_views.xml 
2026-04-12 18:30:24,672 1 INFO odoo_ci_test odoo.modules.loading: loading mail/views/mail_templates_public.xml 
2026-04-12 18:30:24,681 1 INFO odoo_ci_test odoo.modules.loading: loading mail/views/res_users_views.xml 
2026-04-12 18:30:24,705 1 INFO odoo_ci_test odoo.modules.loading: loading mail/views/res_users_settings_views.xml 
2026-04-12 18:30:24,719 1 INFO odoo_ci_test odoo.modules.loading: loading mail/views/mail_template_views.xml 
2026-04-12 18:30:24,741 1 INFO odoo_ci_test odoo.modules.loading: loading mail/views/ir_actions_server_views.xml 
2026-04-12 18:30:24,757 1 INFO odoo_ci_test odoo.modules.loading: loading mail/views/ir_model_views.xml 
2026-04-12 18:30:24,789 1 INFO odoo_ci_test odoo.modules.loading: loading mail/views/res_partner_views.xml 
2026-04-12 18:30:24,830 1 INFO odoo_ci_test odoo.modules.loading: loading mail/views/mail_blacklist_views.xml 
2026-04-12 18:30:24,847 1 INFO odoo_ci_test odoo.modules.loading: loading mail/views/mail_menus.xml 
2026-04-12 18:30:24,960 1 INFO odoo_ci_test odoo.modules.loading: loading mail/views/discuss/discuss_menus.xml 
2026-04-12 18:30:24,964 1 INFO odoo_ci_test odoo.modules.loading: loading mail/views/discuss/discuss_call_history_views.xml 
2026-04-12 18:30:24,979 1 INFO odoo_ci_test odoo.modules.loading: loading mail/views/res_company_views.xml 
2026-04-12 18:30:24,989 1 INFO odoo_ci_test odoo.modules.loading: loading mail/views/mail_scheduled_message_views.xml 
2026-04-12 18:30:24,996 1 INFO odoo_ci_test odoo.modules.loading: loading mail/data/mail_canned_response_data.xml 
2026-04-12 18:30:25,005 1 INFO odoo_ci_test odoo.modules.loading: loading mail/data/mail_templates_invite.xml 
2026-04-12 18:30:25,018 1 INFO odoo_ci_test odoo.modules.loading: loading mail/data/web_tour_tour.xml 
2026-04-12 18:30:25,089 1 INFO odoo_ci_test odoo.modules.loading: Module mail loaded in 3.11s, 4978 queries (+4979 other) 
2026-04-12 18:30:25,089 1 INFO odoo_ci_test odoo.modules.loading: Loading module web_unsplash (15/32) 
2026-04-12 18:30:25,102 1 INFO odoo_ci_test odoo.registry: module web_unsplash: creating or updating database tables 
2026-04-12 18:30:25,150 1 INFO odoo_ci_test odoo.modules.loading: loading web_unsplash/views/res_config_settings_view.xml 
2026-04-12 18:30:25,181 1 INFO odoo_ci_test odoo.modules.loading: Module web_unsplash loaded in 0.09s, 112 queries (+112 other) 
2026-04-12 18:30:25,181 1 INFO odoo_ci_test odoo.modules.loading: Loading module auth_signup (16/32) 
2026-04-12 18:30:25,194 1 INFO odoo_ci_test odoo.registry: module auth_signup: creating or updating database tables 
2026-04-12 18:30:25,257 1 INFO odoo_ci_test odoo.modules.loading: loading auth_signup/data/ir_config_parameter_data.xml 
2026-04-12 18:30:25,261 1 INFO odoo_ci_test odoo.modules.loading: loading auth_signup/data/ir_cron_data.xml 
2026-04-12 18:30:25,283 1 INFO odoo_ci_test odoo.modules.loading: loading auth_signup/data/mail_template_data.xml 
2026-04-12 18:30:25,359 1 INFO odoo_ci_test odoo.modules.loading: loading auth_signup/views/res_config_settings_views.xml 
2026-04-12 18:30:25,373 1 INFO odoo_ci_test odoo.modules.loading: loading auth_signup/views/res_users_views.xml 
2026-04-12 18:30:25,397 1 INFO odoo_ci_test odoo.modules.loading: loading auth_signup/views/auth_signup_login_templates.xml 
2026-04-12 18:30:25,416 1 INFO odoo_ci_test odoo.modules.loading: loading auth_signup/views/auth_signup_templates_email.xml 
2026-04-12 18:30:25,422 1 INFO odoo_ci_test odoo.modules.loading: loading auth_signup/views/webclient_templates.xml 
2026-04-12 18:30:25,450 1 INFO odoo_ci_test odoo.modules.loading: Module auth_signup loaded in 0.27s, 255 queries (+255 other) 
2026-04-12 18:30:25,450 1 INFO odoo_ci_test odoo.modules.loading: Loading module auth_totp_mail (17/32) 
2026-04-12 18:30:25,460 1 INFO odoo_ci_test odoo.registry: module auth_totp_mail: creating or updating database tables 
2026-04-12 18:30:25,498 1 INFO odoo_ci_test odoo.modules.loading: loading auth_totp_mail/data/ir_action_data.xml 
2026-04-12 18:30:25,520 1 INFO odoo_ci_test odoo.modules.loading: loading auth_totp_mail/data/mail_template_data.xml 
2026-04-12 18:30:25,559 1 INFO odoo_ci_test odoo.modules.loading: loading auth_totp_mail/data/security_notifications_template.xml 
2026-04-12 18:30:25,567 1 INFO odoo_ci_test odoo.modules.loading: loading auth_totp_mail/views/res_config_settings_views.xml 
2026-04-12 18:30:25,584 1 INFO odoo_ci_test odoo.modules.loading: loading auth_totp_mail/views/res_users_views.xml 
2026-04-12 18:30:25,603 1 INFO odoo_ci_test odoo.modules.loading: loading auth_totp_mail/views/templates.xml 
2026-04-12 18:30:25,627 1 INFO odoo_ci_test odoo.modules.loading: Module auth_totp_mail loaded in 0.18s, 189 queries (+189 other) 
2026-04-12 18:30:25,627 1 INFO odoo_ci_test odoo.modules.loading: Loading module base_install_request (18/32) 
2026-04-12 18:30:25,632 1 INFO odoo_ci_test odoo.registry: module base_install_request: creating or updating database tables 
2026-04-12 18:30:25,684 1 INFO odoo_ci_test odoo.modules.loading: loading base_install_request/security/ir.model.access.csv 
2026-04-12 18:30:25,693 1 INFO odoo_ci_test odoo.modules.loading: loading base_install_request/wizard/base_module_install_request_views.xml 
2026-04-12 18:30:25,709 1 INFO odoo_ci_test odoo.modules.loading: loading base_install_request/data/mail_template_data.xml 
2026-04-12 18:30:25,714 1 INFO odoo_ci_test odoo.modules.loading: loading base_install_request/data/mail_templates_module_install.xml 
2026-04-12 18:30:25,719 1 INFO odoo_ci_test odoo.modules.loading: loading base_install_request/views/ir_module_module_views.xml 
2026-04-12 18:30:25,740 1 INFO odoo_ci_test odoo.modules.loading: Module base_install_request loaded in 0.11s, 154 queries (+154 other) 
2026-04-12 18:30:25,740 1 INFO odoo_ci_test odoo.modules.loading: Loading module google_gmail (19/32) 
2026-04-12 18:30:25,753 1 INFO odoo_ci_test odoo.registry: module google_gmail: creating or updating database tables 
2026-04-12 18:30:25,805 1 INFO odoo_ci_test odoo.modules.loading: loading google_gmail/views/fetchmail_server_views.xml 
2026-04-12 18:30:25,820 1 INFO odoo_ci_test odoo.modules.loading: loading google_gmail/views/ir_mail_server_views.xml 
2026-04-12 18:30:25,830 1 INFO odoo_ci_test odoo.modules.loading: loading google_gmail/views/res_config_settings_views.xml 
2026-04-12 18:30:25,850 1 INFO odoo_ci_test odoo.modules.loading: loading google_gmail/views/templates.xml 
2026-04-12 18:30:25,861 1 INFO odoo_ci_test odoo.modules.loading: Module google_gmail loaded in 0.12s, 155 queries (+155 other) 
2026-04-12 18:30:25,861 1 INFO odoo_ci_test odoo.modules.loading: Loading module iap_mail (20/32) 
2026-04-12 18:30:25,866 1 INFO odoo_ci_test odoo.registry: module iap_mail: creating or updating database tables 
2026-04-12 18:30:25,892 1 INFO odoo_ci_test odoo.modules.loading: loading iap_mail/data/mail_templates.xml 
2026-04-12 18:30:25,930 1 INFO odoo_ci_test odoo.modules.loading: loading iap_mail/views/iap_views.xml 
2026-04-12 18:30:25,948 1 INFO odoo_ci_test odoo.modules.loading: Module iap_mail loaded in 0.09s, 70 queries (+70 other) 
2026-04-12 18:30:25,948 1 INFO odoo_ci_test odoo.modules.loading: Loading module mail_bot (21/32) 
2026-04-12 18:30:25,959 1 INFO odoo_ci_test odoo.registry: module mail_bot: creating or updating database tables 
2026-04-12 18:30:26,001 1 INFO odoo_ci_test odoo.modules.loading: loading mail_bot/views/res_users_views.xml 
2026-04-12 18:30:26,019 1 INFO odoo_ci_test odoo.modules.loading: loading mail_bot/data/mailbot_data.xml 
2026-04-12 18:30:26,030 1 INFO odoo_ci_test odoo.modules.loading: Module mail_bot loaded in 0.08s, 109 queries (+109 other) 
2026-04-12 18:30:26,030 1 INFO odoo_ci_test odoo.modules.loading: Loading module microsoft_outlook (22/32) 
2026-04-12 18:30:26,043 1 INFO odoo_ci_test odoo.registry: module microsoft_outlook: creating or updating database tables 
2026-04-12 18:30:26,093 1 INFO odoo_ci_test odoo.modules.loading: loading microsoft_outlook/views/fetchmail_server_views.xml 
2026-04-12 18:30:26,108 1 INFO odoo_ci_test odoo.modules.loading: loading microsoft_outlook/views/ir_mail_server_views.xml 
2026-04-12 18:30:26,119 1 INFO odoo_ci_test odoo.modules.loading: loading microsoft_outlook/views/res_config_settings_views.xml 
2026-04-12 18:30:26,139 1 INFO odoo_ci_test odoo.modules.loading: loading microsoft_outlook/views/templates.xml 
2026-04-12 18:30:26,151 1 INFO odoo_ci_test odoo.modules.loading: Module microsoft_outlook loaded in 0.12s, 158 queries (+158 other) 
2026-04-12 18:30:26,151 1 INFO odoo_ci_test odoo.modules.loading: Loading module phone_validation (23/32) 
2026-04-12 18:30:26,241 1 INFO odoo_ci_test odoo.registry: module phone_validation: creating or updating database tables 
2026-04-12 18:30:26,251 1 INFO odoo_ci_test odoo.models: Prepare computation of res.partner.phone_sanitized 
2026-04-12 18:30:26,922 1 INFO odoo_ci_test odoo.modules.loading: loading phone_validation/security/ir.model.access.csv 
2026-04-12 18:30:26,929 1 INFO odoo_ci_test odoo.modules.loading: loading phone_validation/views/phone_blacklist_views.xml 
2026-04-12 18:30:26,956 1 INFO odoo_ci_test odoo.modules.loading: loading phone_validation/views/res_partner_views.xml 
2026-04-12 18:30:26,966 1 INFO odoo_ci_test odoo.modules.loading: loading phone_validation/wizard/phone_blacklist_remove_view.xml 
2026-04-12 18:30:26,984 1 INFO odoo_ci_test odoo.modules.loading: Module phone_validation loaded in 0.83s, 1627 queries (+1627 other) 
2026-04-12 18:30:26,984 1 INFO odoo_ci_test odoo.modules.loading: Loading module privacy_lookup (24/32) 
2026-04-12 18:30:26,999 1 INFO odoo_ci_test odoo.registry: module privacy_lookup: creating or updating database tables 
2026-04-12 18:30:27,097 1 INFO odoo_ci_test odoo.modules.loading: loading privacy_lookup/wizard/privacy_lookup_wizard_views.xml 
2026-04-12 18:30:27,146 1 INFO odoo_ci_test odoo.modules.loading: loading privacy_lookup/views/privacy_log_views.xml 
2026-04-12 18:30:27,164 1 INFO odoo_ci_test odoo.modules.loading: loading privacy_lookup/security/ir.model.access.csv 
2026-04-12 18:30:27,179 1 INFO odoo_ci_test odoo.modules.loading: loading privacy_lookup/data/ir_actions_server_data.xml 
2026-04-12 18:30:27,221 1 INFO odoo_ci_test odoo.modules.loading: Module privacy_lookup loaded in 0.24s, 293 queries (+293 other) 
2026-04-12 18:30:27,221 1 INFO odoo_ci_test odoo.modules.loading: Loading module sports_federation_base (25/32) 
2026-04-12 18:30:27,229 1 INFO odoo_ci_test odoo.registry: module sports_federation_base: creating or updating database tables 
<string>:26: (WARNING/2) Line block ends without a blank line.
<string>:44: (WARNING/2) Line block ends without a blank line.
<string>:58: (WARNING/2) Line block ends without a blank line.
<string>:73: (WARNING/2) Line block ends without a blank line.
<string>:93: (WARNING/2) Line block ends without a blank line.
<string>:26: (ERROR/3) Undefined substitution referenced: "-------".
<string>:26: (ERROR/3) Undefined substitution referenced: "-------------".
<string>:44: (ERROR/3) Undefined substitution referenced: "-------".
<string>:44: (ERROR/3) Undefined substitution referenced: "-------------".
<string>:58: (ERROR/3) Undefined substitution referenced: "-------".
<string>:58: (ERROR/3) Undefined substitution referenced: "-------------".
<string>:73: (ERROR/3) Undefined substitution referenced: "-------".
<string>:73: (ERROR/3) Undefined substitution referenced: "-------------".
<string>:93: (ERROR/3) Undefined substitution referenced: "-------".
<string>:93: (ERROR/3) Undefined substitution referenced: "-------------".
2026-04-12 18:30:27,348 1 INFO odoo_ci_test odoo.modules.loading: loading sports_federation_base/security/res_groups.xml 
2026-04-12 18:30:27,371 1 INFO odoo_ci_test odoo.modules.loading: loading sports_federation_base/security/ir.model.access.csv 
2026-04-12 18:30:27,389 1 INFO odoo_ci_test odoo.modules.loading: loading sports_federation_base/data/ir_sequence.xml 
2026-04-12 18:30:27,393 1 INFO odoo_ci_test odoo.modules.loading: loading sports_federation_base/views/federation_season_registration_views.xml 
2026-04-12 18:30:27,409 1 INFO odoo_ci_test odoo.modules.loading: loading sports_federation_base/views/federation_season_views.xml 
2026-04-12 18:30:27,426 1 INFO odoo_ci_test odoo.modules.loading: loading sports_federation_base/views/federation_team_views.xml 
2026-04-12 18:30:27,442 1 INFO odoo_ci_test odoo.modules.loading: loading sports_federation_base/views/federation_club_views.xml 
2026-04-12 18:30:27,459 1 INFO odoo_ci_test odoo.modules.loading: loading sports_federation_base/views/menu_items.xml 
2026-04-12 18:30:27,489 1 INFO odoo_ci_test odoo.modules.loading: Module sports_federation_base loaded in 0.27s, 334 queries (+334 other) 
2026-04-12 18:30:27,489 1 INFO odoo_ci_test odoo.modules.loading: Loading module partner_autocomplete (26/32) 
2026-04-12 18:30:27,507 1 INFO odoo_ci_test odoo.registry: module partner_autocomplete: creating or updating database tables 
2026-04-12 18:30:27,577 1 INFO odoo_ci_test odoo.modules.loading: loading partner_autocomplete/views/res_company_views.xml 
2026-04-12 18:30:27,591 1 INFO odoo_ci_test odoo.modules.loading: loading partner_autocomplete/views/res_config_settings_views.xml 
2026-04-12 18:30:27,605 1 INFO odoo_ci_test odoo.modules.loading: loading partner_autocomplete/data/iap_service_data.xml 
2026-04-12 18:30:27,616 1 INFO odoo_ci_test odoo.modules.loading: Module partner_autocomplete loaded in 0.13s, 141 queries (+141 other) 
2026-04-12 18:30:27,616 1 INFO odoo_ci_test odoo.modules.loading: Loading module sms (27/32) 
2026-04-12 18:30:27,701 1 INFO odoo_ci_test odoo.registry: module sms: creating or updating database tables 
2026-04-12 18:30:27,710 1 INFO odoo_ci_test odoo.models: Prepare computation of ir.actions.server.sms_template_id 
2026-04-12 18:30:27,710 1 INFO odoo_ci_test odoo.models: Prepare computation of ir.actions.server.sms_method 
2026-04-12 18:30:28,529 1 INFO odoo_ci_test odoo.modules.loading: loading sms/data/iap_service_data.xml 
2026-04-12 18:30:28,534 1 INFO odoo_ci_test odoo.modules.loading: loading sms/data/ir_cron_data.xml 
2026-04-12 18:30:28,555 1 INFO odoo_ci_test odoo.modules.loading: loading sms/wizard/sms_account_code_views.xml 
2026-04-12 18:30:28,566 1 INFO odoo_ci_test odoo.modules.loading: loading sms/wizard/sms_account_phone_views.xml 
2026-04-12 18:30:28,572 1 INFO odoo_ci_test odoo.modules.loading: loading sms/wizard/sms_account_sender_views.xml 
2026-04-12 18:30:28,579 1 INFO odoo_ci_test odoo.modules.loading: loading sms/wizard/sms_composer_views.xml 
2026-04-12 18:30:28,590 1 INFO odoo_ci_test odoo.modules.loading: loading sms/wizard/sms_template_preview_views.xml 
2026-04-12 18:30:28,599 1 INFO odoo_ci_test odoo.modules.loading: loading sms/wizard/sms_template_reset_views.xml 
2026-04-12 18:30:28,608 1 INFO odoo_ci_test odoo.modules.loading: loading sms/views/ir_actions_server_views.xml 
2026-04-12 18:30:28,624 1 INFO odoo_ci_test odoo.modules.loading: loading sms/views/mail_notification_views.xml 
2026-04-12 18:30:28,638 1 INFO odoo_ci_test odoo.modules.loading: loading sms/views/res_config_settings_views.xml 
2026-04-12 18:30:28,653 1 INFO odoo_ci_test odoo.modules.loading: loading sms/views/res_partner_views.xml 
2026-04-12 18:30:28,670 1 INFO odoo_ci_test odoo.modules.loading: loading sms/views/iap_account_views.xml 
2026-04-12 18:30:28,681 1 INFO odoo_ci_test odoo.modules.loading: loading sms/views/sms_sms_views.xml 
2026-04-12 18:30:28,707 1 INFO odoo_ci_test odoo.modules.loading: loading sms/views/sms_template_views.xml 
2026-04-12 18:30:28,726 1 INFO odoo_ci_test odoo.modules.loading: loading sms/security/ir.model.access.csv 
2026-04-12 18:30:28,747 1 INFO odoo_ci_test odoo.modules.loading: loading sms/security/sms_security.xml 
2026-04-12 18:30:28,771 1 INFO odoo_ci_test odoo.modules.loading: Module sms loaded in 1.15s, 2074 queries (+2074 other) 
2026-04-12 18:30:28,771 1 INFO odoo_ci_test odoo.modules.loading: Loading module snailmail (28/32) 
2026-04-12 18:30:28,876 1 INFO odoo_ci_test odoo.registry: module snailmail: creating or updating database tables 
2026-04-12 18:30:29,068 1 INFO odoo_ci_test odoo.modules.loading: loading snailmail/data/iap_service_data.xml 
2026-04-12 18:30:29,072 1 INFO odoo_ci_test odoo.modules.loading: loading snailmail/data/snailmail_data.xml 
2026-04-12 18:30:29,095 1 INFO odoo_ci_test odoo.modules.loading: loading snailmail/views/report_assets.xml 
2026-04-12 18:30:29,107 1 INFO odoo_ci_test odoo.modules.loading: loading snailmail/views/snailmail_views.xml 
2026-04-12 18:30:29,126 1 INFO odoo_ci_test odoo.modules.loading: loading snailmail/security/ir.model.access.csv 
2026-04-12 18:30:29,151 1 INFO odoo_ci_test odoo.modules.loading: Module snailmail loaded in 0.38s, 449 queries (+449 other) 
2026-04-12 18:30:29,151 1 INFO odoo_ci_test odoo.modules.loading: Loading module sports_federation_people (29/32) 
2026-04-12 18:30:29,158 1 INFO odoo_ci_test odoo.registry: module sports_federation_people: creating or updating database tables 
<string>:16: (WARNING/2) Line block ends without a blank line.
<string>:27: (WARNING/2) Line block ends without a blank line.
<string>:51: (WARNING/2) Line block ends without a blank line.
<string>:67: (WARNING/2) Line block ends without a blank line.
<string>:16: (ERROR/3) Undefined substitution referenced: "--------".
<string>:27: (ERROR/3) Undefined substitution referenced: "-------".
<string>:27: (ERROR/3) Undefined substitution referenced: "-------------".
<string>:51: (ERROR/3) Undefined substitution referenced: "-------".
<string>:51: (ERROR/3) Undefined substitution referenced: "-------------".
<string>:67: (ERROR/3) Undefined substitution referenced: "------".
2026-04-12 18:30:29,243 1 INFO odoo_ci_test odoo.modules.loading: loading sports_federation_people/security/ir.model.access.csv 
2026-04-12 18:30:29,250 1 INFO odoo_ci_test odoo.modules.loading: loading sports_federation_people/data/ir_sequence.xml 
2026-04-12 18:30:29,254 1 INFO odoo_ci_test odoo.modules.loading: loading sports_federation_people/views/federation_player_views.xml 
2026-04-12 18:30:29,275 1 INFO odoo_ci_test odoo.modules.loading: loading sports_federation_people/views/federation_player_license_views.xml 
2026-04-12 18:30:29,292 1 INFO odoo_ci_test odoo.modules.loading: loading sports_federation_people/views/menu_items.xml 
2026-04-12 18:30:29,313 1 INFO odoo_ci_test odoo.modules.loading: Module sports_federation_people loaded in 0.16s, 208 queries (+208 other) 
2026-04-12 18:30:29,313 1 INFO odoo_ci_test odoo.modules.loading: Loading module sports_federation_rules (30/32) 
2026-04-12 18:30:29,321 1 INFO odoo_ci_test odoo.registry: module sports_federation_rules: creating or updating database tables 
<string>:17: (WARNING/2) Line block ends without a blank line.
<string>:28: (WARNING/2) Line block ends without a blank line.
<string>:45: (WARNING/2) Line block ends without a blank line.
<string>:57: (WARNING/2) Line block ends without a blank line.
<string>:69: (WARNING/2) Line block ends without a blank line.
<string>:83: (WARNING/2) Line block ends without a blank line.
<string>:98: (WARNING/2) Line block ends without a blank line.
<string>:17: (ERROR/3) Undefined substitution referenced: "--------".
<string>:28: (ERROR/3) Undefined substitution referenced: "-------".
<string>:28: (ERROR/3) Undefined substitution referenced: "-------------".
<string>:45: (ERROR/3) Undefined substitution referenced: "-------".
<string>:45: (ERROR/3) Undefined substitution referenced: "-------------".
<string>:57: (ERROR/3) Undefined substitution referenced: "-------".
<string>:57: (ERROR/3) Undefined substitution referenced: "-------------".
<string>:69: (ERROR/3) Undefined substitution referenced: "-------".
<string>:69: (ERROR/3) Undefined substitution referenced: "-------------".
<string>:83: (ERROR/3) Undefined substitution referenced: "-------".
<string>:83: (ERROR/3) Undefined substitution referenced: "-------------".
<string>:98: (ERROR/3) Undefined substitution referenced: "-------".
2026-04-12 18:30:29,440 1 INFO odoo_ci_test odoo.modules.loading: loading sports_federation_rules/security/ir.model.access.csv 
2026-04-12 18:30:29,449 1 INFO odoo_ci_test odoo.modules.loading: loading sports_federation_rules/views/federation_rule_set_views.xml 
2026-04-12 18:30:29,475 1 INFO odoo_ci_test odoo.modules.loading: loading sports_federation_rules/views/federation_points_rule_views.xml 
2026-04-12 18:30:29,484 1 INFO odoo_ci_test odoo.modules.loading: loading sports_federation_rules/views/federation_tie_break_rule_views.xml 
2026-04-12 18:30:29,495 1 INFO odoo_ci_test odoo.modules.loading: loading sports_federation_rules/views/federation_eligibility_rule_views.xml 
2026-04-12 18:30:29,505 1 INFO odoo_ci_test odoo.modules.loading: loading sports_federation_rules/views/federation_qualification_rule_views.xml 
2026-04-12 18:30:29,515 1 INFO odoo_ci_test odoo.modules.loading: loading sports_federation_rules/views/menu_items.xml 
2026-04-12 18:30:29,546 1 INFO odoo_ci_test odoo.modules.loading: Module sports_federation_rules loaded in 0.23s, 302 queries (+302 other) 
2026-04-12 18:30:29,546 1 INFO odoo_ci_test odoo.modules.loading: Loading module sports_federation_tournament (31/32) 
2026-04-12 18:30:29,560 1 INFO odoo_ci_test odoo.registry: module sports_federation_tournament: creating or updating database tables 
2026-04-12 18:30:29,774 1 INFO odoo_ci_test odoo.modules.loading: loading sports_federation_tournament/security/ir.model.access.csv 
2026-04-12 18:30:29,785 1 INFO odoo_ci_test odoo.modules.loading: loading sports_federation_tournament/views/federation_tournament_participant_views.xml 
2026-04-12 18:30:29,807 1 INFO odoo_ci_test odoo.modules.loading: loading sports_federation_tournament/views/federation_match_views.xml 
2026-04-12 18:30:29,825 1 INFO odoo_ci_test odoo.modules.loading: loading sports_federation_tournament/views/federation_tournament_round_views.xml 
2026-04-12 18:30:29,838 1 INFO odoo_ci_test odoo.modules.loading: loading sports_federation_tournament/views/federation_tournament_group_views.xml 
2026-04-12 18:30:29,854 1 INFO odoo_ci_test odoo.modules.loading: loading sports_federation_tournament/views/federation_tournament_stage_views.xml 
2026-04-12 18:30:29,870 1 INFO odoo_ci_test odoo.modules.loading: loading sports_federation_tournament/views/federation_tournament_views.xml 
2026-04-12 18:30:29,889 1 INFO odoo_ci_test odoo.modules.loading: loading sports_federation_tournament/views/federation_competition_edition_views.xml 
2026-04-12 18:30:29,906 1 INFO odoo_ci_test odoo.modules.loading: loading sports_federation_tournament/views/federation_competition_views.xml 
2026-04-12 18:30:29,924 1 INFO odoo_ci_test odoo.modules.loading: loading sports_federation_tournament/views/federation_season_registration_views_inherit.xml 
2026-04-12 18:30:29,944 1 INFO odoo_ci_test odoo.modules.loading: loading sports_federation_tournament/views/menu_items.xml 
2026-04-12 18:30:29,981 1 INFO odoo_ci_test odoo.modules.loading: Module sports_federation_tournament loaded in 0.43s, 575 queries (+575 other) 
2026-04-12 18:30:29,981 1 INFO odoo_ci_test odoo.modules.loading: Loading module sports_federation_import_tools (32/32) 
2026-04-12 18:30:29,999 1 INFO odoo_ci_test odoo.registry: module sports_federation_import_tools: creating or updating database tables 
2026-04-12 18:30:30,151 1 INFO odoo_ci_test odoo.modules.loading: loading sports_federation_import_tools/security/ir.model.access.csv 
2026-04-12 18:30:30,161 1 INFO odoo_ci_test odoo.modules.loading: loading sports_federation_import_tools/data/import_template_data.xml 
2026-04-12 18:30:30,170 1 INFO odoo_ci_test odoo.modules.loading: loading sports_federation_import_tools/views/import_governance_views.xml 
2026-04-12 18:30:30,200 1 INFO odoo_ci_test odoo.modules.loading: loading sports_federation_import_tools/views/import_wizard_views.xml 
2026-04-12 18:30:30,239 1 INFO odoo_ci_test odoo.modules.loading: loading sports_federation_import_tools/views/menu_views.xml 
2026-04-12 18:30:30,316 1 INFO odoo_ci_test odoo.addons.sports_federation_import_tools.tests.test_import_tools: Starting TestImportTools.test_import_clubs_dry_run_exposes_mapping_guide ... 
2026-04-12 18:30:30,336 1 INFO odoo_ci_test odoo.addons.sports_federation_import_tools.tests.test_import_tools: Starting TestImportTools.test_import_governance_invalidates_approval_when_file_changes ... 
2026-04-12 18:30:30,357 1 INFO odoo_ci_test odoo.addons.sports_federation_import_tools.tests.test_import_tools: Starting TestImportTools.test_import_governance_requires_approval_for_live_run ... 
2026-04-12 18:30:30,388 1 INFO odoo_ci_test odoo.addons.sports_federation_import_tools.tests.test_import_tools: Starting TestImportTools.test_import_players_splits_legacy_name_and_sets_club ... 
2026-04-12 18:30:30,396 1 INFO odoo_ci_test odoo.addons.sports_federation_import_tools.tests.test_import_tools: ====================================================================== 
2026-04-12 18:30:30,396 1 ERROR odoo_ci_test odoo.addons.sports_federation_import_tools.tests.test_import_tools: ERROR: TestImportTools.test_import_players_splits_legacy_name_and_sets_club
Traceback (most recent call last):
  File "/mnt/extra-addons/sports_federation_import_tools/tests/test_import_tools.py", line 132, in test_import_players_splits_legacy_name_and_sets_club
    wizard.action_parse_and_import()
  File "/mnt/extra-addons/sports_federation_import_tools/wizard/import_players_wizard.py", line 24, in action_parse_and_import
    baseline_count = self._prepare_import_execution()
                     ^^^^^^^^^^^^^^^^^^^^^^^^^^^^^^^^
  File "/mnt/extra-addons/sports_federation_import_tools/wizard/import_wizard_mixin.py", line 133, in _prepare_import_execution
    self._ensure_live_import_approved()
  File "/mnt/extra-addons/sports_federation_import_tools/wizard/import_wizard_mixin.py", line 117, in _ensure_live_import_approved
    raise ValidationError(
odoo.exceptions.ValidationError: Live imports require an approved governance job. Run a dry run, request approval, and approve the job before importing.
 
2026-04-12 18:30:30,397 1 INFO odoo_ci_test odoo.addons.sports_federation_import_tools.tests.test_import_tools: Starting TestImportTools.test_import_seasons_reports_format_errors_by_category ... 
2026-04-12 18:30:30,403 1 INFO odoo_ci_test odoo.addons.sports_federation_import_tools.tests.test_import_tools: ====================================================================== 
2026-04-12 18:30:30,403 1 ERROR odoo_ci_test odoo.addons.sports_federation_import_tools.tests.test_import_tools: ERROR: TestImportTools.test_import_seasons_reports_format_errors_by_category
Traceback (most recent call last):
  File "/mnt/extra-addons/sports_federation_import_tools/tests/test_import_tools.py", line 158, in test_import_seasons_reports_format_errors_by_category
    wizard.action_parse_and_import()
  File "/mnt/extra-addons/sports_federation_import_tools/wizard/import_seasons_wizard.py", line 23, in action_parse_and_import
    baseline_count = self._prepare_import_execution()
                     ^^^^^^^^^^^^^^^^^^^^^^^^^^^^^^^^
  File "/mnt/extra-addons/sports_federation_import_tools/wizard/import_wizard_mixin.py", line 133, in _prepare_import_execution
    self._ensure_live_import_approved()
  File "/mnt/extra-addons/sports_federation_import_tools/wizard/import_wizard_mixin.py", line 117, in _ensure_live_import_approved
    raise ValidationError(
odoo.exceptions.ValidationError: Live imports require an approved governance job. Run a dry run, request approval, and approve the job before importing.
 
2026-04-12 18:30:30,403 1 INFO odoo_ci_test odoo.addons.sports_federation_import_tools.tests.test_import_tools: Starting TestImportTools.test_import_teams_resolves_club_by_code ... 
2026-04-12 18:30:30,410 1 INFO odoo_ci_test odoo.addons.sports_federation_import_tools.tests.test_import_tools: ====================================================================== 
2026-04-12 18:30:30,411 1 ERROR odoo_ci_test odoo.addons.sports_federation_import_tools.tests.test_import_tools: ERROR: TestImportTools.test_import_teams_resolves_club_by_code
Traceback (most recent call last):
  File "/mnt/extra-addons/sports_federation_import_tools/tests/test_import_tools.py", line 112, in test_import_teams_resolves_club_by_code
    wizard.action_parse_and_import()
  File "/mnt/extra-addons/sports_federation_import_tools/wizard/import_teams_wizard.py", line 22, in action_parse_and_import
    baseline_count = self._prepare_import_execution()
                     ^^^^^^^^^^^^^^^^^^^^^^^^^^^^^^^^
  File "/mnt/extra-addons/sports_federation_import_tools/wizard/import_wizard_mixin.py", line 133, in _prepare_import_execution
    self._ensure_live_import_approved()
  File "/mnt/extra-addons/sports_federation_import_tools/wizard/import_wizard_mixin.py", line 117, in _ensure_live_import_approved
    raise ValidationError(
odoo.exceptions.ValidationError: Live imports require an approved governance job. Run a dry run, request approval, and approve the job before importing.
 
2026-04-12 18:30:30,411 1 INFO odoo_ci_test odoo.addons.sports_federation_import_tools.tests.test_import_tools: Starting TestImportTools.test_import_tournament_participants_accepts_codes_and_seed ... 
2026-04-12 18:30:30,431 1 INFO odoo_ci_test odoo.addons.sports_federation_import_tools.tests.test_import_tools: ====================================================================== 
2026-04-12 18:30:30,431 1 ERROR odoo_ci_test odoo.addons.sports_federation_import_tools.tests.test_import_tools: ERROR: TestImportTools.test_import_tournament_participants_accepts_codes_and_seed
Traceback (most recent call last):
  File "/mnt/extra-addons/sports_federation_import_tools/tests/test_import_tools.py", line 207, in test_import_tournament_participants_accepts_codes_and_seed
    wizard.action_parse_and_import()
  File "/mnt/extra-addons/sports_federation_import_tools/wizard/import_tournament_participants_wizard.py", line 22, in action_parse_and_import
    baseline_count = self._prepare_import_execution()
                     ^^^^^^^^^^^^^^^^^^^^^^^^^^^^^^^^
  File "/mnt/extra-addons/sports_federation_import_tools/wizard/import_wizard_mixin.py", line 133, in _prepare_import_execution
    self._ensure_live_import_approved()
  File "/mnt/extra-addons/sports_federation_import_tools/wizard/import_wizard_mixin.py", line 117, in _ensure_live_import_approved
    raise ValidationError(
odoo.exceptions.ValidationError: Live imports require an approved governance job. Run a dry run, request approval, and approve the job before importing.
 
2026-04-12 18:30:30,432 1 INFO odoo_ci_test odoo.addons.sports_federation_import_tools.tests.test_import_tools: Starting TestImportTools.test_import_tournament_participants_duplicate_skip ... 
2026-04-12 18:30:30,441 1 INFO odoo_ci_test odoo.addons.sports_federation_import_tools.tests.test_import_tools: ====================================================================== 
2026-04-12 18:30:30,441 1 ERROR odoo_ci_test odoo.addons.sports_federation_import_tools.tests.test_import_tools: ERROR: TestImportTools.test_import_tournament_participants_duplicate_skip
Traceback (most recent call last):
  File "/mnt/extra-addons/sports_federation_import_tools/tests/test_import_tools.py", line 179, in test_import_tournament_participants_duplicate_skip
    wizard.action_parse_and_import()
  File "/mnt/extra-addons/sports_federation_import_tools/wizard/import_tournament_participants_wizard.py", line 22, in action_parse_and_import
    baseline_count = self._prepare_import_execution()
                     ^^^^^^^^^^^^^^^^^^^^^^^^^^^^^^^^
  File "/mnt/extra-addons/sports_federation_import_tools/wizard/import_wizard_mixin.py", line 133, in _prepare_import_execution
    self._ensure_live_import_approved()
  File "/mnt/extra-addons/sports_federation_import_tools/wizard/import_wizard_mixin.py", line 117, in _ensure_live_import_approved
    raise ValidationError(
odoo.exceptions.ValidationError: Live imports require an approved governance job. Run a dry run, request approval, and approve the job before importing.
 
2026-04-12 18:30:30,504 1 INFO odoo_ci_test odoo.addons.base.models.ir_attachment: filestore gc 23 checked, 9 removed 
2026-04-12 18:30:30,504 1 INFO odoo_ci_test odoo.modules.loading: Module sports_federation_import_tools loaded in 0.52s (incl. 0.23s test), 397 queries (+215 test, +397 other) 
2026-04-12 18:30:30,505 1 ERROR odoo_ci_test odoo.modules.loading: Module sports_federation_import_tools: 0 failures, 5 errors of 8 tests 
2026-04-12 18:30:30,505 1 INFO odoo_ci_test odoo.modules.loading: 32 modules loaded in 11.30s, 17148 queries (+17364 extra) 
2026-04-12 18:30:30,888 1 ERROR odoo_ci_test odoo.modules.loading: At least one test failed when loading the modules. 
2026-04-12 18:30:30,896 1 INFO odoo_ci_test odoo.registry: Registry changed, signaling through the database 
2026-04-12 18:30:30,897 1 INFO odoo_ci_test odoo.registry: Registry loaded in 19.795s 
2026-04-12 18:30:30,897 1 INFO odoo_ci_test odoo.service.server: Starting post tests 
2026-04-12 18:30:30,919 1 INFO odoo_ci_test odoo.service.server: 0 post-tests in 0.02s, 0 queries 
2026-04-12 18:30:30,919 1 INFO odoo_ci_test odoo.tests.stats: sports_federation_import_tools: 10 tests 0.22s 215 queries 
2026-04-12 18:30:30,919 1 ERROR odoo_ci_test odoo.tests.result: 0 failed, 5 error(s) of 8 tests when loading database 'odoo_ci_test' 
2026-04-12 18:30:30,919 1 INFO odoo_ci_test odoo.service.server: Initiating shutdown 
2026-04-12 18:30:30,919 1 INFO odoo_ci_test odoo.service.server: Hit CTRL-C again or send a second signal to force the shutdown. 
2026-04-12 18:30:31,122 1 INFO odoo_ci_test odoo.sql_db: ConnectionPool(read/write;used=0/count=0/max=64): Closed 2 connections  

