2026-04-12 08:30:07,574 1 INFO odoo_ci_test odoo.modules.loading: loading base/data/ir_demo_failure_data.xml 
<string>:38: (ERROR/3) Unexpected indentation.
<string>:26: (ERROR/3) Undefined substitution referenced: "-------".
<string>:26: (ERROR/3) Undefined substitution referenced: "-------------".
<string>:44: (ERROR/3) Undefined substitution referenced: "-------".
<string>:44: (ERROR/3) Undefined substitution referenced: "-------------".
<string>:58: (ERROR/3) Undefined substitution referenced: "-------".
<string>:58: (ERROR/3) Undefined substitution referenced: "-------------".
<string>:73: (ERROR/3) Undefined substitution referenced: "-------".
<string>:73: (ERROR/3) Undefined substitution referenced: "-------------".
<string>:93: (ERROR/3) Undefined substitution referenced: "-------".
<string>:93: (ERROR/3) Undefined substitution referenced: "-------------".
<string>:16: (ERROR/3) Undefined substitution referenced: "--------".
<string>:27: (ERROR/3) Undefined substitution referenced: "-------".
<string>:27: (ERROR/3) Undefined substitution referenced: "-------------".
<string>:51: (ERROR/3) Undefined substitution referenced: "-------".
<string>:51: (ERROR/3) Undefined substitution referenced: "-------------".
<string>:67: (ERROR/3) Undefined substitution referenced: "------".
<string>:17: (ERROR/3) Undefined substitution referenced: "--------".
<string>:28: (ERROR/3) Undefined substitution referenced: "-------".
<string>:28: (ERROR/3) Undefined substitution referenced: "-------------".
<string>:45: (ERROR/3) Undefined substitution referenced: "-------".
<string>:45: (ERROR/3) Undefined substitution referenced: "-------------".
<string>:57: (ERROR/3) Undefined substitution referenced: "-------".
<string>:57: (ERROR/3) Undefined substitution referenced: "-------------".
<string>:69: (ERROR/3) Undefined substitution referenced: "-------".
<string>:69: (ERROR/3) Undefined substitution referenced: "-------------".
<string>:83: (ERROR/3) Undefined substitution referenced: "-------".
<string>:83: (ERROR/3) Undefined substitution referenced: "-------------".
<string>:98: (ERROR/3) Undefined substitution referenced: "-------".
2026-04-12 08:30:20,779 1 ERROR odoo_ci_test odoo.sql_db: bad query: b'INSERT INTO "federation_match_sheet_line" ("create_date", "create_uid", "is_captain", "is_starter", "is_substitute", "match_sheet_id", "player_id", "write_date", "write_uid") VALUES (\'2026-04-12T08:30:20.618903\'::timestamp, 1, false, false, false, 5, 1, \'2026-04-12T08:30:20.618903\'::timestamp, 1) RETURNING "id"'
ERROR: duplicate key value violates unique constraint "federation_match_sheet_line_unique_match_sheet_player"
2026-04-12 08:30:20,885 1 ERROR odoo_ci_test odoo.sql_db: bad query: b'INSERT INTO "federation_match_sheet" ("create_date", "create_uid", "match_id", "name", "side", "state", "team_id", "write_date", "write_uid") VALUES (\'2026-04-12T08:30:20.618903\'::timestamp, 1, 1, \'Duplicate Home Sheet\', \'home\', \'draft\', 1, \'2026-04-12T08:30:20.618903\'::timestamp, 1) RETURNING "id"'
ERROR: duplicate key value violates unique constraint "federation_match_sheet_unique_match_team_side"
2026-04-12 08:30:21,065 1 ERROR odoo_ci_test odoo.addons.sports_federation_rosters.tests.test_participant_readiness: ERROR: TestParticipantReadiness.test_match_schedule_within_deadline_requires_ready_team_rosters
Traceback (most recent call last):
    with self.assertRaises(ValidationError):
NameError: name 'ValidationError' is not defined
2026-04-12 08:30:21,427 1 ERROR odoo_ci_test odoo.sql_db: bad query: b'INSERT INTO "federation_team_roster_line" ("create_date", "create_uid", "date_from", "is_captain", "is_vice_captain", "player_id", "roster_id", "status", "write_date", "write_uid") VALUES (\'2026-04-12T08:30:21.203037\'::timestamp, 1, \'2024-01-01\'::date, false, false, 5, 17, \'active\', \'2026-04-12T08:30:21.203037\'::timestamp, 1) RETURNING "id"'
ERROR: duplicate key value violates unique constraint "federation_team_roster_line_unique_roster_player_date_from"
2026-04-12 08:30:21,565 1 ERROR odoo_ci_test odoo.modules.loading: Module sports_federation_rosters: 0 failures, 1 errors of 26 tests 
View error context:
2026-04-12 08:30:22,091 1 INFO odoo_ci_test odoo.addons.sports_federation_competition_engine.tests.test_knockout: skipped TestKnockout.test_bye_seeding_top_seeds : Knockout bye logic IndexError — needs engine fix 
2026-04-12 08:30:22,327 1 INFO odoo_ci_test odoo.addons.sports_federation_competition_engine.tests.test_knockout: skipped TestKnockout.test_six_teams_power_of_two : Knockout bye logic IndexError — needs engine fix 
2026-04-12 08:30:22,328 1 INFO odoo_ci_test odoo.addons.sports_federation_competition_engine.tests.test_knockout: skipped TestKnockout.test_three_teams_power_of_two : Knockout bye logic IndexError — needs engine fix 
2026-04-12 08:30:23,909 1 ERROR odoo_ci_test odoo.modules.loading: At least one test failed when loading the modules. 
2026-04-12 08:30:23,939 1 ERROR odoo_ci_test odoo.tests.result: 0 failed, 1 error(s) of 57 tests when loading database 'odoo_ci_test' 
