2026-04-10 19:16:07,744 1 INFO odoo_ci_test odoo.modules.loading: loading base/data/ir_demo_failure_data.xml 
<string>:38: (ERROR/3) Unexpected indentation.
<string>:26: (ERROR/3) Undefined substitution referenced: "-------".
<string>:26: (ERROR/3) Undefined substitution referenced: "-------------".
<string>:44: (ERROR/3) Undefined substitution referenced: "-------".
<string>:44: (ERROR/3) Undefined substitution referenced: "-------------".
<string>:58: (ERROR/3) Undefined substitution referenced: "-------".
<string>:58: (ERROR/3) Undefined substitution referenced: "-------------".
<string>:73: (ERROR/3) Undefined substitution referenced: "-------".
<string>:73: (ERROR/3) Undefined substitution referenced: "-------------".
<string>:93: (ERROR/3) Undefined substitution referenced: "-------".
<string>:93: (ERROR/3) Undefined substitution referenced: "-------------".
<string>:16: (ERROR/3) Undefined substitution referenced: "--------".
<string>:27: (ERROR/3) Undefined substitution referenced: "-------".
<string>:27: (ERROR/3) Undefined substitution referenced: "-------------".
<string>:51: (ERROR/3) Undefined substitution referenced: "-------".
<string>:51: (ERROR/3) Undefined substitution referenced: "-------------".
<string>:67: (ERROR/3) Undefined substitution referenced: "------".
<string>:17: (ERROR/3) Undefined substitution referenced: "--------".
<string>:28: (ERROR/3) Undefined substitution referenced: "-------".
<string>:28: (ERROR/3) Undefined substitution referenced: "-------------".
<string>:45: (ERROR/3) Undefined substitution referenced: "-------".
<string>:45: (ERROR/3) Undefined substitution referenced: "-------------".
<string>:57: (ERROR/3) Undefined substitution referenced: "-------".
<string>:57: (ERROR/3) Undefined substitution referenced: "-------------".
<string>:69: (ERROR/3) Undefined substitution referenced: "-------".
<string>:69: (ERROR/3) Undefined substitution referenced: "-------------".
<string>:83: (ERROR/3) Undefined substitution referenced: "-------".
<string>:83: (ERROR/3) Undefined substitution referenced: "-------------".
<string>:98: (ERROR/3) Undefined substitution referenced: "-------".
View error context:
View error context:
2026-04-10 19:16:29,647 1 INFO odoo_ci_test odoo.addons.sports_federation_competition_engine.tests.test_knockout: skipped TestKnockout.test_bye_seeding_top_seeds : Knockout bye logic IndexError — needs engine fix 
2026-04-10 19:16:29,886 1 INFO odoo_ci_test odoo.addons.sports_federation_competition_engine.tests.test_knockout: skipped TestKnockout.test_six_teams_power_of_two : Knockout bye logic IndexError — needs engine fix 
2026-04-10 19:16:29,887 1 INFO odoo_ci_test odoo.addons.sports_federation_competition_engine.tests.test_knockout: skipped TestKnockout.test_three_teams_power_of_two : Knockout bye logic IndexError — needs engine fix 
2026-04-10 19:16:30,039 1 ERROR odoo_ci_test odoo.addons.sports_federation_competition_engine.tests.test_round_robin: ERROR: TestRoundRobin.test_deterministic_ordering
Traceback (most recent call last):
KeyError: 'federation.venue'
2026-04-10 19:16:30,042 1 ERROR odoo_ci_test odoo.addons.sports_federation_competition_engine.tests.test_round_robin: ERROR: TestRoundRobin.test_double_round
Traceback (most recent call last):
KeyError: 'federation.venue'
2026-04-10 19:16:30,044 1 ERROR odoo_ci_test odoo.addons.sports_federation_competition_engine.tests.test_round_robin: ERROR: TestRoundRobin.test_each_team_plays_all_others_once
Traceback (most recent call last):
KeyError: 'federation.venue'
2026-04-10 19:16:30,047 1 ERROR odoo_ci_test odoo.addons.sports_federation_competition_engine.tests.test_round_robin: ERROR: TestRoundRobin.test_even_participant_count
Traceback (most recent call last):
KeyError: 'federation.venue'
2026-04-10 19:16:30,055 1 ERROR odoo_ci_test odoo.addons.sports_federation_competition_engine.tests.test_round_robin: ERROR: TestRoundRobin.test_no_self_pairings
Traceback (most recent call last):
KeyError: 'federation.venue'
2026-04-10 19:16:30,057 1 ERROR odoo_ci_test odoo.addons.sports_federation_competition_engine.tests.test_round_robin: ERROR: TestRoundRobin.test_odd_participant_count
Traceback (most recent call last):
KeyError: 'federation.venue'
2026-04-10 19:16:30,060 1 ERROR odoo_ci_test odoo.addons.sports_federation_competition_engine.tests.test_round_robin: ERROR: TestRoundRobin.test_overwrite_allowed
Traceback (most recent call last):
KeyError: 'federation.venue'
2026-04-10 19:16:30,062 1 ERROR odoo_ci_test odoo.addons.sports_federation_competition_engine.tests.test_round_robin: ERROR: TestRoundRobin.test_overwrite_protection
Traceback (most recent call last):
KeyError: 'federation.venue'
2026-04-10 19:16:30,464 1 ERROR odoo_ci_test odoo.modules.loading: Module sports_federation_competition_engine: 0 failures, 8 errors of 29 tests 
2026-04-10 19:16:31,320 1 ERROR odoo_ci_test odoo.sql_db: bad query: b'INSERT INTO "federation_club_representative" ("active", "club_id", "create_date", "create_uid", "is_primary", "partner_id", "role", "role_type_id", "write_date", "write_uid") VALUES (true, 4, \'2026-04-10T19:16:31.128344\'::timestamp, 1, false, 7, \'primary\', 1, \'2026-04-10T19:16:31.128344\'::timestamp, 1) RETURNING "id"'
ERROR: duplicate key value violates unique constraint "federation_club_representative_partner_club_role_unique"
2026-04-10 19:16:33,219 1 ERROR odoo_ci_test odoo.modules.loading: At least one test failed when loading the modules. 
2026-04-10 19:16:33,259 1 ERROR odoo_ci_test odoo.tests.result: 0 failed, 8 error(s) of 57 tests when loading database 'odoo_ci_test' 
