2026-04-08 13:00:24,875 1 INFO odoo_ci_test odoo.modules.loading: loading base/data/ir_demo_failure_data.xml 
<string>:38: (ERROR/3) Unexpected indentation.
<string>:26: (ERROR/3) Undefined substitution referenced: "-------".
<string>:26: (ERROR/3) Undefined substitution referenced: "-------------".
<string>:44: (ERROR/3) Undefined substitution referenced: "-------".
<string>:44: (ERROR/3) Undefined substitution referenced: "-------------".
<string>:58: (ERROR/3) Undefined substitution referenced: "-------".
<string>:58: (ERROR/3) Undefined substitution referenced: "-------------".
<string>:72: (ERROR/3) Undefined substitution referenced: "-------".
<string>:72: (ERROR/3) Undefined substitution referenced: "-------------".
<string>:85: (ERROR/3) Undefined substitution referenced: "-------".
<string>:85: (ERROR/3) Undefined substitution referenced: "-------------".
2026-04-08 13:00:35,824 1 ERROR odoo_ci_test odoo.sql_db: bad query: b'INSERT INTO "federation_club" ("active", "code", "create_date", "create_uid", "name", "write_date", "write_uid") VALUES (true, \'TC01\', \'2026-04-08T13:00:35.809260\'::timestamp, 1, \'Duplicate Code Club\', \'2026-04-08T13:00:35.809260\'::timestamp, 1) RETURNING "id"'
ERROR: duplicate key value violates unique constraint "federation_club_code_unique"
2026-04-08 13:00:35,928 1 ERROR odoo_ci_test odoo.sql_db: bad query: b'INSERT INTO "federation_team" ("active", "category", "club_id", "code", "create_date", "create_uid", "gender", "name", "write_date", "write_uid") VALUES (true, \'senior\', 3, \'SS01\', \'2026-04-08T13:00:35.900355\'::timestamp, 1, \'male\', \'Other Team\', \'2026-04-08T13:00:35.900355\'::timestamp, 1) RETURNING "id"'
ERROR: duplicate key value violates unique constraint "federation_team_code_unique"
2026-04-08 13:00:36,117 1 ERROR odoo_ci_test odoo.sql_db: bad query: b'INSERT INTO "federation_season_registration" ("create_date", "create_uid", "name", "registration_date", "season_id", "state", "team_id", "write_date", "write_uid") VALUES (\'2026-04-08T13:00:36.063631\'::timestamp, 1, \'REG/2026/00003\', \'2026-04-08\'::date, 4, \'draft\', 4, \'2026-04-08T13:00:36.063631\'::timestamp, 1) RETURNING "id"'
ERROR: duplicate key value violates unique constraint "federation_season_registration_team_season_unique"
<string>:16: (ERROR/3) Undefined substitution referenced: "--------".
<string>:27: (ERROR/3) Undefined substitution referenced: "-------".
<string>:27: (ERROR/3) Undefined substitution referenced: "-------------".
<string>:51: (ERROR/3) Undefined substitution referenced: "-------".
<string>:51: (ERROR/3) Undefined substitution referenced: "-------------".
<string>:67: (ERROR/3) Undefined substitution referenced: "------".
2026-04-08 13:00:38,665 1 ERROR odoo_ci_test odoo.sql_db: bad query: b'INSERT INTO "federation_player_license" ("club_id", "create_date", "create_uid", "expiry_date", "issue_date", "name", "player_id", "season_id", "state", "write_date", "write_uid") VALUES (6, \'2026-04-08T13:00:38.625260\'::timestamp, 1, \'2024-12-31\'::date, \'2024-02-01\'::date, \'LIC-004\', 3, 5, \'draft\', \'2026-04-08T13:00:38.625260\'::timestamp, 1) RETURNING "id"'
ERROR: duplicate key value violates unique constraint "federation_player_license_player_season_unique"
<string>:17: (ERROR/3) Undefined substitution referenced: "--------".
<string>:28: (ERROR/3) Undefined substitution referenced: "-------".
<string>:28: (ERROR/3) Undefined substitution referenced: "-------------".
<string>:45: (ERROR/3) Undefined substitution referenced: "-------".
<string>:45: (ERROR/3) Undefined substitution referenced: "-------------".
<string>:57: (ERROR/3) Undefined substitution referenced: "-------".
<string>:57: (ERROR/3) Undefined substitution referenced: "-------------".
<string>:69: (ERROR/3) Undefined substitution referenced: "-------".
<string>:69: (ERROR/3) Undefined substitution referenced: "-------------".
<string>:83: (ERROR/3) Undefined substitution referenced: "-------".
<string>:83: (ERROR/3) Undefined substitution referenced: "-------------".
<string>:17: (ERROR/3) Undefined substitution referenced: "--------".
<string>:29: (ERROR/3) Undefined substitution referenced: "-------".
<string>:29: (ERROR/3) Undefined substitution referenced: "-------------".
<string>:41: (ERROR/3) Undefined substitution referenced: "-------".
<string>:41: (ERROR/3) Undefined substitution referenced: "-------------".
<string>:62: (ERROR/3) Undefined substitution referenced: "-------".
<string>:62: (ERROR/3) Undefined substitution referenced: "-------------".
<string>:76: (ERROR/3) Undefined substitution referenced: "-------".
<string>:76: (ERROR/3) Undefined substitution referenced: "-------------".
<string>:90: (ERROR/3) Undefined substitution referenced: "-------".
<string>:90: (ERROR/3) Undefined substitution referenced: "-------------".
<string>:105: (ERROR/3) Undefined substitution referenced: "-------".
<string>:105: (ERROR/3) Undefined substitution referenced: "-------------".
2026-04-08 13:00:39,935 1 ERROR odoo_ci_test odoo.sql_db: bad query: b'INSERT INTO "federation_competition" ("active", "code", "competition_type", "create_date", "create_uid", "name", "sequence", "state", "write_date", "write_uid") VALUES (true, \'UNIQUE\', \'league\', \'2026-04-08T13:00:39.918402\'::timestamp, 1, \'Comp 2\', 10, \'draft\', \'2026-04-08T13:00:39.918402\'::timestamp, 1) RETURNING "id"'
ERROR: duplicate key value violates unique constraint "federation_competition_code_unique"
<string>:16: (ERROR/3) Undefined substitution referenced: "--------".
<string>:29: (ERROR/3) Undefined substitution referenced: "-------".
<string>:29: (ERROR/3) Undefined substitution referenced: "-------------".
<string>:48: (ERROR/3) Undefined substitution referenced: "-------".
<string>:48: (ERROR/3) Undefined substitution referenced: "-------------".
<string>:60: (ERROR/3) Undefined substitution referenced: "-------".
<string>:60: (ERROR/3) Undefined substitution referenced: "-------------".
<string>:69: (ERROR/3) Undefined substitution referenced: "-------".
<string>:17: (ERROR/3) Undefined substitution referenced: "--------".
<string>:29: (ERROR/3) Undefined substitution referenced: "-------".
<string>:29: (ERROR/3) Undefined substitution referenced: "-------------".
<string>:15: (ERROR/3) Undefined substitution referenced: "--------".
<string>:27: (ERROR/3) Undefined substitution referenced: "-------".
<string>:27: (ERROR/3) Undefined substitution referenced: "-------------".
<string>:42: (ERROR/3) Undefined substitution referenced: "-------".
<string>:42: (ERROR/3) Undefined substitution referenced: "-------------".
<string>:56: (ERROR/3) Undefined substitution referenced: "-------".
<string>:56: (ERROR/3) Undefined substitution referenced: "-------------".
2026-04-08 13:00:40,985 1 ERROR odoo_ci_test odoo.sql_db: bad query: b'INSERT INTO "federation_referee_certification" ("active", "create_date", "create_uid", "issue_date", "level", "name", "referee_id", "write_date", "write_uid") VALUES (true, \'2026-04-08T13:00:40.954239\'::timestamp, 1, \'2024-05-01\'::date, \'national\', \'CERT-003-DUP\', 2, \'2026-04-08T13:00:40.954239\'::timestamp, 1) RETURNING "id"'
ERROR: duplicate key value violates unique constraint "federation_referee_certification_referee_level_date_unique"
2026-04-08 13:00:41,132 1 ERROR odoo_ci_test odoo.sql_db: bad query: b'INSERT INTO "federation_match_referee" ("create_date", "create_uid", "match_id", "referee_id", "role", "state", "write_date", "write_uid") VALUES (\'2026-04-08T13:00:41.049089\'::timestamp, 1, 1, 3, \'head\', \'draft\', \'2026-04-08T13:00:41.049089\'::timestamp, 1) RETURNING "id"'
ERROR: duplicate key value violates unique constraint "federation_match_referee_match_referee_role_unique"
<string>:16: (ERROR/3) Undefined substitution referenced: "--------".
<string>:27: (ERROR/3) Undefined substitution referenced: "-------".
<string>:27: (ERROR/3) Undefined substitution referenced: "-------------".
<string>:42: (ERROR/3) Undefined substitution referenced: "--------".
<string>:42: (ERROR/3) Undefined substitution referenced: "-------------".
<string>:52: (ERROR/3) Undefined substitution referenced: "-------".
2026-04-08 13:00:41,815 1 ERROR odoo_ci_test odoo.sql_db: bad query: b'INSERT INTO "federation_match_sheet_line" ("create_date", "create_uid", "is_captain", "is_starter", "is_substitute", "match_sheet_id", "player_id", "write_date", "write_uid") VALUES (\'2026-04-08T13:00:41.751698\'::timestamp, 1, false, false, false, 3, 4, \'2026-04-08T13:00:41.751698\'::timestamp, 1) RETURNING "id"'
ERROR: duplicate key value violates unique constraint "federation_match_sheet_line_unique_match_sheet_player"
2026-04-08 13:00:41,828 1 ERROR odoo_ci_test odoo.sql_db: bad query: b'INSERT INTO "federation_match_sheet" ("create_date", "create_uid", "match_id", "name", "side", "state", "team_id", "write_date", "write_uid") VALUES (\'2026-04-08T13:00:41.751698\'::timestamp, 1, 3, \'Duplicate Home Sheet\', \'home\', \'draft\', 10, \'2026-04-08T13:00:41.751698\'::timestamp, 1) RETURNING "id"'
ERROR: duplicate key value violates unique constraint "federation_match_sheet_unique_match_team_side"
2026-04-08 13:00:41,976 1 ERROR odoo_ci_test odoo.sql_db: bad query: b'INSERT INTO "federation_team_roster_line" ("create_date", "create_uid", "date_from", "is_captain", "is_vice_captain", "player_id", "roster_id", "status", "write_date", "write_uid") VALUES (\'2026-04-08T13:00:41.895274\'::timestamp, 1, \'2024-01-01\'::date, false, false, 6, 3, \'active\', \'2026-04-08T13:00:41.895274\'::timestamp, 1) RETURNING "id"'
ERROR: duplicate key value violates unique constraint "federation_team_roster_line_unique_roster_player_date_from"
2026-04-08 13:00:42,399 1 ERROR odoo_ci_test odoo.addons.sports_federation_standings.tests.test_standings: FAIL: TestStandings.test_recompute_two_team_standing
Traceback (most recent call last):
AssertionError: 3 != 2
2026-04-08 13:00:42,432 1 ERROR odoo_ci_test odoo.sql_db: bad query: b'INSERT INTO "federation_standing_line" ("create_date", "create_uid", "drawn", "eliminated", "lost", "participant_id", "played", "points", "qualified", "score_against", "score_for", "standing_id", "won", "write_date", "write_uid") VALUES (\'2026-04-08T13:00:42.263848\'::timestamp, 1, 0, false, 0, 2, 0, 0, false, 0, 0, 7, 0, \'2026-04-08T13:00:42.263848\'::timestamp, 1) RETURNING "id"'
ERROR: duplicate key value violates unique constraint "federation_standing_line_unique_standing_participant"
2026-04-08 13:00:42,589 1 ERROR odoo_ci_test odoo.addons.sports_federation_standings.tests.test_standings_result_filter: FAIL: TestStandingsResultFilter.test_contested_match_excluded_when_result_control_installed
Traceback (most recent call last):
AssertionError: federation.match(11,) unexpectedly found in federation.match(11,) : Contested match should not be counted.
2026-04-08 13:00:42,630 1 ERROR odoo_ci_test odoo.addons.sports_federation_standings.tests.test_standings_result_filter: FAIL: TestStandingsResultFilter.test_mixed_matches_only_approved_counted
Traceback (most recent call last):
AssertionError: federation.match(14,) unexpectedly found in federation.match(13, 14)
2026-04-08 13:00:42,665 1 ERROR odoo_ci_test odoo.addons.sports_federation_standings.tests.test_standings_result_filter: FAIL: TestStandingsResultFilter.test_recompute_with_only_official_results
Traceback (most recent call last):
AssertionError: 3 not greater than 3 : Team E (approved win) should have more points than Team F.
2026-04-08 13:00:43,042 1 ERROR odoo_ci_test odoo.modules.loading: Module sports_federation_standings: 4 failures, 0 errors of 19 tests 
2026-04-08 13:00:43,563 1 ERROR odoo_ci_test odoo.sql_db: bad query: b'INSERT INTO "federation_playing_area" ("active", "create_date", "create_uid", "name", "surface_type", "venue_id", "write_date", "write_uid") VALUES (true, \'2026-04-08T13:00:43.516786\'::timestamp, 1, \'Main Field\', \'indoor\', 3, \'2026-04-08T13:00:43.516786\'::timestamp, 1) RETURNING "id"'
ERROR: duplicate key value violates unique constraint "federation_playing_area_unique_venue_name"
<string>:16: (ERROR/3) Undefined substitution referenced: "--------".
<string>:27: (ERROR/3) Undefined substitution referenced: "-------".
<string>:27: (ERROR/3) Undefined substitution referenced: "-------------".
<string>:49: (ERROR/3) Undefined substitution referenced: "-------".
<string>:49: (ERROR/3) Undefined substitution referenced: "-------------".
2026-04-08 13:00:50,456 1 ERROR odoo_ci_test odoo.addons.sports_federation_competition_engine.tests.test_knockout: ERROR: TestKnockout.test_bye_seeding_top_seeds
Traceback (most recent call last):
IndexError: list index out of range
2026-04-08 13:00:50,487 1 ERROR odoo_ci_test odoo.addons.sports_federation_competition_engine.tests.test_knockout: FAIL: TestKnockout.test_eight_teams_natural
Traceback (most recent call last):
AssertionError: 7 != 4
2026-04-08 13:00:50,514 1 ERROR odoo_ci_test odoo.addons.sports_federation_competition_engine.tests.test_knockout: FAIL: TestKnockout.test_eight_teams_power_of_two
Traceback (most recent call last):
AssertionError: 7 != 4
2026-04-08 13:00:50,577 1 ERROR odoo_ci_test odoo.addons.sports_federation_competition_engine.tests.test_knockout: FAIL: TestKnockout.test_no_self_pairings
Traceback (most recent call last):
AssertionError: federation.team() == federation.team() : Team False should not play itself
2026-04-08 13:00:50,604 1 ERROR odoo_ci_test odoo.addons.sports_federation_competition_engine.tests.test_knockout: FAIL: TestKnockout.test_overwrite_allowed
Traceback (most recent call last):
AssertionError: 7 != 4
2026-04-08 13:00:50,678 1 ERROR odoo_ci_test odoo.addons.sports_federation_competition_engine.tests.test_knockout: ERROR: TestKnockout.test_six_teams_power_of_two
Traceback (most recent call last):
IndexError: list index out of range
2026-04-08 13:00:50,689 1 ERROR odoo_ci_test odoo.addons.sports_federation_competition_engine.tests.test_knockout: ERROR: TestKnockout.test_three_teams_power_of_two
Traceback (most recent call last):
IndexError: list index out of range
2026-04-08 13:00:51,529 1 ERROR odoo_ci_test odoo.modules.loading: Module sports_federation_competition_engine: 4 failures, 3 errors of 22 tests 
<string>:70: (ERROR/3) Unexpected indentation.
<string>:73: (ERROR/3) Unexpected indentation.
<string>:45: (ERROR/3) Undefined substitution referenced: "-------".
<string>:45: (ERROR/3) Undefined substitution referenced: "--------".
<string>:55: (ERROR/3) Undefined substitution referenced: "-------".
<string>:55: (ERROR/3) Undefined substitution referenced: "--------".
2026-04-08 13:00:52,753 1 ERROR odoo_ci_test odoo.sql_db: bad query: b'INSERT INTO "federation_club_representative" ("active", "club_id", "create_date", "create_uid", "is_primary", "partner_id", "role", "role_type_id", "write_date", "write_uid") VALUES (true, 21, \'2026-04-08T13:00:52.645349\'::timestamp, 1, false, 6, \'primary\', 1, \'2026-04-08T13:00:52.645349\'::timestamp, 1) RETURNING "id"'
ERROR: duplicate key value violates unique constraint "federation_club_representative_partner_club_role_unique"
<string>:15: (ERROR/3) Undefined substitution referenced: "--------".
<string>:27: (ERROR/3) Undefined substitution referenced: "-------".
<string>:27: (ERROR/3) Undefined substitution referenced: "-------------".
<string>:37: (ERROR/3) Undefined substitution referenced: "-------".
<string>:37: (ERROR/3) Undefined substitution referenced: "-------------".
<string>:46: (ERROR/3) Undefined substitution referenced: "-------".
<string>:46: (ERROR/3) Undefined substitution referenced: "-------------".
<string>:16: (ERROR/3) Undefined substitution referenced: "--------".
<string>:31: (ERROR/3) Undefined substitution referenced: "-------".
<string>:31: (ERROR/3) Undefined substitution referenced: "-------------".
<string>:46: (ERROR/3) Undefined substitution referenced: "-------".
<string>:46: (ERROR/3) Undefined substitution referenced: "-------------".
<string>:69: (ERROR/3) Undefined substitution referenced: "-------".
<string>:69: (ERROR/3) Undefined substitution referenced: "-------------".
<string>:17: (ERROR/3) Undefined substitution referenced: "--------".
<string>:32: (ERROR/3) Undefined substitution referenced: "-------".
<string>:32: (ERROR/3) Undefined substitution referenced: "-------------".
<string>:45: (ERROR/3) Undefined substitution referenced: "-------".
<string>:45: (ERROR/3) Undefined substitution referenced: "-------------".
2026-04-08 13:00:54,441 1 INFO odoo_ci_test odoo.addons.sports_federation_finance_bridge.tests.test_finance_hooks: Starting TestFinanceHooks.test_venue_finance_event_fails_without_venue ... 
<string>:16: (ERROR/3) Undefined substitution referenced: "--------".
<string>:30: (ERROR/3) Undefined substitution referenced: "-------".
<string>:30: (ERROR/3) Undefined substitution referenced: "-------------".
<string>:46: (ERROR/3) Undefined substitution referenced: "--------".
<string>:54: (ERROR/3) Undefined substitution referenced: "------".
2026-04-08 13:00:54,822 1 INFO odoo_ci_test odoo.addons.sports_federation_notifications.tests.test_notifications: Starting TestNotifications.test_cron_method_runs_without_error ... 
<string>:17: (ERROR/3) Undefined substitution referenced: "--------".
<string>:34: (ERROR/3) Undefined substitution referenced: "-------".
<string>:34: (ERROR/3) Undefined substitution referenced: "-------------".
<string>:46: (ERROR/3) Undefined substitution referenced: "-------".
<string>:46: (ERROR/3) Undefined substitution referenced: "-------------".
<string>:57: (ERROR/3) Undefined substitution referenced: "-------".
<string>:57: (ERROR/3) Undefined substitution referenced: "-------------".
<string>:69: (ERROR/3) Undefined substitution referenced: "-------".
<string>:69: (ERROR/3) Undefined substitution referenced: "-------------".
2026-04-08 13:00:55,937 1 ERROR odoo_ci_test odoo.modules.loading: At least one test failed when loading the modules. 
2026-04-08 13:00:55,980 1 ERROR odoo_ci_test odoo.tests.result: 8 failed, 3 error(s) of 221 tests when loading database 'odoo_ci_test' 
