 Container sf_ci-ci-db-1  Running
Running as user 'root' is a security risk.
2026-04-08 12:00:28,912 1 WARNING ? odoo.tools.config: missing --http-interface/http_interface, using 0.0.0.0 by default, will change to 127.0.0.1 in 20.0 
2026-04-08 12:00:28,912 1 INFO ? odoo: Odoo version 19.0-20260324 
2026-04-08 12:00:28,912 1 INFO ? odoo: Using configuration file at /etc/odoo/odoo.conf 
2026-04-08 12:00:28,912 1 INFO ? odoo: addons paths: _NamespacePath(['/usr/lib/python3/dist-packages/odoo/addons', '/var/lib/odoo/addons/19.0', '/mnt/extra-addons', '/usr/lib/python3/dist-packages/addons']) 
2026-04-08 12:00:28,912 1 INFO ? odoo: database: odoo@ci-db:5432 
2026-04-08 12:00:29,180 1 INFO ? odoo.service.server: HTTP service (werkzeug) running on b8dd8503bf87:8069 
2026-04-08 12:00:29,208 1 INFO odoo_ci_test odoo.modules.loading: Initializing database odoo_ci_test 
2026-04-08 12:00:30,277 1 INFO odoo_ci_test odoo.modules.loading: loading 1 modules... 
2026-04-08 12:00:30,277 1 INFO odoo_ci_test odoo.modules.loading: Loading module base (1/1) 
2026-04-08 12:00:30,305 1 INFO odoo_ci_test odoo.registry: module base: creating or updating database tables 
2026-04-08 12:00:30,542 1 INFO odoo_ci_test odoo.models: Prepare computation of ir.module.module.menus_by_module 
2026-04-08 12:00:30,542 1 INFO odoo_ci_test odoo.models: Prepare computation of ir.module.module.reports_by_module 
2026-04-08 12:00:30,543 1 INFO odoo_ci_test odoo.models: Prepare computation of ir.module.module.views_by_module 
2026-04-08 12:00:30,614 1 INFO odoo_ci_test odoo.models: Prepare computation of res.partner.user_id 
2026-04-08 12:00:30,615 1 INFO odoo_ci_test odoo.models: Prepare computation of res.partner.commercial_partner_id 
2026-04-08 12:00:30,615 1 INFO odoo_ci_test odoo.models: Prepare computation of res.partner.complete_name 
2026-04-08 12:00:30,615 1 INFO odoo_ci_test odoo.models: Prepare computation of res.partner.lang 
2026-04-08 12:00:30,615 1 INFO odoo_ci_test odoo.models: Prepare computation of res.partner.company_registry 
2026-04-08 12:00:30,615 1 INFO odoo_ci_test odoo.models: Prepare computation of res.partner.commercial_company_name 
2026-04-08 12:00:30,615 1 INFO odoo_ci_test odoo.models: Prepare computation of res.partner.properties 
2026-04-08 12:00:30,615 1 INFO odoo_ci_test odoo.models: Prepare computation of res.partner.partner_share 
2026-04-08 12:00:30,638 1 INFO odoo_ci_test odoo.models: Prepare computation of res.currency.decimal_places 
2026-04-08 12:00:30,654 1 INFO odoo_ci_test odoo.models: Prepare computation of res.company.uses_default_logo 
2026-04-08 12:00:30,655 1 INFO odoo_ci_test odoo.models: Prepare computation of res.company.logo_web 
2026-04-08 12:00:30,656 1 INFO odoo_ci_test odoo.models: Computing parent_path for table res_company... 
2026-04-08 12:00:30,676 1 INFO odoo_ci_test odoo.models: Prepare computation of res.users.signature 
2026-04-08 12:00:30,677 1 INFO odoo_ci_test odoo.models: Prepare computation of res.users.share 
2026-04-08 12:00:31,923 1 INFO odoo_ci_test odoo.modules.loading: loading base/data/res_bank.xml 
2026-04-08 12:00:31,927 1 INFO odoo_ci_test odoo.modules.loading: loading base/data/res.lang.csv 
2026-04-08 12:00:31,965 1 INFO odoo_ci_test odoo.modules.loading: loading base/data/res_lang_data.xml 
2026-04-08 12:00:31,999 1 INFO odoo_ci_test odoo.modules.loading: loading base/data/res_partner_data.xml 
2026-04-08 12:00:32,047 1 INFO odoo_ci_test odoo.modules.loading: loading base/data/res_currency_data.xml 
2026-04-08 12:00:32,484 1 INFO odoo_ci_test odoo.modules.loading: loading base/data/res_company_data.xml 
2026-04-08 12:00:32,491 1 INFO odoo_ci_test odoo.modules.loading: loading base/data/res_users_data.xml 
2026-04-08 12:00:33,524 1 INFO odoo_ci_test odoo.modules.loading: loading base/data/report_paperformat_data.xml 
2026-04-08 12:00:33,531 1 INFO odoo_ci_test odoo.modules.loading: loading base/data/res_country_data.xml 
2026-04-08 12:00:34,055 1 INFO odoo_ci_test odoo.modules.loading: loading base/data/ir_demo_data.xml 
2026-04-08 12:00:34,067 1 INFO odoo_ci_test odoo.modules.loading: loading base/security/base_groups.xml 
2026-04-08 12:00:34,251 1 INFO odoo_ci_test odoo.modules.loading: loading base/security/base_security.xml 
2026-04-08 12:00:34,417 1 INFO odoo_ci_test odoo.modules.loading: loading base/wizard/wizard_ir_model_menu_create_views.xml 
2026-04-08 12:00:34,429 1 INFO odoo_ci_test odoo.modules.loading: loading base/views/base_menus.xml 
2026-04-08 12:00:34,488 1 INFO odoo_ci_test odoo.modules.loading: loading base/views/decimal_precision_views.xml 
2026-04-08 12:00:34,509 1 INFO odoo_ci_test odoo.modules.loading: loading base/views/res_config_views.xml 
2026-04-08 12:00:34,516 1 INFO odoo_ci_test odoo.modules.loading: loading base/data/res.country.state.csv 
2026-04-08 12:00:34,830 1 INFO odoo_ci_test odoo.modules.loading: loading base/views/ir_actions_views.xml 
2026-04-08 12:00:34,965 1 INFO odoo_ci_test odoo.modules.loading: loading base/views/ir_asset_views.xml 
2026-04-08 12:00:34,982 1 INFO odoo_ci_test odoo.modules.loading: loading base/views/ir_config_parameter_views.xml 
2026-04-08 12:00:34,999 1 INFO odoo_ci_test odoo.modules.loading: loading base/views/ir_cron_views.xml 
2026-04-08 12:00:35,027 1 INFO odoo_ci_test odoo.modules.loading: loading base/views/ir_cron_trigger_views.xml 
2026-04-08 12:00:35,043 1 INFO odoo_ci_test odoo.modules.loading: loading base/views/ir_filters_views.xml 
2026-04-08 12:00:35,067 1 INFO odoo_ci_test odoo.modules.loading: loading base/views/ir_mail_server_views.xml 
2026-04-08 12:00:35,087 1 INFO odoo_ci_test odoo.modules.loading: loading base/views/ir_model_views.xml 
2026-04-08 12:00:35,215 1 INFO odoo_ci_test odoo.modules.loading: loading base/views/ir_attachment_views.xml 
2026-04-08 12:00:35,236 1 INFO odoo_ci_test odoo.modules.loading: loading base/views/ir_rule_views.xml 
2026-04-08 12:00:35,255 1 INFO odoo_ci_test odoo.modules.loading: loading base/views/ir_sequence_views.xml 
2026-04-08 12:00:35,276 1 INFO odoo_ci_test odoo.modules.loading: loading base/views/ir_ui_menu_views.xml 
2026-04-08 12:00:35,295 1 INFO odoo_ci_test odoo.modules.loading: loading base/views/ir_ui_view_views.xml 
2026-04-08 12:00:35,343 1 INFO odoo_ci_test odoo.modules.loading: loading base/views/ir_default_views.xml 
2026-04-08 12:00:35,363 1 INFO odoo_ci_test odoo.modules.loading: loading base/data/ir_config_parameter_data.xml 
2026-04-08 12:00:35,367 1 INFO odoo_ci_test odoo.modules.loading: loading base/data/ir_cron_data.xml 
2026-04-08 12:00:35,379 1 INFO odoo_ci_test odoo.modules.loading: loading base/report/ir_model_report.xml 
2026-04-08 12:00:35,382 1 INFO odoo_ci_test odoo.modules.loading: loading base/report/ir_model_templates.xml 
2026-04-08 12:00:35,391 1 INFO odoo_ci_test odoo.modules.loading: loading base/views/ir_logging_views.xml 
2026-04-08 12:00:35,411 1 INFO odoo_ci_test odoo.modules.loading: loading base/views/ir_qweb_widget_templates.xml 
2026-04-08 12:00:35,424 1 INFO odoo_ci_test odoo.modules.loading: loading base/views/ir_module_views.xml 
2026-04-08 12:00:35,474 1 INFO odoo_ci_test odoo.modules.loading: loading base/data/ir_module_category_data.xml 
2026-04-08 12:00:35,510 1 INFO odoo_ci_test odoo.modules.loading: loading base/data/ir_module_module.xml 
2026-04-08 12:00:35,565 1 INFO odoo_ci_test odoo.modules.loading: loading base/report/ir_module_reports.xml 
2026-04-08 12:00:35,568 1 INFO odoo_ci_test odoo.modules.loading: loading base/report/ir_module_report_templates.xml 
2026-04-08 12:00:35,574 1 INFO odoo_ci_test odoo.modules.loading: loading base/wizard/base_module_update_views.xml 
2026-04-08 12:00:35,587 1 INFO odoo_ci_test odoo.modules.loading: loading base/wizard/base_language_install_views.xml 
2026-04-08 12:00:35,601 1 INFO odoo_ci_test odoo.modules.loading: loading base/wizard/base_import_language_views.xml 
2026-04-08 12:00:35,612 1 INFO odoo_ci_test odoo.modules.loading: loading base/wizard/base_module_upgrade_views.xml 
2026-04-08 12:00:35,628 1 INFO odoo_ci_test odoo.modules.loading: loading base/wizard/base_module_uninstall_views.xml 
2026-04-08 12:00:35,636 1 INFO odoo_ci_test odoo.modules.loading: loading base/wizard/base_export_language_views.xml 
2026-04-08 12:00:35,648 1 INFO odoo_ci_test odoo.modules.loading: loading base/wizard/base_partner_merge_views.xml 
2026-04-08 12:00:35,661 1 INFO odoo_ci_test odoo.modules.loading: loading base/data/ir_demo_failure_data.xml 
2026-04-08 12:00:35,676 1 INFO odoo_ci_test odoo.modules.loading: loading base/views/ir_profile_views.xml 
2026-04-08 12:00:35,697 1 INFO odoo_ci_test odoo.modules.loading: loading base/views/res_company_views.xml 
2026-04-08 12:00:35,717 1 INFO odoo_ci_test odoo.modules.loading: loading base/views/res_lang_views.xml 
2026-04-08 12:00:35,736 1 INFO odoo_ci_test odoo.modules.loading: loading base/views/res_partner_views.xml 
2026-04-08 12:00:35,817 1 INFO odoo_ci_test odoo.modules.loading: loading base/views/res_bank_views.xml 
2026-04-08 12:00:35,847 1 INFO odoo_ci_test odoo.modules.loading: loading base/views/res_country_views.xml 
2026-04-08 12:00:35,888 1 INFO odoo_ci_test odoo.modules.loading: loading base/views/res_currency_views.xml 
2026-04-08 12:00:35,923 1 INFO odoo_ci_test odoo.modules.loading: loading base/views/res_groups_views.xml 
2026-04-08 12:00:35,965 1 INFO odoo_ci_test odoo.modules.loading: loading base/views/res_users_views.xml 
2026-04-08 12:00:36,052 1 INFO odoo_ci_test odoo.modules.loading: loading base/views/res_users_apikeys_views.xml 
2026-04-08 12:00:36,058 1 INFO odoo_ci_test odoo.modules.loading: loading base/views/res_device_views.xml 
2026-04-08 12:00:36,078 1 INFO odoo_ci_test odoo.modules.loading: loading base/views/res_users_identitycheck_views.xml 
2026-04-08 12:00:36,085 1 INFO odoo_ci_test odoo.modules.loading: loading base/views/res_config_settings_views.xml 
2026-04-08 12:00:36,093 1 INFO odoo_ci_test odoo.modules.loading: loading base/views/report_paperformat_views.xml 
2026-04-08 12:00:36,116 1 INFO odoo_ci_test odoo.modules.loading: loading base/security/ir.model.access.csv 
2026-04-08 12:00:36,237 1 INFO odoo_ci_test odoo.modules.loading: Module base loaded in 5.96s, 8397 queries (+8397 other) 
2026-04-08 12:00:36,237 1 INFO odoo_ci_test odoo.modules.loading: 1 modules loaded in 5.96s, 8397 queries (+8397 extra) 
2026-04-08 12:00:36,240 1 INFO odoo_ci_test odoo.modules.loading: updating modules list 
2026-04-08 12:00:36,241 1 INFO odoo_ci_test odoo.addons.base.models.ir_module: ALLOW access to module.update_list on [] to user __system__ #1 via n/a 
2026-04-08 12:00:37,047 1 INFO odoo_ci_test odoo.addons.base.models.ir_module: ALLOW access to module.button_install on ['Sports Federation Base'] to user __system__ #1 via n/a 
2026-04-08 12:00:37,120 1 INFO odoo_ci_test odoo.modules.loading: loading 28 modules... 
2026-04-08 12:00:37,120 1 INFO odoo_ci_test odoo.modules.loading: Loading module rpc (2/28) 
2026-04-08 12:00:37,133 1 INFO odoo_ci_test odoo.modules.loading: Module rpc loaded in 0.01s, 9 queries (+9 other) 
2026-04-08 12:00:37,133 1 INFO odoo_ci_test odoo.modules.loading: Loading module web (3/28) 
2026-04-08 12:00:37,164 1 INFO odoo_ci_test odoo.registry: module web: creating or updating database tables 
2026-04-08 12:00:37,591 1 INFO odoo_ci_test odoo.modules.loading: loading web/security/ir.model.access.csv 
2026-04-08 12:00:37,598 1 INFO odoo_ci_test odoo.modules.loading: loading web/security/web_security.xml 
2026-04-08 12:00:37,610 1 INFO odoo_ci_test odoo.modules.loading: loading web/views/webclient_templates.xml 
2026-04-08 12:00:37,662 1 INFO odoo_ci_test odoo.modules.loading: loading web/views/report_templates.xml 
2026-04-08 12:00:37,748 1 INFO odoo_ci_test odoo.modules.loading: loading web/views/base_document_layout_views.xml 
2026-04-08 12:00:37,764 1 INFO odoo_ci_test odoo.modules.loading: loading web/views/partner_view.xml 
2026-04-08 12:00:37,771 1 INFO odoo_ci_test odoo.modules.loading: loading web/views/speedscope_template.xml 
2026-04-08 12:00:37,776 1 INFO odoo_ci_test odoo.modules.loading: loading web/views/memory_template.xml 
2026-04-08 12:00:37,783 1 INFO odoo_ci_test odoo.modules.loading: loading web/views/speedscope_config_wizard.xml 
2026-04-08 12:00:37,789 1 INFO odoo_ci_test odoo.modules.loading: loading web/views/neutralize_views.xml 
2026-04-08 12:00:37,796 1 INFO odoo_ci_test odoo.modules.loading: loading web/views/ir_ui_view_views.xml 
2026-04-08 12:00:37,806 1 INFO odoo_ci_test odoo.modules.loading: loading web/data/ir_attachment.xml 
2026-04-08 12:00:37,811 1 INFO odoo_ci_test odoo.modules.loading: loading web/data/report_layout.xml 
2026-04-08 12:00:37,853 1 INFO odoo_ci_test odoo.modules.loading: Module web loaded in 0.72s, 1232 queries (+1232 other) 
2026-04-08 12:00:37,854 1 INFO odoo_ci_test odoo.modules.loading: Loading module api_doc (4/28) 
2026-04-08 12:00:37,859 1 INFO odoo_ci_test odoo.registry: module api_doc: creating or updating database tables 
2026-04-08 12:00:37,874 1 INFO odoo_ci_test odoo.modules.loading: loading api_doc/security/res_groups.xml 
2026-04-08 12:00:37,894 1 INFO odoo_ci_test odoo.modules.loading: loading api_doc/views/docclient.xml 
2026-04-08 12:00:37,911 1 INFO odoo_ci_test odoo.modules.loading: Module api_doc loaded in 0.06s, 63 queries (+63 other) 
2026-04-08 12:00:37,911 1 INFO odoo_ci_test odoo.modules.loading: Loading module auth_totp (5/28) 
2026-04-08 12:00:37,926 1 INFO odoo_ci_test odoo.registry: module auth_totp: creating or updating database tables 
2026-04-08 12:00:37,984 1 INFO odoo_ci_test odoo.modules.loading: loading auth_totp/security/security.xml 
2026-04-08 12:00:38,005 1 INFO odoo_ci_test odoo.modules.loading: loading auth_totp/security/ir.model.access.csv 
2026-04-08 12:00:38,012 1 INFO odoo_ci_test odoo.modules.loading: loading auth_totp/data/ir_action_data.xml 
2026-04-08 12:00:38,019 1 INFO odoo_ci_test odoo.modules.loading: loading auth_totp/views/res_users_views.xml 
2026-04-08 12:00:38,047 1 INFO odoo_ci_test odoo.modules.loading: loading auth_totp/views/templates.xml 
2026-04-08 12:00:38,053 1 INFO odoo_ci_test odoo.modules.loading: loading auth_totp/wizard/auth_totp_wizard_views.xml 
2026-04-08 12:00:38,074 1 INFO odoo_ci_test odoo.modules.loading: Module auth_totp loaded in 0.16s, 218 queries (+218 other) 
2026-04-08 12:00:38,074 1 INFO odoo_ci_test odoo.modules.loading: Loading module base_import (6/28) 
2026-04-08 12:00:38,108 1 INFO odoo_ci_test odoo.registry: module base_import: creating or updating database tables 
2026-04-08 12:00:38,522 1 INFO odoo_ci_test odoo.modules.loading: loading base_import/security/ir.model.access.csv 
2026-04-08 12:00:38,535 1 INFO odoo_ci_test odoo.modules.loading: Module base_import loaded in 0.46s, 956 queries (+956 other) 
2026-04-08 12:00:38,535 1 INFO odoo_ci_test odoo.modules.loading: Loading module base_import_module (7/28) 
2026-04-08 12:00:38,542 1 INFO odoo_ci_test odoo.registry: module base_import_module: creating or updating database tables 
2026-04-08 12:00:38,595 1 INFO odoo_ci_test odoo.modules.loading: loading base_import_module/security/ir.model.access.csv 
2026-04-08 12:00:38,601 1 INFO odoo_ci_test odoo.modules.loading: loading base_import_module/views/base_import_module_view.xml 
2026-04-08 12:00:38,618 1 INFO odoo_ci_test odoo.modules.loading: loading base_import_module/views/ir_module_views.xml 
2026-04-08 12:00:38,658 1 INFO odoo_ci_test odoo.modules.loading: Module base_import_module loaded in 0.12s, 172 queries (+172 other) 
2026-04-08 12:00:38,658 1 INFO odoo_ci_test odoo.modules.loading: Loading module base_setup (8/28) 
2026-04-08 12:00:38,666 1 INFO odoo_ci_test odoo.registry: module base_setup: creating or updating database tables 
2026-04-08 12:00:38,705 1 INFO odoo_ci_test odoo.modules.loading: loading base_setup/data/base_setup_data.xml 
2026-04-08 12:00:38,709 1 INFO odoo_ci_test odoo.modules.loading: loading base_setup/views/res_config_settings_views.xml 
2026-04-08 12:00:38,739 1 INFO odoo_ci_test odoo.modules.loading: loading base_setup/views/res_partner_views.xml 
2026-04-08 12:00:38,755 1 INFO odoo_ci_test odoo.modules.loading: Module base_setup loaded in 0.10s, 152 queries (+152 other) 
2026-04-08 12:00:38,755 1 INFO odoo_ci_test odoo.modules.loading: Loading module bus (9/28) 
2026-04-08 12:00:38,772 1 INFO odoo_ci_test odoo.registry: module bus: creating or updating database tables 
2026-04-08 12:00:38,852 1 INFO odoo_ci_test odoo.modules.loading: loading bus/security/ir.model.access.csv 
2026-04-08 12:00:38,863 1 INFO odoo_ci_test odoo.modules.loading: Module bus loaded in 0.11s, 152 queries (+152 other) 
2026-04-08 12:00:38,863 1 INFO odoo_ci_test odoo.modules.loading: Loading module web_tour (10/28) 
2026-04-08 12:00:38,870 1 INFO odoo_ci_test odoo.registry: module web_tour: creating or updating database tables 
2026-04-08 12:00:38,875 1 INFO odoo_ci_test odoo.models: Prepare computation of res.users.tour_enabled 
2026-04-08 12:00:38,937 1 INFO odoo_ci_test odoo.modules.loading: loading web_tour/security/ir.model.access.csv 
2026-04-08 12:00:38,944 1 INFO odoo_ci_test odoo.modules.loading: loading web_tour/views/tour_views.xml 
2026-04-08 12:00:38,982 1 INFO odoo_ci_test odoo.modules.loading: Module web_tour loaded in 0.12s, 180 queries (+180 other) 
2026-04-08 12:00:38,982 1 INFO odoo_ci_test odoo.modules.loading: Loading module auth_passkey (11/28) 
2026-04-08 12:00:39,021 1 INFO odoo_ci_test odoo.registry: module auth_passkey: creating or updating database tables 
2026-04-08 12:00:39,073 1 INFO odoo_ci_test odoo.modules.loading: loading auth_passkey/views/auth_passkey_key_views.xml 
2026-04-08 12:00:39,098 1 INFO odoo_ci_test odoo.modules.loading: loading auth_passkey/views/auth_passkey_login_templates.xml 
2026-04-08 12:00:39,110 1 INFO odoo_ci_test odoo.modules.loading: loading auth_passkey/views/res_users_identitycheck_views.xml 
2026-04-08 12:00:39,119 1 INFO odoo_ci_test odoo.modules.loading: loading auth_passkey/views/res_users_views.xml 
2026-04-08 12:00:39,136 1 INFO odoo_ci_test odoo.modules.loading: loading auth_passkey/security/ir.model.access.csv 
2026-04-08 12:00:39,144 1 INFO odoo_ci_test odoo.modules.loading: loading auth_passkey/security/security.xml 
2026-04-08 12:00:39,168 1 INFO odoo_ci_test odoo.modules.loading: Module auth_passkey loaded in 0.19s, 218 queries (+218 other) 
2026-04-08 12:00:39,168 1 INFO odoo_ci_test odoo.modules.loading: Loading module html_editor (12/28) 
2026-04-08 12:00:39,320 1 INFO odoo_ci_test odoo.registry: module html_editor: creating or updating database tables 
2026-04-08 12:00:39,780 1 INFO odoo_ci_test odoo.modules.loading: loading html_editor/security/ir.model.access.csv 
2026-04-08 12:00:39,792 1 INFO odoo_ci_test odoo.modules.loading: Module html_editor loaded in 0.62s, 1034 queries (+1034 other) 
2026-04-08 12:00:39,792 1 INFO odoo_ci_test odoo.modules.loading: Loading module iap (13/28) 
2026-04-08 12:00:39,795 1 INFO odoo_ci_test odoo.registry: module iap: creating or updating database tables 
2026-04-08 12:00:39,849 1 INFO odoo_ci_test odoo.modules.loading: loading iap/data/services.xml 
2026-04-08 12:00:39,853 1 INFO odoo_ci_test odoo.modules.loading: loading iap/security/ir.model.access.csv 
2026-04-08 12:00:39,861 1 INFO odoo_ci_test odoo.modules.loading: loading iap/security/ir_rule.xml 
2026-04-08 12:00:39,868 1 INFO odoo_ci_test odoo.modules.loading: loading iap/views/iap_views.xml 
2026-04-08 12:00:39,892 1 INFO odoo_ci_test odoo.modules.loading: loading iap/views/res_config_settings.xml 
2026-04-08 12:00:39,912 1 INFO odoo_ci_test odoo.modules.loading: Module iap loaded in 0.12s, 182 queries (+182 other) 
2026-04-08 12:00:39,912 1 INFO odoo_ci_test odoo.modules.loading: Loading module mail (14/28) 
2026-04-08 12:00:39,977 1 INFO odoo_ci_test odoo.registry: module mail: creating or updating database tables 
2026-04-08 12:00:40,142 1 INFO odoo_ci_test odoo.models: Prepare computation of ir.actions.server.partner_ids 
2026-04-08 12:00:40,142 1 INFO odoo_ci_test odoo.models: Prepare computation of ir.actions.server.activity_user_id 
2026-04-08 12:00:40,142 1 INFO odoo_ci_test odoo.models: Prepare computation of ir.actions.server.activity_type_id 
2026-04-08 12:00:40,142 1 INFO odoo_ci_test odoo.models: Prepare computation of ir.actions.server.template_id 
2026-04-08 12:00:40,142 1 INFO odoo_ci_test odoo.models: Prepare computation of ir.actions.server.activity_date_deadline_range 
2026-04-08 12:00:40,143 1 INFO odoo_ci_test odoo.models: Prepare computation of ir.actions.server.activity_summary 
2026-04-08 12:00:40,143 1 INFO odoo_ci_test odoo.models: Prepare computation of ir.actions.server.followers_type 
2026-04-08 12:00:40,143 1 INFO odoo_ci_test odoo.models: Prepare computation of ir.actions.server.followers_partner_field_name 
2026-04-08 12:00:40,143 1 INFO odoo_ci_test odoo.models: Prepare computation of ir.actions.server.mail_post_method 
2026-04-08 12:00:40,143 1 INFO odoo_ci_test odoo.models: Prepare computation of ir.actions.server.activity_date_deadline_range_type 
2026-04-08 12:00:40,143 1 INFO odoo_ci_test odoo.models: Prepare computation of ir.actions.server.activity_user_type 
2026-04-08 12:00:40,143 1 INFO odoo_ci_test odoo.models: Prepare computation of ir.actions.server.activity_user_field_name 
2026-04-08 12:00:40,143 1 INFO odoo_ci_test odoo.models: Prepare computation of ir.actions.server.activity_note 
2026-04-08 12:00:40,143 1 INFO odoo_ci_test odoo.models: Prepare computation of ir.actions.server.mail_post_autofollow 
2026-04-08 12:00:40,201 1 INFO odoo_ci_test odoo.models: Prepare computation of res.users.notification_type 
2026-04-08 12:00:40,251 1 INFO odoo_ci_test odoo.models: Prepare computation of res.partner.email_normalized 
<string>:38: (ERROR/3) Unexpected indentation.
<string>:43: (WARNING/2) Block quote ends without a blank line; unexpected unindent.
2026-04-08 12:00:41,500 1 INFO odoo_ci_test odoo.modules.loading: loading mail/data/mail_groups.xml 
2026-04-08 12:00:41,521 1 INFO odoo_ci_test odoo.modules.loading: loading mail/wizard/mail_activity_schedule_views.xml 
2026-04-08 12:00:41,532 1 INFO odoo_ci_test odoo.modules.loading: loading mail/wizard/mail_blacklist_remove_views.xml 
2026-04-08 12:00:41,538 1 INFO odoo_ci_test odoo.modules.loading: loading mail/wizard/mail_compose_message_views.xml 
2026-04-08 12:00:41,555 1 INFO odoo_ci_test odoo.modules.loading: loading mail/wizard/mail_template_preview_views.xml 
2026-04-08 12:00:41,564 1 INFO odoo_ci_test odoo.modules.loading: loading mail/wizard/mail_followers_edit_views.xml 
2026-04-08 12:00:41,574 1 INFO odoo_ci_test odoo.modules.loading: loading mail/wizard/mail_template_reset_views.xml 
2026-04-08 12:00:41,583 1 INFO odoo_ci_test odoo.modules.loading: loading mail/views/fetchmail_views.xml 
2026-04-08 12:00:41,601 1 INFO odoo_ci_test odoo.modules.loading: loading mail/views/ir_cron_views.xml 
2026-04-08 12:00:41,612 1 INFO odoo_ci_test odoo.modules.loading: loading mail/views/ir_filters_views.xml 
2026-04-08 12:00:41,629 1 INFO odoo_ci_test odoo.modules.loading: loading mail/views/ir_mail_server_views.xml 
2026-04-08 12:00:41,638 1 INFO odoo_ci_test odoo.modules.loading: loading mail/views/mail_message_subtype_views.xml 
2026-04-08 12:00:41,653 1 INFO odoo_ci_test odoo.modules.loading: loading mail/views/mail_tracking_value_views.xml 
2026-04-08 12:00:41,666 1 INFO odoo_ci_test odoo.modules.loading: loading mail/views/mail_notification_views.xml 
2026-04-08 12:00:41,678 1 INFO odoo_ci_test odoo.modules.loading: loading mail/views/mail_message_views.xml 
2026-04-08 12:00:41,706 1 INFO odoo_ci_test odoo.modules.loading: loading mail/views/mail_message_schedule_views.xml 
2026-04-08 12:00:41,722 1 INFO odoo_ci_test odoo.modules.loading: loading mail/views/mail_mail_views.xml 
2026-04-08 12:00:41,747 1 INFO odoo_ci_test odoo.modules.loading: loading mail/views/mail_followers_views.xml 
2026-04-08 12:00:41,760 1 INFO odoo_ci_test odoo.modules.loading: loading mail/views/mail_ice_server_views.xml 
2026-04-08 12:00:41,781 1 INFO odoo_ci_test odoo.modules.loading: loading mail/views/discuss_channel_member_views.xml 
2026-04-08 12:00:41,794 1 INFO odoo_ci_test odoo.modules.loading: loading mail/views/discuss_channel_rtc_session_views.xml 
2026-04-08 12:00:41,811 1 INFO odoo_ci_test odoo.modules.loading: loading mail/views/mail_link_preview_views.xml 
2026-04-08 12:00:41,830 1 INFO odoo_ci_test odoo.modules.loading: loading mail/views/discuss/discuss_gif_favorite_views.xml 
2026-04-08 12:00:41,843 1 INFO odoo_ci_test odoo.modules.loading: loading mail/views/discuss_channel_views.xml 
2026-04-08 12:00:41,875 1 INFO odoo_ci_test odoo.modules.loading: loading mail/views/mail_canned_response_views.xml 
2026-04-08 12:00:41,899 1 INFO odoo_ci_test odoo.modules.loading: loading mail/views/res_role_views.xml 
2026-04-08 12:00:41,916 1 INFO odoo_ci_test odoo.modules.loading: loading mail/views/mail_activity_views.xml 
2026-04-08 12:00:42,009 1 INFO odoo_ci_test odoo.modules.loading: loading mail/views/mail_activity_plan_views.xml 
2026-04-08 12:00:42,047 1 INFO odoo_ci_test odoo.modules.loading: loading mail/views/mail_activity_plan_template_views.xml 
2026-04-08 12:00:42,057 1 INFO odoo_ci_test odoo.modules.loading: loading mail/views/res_config_settings_views.xml 
2026-04-08 12:00:42,079 1 INFO odoo_ci_test odoo.modules.loading: loading mail/data/ir_config_parameter_data.xml 
2026-04-08 12:00:42,084 1 INFO odoo_ci_test odoo.modules.loading: loading mail/data/res_partner_data.xml 
2026-04-08 12:00:42,147 1 INFO odoo_ci_test odoo.modules.loading: loading mail/data/mail_message_subtype_data.xml 
2026-04-08 12:00:42,154 1 INFO odoo_ci_test odoo.modules.loading: loading mail/data/mail_templates_chatter.xml 
2026-04-08 12:00:42,171 1 INFO odoo_ci_test odoo.modules.loading: loading mail/data/mail_templates_email_layouts.xml 
2026-04-08 12:00:42,189 1 INFO odoo_ci_test odoo.modules.loading: loading mail/data/mail_templates_mailgateway.xml 
2026-04-08 12:00:42,206 1 INFO odoo_ci_test odoo.modules.loading: loading mail/data/discuss_channel_data.xml 
2026-04-08 12:00:42,241 1 INFO odoo_ci_test odoo.modules.loading: loading mail/data/mail_activity_type_data.xml 
2026-04-08 12:00:42,253 1 INFO odoo_ci_test odoo.modules.loading: loading mail/data/security_notifications_templates.xml 
2026-04-08 12:00:42,259 1 INFO odoo_ci_test odoo.modules.loading: loading mail/data/ir_cron_data.xml 
2026-04-08 12:00:42,361 1 INFO odoo_ci_test odoo.modules.loading: loading mail/data/ir_actions_client.xml 
2026-04-08 12:00:42,366 1 INFO odoo_ci_test odoo.modules.loading: loading mail/security/mail_security.xml 
2026-04-08 12:00:42,522 1 INFO odoo_ci_test odoo.modules.loading: loading mail/security/ir.model.access.csv 
2026-04-08 12:00:42,568 1 INFO odoo_ci_test odoo.modules.loading: loading mail/views/discuss_public_templates.xml 
2026-04-08 12:00:42,574 1 INFO odoo_ci_test odoo.modules.loading: loading mail/views/mail_alias_domain_views.xml 
2026-04-08 12:00:42,592 1 INFO odoo_ci_test odoo.modules.loading: loading mail/views/mail_alias_views.xml 
2026-04-08 12:00:42,612 1 INFO odoo_ci_test odoo.modules.loading: loading mail/views/mail_gateway_allowed_views.xml 
2026-04-08 12:00:42,626 1 INFO odoo_ci_test odoo.modules.loading: loading mail/views/mail_guest_views.xml 
2026-04-08 12:00:42,639 1 INFO odoo_ci_test odoo.modules.loading: loading mail/views/mail_message_reaction_views.xml 
2026-04-08 12:00:42,652 1 INFO odoo_ci_test odoo.modules.loading: loading mail/views/mail_templates_public.xml 
2026-04-08 12:00:42,661 1 INFO odoo_ci_test odoo.modules.loading: loading mail/views/res_users_views.xml 
2026-04-08 12:00:42,687 1 INFO odoo_ci_test odoo.modules.loading: loading mail/views/res_users_settings_views.xml 
2026-04-08 12:00:42,702 1 INFO odoo_ci_test odoo.modules.loading: loading mail/views/mail_template_views.xml 
2026-04-08 12:00:42,725 1 INFO odoo_ci_test odoo.modules.loading: loading mail/views/ir_actions_server_views.xml 
2026-04-08 12:00:42,742 1 INFO odoo_ci_test odoo.modules.loading: loading mail/views/ir_model_views.xml 
2026-04-08 12:00:42,777 1 INFO odoo_ci_test odoo.modules.loading: loading mail/views/res_partner_views.xml 
2026-04-08 12:00:42,825 1 INFO odoo_ci_test odoo.modules.loading: loading mail/views/mail_blacklist_views.xml 
2026-04-08 12:00:42,844 1 INFO odoo_ci_test odoo.modules.loading: loading mail/views/mail_menus.xml 
2026-04-08 12:00:42,965 1 INFO odoo_ci_test odoo.modules.loading: loading mail/views/discuss/discuss_menus.xml 
2026-04-08 12:00:42,970 1 INFO odoo_ci_test odoo.modules.loading: loading mail/views/discuss/discuss_call_history_views.xml 
2026-04-08 12:00:42,986 1 INFO odoo_ci_test odoo.modules.loading: loading mail/views/res_company_views.xml 
2026-04-08 12:00:42,997 1 INFO odoo_ci_test odoo.modules.loading: loading mail/views/mail_scheduled_message_views.xml 
2026-04-08 12:00:43,005 1 INFO odoo_ci_test odoo.modules.loading: loading mail/data/mail_canned_response_data.xml 
2026-04-08 12:00:43,013 1 INFO odoo_ci_test odoo.modules.loading: loading mail/data/mail_templates_invite.xml 
2026-04-08 12:00:43,027 1 INFO odoo_ci_test odoo.modules.loading: loading mail/data/web_tour_tour.xml 
2026-04-08 12:00:43,081 1 INFO odoo_ci_test odoo.modules.loading: Module mail loaded in 3.17s, 4978 queries (+4979 other) 
2026-04-08 12:00:43,081 1 INFO odoo_ci_test odoo.modules.loading: Loading module web_unsplash (15/28) 
2026-04-08 12:00:43,093 1 INFO odoo_ci_test odoo.registry: module web_unsplash: creating or updating database tables 
2026-04-08 12:00:43,140 1 INFO odoo_ci_test odoo.modules.loading: loading web_unsplash/views/res_config_settings_view.xml 
2026-04-08 12:00:43,178 1 INFO odoo_ci_test odoo.modules.loading: Module web_unsplash loaded in 0.10s, 112 queries (+112 other) 
2026-04-08 12:00:43,178 1 INFO odoo_ci_test odoo.modules.loading: Loading module auth_signup (16/28) 
2026-04-08 12:00:43,192 1 INFO odoo_ci_test odoo.registry: module auth_signup: creating or updating database tables 
2026-04-08 12:00:43,257 1 INFO odoo_ci_test odoo.modules.loading: loading auth_signup/data/ir_config_parameter_data.xml 
2026-04-08 12:00:43,262 1 INFO odoo_ci_test odoo.modules.loading: loading auth_signup/data/ir_cron_data.xml 
2026-04-08 12:00:43,284 1 INFO odoo_ci_test odoo.modules.loading: loading auth_signup/data/mail_template_data.xml 
2026-04-08 12:00:43,365 1 INFO odoo_ci_test odoo.modules.loading: loading auth_signup/views/res_config_settings_views.xml 
2026-04-08 12:00:43,380 1 INFO odoo_ci_test odoo.modules.loading: loading auth_signup/views/res_users_views.xml 
2026-04-08 12:00:43,407 1 INFO odoo_ci_test odoo.modules.loading: loading auth_signup/views/auth_signup_login_templates.xml 
2026-04-08 12:00:43,428 1 INFO odoo_ci_test odoo.modules.loading: loading auth_signup/views/auth_signup_templates_email.xml 
2026-04-08 12:00:43,436 1 INFO odoo_ci_test odoo.modules.loading: loading auth_signup/views/webclient_templates.xml 
2026-04-08 12:00:43,462 1 INFO odoo_ci_test odoo.modules.loading: Module auth_signup loaded in 0.28s, 255 queries (+255 other) 
2026-04-08 12:00:43,462 1 INFO odoo_ci_test odoo.modules.loading: Loading module auth_totp_mail (17/28) 
2026-04-08 12:00:43,473 1 INFO odoo_ci_test odoo.registry: module auth_totp_mail: creating or updating database tables 
2026-04-08 12:00:43,511 1 INFO odoo_ci_test odoo.modules.loading: loading auth_totp_mail/data/ir_action_data.xml 
2026-04-08 12:00:43,537 1 INFO odoo_ci_test odoo.modules.loading: loading auth_totp_mail/data/mail_template_data.xml 
2026-04-08 12:00:43,584 1 INFO odoo_ci_test odoo.modules.loading: loading auth_totp_mail/data/security_notifications_template.xml 
2026-04-08 12:00:43,591 1 INFO odoo_ci_test odoo.modules.loading: loading auth_totp_mail/views/res_config_settings_views.xml 
2026-04-08 12:00:43,607 1 INFO odoo_ci_test odoo.modules.loading: loading auth_totp_mail/views/res_users_views.xml 
2026-04-08 12:00:43,625 1 INFO odoo_ci_test odoo.modules.loading: loading auth_totp_mail/views/templates.xml 
2026-04-08 12:00:43,649 1 INFO odoo_ci_test odoo.modules.loading: Module auth_totp_mail loaded in 0.19s, 189 queries (+189 other) 
2026-04-08 12:00:43,649 1 INFO odoo_ci_test odoo.modules.loading: Loading module base_install_request (18/28) 
2026-04-08 12:00:43,654 1 INFO odoo_ci_test odoo.registry: module base_install_request: creating or updating database tables 
2026-04-08 12:00:43,707 1 INFO odoo_ci_test odoo.modules.loading: loading base_install_request/security/ir.model.access.csv 
2026-04-08 12:00:43,715 1 INFO odoo_ci_test odoo.modules.loading: loading base_install_request/wizard/base_module_install_request_views.xml 
2026-04-08 12:00:43,732 1 INFO odoo_ci_test odoo.modules.loading: loading base_install_request/data/mail_template_data.xml 
2026-04-08 12:00:43,739 1 INFO odoo_ci_test odoo.modules.loading: loading base_install_request/data/mail_templates_module_install.xml 
2026-04-08 12:00:43,745 1 INFO odoo_ci_test odoo.modules.loading: loading base_install_request/views/ir_module_module_views.xml 
2026-04-08 12:00:43,766 1 INFO odoo_ci_test odoo.modules.loading: Module base_install_request loaded in 0.12s, 154 queries (+154 other) 
2026-04-08 12:00:43,766 1 INFO odoo_ci_test odoo.modules.loading: Loading module google_gmail (19/28) 
2026-04-08 12:00:43,778 1 INFO odoo_ci_test odoo.registry: module google_gmail: creating or updating database tables 
2026-04-08 12:00:43,830 1 INFO odoo_ci_test odoo.modules.loading: loading google_gmail/views/fetchmail_server_views.xml 
2026-04-08 12:00:43,846 1 INFO odoo_ci_test odoo.modules.loading: loading google_gmail/views/ir_mail_server_views.xml 
2026-04-08 12:00:43,858 1 INFO odoo_ci_test odoo.modules.loading: loading google_gmail/views/res_config_settings_views.xml 
2026-04-08 12:00:43,878 1 INFO odoo_ci_test odoo.modules.loading: loading google_gmail/views/templates.xml 
2026-04-08 12:00:43,889 1 INFO odoo_ci_test odoo.modules.loading: Module google_gmail loaded in 0.12s, 155 queries (+155 other) 
2026-04-08 12:00:43,889 1 INFO odoo_ci_test odoo.modules.loading: Loading module iap_mail (20/28) 
2026-04-08 12:00:43,893 1 INFO odoo_ci_test odoo.registry: module iap_mail: creating or updating database tables 
2026-04-08 12:00:43,922 1 INFO odoo_ci_test odoo.modules.loading: loading iap_mail/data/mail_templates.xml 
2026-04-08 12:00:43,936 1 INFO odoo_ci_test odoo.modules.loading: loading iap_mail/views/iap_views.xml 
2026-04-08 12:00:43,955 1 INFO odoo_ci_test odoo.modules.loading: Module iap_mail loaded in 0.07s, 70 queries (+70 other) 
2026-04-08 12:00:43,955 1 INFO odoo_ci_test odoo.modules.loading: Loading module mail_bot (21/28) 
2026-04-08 12:00:43,965 1 INFO odoo_ci_test odoo.registry: module mail_bot: creating or updating database tables 
2026-04-08 12:00:44,006 1 INFO odoo_ci_test odoo.modules.loading: loading mail_bot/views/res_users_views.xml 
2026-04-08 12:00:44,023 1 INFO odoo_ci_test odoo.modules.loading: loading mail_bot/data/mailbot_data.xml 
2026-04-08 12:00:44,034 1 INFO odoo_ci_test odoo.modules.loading: Module mail_bot loaded in 0.08s, 109 queries (+109 other) 
2026-04-08 12:00:44,034 1 INFO odoo_ci_test odoo.modules.loading: Loading module microsoft_outlook (22/28) 
2026-04-08 12:00:44,047 1 INFO odoo_ci_test odoo.registry: module microsoft_outlook: creating or updating database tables 
2026-04-08 12:00:44,100 1 INFO odoo_ci_test odoo.modules.loading: loading microsoft_outlook/views/fetchmail_server_views.xml 
2026-04-08 12:00:44,116 1 INFO odoo_ci_test odoo.modules.loading: loading microsoft_outlook/views/ir_mail_server_views.xml 
2026-04-08 12:00:44,128 1 INFO odoo_ci_test odoo.modules.loading: loading microsoft_outlook/views/res_config_settings_views.xml 
2026-04-08 12:00:44,147 1 INFO odoo_ci_test odoo.modules.loading: loading microsoft_outlook/views/templates.xml 
2026-04-08 12:00:44,158 1 INFO odoo_ci_test odoo.modules.loading: Module microsoft_outlook loaded in 0.12s, 158 queries (+158 other) 
2026-04-08 12:00:44,158 1 INFO odoo_ci_test odoo.modules.loading: Loading module phone_validation (23/28) 
2026-04-08 12:00:44,251 1 INFO odoo_ci_test odoo.registry: module phone_validation: creating or updating database tables 
2026-04-08 12:00:44,261 1 INFO odoo_ci_test odoo.models: Prepare computation of res.partner.phone_sanitized 
2026-04-08 12:00:44,938 1 INFO odoo_ci_test odoo.modules.loading: loading phone_validation/security/ir.model.access.csv 
2026-04-08 12:00:44,946 1 INFO odoo_ci_test odoo.modules.loading: loading phone_validation/views/phone_blacklist_views.xml 
2026-04-08 12:00:44,973 1 INFO odoo_ci_test odoo.modules.loading: loading phone_validation/views/res_partner_views.xml 
2026-04-08 12:00:44,983 1 INFO odoo_ci_test odoo.modules.loading: loading phone_validation/wizard/phone_blacklist_remove_view.xml 
2026-04-08 12:00:44,999 1 INFO odoo_ci_test odoo.modules.loading: Module phone_validation loaded in 0.84s, 1627 queries (+1627 other) 
2026-04-08 12:00:44,999 1 INFO odoo_ci_test odoo.modules.loading: Loading module privacy_lookup (24/28) 
2026-04-08 12:00:45,013 1 INFO odoo_ci_test odoo.registry: module privacy_lookup: creating or updating database tables 
2026-04-08 12:00:45,106 1 INFO odoo_ci_test odoo.modules.loading: loading privacy_lookup/wizard/privacy_lookup_wizard_views.xml 
2026-04-08 12:00:45,154 1 INFO odoo_ci_test odoo.modules.loading: loading privacy_lookup/views/privacy_log_views.xml 
2026-04-08 12:00:45,173 1 INFO odoo_ci_test odoo.modules.loading: loading privacy_lookup/security/ir.model.access.csv 
2026-04-08 12:00:45,189 1 INFO odoo_ci_test odoo.modules.loading: loading privacy_lookup/data/ir_actions_server_data.xml 
2026-04-08 12:00:45,232 1 INFO odoo_ci_test odoo.modules.loading: Module privacy_lookup loaded in 0.23s, 293 queries (+293 other) 
2026-04-08 12:00:45,232 1 INFO odoo_ci_test odoo.modules.loading: Loading module sports_federation_base (25/28) 
2026-04-08 12:00:45,235 1 WARNING odoo_ci_test odoo.registry: Model attribute '_constraints' is no longer supported, please use @api.constrains on methods instead. 
2026-04-08 12:00:45,235 1 WARNING odoo_ci_test odoo.registry: Model attribute '_constraints' is no longer supported, please use @api.constrains on methods instead. 
2026-04-08 12:00:45,235 1 WARNING odoo_ci_test odoo.registry: Model attribute '_constraints' is no longer supported, please use @api.constrains on methods instead. 
2026-04-08 12:00:45,235 1 WARNING odoo_ci_test odoo.registry: Model attribute '_constraints' is no longer supported, please use @api.constrains on methods instead. 
2026-04-08 12:00:45,241 1 INFO odoo_ci_test odoo.registry: module sports_federation_base: creating or updating database tables 
<string>:26: (WARNING/2) Line block ends without a blank line.
<string>:44: (WARNING/2) Line block ends without a blank line.
<string>:58: (WARNING/2) Line block ends without a blank line.
<string>:72: (WARNING/2) Line block ends without a blank line.
<string>:85: (WARNING/2) Line block ends without a blank line.
<string>:26: (ERROR/3) Undefined substitution referenced: "-------".
<string>:26: (ERROR/3) Undefined substitution referenced: "-------------".
<string>:44: (ERROR/3) Undefined substitution referenced: "-------".
<string>:44: (ERROR/3) Undefined substitution referenced: "-------------".
<string>:58: (ERROR/3) Undefined substitution referenced: "-------".
<string>:58: (ERROR/3) Undefined substitution referenced: "-------------".
<string>:72: (ERROR/3) Undefined substitution referenced: "-------".
<string>:72: (ERROR/3) Undefined substitution referenced: "-------------".
<string>:85: (ERROR/3) Undefined substitution referenced: "-------".
<string>:85: (ERROR/3) Undefined substitution referenced: "-------------".
2026-04-08 12:00:45,354 1 INFO odoo_ci_test odoo.modules.loading: loading sports_federation_base/security/res_groups.xml 
2026-04-08 12:00:45,380 1 INFO odoo_ci_test odoo.modules.loading: loading sports_federation_base/security/ir.model.access.csv 
2026-04-08 12:00:45,397 1 INFO odoo_ci_test odoo.modules.loading: loading sports_federation_base/data/ir_sequence.xml 
2026-04-08 12:00:45,401 1 INFO odoo_ci_test odoo.modules.loading: loading sports_federation_base/views/federation_season_registration_views.xml 
2026-04-08 12:00:45,417 1 INFO odoo_ci_test odoo.modules.loading: loading sports_federation_base/views/federation_season_views.xml 
2026-04-08 12:00:45,434 1 INFO odoo_ci_test odoo.modules.loading: loading sports_federation_base/views/federation_team_views.xml 
2026-04-08 12:00:45,450 1 INFO odoo_ci_test odoo.modules.loading: loading sports_federation_base/views/federation_club_views.xml 
2026-04-08 12:00:45,467 1 INFO odoo_ci_test odoo.modules.loading: loading sports_federation_base/views/menu_items.xml 
2026-04-08 12:00:45,491 1 INFO odoo_ci_test odoo.modules.loading: Module sports_federation_base loaded in 0.26s, 295 queries (+295 other) 
2026-04-08 12:00:45,492 1 INFO odoo_ci_test odoo.modules.loading: Loading module partner_autocomplete (26/28) 
2026-04-08 12:00:45,509 1 INFO odoo_ci_test odoo.registry: module partner_autocomplete: creating or updating database tables 
2026-04-08 12:00:45,577 1 INFO odoo_ci_test odoo.modules.loading: loading partner_autocomplete/views/res_company_views.xml 
2026-04-08 12:00:45,596 1 INFO odoo_ci_test odoo.modules.loading: loading partner_autocomplete/views/res_config_settings_views.xml 
2026-04-08 12:00:45,610 1 INFO odoo_ci_test odoo.modules.loading: loading partner_autocomplete/data/iap_service_data.xml 
2026-04-08 12:00:45,621 1 INFO odoo_ci_test odoo.modules.loading: Module partner_autocomplete loaded in 0.13s, 141 queries (+141 other) 
2026-04-08 12:00:45,621 1 INFO odoo_ci_test odoo.modules.loading: Loading module sms (27/28) 
2026-04-08 12:00:45,704 1 INFO odoo_ci_test odoo.registry: module sms: creating or updating database tables 
2026-04-08 12:00:45,713 1 INFO odoo_ci_test odoo.models: Prepare computation of ir.actions.server.sms_template_id 
2026-04-08 12:00:45,713 1 INFO odoo_ci_test odoo.models: Prepare computation of ir.actions.server.sms_method 
2026-04-08 12:00:46,554 1 INFO odoo_ci_test odoo.modules.loading: loading sms/data/iap_service_data.xml 
2026-04-08 12:00:46,559 1 INFO odoo_ci_test odoo.modules.loading: loading sms/data/ir_cron_data.xml 
2026-04-08 12:00:46,582 1 INFO odoo_ci_test odoo.modules.loading: loading sms/wizard/sms_account_code_views.xml 
2026-04-08 12:00:46,593 1 INFO odoo_ci_test odoo.modules.loading: loading sms/wizard/sms_account_phone_views.xml 
2026-04-08 12:00:46,599 1 INFO odoo_ci_test odoo.modules.loading: loading sms/wizard/sms_account_sender_views.xml 
2026-04-08 12:00:46,605 1 INFO odoo_ci_test odoo.modules.loading: loading sms/wizard/sms_composer_views.xml 
2026-04-08 12:00:46,615 1 INFO odoo_ci_test odoo.modules.loading: loading sms/wizard/sms_template_preview_views.xml 
2026-04-08 12:00:46,624 1 INFO odoo_ci_test odoo.modules.loading: loading sms/wizard/sms_template_reset_views.xml 
2026-04-08 12:00:46,632 1 INFO odoo_ci_test odoo.modules.loading: loading sms/views/ir_actions_server_views.xml 
2026-04-08 12:00:46,647 1 INFO odoo_ci_test odoo.modules.loading: loading sms/views/mail_notification_views.xml 
2026-04-08 12:00:46,661 1 INFO odoo_ci_test odoo.modules.loading: loading sms/views/res_config_settings_views.xml 
2026-04-08 12:00:46,675 1 INFO odoo_ci_test odoo.modules.loading: loading sms/views/res_partner_views.xml 
2026-04-08 12:00:46,692 1 INFO odoo_ci_test odoo.modules.loading: loading sms/views/iap_account_views.xml 
2026-04-08 12:00:46,704 1 INFO odoo_ci_test odoo.modules.loading: loading sms/views/sms_sms_views.xml 
2026-04-08 12:00:46,730 1 INFO odoo_ci_test odoo.modules.loading: loading sms/views/sms_template_views.xml 
2026-04-08 12:00:46,750 1 INFO odoo_ci_test odoo.modules.loading: loading sms/security/ir.model.access.csv 
2026-04-08 12:00:46,771 1 INFO odoo_ci_test odoo.modules.loading: loading sms/security/sms_security.xml 
2026-04-08 12:00:46,795 1 INFO odoo_ci_test odoo.modules.loading: Module sms loaded in 1.17s, 2058 queries (+2058 other) 
2026-04-08 12:00:46,795 1 INFO odoo_ci_test odoo.modules.loading: Loading module snailmail (28/28) 
2026-04-08 12:00:46,896 1 INFO odoo_ci_test odoo.registry: module snailmail: creating or updating database tables 
2026-04-08 12:00:47,109 1 INFO odoo_ci_test odoo.modules.loading: loading snailmail/data/iap_service_data.xml 
2026-04-08 12:00:47,113 1 INFO odoo_ci_test odoo.modules.loading: loading snailmail/data/snailmail_data.xml 
2026-04-08 12:00:47,138 1 INFO odoo_ci_test odoo.modules.loading: loading snailmail/views/report_assets.xml 
2026-04-08 12:00:47,150 1 INFO odoo_ci_test odoo.modules.loading: loading snailmail/views/snailmail_views.xml 
2026-04-08 12:00:47,169 1 INFO odoo_ci_test odoo.modules.loading: loading snailmail/security/ir.model.access.csv 
2026-04-08 12:00:47,193 1 INFO odoo_ci_test odoo.modules.loading: Module snailmail loaded in 0.40s, 433 queries (+433 other) 
2026-04-08 12:00:47,193 1 INFO odoo_ci_test odoo.modules.loading: 28 modules loaded in 10.07s, 15595 queries (+15596 extra) 
2026-04-08 12:00:47,545 1 INFO odoo_ci_test odoo.modules.loading: Modules loaded. 
2026-04-08 12:00:47,551 1 INFO odoo_ci_test odoo.registry: Registry changed, signaling through the database 
2026-04-08 12:00:47,552 1 INFO odoo_ci_test odoo.registry: Registry loaded in 18.371s 
2026-04-08 12:01:47,642 1 INFO odoo_ci_test odoo.addons.base.models.ir_cron: Job 'Base: Auto-vacuum internal data' (1) starting 
2026-04-08 12:01:47,787 1 INFO odoo_ci_test odoo.addons.api_doc.models.ir_attachment: GC'd 0 /doc cached index 
2026-04-08 12:01:47,830 1 INFO odoo_ci_test odoo.addons.sms.models.sms_sms: GC'd 0 sms marked for deletion 
2026-04-08 12:01:47,847 1 INFO odoo_ci_test odoo.addons.base.models.res_device: GC device logs delete 0 entries 
2026-04-08 12:01:47,850 1 INFO odoo_ci_test odoo.addons.base.models.res_users: GC'd 0 user log entries 
2026-04-08 12:01:47,903 1 INFO odoo_ci_test odoo.addons.base.models.res_users: GC 'auth_totp.device' delete 0 entries 
2026-04-08 12:01:47,910 1 INFO odoo_ci_test odoo.addons.base.models.res_device: GC device logs delete 0 entries 
2026-04-08 12:01:47,923 1 INFO odoo_ci_test odoo.addons.base.models.ir_attachment: filestore gc 14 checked, 0 removed 
2026-04-08 12:01:47,932 1 INFO odoo_ci_test odoo.addons.base.models.res_users: GC 'res.users.apikeys' delete 0 entries 
2026-04-08 12:01:47,942 1 INFO odoo_ci_test odoo.addons.base.models.ir_cron: Job 'Base: Auto-vacuum internal data' (1) fully done (#loop 1; done 70; remaining 0; duration 0.30s) 
2026-04-08 12:01:47,946 1 INFO odoo_ci_test odoo.addons.base.models.ir_cron: Job 'Notification: Delete Notifications older than 6 Months' (5) starting 
2026-04-08 12:01:47,955 1 INFO odoo_ci_test odoo.addons.base.models.ir_cron: Job 'Notification: Delete Notifications older than 6 Months' (5) fully done (#loop 1; done 0; remaining 0; duration 0.01s) 
2026-04-08 12:01:47,957 1 INFO odoo_ci_test odoo.addons.base.models.ir_cron: Job 'Mail: Post scheduled messages' (7) starting 
2026-04-08 12:01:47,963 1 INFO odoo_ci_test odoo.addons.mail.models.mail_scheduled_message: Posting 0 scheduled messages 
2026-04-08 12:01:47,964 1 INFO odoo_ci_test odoo.addons.base.models.ir_cron: Job 'Mail: Post scheduled messages' (7) fully done (#loop 1; done 0; remaining 0; duration 0.01s) 
2026-04-08 12:01:47,966 1 INFO odoo_ci_test odoo.addons.base.models.ir_cron: Job 'Notification: Notify scheduled messages' (8) starting 
2026-04-08 12:01:47,973 1 INFO odoo_ci_test odoo.addons.base.models.ir_cron: Job 'Notification: Notify scheduled messages' (8) fully done (#loop 1; done 0; remaining 0; duration 0.01s) 
2026-04-08 12:01:47,975 1 INFO odoo_ci_test odoo.addons.base.models.ir_cron: Job 'Mail: send web push notification' (9) starting 
2026-04-08 12:01:47,982 1 INFO odoo_ci_test odoo.addons.base.models.ir_cron: Job 'Mail: send web push notification' (9) fully done (#loop 1; done 0; remaining 0; duration 0.01s) 
2026-04-08 12:01:47,984 1 INFO odoo_ci_test odoo.addons.base.models.ir_cron: Job 'Discuss: channel member unmute' (10) starting 
2026-04-08 12:01:47,990 1 INFO odoo_ci_test odoo.addons.base.models.ir_cron: Job 'Discuss: channel member unmute' (10) fully done (#loop 1; done 0; remaining 0; duration 0.01s) 
2026-04-08 12:01:47,992 1 INFO odoo_ci_test odoo.addons.base.models.ir_cron: Job 'SMS: SMS Queue Manager' (12) starting 
2026-04-08 12:01:47,999 1 INFO odoo_ci_test odoo.addons.base.models.ir_cron: Job 'SMS: SMS Queue Manager' (12) fully done (#loop 1; done 0; remaining 0; duration 0.01s) 
2026-04-08 12:01:48,001 1 INFO odoo_ci_test odoo.addons.base.models.ir_cron: Job 'Snailmail: process letters queue' (13) starting 
2026-04-08 12:01:48,009 1 INFO odoo_ci_test odoo.addons.base.models.ir_cron: Job 'Snailmail: process letters queue' (13) fully done (#loop 1; done 0; remaining 0; duration 0.01s) 
2026-04-08 12:01:48,011 1 INFO odoo_ci_test odoo.addons.base.models.ir_cron: Job 'Mail: Email Queue Manager' (3) starting 
2026-04-08 12:01:48,019 1 INFO odoo_ci_test odoo.addons.base.models.ir_cron: Job 'Mail: Email Queue Manager' (3) fully done (#loop 1; done 0; remaining 0; duration 0.01s) 
2026-04-08 12:01:48,021 1 INFO odoo_ci_test odoo.addons.base.models.ir_cron: Job 'Users: Notify About Unregistered Users' (11) starting 
2026-04-08 12:01:48,030 1 INFO odoo_ci_test odoo.addons.base.models.ir_cron: Job 'Users: Notify About Unregistered Users' (11) fully done (#loop 1; done 0; remaining 0; duration 0.01s) 
2026-04-08 12:01:48,032 1 INFO odoo_ci_test odoo.addons.base.models.ir_cron: Job 'Base: Portal Users Deletion' (2) starting 
2026-04-08 12:01:48,040 1 INFO odoo_ci_test odoo.addons.base.models.ir_cron: Job 'Base: Portal Users Deletion' (2) fully done (#loop 1; done 0; remaining 0; duration 0.01s) 
2026-04-08 12:01:48,596 1 INFO odoo_ci_test odoo.addons.base.models.ir_cron: Job 'Base: Auto-vacuum internal data' (1) starting 
2026-04-08 12:01:48,710 1 INFO odoo_ci_test odoo.addons.sms.models.sms_sms: GC'd 0 sms marked for deletion 
2026-04-08 12:01:48,758 1 INFO odoo_ci_test odoo.addons.base.models.res_device: GC device logs delete 0 entries 
2026-04-08 12:01:48,779 1 INFO odoo_ci_test odoo.addons.base.models.res_users: GC 'auth_totp.device' delete 0 entries 
2026-04-08 12:01:48,796 1 INFO odoo_ci_test odoo.addons.base.models.ir_attachment: filestore gc 0 checked, 0 removed 
2026-04-08 12:01:48,829 1 INFO odoo_ci_test odoo.addons.base.models.res_users: GC 'res.users.apikeys' delete 0 entries 
2026-04-08 12:01:48,831 1 INFO odoo_ci_test odoo.addons.base.models.res_device: GC device logs delete 0 entries 
2026-04-08 12:01:48,850 1 INFO odoo_ci_test odoo.addons.api_doc.models.ir_attachment: GC'd 0 /doc cached index 
2026-04-08 12:01:48,864 1 INFO odoo_ci_test odoo.addons.base.models.res_users: GC'd 0 user log entries 
2026-04-08 12:01:48,866 1 INFO odoo_ci_test odoo.addons.base.models.ir_cron: Job 'Base: Auto-vacuum internal data' (1) fully done (#loop 1; done 70; remaining 0; duration 0.27s) 
2026-04-08 12:24:53,277 1 INFO odoo_ci_test odoo.service.server: Initiating shutdown 
2026-04-08 12:24:53,277 1 INFO odoo_ci_test odoo.service.server: Hit CTRL-C again or send a second signal to force the shutdown. 
2026-04-08 12:24:53,451 1 INFO odoo_ci_test odoo.sql_db: ConnectionPool(read/write;used=0/count=0/max=64): Closed 3 connections  
