 Container sf_ci-ci-db-1  Running
Running as user 'root' is a security risk.
2026-04-08 14:02:33,946 1 WARNING ? odoo.tools.config: missing --http-interface/http_interface, using 0.0.0.0 by default, will change to 127.0.0.1 in 20.0 
2026-04-08 14:02:33,947 1 INFO ? odoo: Odoo version 19.0-20260324 
2026-04-08 14:02:33,947 1 INFO ? odoo: Using configuration file at /etc/odoo/odoo.conf 
2026-04-08 14:02:33,947 1 INFO ? odoo: addons paths: _NamespacePath(['/usr/lib/python3/dist-packages/odoo/addons', '/var/lib/odoo/addons/19.0', '/mnt/extra-addons', '/usr/lib/python3/dist-packages/addons']) 
2026-04-08 14:02:33,947 1 INFO ? odoo: database: odoo@ci-db:5432 
2026-04-08 14:02:34,208 1 INFO ? odoo.service.server: HTTP service (werkzeug) running on 8179cfe9446e:8069 
2026-04-08 14:02:34,226 1 INFO odoo_ci_test odoo.tests.common: Importing test framework 
2026-04-08 14:02:34,256 1 INFO odoo_ci_test odoo.modules.loading: Initializing database odoo_ci_test 
2026-04-08 14:02:35,340 1 INFO odoo_ci_test odoo.modules.loading: loading 1 modules... 
2026-04-08 14:02:35,341 1 INFO odoo_ci_test odoo.modules.loading: Loading module base (1/1) 
2026-04-08 14:02:35,368 1 INFO odoo_ci_test odoo.registry: module base: creating or updating database tables 
2026-04-08 14:02:35,607 1 INFO odoo_ci_test odoo.models: Prepare computation of ir.module.module.menus_by_module 
2026-04-08 14:02:35,608 1 INFO odoo_ci_test odoo.models: Prepare computation of ir.module.module.reports_by_module 
2026-04-08 14:02:35,608 1 INFO odoo_ci_test odoo.models: Prepare computation of ir.module.module.views_by_module 
2026-04-08 14:02:35,682 1 INFO odoo_ci_test odoo.models: Prepare computation of res.partner.user_id 
2026-04-08 14:02:35,682 1 INFO odoo_ci_test odoo.models: Prepare computation of res.partner.commercial_partner_id 
2026-04-08 14:02:35,682 1 INFO odoo_ci_test odoo.models: Prepare computation of res.partner.complete_name 
2026-04-08 14:02:35,682 1 INFO odoo_ci_test odoo.models: Prepare computation of res.partner.lang 
2026-04-08 14:02:35,682 1 INFO odoo_ci_test odoo.models: Prepare computation of res.partner.company_registry 
2026-04-08 14:02:35,683 1 INFO odoo_ci_test odoo.models: Prepare computation of res.partner.commercial_company_name 
2026-04-08 14:02:35,683 1 INFO odoo_ci_test odoo.models: Prepare computation of res.partner.properties 
2026-04-08 14:02:35,683 1 INFO odoo_ci_test odoo.models: Prepare computation of res.partner.partner_share 
2026-04-08 14:02:35,706 1 INFO odoo_ci_test odoo.models: Prepare computation of res.currency.decimal_places 
2026-04-08 14:02:35,722 1 INFO odoo_ci_test odoo.models: Prepare computation of res.company.uses_default_logo 
2026-04-08 14:02:35,722 1 INFO odoo_ci_test odoo.models: Prepare computation of res.company.logo_web 
2026-04-08 14:02:35,724 1 INFO odoo_ci_test odoo.models: Computing parent_path for table res_company... 
2026-04-08 14:02:35,744 1 INFO odoo_ci_test odoo.models: Prepare computation of res.users.signature 
2026-04-08 14:02:35,745 1 INFO odoo_ci_test odoo.models: Prepare computation of res.users.share 
2026-04-08 14:02:36,988 1 INFO odoo_ci_test odoo.modules.loading: loading base/data/res_bank.xml 
2026-04-08 14:02:36,992 1 INFO odoo_ci_test odoo.modules.loading: loading base/data/res.lang.csv 
2026-04-08 14:02:37,030 1 INFO odoo_ci_test odoo.modules.loading: loading base/data/res_lang_data.xml 
2026-04-08 14:02:37,061 1 INFO odoo_ci_test odoo.modules.loading: loading base/data/res_partner_data.xml 
2026-04-08 14:02:37,105 1 INFO odoo_ci_test odoo.modules.loading: loading base/data/res_currency_data.xml 
2026-04-08 14:02:37,534 1 INFO odoo_ci_test odoo.modules.loading: loading base/data/res_company_data.xml 
2026-04-08 14:02:37,541 1 INFO odoo_ci_test odoo.modules.loading: loading base/data/res_users_data.xml 
2026-04-08 14:02:38,548 1 INFO odoo_ci_test odoo.modules.loading: loading base/data/report_paperformat_data.xml 
2026-04-08 14:02:38,556 1 INFO odoo_ci_test odoo.modules.loading: loading base/data/res_country_data.xml 
2026-04-08 14:02:39,092 1 INFO odoo_ci_test odoo.modules.loading: loading base/data/ir_demo_data.xml 
2026-04-08 14:02:39,105 1 INFO odoo_ci_test odoo.modules.loading: loading base/security/base_groups.xml 
2026-04-08 14:02:39,289 1 INFO odoo_ci_test odoo.modules.loading: loading base/security/base_security.xml 
2026-04-08 14:02:39,455 1 INFO odoo_ci_test odoo.modules.loading: loading base/wizard/wizard_ir_model_menu_create_views.xml 
2026-04-08 14:02:39,467 1 INFO odoo_ci_test odoo.modules.loading: loading base/views/base_menus.xml 
2026-04-08 14:02:39,522 1 INFO odoo_ci_test odoo.modules.loading: loading base/views/decimal_precision_views.xml 
2026-04-08 14:02:39,541 1 INFO odoo_ci_test odoo.modules.loading: loading base/views/res_config_views.xml 
2026-04-08 14:02:39,548 1 INFO odoo_ci_test odoo.modules.loading: loading base/data/res.country.state.csv 
2026-04-08 14:02:39,864 1 INFO odoo_ci_test odoo.modules.loading: loading base/views/ir_actions_views.xml 
2026-04-08 14:02:39,999 1 INFO odoo_ci_test odoo.modules.loading: loading base/views/ir_asset_views.xml 
2026-04-08 14:02:40,017 1 INFO odoo_ci_test odoo.modules.loading: loading base/views/ir_config_parameter_views.xml 
2026-04-08 14:02:40,034 1 INFO odoo_ci_test odoo.modules.loading: loading base/views/ir_cron_views.xml 
2026-04-08 14:02:40,061 1 INFO odoo_ci_test odoo.modules.loading: loading base/views/ir_cron_trigger_views.xml 
2026-04-08 14:02:40,078 1 INFO odoo_ci_test odoo.modules.loading: loading base/views/ir_filters_views.xml 
2026-04-08 14:02:40,100 1 INFO odoo_ci_test odoo.modules.loading: loading base/views/ir_mail_server_views.xml 
2026-04-08 14:02:40,120 1 INFO odoo_ci_test odoo.modules.loading: loading base/views/ir_model_views.xml 
2026-04-08 14:02:40,252 1 INFO odoo_ci_test odoo.modules.loading: loading base/views/ir_attachment_views.xml 
2026-04-08 14:02:40,273 1 INFO odoo_ci_test odoo.modules.loading: loading base/views/ir_rule_views.xml 
2026-04-08 14:02:40,292 1 INFO odoo_ci_test odoo.modules.loading: loading base/views/ir_sequence_views.xml 
2026-04-08 14:02:40,313 1 INFO odoo_ci_test odoo.modules.loading: loading base/views/ir_ui_menu_views.xml 
2026-04-08 14:02:40,331 1 INFO odoo_ci_test odoo.modules.loading: loading base/views/ir_ui_view_views.xml 
2026-04-08 14:02:40,378 1 INFO odoo_ci_test odoo.modules.loading: loading base/views/ir_default_views.xml 
2026-04-08 14:02:40,396 1 INFO odoo_ci_test odoo.modules.loading: loading base/data/ir_config_parameter_data.xml 
2026-04-08 14:02:40,399 1 INFO odoo_ci_test odoo.modules.loading: loading base/data/ir_cron_data.xml 
2026-04-08 14:02:40,411 1 INFO odoo_ci_test odoo.modules.loading: loading base/report/ir_model_report.xml 
2026-04-08 14:02:40,415 1 INFO odoo_ci_test odoo.modules.loading: loading base/report/ir_model_templates.xml 
2026-04-08 14:02:40,423 1 INFO odoo_ci_test odoo.modules.loading: loading base/views/ir_logging_views.xml 
2026-04-08 14:02:40,442 1 INFO odoo_ci_test odoo.modules.loading: loading base/views/ir_qweb_widget_templates.xml 
2026-04-08 14:02:40,455 1 INFO odoo_ci_test odoo.modules.loading: loading base/views/ir_module_views.xml 
2026-04-08 14:02:40,507 1 INFO odoo_ci_test odoo.modules.loading: loading base/data/ir_module_category_data.xml 
2026-04-08 14:02:40,543 1 INFO odoo_ci_test odoo.modules.loading: loading base/data/ir_module_module.xml 
2026-04-08 14:02:40,599 1 INFO odoo_ci_test odoo.modules.loading: loading base/report/ir_module_reports.xml 
2026-04-08 14:02:40,603 1 INFO odoo_ci_test odoo.modules.loading: loading base/report/ir_module_report_templates.xml 
2026-04-08 14:02:40,610 1 INFO odoo_ci_test odoo.modules.loading: loading base/wizard/base_module_update_views.xml 
2026-04-08 14:02:40,623 1 INFO odoo_ci_test odoo.modules.loading: loading base/wizard/base_language_install_views.xml 
2026-04-08 14:02:40,640 1 INFO odoo_ci_test odoo.modules.loading: loading base/wizard/base_import_language_views.xml 
2026-04-08 14:02:40,652 1 INFO odoo_ci_test odoo.modules.loading: loading base/wizard/base_module_upgrade_views.xml 
2026-04-08 14:02:40,668 1 INFO odoo_ci_test odoo.modules.loading: loading base/wizard/base_module_uninstall_views.xml 
2026-04-08 14:02:40,677 1 INFO odoo_ci_test odoo.modules.loading: loading base/wizard/base_export_language_views.xml 
2026-04-08 14:02:40,689 1 INFO odoo_ci_test odoo.modules.loading: loading base/wizard/base_partner_merge_views.xml 
2026-04-08 14:02:40,702 1 INFO odoo_ci_test odoo.modules.loading: loading base/data/ir_demo_failure_data.xml 
2026-04-08 14:02:40,717 1 INFO odoo_ci_test odoo.modules.loading: loading base/views/ir_profile_views.xml 
2026-04-08 14:02:40,739 1 INFO odoo_ci_test odoo.modules.loading: loading base/views/res_company_views.xml 
2026-04-08 14:02:40,759 1 INFO odoo_ci_test odoo.modules.loading: loading base/views/res_lang_views.xml 
2026-04-08 14:02:40,779 1 INFO odoo_ci_test odoo.modules.loading: loading base/views/res_partner_views.xml 
2026-04-08 14:02:40,862 1 INFO odoo_ci_test odoo.modules.loading: loading base/views/res_bank_views.xml 
2026-04-08 14:02:40,892 1 INFO odoo_ci_test odoo.modules.loading: loading base/views/res_country_views.xml 
2026-04-08 14:02:40,931 1 INFO odoo_ci_test odoo.modules.loading: loading base/views/res_currency_views.xml 
2026-04-08 14:02:40,968 1 INFO odoo_ci_test odoo.modules.loading: loading base/views/res_groups_views.xml 
2026-04-08 14:02:41,009 1 INFO odoo_ci_test odoo.modules.loading: loading base/views/res_users_views.xml 
2026-04-08 14:02:41,097 1 INFO odoo_ci_test odoo.modules.loading: loading base/views/res_users_apikeys_views.xml 
2026-04-08 14:02:41,103 1 INFO odoo_ci_test odoo.modules.loading: loading base/views/res_device_views.xml 
2026-04-08 14:02:41,123 1 INFO odoo_ci_test odoo.modules.loading: loading base/views/res_users_identitycheck_views.xml 
2026-04-08 14:02:41,130 1 INFO odoo_ci_test odoo.modules.loading: loading base/views/res_config_settings_views.xml 
2026-04-08 14:02:41,138 1 INFO odoo_ci_test odoo.modules.loading: loading base/views/report_paperformat_views.xml 
2026-04-08 14:02:41,160 1 INFO odoo_ci_test odoo.modules.loading: loading base/security/ir.model.access.csv 
2026-04-08 14:02:41,454 1 INFO odoo_ci_test odoo.modules.loading: Module base loaded in 6.11s, 8397 queries (+8397 other) 
2026-04-08 14:02:41,454 1 INFO odoo_ci_test odoo.modules.loading: 1 modules loaded in 6.11s, 8397 queries (+8397 extra) 
2026-04-08 14:02:41,457 1 INFO odoo_ci_test odoo.modules.loading: updating modules list 
2026-04-08 14:02:41,458 1 INFO odoo_ci_test odoo.addons.base.models.ir_module: ALLOW access to module.update_list on [] to user __system__ #1 via n/a 
2026-04-08 14:02:42,276 1 INFO odoo_ci_test odoo.addons.base.models.ir_module: ALLOW access to module.button_install on ['Sports Federation Compliance'] to user __system__ #1 via n/a 
2026-04-08 14:02:42,377 1 INFO odoo_ci_test odoo.modules.loading: loading 49 modules... 
2026-04-08 14:02:42,377 1 INFO odoo_ci_test odoo.modules.loading: Loading module rpc (2/49) 
2026-04-08 14:02:42,392 1 INFO odoo_ci_test odoo.modules.loading: Module rpc loaded in 0.02s, 9 queries (+9 other) 
2026-04-08 14:02:42,393 1 INFO odoo_ci_test odoo.modules.loading: Loading module social_media (3/49) 
2026-04-08 14:02:42,396 1 INFO odoo_ci_test odoo.registry: module social_media: creating or updating database tables 
2026-04-08 14:02:42,430 1 INFO odoo_ci_test odoo.modules.loading: loading social_media/views/res_company_views.xml 
2026-04-08 14:02:42,452 1 INFO odoo_ci_test odoo.modules.loading: Module social_media loaded in 0.06s, 75 queries (+75 other) 
2026-04-08 14:02:42,452 1 INFO odoo_ci_test odoo.modules.loading: Loading module web (4/49) 
2026-04-08 14:02:42,484 1 INFO odoo_ci_test odoo.registry: module web: creating or updating database tables 
2026-04-08 14:02:42,933 1 INFO odoo_ci_test odoo.modules.loading: loading web/security/ir.model.access.csv 
2026-04-08 14:02:42,940 1 INFO odoo_ci_test odoo.modules.loading: loading web/security/web_security.xml 
2026-04-08 14:02:42,952 1 INFO odoo_ci_test odoo.modules.loading: loading web/views/webclient_templates.xml 
2026-04-08 14:02:43,007 1 INFO odoo_ci_test odoo.modules.loading: loading web/views/report_templates.xml 
2026-04-08 14:02:43,093 1 INFO odoo_ci_test odoo.modules.loading: loading web/views/base_document_layout_views.xml 
2026-04-08 14:02:43,108 1 INFO odoo_ci_test odoo.modules.loading: loading web/views/partner_view.xml 
2026-04-08 14:02:43,115 1 INFO odoo_ci_test odoo.modules.loading: loading web/views/speedscope_template.xml 
2026-04-08 14:02:43,120 1 INFO odoo_ci_test odoo.modules.loading: loading web/views/memory_template.xml 
2026-04-08 14:02:43,126 1 INFO odoo_ci_test odoo.modules.loading: loading web/views/speedscope_config_wizard.xml 
2026-04-08 14:02:43,133 1 INFO odoo_ci_test odoo.modules.loading: loading web/views/neutralize_views.xml 
2026-04-08 14:02:43,140 1 INFO odoo_ci_test odoo.modules.loading: loading web/views/ir_ui_view_views.xml 
2026-04-08 14:02:43,149 1 INFO odoo_ci_test odoo.modules.loading: loading web/data/ir_attachment.xml 
2026-04-08 14:02:43,153 1 INFO odoo_ci_test odoo.modules.loading: loading web/data/report_layout.xml 
2026-04-08 14:02:43,205 1 INFO odoo_ci_test odoo.modules.loading: Module web loaded in 0.75s, 1229 queries (+1229 other) 
2026-04-08 14:02:43,205 1 INFO odoo_ci_test odoo.modules.loading: Loading module api_doc (5/49) 
2026-04-08 14:02:43,211 1 INFO odoo_ci_test odoo.registry: module api_doc: creating or updating database tables 
2026-04-08 14:02:43,226 1 INFO odoo_ci_test odoo.modules.loading: loading api_doc/security/res_groups.xml 
2026-04-08 14:02:43,246 1 INFO odoo_ci_test odoo.modules.loading: loading api_doc/views/docclient.xml 
2026-04-08 14:02:43,263 1 INFO odoo_ci_test odoo.modules.loading: Module api_doc loaded in 0.06s, 63 queries (+63 other) 
2026-04-08 14:02:43,263 1 INFO odoo_ci_test odoo.modules.loading: Loading module auth_totp (6/49) 
2026-04-08 14:02:43,278 1 INFO odoo_ci_test odoo.registry: module auth_totp: creating or updating database tables 
2026-04-08 14:02:43,340 1 INFO odoo_ci_test odoo.modules.loading: loading auth_totp/security/security.xml 
2026-04-08 14:02:43,360 1 INFO odoo_ci_test odoo.modules.loading: loading auth_totp/security/ir.model.access.csv 
2026-04-08 14:02:43,366 1 INFO odoo_ci_test odoo.modules.loading: loading auth_totp/data/ir_action_data.xml 
2026-04-08 14:02:43,372 1 INFO odoo_ci_test odoo.modules.loading: loading auth_totp/views/res_users_views.xml 
2026-04-08 14:02:43,398 1 INFO odoo_ci_test odoo.modules.loading: loading auth_totp/views/templates.xml 
2026-04-08 14:02:43,402 1 INFO odoo_ci_test odoo.modules.loading: loading auth_totp/wizard/auth_totp_wizard_views.xml 
2026-04-08 14:02:43,423 1 INFO odoo_ci_test odoo.modules.loading: Module auth_totp loaded in 0.16s, 218 queries (+218 other) 
2026-04-08 14:02:43,423 1 INFO odoo_ci_test odoo.modules.loading: Loading module base_import (7/49) 
2026-04-08 14:02:43,456 1 INFO odoo_ci_test odoo.registry: module base_import: creating or updating database tables 
2026-04-08 14:02:43,880 1 INFO odoo_ci_test odoo.modules.loading: loading base_import/security/ir.model.access.csv 
2026-04-08 14:02:43,893 1 INFO odoo_ci_test odoo.modules.loading: Module base_import loaded in 0.47s, 956 queries (+956 other) 
2026-04-08 14:02:43,893 1 INFO odoo_ci_test odoo.modules.loading: Loading module base_import_module (8/49) 
2026-04-08 14:02:43,900 1 INFO odoo_ci_test odoo.registry: module base_import_module: creating or updating database tables 
2026-04-08 14:02:43,953 1 INFO odoo_ci_test odoo.modules.loading: loading base_import_module/security/ir.model.access.csv 
2026-04-08 14:02:43,958 1 INFO odoo_ci_test odoo.modules.loading: loading base_import_module/views/base_import_module_view.xml 
2026-04-08 14:02:43,976 1 INFO odoo_ci_test odoo.modules.loading: loading base_import_module/views/ir_module_views.xml 
2026-04-08 14:02:44,019 1 INFO odoo_ci_test odoo.modules.loading: Module base_import_module loaded in 0.13s, 172 queries (+172 other) 
2026-04-08 14:02:44,019 1 INFO odoo_ci_test odoo.modules.loading: Loading module base_setup (9/49) 
2026-04-08 14:02:44,027 1 INFO odoo_ci_test odoo.registry: module base_setup: creating or updating database tables 
2026-04-08 14:02:44,069 1 INFO odoo_ci_test odoo.modules.loading: loading base_setup/data/base_setup_data.xml 
2026-04-08 14:02:44,073 1 INFO odoo_ci_test odoo.modules.loading: loading base_setup/views/res_config_settings_views.xml 
2026-04-08 14:02:44,101 1 INFO odoo_ci_test odoo.modules.loading: loading base_setup/views/res_partner_views.xml 
2026-04-08 14:02:44,118 1 INFO odoo_ci_test odoo.modules.loading: Module base_setup loaded in 0.10s, 152 queries (+152 other) 
2026-04-08 14:02:44,119 1 INFO odoo_ci_test odoo.modules.loading: Loading module bus (10/49) 
2026-04-08 14:02:44,135 1 INFO odoo_ci_test odoo.registry: module bus: creating or updating database tables 
2026-04-08 14:02:44,215 1 INFO odoo_ci_test odoo.modules.loading: loading bus/security/ir.model.access.csv 
2026-04-08 14:02:44,229 1 INFO odoo_ci_test odoo.modules.loading: Module bus loaded in 0.11s, 152 queries (+152 other) 
2026-04-08 14:02:44,229 1 INFO odoo_ci_test odoo.modules.loading: Loading module http_routing (11/49) 
2026-04-08 14:02:44,232 1 INFO odoo_ci_test odoo.registry: module http_routing: creating or updating database tables 
2026-04-08 14:02:44,250 1 INFO odoo_ci_test odoo.modules.loading: loading http_routing/views/http_routing_template.xml 
2026-04-08 14:02:44,286 1 INFO odoo_ci_test odoo.modules.loading: loading http_routing/views/res_lang_views.xml 
2026-04-08 14:02:44,309 1 INFO odoo_ci_test odoo.modules.loading: Module http_routing loaded in 0.08s, 114 queries (+114 other) 
2026-04-08 14:02:44,309 1 INFO odoo_ci_test odoo.modules.loading: Loading module resource (12/49) 
2026-04-08 14:02:44,321 1 INFO odoo_ci_test odoo.registry: module resource: creating or updating database tables 
2026-04-08 14:02:44,431 1 INFO odoo_ci_test odoo.modules.loading: loading resource/data/resource_data.xml 
2026-04-08 14:02:44,447 1 INFO odoo_ci_test odoo.modules.loading: loading resource/security/ir.model.access.csv 
2026-04-08 14:02:44,457 1 INFO odoo_ci_test odoo.modules.loading: loading resource/security/resource_security.xml 
2026-04-08 14:02:44,478 1 INFO odoo_ci_test odoo.modules.loading: loading resource/views/resource_resource_views.xml 
2026-04-08 14:02:44,501 1 INFO odoo_ci_test odoo.modules.loading: loading resource/views/resource_calendar_leaves_views.xml 
2026-04-08 14:02:44,526 1 INFO odoo_ci_test odoo.modules.loading: loading resource/views/resource_calendar_attendance_views.xml 
2026-04-08 14:02:44,536 1 INFO odoo_ci_test odoo.modules.loading: loading resource/views/resource_calendar_views.xml 
2026-04-08 14:02:44,557 1 INFO odoo_ci_test odoo.modules.loading: loading resource/views/menuitems.xml 
2026-04-08 14:02:44,583 1 INFO odoo_ci_test odoo.modules.loading: Module resource loaded in 0.27s, 414 queries (+414 other) 
2026-04-08 14:02:44,583 1 INFO odoo_ci_test odoo.modules.loading: Loading module utm (13/49) 
2026-04-08 14:02:44,590 1 INFO odoo_ci_test odoo.registry: module utm: creating or updating database tables 
2026-04-08 14:02:44,676 1 INFO odoo_ci_test odoo.modules.loading: loading utm/data/utm_medium_data.xml 
2026-04-08 14:02:44,695 1 INFO odoo_ci_test odoo.modules.loading: loading utm/data/utm_source_data.xml 
2026-04-08 14:02:44,710 1 INFO odoo_ci_test odoo.modules.loading: loading utm/data/utm_stage_data.xml 
2026-04-08 14:02:44,713 1 INFO odoo_ci_test odoo.modules.loading: loading utm/data/utm_tag_data.xml 
2026-04-08 14:02:44,716 1 INFO odoo_ci_test odoo.modules.loading: loading utm/views/utm_campaign_views.xml 
2026-04-08 14:02:44,742 1 INFO odoo_ci_test odoo.modules.loading: loading utm/views/utm_medium_views.xml 
2026-04-08 14:02:44,756 1 INFO odoo_ci_test odoo.modules.loading: loading utm/views/utm_source_views.xml 
2026-04-08 14:02:44,767 1 INFO odoo_ci_test odoo.modules.loading: loading utm/views/utm_stage_views.xml 
2026-04-08 14:02:44,781 1 INFO odoo_ci_test odoo.modules.loading: loading utm/views/utm_tag_views.xml 
2026-04-08 14:02:44,789 1 INFO odoo_ci_test odoo.modules.loading: loading utm/views/utm_menus.xml 
2026-04-08 14:02:44,808 1 INFO odoo_ci_test odoo.modules.loading: loading utm/security/ir.model.access.csv 
2026-04-08 14:02:44,829 1 INFO odoo_ci_test odoo.modules.loading: Module utm loaded in 0.25s, 410 queries (+410 other) 
2026-04-08 14:02:44,829 1 INFO odoo_ci_test odoo.modules.loading: Loading module web_tour (14/49) 
2026-04-08 14:02:44,837 1 INFO odoo_ci_test odoo.registry: module web_tour: creating or updating database tables 
2026-04-08 14:02:44,841 1 INFO odoo_ci_test odoo.models: Prepare computation of res.users.tour_enabled 
2026-04-08 14:02:44,906 1 INFO odoo_ci_test odoo.modules.loading: loading web_tour/security/ir.model.access.csv 
2026-04-08 14:02:44,912 1 INFO odoo_ci_test odoo.modules.loading: loading web_tour/views/tour_views.xml 
2026-04-08 14:02:44,950 1 INFO odoo_ci_test odoo.modules.loading: Module web_tour loaded in 0.12s, 180 queries (+180 other) 
2026-04-08 14:02:44,950 1 INFO odoo_ci_test odoo.modules.loading: Loading module auth_passkey (15/49) 
2026-04-08 14:02:44,983 1 INFO odoo_ci_test odoo.registry: module auth_passkey: creating or updating database tables 
2026-04-08 14:02:45,040 1 INFO odoo_ci_test odoo.modules.loading: loading auth_passkey/views/auth_passkey_key_views.xml 
2026-04-08 14:02:45,060 1 INFO odoo_ci_test odoo.modules.loading: loading auth_passkey/views/auth_passkey_login_templates.xml 
2026-04-08 14:02:45,072 1 INFO odoo_ci_test odoo.modules.loading: loading auth_passkey/views/res_users_identitycheck_views.xml 
2026-04-08 14:02:45,081 1 INFO odoo_ci_test odoo.modules.loading: loading auth_passkey/views/res_users_views.xml 
2026-04-08 14:02:45,098 1 INFO odoo_ci_test odoo.modules.loading: loading auth_passkey/security/ir.model.access.csv 
2026-04-08 14:02:45,105 1 INFO odoo_ci_test odoo.modules.loading: loading auth_passkey/security/security.xml 
2026-04-08 14:02:45,129 1 INFO odoo_ci_test odoo.modules.loading: Module auth_passkey loaded in 0.18s, 218 queries (+218 other) 
2026-04-08 14:02:45,129 1 INFO odoo_ci_test odoo.modules.loading: Loading module google_recaptcha (16/49) 
2026-04-08 14:02:45,133 1 INFO odoo_ci_test odoo.registry: module google_recaptcha: creating or updating database tables 
2026-04-08 14:02:45,153 1 INFO odoo_ci_test odoo.modules.loading: loading google_recaptcha/views/res_config_settings_view.xml 
2026-04-08 14:02:45,179 1 INFO odoo_ci_test odoo.modules.loading: Module google_recaptcha loaded in 0.05s, 64 queries (+64 other) 
2026-04-08 14:02:45,179 1 INFO odoo_ci_test odoo.modules.loading: Loading module html_editor (17/49) 
2026-04-08 14:02:45,336 1 INFO odoo_ci_test odoo.registry: module html_editor: creating or updating database tables 
2026-04-08 14:02:45,831 1 INFO odoo_ci_test odoo.modules.loading: loading html_editor/security/ir.model.access.csv 
2026-04-08 14:02:45,845 1 INFO odoo_ci_test odoo.modules.loading: Module html_editor loaded in 0.67s, 1110 queries (+1110 other) 
2026-04-08 14:02:45,845 1 INFO odoo_ci_test odoo.modules.loading: Loading module iap (18/49) 
2026-04-08 14:02:45,849 1 INFO odoo_ci_test odoo.registry: module iap: creating or updating database tables 
2026-04-08 14:02:45,902 1 INFO odoo_ci_test odoo.modules.loading: loading iap/data/services.xml 
2026-04-08 14:02:45,907 1 INFO odoo_ci_test odoo.modules.loading: loading iap/security/ir.model.access.csv 
2026-04-08 14:02:45,914 1 INFO odoo_ci_test odoo.modules.loading: loading iap/security/ir_rule.xml 
2026-04-08 14:02:45,920 1 INFO odoo_ci_test odoo.modules.loading: loading iap/views/iap_views.xml 
2026-04-08 14:02:45,943 1 INFO odoo_ci_test odoo.modules.loading: loading iap/views/res_config_settings.xml 
2026-04-08 14:02:45,965 1 INFO odoo_ci_test odoo.modules.loading: Module iap loaded in 0.12s, 184 queries (+184 other) 
2026-04-08 14:02:45,965 1 INFO odoo_ci_test odoo.modules.loading: Loading module mail (19/49) 
2026-04-08 14:02:46,032 1 INFO odoo_ci_test odoo.registry: module mail: creating or updating database tables 
2026-04-08 14:02:46,196 1 INFO odoo_ci_test odoo.models: Prepare computation of ir.actions.server.partner_ids 
2026-04-08 14:02:46,196 1 INFO odoo_ci_test odoo.models: Prepare computation of ir.actions.server.activity_user_id 
2026-04-08 14:02:46,196 1 INFO odoo_ci_test odoo.models: Prepare computation of ir.actions.server.activity_type_id 
2026-04-08 14:02:46,196 1 INFO odoo_ci_test odoo.models: Prepare computation of ir.actions.server.template_id 
2026-04-08 14:02:46,196 1 INFO odoo_ci_test odoo.models: Prepare computation of ir.actions.server.activity_date_deadline_range 
2026-04-08 14:02:46,196 1 INFO odoo_ci_test odoo.models: Prepare computation of ir.actions.server.activity_summary 
2026-04-08 14:02:46,196 1 INFO odoo_ci_test odoo.models: Prepare computation of ir.actions.server.followers_type 
2026-04-08 14:02:46,196 1 INFO odoo_ci_test odoo.models: Prepare computation of ir.actions.server.followers_partner_field_name 
2026-04-08 14:02:46,196 1 INFO odoo_ci_test odoo.models: Prepare computation of ir.actions.server.mail_post_method 
2026-04-08 14:02:46,196 1 INFO odoo_ci_test odoo.models: Prepare computation of ir.actions.server.activity_date_deadline_range_type 
2026-04-08 14:02:46,196 1 INFO odoo_ci_test odoo.models: Prepare computation of ir.actions.server.activity_user_type 
2026-04-08 14:02:46,197 1 INFO odoo_ci_test odoo.models: Prepare computation of ir.actions.server.activity_user_field_name 
2026-04-08 14:02:46,197 1 INFO odoo_ci_test odoo.models: Prepare computation of ir.actions.server.activity_note 
2026-04-08 14:02:46,197 1 INFO odoo_ci_test odoo.models: Prepare computation of ir.actions.server.mail_post_autofollow 
2026-04-08 14:02:46,255 1 INFO odoo_ci_test odoo.models: Prepare computation of res.users.notification_type 
2026-04-08 14:02:46,306 1 INFO odoo_ci_test odoo.models: Prepare computation of res.partner.email_normalized 
<string>:38: (ERROR/3) Unexpected indentation.
<string>:43: (WARNING/2) Block quote ends without a blank line; unexpected unindent.
2026-04-08 14:02:47,586 1 INFO odoo_ci_test odoo.modules.loading: loading mail/data/mail_groups.xml 
2026-04-08 14:02:47,608 1 INFO odoo_ci_test odoo.modules.loading: loading mail/wizard/mail_activity_schedule_views.xml 
2026-04-08 14:02:47,619 1 INFO odoo_ci_test odoo.modules.loading: loading mail/wizard/mail_blacklist_remove_views.xml 
2026-04-08 14:02:47,625 1 INFO odoo_ci_test odoo.modules.loading: loading mail/wizard/mail_compose_message_views.xml 
2026-04-08 14:02:47,642 1 INFO odoo_ci_test odoo.modules.loading: loading mail/wizard/mail_template_preview_views.xml 
2026-04-08 14:02:47,651 1 INFO odoo_ci_test odoo.modules.loading: loading mail/wizard/mail_followers_edit_views.xml 
2026-04-08 14:02:47,662 1 INFO odoo_ci_test odoo.modules.loading: loading mail/wizard/mail_template_reset_views.xml 
2026-04-08 14:02:47,670 1 INFO odoo_ci_test odoo.modules.loading: loading mail/views/fetchmail_views.xml 
2026-04-08 14:02:47,687 1 INFO odoo_ci_test odoo.modules.loading: loading mail/views/ir_cron_views.xml 
2026-04-08 14:02:47,698 1 INFO odoo_ci_test odoo.modules.loading: loading mail/views/ir_filters_views.xml 
2026-04-08 14:02:47,714 1 INFO odoo_ci_test odoo.modules.loading: loading mail/views/ir_mail_server_views.xml 
2026-04-08 14:02:47,723 1 INFO odoo_ci_test odoo.modules.loading: loading mail/views/mail_message_subtype_views.xml 
2026-04-08 14:02:47,737 1 INFO odoo_ci_test odoo.modules.loading: loading mail/views/mail_tracking_value_views.xml 
2026-04-08 14:02:47,749 1 INFO odoo_ci_test odoo.modules.loading: loading mail/views/mail_notification_views.xml 
2026-04-08 14:02:47,760 1 INFO odoo_ci_test odoo.modules.loading: loading mail/views/mail_message_views.xml 
2026-04-08 14:02:47,787 1 INFO odoo_ci_test odoo.modules.loading: loading mail/views/mail_message_schedule_views.xml 
2026-04-08 14:02:47,802 1 INFO odoo_ci_test odoo.modules.loading: loading mail/views/mail_mail_views.xml 
2026-04-08 14:02:47,825 1 INFO odoo_ci_test odoo.modules.loading: loading mail/views/mail_followers_views.xml 
2026-04-08 14:02:47,836 1 INFO odoo_ci_test odoo.modules.loading: loading mail/views/mail_ice_server_views.xml 
2026-04-08 14:02:47,856 1 INFO odoo_ci_test odoo.modules.loading: loading mail/views/discuss_channel_member_views.xml 
2026-04-08 14:02:47,868 1 INFO odoo_ci_test odoo.modules.loading: loading mail/views/discuss_channel_rtc_session_views.xml 
2026-04-08 14:02:47,885 1 INFO odoo_ci_test odoo.modules.loading: loading mail/views/mail_link_preview_views.xml 
2026-04-08 14:02:47,903 1 INFO odoo_ci_test odoo.modules.loading: loading mail/views/discuss/discuss_gif_favorite_views.xml 
2026-04-08 14:02:47,914 1 INFO odoo_ci_test odoo.modules.loading: loading mail/views/discuss_channel_views.xml 
2026-04-08 14:02:47,945 1 INFO odoo_ci_test odoo.modules.loading: loading mail/views/mail_canned_response_views.xml 
2026-04-08 14:02:47,969 1 INFO odoo_ci_test odoo.modules.loading: loading mail/views/res_role_views.xml 
2026-04-08 14:02:47,985 1 INFO odoo_ci_test odoo.modules.loading: loading mail/views/mail_activity_views.xml 
2026-04-08 14:02:48,078 1 INFO odoo_ci_test odoo.modules.loading: loading mail/views/mail_activity_plan_views.xml 
2026-04-08 14:02:48,115 1 INFO odoo_ci_test odoo.modules.loading: loading mail/views/mail_activity_plan_template_views.xml 
2026-04-08 14:02:48,125 1 INFO odoo_ci_test odoo.modules.loading: loading mail/views/res_config_settings_views.xml 
2026-04-08 14:02:48,149 1 INFO odoo_ci_test odoo.modules.loading: loading mail/data/ir_config_parameter_data.xml 
2026-04-08 14:02:48,156 1 INFO odoo_ci_test odoo.modules.loading: loading mail/data/res_partner_data.xml 
2026-04-08 14:02:48,224 1 INFO odoo_ci_test odoo.modules.loading: loading mail/data/mail_message_subtype_data.xml 
2026-04-08 14:02:48,232 1 INFO odoo_ci_test odoo.modules.loading: loading mail/data/mail_templates_chatter.xml 
2026-04-08 14:02:48,250 1 INFO odoo_ci_test odoo.modules.loading: loading mail/data/mail_templates_email_layouts.xml 
2026-04-08 14:02:48,269 1 INFO odoo_ci_test odoo.modules.loading: loading mail/data/mail_templates_mailgateway.xml 
2026-04-08 14:02:48,287 1 INFO odoo_ci_test odoo.modules.loading: loading mail/data/discuss_channel_data.xml 
2026-04-08 14:02:48,322 1 INFO odoo_ci_test odoo.modules.loading: loading mail/data/mail_activity_type_data.xml 
2026-04-08 14:02:48,333 1 INFO odoo_ci_test odoo.modules.loading: loading mail/data/security_notifications_templates.xml 
2026-04-08 14:02:48,338 1 INFO odoo_ci_test odoo.modules.loading: loading mail/data/ir_cron_data.xml 
2026-04-08 14:02:48,435 1 INFO odoo_ci_test odoo.modules.loading: loading mail/data/ir_actions_client.xml 
2026-04-08 14:02:48,440 1 INFO odoo_ci_test odoo.modules.loading: loading mail/security/mail_security.xml 
2026-04-08 14:02:48,581 1 INFO odoo_ci_test odoo.modules.loading: loading mail/security/ir.model.access.csv 
2026-04-08 14:02:48,623 1 INFO odoo_ci_test odoo.modules.loading: loading mail/views/discuss_public_templates.xml 
2026-04-08 14:02:48,628 1 INFO odoo_ci_test odoo.modules.loading: loading mail/views/mail_alias_domain_views.xml 
2026-04-08 14:02:48,644 1 INFO odoo_ci_test odoo.modules.loading: loading mail/views/mail_alias_views.xml 
2026-04-08 14:02:48,662 1 INFO odoo_ci_test odoo.modules.loading: loading mail/views/mail_gateway_allowed_views.xml 
2026-04-08 14:02:48,673 1 INFO odoo_ci_test odoo.modules.loading: loading mail/views/mail_guest_views.xml 
2026-04-08 14:02:48,685 1 INFO odoo_ci_test odoo.modules.loading: loading mail/views/mail_message_reaction_views.xml 
2026-04-08 14:02:48,697 1 INFO odoo_ci_test odoo.modules.loading: loading mail/views/mail_templates_public.xml 
2026-04-08 14:02:48,705 1 INFO odoo_ci_test odoo.modules.loading: loading mail/views/res_users_views.xml 
2026-04-08 14:02:48,730 1 INFO odoo_ci_test odoo.modules.loading: loading mail/views/res_users_settings_views.xml 
2026-04-08 14:02:48,745 1 INFO odoo_ci_test odoo.modules.loading: loading mail/views/mail_template_views.xml 
2026-04-08 14:02:48,765 1 INFO odoo_ci_test odoo.modules.loading: loading mail/views/ir_actions_server_views.xml 
2026-04-08 14:02:48,782 1 INFO odoo_ci_test odoo.modules.loading: loading mail/views/ir_model_views.xml 
2026-04-08 14:02:48,813 1 INFO odoo_ci_test odoo.modules.loading: loading mail/views/res_partner_views.xml 
2026-04-08 14:02:48,856 1 INFO odoo_ci_test odoo.modules.loading: loading mail/views/mail_blacklist_views.xml 
2026-04-08 14:02:48,872 1 INFO odoo_ci_test odoo.modules.loading: loading mail/views/mail_menus.xml 
2026-04-08 14:02:48,991 1 INFO odoo_ci_test odoo.modules.loading: loading mail/views/discuss/discuss_menus.xml 
2026-04-08 14:02:48,995 1 INFO odoo_ci_test odoo.modules.loading: loading mail/views/discuss/discuss_call_history_views.xml 
2026-04-08 14:02:49,012 1 INFO odoo_ci_test odoo.modules.loading: loading mail/views/res_company_views.xml 
2026-04-08 14:02:49,023 1 INFO odoo_ci_test odoo.modules.loading: loading mail/views/mail_scheduled_message_views.xml 
2026-04-08 14:02:49,030 1 INFO odoo_ci_test odoo.modules.loading: loading mail/data/mail_canned_response_data.xml 
2026-04-08 14:02:49,038 1 INFO odoo_ci_test odoo.modules.loading: loading mail/data/mail_templates_invite.xml 
2026-04-08 14:02:49,050 1 INFO odoo_ci_test odoo.modules.loading: loading mail/data/web_tour_tour.xml 
2026-04-08 14:02:49,131 1 INFO odoo_ci_test odoo.modules.loading: Module mail loaded in 3.17s, 5056 queries (+5057 other) 
2026-04-08 14:02:49,131 1 INFO odoo_ci_test odoo.modules.loading: Loading module web_unsplash (20/49) 
2026-04-08 14:02:49,143 1 INFO odoo_ci_test odoo.registry: module web_unsplash: creating or updating database tables 
2026-04-08 14:02:49,191 1 INFO odoo_ci_test odoo.modules.loading: loading web_unsplash/views/res_config_settings_view.xml 
2026-04-08 14:02:49,223 1 INFO odoo_ci_test odoo.modules.loading: Module web_unsplash loaded in 0.09s, 112 queries (+112 other) 
2026-04-08 14:02:49,223 1 INFO odoo_ci_test odoo.modules.loading: Loading module auth_signup (21/49) 
2026-04-08 14:02:49,237 1 INFO odoo_ci_test odoo.registry: module auth_signup: creating or updating database tables 
2026-04-08 14:02:49,299 1 INFO odoo_ci_test odoo.modules.loading: loading auth_signup/data/ir_config_parameter_data.xml 
2026-04-08 14:02:49,304 1 INFO odoo_ci_test odoo.modules.loading: loading auth_signup/data/ir_cron_data.xml 
2026-04-08 14:02:49,325 1 INFO odoo_ci_test odoo.modules.loading: loading auth_signup/data/mail_template_data.xml 
2026-04-08 14:02:49,400 1 INFO odoo_ci_test odoo.modules.loading: loading auth_signup/views/res_config_settings_views.xml 
2026-04-08 14:02:49,415 1 INFO odoo_ci_test odoo.modules.loading: loading auth_signup/views/res_users_views.xml 
2026-04-08 14:02:49,439 1 INFO odoo_ci_test odoo.modules.loading: loading auth_signup/views/auth_signup_login_templates.xml 
2026-04-08 14:02:49,458 1 INFO odoo_ci_test odoo.modules.loading: loading auth_signup/views/auth_signup_templates_email.xml 
2026-04-08 14:02:49,464 1 INFO odoo_ci_test odoo.modules.loading: loading auth_signup/views/webclient_templates.xml 
2026-04-08 14:02:49,510 1 INFO odoo_ci_test odoo.modules.loading: Module auth_signup loaded in 0.29s, 255 queries (+255 other) 
2026-04-08 14:02:49,510 1 INFO odoo_ci_test odoo.modules.loading: Loading module auth_totp_mail (22/49) 
2026-04-08 14:02:49,521 1 INFO odoo_ci_test odoo.registry: module auth_totp_mail: creating or updating database tables 
2026-04-08 14:02:49,559 1 INFO odoo_ci_test odoo.modules.loading: loading auth_totp_mail/data/ir_action_data.xml 
2026-04-08 14:02:49,583 1 INFO odoo_ci_test odoo.modules.loading: loading auth_totp_mail/data/mail_template_data.xml 
2026-04-08 14:02:49,618 1 INFO odoo_ci_test odoo.modules.loading: loading auth_totp_mail/data/security_notifications_template.xml 
2026-04-08 14:02:49,625 1 INFO odoo_ci_test odoo.modules.loading: loading auth_totp_mail/views/res_config_settings_views.xml 
2026-04-08 14:02:49,642 1 INFO odoo_ci_test odoo.modules.loading: loading auth_totp_mail/views/res_users_views.xml 
2026-04-08 14:02:49,661 1 INFO odoo_ci_test odoo.modules.loading: loading auth_totp_mail/views/templates.xml 
2026-04-08 14:02:49,684 1 INFO odoo_ci_test odoo.modules.loading: Module auth_totp_mail loaded in 0.17s, 189 queries (+189 other) 
2026-04-08 14:02:49,685 1 INFO odoo_ci_test odoo.modules.loading: Loading module base_install_request (23/49) 
2026-04-08 14:02:49,690 1 INFO odoo_ci_test odoo.registry: module base_install_request: creating or updating database tables 
2026-04-08 14:02:49,744 1 INFO odoo_ci_test odoo.modules.loading: loading base_install_request/security/ir.model.access.csv 
2026-04-08 14:02:49,753 1 INFO odoo_ci_test odoo.modules.loading: loading base_install_request/wizard/base_module_install_request_views.xml 
2026-04-08 14:02:49,770 1 INFO odoo_ci_test odoo.modules.loading: loading base_install_request/data/mail_template_data.xml 
2026-04-08 14:02:49,775 1 INFO odoo_ci_test odoo.modules.loading: loading base_install_request/data/mail_templates_module_install.xml 
2026-04-08 14:02:49,780 1 INFO odoo_ci_test odoo.modules.loading: loading base_install_request/views/ir_module_module_views.xml 
2026-04-08 14:02:49,801 1 INFO odoo_ci_test odoo.modules.loading: Module base_install_request loaded in 0.12s, 154 queries (+154 other) 
2026-04-08 14:02:49,801 1 INFO odoo_ci_test odoo.modules.loading: Loading module google_gmail (24/49) 
2026-04-08 14:02:49,813 1 INFO odoo_ci_test odoo.registry: module google_gmail: creating or updating database tables 
2026-04-08 14:02:49,867 1 INFO odoo_ci_test odoo.modules.loading: loading google_gmail/views/fetchmail_server_views.xml 
2026-04-08 14:02:49,881 1 INFO odoo_ci_test odoo.modules.loading: loading google_gmail/views/ir_mail_server_views.xml 
2026-04-08 14:02:49,892 1 INFO odoo_ci_test odoo.modules.loading: loading google_gmail/views/res_config_settings_views.xml 
2026-04-08 14:02:49,912 1 INFO odoo_ci_test odoo.modules.loading: loading google_gmail/views/templates.xml 
2026-04-08 14:02:49,924 1 INFO odoo_ci_test odoo.modules.loading: Module google_gmail loaded in 0.12s, 155 queries (+155 other) 
2026-04-08 14:02:49,924 1 INFO odoo_ci_test odoo.modules.loading: Loading module html_builder (25/49) 
2026-04-08 14:02:49,945 1 INFO odoo_ci_test odoo.modules.loading: Module html_builder loaded in 0.02s, 10 queries (+10 other) 
2026-04-08 14:02:49,945 1 INFO odoo_ci_test odoo.modules.loading: Loading module iap_mail (26/49) 
2026-04-08 14:02:49,950 1 INFO odoo_ci_test odoo.registry: module iap_mail: creating or updating database tables 
2026-04-08 14:02:49,977 1 INFO odoo_ci_test odoo.modules.loading: loading iap_mail/data/mail_templates.xml 
2026-04-08 14:02:49,990 1 INFO odoo_ci_test odoo.modules.loading: loading iap_mail/views/iap_views.xml 
2026-04-08 14:02:50,009 1 INFO odoo_ci_test odoo.modules.loading: Module iap_mail loaded in 0.06s, 70 queries (+70 other) 
2026-04-08 14:02:50,009 1 INFO odoo_ci_test odoo.modules.loading: Loading module mail_bot (27/49) 
2026-04-08 14:02:50,019 1 INFO odoo_ci_test odoo.registry: module mail_bot: creating or updating database tables 
2026-04-08 14:02:50,060 1 INFO odoo_ci_test odoo.modules.loading: loading mail_bot/views/res_users_views.xml 
2026-04-08 14:02:50,077 1 INFO odoo_ci_test odoo.modules.loading: loading mail_bot/data/mailbot_data.xml 
2026-04-08 14:02:50,089 1 INFO odoo_ci_test odoo.modules.loading: Module mail_bot loaded in 0.08s, 109 queries (+109 other) 
2026-04-08 14:02:50,089 1 INFO odoo_ci_test odoo.modules.loading: Loading module microsoft_outlook (28/49) 
2026-04-08 14:02:50,101 1 INFO odoo_ci_test odoo.registry: module microsoft_outlook: creating or updating database tables 
2026-04-08 14:02:50,157 1 INFO odoo_ci_test odoo.modules.loading: loading microsoft_outlook/views/fetchmail_server_views.xml 
2026-04-08 14:02:50,172 1 INFO odoo_ci_test odoo.modules.loading: loading microsoft_outlook/views/ir_mail_server_views.xml 
2026-04-08 14:02:50,183 1 INFO odoo_ci_test odoo.modules.loading: loading microsoft_outlook/views/res_config_settings_views.xml 
2026-04-08 14:02:50,204 1 INFO odoo_ci_test odoo.modules.loading: loading microsoft_outlook/views/templates.xml 
2026-04-08 14:02:50,215 1 INFO odoo_ci_test odoo.modules.loading: Module microsoft_outlook loaded in 0.13s, 158 queries (+158 other) 
2026-04-08 14:02:50,215 1 INFO odoo_ci_test odoo.modules.loading: Loading module phone_validation (29/49) 
2026-04-08 14:02:50,303 1 INFO odoo_ci_test odoo.registry: module phone_validation: creating or updating database tables 
2026-04-08 14:02:50,313 1 INFO odoo_ci_test odoo.models: Prepare computation of res.partner.phone_sanitized 
2026-04-08 14:02:51,031 1 INFO odoo_ci_test odoo.modules.loading: loading phone_validation/security/ir.model.access.csv 
2026-04-08 14:02:51,037 1 INFO odoo_ci_test odoo.modules.loading: loading phone_validation/views/phone_blacklist_views.xml 
2026-04-08 14:02:51,064 1 INFO odoo_ci_test odoo.modules.loading: loading phone_validation/views/res_partner_views.xml 
2026-04-08 14:02:51,074 1 INFO odoo_ci_test odoo.modules.loading: loading phone_validation/wizard/phone_blacklist_remove_view.xml 
2026-04-08 14:02:51,091 1 INFO odoo_ci_test odoo.modules.loading: Module phone_validation loaded in 0.88s, 1703 queries (+1703 other) 
2026-04-08 14:02:51,091 1 INFO odoo_ci_test odoo.modules.loading: Loading module privacy_lookup (30/49) 
2026-04-08 14:02:51,105 1 INFO odoo_ci_test odoo.registry: module privacy_lookup: creating or updating database tables 
2026-04-08 14:02:51,198 1 INFO odoo_ci_test odoo.modules.loading: loading privacy_lookup/wizard/privacy_lookup_wizard_views.xml 
2026-04-08 14:02:51,247 1 INFO odoo_ci_test odoo.modules.loading: loading privacy_lookup/views/privacy_log_views.xml 
2026-04-08 14:02:51,265 1 INFO odoo_ci_test odoo.modules.loading: loading privacy_lookup/security/ir.model.access.csv 
2026-04-08 14:02:51,279 1 INFO odoo_ci_test odoo.modules.loading: loading privacy_lookup/data/ir_actions_server_data.xml 
2026-04-08 14:02:51,317 1 INFO odoo_ci_test odoo.modules.loading: Module privacy_lookup loaded in 0.23s, 293 queries (+293 other) 
2026-04-08 14:02:51,318 1 INFO odoo_ci_test odoo.modules.loading: Loading module resource_mail (31/49) 
2026-04-08 14:02:51,323 1 INFO odoo_ci_test odoo.registry: module resource_mail: creating or updating database tables 
2026-04-08 14:02:51,355 1 INFO odoo_ci_test odoo.modules.loading: Module resource_mail loaded in 0.04s, 36 queries (+36 other) 
2026-04-08 14:02:51,355 1 INFO odoo_ci_test odoo.modules.loading: Loading module sports_federation_base (32/49) 
2026-04-08 14:02:51,363 1 INFO odoo_ci_test odoo.registry: module sports_federation_base: creating or updating database tables 
<string>:26: (WARNING/2) Line block ends without a blank line.
<string>:44: (WARNING/2) Line block ends without a blank line.
<string>:58: (WARNING/2) Line block ends without a blank line.
<string>:72: (WARNING/2) Line block ends without a blank line.
<string>:85: (WARNING/2) Line block ends without a blank line.
<string>:26: (ERROR/3) Undefined substitution referenced: "-------".
<string>:26: (ERROR/3) Undefined substitution referenced: "-------------".
<string>:44: (ERROR/3) Undefined substitution referenced: "-------".
<string>:44: (ERROR/3) Undefined substitution referenced: "-------------".
<string>:58: (ERROR/3) Undefined substitution referenced: "-------".
<string>:58: (ERROR/3) Undefined substitution referenced: "-------------".
<string>:72: (ERROR/3) Undefined substitution referenced: "-------".
<string>:72: (ERROR/3) Undefined substitution referenced: "-------------".
<string>:85: (ERROR/3) Undefined substitution referenced: "-------".
<string>:85: (ERROR/3) Undefined substitution referenced: "-------------".
2026-04-08 14:02:51,479 1 INFO odoo_ci_test odoo.modules.loading: loading sports_federation_base/security/res_groups.xml 
2026-04-08 14:02:51,502 1 INFO odoo_ci_test odoo.modules.loading: loading sports_federation_base/security/ir.model.access.csv 
2026-04-08 14:02:51,519 1 INFO odoo_ci_test odoo.modules.loading: loading sports_federation_base/data/ir_sequence.xml 
2026-04-08 14:02:51,523 1 INFO odoo_ci_test odoo.modules.loading: loading sports_federation_base/views/federation_season_registration_views.xml 
2026-04-08 14:02:51,539 1 INFO odoo_ci_test odoo.modules.loading: loading sports_federation_base/views/federation_season_views.xml 
2026-04-08 14:02:51,556 1 INFO odoo_ci_test odoo.modules.loading: loading sports_federation_base/views/federation_team_views.xml 
2026-04-08 14:02:51,573 1 INFO odoo_ci_test odoo.modules.loading: loading sports_federation_base/views/federation_club_views.xml 
2026-04-08 14:02:51,589 1 INFO odoo_ci_test odoo.modules.loading: loading sports_federation_base/views/menu_items.xml 
2026-04-08 14:02:51,616 1 INFO odoo_ci_test odoo.modules.loading: Module sports_federation_base loaded in 0.26s, 327 queries (+327 other) 
2026-04-08 14:02:51,616 1 INFO odoo_ci_test odoo.modules.loading: Loading module partner_autocomplete (33/49) 
2026-04-08 14:02:51,634 1 INFO odoo_ci_test odoo.registry: module partner_autocomplete: creating or updating database tables 
2026-04-08 14:02:51,708 1 INFO odoo_ci_test odoo.modules.loading: loading partner_autocomplete/views/res_company_views.xml 
2026-04-08 14:02:51,723 1 INFO odoo_ci_test odoo.modules.loading: loading partner_autocomplete/views/res_config_settings_views.xml 
2026-04-08 14:02:51,738 1 INFO odoo_ci_test odoo.modules.loading: loading partner_autocomplete/data/iap_service_data.xml 
2026-04-08 14:02:51,749 1 INFO odoo_ci_test odoo.modules.loading: Module partner_autocomplete loaded in 0.13s, 141 queries (+141 other) 
2026-04-08 14:02:51,749 1 INFO odoo_ci_test odoo.modules.loading: Loading module portal (34/49) 
2026-04-08 14:02:51,782 1 INFO odoo_ci_test odoo.registry: module portal: creating or updating database tables 
2026-04-08 14:02:51,974 1 INFO odoo_ci_test odoo.modules.loading: loading portal/security/ir.model.access.csv 
2026-04-08 14:02:51,980 1 INFO odoo_ci_test odoo.modules.loading: loading portal/data/mail_templates.xml 
2026-04-08 14:02:51,986 1 INFO odoo_ci_test odoo.modules.loading: loading portal/views/address_templates.xml 
2026-04-08 14:02:52,018 1 INFO odoo_ci_test odoo.modules.loading: loading portal/views/mail_templates_public.xml 
2026-04-08 14:02:52,025 1 INFO odoo_ci_test odoo.modules.loading: loading portal/views/portal_templates.xml 
2026-04-08 14:02:52,124 1 INFO odoo_ci_test odoo.modules.loading: loading portal/views/res_config_settings_views.xml 
2026-04-08 14:02:52,145 1 INFO odoo_ci_test odoo.modules.loading: loading portal/wizard/portal_share_views.xml 
2026-04-08 14:02:52,155 1 INFO odoo_ci_test odoo.modules.loading: loading portal/wizard/portal_wizard_views.xml 
2026-04-08 14:02:52,200 1 INFO odoo_ci_test odoo.modules.loading: Module portal loaded in 0.45s, 583 queries (+583 other) 
2026-04-08 14:02:52,200 1 INFO odoo_ci_test odoo.modules.loading: Loading module sms (35/49) 
2026-04-08 14:02:52,288 1 INFO odoo_ci_test odoo.registry: module sms: creating or updating database tables 
2026-04-08 14:02:52,298 1 INFO odoo_ci_test odoo.models: Prepare computation of ir.actions.server.sms_template_id 
2026-04-08 14:02:52,298 1 INFO odoo_ci_test odoo.models: Prepare computation of ir.actions.server.sms_method 
2026-04-08 14:02:53,210 1 INFO odoo_ci_test odoo.modules.loading: loading sms/data/iap_service_data.xml 
2026-04-08 14:02:53,214 1 INFO odoo_ci_test odoo.modules.loading: loading sms/data/ir_cron_data.xml 
2026-04-08 14:02:53,238 1 INFO odoo_ci_test odoo.modules.loading: loading sms/wizard/sms_account_code_views.xml 
2026-04-08 14:02:53,250 1 INFO odoo_ci_test odoo.modules.loading: loading sms/wizard/sms_account_phone_views.xml 
2026-04-08 14:02:53,256 1 INFO odoo_ci_test odoo.modules.loading: loading sms/wizard/sms_account_sender_views.xml 
2026-04-08 14:02:53,263 1 INFO odoo_ci_test odoo.modules.loading: loading sms/wizard/sms_composer_views.xml 
2026-04-08 14:02:53,275 1 INFO odoo_ci_test odoo.modules.loading: loading sms/wizard/sms_template_preview_views.xml 
2026-04-08 14:02:53,285 1 INFO odoo_ci_test odoo.modules.loading: loading sms/wizard/sms_template_reset_views.xml 
2026-04-08 14:02:53,295 1 INFO odoo_ci_test odoo.modules.loading: loading sms/views/ir_actions_server_views.xml 
2026-04-08 14:02:53,311 1 INFO odoo_ci_test odoo.modules.loading: loading sms/views/mail_notification_views.xml 
2026-04-08 14:02:53,327 1 INFO odoo_ci_test odoo.modules.loading: loading sms/views/res_config_settings_views.xml 
2026-04-08 14:02:53,343 1 INFO odoo_ci_test odoo.modules.loading: loading sms/views/res_partner_views.xml 
2026-04-08 14:02:53,360 1 INFO odoo_ci_test odoo.modules.loading: loading sms/views/iap_account_views.xml 
2026-04-08 14:02:53,372 1 INFO odoo_ci_test odoo.modules.loading: loading sms/views/sms_sms_views.xml 
2026-04-08 14:02:53,402 1 INFO odoo_ci_test odoo.modules.loading: loading sms/views/sms_template_views.xml 
2026-04-08 14:02:53,424 1 INFO odoo_ci_test odoo.modules.loading: loading sms/security/ir.model.access.csv 
2026-04-08 14:02:53,446 1 INFO odoo_ci_test odoo.modules.loading: loading sms/security/sms_security.xml 
2026-04-08 14:02:53,471 1 INFO odoo_ci_test odoo.modules.loading: Module sms loaded in 1.27s, 2173 queries (+2173 other) 
2026-04-08 14:02:53,471 1 INFO odoo_ci_test odoo.modules.loading: Loading module snailmail (36/49) 
2026-04-08 14:02:53,583 1 INFO odoo_ci_test odoo.registry: module snailmail: creating or updating database tables 
2026-04-08 14:02:53,791 1 INFO odoo_ci_test odoo.modules.loading: loading snailmail/data/iap_service_data.xml 
2026-04-08 14:02:53,795 1 INFO odoo_ci_test odoo.modules.loading: loading snailmail/data/snailmail_data.xml 
2026-04-08 14:02:53,820 1 INFO odoo_ci_test odoo.modules.loading: loading snailmail/views/report_assets.xml 
2026-04-08 14:02:53,833 1 INFO odoo_ci_test odoo.modules.loading: loading snailmail/views/snailmail_views.xml 
2026-04-08 14:02:53,854 1 INFO odoo_ci_test odoo.modules.loading: loading snailmail/security/ir.model.access.csv 
2026-04-08 14:02:53,878 1 INFO odoo_ci_test odoo.modules.loading: Module snailmail loaded in 0.41s, 449 queries (+449 other) 
2026-04-08 14:02:53,878 1 INFO odoo_ci_test odoo.modules.loading: Loading module sports_federation_people (37/49) 
2026-04-08 14:02:53,885 1 INFO odoo_ci_test odoo.registry: module sports_federation_people: creating or updating database tables 
<string>:16: (WARNING/2) Line block ends without a blank line.
<string>:27: (WARNING/2) Line block ends without a blank line.
<string>:51: (WARNING/2) Line block ends without a blank line.
<string>:67: (WARNING/2) Line block ends without a blank line.
<string>:16: (ERROR/3) Undefined substitution referenced: "--------".
<string>:27: (ERROR/3) Undefined substitution referenced: "-------".
<string>:27: (ERROR/3) Undefined substitution referenced: "-------------".
<string>:51: (ERROR/3) Undefined substitution referenced: "-------".
<string>:51: (ERROR/3) Undefined substitution referenced: "-------------".
<string>:67: (ERROR/3) Undefined substitution referenced: "------".
2026-04-08 14:02:53,974 1 INFO odoo_ci_test odoo.modules.loading: loading sports_federation_people/security/ir.model.access.csv 
2026-04-08 14:02:53,982 1 INFO odoo_ci_test odoo.modules.loading: loading sports_federation_people/data/ir_sequence.xml 
2026-04-08 14:02:53,985 1 INFO odoo_ci_test odoo.modules.loading: loading sports_federation_people/views/federation_player_views.xml 
2026-04-08 14:02:54,007 1 INFO odoo_ci_test odoo.modules.loading: loading sports_federation_people/views/federation_player_license_views.xml 
2026-04-08 14:02:54,024 1 INFO odoo_ci_test odoo.modules.loading: loading sports_federation_people/views/menu_items.xml 
2026-04-08 14:02:54,046 1 INFO odoo_ci_test odoo.modules.loading: Module sports_federation_people loaded in 0.17s, 208 queries (+208 other) 
2026-04-08 14:02:54,046 1 INFO odoo_ci_test odoo.modules.loading: Loading module sports_federation_rules (38/49) 
2026-04-08 14:02:54,054 1 INFO odoo_ci_test odoo.registry: module sports_federation_rules: creating or updating database tables 
<string>:17: (WARNING/2) Line block ends without a blank line.
<string>:28: (WARNING/2) Line block ends without a blank line.
<string>:45: (WARNING/2) Line block ends without a blank line.
<string>:57: (WARNING/2) Line block ends without a blank line.
<string>:69: (WARNING/2) Line block ends without a blank line.
<string>:83: (WARNING/2) Line block ends without a blank line.
<string>:17: (ERROR/3) Undefined substitution referenced: "--------".
<string>:28: (ERROR/3) Undefined substitution referenced: "-------".
<string>:28: (ERROR/3) Undefined substitution referenced: "-------------".
<string>:45: (ERROR/3) Undefined substitution referenced: "-------".
<string>:45: (ERROR/3) Undefined substitution referenced: "-------------".
<string>:57: (ERROR/3) Undefined substitution referenced: "-------".
<string>:57: (ERROR/3) Undefined substitution referenced: "-------------".
<string>:69: (ERROR/3) Undefined substitution referenced: "-------".
<string>:69: (ERROR/3) Undefined substitution referenced: "-------------".
<string>:83: (ERROR/3) Undefined substitution referenced: "-------".
<string>:83: (ERROR/3) Undefined substitution referenced: "-------------".
2026-04-08 14:02:54,175 1 INFO odoo_ci_test odoo.modules.loading: loading sports_federation_rules/security/ir.model.access.csv 
2026-04-08 14:02:54,185 1 INFO odoo_ci_test odoo.modules.loading: loading sports_federation_rules/views/federation_rule_set_views.xml 
2026-04-08 14:02:54,211 1 INFO odoo_ci_test odoo.modules.loading: loading sports_federation_rules/views/federation_points_rule_views.xml 
2026-04-08 14:02:54,221 1 INFO odoo_ci_test odoo.modules.loading: loading sports_federation_rules/views/federation_tie_break_rule_views.xml 
2026-04-08 14:02:54,231 1 INFO odoo_ci_test odoo.modules.loading: loading sports_federation_rules/views/federation_eligibility_rule_views.xml 
2026-04-08 14:02:54,241 1 INFO odoo_ci_test odoo.modules.loading: loading sports_federation_rules/views/federation_qualification_rule_views.xml 
2026-04-08 14:02:54,251 1 INFO odoo_ci_test odoo.modules.loading: loading sports_federation_rules/views/menu_items.xml 
2026-04-08 14:02:54,282 1 INFO odoo_ci_test odoo.modules.loading: Module sports_federation_rules loaded in 0.24s, 301 queries (+301 other) 
2026-04-08 14:02:54,282 1 INFO odoo_ci_test odoo.modules.loading: Loading module auth_passkey_portal (39/49) 
2026-04-08 14:02:54,291 1 INFO odoo_ci_test odoo.modules.loading: loading auth_passkey_portal/views/templates.xml 
2026-04-08 14:02:54,317 1 INFO odoo_ci_test odoo.modules.loading: Module auth_passkey_portal loaded in 0.03s, 22 queries (+22 other) 
2026-04-08 14:02:54,317 1 INFO odoo_ci_test odoo.modules.loading: Loading module auth_totp_portal (40/49) 
2026-04-08 14:02:54,327 1 INFO odoo_ci_test odoo.registry: module auth_totp_portal: creating or updating database tables 
2026-04-08 14:02:54,351 1 INFO odoo_ci_test odoo.modules.loading: loading auth_totp_portal/security/security.xml 
2026-04-08 14:02:54,363 1 INFO odoo_ci_test odoo.modules.loading: loading auth_totp_portal/views/templates.xml 
2026-04-08 14:02:54,380 1 INFO odoo_ci_test odoo.modules.loading: Module auth_totp_portal loaded in 0.06s, 70 queries (+70 other) 
2026-04-08 14:02:54,380 1 INFO odoo_ci_test odoo.modules.loading: Loading module digest (41/49) 
2026-04-08 14:02:54,392 1 INFO odoo_ci_test odoo.registry: module digest: creating or updating database tables 
2026-04-08 14:02:54,479 1 INFO odoo_ci_test odoo.modules.loading: loading digest/security/ir.model.access.csv 
2026-04-08 14:02:54,486 1 INFO odoo_ci_test odoo.modules.loading: loading digest/data/digest_data.xml 
2026-04-08 14:02:54,505 1 INFO odoo_ci_test odoo.modules.loading: loading digest/data/digest_tips_data.xml 
2026-04-08 14:02:54,519 1 INFO odoo_ci_test odoo.modules.loading: loading digest/data/ir_cron_data.xml 
2026-04-08 14:02:54,540 1 INFO odoo_ci_test odoo.modules.loading: loading digest/data/res_config_settings_data.xml 
2026-04-08 14:02:54,545 1 INFO odoo_ci_test odoo.modules.loading: loading digest/views/digest_views.xml 
2026-04-08 14:02:54,592 1 INFO odoo_ci_test odoo.modules.loading: loading digest/views/digest_templates.xml 
2026-04-08 14:02:54,597 1 INFO odoo_ci_test odoo.modules.loading: loading digest/views/res_config_settings_views.xml 
2026-04-08 14:02:54,634 1 INFO odoo_ci_test odoo.modules.loading: Module digest loaded in 0.25s, 326 queries (+326 other) 
2026-04-08 14:02:54,634 1 INFO odoo_ci_test odoo.modules.loading: Loading module sports_federation_tournament (42/49) 
2026-04-08 14:02:54,647 1 INFO odoo_ci_test odoo.registry: module sports_federation_tournament: creating or updating database tables 
<string>:17: (WARNING/2) Line block ends without a blank line.
<string>:29: (WARNING/2) Line block ends without a blank line.
<string>:41: (WARNING/2) Line block ends without a blank line.
<string>:62: (WARNING/2) Line block ends without a blank line.
<string>:76: (WARNING/2) Line block ends without a blank line.
<string>:90: (WARNING/2) Line block ends without a blank line.
<string>:105: (WARNING/2) Line block ends without a blank line.
<string>:17: (ERROR/3) Undefined substitution referenced: "--------".
<string>:29: (ERROR/3) Undefined substitution referenced: "-------".
<string>:29: (ERROR/3) Undefined substitution referenced: "-------------".
<string>:41: (ERROR/3) Undefined substitution referenced: "-------".
<string>:41: (ERROR/3) Undefined substitution referenced: "-------------".
<string>:62: (ERROR/3) Undefined substitution referenced: "-------".
<string>:62: (ERROR/3) Undefined substitution referenced: "-------------".
<string>:76: (ERROR/3) Undefined substitution referenced: "-------".
<string>:76: (ERROR/3) Undefined substitution referenced: "-------------".
<string>:90: (ERROR/3) Undefined substitution referenced: "-------".
<string>:90: (ERROR/3) Undefined substitution referenced: "-------------".
<string>:105: (ERROR/3) Undefined substitution referenced: "-------".
<string>:105: (ERROR/3) Undefined substitution referenced: "-------------".
2026-04-08 14:02:54,882 1 INFO odoo_ci_test odoo.modules.loading: loading sports_federation_tournament/security/ir.model.access.csv 
2026-04-08 14:02:54,894 1 INFO odoo_ci_test odoo.modules.loading: loading sports_federation_tournament/views/federation_tournament_participant_views.xml 
2026-04-08 14:02:54,917 1 INFO odoo_ci_test odoo.modules.loading: loading sports_federation_tournament/views/federation_match_views.xml 
2026-04-08 14:02:54,937 1 INFO odoo_ci_test odoo.modules.loading: loading sports_federation_tournament/views/federation_tournament_round_views.xml 
2026-04-08 14:02:54,950 1 INFO odoo_ci_test odoo.modules.loading: loading sports_federation_tournament/views/federation_tournament_group_views.xml 
2026-04-08 14:02:54,967 1 INFO odoo_ci_test odoo.modules.loading: loading sports_federation_tournament/views/federation_tournament_stage_views.xml 
2026-04-08 14:02:54,985 1 INFO odoo_ci_test odoo.modules.loading: loading sports_federation_tournament/views/federation_tournament_views.xml 
2026-04-08 14:02:55,005 1 INFO odoo_ci_test odoo.modules.loading: loading sports_federation_tournament/views/federation_competition_edition_views.xml 
2026-04-08 14:02:55,023 1 INFO odoo_ci_test odoo.modules.loading: loading sports_federation_tournament/views/federation_competition_views.xml 
2026-04-08 14:02:55,042 1 INFO odoo_ci_test odoo.modules.loading: loading sports_federation_tournament/views/federation_season_registration_views_inherit.xml 
2026-04-08 14:02:55,063 1 INFO odoo_ci_test odoo.modules.loading: loading sports_federation_tournament/views/menu_items.xml 
2026-04-08 14:02:55,100 1 INFO odoo_ci_test odoo.modules.loading: Module sports_federation_tournament loaded in 0.47s, 574 queries (+574 other) 
2026-04-08 14:02:55,100 1 INFO odoo_ci_test odoo.modules.loading: Loading module sports_federation_officiating (43/49) 
2026-04-08 14:02:55,109 1 INFO odoo_ci_test odoo.registry: module sports_federation_officiating: creating or updating database tables 
<string>:15: (WARNING/2) Line block ends without a blank line.
<string>:27: (WARNING/2) Line block ends without a blank line.
<string>:42: (WARNING/2) Line block ends without a blank line.
<string>:56: (WARNING/2) Line block ends without a blank line.
<string>:15: (ERROR/3) Undefined substitution referenced: "--------".
<string>:27: (ERROR/3) Undefined substitution referenced: "-------".
<string>:27: (ERROR/3) Undefined substitution referenced: "-------------".
<string>:42: (ERROR/3) Undefined substitution referenced: "-------".
<string>:42: (ERROR/3) Undefined substitution referenced: "-------------".
<string>:56: (ERROR/3) Undefined substitution referenced: "-------".
<string>:56: (ERROR/3) Undefined substitution referenced: "-------------".
2026-04-08 14:02:55,209 1 INFO odoo_ci_test odoo.modules.loading: loading sports_federation_officiating/security/ir.model.access.csv 
2026-04-08 14:02:55,217 1 INFO odoo_ci_test odoo.modules.loading: loading sports_federation_officiating/views/federation_referee_views.xml 
2026-04-08 14:02:55,239 1 INFO odoo_ci_test odoo.modules.loading: loading sports_federation_officiating/views/federation_referee_certification_views.xml 
2026-04-08 14:02:55,255 1 INFO odoo_ci_test odoo.modules.loading: loading sports_federation_officiating/views/federation_match_referee_views.xml 
2026-04-08 14:02:55,273 1 INFO odoo_ci_test odoo.modules.loading: loading sports_federation_officiating/views/menu_items.xml 
2026-04-08 14:02:55,299 1 INFO odoo_ci_test odoo.modules.loading: Module sports_federation_officiating loaded in 0.20s, 234 queries (+234 other) 
2026-04-08 14:02:55,299 1 INFO odoo_ci_test odoo.modules.loading: Loading module sports_federation_venues (44/49) 
2026-04-08 14:02:55,308 1 INFO odoo_ci_test odoo.registry: module sports_federation_venues: creating or updating database tables 
2026-04-08 14:02:55,410 1 INFO odoo_ci_test odoo.modules.loading: loading sports_federation_venues/security/ir.model.access.csv 
2026-04-08 14:02:55,419 1 INFO odoo_ci_test odoo.modules.loading: loading sports_federation_venues/views/venue_views.xml 
2026-04-08 14:02:55,456 1 INFO odoo_ci_test odoo.modules.loading: loading sports_federation_venues/views/gameday_views.xml 
2026-04-08 14:02:55,470 1 INFO odoo_ci_test odoo.modules.loading: loading sports_federation_venues/views/tournament_views_inherit.xml 
2026-04-08 14:02:55,479 1 INFO odoo_ci_test odoo.modules.loading: loading sports_federation_venues/views/match_views_inherit.xml 
2026-04-08 14:02:55,497 1 INFO odoo_ci_test odoo.modules.loading: loading sports_federation_venues/views/menu_views.xml 
2026-04-08 14:02:55,513 1 INFO odoo_ci_test odoo.modules.loading: Module sports_federation_venues loaded in 0.21s, 272 queries (+272 other) 
2026-04-08 14:02:55,513 1 INFO odoo_ci_test odoo.modules.loading: Loading module website (45/49) 
2026-04-08 14:02:55,649 1 INFO odoo_ci_test odoo.registry: module website: creating or updating database tables 
2026-04-08 14:02:55,719 1 INFO odoo_ci_test odoo.models: Prepare computation of ir.ui.view.is_seo_optimized 
2026-04-08 14:02:55,726 1 INFO odoo_ci_test odoo.models: Prepare computation of res.company.website_id 
2026-04-08 14:02:57,108 1 INFO odoo_ci_test odoo.modules.loading: loading website/security/website_security.xml 
2026-04-08 14:02:57,208 1 INFO odoo_ci_test odoo.modules.loading: loading website/security/ir.model.access.csv 
2026-04-08 14:02:57,229 1 INFO odoo_ci_test odoo.modules.loading: loading website/data/image_library.xml 
2026-04-08 14:02:57,542 1 INFO odoo_ci_test odoo.modules.loading: loading website/data/ir_asset.xml 
2026-04-08 14:02:57,550 1 INFO odoo_ci_test odoo.modules.loading: loading website/data/ir_cron_data.xml 
2026-04-08 14:02:57,578 1 INFO odoo_ci_test odoo.modules.loading: loading website/data/mail_mail_data.xml 
2026-04-08 14:02:57,585 1 INFO odoo_ci_test odoo.modules.loading: loading website/data/website_data.xml 
2026-04-08 14:02:57,708 1 INFO odoo_ci_test odoo.modules.loading: loading website/data/website_visitor_cron.xml 
2026-04-08 14:02:57,722 1 INFO odoo_ci_test odoo.modules.loading: loading website/data/digest_data.xml 
2026-04-08 14:02:57,731 1 INFO odoo_ci_test odoo.modules.loading: loading website/views/website_technical_views.xml 
2026-04-08 14:02:57,741 1 INFO odoo_ci_test odoo.modules.loading: loading website/views/website_templates.xml 
2026-04-08 14:02:58,731 1 INFO odoo_ci_test odoo.modules.loading: loading website/views/snippets/snippets.xml 
2026-04-08 14:02:58,758 1 INFO odoo_ci_test odoo.modules.loading: loading website/views/snippets/s_announcement_scroll.xml 
2026-04-08 14:02:58,765 1 INFO odoo_ci_test odoo.modules.loading: loading website/views/snippets/s_framed_intro.xml 
2026-04-08 14:02:58,771 1 INFO odoo_ci_test odoo.modules.loading: loading website/views/snippets/s_title.xml 
2026-04-08 14:02:58,778 1 INFO odoo_ci_test odoo.modules.loading: loading website/views/snippets/s_cover.xml 
2026-04-08 14:02:58,784 1 INFO odoo_ci_test odoo.modules.loading: loading website/views/snippets/s_text_cover.xml 
2026-04-08 14:02:58,791 1 INFO odoo_ci_test odoo.modules.loading: loading website/views/snippets/s_image_text_box.xml 
2026-04-08 14:02:58,797 1 INFO odoo_ci_test odoo.modules.loading: loading website/views/snippets/s_striped_top.xml 
2026-04-08 14:02:58,802 1 INFO odoo_ci_test odoo.modules.loading: loading website/views/snippets/s_text_image.xml 
2026-04-08 14:02:58,808 1 INFO odoo_ci_test odoo.modules.loading: loading website/views/snippets/s_image_text.xml 
2026-04-08 14:02:58,814 1 INFO odoo_ci_test odoo.modules.loading: loading website/views/snippets/s_mockup_image.xml 
2026-04-08 14:02:58,819 1 INFO odoo_ci_test odoo.modules.loading: loading website/views/snippets/s_instagram_page.xml 
2026-04-08 14:02:58,827 1 INFO odoo_ci_test odoo.modules.loading: loading website/views/snippets/s_image_text_overlap.xml 
2026-04-08 14:02:58,833 1 INFO odoo_ci_test odoo.modules.loading: loading website/views/snippets/s_banner.xml 
2026-04-08 14:02:58,839 1 INFO odoo_ci_test odoo.modules.loading: loading website/views/snippets/s_bento_block.xml 
2026-04-08 14:02:58,845 1 INFO odoo_ci_test odoo.modules.loading: loading website/views/snippets/s_snippet_group.xml 
2026-04-08 14:02:58,851 1 INFO odoo_ci_test odoo.modules.loading: loading website/views/snippets/s_text_block.xml 
2026-04-08 14:02:58,857 1 INFO odoo_ci_test odoo.modules.loading: loading website/views/snippets/s_features.xml 
2026-04-08 14:02:58,865 1 INFO odoo_ci_test odoo.modules.loading: loading website/views/snippets/s_features_wall.xml 
2026-04-08 14:02:58,871 1 INFO odoo_ci_test odoo.modules.loading: loading website/views/snippets/s_three_columns.xml 
2026-04-08 14:02:58,879 1 INFO odoo_ci_test odoo.modules.loading: loading website/views/snippets/s_key_benefits.xml 
2026-04-08 14:02:58,886 1 INFO odoo_ci_test odoo.modules.loading: loading website/views/snippets/s_picture.xml 
2026-04-08 14:02:58,891 1 INFO odoo_ci_test odoo.modules.loading: loading website/views/snippets/s_image_punchy.xml 
2026-04-08 14:02:58,897 1 INFO odoo_ci_test odoo.modules.loading: loading website/views/snippets/s_bento_grid.xml 
2026-04-08 14:02:58,904 1 INFO odoo_ci_test odoo.modules.loading: loading website/views/snippets/s_carousel.xml 
2026-04-08 14:02:58,915 1 INFO odoo_ci_test odoo.modules.loading: loading website/views/snippets/s_carousel_intro.xml 
2026-04-08 14:02:58,924 1 INFO odoo_ci_test odoo.modules.loading: loading website/views/snippets/s_carousel_cards.xml 
2026-04-08 14:02:58,933 1 INFO odoo_ci_test odoo.modules.loading: loading website/views/snippets/s_alert.xml 
2026-04-08 14:02:58,943 1 INFO odoo_ci_test odoo.modules.loading: loading website/views/snippets/s_motto.xml 
2026-04-08 14:02:58,949 1 INFO odoo_ci_test odoo.modules.loading: loading website/views/snippets/s_card.xml 
2026-04-08 14:02:58,956 1 INFO odoo_ci_test odoo.modules.loading: loading website/views/snippets/s_cards_grid.xml 
2026-04-08 14:02:58,963 1 INFO odoo_ci_test odoo.modules.loading: loading website/views/snippets/s_cards_soft.xml 
2026-04-08 14:02:58,969 1 INFO odoo_ci_test odoo.modules.loading: loading website/views/snippets/s_share.xml 
2026-04-08 14:02:58,977 1 INFO odoo_ci_test odoo.modules.loading: loading website/views/snippets/s_social_media.xml 
2026-04-08 14:02:58,985 1 INFO odoo_ci_test odoo.modules.loading: loading website/views/snippets/s_rating.xml 
2026-04-08 14:02:58,994 1 INFO odoo_ci_test odoo.modules.loading: loading website/views/snippets/s_hr.xml 
2026-04-08 14:02:59,001 1 INFO odoo_ci_test odoo.modules.loading: loading website/views/snippets/s_closer_look.xml 
2026-04-08 14:02:59,008 1 INFO odoo_ci_test odoo.modules.loading: loading website/views/snippets/s_facebook_page.xml 
2026-04-08 14:02:59,014 1 INFO odoo_ci_test odoo.modules.loading: loading website/views/snippets/s_image_gallery.xml 
2026-04-08 14:02:59,034 1 INFO odoo_ci_test odoo.modules.loading: loading website/views/snippets/s_countdown.xml 
2026-04-08 14:02:59,044 1 INFO odoo_ci_test odoo.modules.loading: loading website/views/snippets/s_product_catalog.xml 
2026-04-08 14:02:59,058 1 INFO odoo_ci_test odoo.modules.loading: loading website/views/snippets/s_comparisons.xml 
2026-04-08 14:02:59,068 1 INFO odoo_ci_test odoo.modules.loading: loading website/views/snippets/s_comparisons_horizontal.xml 
2026-04-08 14:02:59,075 1 INFO odoo_ci_test odoo.modules.loading: loading website/views/snippets/s_company_team.xml 
2026-04-08 14:02:59,084 1 INFO odoo_ci_test odoo.modules.loading: loading website/views/snippets/s_company_team_basic.xml 
2026-04-08 14:02:59,090 1 INFO odoo_ci_test odoo.modules.loading: loading website/views/snippets/s_company_team_shapes.xml 
2026-04-08 14:02:59,097 1 INFO odoo_ci_test odoo.modules.loading: loading website/views/snippets/s_company_team_detail.xml 
2026-04-08 14:02:59,106 1 INFO odoo_ci_test odoo.modules.loading: loading website/views/snippets/s_company_team_spotlight.xml 
2026-04-08 14:02:59,113 1 INFO odoo_ci_test odoo.modules.loading: loading website/views/snippets/s_company_team_grid.xml 
2026-04-08 14:02:59,120 1 INFO odoo_ci_test odoo.modules.loading: loading website/views/snippets/s_company_team_card.xml 
2026-04-08 14:02:59,127 1 INFO odoo_ci_test odoo.modules.loading: loading website/views/snippets/s_call_to_action.xml 
2026-04-08 14:02:59,134 1 INFO odoo_ci_test odoo.modules.loading: loading website/views/snippets/s_references.xml 
2026-04-08 14:02:59,142 1 INFO odoo_ci_test odoo.modules.loading: loading website/views/snippets/s_references_social.xml 
2026-04-08 14:02:59,149 1 INFO odoo_ci_test odoo.modules.loading: loading website/views/snippets/s_references_grid.xml 
2026-04-08 14:02:59,156 1 INFO odoo_ci_test odoo.modules.loading: loading website/views/snippets/s_popup.xml 
2026-04-08 14:02:59,166 1 INFO odoo_ci_test odoo.modules.loading: loading website/views/snippets/s_faq_list.xml 
2026-04-08 14:02:59,173 1 INFO odoo_ci_test odoo.modules.loading: loading website/views/snippets/s_faq_collapse.xml 
2026-04-08 14:02:59,181 1 INFO odoo_ci_test odoo.modules.loading: loading website/views/snippets/s_features_grid.xml 
2026-04-08 14:02:59,192 1 INFO odoo_ci_test odoo.modules.loading: loading website/views/snippets/s_features_wave.xml 
2026-04-08 14:02:59,199 1 INFO odoo_ci_test odoo.modules.loading: loading website/views/snippets/s_tabs.xml 
2026-04-08 14:02:59,211 1 INFO odoo_ci_test odoo.modules.loading: loading website/views/snippets/s_tabs_images.xml 
2026-04-08 14:02:59,222 1 INFO odoo_ci_test odoo.modules.loading: loading website/views/snippets/s_table_of_content.xml 
2026-04-08 14:02:59,231 1 INFO odoo_ci_test odoo.modules.loading: loading website/views/snippets/s_images_constellation.xml 
2026-04-08 14:02:59,238 1 INFO odoo_ci_test odoo.modules.loading: loading website/views/snippets/s_chart.xml 
2026-04-08 14:02:59,244 1 INFO odoo_ci_test odoo.modules.loading: loading website/views/snippets/s_parallax.xml 
2026-04-08 14:02:59,251 1 INFO odoo_ci_test odoo.modules.loading: loading website/views/snippets/s_quotes_carousel.xml 
2026-04-08 14:02:59,265 1 INFO odoo_ci_test odoo.modules.loading: loading website/views/snippets/s_numbers_grid.xml 
2026-04-08 14:02:59,272 1 INFO odoo_ci_test odoo.modules.loading: loading website/views/snippets/s_quotes_carousel_minimal.xml 
2026-04-08 14:02:59,281 1 INFO odoo_ci_test odoo.modules.loading: loading website/views/snippets/s_quotes_carousel_compact.xml 
2026-04-08 14:02:59,289 1 INFO odoo_ci_test odoo.modules.loading: loading website/views/snippets/s_numbers.xml 
2026-04-08 14:02:59,296 1 INFO odoo_ci_test odoo.modules.loading: loading website/views/snippets/s_contact_info.xml 
2026-04-08 14:02:59,303 1 INFO odoo_ci_test odoo.modules.loading: loading website/views/snippets/s_numbers_boxed.xml 
2026-04-08 14:02:59,332 1 INFO odoo_ci_test odoo.modules.loading: loading website/views/snippets/s_cta_box.xml 
2026-04-08 14:02:59,337 1 INFO odoo_ci_test odoo.modules.loading: loading website/views/snippets/s_numbers_framed.xml 
2026-04-08 14:02:59,343 1 INFO odoo_ci_test odoo.modules.loading: loading website/views/snippets/s_masonry_block.xml 
2026-04-08 14:02:59,377 1 INFO odoo_ci_test odoo.modules.loading: loading website/views/snippets/s_sidegrid.xml 
2026-04-08 14:02:59,383 1 INFO odoo_ci_test odoo.modules.loading: loading website/views/snippets/s_media_list.xml 
2026-04-08 14:02:59,393 1 INFO odoo_ci_test odoo.modules.loading: loading website/views/snippets/s_showcase.xml 
2026-04-08 14:02:59,405 1 INFO odoo_ci_test odoo.modules.loading: loading website/views/snippets/s_faq_horizontal.xml 
2026-04-08 14:02:59,412 1 INFO odoo_ci_test odoo.modules.loading: loading website/views/snippets/s_floating_blocks.xml 
2026-04-08 14:02:59,420 1 INFO odoo_ci_test odoo.modules.loading: loading website/views/snippets/s_opening_hours.xml 
2026-04-08 14:02:59,426 1 INFO odoo_ci_test odoo.modules.loading: loading website/views/snippets/s_timeline.xml 
2026-04-08 14:02:59,438 1 INFO odoo_ci_test odoo.modules.loading: loading website/views/snippets/s_timeline_images.xml 
2026-04-08 14:02:59,444 1 INFO odoo_ci_test odoo.modules.loading: loading website/views/snippets/s_timeline_list.xml 
2026-04-08 14:02:59,452 1 INFO odoo_ci_test odoo.modules.loading: loading website/views/snippets/s_process_steps.xml 
2026-04-08 14:02:59,462 1 INFO odoo_ci_test odoo.modules.loading: loading website/views/snippets/s_accordion.xml 
2026-04-08 14:02:59,470 1 INFO odoo_ci_test odoo.modules.loading: loading website/views/snippets/s_website_form_info.xml 
2026-04-08 14:02:59,476 1 INFO odoo_ci_test odoo.modules.loading: loading website/views/snippets/s_numbers_showcase.xml 
2026-04-08 14:02:59,482 1 INFO odoo_ci_test odoo.modules.loading: loading website/views/snippets/s_numbers_charts.xml 
2026-04-08 14:02:59,488 1 INFO odoo_ci_test odoo.modules.loading: loading website/views/snippets/s_accordion_image.xml 
2026-04-08 14:02:59,494 1 INFO odoo_ci_test odoo.modules.loading: loading website/views/snippets/s_pricelist_boxed.xml 
2026-04-08 14:02:59,505 1 INFO odoo_ci_test odoo.modules.loading: loading website/views/snippets/s_adventure.xml 
2026-04-08 14:02:59,510 1 INFO odoo_ci_test odoo.modules.loading: loading website/views/snippets/s_image_title.xml 
2026-04-08 14:02:59,517 1 INFO odoo_ci_test odoo.modules.loading: loading website/views/snippets/s_key_images.xml 
2026-04-08 14:02:59,523 1 INFO odoo_ci_test odoo.modules.loading: loading website/views/snippets/s_kickoff.xml 
2026-04-08 14:02:59,528 1 INFO odoo_ci_test odoo.modules.loading: loading website/views/snippets/s_discovery.xml 
2026-04-08 14:02:59,534 1 INFO odoo_ci_test odoo.modules.loading: loading website/views/snippets/s_bento_banner.xml 
2026-04-08 14:02:59,540 1 INFO odoo_ci_test odoo.modules.loading: loading website/views/snippets/s_striped.xml 
2026-04-08 14:02:59,545 1 INFO odoo_ci_test odoo.modules.loading: loading website/views/snippets/s_intro_pill.xml 
2026-04-08 14:02:59,551 1 INFO odoo_ci_test odoo.modules.loading: loading website/views/snippets/s_big_number.xml 
2026-04-08 14:02:59,557 1 INFO odoo_ci_test odoo.modules.loading: loading website/views/snippets/s_wavy_grid.xml 
2026-04-08 14:02:59,563 1 INFO odoo_ci_test odoo.modules.loading: loading website/views/snippets/s_images_mosaic.xml 
2026-04-08 14:02:59,570 1 INFO odoo_ci_test odoo.modules.loading: loading website/views/snippets/s_shape_image.xml 
2026-04-08 14:02:59,576 1 INFO odoo_ci_test odoo.modules.loading: loading website/views/snippets/s_empowerment.xml 
2026-04-08 14:02:59,582 1 INFO odoo_ci_test odoo.modules.loading: loading website/views/snippets/s_split_intro.xml 
2026-04-08 14:02:59,588 1 INFO odoo_ci_test odoo.modules.loading: loading website/views/snippets/s_text_highlight.xml 
2026-04-08 14:02:59,595 1 INFO odoo_ci_test odoo.modules.loading: loading website/views/snippets/s_pricelist_cafe.xml 
2026-04-08 14:02:59,607 1 INFO odoo_ci_test odoo.modules.loading: loading website/views/snippets/s_progress_bar.xml 
2026-04-08 14:02:59,614 1 INFO odoo_ci_test odoo.modules.loading: loading website/views/snippets/s_blockquote.xml 
2026-04-08 14:02:59,623 1 INFO odoo_ci_test odoo.modules.loading: loading website/views/snippets/s_badge.xml 
2026-04-08 14:02:59,631 1 INFO odoo_ci_test odoo.modules.loading: loading website/views/snippets/s_color_blocks_2.xml 
2026-04-08 14:02:59,639 1 INFO odoo_ci_test odoo.modules.loading: loading website/views/snippets/s_attributes_horizontal.xml 
2026-04-08 14:02:59,647 1 INFO odoo_ci_test odoo.modules.loading: loading website/views/snippets/s_attributes_vertical.xml 
2026-04-08 14:02:59,654 1 INFO odoo_ci_test odoo.modules.loading: loading website/views/snippets/s_product_list.xml 
2026-04-08 14:02:59,665 1 INFO odoo_ci_test odoo.modules.loading: loading website/views/snippets/s_mega_menu_multi_menus.xml 
2026-04-08 14:02:59,672 1 INFO odoo_ci_test odoo.modules.loading: loading website/views/snippets/s_mega_menu_menu_image_menu.xml 
2026-04-08 14:02:59,679 1 INFO odoo_ci_test odoo.modules.loading: loading website/views/snippets/s_mega_menu_thumbnails.xml 
2026-04-08 14:02:59,691 1 INFO odoo_ci_test odoo.modules.loading: loading website/views/snippets/s_mega_menu_little_icons.xml 
2026-04-08 14:02:59,701 1 INFO odoo_ci_test odoo.modules.loading: loading website/views/snippets/s_mega_menu_images_subtitles.xml 
2026-04-08 14:02:59,714 1 INFO odoo_ci_test odoo.modules.loading: loading website/views/snippets/s_mega_menu_menus_logos.xml 
2026-04-08 14:02:59,725 1 INFO odoo_ci_test odoo.modules.loading: loading website/views/snippets/s_mega_menu_odoo_menu.xml 
2026-04-08 14:02:59,736 1 INFO odoo_ci_test odoo.modules.loading: loading website/views/snippets/s_mega_menu_big_icons_subtitles.xml 
2026-04-08 14:02:59,750 1 INFO odoo_ci_test odoo.modules.loading: loading website/views/snippets/s_mega_menu_cards.xml 
2026-04-08 14:02:59,764 1 INFO odoo_ci_test odoo.modules.loading: loading website/views/snippets/s_google_map.xml 
2026-04-08 14:02:59,771 1 INFO odoo_ci_test odoo.modules.loading: loading website/views/snippets/s_cta_mockups.xml 
2026-04-08 14:02:59,777 1 INFO odoo_ci_test odoo.modules.loading: loading website/views/snippets/s_map.xml 
2026-04-08 14:02:59,784 1 INFO odoo_ci_test odoo.modules.loading: loading website/views/snippets/s_dynamic_snippet.xml 
2026-04-08 14:02:59,798 1 INFO odoo_ci_test odoo.modules.loading: loading website/views/snippets/s_dynamic_snippet_carousel.xml 
2026-04-08 14:02:59,807 1 INFO odoo_ci_test odoo.modules.loading: loading website/views/snippets/s_banner_product.xml 
2026-04-08 14:02:59,813 1 INFO odoo_ci_test odoo.modules.loading: loading website/views/snippets/s_embed_code.xml 
2026-04-08 14:02:59,820 1 INFO odoo_ci_test odoo.modules.loading: loading website/views/snippets/s_website_form.xml 
2026-04-08 14:02:59,833 1 INFO odoo_ci_test odoo.modules.loading: loading website/views/snippets/s_website_form_overlay.xml 
2026-04-08 14:02:59,838 1 INFO odoo_ci_test odoo.modules.loading: loading website/views/snippets/s_title_form.xml 
2026-04-08 14:02:59,845 1 INFO odoo_ci_test odoo.modules.loading: loading website/views/snippets/s_searchbar.xml 
2026-04-08 14:02:59,858 1 INFO odoo_ci_test odoo.modules.loading: loading website/views/snippets/s_inline_text.xml 
2026-04-08 14:02:59,863 1 INFO odoo_ci_test odoo.modules.loading: loading website/views/snippets/s_button.xml 
2026-04-08 14:02:59,869 1 INFO odoo_ci_test odoo.modules.loading: loading website/views/snippets/s_freegrid.xml 
2026-04-08 14:02:59,875 1 INFO odoo_ci_test odoo.modules.loading: loading website/views/snippets/s_card_offset.xml 
2026-04-08 14:02:59,882 1 INFO odoo_ci_test odoo.modules.loading: loading website/views/snippets/s_image.xml 
2026-04-08 14:02:59,888 1 INFO odoo_ci_test odoo.modules.loading: loading website/views/snippets/s_video.xml 
2026-04-08 14:02:59,893 1 INFO odoo_ci_test odoo.modules.loading: loading website/views/snippets/s_cta_badge.xml 
2026-04-08 14:02:59,899 1 INFO odoo_ci_test odoo.modules.loading: loading website/views/snippets/s_unveil.xml 
2026-04-08 14:02:59,906 1 INFO odoo_ci_test odoo.modules.loading: loading website/views/snippets/s_image_hexagonal.xml 
2026-04-08 14:02:59,912 1 INFO odoo_ci_test odoo.modules.loading: loading website/views/snippets/s_striped_center_top.xml 
2026-04-08 14:02:59,918 1 INFO odoo_ci_test odoo.modules.loading: loading website/views/snippets/s_numbers_list.xml 
2026-04-08 14:02:59,925 1 INFO odoo_ci_test odoo.modules.loading: loading website/views/snippets/s_quadrant.xml 
2026-04-08 14:02:59,933 1 INFO odoo_ci_test odoo.modules.loading: loading website/views/snippets/s_cta_card.xml 
2026-04-08 14:02:59,940 1 INFO odoo_ci_test odoo.modules.loading: loading website/views/snippets/s_image_frame.xml 
2026-04-08 14:02:59,946 1 INFO odoo_ci_test odoo.modules.loading: loading website/views/snippets/s_cta_mobile.xml 
2026-04-08 14:02:59,952 1 INFO odoo_ci_test odoo.modules.loading: loading website/views/snippets/s_reviews_wall.xml 
2026-04-08 14:02:59,965 1 INFO odoo_ci_test odoo.modules.loading: loading website/views/snippets/s_website_form_cover.xml 
2026-04-08 14:02:59,973 1 INFO odoo_ci_test odoo.modules.loading: loading website/views/snippets/s_form_aside.xml 
2026-04-08 14:02:59,979 1 INFO odoo_ci_test odoo.modules.loading: loading website/views/snippets/s_banner_connected.xml 
2026-04-08 14:02:59,985 1 INFO odoo_ci_test odoo.modules.loading: loading website/views/snippets/s_ecomm_categories_showcase.xml 
2026-04-08 14:02:59,994 1 INFO odoo_ci_test odoo.modules.loading: loading website/views/snippets/s_banner_categories.xml 
2026-04-08 14:03:00,003 1 INFO odoo_ci_test odoo.modules.loading: loading website/views/new_page_template_templates.xml 
2026-04-08 14:03:01,169 1 INFO odoo_ci_test odoo.addons.website.models.ir_module_module: Generated 227 primary snippet templates for 'website' 
2026-04-08 14:03:01,233 1 INFO odoo_ci_test odoo.addons.website.models.ir_module_module: Generated 39 primary page templates for 'website' 
2026-04-08 14:03:01,233 1 INFO odoo_ci_test odoo.modules.loading: loading website/views/website_views.xml 
2026-04-08 14:03:01,381 1 INFO odoo_ci_test odoo.modules.loading: loading website/views/website_pages_views.xml 
2026-04-08 14:03:01,444 1 INFO odoo_ci_test odoo.modules.loading: loading website/views/website_controller_pages_views.xml 
2026-04-08 14:03:01,472 1 INFO odoo_ci_test odoo.modules.loading: loading website/views/website_visitor_views.xml 
2026-04-08 14:03:01,548 1 INFO odoo_ci_test odoo.modules.loading: loading website/views/res_config_settings_views.xml 
2026-04-08 14:03:01,609 1 INFO odoo_ci_test odoo.modules.loading: loading website/views/website_rewrite.xml 
2026-04-08 14:03:01,634 1 INFO odoo_ci_test odoo.modules.loading: loading website/views/ir_actions_server_views.xml 
2026-04-08 14:03:01,659 1 INFO odoo_ci_test odoo.modules.loading: loading website/views/ir_asset_views.xml 
2026-04-08 14:03:01,675 1 INFO odoo_ci_test odoo.modules.loading: loading website/views/ir_attachment_views.xml 
2026-04-08 14:03:01,693 1 INFO odoo_ci_test odoo.modules.loading: loading website/views/ir_model_views.xml 
2026-04-08 14:03:01,723 1 INFO odoo_ci_test odoo.modules.loading: loading website/views/res_partner_views.xml 
2026-04-08 14:03:01,736 1 INFO odoo_ci_test odoo.modules.loading: loading website/views/neutralize_views.xml 
2026-04-08 14:03:01,749 1 INFO odoo_ci_test odoo.modules.loading: loading website/wizard/base_language_install_views.xml 
2026-04-08 14:03:01,759 1 INFO odoo_ci_test odoo.modules.loading: loading website/wizard/blocked_third_party_domains.xml 
2026-04-08 14:03:01,766 1 INFO odoo_ci_test odoo.modules.loading: loading website/wizard/website_robots.xml 
2026-04-08 14:03:01,774 1 INFO odoo_ci_test odoo.modules.loading: loading website/data/update_theme_images.xml 
2026-04-08 14:03:01,825 1 INFO odoo_ci_test odoo.modules.loading: loading website/views/website_templates_svg.xml 
2026-04-08 14:03:01,927 1 INFO odoo_ci_test odoo.modules.loading: Module website loaded in 6.41s, 7876 queries (+7876 other) 
2026-04-08 14:03:01,927 1 INFO odoo_ci_test odoo.modules.loading: Loading module sports_federation_portal (46/49) 
2026-04-08 14:03:01,948 1 INFO odoo_ci_test odoo.registry: module sports_federation_portal: creating or updating database tables 
2026-04-08 14:03:01,973 1 INFO odoo_ci_test odoo.models: Prepare computation of res.partner.federation_representative_count 
2026-04-08 14:03:01,981 1 INFO odoo_ci_test odoo.models: Prepare computation of res.users.represented_club_ids 
2026-04-08 14:03:01,981 1 INFO odoo_ci_test odoo.models: Prepare computation of res.users.representative_count 
2026-04-08 14:03:01,996 1 WARNING odoo_ci_test odoo.addons.base.models.ir_model: Two fields (federation_representative_ids, representative_ids) of res.users() have the same label: Club Representative Roles. [Modules: None and sports_federation_portal] 
2026-04-08 14:03:01,996 1 WARNING odoo_ci_test odoo.addons.base.models.ir_model: Two fields (federation_representative_count, representative_count) of res.users() have the same label: Representative Role Count. [Modules: None and sports_federation_portal] 
<string>:45: (WARNING/2) Line block ends without a blank line.
<string>:55: (WARNING/2) Line block ends without a blank line.
<string>:70: (ERROR/3) Unexpected indentation.
<string>:68: (WARNING/2) Inline literal start-string without end-string.
<string>:73: (ERROR/3) Unexpected indentation.
<string>:75: (WARNING/2) Block quote ends without a blank line; unexpected unindent.
<string>:93: (WARNING/2) Block quote ends without a blank line; unexpected unindent.
<string>:93: (WARNING/2) Inline literal start-string without end-string.
<string>:93: (WARNING/2) Inline interpreted text or phrase reference start-string without end-string.
<string>:45: (ERROR/3) Undefined substitution referenced: "-------".
<string>:45: (ERROR/3) Undefined substitution referenced: "--------".
<string>:55: (ERROR/3) Undefined substitution referenced: "-------".
<string>:55: (ERROR/3) Undefined substitution referenced: "--------".
2026-04-08 14:03:02,168 1 INFO odoo_ci_test odoo.modules.loading: loading sports_federation_portal/security/res_groups.xml 
2026-04-08 14:03:02,180 1 INFO odoo_ci_test odoo.modules.loading: loading sports_federation_portal/security/ir.model.access.csv 
2026-04-08 14:03:02,192 1 INFO odoo_ci_test odoo.modules.loading: loading sports_federation_portal/security/ir_rule.xml 
2026-04-08 14:03:02,225 1 INFO odoo_ci_test odoo.modules.loading: loading sports_federation_portal/data/federation_club_role_type.xml 
2026-04-08 14:03:02,237 1 INFO odoo_ci_test odoo.modules.loading: loading sports_federation_portal/data/ir_sequence.xml 
2026-04-08 14:03:02,241 1 INFO odoo_ci_test odoo.modules.loading: loading sports_federation_portal/views/federation_club_role_type_views.xml 
2026-04-08 14:03:02,265 1 INFO odoo_ci_test odoo.modules.loading: loading sports_federation_portal/views/federation_club_representative_views.xml 
2026-04-08 14:03:02,284 1 INFO odoo_ci_test odoo.modules.loading: loading sports_federation_portal/views/federation_club_views.xml 
2026-04-08 14:03:02,296 1 INFO odoo_ci_test odoo.modules.loading: loading sports_federation_portal/views/res_partner_views.xml 
2026-04-08 14:03:02,309 1 INFO odoo_ci_test odoo.modules.loading: loading sports_federation_portal/views/res_users_views.xml 
2026-04-08 14:03:02,323 1 INFO odoo_ci_test odoo.modules.loading: loading sports_federation_portal/views/federation_tournament_registration_views.xml 
2026-04-08 14:03:02,342 1 INFO odoo_ci_test odoo.modules.loading: loading sports_federation_portal/views/federation_club_representative_portal_views.xml 
2026-04-08 14:03:02,356 1 INFO odoo_ci_test odoo.modules.loading: loading sports_federation_portal/views/website_tournament_templates.xml 
2026-04-08 14:03:02,375 1 INFO odoo_ci_test odoo.modules.loading: loading sports_federation_portal/views/portal_templates.xml 
2026-04-08 14:03:02,418 1 INFO odoo_ci_test odoo.modules.loading: loading sports_federation_portal/views/menu_items.xml 
2026-04-08 14:03:02,426 1 INFO odoo_ci_test odoo.modules.loading: loading sports_federation_portal/views/website_menus.xml 
2026-04-08 14:03:02,462 1 INFO odoo_ci_test odoo.modules.loading: Module sports_federation_portal loaded in 0.54s, 640 queries (+640 other) 
2026-04-08 14:03:02,462 1 INFO odoo_ci_test odoo.modules.loading: Loading module website_mail (47/49) 
2026-04-08 14:03:02,469 1 INFO odoo_ci_test odoo.registry: module website_mail: creating or updating database tables 
2026-04-08 14:03:02,479 1 INFO odoo_ci_test odoo.modules.loading: loading website_mail/views/website_mail_templates.xml 
2026-04-08 14:03:02,502 1 INFO odoo_ci_test odoo.modules.loading: Module website_mail loaded in 0.04s, 31 queries (+31 other) 
2026-04-08 14:03:02,502 1 INFO odoo_ci_test odoo.modules.loading: Loading module website_sms (48/49) 
2026-04-08 14:03:02,507 1 INFO odoo_ci_test odoo.registry: module website_sms: creating or updating database tables 
2026-04-08 14:03:02,523 1 INFO odoo_ci_test odoo.modules.loading: loading website_sms/views/website_visitor_views.xml 
2026-04-08 14:03:02,569 1 INFO odoo_ci_test odoo.modules.loading: Module website_sms loaded in 0.07s, 68 queries (+68 other) 
2026-04-08 14:03:02,569 1 INFO odoo_ci_test odoo.modules.loading: Loading module sports_federation_compliance (49/49) 
2026-04-08 14:03:02,579 1 INFO odoo_ci_test odoo.registry: module sports_federation_compliance: creating or updating database tables 
<string>:16: (WARNING/2) Line block ends without a blank line.
<string>:31: (WARNING/2) Line block ends without a blank line.
<string>:46: (WARNING/2) Line block ends without a blank line.
<string>:69: (WARNING/2) Line block ends without a blank line.
<string>:16: (ERROR/3) Undefined substitution referenced: "--------".
<string>:31: (ERROR/3) Undefined substitution referenced: "-------".
<string>:31: (ERROR/3) Undefined substitution referenced: "-------------".
<string>:46: (ERROR/3) Undefined substitution referenced: "-------".
<string>:46: (ERROR/3) Undefined substitution referenced: "-------------".
<string>:69: (ERROR/3) Undefined substitution referenced: "-------".
<string>:69: (ERROR/3) Undefined substitution referenced: "-------------".
2026-04-08 14:03:02,722 1 INFO odoo_ci_test odoo.modules.loading: loading sports_federation_compliance/security/ir.model.access.csv 
2026-04-08 14:03:02,730 1 INFO odoo_ci_test odoo.modules.loading: loading sports_federation_compliance/views/document_requirement_views.xml 
2026-04-08 14:03:02,754 1 INFO odoo_ci_test odoo.modules.loading: loading sports_federation_compliance/views/document_submission_views.xml 
2026-04-08 14:03:02,776 1 INFO odoo_ci_test odoo.modules.loading: loading sports_federation_compliance/views/compliance_check_views.xml 
2026-04-08 14:03:02,797 1 INFO odoo_ci_test odoo.modules.loading: loading sports_federation_compliance/views/menu_views.xml 
2026-04-08 14:03:02,875 1 INFO odoo_ci_test odoo.addons.sports_federation_compliance.tests.test_compliance: Starting TestCompliance.test_check_detects_expired_document ... 
2026-04-08 14:03:02,892 1 INFO odoo_ci_test odoo.addons.sports_federation_compliance.tests.test_compliance: Starting TestCompliance.test_check_detects_missing_document ... 
2026-04-08 14:03:02,901 1 INFO odoo_ci_test odoo.addons.sports_federation_compliance.tests.test_compliance: Starting TestCompliance.test_check_detects_valid_approved_document ... 
2026-04-08 14:03:02,918 1 INFO odoo_ci_test odoo.addons.sports_federation_compliance.tests.test_compliance: Starting TestCompliance.test_check_single_target ... 
2026-04-08 14:03:02,922 1 INFO odoo_ci_test odoo.addons.sports_federation_compliance.tests.test_compliance: Starting TestCompliance.test_create_requirement ... 
2026-04-08 14:03:02,925 1 INFO odoo_ci_test odoo.addons.sports_federation_compliance.tests.test_compliance: Starting TestCompliance.test_is_expired_helper ... 
2026-04-08 14:03:02,943 1 INFO odoo_ci_test odoo.addons.sports_federation_compliance.tests.test_compliance: Starting TestCompliance.test_requirement_unique_code_target ... 
2026-04-08 14:03:02,947 1 INFO odoo_ci_test odoo.addons.sports_federation_compliance.tests.test_compliance: Starting TestCompliance.test_submission_date_validation ... 
2026-04-08 14:03:02,950 1 INFO odoo_ci_test odoo.addons.sports_federation_compliance.tests.test_compliance: Starting TestCompliance.test_submission_reject ... 
2026-04-08 14:03:02,962 1 INFO odoo_ci_test odoo.addons.sports_federation_compliance.tests.test_compliance: Starting TestCompliance.test_submission_request_replacement ... 
2026-04-08 14:03:02,974 1 INFO odoo_ci_test odoo.addons.sports_federation_compliance.tests.test_compliance: Starting TestCompliance.test_submission_requires_single_target ... 
2026-04-08 14:03:02,980 1 INFO odoo_ci_test odoo.addons.sports_federation_compliance.tests.test_compliance: Starting TestCompliance.test_submission_target_matches_requirement_model ... 
2026-04-08 14:03:02,995 1 INFO odoo_ci_test odoo.addons.sports_federation_compliance.tests.test_compliance: Starting TestCompliance.test_submission_workflow ... 
2026-04-08 14:03:03,090 1 INFO odoo_ci_test odoo.addons.base.models.ir_attachment: filestore gc 18 checked, 0 removed 
2026-04-08 14:03:03,091 1 INFO odoo_ci_test odoo.modules.loading: Module sports_federation_compliance loaded in 0.52s (incl. 0.26s test), 339 queries (+251 test, +339 other) 
2026-04-08 14:03:03,091 1 INFO odoo_ci_test odoo.modules.loading: 49 modules loaded in 20.71s, 28654 queries (+28906 extra) 
2026-04-08 14:03:03,611 1 INFO odoo_ci_test odoo.modules.loading: Modules loaded. 
2026-04-08 14:03:03,620 1 INFO odoo_ci_test odoo.registry: Registry changed, signaling through the database 
2026-04-08 14:03:03,620 1 INFO odoo_ci_test odoo.registry: Registry loaded in 29.411s 
2026-04-08 14:03:03,621 1 INFO odoo_ci_test odoo.service.server: Starting post tests 
2026-04-08 14:03:03,646 1 INFO odoo_ci_test odoo.service.server: 0 post-tests in 0.03s, 0 queries 
2026-04-08 14:03:03,647 1 INFO odoo_ci_test odoo.tests.stats: sports_federation_compliance: 15 tests 0.26s 251 queries 
2026-04-08 14:03:03,647 1 INFO odoo_ci_test odoo.tests.result: 0 failed, 0 error(s) of 13 tests when loading database 'odoo_ci_test' 
2026-04-08 14:03:03,647 1 INFO odoo_ci_test odoo.service.server: Initiating shutdown 
2026-04-08 14:03:03,647 1 INFO odoo_ci_test odoo.service.server: Hit CTRL-C again or send a second signal to force the shutdown. 
2026-04-08 14:03:03,763 1 INFO odoo_ci_test odoo.sql_db: ConnectionPool(read/write;used=0/count=0/max=64): Closed 2 connections  
