2026-04-08 12:33:24,858 1 INFO odoo_ci_test odoo.modules.loading: loading base/data/ir_demo_failure_data.xml 
<string>:38: (ERROR/3) Unexpected indentation.
<string>:26: (ERROR/3) Undefined substitution referenced: "-------".
<string>:26: (ERROR/3) Undefined substitution referenced: "-------------".
<string>:44: (ERROR/3) Undefined substitution referenced: "-------".
<string>:44: (ERROR/3) Undefined substitution referenced: "-------------".
<string>:58: (ERROR/3) Undefined substitution referenced: "-------".
<string>:58: (ERROR/3) Undefined substitution referenced: "-------------".
<string>:72: (ERROR/3) Undefined substitution referenced: "-------".
<string>:72: (ERROR/3) Undefined substitution referenced: "-------------".
<string>:85: (ERROR/3) Undefined substitution referenced: "-------".
<string>:85: (ERROR/3) Undefined substitution referenced: "-------------".
2026-04-08 12:33:34,924 1 ERROR odoo_ci_test odoo.addons.sports_federation_base.tests.test_base: FAIL: TestFederationClub.test_club_code_unique
Traceback (most recent call last):
AssertionError: Exception not raised
2026-04-08 12:33:35,036 1 ERROR odoo_ci_test odoo.addons.sports_federation_base.tests.test_base: FAIL: TestFederationTeam.test_team_code_unique
Traceback (most recent call last):
AssertionError: Exception not raised
2026-04-08 12:33:35,225 1 ERROR odoo_ci_test odoo.addons.sports_federation_base.tests.test_base: FAIL: TestFederationSeasonRegistration.test_duplicate_registration_rejected
Traceback (most recent call last):
AssertionError: Exception not raised
2026-04-08 12:33:35,287 1 ERROR odoo_ci_test odoo.modules.loading: Module sports_federation_base: 3 failures, 0 errors of 15 tests 
2026-04-08 12:33:37,316 1 ERROR odoo_ci_test odoo.modules.loading: At least one test failed when loading the modules. 
2026-04-08 12:33:37,343 1 ERROR odoo_ci_test odoo.tests.result: 3 failed, 0 error(s) of 15 tests when loading database 'odoo_ci_test' 
