 Container sf_ci-ci-db-1  Running
Running as user 'root' is a security risk.
2026-04-08 12:33:18,113 1 WARNING ? odoo.tools.config: missing --http-interface/http_interface, using 0.0.0.0 by default, will change to 127.0.0.1 in 20.0 
2026-04-08 12:33:18,114 1 INFO ? odoo: Odoo version 19.0-20260324 
2026-04-08 12:33:18,114 1 INFO ? odoo: Using configuration file at /etc/odoo/odoo.conf 
2026-04-08 12:33:18,114 1 INFO ? odoo: addons paths: _NamespacePath(['/usr/lib/python3/dist-packages/odoo/addons', '/var/lib/odoo/addons/19.0', '/mnt/extra-addons', '/usr/lib/python3/dist-packages/addons']) 
2026-04-08 12:33:18,114 1 INFO ? odoo: database: odoo@ci-db:5432 
2026-04-08 12:33:18,375 1 INFO ? odoo.service.server: HTTP service (werkzeug) running on 82658f1ea3bb:8069 
2026-04-08 12:33:18,392 1 INFO odoo_ci_test odoo.tests.common: Importing test framework 
2026-04-08 12:33:18,422 1 INFO odoo_ci_test odoo.modules.loading: Initializing database odoo_ci_test 
2026-04-08 12:33:19,484 1 INFO odoo_ci_test odoo.modules.loading: loading 1 modules... 
2026-04-08 12:33:19,485 1 INFO odoo_ci_test odoo.modules.loading: Loading module base (1/1) 
2026-04-08 12:33:19,512 1 INFO odoo_ci_test odoo.registry: module base: creating or updating database tables 
2026-04-08 12:33:19,744 1 INFO odoo_ci_test odoo.models: Prepare computation of ir.module.module.menus_by_module 
2026-04-08 12:33:19,745 1 INFO odoo_ci_test odoo.models: Prepare computation of ir.module.module.reports_by_module 
2026-04-08 12:33:19,745 1 INFO odoo_ci_test odoo.models: Prepare computation of ir.module.module.views_by_module 
2026-04-08 12:33:19,815 1 INFO odoo_ci_test odoo.models: Prepare computation of res.partner.user_id 
2026-04-08 12:33:19,815 1 INFO odoo_ci_test odoo.models: Prepare computation of res.partner.commercial_partner_id 
2026-04-08 12:33:19,815 1 INFO odoo_ci_test odoo.models: Prepare computation of res.partner.complete_name 
2026-04-08 12:33:19,816 1 INFO odoo_ci_test odoo.models: Prepare computation of res.partner.lang 
2026-04-08 12:33:19,816 1 INFO odoo_ci_test odoo.models: Prepare computation of res.partner.company_registry 
2026-04-08 12:33:19,816 1 INFO odoo_ci_test odoo.models: Prepare computation of res.partner.commercial_company_name 
2026-04-08 12:33:19,816 1 INFO odoo_ci_test odoo.models: Prepare computation of res.partner.properties 
2026-04-08 12:33:19,816 1 INFO odoo_ci_test odoo.models: Prepare computation of res.partner.partner_share 
2026-04-08 12:33:19,839 1 INFO odoo_ci_test odoo.models: Prepare computation of res.currency.decimal_places 
2026-04-08 12:33:19,856 1 INFO odoo_ci_test odoo.models: Prepare computation of res.company.uses_default_logo 
2026-04-08 12:33:19,856 1 INFO odoo_ci_test odoo.models: Prepare computation of res.company.logo_web 
2026-04-08 12:33:19,858 1 INFO odoo_ci_test odoo.models: Computing parent_path for table res_company... 
2026-04-08 12:33:19,878 1 INFO odoo_ci_test odoo.models: Prepare computation of res.users.signature 
2026-04-08 12:33:19,878 1 INFO odoo_ci_test odoo.models: Prepare computation of res.users.share 
2026-04-08 12:33:21,108 1 INFO odoo_ci_test odoo.modules.loading: loading base/data/res_bank.xml 
2026-04-08 12:33:21,112 1 INFO odoo_ci_test odoo.modules.loading: loading base/data/res.lang.csv 
2026-04-08 12:33:21,149 1 INFO odoo_ci_test odoo.modules.loading: loading base/data/res_lang_data.xml 
2026-04-08 12:33:21,179 1 INFO odoo_ci_test odoo.modules.loading: loading base/data/res_partner_data.xml 
2026-04-08 12:33:21,222 1 INFO odoo_ci_test odoo.modules.loading: loading base/data/res_currency_data.xml 
2026-04-08 12:33:21,662 1 INFO odoo_ci_test odoo.modules.loading: loading base/data/res_company_data.xml 
2026-04-08 12:33:21,669 1 INFO odoo_ci_test odoo.modules.loading: loading base/data/res_users_data.xml 
2026-04-08 12:33:22,682 1 INFO odoo_ci_test odoo.modules.loading: loading base/data/report_paperformat_data.xml 
2026-04-08 12:33:22,690 1 INFO odoo_ci_test odoo.modules.loading: loading base/data/res_country_data.xml 
2026-04-08 12:33:23,250 1 INFO odoo_ci_test odoo.modules.loading: loading base/data/ir_demo_data.xml 
2026-04-08 12:33:23,262 1 INFO odoo_ci_test odoo.modules.loading: loading base/security/base_groups.xml 
2026-04-08 12:33:23,449 1 INFO odoo_ci_test odoo.modules.loading: loading base/security/base_security.xml 
2026-04-08 12:33:23,615 1 INFO odoo_ci_test odoo.modules.loading: loading base/wizard/wizard_ir_model_menu_create_views.xml 
2026-04-08 12:33:23,627 1 INFO odoo_ci_test odoo.modules.loading: loading base/views/base_menus.xml 
2026-04-08 12:33:23,684 1 INFO odoo_ci_test odoo.modules.loading: loading base/views/decimal_precision_views.xml 
2026-04-08 12:33:23,702 1 INFO odoo_ci_test odoo.modules.loading: loading base/views/res_config_views.xml 
2026-04-08 12:33:23,710 1 INFO odoo_ci_test odoo.modules.loading: loading base/data/res.country.state.csv 
2026-04-08 12:33:24,032 1 INFO odoo_ci_test odoo.modules.loading: loading base/views/ir_actions_views.xml 
2026-04-08 12:33:24,166 1 INFO odoo_ci_test odoo.modules.loading: loading base/views/ir_asset_views.xml 
2026-04-08 12:33:24,182 1 INFO odoo_ci_test odoo.modules.loading: loading base/views/ir_config_parameter_views.xml 
2026-04-08 12:33:24,198 1 INFO odoo_ci_test odoo.modules.loading: loading base/views/ir_cron_views.xml 
2026-04-08 12:33:24,226 1 INFO odoo_ci_test odoo.modules.loading: loading base/views/ir_cron_trigger_views.xml 
2026-04-08 12:33:24,242 1 INFO odoo_ci_test odoo.modules.loading: loading base/views/ir_filters_views.xml 
2026-04-08 12:33:24,264 1 INFO odoo_ci_test odoo.modules.loading: loading base/views/ir_mail_server_views.xml 
2026-04-08 12:33:24,284 1 INFO odoo_ci_test odoo.modules.loading: loading base/views/ir_model_views.xml 
2026-04-08 12:33:24,416 1 INFO odoo_ci_test odoo.modules.loading: loading base/views/ir_attachment_views.xml 
2026-04-08 12:33:24,438 1 INFO odoo_ci_test odoo.modules.loading: loading base/views/ir_rule_views.xml 
2026-04-08 12:33:24,458 1 INFO odoo_ci_test odoo.modules.loading: loading base/views/ir_sequence_views.xml 
2026-04-08 12:33:24,478 1 INFO odoo_ci_test odoo.modules.loading: loading base/views/ir_ui_menu_views.xml 
2026-04-08 12:33:24,497 1 INFO odoo_ci_test odoo.modules.loading: loading base/views/ir_ui_view_views.xml 
2026-04-08 12:33:24,544 1 INFO odoo_ci_test odoo.modules.loading: loading base/views/ir_default_views.xml 
2026-04-08 12:33:24,562 1 INFO odoo_ci_test odoo.modules.loading: loading base/data/ir_config_parameter_data.xml 
2026-04-08 12:33:24,565 1 INFO odoo_ci_test odoo.modules.loading: loading base/data/ir_cron_data.xml 
2026-04-08 12:33:24,578 1 INFO odoo_ci_test odoo.modules.loading: loading base/report/ir_model_report.xml 
2026-04-08 12:33:24,581 1 INFO odoo_ci_test odoo.modules.loading: loading base/report/ir_model_templates.xml 
2026-04-08 12:33:24,589 1 INFO odoo_ci_test odoo.modules.loading: loading base/views/ir_logging_views.xml 
2026-04-08 12:33:24,608 1 INFO odoo_ci_test odoo.modules.loading: loading base/views/ir_qweb_widget_templates.xml 
2026-04-08 12:33:24,621 1 INFO odoo_ci_test odoo.modules.loading: loading base/views/ir_module_views.xml 
2026-04-08 12:33:24,671 1 INFO odoo_ci_test odoo.modules.loading: loading base/data/ir_module_category_data.xml 
2026-04-08 12:33:24,707 1 INFO odoo_ci_test odoo.modules.loading: loading base/data/ir_module_module.xml 
2026-04-08 12:33:24,762 1 INFO odoo_ci_test odoo.modules.loading: loading base/report/ir_module_reports.xml 
2026-04-08 12:33:24,765 1 INFO odoo_ci_test odoo.modules.loading: loading base/report/ir_module_report_templates.xml 
2026-04-08 12:33:24,772 1 INFO odoo_ci_test odoo.modules.loading: loading base/wizard/base_module_update_views.xml 
2026-04-08 12:33:24,784 1 INFO odoo_ci_test odoo.modules.loading: loading base/wizard/base_language_install_views.xml 
2026-04-08 12:33:24,799 1 INFO odoo_ci_test odoo.modules.loading: loading base/wizard/base_import_language_views.xml 
2026-04-08 12:33:24,810 1 INFO odoo_ci_test odoo.modules.loading: loading base/wizard/base_module_upgrade_views.xml 
2026-04-08 12:33:24,825 1 INFO odoo_ci_test odoo.modules.loading: loading base/wizard/base_module_uninstall_views.xml 
2026-04-08 12:33:24,833 1 INFO odoo_ci_test odoo.modules.loading: loading base/wizard/base_export_language_views.xml 
2026-04-08 12:33:24,845 1 INFO odoo_ci_test odoo.modules.loading: loading base/wizard/base_partner_merge_views.xml 
2026-04-08 12:33:24,858 1 INFO odoo_ci_test odoo.modules.loading: loading base/data/ir_demo_failure_data.xml 
2026-04-08 12:33:24,873 1 INFO odoo_ci_test odoo.modules.loading: loading base/views/ir_profile_views.xml 
2026-04-08 12:33:24,894 1 INFO odoo_ci_test odoo.modules.loading: loading base/views/res_company_views.xml 
2026-04-08 12:33:24,914 1 INFO odoo_ci_test odoo.modules.loading: loading base/views/res_lang_views.xml 
2026-04-08 12:33:24,933 1 INFO odoo_ci_test odoo.modules.loading: loading base/views/res_partner_views.xml 
2026-04-08 12:33:25,013 1 INFO odoo_ci_test odoo.modules.loading: loading base/views/res_bank_views.xml 
2026-04-08 12:33:25,044 1 INFO odoo_ci_test odoo.modules.loading: loading base/views/res_country_views.xml 
2026-04-08 12:33:25,083 1 INFO odoo_ci_test odoo.modules.loading: loading base/views/res_currency_views.xml 
2026-04-08 12:33:25,118 1 INFO odoo_ci_test odoo.modules.loading: loading base/views/res_groups_views.xml 
2026-04-08 12:33:25,160 1 INFO odoo_ci_test odoo.modules.loading: loading base/views/res_users_views.xml 
2026-04-08 12:33:25,246 1 INFO odoo_ci_test odoo.modules.loading: loading base/views/res_users_apikeys_views.xml 
2026-04-08 12:33:25,252 1 INFO odoo_ci_test odoo.modules.loading: loading base/views/res_device_views.xml 
2026-04-08 12:33:25,272 1 INFO odoo_ci_test odoo.modules.loading: loading base/views/res_users_identitycheck_views.xml 
2026-04-08 12:33:25,279 1 INFO odoo_ci_test odoo.modules.loading: loading base/views/res_config_settings_views.xml 
2026-04-08 12:33:25,287 1 INFO odoo_ci_test odoo.modules.loading: loading base/views/report_paperformat_views.xml 
2026-04-08 12:33:25,310 1 INFO odoo_ci_test odoo.modules.loading: loading base/security/ir.model.access.csv 
2026-04-08 12:33:25,602 1 INFO odoo_ci_test odoo.modules.loading: Module base loaded in 6.12s, 8397 queries (+8397 other) 
2026-04-08 12:33:25,602 1 INFO odoo_ci_test odoo.modules.loading: 1 modules loaded in 6.12s, 8397 queries (+8397 extra) 
2026-04-08 12:33:25,605 1 INFO odoo_ci_test odoo.modules.loading: updating modules list 
2026-04-08 12:33:25,606 1 INFO odoo_ci_test odoo.addons.base.models.ir_module: ALLOW access to module.update_list on [] to user __system__ #1 via n/a 
2026-04-08 12:33:26,408 1 INFO odoo_ci_test odoo.addons.base.models.ir_module: ALLOW access to module.button_install on ['Sports Federation Base'] to user __system__ #1 via n/a 
2026-04-08 12:33:26,481 1 INFO odoo_ci_test odoo.modules.loading: loading 28 modules... 
2026-04-08 12:33:26,481 1 INFO odoo_ci_test odoo.modules.loading: Loading module rpc (2/28) 
2026-04-08 12:33:26,496 1 INFO odoo_ci_test odoo.modules.loading: Module rpc loaded in 0.02s, 9 queries (+9 other) 
2026-04-08 12:33:26,496 1 INFO odoo_ci_test odoo.modules.loading: Loading module web (3/28) 
2026-04-08 12:33:26,529 1 INFO odoo_ci_test odoo.registry: module web: creating or updating database tables 
2026-04-08 12:33:26,963 1 INFO odoo_ci_test odoo.modules.loading: loading web/security/ir.model.access.csv 
2026-04-08 12:33:26,971 1 INFO odoo_ci_test odoo.modules.loading: loading web/security/web_security.xml 
2026-04-08 12:33:26,983 1 INFO odoo_ci_test odoo.modules.loading: loading web/views/webclient_templates.xml 
2026-04-08 12:33:27,037 1 INFO odoo_ci_test odoo.modules.loading: loading web/views/report_templates.xml 
2026-04-08 12:33:27,128 1 INFO odoo_ci_test odoo.modules.loading: loading web/views/base_document_layout_views.xml 
2026-04-08 12:33:27,143 1 INFO odoo_ci_test odoo.modules.loading: loading web/views/partner_view.xml 
2026-04-08 12:33:27,150 1 INFO odoo_ci_test odoo.modules.loading: loading web/views/speedscope_template.xml 
2026-04-08 12:33:27,156 1 INFO odoo_ci_test odoo.modules.loading: loading web/views/memory_template.xml 
2026-04-08 12:33:27,162 1 INFO odoo_ci_test odoo.modules.loading: loading web/views/speedscope_config_wizard.xml 
2026-04-08 12:33:27,169 1 INFO odoo_ci_test odoo.modules.loading: loading web/views/neutralize_views.xml 
2026-04-08 12:33:27,177 1 INFO odoo_ci_test odoo.modules.loading: loading web/views/ir_ui_view_views.xml 
2026-04-08 12:33:27,187 1 INFO odoo_ci_test odoo.modules.loading: loading web/data/ir_attachment.xml 
2026-04-08 12:33:27,191 1 INFO odoo_ci_test odoo.modules.loading: loading web/data/report_layout.xml 
2026-04-08 12:33:27,247 1 INFO odoo_ci_test odoo.modules.loading: Module web loaded in 0.75s, 1232 queries (+1232 other) 
2026-04-08 12:33:27,247 1 INFO odoo_ci_test odoo.modules.loading: Loading module api_doc (4/28) 
2026-04-08 12:33:27,252 1 INFO odoo_ci_test odoo.registry: module api_doc: creating or updating database tables 
2026-04-08 12:33:27,268 1 INFO odoo_ci_test odoo.modules.loading: loading api_doc/security/res_groups.xml 
2026-04-08 12:33:27,289 1 INFO odoo_ci_test odoo.modules.loading: loading api_doc/views/docclient.xml 
2026-04-08 12:33:27,307 1 INFO odoo_ci_test odoo.modules.loading: Module api_doc loaded in 0.06s, 63 queries (+63 other) 
2026-04-08 12:33:27,307 1 INFO odoo_ci_test odoo.modules.loading: Loading module auth_totp (5/28) 
2026-04-08 12:33:27,322 1 INFO odoo_ci_test odoo.registry: module auth_totp: creating or updating database tables 
2026-04-08 12:33:27,388 1 INFO odoo_ci_test odoo.modules.loading: loading auth_totp/security/security.xml 
2026-04-08 12:33:27,409 1 INFO odoo_ci_test odoo.modules.loading: loading auth_totp/security/ir.model.access.csv 
2026-04-08 12:33:27,416 1 INFO odoo_ci_test odoo.modules.loading: loading auth_totp/data/ir_action_data.xml 
2026-04-08 12:33:27,422 1 INFO odoo_ci_test odoo.modules.loading: loading auth_totp/views/res_users_views.xml 
2026-04-08 12:33:27,448 1 INFO odoo_ci_test odoo.modules.loading: loading auth_totp/views/templates.xml 
2026-04-08 12:33:27,453 1 INFO odoo_ci_test odoo.modules.loading: loading auth_totp/wizard/auth_totp_wizard_views.xml 
2026-04-08 12:33:27,473 1 INFO odoo_ci_test odoo.modules.loading: Module auth_totp loaded in 0.17s, 218 queries (+218 other) 
2026-04-08 12:33:27,474 1 INFO odoo_ci_test odoo.modules.loading: Loading module base_import (6/28) 
2026-04-08 12:33:27,509 1 INFO odoo_ci_test odoo.registry: module base_import: creating or updating database tables 
2026-04-08 12:33:27,926 1 INFO odoo_ci_test odoo.modules.loading: loading base_import/security/ir.model.access.csv 
2026-04-08 12:33:27,938 1 INFO odoo_ci_test odoo.modules.loading: Module base_import loaded in 0.46s, 956 queries (+956 other) 
2026-04-08 12:33:27,938 1 INFO odoo_ci_test odoo.modules.loading: Loading module base_import_module (7/28) 
2026-04-08 12:33:27,945 1 INFO odoo_ci_test odoo.registry: module base_import_module: creating or updating database tables 
2026-04-08 12:33:27,997 1 INFO odoo_ci_test odoo.modules.loading: loading base_import_module/security/ir.model.access.csv 
2026-04-08 12:33:28,003 1 INFO odoo_ci_test odoo.modules.loading: loading base_import_module/views/base_import_module_view.xml 
2026-04-08 12:33:28,021 1 INFO odoo_ci_test odoo.modules.loading: loading base_import_module/views/ir_module_views.xml 
2026-04-08 12:33:28,061 1 INFO odoo_ci_test odoo.modules.loading: Module base_import_module loaded in 0.12s, 172 queries (+172 other) 
2026-04-08 12:33:28,061 1 INFO odoo_ci_test odoo.modules.loading: Loading module base_setup (8/28) 
2026-04-08 12:33:28,068 1 INFO odoo_ci_test odoo.registry: module base_setup: creating or updating database tables 
2026-04-08 12:33:28,107 1 INFO odoo_ci_test odoo.modules.loading: loading base_setup/data/base_setup_data.xml 
2026-04-08 12:33:28,111 1 INFO odoo_ci_test odoo.modules.loading: loading base_setup/views/res_config_settings_views.xml 
2026-04-08 12:33:28,138 1 INFO odoo_ci_test odoo.modules.loading: loading base_setup/views/res_partner_views.xml 
2026-04-08 12:33:28,154 1 INFO odoo_ci_test odoo.modules.loading: Module base_setup loaded in 0.09s, 152 queries (+152 other) 
2026-04-08 12:33:28,155 1 INFO odoo_ci_test odoo.modules.loading: Loading module bus (9/28) 
2026-04-08 12:33:28,172 1 INFO odoo_ci_test odoo.registry: module bus: creating or updating database tables 
2026-04-08 12:33:28,251 1 INFO odoo_ci_test odoo.modules.loading: loading bus/security/ir.model.access.csv 
2026-04-08 12:33:28,264 1 INFO odoo_ci_test odoo.modules.loading: Module bus loaded in 0.11s, 152 queries (+152 other) 
2026-04-08 12:33:28,264 1 INFO odoo_ci_test odoo.modules.loading: Loading module web_tour (10/28) 
2026-04-08 12:33:28,271 1 INFO odoo_ci_test odoo.registry: module web_tour: creating or updating database tables 
2026-04-08 12:33:28,275 1 INFO odoo_ci_test odoo.models: Prepare computation of res.users.tour_enabled 
2026-04-08 12:33:28,337 1 INFO odoo_ci_test odoo.modules.loading: loading web_tour/security/ir.model.access.csv 
2026-04-08 12:33:28,344 1 INFO odoo_ci_test odoo.modules.loading: loading web_tour/views/tour_views.xml 
2026-04-08 12:33:28,380 1 INFO odoo_ci_test odoo.modules.loading: Module web_tour loaded in 0.12s, 180 queries (+180 other) 
2026-04-08 12:33:28,380 1 INFO odoo_ci_test odoo.modules.loading: Loading module auth_passkey (11/28) 
2026-04-08 12:33:28,416 1 INFO odoo_ci_test odoo.registry: module auth_passkey: creating or updating database tables 
2026-04-08 12:33:28,470 1 INFO odoo_ci_test odoo.modules.loading: loading auth_passkey/views/auth_passkey_key_views.xml 
2026-04-08 12:33:28,489 1 INFO odoo_ci_test odoo.modules.loading: loading auth_passkey/views/auth_passkey_login_templates.xml 
2026-04-08 12:33:28,504 1 INFO odoo_ci_test odoo.modules.loading: loading auth_passkey/views/res_users_identitycheck_views.xml 
2026-04-08 12:33:28,513 1 INFO odoo_ci_test odoo.modules.loading: loading auth_passkey/views/res_users_views.xml 
2026-04-08 12:33:28,530 1 INFO odoo_ci_test odoo.modules.loading: loading auth_passkey/security/ir.model.access.csv 
2026-04-08 12:33:28,538 1 INFO odoo_ci_test odoo.modules.loading: loading auth_passkey/security/security.xml 
2026-04-08 12:33:28,562 1 INFO odoo_ci_test odoo.modules.loading: Module auth_passkey loaded in 0.18s, 218 queries (+218 other) 
2026-04-08 12:33:28,562 1 INFO odoo_ci_test odoo.modules.loading: Loading module html_editor (12/28) 
2026-04-08 12:33:28,745 1 INFO odoo_ci_test odoo.registry: module html_editor: creating or updating database tables 
2026-04-08 12:33:29,217 1 INFO odoo_ci_test odoo.modules.loading: loading html_editor/security/ir.model.access.csv 
2026-04-08 12:33:29,232 1 INFO odoo_ci_test odoo.modules.loading: Module html_editor loaded in 0.67s, 1034 queries (+1034 other) 
2026-04-08 12:33:29,232 1 INFO odoo_ci_test odoo.modules.loading: Loading module iap (13/28) 
2026-04-08 12:33:29,236 1 INFO odoo_ci_test odoo.registry: module iap: creating or updating database tables 
2026-04-08 12:33:29,291 1 INFO odoo_ci_test odoo.modules.loading: loading iap/data/services.xml 
2026-04-08 12:33:29,295 1 INFO odoo_ci_test odoo.modules.loading: loading iap/security/ir.model.access.csv 
2026-04-08 12:33:29,302 1 INFO odoo_ci_test odoo.modules.loading: loading iap/security/ir_rule.xml 
2026-04-08 12:33:29,309 1 INFO odoo_ci_test odoo.modules.loading: loading iap/views/iap_views.xml 
2026-04-08 12:33:29,332 1 INFO odoo_ci_test odoo.modules.loading: loading iap/views/res_config_settings.xml 
2026-04-08 12:33:29,355 1 INFO odoo_ci_test odoo.modules.loading: Module iap loaded in 0.12s, 182 queries (+182 other) 
2026-04-08 12:33:29,355 1 INFO odoo_ci_test odoo.modules.loading: Loading module mail (14/28) 
2026-04-08 12:33:29,418 1 INFO odoo_ci_test odoo.registry: module mail: creating or updating database tables 
2026-04-08 12:33:29,584 1 INFO odoo_ci_test odoo.models: Prepare computation of ir.actions.server.partner_ids 
2026-04-08 12:33:29,584 1 INFO odoo_ci_test odoo.models: Prepare computation of ir.actions.server.activity_user_id 
2026-04-08 12:33:29,586 1 INFO odoo_ci_test odoo.models: Prepare computation of ir.actions.server.activity_type_id 
2026-04-08 12:33:29,586 1 INFO odoo_ci_test odoo.models: Prepare computation of ir.actions.server.template_id 
2026-04-08 12:33:29,586 1 INFO odoo_ci_test odoo.models: Prepare computation of ir.actions.server.activity_date_deadline_range 
2026-04-08 12:33:29,586 1 INFO odoo_ci_test odoo.models: Prepare computation of ir.actions.server.activity_summary 
2026-04-08 12:33:29,586 1 INFO odoo_ci_test odoo.models: Prepare computation of ir.actions.server.followers_type 
2026-04-08 12:33:29,586 1 INFO odoo_ci_test odoo.models: Prepare computation of ir.actions.server.followers_partner_field_name 
2026-04-08 12:33:29,587 1 INFO odoo_ci_test odoo.models: Prepare computation of ir.actions.server.mail_post_method 
2026-04-08 12:33:29,587 1 INFO odoo_ci_test odoo.models: Prepare computation of ir.actions.server.activity_date_deadline_range_type 
2026-04-08 12:33:29,587 1 INFO odoo_ci_test odoo.models: Prepare computation of ir.actions.server.activity_user_type 
2026-04-08 12:33:29,587 1 INFO odoo_ci_test odoo.models: Prepare computation of ir.actions.server.activity_user_field_name 
2026-04-08 12:33:29,587 1 INFO odoo_ci_test odoo.models: Prepare computation of ir.actions.server.activity_note 
2026-04-08 12:33:29,587 1 INFO odoo_ci_test odoo.models: Prepare computation of ir.actions.server.mail_post_autofollow 
2026-04-08 12:33:29,643 1 INFO odoo_ci_test odoo.models: Prepare computation of res.users.notification_type 
2026-04-08 12:33:29,693 1 INFO odoo_ci_test odoo.models: Prepare computation of res.partner.email_normalized 
<string>:38: (ERROR/3) Unexpected indentation.
<string>:43: (WARNING/2) Block quote ends without a blank line; unexpected unindent.
2026-04-08 12:33:30,924 1 INFO odoo_ci_test odoo.modules.loading: loading mail/data/mail_groups.xml 
2026-04-08 12:33:30,945 1 INFO odoo_ci_test odoo.modules.loading: loading mail/wizard/mail_activity_schedule_views.xml 
2026-04-08 12:33:30,957 1 INFO odoo_ci_test odoo.modules.loading: loading mail/wizard/mail_blacklist_remove_views.xml 
2026-04-08 12:33:30,963 1 INFO odoo_ci_test odoo.modules.loading: loading mail/wizard/mail_compose_message_views.xml 
2026-04-08 12:33:30,979 1 INFO odoo_ci_test odoo.modules.loading: loading mail/wizard/mail_template_preview_views.xml 
2026-04-08 12:33:30,988 1 INFO odoo_ci_test odoo.modules.loading: loading mail/wizard/mail_followers_edit_views.xml 
2026-04-08 12:33:30,999 1 INFO odoo_ci_test odoo.modules.loading: loading mail/wizard/mail_template_reset_views.xml 
2026-04-08 12:33:31,009 1 INFO odoo_ci_test odoo.modules.loading: loading mail/views/fetchmail_views.xml 
2026-04-08 12:33:31,026 1 INFO odoo_ci_test odoo.modules.loading: loading mail/views/ir_cron_views.xml 
2026-04-08 12:33:31,037 1 INFO odoo_ci_test odoo.modules.loading: loading mail/views/ir_filters_views.xml 
2026-04-08 12:33:31,052 1 INFO odoo_ci_test odoo.modules.loading: loading mail/views/ir_mail_server_views.xml 
2026-04-08 12:33:31,061 1 INFO odoo_ci_test odoo.modules.loading: loading mail/views/mail_message_subtype_views.xml 
2026-04-08 12:33:31,075 1 INFO odoo_ci_test odoo.modules.loading: loading mail/views/mail_tracking_value_views.xml 
2026-04-08 12:33:31,086 1 INFO odoo_ci_test odoo.modules.loading: loading mail/views/mail_notification_views.xml 
2026-04-08 12:33:31,097 1 INFO odoo_ci_test odoo.modules.loading: loading mail/views/mail_message_views.xml 
2026-04-08 12:33:31,125 1 INFO odoo_ci_test odoo.modules.loading: loading mail/views/mail_message_schedule_views.xml 
2026-04-08 12:33:31,139 1 INFO odoo_ci_test odoo.modules.loading: loading mail/views/mail_mail_views.xml 
2026-04-08 12:33:31,161 1 INFO odoo_ci_test odoo.modules.loading: loading mail/views/mail_followers_views.xml 
2026-04-08 12:33:31,172 1 INFO odoo_ci_test odoo.modules.loading: loading mail/views/mail_ice_server_views.xml 
2026-04-08 12:33:31,191 1 INFO odoo_ci_test odoo.modules.loading: loading mail/views/discuss_channel_member_views.xml 
2026-04-08 12:33:31,203 1 INFO odoo_ci_test odoo.modules.loading: loading mail/views/discuss_channel_rtc_session_views.xml 
2026-04-08 12:33:31,218 1 INFO odoo_ci_test odoo.modules.loading: loading mail/views/mail_link_preview_views.xml 
2026-04-08 12:33:31,235 1 INFO odoo_ci_test odoo.modules.loading: loading mail/views/discuss/discuss_gif_favorite_views.xml 
2026-04-08 12:33:31,246 1 INFO odoo_ci_test odoo.modules.loading: loading mail/views/discuss_channel_views.xml 
2026-04-08 12:33:31,276 1 INFO odoo_ci_test odoo.modules.loading: loading mail/views/mail_canned_response_views.xml 
2026-04-08 12:33:31,299 1 INFO odoo_ci_test odoo.modules.loading: loading mail/views/res_role_views.xml 
2026-04-08 12:33:31,315 1 INFO odoo_ci_test odoo.modules.loading: loading mail/views/mail_activity_views.xml 
2026-04-08 12:33:31,414 1 INFO odoo_ci_test odoo.modules.loading: loading mail/views/mail_activity_plan_views.xml 
2026-04-08 12:33:31,456 1 INFO odoo_ci_test odoo.modules.loading: loading mail/views/mail_activity_plan_template_views.xml 
2026-04-08 12:33:31,466 1 INFO odoo_ci_test odoo.modules.loading: loading mail/views/res_config_settings_views.xml 
2026-04-08 12:33:31,488 1 INFO odoo_ci_test odoo.modules.loading: loading mail/data/ir_config_parameter_data.xml 
2026-04-08 12:33:31,493 1 INFO odoo_ci_test odoo.modules.loading: loading mail/data/res_partner_data.xml 
2026-04-08 12:33:31,555 1 INFO odoo_ci_test odoo.modules.loading: loading mail/data/mail_message_subtype_data.xml 
2026-04-08 12:33:31,563 1 INFO odoo_ci_test odoo.modules.loading: loading mail/data/mail_templates_chatter.xml 
2026-04-08 12:33:31,580 1 INFO odoo_ci_test odoo.modules.loading: loading mail/data/mail_templates_email_layouts.xml 
2026-04-08 12:33:31,597 1 INFO odoo_ci_test odoo.modules.loading: loading mail/data/mail_templates_mailgateway.xml 
2026-04-08 12:33:31,613 1 INFO odoo_ci_test odoo.modules.loading: loading mail/data/discuss_channel_data.xml 
2026-04-08 12:33:31,647 1 INFO odoo_ci_test odoo.modules.loading: loading mail/data/mail_activity_type_data.xml 
2026-04-08 12:33:31,658 1 INFO odoo_ci_test odoo.modules.loading: loading mail/data/security_notifications_templates.xml 
2026-04-08 12:33:31,663 1 INFO odoo_ci_test odoo.modules.loading: loading mail/data/ir_cron_data.xml 
2026-04-08 12:33:31,763 1 INFO odoo_ci_test odoo.modules.loading: loading mail/data/ir_actions_client.xml 
2026-04-08 12:33:31,768 1 INFO odoo_ci_test odoo.modules.loading: loading mail/security/mail_security.xml 
2026-04-08 12:33:31,909 1 INFO odoo_ci_test odoo.modules.loading: loading mail/security/ir.model.access.csv 
2026-04-08 12:33:31,949 1 INFO odoo_ci_test odoo.modules.loading: loading mail/views/discuss_public_templates.xml 
2026-04-08 12:33:31,954 1 INFO odoo_ci_test odoo.modules.loading: loading mail/views/mail_alias_domain_views.xml 
2026-04-08 12:33:31,970 1 INFO odoo_ci_test odoo.modules.loading: loading mail/views/mail_alias_views.xml 
2026-04-08 12:33:31,988 1 INFO odoo_ci_test odoo.modules.loading: loading mail/views/mail_gateway_allowed_views.xml 
2026-04-08 12:33:32,000 1 INFO odoo_ci_test odoo.modules.loading: loading mail/views/mail_guest_views.xml 
2026-04-08 12:33:32,013 1 INFO odoo_ci_test odoo.modules.loading: loading mail/views/mail_message_reaction_views.xml 
2026-04-08 12:33:32,025 1 INFO odoo_ci_test odoo.modules.loading: loading mail/views/mail_templates_public.xml 
2026-04-08 12:33:32,034 1 INFO odoo_ci_test odoo.modules.loading: loading mail/views/res_users_views.xml 
2026-04-08 12:33:32,059 1 INFO odoo_ci_test odoo.modules.loading: loading mail/views/res_users_settings_views.xml 
2026-04-08 12:33:32,074 1 INFO odoo_ci_test odoo.modules.loading: loading mail/views/mail_template_views.xml 
2026-04-08 12:33:32,095 1 INFO odoo_ci_test odoo.modules.loading: loading mail/views/ir_actions_server_views.xml 
2026-04-08 12:33:32,111 1 INFO odoo_ci_test odoo.modules.loading: loading mail/views/ir_model_views.xml 
2026-04-08 12:33:32,141 1 INFO odoo_ci_test odoo.modules.loading: loading mail/views/res_partner_views.xml 
2026-04-08 12:33:32,182 1 INFO odoo_ci_test odoo.modules.loading: loading mail/views/mail_blacklist_views.xml 
2026-04-08 12:33:32,199 1 INFO odoo_ci_test odoo.modules.loading: loading mail/views/mail_menus.xml 
2026-04-08 12:33:32,318 1 INFO odoo_ci_test odoo.modules.loading: loading mail/views/discuss/discuss_menus.xml 
2026-04-08 12:33:32,322 1 INFO odoo_ci_test odoo.modules.loading: loading mail/views/discuss/discuss_call_history_views.xml 
2026-04-08 12:33:32,337 1 INFO odoo_ci_test odoo.modules.loading: loading mail/views/res_company_views.xml 
2026-04-08 12:33:32,349 1 INFO odoo_ci_test odoo.modules.loading: loading mail/views/mail_scheduled_message_views.xml 
2026-04-08 12:33:32,356 1 INFO odoo_ci_test odoo.modules.loading: loading mail/data/mail_canned_response_data.xml 
2026-04-08 12:33:32,365 1 INFO odoo_ci_test odoo.modules.loading: loading mail/data/mail_templates_invite.xml 
2026-04-08 12:33:32,377 1 INFO odoo_ci_test odoo.modules.loading: loading mail/data/web_tour_tour.xml 
2026-04-08 12:33:32,453 1 INFO odoo_ci_test odoo.modules.loading: Module mail loaded in 3.10s, 4978 queries (+4979 other) 
2026-04-08 12:33:32,453 1 INFO odoo_ci_test odoo.modules.loading: Loading module web_unsplash (15/28) 
2026-04-08 12:33:32,466 1 INFO odoo_ci_test odoo.registry: module web_unsplash: creating or updating database tables 
2026-04-08 12:33:32,515 1 INFO odoo_ci_test odoo.modules.loading: loading web_unsplash/views/res_config_settings_view.xml 
2026-04-08 12:33:32,550 1 INFO odoo_ci_test odoo.modules.loading: Module web_unsplash loaded in 0.10s, 112 queries (+112 other) 
2026-04-08 12:33:32,550 1 INFO odoo_ci_test odoo.modules.loading: Loading module auth_signup (16/28) 
2026-04-08 12:33:32,565 1 INFO odoo_ci_test odoo.registry: module auth_signup: creating or updating database tables 
2026-04-08 12:33:32,631 1 INFO odoo_ci_test odoo.modules.loading: loading auth_signup/data/ir_config_parameter_data.xml 
2026-04-08 12:33:32,636 1 INFO odoo_ci_test odoo.modules.loading: loading auth_signup/data/ir_cron_data.xml 
2026-04-08 12:33:32,659 1 INFO odoo_ci_test odoo.modules.loading: loading auth_signup/data/mail_template_data.xml 
2026-04-08 12:33:32,743 1 INFO odoo_ci_test odoo.modules.loading: loading auth_signup/views/res_config_settings_views.xml 
2026-04-08 12:33:32,758 1 INFO odoo_ci_test odoo.modules.loading: loading auth_signup/views/res_users_views.xml 
2026-04-08 12:33:32,783 1 INFO odoo_ci_test odoo.modules.loading: loading auth_signup/views/auth_signup_login_templates.xml 
2026-04-08 12:33:32,803 1 INFO odoo_ci_test odoo.modules.loading: loading auth_signup/views/auth_signup_templates_email.xml 
2026-04-08 12:33:32,810 1 INFO odoo_ci_test odoo.modules.loading: loading auth_signup/views/webclient_templates.xml 
2026-04-08 12:33:32,841 1 INFO odoo_ci_test odoo.modules.loading: Module auth_signup loaded in 0.29s, 255 queries (+255 other) 
2026-04-08 12:33:32,841 1 INFO odoo_ci_test odoo.modules.loading: Loading module auth_totp_mail (17/28) 
2026-04-08 12:33:32,852 1 INFO odoo_ci_test odoo.registry: module auth_totp_mail: creating or updating database tables 
2026-04-08 12:33:32,893 1 INFO odoo_ci_test odoo.modules.loading: loading auth_totp_mail/data/ir_action_data.xml 
2026-04-08 12:33:32,918 1 INFO odoo_ci_test odoo.modules.loading: loading auth_totp_mail/data/mail_template_data.xml 
2026-04-08 12:33:32,953 1 INFO odoo_ci_test odoo.modules.loading: loading auth_totp_mail/data/security_notifications_template.xml 
2026-04-08 12:33:32,960 1 INFO odoo_ci_test odoo.modules.loading: loading auth_totp_mail/views/res_config_settings_views.xml 
2026-04-08 12:33:32,976 1 INFO odoo_ci_test odoo.modules.loading: loading auth_totp_mail/views/res_users_views.xml 
2026-04-08 12:33:32,995 1 INFO odoo_ci_test odoo.modules.loading: loading auth_totp_mail/views/templates.xml 
2026-04-08 12:33:33,020 1 INFO odoo_ci_test odoo.modules.loading: Module auth_totp_mail loaded in 0.18s, 189 queries (+189 other) 
2026-04-08 12:33:33,020 1 INFO odoo_ci_test odoo.modules.loading: Loading module base_install_request (18/28) 
2026-04-08 12:33:33,025 1 INFO odoo_ci_test odoo.registry: module base_install_request: creating or updating database tables 
2026-04-08 12:33:33,078 1 INFO odoo_ci_test odoo.modules.loading: loading base_install_request/security/ir.model.access.csv 
2026-04-08 12:33:33,087 1 INFO odoo_ci_test odoo.modules.loading: loading base_install_request/wizard/base_module_install_request_views.xml 
2026-04-08 12:33:33,104 1 INFO odoo_ci_test odoo.modules.loading: loading base_install_request/data/mail_template_data.xml 
2026-04-08 12:33:33,109 1 INFO odoo_ci_test odoo.modules.loading: loading base_install_request/data/mail_templates_module_install.xml 
2026-04-08 12:33:33,114 1 INFO odoo_ci_test odoo.modules.loading: loading base_install_request/views/ir_module_module_views.xml 
2026-04-08 12:33:33,135 1 INFO odoo_ci_test odoo.modules.loading: Module base_install_request loaded in 0.12s, 154 queries (+154 other) 
2026-04-08 12:33:33,135 1 INFO odoo_ci_test odoo.modules.loading: Loading module google_gmail (19/28) 
2026-04-08 12:33:33,162 1 INFO odoo_ci_test odoo.registry: module google_gmail: creating or updating database tables 
2026-04-08 12:33:33,212 1 INFO odoo_ci_test odoo.modules.loading: loading google_gmail/views/fetchmail_server_views.xml 
2026-04-08 12:33:33,227 1 INFO odoo_ci_test odoo.modules.loading: loading google_gmail/views/ir_mail_server_views.xml 
2026-04-08 12:33:33,237 1 INFO odoo_ci_test odoo.modules.loading: loading google_gmail/views/res_config_settings_views.xml 
2026-04-08 12:33:33,256 1 INFO odoo_ci_test odoo.modules.loading: loading google_gmail/views/templates.xml 
2026-04-08 12:33:33,267 1 INFO odoo_ci_test odoo.modules.loading: Module google_gmail loaded in 0.13s, 155 queries (+155 other) 
2026-04-08 12:33:33,267 1 INFO odoo_ci_test odoo.modules.loading: Loading module iap_mail (20/28) 
2026-04-08 12:33:33,272 1 INFO odoo_ci_test odoo.registry: module iap_mail: creating or updating database tables 
2026-04-08 12:33:33,298 1 INFO odoo_ci_test odoo.modules.loading: loading iap_mail/data/mail_templates.xml 
2026-04-08 12:33:33,335 1 INFO odoo_ci_test odoo.modules.loading: loading iap_mail/views/iap_views.xml 
2026-04-08 12:33:33,353 1 INFO odoo_ci_test odoo.modules.loading: Module iap_mail loaded in 0.09s, 70 queries (+70 other) 
2026-04-08 12:33:33,353 1 INFO odoo_ci_test odoo.modules.loading: Loading module mail_bot (21/28) 
2026-04-08 12:33:33,363 1 INFO odoo_ci_test odoo.registry: module mail_bot: creating or updating database tables 
2026-04-08 12:33:33,404 1 INFO odoo_ci_test odoo.modules.loading: loading mail_bot/views/res_users_views.xml 
2026-04-08 12:33:33,421 1 INFO odoo_ci_test odoo.modules.loading: loading mail_bot/data/mailbot_data.xml 
2026-04-08 12:33:33,432 1 INFO odoo_ci_test odoo.modules.loading: Module mail_bot loaded in 0.08s, 109 queries (+109 other) 
2026-04-08 12:33:33,432 1 INFO odoo_ci_test odoo.modules.loading: Loading module microsoft_outlook (22/28) 
2026-04-08 12:33:33,444 1 INFO odoo_ci_test odoo.registry: module microsoft_outlook: creating or updating database tables 
2026-04-08 12:33:33,495 1 INFO odoo_ci_test odoo.modules.loading: loading microsoft_outlook/views/fetchmail_server_views.xml 
2026-04-08 12:33:33,510 1 INFO odoo_ci_test odoo.modules.loading: loading microsoft_outlook/views/ir_mail_server_views.xml 
2026-04-08 12:33:33,520 1 INFO odoo_ci_test odoo.modules.loading: loading microsoft_outlook/views/res_config_settings_views.xml 
2026-04-08 12:33:33,541 1 INFO odoo_ci_test odoo.modules.loading: loading microsoft_outlook/views/templates.xml 
2026-04-08 12:33:33,552 1 INFO odoo_ci_test odoo.modules.loading: Module microsoft_outlook loaded in 0.12s, 158 queries (+158 other) 
2026-04-08 12:33:33,552 1 INFO odoo_ci_test odoo.modules.loading: Loading module phone_validation (23/28) 
2026-04-08 12:33:33,648 1 INFO odoo_ci_test odoo.registry: module phone_validation: creating or updating database tables 
2026-04-08 12:33:33,658 1 INFO odoo_ci_test odoo.models: Prepare computation of res.partner.phone_sanitized 
2026-04-08 12:33:34,340 1 INFO odoo_ci_test odoo.modules.loading: loading phone_validation/security/ir.model.access.csv 
2026-04-08 12:33:34,347 1 INFO odoo_ci_test odoo.modules.loading: loading phone_validation/views/phone_blacklist_views.xml 
2026-04-08 12:33:34,373 1 INFO odoo_ci_test odoo.modules.loading: loading phone_validation/views/res_partner_views.xml 
2026-04-08 12:33:34,383 1 INFO odoo_ci_test odoo.modules.loading: loading phone_validation/wizard/phone_blacklist_remove_view.xml 
2026-04-08 12:33:34,400 1 INFO odoo_ci_test odoo.modules.loading: Module phone_validation loaded in 0.85s, 1627 queries (+1627 other) 
2026-04-08 12:33:34,400 1 INFO odoo_ci_test odoo.modules.loading: Loading module privacy_lookup (24/28) 
2026-04-08 12:33:34,414 1 INFO odoo_ci_test odoo.registry: module privacy_lookup: creating or updating database tables 
2026-04-08 12:33:34,508 1 INFO odoo_ci_test odoo.modules.loading: loading privacy_lookup/wizard/privacy_lookup_wizard_views.xml 
2026-04-08 12:33:34,555 1 INFO odoo_ci_test odoo.modules.loading: loading privacy_lookup/views/privacy_log_views.xml 
2026-04-08 12:33:34,574 1 INFO odoo_ci_test odoo.modules.loading: loading privacy_lookup/security/ir.model.access.csv 
2026-04-08 12:33:34,589 1 INFO odoo_ci_test odoo.modules.loading: loading privacy_lookup/data/ir_actions_server_data.xml 
2026-04-08 12:33:34,631 1 INFO odoo_ci_test odoo.modules.loading: Module privacy_lookup loaded in 0.23s, 293 queries (+293 other) 
2026-04-08 12:33:34,631 1 INFO odoo_ci_test odoo.modules.loading: Loading module sports_federation_base (25/28) 
2026-04-08 12:33:34,634 1 WARNING odoo_ci_test odoo.registry: Model attribute '_constraints' is no longer supported, please use @api.constrains on methods instead. 
2026-04-08 12:33:34,635 1 WARNING odoo_ci_test odoo.registry: Model attribute '_constraints' is no longer supported, please use @api.constrains on methods instead. 
2026-04-08 12:33:34,635 1 WARNING odoo_ci_test odoo.registry: Model attribute '_constraints' is no longer supported, please use @api.constrains on methods instead. 
2026-04-08 12:33:34,635 1 WARNING odoo_ci_test odoo.registry: Model attribute '_constraints' is no longer supported, please use @api.constrains on methods instead. 
2026-04-08 12:33:34,641 1 INFO odoo_ci_test odoo.registry: module sports_federation_base: creating or updating database tables 
<string>:26: (WARNING/2) Line block ends without a blank line.
<string>:44: (WARNING/2) Line block ends without a blank line.
<string>:58: (WARNING/2) Line block ends without a blank line.
<string>:72: (WARNING/2) Line block ends without a blank line.
<string>:85: (WARNING/2) Line block ends without a blank line.
<string>:26: (ERROR/3) Undefined substitution referenced: "-------".
<string>:26: (ERROR/3) Undefined substitution referenced: "-------------".
<string>:44: (ERROR/3) Undefined substitution referenced: "-------".
<string>:44: (ERROR/3) Undefined substitution referenced: "-------------".
<string>:58: (ERROR/3) Undefined substitution referenced: "-------".
<string>:58: (ERROR/3) Undefined substitution referenced: "-------------".
<string>:72: (ERROR/3) Undefined substitution referenced: "-------".
<string>:72: (ERROR/3) Undefined substitution referenced: "-------------".
<string>:85: (ERROR/3) Undefined substitution referenced: "-------".
<string>:85: (ERROR/3) Undefined substitution referenced: "-------------".
2026-04-08 12:33:34,752 1 INFO odoo_ci_test odoo.modules.loading: loading sports_federation_base/security/res_groups.xml 
2026-04-08 12:33:34,775 1 INFO odoo_ci_test odoo.modules.loading: loading sports_federation_base/security/ir.model.access.csv 
2026-04-08 12:33:34,793 1 INFO odoo_ci_test odoo.modules.loading: loading sports_federation_base/data/ir_sequence.xml 
2026-04-08 12:33:34,797 1 INFO odoo_ci_test odoo.modules.loading: loading sports_federation_base/views/federation_season_registration_views.xml 
2026-04-08 12:33:34,813 1 INFO odoo_ci_test odoo.modules.loading: loading sports_federation_base/views/federation_season_views.xml 
2026-04-08 12:33:34,829 1 INFO odoo_ci_test odoo.modules.loading: loading sports_federation_base/views/federation_team_views.xml 
2026-04-08 12:33:34,845 1 INFO odoo_ci_test odoo.modules.loading: loading sports_federation_base/views/federation_club_views.xml 
2026-04-08 12:33:34,861 1 INFO odoo_ci_test odoo.modules.loading: loading sports_federation_base/views/menu_items.xml 
2026-04-08 12:33:34,919 1 INFO odoo_ci_test odoo.addons.sports_federation_base.tests.test_base: Starting TestFederationClub.test_club_code_unique ... 
2026-04-08 12:33:34,924 1 INFO odoo_ci_test odoo.addons.sports_federation_base.tests.test_base: ====================================================================== 
2026-04-08 12:33:34,924 1 ERROR odoo_ci_test odoo.addons.sports_federation_base.tests.test_base: FAIL: TestFederationClub.test_club_code_unique
Traceback (most recent call last):
  File "/mnt/extra-addons/sports_federation_base/tests/test_base.py", line 21, in test_club_code_unique
    with self.assertRaises(Exception):
  File "/usr/lib/python3.12/contextlib.py", line 144, in __exit__
    next(self.gen)
  File "/usr/lib/python3/dist-packages/odoo/tests/common.py", line 544, in _assertRaises
    with ExitStack() as inner:
  File "/usr/lib/python3.12/contextlib.py", line 610, in __exit__
    raise exc_details[1]
  File "/usr/lib/python3.12/contextlib.py", line 595, in __exit__
    if cb(*exc_details):
       ^^^^^^^^^^^^^^^^
AssertionError: Exception not raised
 
2026-04-08 12:33:34,925 1 INFO odoo_ci_test odoo.addons.sports_federation_base.tests.test_base: Starting TestFederationClub.test_club_invalid_email ... 
2026-04-08 12:33:34,928 1 INFO odoo_ci_test odoo.addons.sports_federation_base.tests.test_base: Starting TestFederationClub.test_club_team_count ... 
2026-04-08 12:33:34,941 1 INFO odoo_ci_test odoo.addons.sports_federation_base.tests.test_base: Starting TestFederationClub.test_club_valid_email ... 
2026-04-08 12:33:34,943 1 INFO odoo_ci_test odoo.addons.sports_federation_base.tests.test_base: Starting TestFederationClub.test_create_club ... 
2026-04-08 12:33:34,993 1 INFO odoo_ci_test odoo.addons.base.models.ir_attachment: filestore gc 14 checked, 0 removed 
2026-04-08 12:33:35,022 1 INFO odoo_ci_test odoo.addons.sports_federation_base.tests.test_base: Starting TestFederationTeam.test_create_team ... 
2026-04-08 12:33:35,024 1 INFO odoo_ci_test odoo.addons.sports_federation_base.tests.test_base: Starting TestFederationTeam.test_team_code_unique ... 
2026-04-08 12:33:35,036 1 INFO odoo_ci_test odoo.addons.sports_federation_base.tests.test_base: ====================================================================== 
2026-04-08 12:33:35,036 1 ERROR odoo_ci_test odoo.addons.sports_federation_base.tests.test_base: FAIL: TestFederationTeam.test_team_code_unique
Traceback (most recent call last):
  File "/mnt/extra-addons/sports_federation_base/tests/test_base.py", line 68, in test_team_code_unique
    with self.assertRaises(Exception):
  File "/usr/lib/python3.12/contextlib.py", line 144, in __exit__
    next(self.gen)
  File "/usr/lib/python3/dist-packages/odoo/tests/common.py", line 544, in _assertRaises
    with ExitStack() as inner:
  File "/usr/lib/python3.12/contextlib.py", line 610, in __exit__
    raise exc_details[1]
  File "/usr/lib/python3.12/contextlib.py", line 595, in __exit__
    if cb(*exc_details):
       ^^^^^^^^^^^^^^^^
AssertionError: Exception not raised
 
2026-04-08 12:33:35,036 1 INFO odoo_ci_test odoo.addons.sports_federation_base.tests.test_base: Starting TestFederationTeam.test_team_name_search_by_code ... 
2026-04-08 12:33:35,086 1 INFO odoo_ci_test odoo.addons.base.models.ir_attachment: filestore gc 0 checked, 0 removed 
2026-04-08 12:33:35,106 1 INFO odoo_ci_test odoo.addons.sports_federation_base.tests.test_base: Starting TestFederationSeason.test_create_season ... 
2026-04-08 12:33:35,107 1 INFO odoo_ci_test odoo.addons.sports_federation_base.tests.test_base: Starting TestFederationSeason.test_season_invalid_dates ... 
2026-04-08 12:33:35,111 1 INFO odoo_ci_test odoo.addons.sports_federation_base.tests.test_base: Starting TestFederationSeason.test_season_same_dates_rejected ... 
2026-04-08 12:33:35,114 1 INFO odoo_ci_test odoo.addons.sports_federation_base.tests.test_base: Starting TestFederationSeason.test_season_state_transitions ... 
2026-04-08 12:33:35,164 1 INFO odoo_ci_test odoo.addons.base.models.ir_attachment: filestore gc 0 checked, 0 removed 
2026-04-08 12:33:35,196 1 INFO odoo_ci_test odoo.addons.sports_federation_base.tests.test_base: Starting TestFederationSeasonRegistration.test_create_registration ... 
2026-04-08 12:33:35,206 1 INFO odoo_ci_test odoo.addons.sports_federation_base.tests.test_base: Starting TestFederationSeasonRegistration.test_duplicate_registration_rejected ... 
2026-04-08 12:33:35,225 1 INFO odoo_ci_test odoo.addons.sports_federation_base.tests.test_base: ====================================================================== 
2026-04-08 12:33:35,225 1 ERROR odoo_ci_test odoo.addons.sports_federation_base.tests.test_base: FAIL: TestFederationSeasonRegistration.test_duplicate_registration_rejected
Traceback (most recent call last):
  File "/mnt/extra-addons/sports_federation_base/tests/test_base.py", line 167, in test_duplicate_registration_rejected
    with self.assertRaises(Exception):
  File "/usr/lib/python3.12/contextlib.py", line 144, in __exit__
    next(self.gen)
  File "/usr/lib/python3/dist-packages/odoo/tests/common.py", line 544, in _assertRaises
    with ExitStack() as inner:
  File "/usr/lib/python3.12/contextlib.py", line 610, in __exit__
    raise exc_details[1]
  File "/usr/lib/python3.12/contextlib.py", line 595, in __exit__
    if cb(*exc_details):
       ^^^^^^^^^^^^^^^^
AssertionError: Exception not raised
 
2026-04-08 12:33:35,226 1 INFO odoo_ci_test odoo.addons.sports_federation_base.tests.test_base: Starting TestFederationSeasonRegistration.test_registration_state_transitions ... 
2026-04-08 12:33:35,286 1 INFO odoo_ci_test odoo.addons.base.models.ir_attachment: filestore gc 0 checked, 0 removed 
2026-04-08 12:33:35,287 1 INFO odoo_ci_test odoo.modules.loading: Module sports_federation_base loaded in 0.66s (incl. 0.39s test), 296 queries (+263 test, +296 other) 
2026-04-08 12:33:35,287 1 ERROR odoo_ci_test odoo.modules.loading: Module sports_federation_base: 3 failures, 0 errors of 15 tests 
2026-04-08 12:33:35,287 1 INFO odoo_ci_test odoo.modules.loading: Loading module partner_autocomplete (26/28) 
2026-04-08 12:33:35,305 1 INFO odoo_ci_test odoo.registry: module partner_autocomplete: creating or updating database tables 
2026-04-08 12:33:35,374 1 INFO odoo_ci_test odoo.modules.loading: loading partner_autocomplete/views/res_company_views.xml 
2026-04-08 12:33:35,388 1 INFO odoo_ci_test odoo.modules.loading: loading partner_autocomplete/views/res_config_settings_views.xml 
2026-04-08 12:33:35,403 1 INFO odoo_ci_test odoo.modules.loading: loading partner_autocomplete/data/iap_service_data.xml 
2026-04-08 12:33:35,415 1 INFO odoo_ci_test odoo.modules.loading: Module partner_autocomplete loaded in 0.13s, 141 queries (+141 other) 
2026-04-08 12:33:35,415 1 INFO odoo_ci_test odoo.modules.loading: Loading module sms (27/28) 
2026-04-08 12:33:35,500 1 INFO odoo_ci_test odoo.registry: module sms: creating or updating database tables 
2026-04-08 12:33:35,509 1 INFO odoo_ci_test odoo.models: Prepare computation of ir.actions.server.sms_template_id 
2026-04-08 12:33:35,509 1 INFO odoo_ci_test odoo.models: Prepare computation of ir.actions.server.sms_method 
2026-04-08 12:33:36,327 1 INFO odoo_ci_test odoo.modules.loading: loading sms/data/iap_service_data.xml 
2026-04-08 12:33:36,332 1 INFO odoo_ci_test odoo.modules.loading: loading sms/data/ir_cron_data.xml 
2026-04-08 12:33:36,353 1 INFO odoo_ci_test odoo.modules.loading: loading sms/wizard/sms_account_code_views.xml 
2026-04-08 12:33:36,364 1 INFO odoo_ci_test odoo.modules.loading: loading sms/wizard/sms_account_phone_views.xml 
2026-04-08 12:33:36,370 1 INFO odoo_ci_test odoo.modules.loading: loading sms/wizard/sms_account_sender_views.xml 
2026-04-08 12:33:36,376 1 INFO odoo_ci_test odoo.modules.loading: loading sms/wizard/sms_composer_views.xml 
2026-04-08 12:33:36,387 1 INFO odoo_ci_test odoo.modules.loading: loading sms/wizard/sms_template_preview_views.xml 
2026-04-08 12:33:36,395 1 INFO odoo_ci_test odoo.modules.loading: loading sms/wizard/sms_template_reset_views.xml 
2026-04-08 12:33:36,404 1 INFO odoo_ci_test odoo.modules.loading: loading sms/views/ir_actions_server_views.xml 
2026-04-08 12:33:36,421 1 INFO odoo_ci_test odoo.modules.loading: loading sms/views/mail_notification_views.xml 
2026-04-08 12:33:36,435 1 INFO odoo_ci_test odoo.modules.loading: loading sms/views/res_config_settings_views.xml 
2026-04-08 12:33:36,449 1 INFO odoo_ci_test odoo.modules.loading: loading sms/views/res_partner_views.xml 
2026-04-08 12:33:36,465 1 INFO odoo_ci_test odoo.modules.loading: loading sms/views/iap_account_views.xml 
2026-04-08 12:33:36,476 1 INFO odoo_ci_test odoo.modules.loading: loading sms/views/sms_sms_views.xml 
2026-04-08 12:33:36,502 1 INFO odoo_ci_test odoo.modules.loading: loading sms/views/sms_template_views.xml 
2026-04-08 12:33:36,521 1 INFO odoo_ci_test odoo.modules.loading: loading sms/security/ir.model.access.csv 
2026-04-08 12:33:36,541 1 INFO odoo_ci_test odoo.modules.loading: loading sms/security/sms_security.xml 
2026-04-08 12:33:36,565 1 INFO odoo_ci_test odoo.modules.loading: Module sms loaded in 1.15s, 2058 queries (+2058 other) 
2026-04-08 12:33:36,565 1 INFO odoo_ci_test odoo.modules.loading: Loading module snailmail (28/28) 
2026-04-08 12:33:36,713 1 INFO odoo_ci_test odoo.registry: module snailmail: creating or updating database tables 
2026-04-08 12:33:36,903 1 INFO odoo_ci_test odoo.modules.loading: loading snailmail/data/iap_service_data.xml 
2026-04-08 12:33:36,907 1 INFO odoo_ci_test odoo.modules.loading: loading snailmail/data/snailmail_data.xml 
2026-04-08 12:33:36,929 1 INFO odoo_ci_test odoo.modules.loading: loading snailmail/views/report_assets.xml 
2026-04-08 12:33:36,941 1 INFO odoo_ci_test odoo.modules.loading: loading snailmail/views/snailmail_views.xml 
2026-04-08 12:33:36,960 1 INFO odoo_ci_test odoo.modules.loading: loading snailmail/security/ir.model.access.csv 
2026-04-08 12:33:36,983 1 INFO odoo_ci_test odoo.modules.loading: Module snailmail loaded in 0.42s, 433 queries (+433 other) 
2026-04-08 12:33:36,983 1 INFO odoo_ci_test odoo.modules.loading: 28 modules loaded in 10.50s, 15596 queries (+15860 extra) 
2026-04-08 12:33:37,316 1 ERROR odoo_ci_test odoo.modules.loading: At least one test failed when loading the modules. 
2026-04-08 12:33:37,322 1 INFO odoo_ci_test odoo.registry: Registry changed, signaling through the database 
2026-04-08 12:33:37,322 1 INFO odoo_ci_test odoo.registry: Registry loaded in 18.947s 
2026-04-08 12:33:37,323 1 INFO odoo_ci_test odoo.service.server: Starting post tests 
2026-04-08 12:33:37,343 1 INFO odoo_ci_test odoo.service.server: 0 post-tests in 0.02s, 0 queries 
2026-04-08 12:33:37,343 1 INFO odoo_ci_test odoo.tests.stats: sports_federation_base: 23 tests 0.39s 263 queries 
2026-04-08 12:33:37,343 1 ERROR odoo_ci_test odoo.tests.result: 3 failed, 0 error(s) of 15 tests when loading database 'odoo_ci_test' 
2026-04-08 12:33:37,343 1 INFO odoo_ci_test odoo.service.server: Initiating shutdown 
2026-04-08 12:33:37,343 1 INFO odoo_ci_test odoo.service.server: Hit CTRL-C again or send a second signal to force the shutdown. 
2026-04-08 12:33:37,404 1 INFO odoo_ci_test odoo.sql_db: ConnectionPool(read/write;used=0/count=0/max=64): Closed 2 connections  

