2026-04-10 16:48:32,809 1 INFO odoo_ci_test odoo.modules.loading: loading base/data/ir_demo_failure_data.xml 
<string>:38: (ERROR/3) Unexpected indentation.
<string>:26: (ERROR/3) Undefined substitution referenced: "-------".
<string>:26: (ERROR/3) Undefined substitution referenced: "-------------".
<string>:44: (ERROR/3) Undefined substitution referenced: "-------".
<string>:44: (ERROR/3) Undefined substitution referenced: "-------------".
<string>:58: (ERROR/3) Undefined substitution referenced: "-------".
<string>:58: (ERROR/3) Undefined substitution referenced: "-------------".
<string>:73: (ERROR/3) Undefined substitution referenced: "-------".
<string>:73: (ERROR/3) Undefined substitution referenced: "-------------".
<string>:93: (ERROR/3) Undefined substitution referenced: "-------".
<string>:93: (ERROR/3) Undefined substitution referenced: "-------------".
2026-04-10 16:48:43,811 1 ERROR odoo_ci_test odoo.sql_db: bad query: b'INSERT INTO "federation_club" ("active", "code", "create_date", "create_uid", "name", "write_date", "write_uid") VALUES (true, \'TC01\', \'2026-04-10T16:48:43.781097\'::timestamp, 1, \'Duplicate Code Club\', \'2026-04-10T16:48:43.781097\'::timestamp, 1) RETURNING "id"'
ERROR: duplicate key value violates unique constraint "federation_club_code_unique"
2026-04-10 16:48:43,936 1 ERROR odoo_ci_test odoo.sql_db: bad query: b'INSERT INTO "federation_team" ("active", "category", "club_id", "code", "create_date", "create_uid", "gender", "name", "write_date", "write_uid") VALUES (true, \'senior\', 3, \'SS01\', \'2026-04-10T16:48:43.883510\'::timestamp, 1, \'male\', \'Other Team\', \'2026-04-10T16:48:43.883510\'::timestamp, 1) RETURNING "id"'
ERROR: duplicate key value violates unique constraint "federation_team_code_unique"
2026-04-10 16:48:44,156 1 ERROR odoo_ci_test odoo.sql_db: bad query: b'INSERT INTO "federation_season_registration" ("create_date", "create_uid", "name", "registration_date", "season_id", "state", "team_id", "write_date", "write_uid") VALUES (\'2026-04-10T16:48:44.101385\'::timestamp, 1, \'REG/2026/00004\', \'2026-04-10\'::date, 5, \'draft\', 5, \'2026-04-10T16:48:44.101385\'::timestamp, 1) RETURNING "id"'
ERROR: duplicate key value violates unique constraint "federation_season_registration_team_season_unique"
<string>:16: (ERROR/3) Undefined substitution referenced: "--------".
<string>:27: (ERROR/3) Undefined substitution referenced: "-------".
<string>:27: (ERROR/3) Undefined substitution referenced: "-------------".
<string>:51: (ERROR/3) Undefined substitution referenced: "-------".
<string>:51: (ERROR/3) Undefined substitution referenced: "-------------".
<string>:67: (ERROR/3) Undefined substitution referenced: "------".
2026-04-10 16:48:46,806 1 ERROR odoo_ci_test odoo.sql_db: bad query: b'INSERT INTO "federation_player_license" ("club_id", "create_date", "create_uid", "expiry_date", "issue_date", "name", "player_id", "season_id", "state", "write_date", "write_uid") VALUES (6, \'2026-04-10T16:48:46.766744\'::timestamp, 1, \'2024-12-31\'::date, \'2024-02-01\'::date, \'LIC-004\', 3, 6, \'draft\', \'2026-04-10T16:48:46.766744\'::timestamp, 1) RETURNING "id"'
ERROR: duplicate key value violates unique constraint "federation_player_license_player_season_unique"
<string>:17: (ERROR/3) Undefined substitution referenced: "--------".
<string>:28: (ERROR/3) Undefined substitution referenced: "-------".
<string>:28: (ERROR/3) Undefined substitution referenced: "-------------".
<string>:45: (ERROR/3) Undefined substitution referenced: "-------".
<string>:45: (ERROR/3) Undefined substitution referenced: "-------------".
<string>:57: (ERROR/3) Undefined substitution referenced: "-------".
<string>:57: (ERROR/3) Undefined substitution referenced: "-------------".
<string>:69: (ERROR/3) Undefined substitution referenced: "-------".
<string>:69: (ERROR/3) Undefined substitution referenced: "-------------".
<string>:83: (ERROR/3) Undefined substitution referenced: "-------".
<string>:83: (ERROR/3) Undefined substitution referenced: "-------------".
<string>:98: (ERROR/3) Undefined substitution referenced: "-------".
2026-04-10 16:48:48,162 1 ERROR odoo_ci_test odoo.sql_db: bad query: b'INSERT INTO "federation_competition" ("active", "code", "competition_type", "create_date", "create_uid", "name", "sequence", "state", "write_date", "write_uid") VALUES (true, \'UNIQUE\', \'league\', \'2026-04-10T16:48:48.139250\'::timestamp, 1, \'Comp 2\', 10, \'draft\', \'2026-04-10T16:48:48.139250\'::timestamp, 1) RETURNING "id"'
ERROR: duplicate key value violates unique constraint "federation_competition_code_unique"
2026-04-10 16:48:49,022 1 INFO odoo_ci_test odoo.addons.sports_federation_import_tools.tests.test_import_tools: Starting TestImportTools.test_import_seasons_reports_format_errors_by_category ... 
2026-04-10 16:48:49,318 1 WARNING odoo_ci_test odoo.addons.base.models.ir_ui_view: Error-prone use of @class in view federation.match.form.inherit.officiating.readiness (): use the hasclass(*classes) function to filter elements by their classes 
2026-04-10 16:48:49,503 1 ERROR odoo_ci_test odoo.sql_db: bad query: b'INSERT INTO "federation_referee_certification" ("active", "create_date", "create_uid", "issue_date", "level", "name", "referee_id", "write_date", "write_uid") VALUES (true, \'2026-04-10T16:48:49.471879\'::timestamp, 1, \'2024-05-01\'::date, \'national\', \'CERT-003-DUP\', 2, \'2026-04-10T16:48:49.471879\'::timestamp, 1) RETURNING "id"'
ERROR: duplicate key value violates unique constraint "federation_referee_certification_referee_level_date_unique"
2026-04-10 16:48:49,678 1 ERROR odoo_ci_test odoo.sql_db: bad query: b'INSERT INTO "federation_match_referee" ("assigned_on", "create_date", "create_uid", "match_id", "referee_id", "role", "state", "write_date", "write_uid") VALUES (\'2026-04-10T16:48:49\'::timestamp, \'2026-04-10T16:48:49.574174\'::timestamp, 1, 1, 3, \'head\', \'draft\', \'2026-04-10T16:48:49.574174\'::timestamp, 1) RETURNING "id"'
ERROR: duplicate key value violates unique constraint "federation_match_referee_match_referee_role_unique"
2026-04-10 16:48:51,025 1 ERROR odoo_ci_test odoo.sql_db: bad query: b'INSERT INTO "federation_match_sheet_line" ("create_date", "create_uid", "is_captain", "is_starter", "is_substitute", "match_sheet_id", "player_id", "write_date", "write_uid") VALUES (\'2026-04-10T16:48:50.891821\'::timestamp, 1, false, false, false, 5, 5, \'2026-04-10T16:48:50.891821\'::timestamp, 1) RETURNING "id"'
ERROR: duplicate key value violates unique constraint "federation_match_sheet_line_unique_match_sheet_player"
2026-04-10 16:48:51,065 1 ERROR odoo_ci_test odoo.addons.sports_federation_rosters.tests.test_match_sheets: FAIL: TestMatchSheets.test_match_sheet_submit_blocks_ineligible_players_with_reason
Traceback (most recent call last):
AssertionError: True is not false
2026-04-10 16:48:51,110 1 ERROR odoo_ci_test odoo.sql_db: bad query: b'INSERT INTO "federation_match_sheet" ("create_date", "create_uid", "match_id", "name", "side", "state", "team_id", "write_date", "write_uid") VALUES (\'2026-04-10T16:48:50.891821\'::timestamp, 1, 3, \'Duplicate Home Sheet\', \'home\', \'draft\', 21, \'2026-04-10T16:48:50.891821\'::timestamp, 1) RETURNING "id"'
ERROR: duplicate key value violates unique constraint "federation_match_sheet_unique_match_team_side"
2026-04-10 16:48:51,475 1 ERROR odoo_ci_test odoo.addons.sports_federation_rosters.tests.test_rosters: FAIL: TestRosters.test_roster_activation_blocks_lines_with_invalid_season_license
Traceback (most recent call last):
AssertionError: True is not false
2026-04-10 16:48:51,546 1 ERROR odoo_ci_test odoo.sql_db: bad query: b'INSERT INTO "federation_team_roster_line" ("create_date", "create_uid", "date_from", "is_captain", "is_vice_captain", "player_id", "roster_id", "status", "write_date", "write_uid") VALUES (\'2026-04-10T16:48:51.339158\'::timestamp, 1, \'2024-01-01\'::date, false, false, 8, 12, \'active\', \'2026-04-10T16:48:51.339158\'::timestamp, 1) RETURNING "id"'
ERROR: duplicate key value violates unique constraint "federation_team_roster_line_unique_roster_player_date_from"
2026-04-10 16:48:51,666 1 ERROR odoo_ci_test odoo.modules.loading: Module sports_federation_rosters: 2 failures, 0 errors of 21 tests 
2026-04-10 16:48:52,010 1 ERROR odoo_ci_test odoo.sql_db: bad query: b'INSERT INTO "federation_standing_line" ("create_date", "create_uid", "drawn", "eliminated", "lost", "participant_id", "played", "points", "qualified", "score_against", "score_for", "standing_id", "won", "write_date", "write_uid") VALUES (\'2026-04-10T16:48:51.840433\'::timestamp, 1, 0, false, 0, 10, 0, 0, false, 0, 0, 7, 0, \'2026-04-10T16:48:51.840433\'::timestamp, 1) RETURNING "id"'
ERROR: duplicate key value violates unique constraint "federation_standing_line_unique_standing_participant"
2026-04-10 16:48:53,122 1 ERROR odoo_ci_test odoo.sql_db: bad query: b'INSERT INTO "federation_playing_area" ("active", "create_date", "create_uid", "name", "surface_type", "venue_id", "write_date", "write_uid") VALUES (true, \'2026-04-10T16:48:53.070868\'::timestamp, 1, \'Main Field\', \'indoor\', 3, \'2026-04-10T16:48:53.070868\'::timestamp, 1) RETURNING "id"'
ERROR: duplicate key value violates unique constraint "federation_playing_area_unique_venue_name"
View error context:
View error context:
2026-04-10 16:49:00,103 1 INFO odoo_ci_test odoo.addons.sports_federation_competition_engine.tests.test_knockout: skipped TestKnockout.test_bye_seeding_top_seeds : Knockout bye logic IndexError — needs engine fix 
2026-04-10 16:49:00,340 1 INFO odoo_ci_test odoo.addons.sports_federation_competition_engine.tests.test_knockout: skipped TestKnockout.test_six_teams_power_of_two : Knockout bye logic IndexError — needs engine fix 
2026-04-10 16:49:00,341 1 INFO odoo_ci_test odoo.addons.sports_federation_competition_engine.tests.test_knockout: skipped TestKnockout.test_three_teams_power_of_two : Knockout bye logic IndexError — needs engine fix 
2026-04-10 16:49:02,926 1 ERROR odoo_ci_test odoo.sql_db: bad query: b'INSERT INTO "federation_club_representative" ("active", "club_id", "create_date", "create_uid", "is_primary", "partner_id", "role", "role_type_id", "write_date", "write_uid") VALUES (true, 26, \'2026-04-10T16:49:02.714861\'::timestamp, 1, false, 10, \'primary\', 1, \'2026-04-10T16:49:02.714861\'::timestamp, 1) RETURNING "id"'
ERROR: duplicate key value violates unique constraint "federation_club_representative_partner_club_role_unique"
2026-04-10 16:49:03,551 1 ERROR odoo_ci_test odoo.addons.sports_federation_portal.tests.test_season_registration: ERROR: TestSeasonRegistrationOwnership.test_portal_user_can_create_owned_season_registration
Traceback (most recent call last):
odoo.exceptions.AccessError: You are not allowed to access 'Sequence' (ir.sequence) records.
2026-04-10 16:49:03,565 1 ERROR odoo_ci_test odoo.addons.sports_federation_portal.tests.test_season_registration: ERROR: TestSeasonRegistrationOwnership.test_portal_user_cannot_create_other_club_registration
Traceback (most recent call last):
odoo.exceptions.AccessError: You are not allowed to access 'Sequence' (ir.sequence) records.
2026-04-10 16:49:03,576 1 ERROR odoo_ci_test odoo.addons.sports_federation_portal.tests.test_season_registration: ERROR: TestSeasonRegistrationOwnership.test_submitted_registration_can_be_confirmed_by_staff
Traceback (most recent call last):
odoo.exceptions.AccessError: You are not allowed to access 'Sequence' (ir.sequence) records.
2026-04-10 16:49:03,849 1 ERROR odoo_ci_test odoo.addons.sports_federation_portal.tests.test_tournament_registration: ERROR: TestTournamentRegistration.test_portal_user_only_sees_own_tournament_registrations
Traceback (most recent call last):
odoo.exceptions.AccessError: You are not allowed to access 'Sequence' (ir.sequence) records.
2026-04-10 16:49:04,003 1 ERROR odoo_ci_test odoo.modules.loading: Module sports_federation_portal: 0 failures, 4 errors of 23 tests 
2026-04-10 16:49:04,365 1 ERROR odoo_ci_test odoo.sql_db: bad query: b'INSERT INTO "federation_tournament" ("active", "code", "create_date", "create_uid", "date_end", "date_start", "name", "public_slug", "show_public_results", "show_public_standings", "state", "tournament_type", "website_published", "write_date", "write_uid") VALUES (true, \'OTHER-TT\', \'2026-04-10T16:49:04.306697\'::timestamp, 1, \'2024-02-28\'::date, \'2024-02-01\'::date, \'Other Tournament\', \'shared-slug\', true, true, \'draft\', \'single_day\', false, \'2026-04-10T16:49:04.306697\'::timestamp, 1) RETURNING "id"'
ERROR: duplicate key value violates unique constraint "federation_tournament_public_slug_unique"
2026-04-10 16:49:05,833 1 INFO odoo_ci_test odoo.addons.sports_federation_finance_bridge.tests.test_finance_hooks: Starting TestFinanceHooks.test_venue_finance_event_fails_without_venue ... 
2026-04-10 16:49:07,020 1 ERROR odoo_ci_test odoo.addons.sports_federation_notifications.tests.test_notification_triggers: ERROR: TestNotificationTriggers.test_participant_confirm_action_creates_notification_log
Traceback (most recent call last):
    raise ValidationError(
odoo.exceptions.ValidationError: Participant 'Trigger Team @ Trigger Tournament' cannot be confirmed:
2026-04-10 16:49:07,057 1 ERROR odoo_ci_test odoo.addons.sports_federation_notifications.tests.test_notification_triggers: ERROR: TestNotificationTriggers.test_result_approval_workflow_creates_result_logs
Traceback (most recent call last):
odoo.exceptions.AccessError: You are not allowed to modify 'Federation Match' (federation.match) records.
2026-04-10 16:49:07,302 1 INFO odoo_ci_test odoo.addons.sports_federation_notifications.tests.test_notifications: Starting TestNotifications.test_cron_method_runs_without_error ... 
2026-04-10 16:49:07,351 1 ERROR odoo_ci_test odoo.addons.sports_federation_notifications.tests.test_notifications: ERROR: TestNotifications.test_referee_shortage_alert_creates_notification_log
Traceback (most recent call last):
AttributeError: 'res.groups' object has no attribute 'users'
2026-04-10 16:49:07,449 1 ERROR odoo_ci_test odoo.addons.sports_federation_notifications.tests.test_notifications: ERROR: TestNotifications.test_season_registration_confirm_creates_notification_log
Traceback (most recent call last):
odoo.exceptions.AccessError: You are not allowed to access 'Sequence' (ir.sequence) records.
2026-04-10 16:49:07,540 1 ERROR odoo_ci_test odoo.addons.sports_federation_notifications.tests.test_notifications: ERROR: TestNotifications.test_season_registration_reject_creates_notification_log
Traceback (most recent call last):
odoo.exceptions.AccessError: You are not allowed to access 'Sequence' (ir.sequence) records.
2026-04-10 16:49:07,638 1 ERROR odoo_ci_test odoo.modules.loading: Module sports_federation_notifications: 0 failures, 5 errors of 13 tests 
2026-04-10 16:49:07,756 1 ERROR odoo_ci_test odoo.registry: Failed to load registry 
2026-04-10 16:49:07,756 1 CRITICAL odoo_ci_test odoo.service.server: Failed to initialize database `odoo_ci_test`. 
Traceback (most recent call last):
    raise ValueError(f"Invalid field {field_name!r} in {self._name!r}")
ValueError: Invalid field 'numbercall' in 'ir.cron'
Traceback (most recent call last):
    raise ParseError('while parsing %s:%s, somewhere inside\n%s' % (
odoo.tools.convert.ParseError: while parsing /mnt/extra-addons/sports_federation_reporting/data/report_schedule_cron.xml:4, somewhere inside
