 Container sf_ci-ci-db-1  Running
Running as user 'root' is a security risk.
2026-04-10 17:50:40,589 1 WARNING ? odoo.tools.config: missing --http-interface/http_interface, using 0.0.0.0 by default, will change to 127.0.0.1 in 20.0 
2026-04-10 17:50:40,589 1 INFO ? odoo: Odoo version 19.0-20260324 
2026-04-10 17:50:40,589 1 INFO ? odoo: Using configuration file at /etc/odoo/odoo.conf 
2026-04-10 17:50:40,589 1 INFO ? odoo: addons paths: _NamespacePath(['/usr/lib/python3/dist-packages/odoo/addons', '/var/lib/odoo/addons/19.0', '/mnt/extra-addons', '/usr/lib/python3/dist-packages/addons']) 
2026-04-10 17:50:40,589 1 INFO ? odoo: database: odoo@ci-db:5432 
2026-04-10 17:50:40,852 1 INFO ? odoo.service.server: HTTP service (werkzeug) running on 91cabdf04a61:8069 
2026-04-10 17:50:40,869 1 INFO odoo_ci_test odoo.tests.common: Importing test framework 
2026-04-10 17:50:40,897 1 INFO odoo_ci_test odoo.modules.loading: Initializing database odoo_ci_test 
2026-04-10 17:50:41,970 1 INFO odoo_ci_test odoo.modules.loading: loading 1 modules... 
2026-04-10 17:50:41,971 1 INFO odoo_ci_test odoo.modules.loading: Loading module base (1/1) 
2026-04-10 17:50:41,998 1 INFO odoo_ci_test odoo.registry: module base: creating or updating database tables 
2026-04-10 17:50:42,235 1 INFO odoo_ci_test odoo.models: Prepare computation of ir.module.module.menus_by_module 
2026-04-10 17:50:42,235 1 INFO odoo_ci_test odoo.models: Prepare computation of ir.module.module.reports_by_module 
2026-04-10 17:50:42,236 1 INFO odoo_ci_test odoo.models: Prepare computation of ir.module.module.views_by_module 
2026-04-10 17:50:42,307 1 INFO odoo_ci_test odoo.models: Prepare computation of res.partner.user_id 
2026-04-10 17:50:42,307 1 INFO odoo_ci_test odoo.models: Prepare computation of res.partner.commercial_partner_id 
2026-04-10 17:50:42,308 1 INFO odoo_ci_test odoo.models: Prepare computation of res.partner.complete_name 
2026-04-10 17:50:42,308 1 INFO odoo_ci_test odoo.models: Prepare computation of res.partner.lang 
2026-04-10 17:50:42,308 1 INFO odoo_ci_test odoo.models: Prepare computation of res.partner.company_registry 
2026-04-10 17:50:42,308 1 INFO odoo_ci_test odoo.models: Prepare computation of res.partner.commercial_company_name 
2026-04-10 17:50:42,308 1 INFO odoo_ci_test odoo.models: Prepare computation of res.partner.properties 
2026-04-10 17:50:42,308 1 INFO odoo_ci_test odoo.models: Prepare computation of res.partner.partner_share 
2026-04-10 17:50:42,331 1 INFO odoo_ci_test odoo.models: Prepare computation of res.currency.decimal_places 
2026-04-10 17:50:42,348 1 INFO odoo_ci_test odoo.models: Prepare computation of res.company.uses_default_logo 
2026-04-10 17:50:42,348 1 INFO odoo_ci_test odoo.models: Prepare computation of res.company.logo_web 
2026-04-10 17:50:42,349 1 INFO odoo_ci_test odoo.models: Computing parent_path for table res_company... 
2026-04-10 17:50:42,370 1 INFO odoo_ci_test odoo.models: Prepare computation of res.users.signature 
2026-04-10 17:50:42,370 1 INFO odoo_ci_test odoo.models: Prepare computation of res.users.share 
2026-04-10 17:50:43,617 1 INFO odoo_ci_test odoo.modules.loading: loading base/data/res_bank.xml 
2026-04-10 17:50:43,622 1 INFO odoo_ci_test odoo.modules.loading: loading base/data/res.lang.csv 
2026-04-10 17:50:43,659 1 INFO odoo_ci_test odoo.modules.loading: loading base/data/res_lang_data.xml 
2026-04-10 17:50:43,690 1 INFO odoo_ci_test odoo.modules.loading: loading base/data/res_partner_data.xml 
2026-04-10 17:50:43,734 1 INFO odoo_ci_test odoo.modules.loading: loading base/data/res_currency_data.xml 
2026-04-10 17:50:44,172 1 INFO odoo_ci_test odoo.modules.loading: loading base/data/res_company_data.xml 
2026-04-10 17:50:44,179 1 INFO odoo_ci_test odoo.modules.loading: loading base/data/res_users_data.xml 
2026-04-10 17:50:45,194 1 INFO odoo_ci_test odoo.modules.loading: loading base/data/report_paperformat_data.xml 
2026-04-10 17:50:45,201 1 INFO odoo_ci_test odoo.modules.loading: loading base/data/res_country_data.xml 
2026-04-10 17:50:45,719 1 INFO odoo_ci_test odoo.modules.loading: loading base/data/ir_demo_data.xml 
2026-04-10 17:50:45,731 1 INFO odoo_ci_test odoo.modules.loading: loading base/security/base_groups.xml 
2026-04-10 17:50:45,916 1 INFO odoo_ci_test odoo.modules.loading: loading base/security/base_security.xml 
2026-04-10 17:50:46,083 1 INFO odoo_ci_test odoo.modules.loading: loading base/wizard/wizard_ir_model_menu_create_views.xml 
2026-04-10 17:50:46,095 1 INFO odoo_ci_test odoo.modules.loading: loading base/views/base_menus.xml 
2026-04-10 17:50:46,151 1 INFO odoo_ci_test odoo.modules.loading: loading base/views/decimal_precision_views.xml 
2026-04-10 17:50:46,169 1 INFO odoo_ci_test odoo.modules.loading: loading base/views/res_config_views.xml 
2026-04-10 17:50:46,177 1 INFO odoo_ci_test odoo.modules.loading: loading base/data/res.country.state.csv 
2026-04-10 17:50:46,497 1 INFO odoo_ci_test odoo.modules.loading: loading base/views/ir_actions_views.xml 
2026-04-10 17:50:46,631 1 INFO odoo_ci_test odoo.modules.loading: loading base/views/ir_asset_views.xml 
2026-04-10 17:50:46,648 1 INFO odoo_ci_test odoo.modules.loading: loading base/views/ir_config_parameter_views.xml 
2026-04-10 17:50:46,665 1 INFO odoo_ci_test odoo.modules.loading: loading base/views/ir_cron_views.xml 
2026-04-10 17:50:46,691 1 INFO odoo_ci_test odoo.modules.loading: loading base/views/ir_cron_trigger_views.xml 
2026-04-10 17:50:46,708 1 INFO odoo_ci_test odoo.modules.loading: loading base/views/ir_filters_views.xml 
2026-04-10 17:50:46,730 1 INFO odoo_ci_test odoo.modules.loading: loading base/views/ir_mail_server_views.xml 
2026-04-10 17:50:46,750 1 INFO odoo_ci_test odoo.modules.loading: loading base/views/ir_model_views.xml 
2026-04-10 17:50:46,883 1 INFO odoo_ci_test odoo.modules.loading: loading base/views/ir_attachment_views.xml 
2026-04-10 17:50:46,904 1 INFO odoo_ci_test odoo.modules.loading: loading base/views/ir_rule_views.xml 
2026-04-10 17:50:46,923 1 INFO odoo_ci_test odoo.modules.loading: loading base/views/ir_sequence_views.xml 
2026-04-10 17:50:46,944 1 INFO odoo_ci_test odoo.modules.loading: loading base/views/ir_ui_menu_views.xml 
2026-04-10 17:50:46,964 1 INFO odoo_ci_test odoo.modules.loading: loading base/views/ir_ui_view_views.xml 
2026-04-10 17:50:47,012 1 INFO odoo_ci_test odoo.modules.loading: loading base/views/ir_default_views.xml 
2026-04-10 17:50:47,031 1 INFO odoo_ci_test odoo.modules.loading: loading base/data/ir_config_parameter_data.xml 
2026-04-10 17:50:47,034 1 INFO odoo_ci_test odoo.modules.loading: loading base/data/ir_cron_data.xml 
2026-04-10 17:50:47,046 1 INFO odoo_ci_test odoo.modules.loading: loading base/report/ir_model_report.xml 
2026-04-10 17:50:47,050 1 INFO odoo_ci_test odoo.modules.loading: loading base/report/ir_model_templates.xml 
2026-04-10 17:50:47,059 1 INFO odoo_ci_test odoo.modules.loading: loading base/views/ir_logging_views.xml 
2026-04-10 17:50:47,078 1 INFO odoo_ci_test odoo.modules.loading: loading base/views/ir_qweb_widget_templates.xml 
2026-04-10 17:50:47,092 1 INFO odoo_ci_test odoo.modules.loading: loading base/views/ir_module_views.xml 
2026-04-10 17:50:47,143 1 INFO odoo_ci_test odoo.modules.loading: loading base/data/ir_module_category_data.xml 
2026-04-10 17:50:47,180 1 INFO odoo_ci_test odoo.modules.loading: loading base/data/ir_module_module.xml 
2026-04-10 17:50:47,235 1 INFO odoo_ci_test odoo.modules.loading: loading base/report/ir_module_reports.xml 
2026-04-10 17:50:47,238 1 INFO odoo_ci_test odoo.modules.loading: loading base/report/ir_module_report_templates.xml 
2026-04-10 17:50:47,245 1 INFO odoo_ci_test odoo.modules.loading: loading base/wizard/base_module_update_views.xml 
2026-04-10 17:50:47,257 1 INFO odoo_ci_test odoo.modules.loading: loading base/wizard/base_language_install_views.xml 
2026-04-10 17:50:47,273 1 INFO odoo_ci_test odoo.modules.loading: loading base/wizard/base_import_language_views.xml 
2026-04-10 17:50:47,283 1 INFO odoo_ci_test odoo.modules.loading: loading base/wizard/base_module_upgrade_views.xml 
2026-04-10 17:50:47,299 1 INFO odoo_ci_test odoo.modules.loading: loading base/wizard/base_module_uninstall_views.xml 
2026-04-10 17:50:47,307 1 INFO odoo_ci_test odoo.modules.loading: loading base/wizard/base_export_language_views.xml 
2026-04-10 17:50:47,319 1 INFO odoo_ci_test odoo.modules.loading: loading base/wizard/base_partner_merge_views.xml 
2026-04-10 17:50:47,332 1 INFO odoo_ci_test odoo.modules.loading: loading base/data/ir_demo_failure_data.xml 
2026-04-10 17:50:47,348 1 INFO odoo_ci_test odoo.modules.loading: loading base/views/ir_profile_views.xml 
2026-04-10 17:50:47,370 1 INFO odoo_ci_test odoo.modules.loading: loading base/views/res_company_views.xml 
2026-04-10 17:50:47,391 1 INFO odoo_ci_test odoo.modules.loading: loading base/views/res_lang_views.xml 
2026-04-10 17:50:47,410 1 INFO odoo_ci_test odoo.modules.loading: loading base/views/res_partner_views.xml 
2026-04-10 17:50:47,499 1 INFO odoo_ci_test odoo.modules.loading: loading base/views/res_bank_views.xml 
2026-04-10 17:50:47,533 1 INFO odoo_ci_test odoo.modules.loading: loading base/views/res_country_views.xml 
2026-04-10 17:50:47,579 1 INFO odoo_ci_test odoo.modules.loading: loading base/views/res_currency_views.xml 
2026-04-10 17:50:47,619 1 INFO odoo_ci_test odoo.modules.loading: loading base/views/res_groups_views.xml 
2026-04-10 17:50:47,664 1 INFO odoo_ci_test odoo.modules.loading: loading base/views/res_users_views.xml 
2026-04-10 17:50:47,761 1 INFO odoo_ci_test odoo.modules.loading: loading base/views/res_users_apikeys_views.xml 
2026-04-10 17:50:47,767 1 INFO odoo_ci_test odoo.modules.loading: loading base/views/res_device_views.xml 
2026-04-10 17:50:47,790 1 INFO odoo_ci_test odoo.modules.loading: loading base/views/res_users_identitycheck_views.xml 
2026-04-10 17:50:47,799 1 INFO odoo_ci_test odoo.modules.loading: loading base/views/res_config_settings_views.xml 
2026-04-10 17:50:47,808 1 INFO odoo_ci_test odoo.modules.loading: loading base/views/report_paperformat_views.xml 
2026-04-10 17:50:47,833 1 INFO odoo_ci_test odoo.modules.loading: loading base/security/ir.model.access.csv 
2026-04-10 17:50:48,149 1 INFO odoo_ci_test odoo.modules.loading: Module base loaded in 6.18s, 8397 queries (+8397 other) 
2026-04-10 17:50:48,149 1 INFO odoo_ci_test odoo.modules.loading: 1 modules loaded in 6.18s, 8397 queries (+8397 extra) 
2026-04-10 17:50:48,152 1 INFO odoo_ci_test odoo.modules.loading: updating modules list 
2026-04-10 17:50:48,153 1 INFO odoo_ci_test odoo.addons.base.models.ir_module: ALLOW access to module.update_list on [] to user __system__ #1 via n/a 
2026-04-10 17:50:48,965 1 INFO odoo_ci_test odoo.addons.base.models.ir_module: ALLOW access to module.button_install on ['Sports Federation Club Roles & Portal'] to user __system__ #1 via n/a 
2026-04-10 17:50:49,060 1 INFO odoo_ci_test odoo.modules.loading: loading 48 modules... 
2026-04-10 17:50:49,060 1 INFO odoo_ci_test odoo.modules.loading: Loading module rpc (2/48) 
2026-04-10 17:50:49,074 1 INFO odoo_ci_test odoo.modules.loading: Module rpc loaded in 0.01s, 9 queries (+9 other) 
2026-04-10 17:50:49,074 1 INFO odoo_ci_test odoo.modules.loading: Loading module social_media (3/48) 
2026-04-10 17:50:49,078 1 INFO odoo_ci_test odoo.registry: module social_media: creating or updating database tables 
2026-04-10 17:50:49,110 1 INFO odoo_ci_test odoo.modules.loading: loading social_media/views/res_company_views.xml 
2026-04-10 17:50:49,130 1 INFO odoo_ci_test odoo.modules.loading: Module social_media loaded in 0.06s, 75 queries (+75 other) 
2026-04-10 17:50:49,130 1 INFO odoo_ci_test odoo.modules.loading: Loading module web (4/48) 
2026-04-10 17:50:49,161 1 INFO odoo_ci_test odoo.registry: module web: creating or updating database tables 
2026-04-10 17:50:49,581 1 INFO odoo_ci_test odoo.modules.loading: loading web/security/ir.model.access.csv 
2026-04-10 17:50:49,587 1 INFO odoo_ci_test odoo.modules.loading: loading web/security/web_security.xml 
2026-04-10 17:50:49,599 1 INFO odoo_ci_test odoo.modules.loading: loading web/views/webclient_templates.xml 
2026-04-10 17:50:49,649 1 INFO odoo_ci_test odoo.modules.loading: loading web/views/report_templates.xml 
2026-04-10 17:50:49,733 1 INFO odoo_ci_test odoo.modules.loading: loading web/views/base_document_layout_views.xml 
2026-04-10 17:50:49,747 1 INFO odoo_ci_test odoo.modules.loading: loading web/views/partner_view.xml 
2026-04-10 17:50:49,754 1 INFO odoo_ci_test odoo.modules.loading: loading web/views/speedscope_template.xml 
2026-04-10 17:50:49,759 1 INFO odoo_ci_test odoo.modules.loading: loading web/views/memory_template.xml 
2026-04-10 17:50:49,765 1 INFO odoo_ci_test odoo.modules.loading: loading web/views/speedscope_config_wizard.xml 
2026-04-10 17:50:49,772 1 INFO odoo_ci_test odoo.modules.loading: loading web/views/neutralize_views.xml 
2026-04-10 17:50:49,780 1 INFO odoo_ci_test odoo.modules.loading: loading web/views/ir_ui_view_views.xml 
2026-04-10 17:50:49,790 1 INFO odoo_ci_test odoo.modules.loading: loading web/data/ir_attachment.xml 
2026-04-10 17:50:49,794 1 INFO odoo_ci_test odoo.modules.loading: loading web/data/report_layout.xml 
2026-04-10 17:50:49,847 1 INFO odoo_ci_test odoo.modules.loading: Module web loaded in 0.72s, 1229 queries (+1229 other) 
2026-04-10 17:50:49,847 1 INFO odoo_ci_test odoo.modules.loading: Loading module api_doc (5/48) 
2026-04-10 17:50:49,853 1 INFO odoo_ci_test odoo.registry: module api_doc: creating or updating database tables 
2026-04-10 17:50:49,868 1 INFO odoo_ci_test odoo.modules.loading: loading api_doc/security/res_groups.xml 
2026-04-10 17:50:49,888 1 INFO odoo_ci_test odoo.modules.loading: loading api_doc/views/docclient.xml 
2026-04-10 17:50:49,905 1 INFO odoo_ci_test odoo.modules.loading: Module api_doc loaded in 0.06s, 63 queries (+63 other) 
2026-04-10 17:50:49,905 1 INFO odoo_ci_test odoo.modules.loading: Loading module auth_totp (6/48) 
2026-04-10 17:50:49,920 1 INFO odoo_ci_test odoo.registry: module auth_totp: creating or updating database tables 
2026-04-10 17:50:49,980 1 INFO odoo_ci_test odoo.modules.loading: loading auth_totp/security/security.xml 
2026-04-10 17:50:50,000 1 INFO odoo_ci_test odoo.modules.loading: loading auth_totp/security/ir.model.access.csv 
2026-04-10 17:50:50,007 1 INFO odoo_ci_test odoo.modules.loading: loading auth_totp/data/ir_action_data.xml 
2026-04-10 17:50:50,013 1 INFO odoo_ci_test odoo.modules.loading: loading auth_totp/views/res_users_views.xml 
2026-04-10 17:50:50,039 1 INFO odoo_ci_test odoo.modules.loading: loading auth_totp/views/templates.xml 
2026-04-10 17:50:50,044 1 INFO odoo_ci_test odoo.modules.loading: loading auth_totp/wizard/auth_totp_wizard_views.xml 
2026-04-10 17:50:50,064 1 INFO odoo_ci_test odoo.modules.loading: Module auth_totp loaded in 0.16s, 218 queries (+218 other) 
2026-04-10 17:50:50,064 1 INFO odoo_ci_test odoo.modules.loading: Loading module base_import (7/48) 
2026-04-10 17:50:50,098 1 INFO odoo_ci_test odoo.registry: module base_import: creating or updating database tables 
2026-04-10 17:50:50,516 1 INFO odoo_ci_test odoo.modules.loading: loading base_import/security/ir.model.access.csv 
2026-04-10 17:50:50,528 1 INFO odoo_ci_test odoo.modules.loading: Module base_import loaded in 0.46s, 956 queries (+956 other) 
2026-04-10 17:50:50,529 1 INFO odoo_ci_test odoo.modules.loading: Loading module base_import_module (8/48) 
2026-04-10 17:50:50,535 1 INFO odoo_ci_test odoo.registry: module base_import_module: creating or updating database tables 
2026-04-10 17:50:50,589 1 INFO odoo_ci_test odoo.modules.loading: loading base_import_module/security/ir.model.access.csv 
2026-04-10 17:50:50,594 1 INFO odoo_ci_test odoo.modules.loading: loading base_import_module/views/base_import_module_view.xml 
2026-04-10 17:50:50,612 1 INFO odoo_ci_test odoo.modules.loading: loading base_import_module/views/ir_module_views.xml 
2026-04-10 17:50:50,653 1 INFO odoo_ci_test odoo.modules.loading: Module base_import_module loaded in 0.12s, 172 queries (+172 other) 
2026-04-10 17:50:50,653 1 INFO odoo_ci_test odoo.modules.loading: Loading module base_setup (9/48) 
2026-04-10 17:50:50,660 1 INFO odoo_ci_test odoo.registry: module base_setup: creating or updating database tables 
2026-04-10 17:50:50,699 1 INFO odoo_ci_test odoo.modules.loading: loading base_setup/data/base_setup_data.xml 
2026-04-10 17:50:50,703 1 INFO odoo_ci_test odoo.modules.loading: loading base_setup/views/res_config_settings_views.xml 
2026-04-10 17:50:50,731 1 INFO odoo_ci_test odoo.modules.loading: loading base_setup/views/res_partner_views.xml 
2026-04-10 17:50:50,748 1 INFO odoo_ci_test odoo.modules.loading: Module base_setup loaded in 0.09s, 152 queries (+152 other) 
2026-04-10 17:50:50,748 1 INFO odoo_ci_test odoo.modules.loading: Loading module bus (10/48) 
2026-04-10 17:50:50,765 1 INFO odoo_ci_test odoo.registry: module bus: creating or updating database tables 
2026-04-10 17:50:50,845 1 INFO odoo_ci_test odoo.modules.loading: loading bus/security/ir.model.access.csv 
2026-04-10 17:50:50,859 1 INFO odoo_ci_test odoo.modules.loading: Module bus loaded in 0.11s, 152 queries (+152 other) 
2026-04-10 17:50:50,859 1 INFO odoo_ci_test odoo.modules.loading: Loading module http_routing (11/48) 
2026-04-10 17:50:50,862 1 INFO odoo_ci_test odoo.registry: module http_routing: creating or updating database tables 
2026-04-10 17:50:50,879 1 INFO odoo_ci_test odoo.modules.loading: loading http_routing/views/http_routing_template.xml 
2026-04-10 17:50:50,915 1 INFO odoo_ci_test odoo.modules.loading: loading http_routing/views/res_lang_views.xml 
2026-04-10 17:50:50,938 1 INFO odoo_ci_test odoo.modules.loading: Module http_routing loaded in 0.08s, 114 queries (+114 other) 
2026-04-10 17:50:50,938 1 INFO odoo_ci_test odoo.modules.loading: Loading module resource (12/48) 
2026-04-10 17:50:50,951 1 INFO odoo_ci_test odoo.registry: module resource: creating or updating database tables 
2026-04-10 17:50:51,062 1 INFO odoo_ci_test odoo.modules.loading: loading resource/data/resource_data.xml 
2026-04-10 17:50:51,077 1 INFO odoo_ci_test odoo.modules.loading: loading resource/security/ir.model.access.csv 
2026-04-10 17:50:51,088 1 INFO odoo_ci_test odoo.modules.loading: loading resource/security/resource_security.xml 
2026-04-10 17:50:51,109 1 INFO odoo_ci_test odoo.modules.loading: loading resource/views/resource_resource_views.xml 
2026-04-10 17:50:51,131 1 INFO odoo_ci_test odoo.modules.loading: loading resource/views/resource_calendar_leaves_views.xml 
2026-04-10 17:50:51,156 1 INFO odoo_ci_test odoo.modules.loading: loading resource/views/resource_calendar_attendance_views.xml 
2026-04-10 17:50:51,166 1 INFO odoo_ci_test odoo.modules.loading: loading resource/views/resource_calendar_views.xml 
2026-04-10 17:50:51,188 1 INFO odoo_ci_test odoo.modules.loading: loading resource/views/menuitems.xml 
2026-04-10 17:50:51,211 1 INFO odoo_ci_test odoo.modules.loading: Module resource loaded in 0.27s, 414 queries (+414 other) 
2026-04-10 17:50:51,211 1 INFO odoo_ci_test odoo.modules.loading: Loading module utm (13/48) 
2026-04-10 17:50:51,217 1 INFO odoo_ci_test odoo.registry: module utm: creating or updating database tables 
2026-04-10 17:50:51,305 1 INFO odoo_ci_test odoo.modules.loading: loading utm/data/utm_medium_data.xml 
2026-04-10 17:50:51,322 1 INFO odoo_ci_test odoo.modules.loading: loading utm/data/utm_source_data.xml 
2026-04-10 17:50:51,338 1 INFO odoo_ci_test odoo.modules.loading: loading utm/data/utm_stage_data.xml 
2026-04-10 17:50:51,342 1 INFO odoo_ci_test odoo.modules.loading: loading utm/data/utm_tag_data.xml 
2026-04-10 17:50:51,346 1 INFO odoo_ci_test odoo.modules.loading: loading utm/views/utm_campaign_views.xml 
2026-04-10 17:50:51,372 1 INFO odoo_ci_test odoo.modules.loading: loading utm/views/utm_medium_views.xml 
2026-04-10 17:50:51,386 1 INFO odoo_ci_test odoo.modules.loading: loading utm/views/utm_source_views.xml 
2026-04-10 17:50:51,398 1 INFO odoo_ci_test odoo.modules.loading: loading utm/views/utm_stage_views.xml 
2026-04-10 17:50:51,412 1 INFO odoo_ci_test odoo.modules.loading: loading utm/views/utm_tag_views.xml 
2026-04-10 17:50:51,419 1 INFO odoo_ci_test odoo.modules.loading: loading utm/views/utm_menus.xml 
2026-04-10 17:50:51,438 1 INFO odoo_ci_test odoo.modules.loading: loading utm/security/ir.model.access.csv 
2026-04-10 17:50:51,459 1 INFO odoo_ci_test odoo.modules.loading: Module utm loaded in 0.25s, 410 queries (+410 other) 
2026-04-10 17:50:51,459 1 INFO odoo_ci_test odoo.modules.loading: Loading module web_tour (14/48) 
2026-04-10 17:50:51,467 1 INFO odoo_ci_test odoo.registry: module web_tour: creating or updating database tables 
2026-04-10 17:50:51,472 1 INFO odoo_ci_test odoo.models: Prepare computation of res.users.tour_enabled 
2026-04-10 17:50:51,535 1 INFO odoo_ci_test odoo.modules.loading: loading web_tour/security/ir.model.access.csv 
2026-04-10 17:50:51,542 1 INFO odoo_ci_test odoo.modules.loading: loading web_tour/views/tour_views.xml 
2026-04-10 17:50:51,579 1 INFO odoo_ci_test odoo.modules.loading: Module web_tour loaded in 0.12s, 180 queries (+180 other) 
2026-04-10 17:50:51,579 1 INFO odoo_ci_test odoo.modules.loading: Loading module auth_passkey (15/48) 
2026-04-10 17:50:51,612 1 INFO odoo_ci_test odoo.registry: module auth_passkey: creating or updating database tables 
2026-04-10 17:50:51,668 1 INFO odoo_ci_test odoo.modules.loading: loading auth_passkey/views/auth_passkey_key_views.xml 
2026-04-10 17:50:51,687 1 INFO odoo_ci_test odoo.modules.loading: loading auth_passkey/views/auth_passkey_login_templates.xml 
2026-04-10 17:50:51,699 1 INFO odoo_ci_test odoo.modules.loading: loading auth_passkey/views/res_users_identitycheck_views.xml 
2026-04-10 17:50:51,708 1 INFO odoo_ci_test odoo.modules.loading: loading auth_passkey/views/res_users_views.xml 
2026-04-10 17:50:51,725 1 INFO odoo_ci_test odoo.modules.loading: loading auth_passkey/security/ir.model.access.csv 
2026-04-10 17:50:51,732 1 INFO odoo_ci_test odoo.modules.loading: loading auth_passkey/security/security.xml 
2026-04-10 17:50:51,756 1 INFO odoo_ci_test odoo.modules.loading: Module auth_passkey loaded in 0.18s, 218 queries (+218 other) 
2026-04-10 17:50:51,756 1 INFO odoo_ci_test odoo.modules.loading: Loading module google_recaptcha (16/48) 
2026-04-10 17:50:51,760 1 INFO odoo_ci_test odoo.registry: module google_recaptcha: creating or updating database tables 
2026-04-10 17:50:51,781 1 INFO odoo_ci_test odoo.modules.loading: loading google_recaptcha/views/res_config_settings_view.xml 
2026-04-10 17:50:51,806 1 INFO odoo_ci_test odoo.modules.loading: Module google_recaptcha loaded in 0.05s, 64 queries (+64 other) 
2026-04-10 17:50:51,806 1 INFO odoo_ci_test odoo.modules.loading: Loading module html_editor (17/48) 
2026-04-10 17:50:51,966 1 INFO odoo_ci_test odoo.registry: module html_editor: creating or updating database tables 
2026-04-10 17:50:52,465 1 INFO odoo_ci_test odoo.modules.loading: loading html_editor/security/ir.model.access.csv 
2026-04-10 17:50:52,481 1 INFO odoo_ci_test odoo.modules.loading: Module html_editor loaded in 0.67s, 1110 queries (+1110 other) 
2026-04-10 17:50:52,481 1 INFO odoo_ci_test odoo.modules.loading: Loading module iap (18/48) 
2026-04-10 17:50:52,484 1 INFO odoo_ci_test odoo.registry: module iap: creating or updating database tables 
2026-04-10 17:50:52,539 1 INFO odoo_ci_test odoo.modules.loading: loading iap/data/services.xml 
2026-04-10 17:50:52,543 1 INFO odoo_ci_test odoo.modules.loading: loading iap/security/ir.model.access.csv 
2026-04-10 17:50:52,550 1 INFO odoo_ci_test odoo.modules.loading: loading iap/security/ir_rule.xml 
2026-04-10 17:50:52,557 1 INFO odoo_ci_test odoo.modules.loading: loading iap/views/iap_views.xml 
2026-04-10 17:50:52,579 1 INFO odoo_ci_test odoo.modules.loading: loading iap/views/res_config_settings.xml 
2026-04-10 17:50:52,601 1 INFO odoo_ci_test odoo.modules.loading: Module iap loaded in 0.12s, 184 queries (+184 other) 
2026-04-10 17:50:52,601 1 INFO odoo_ci_test odoo.modules.loading: Loading module mail (19/48) 
2026-04-10 17:50:52,668 1 INFO odoo_ci_test odoo.registry: module mail: creating or updating database tables 
2026-04-10 17:50:52,837 1 INFO odoo_ci_test odoo.models: Prepare computation of ir.actions.server.partner_ids 
2026-04-10 17:50:52,837 1 INFO odoo_ci_test odoo.models: Prepare computation of ir.actions.server.activity_user_id 
2026-04-10 17:50:52,837 1 INFO odoo_ci_test odoo.models: Prepare computation of ir.actions.server.activity_type_id 
2026-04-10 17:50:52,838 1 INFO odoo_ci_test odoo.models: Prepare computation of ir.actions.server.template_id 
2026-04-10 17:50:52,838 1 INFO odoo_ci_test odoo.models: Prepare computation of ir.actions.server.activity_date_deadline_range 
2026-04-10 17:50:52,838 1 INFO odoo_ci_test odoo.models: Prepare computation of ir.actions.server.activity_summary 
2026-04-10 17:50:52,838 1 INFO odoo_ci_test odoo.models: Prepare computation of ir.actions.server.followers_type 
2026-04-10 17:50:52,838 1 INFO odoo_ci_test odoo.models: Prepare computation of ir.actions.server.followers_partner_field_name 
2026-04-10 17:50:52,838 1 INFO odoo_ci_test odoo.models: Prepare computation of ir.actions.server.mail_post_method 
2026-04-10 17:50:52,838 1 INFO odoo_ci_test odoo.models: Prepare computation of ir.actions.server.activity_date_deadline_range_type 
2026-04-10 17:50:52,838 1 INFO odoo_ci_test odoo.models: Prepare computation of ir.actions.server.activity_user_type 
2026-04-10 17:50:52,838 1 INFO odoo_ci_test odoo.models: Prepare computation of ir.actions.server.activity_user_field_name 
2026-04-10 17:50:52,838 1 INFO odoo_ci_test odoo.models: Prepare computation of ir.actions.server.activity_note 
2026-04-10 17:50:52,838 1 INFO odoo_ci_test odoo.models: Prepare computation of ir.actions.server.mail_post_autofollow 
2026-04-10 17:50:52,897 1 INFO odoo_ci_test odoo.models: Prepare computation of res.users.notification_type 
2026-04-10 17:50:52,947 1 INFO odoo_ci_test odoo.models: Prepare computation of res.partner.email_normalized 
<string>:38: (ERROR/3) Unexpected indentation.
<string>:43: (WARNING/2) Block quote ends without a blank line; unexpected unindent.
2026-04-10 17:50:54,233 1 INFO odoo_ci_test odoo.modules.loading: loading mail/data/mail_groups.xml 
2026-04-10 17:50:54,254 1 INFO odoo_ci_test odoo.modules.loading: loading mail/wizard/mail_activity_schedule_views.xml 
2026-04-10 17:50:54,266 1 INFO odoo_ci_test odoo.modules.loading: loading mail/wizard/mail_blacklist_remove_views.xml 
2026-04-10 17:50:54,272 1 INFO odoo_ci_test odoo.modules.loading: loading mail/wizard/mail_compose_message_views.xml 
2026-04-10 17:50:54,290 1 INFO odoo_ci_test odoo.modules.loading: loading mail/wizard/mail_template_preview_views.xml 
2026-04-10 17:50:54,299 1 INFO odoo_ci_test odoo.modules.loading: loading mail/wizard/mail_followers_edit_views.xml 
2026-04-10 17:50:54,310 1 INFO odoo_ci_test odoo.modules.loading: loading mail/wizard/mail_template_reset_views.xml 
2026-04-10 17:50:54,318 1 INFO odoo_ci_test odoo.modules.loading: loading mail/views/fetchmail_views.xml 
2026-04-10 17:50:54,335 1 INFO odoo_ci_test odoo.modules.loading: loading mail/views/ir_cron_views.xml 
2026-04-10 17:50:54,346 1 INFO odoo_ci_test odoo.modules.loading: loading mail/views/ir_filters_views.xml 
2026-04-10 17:50:54,362 1 INFO odoo_ci_test odoo.modules.loading: loading mail/views/ir_mail_server_views.xml 
2026-04-10 17:50:54,371 1 INFO odoo_ci_test odoo.modules.loading: loading mail/views/mail_message_subtype_views.xml 
2026-04-10 17:50:54,385 1 INFO odoo_ci_test odoo.modules.loading: loading mail/views/mail_tracking_value_views.xml 
2026-04-10 17:50:54,397 1 INFO odoo_ci_test odoo.modules.loading: loading mail/views/mail_notification_views.xml 
2026-04-10 17:50:54,409 1 INFO odoo_ci_test odoo.modules.loading: loading mail/views/mail_message_views.xml 
2026-04-10 17:50:54,437 1 INFO odoo_ci_test odoo.modules.loading: loading mail/views/mail_message_schedule_views.xml 
2026-04-10 17:50:54,451 1 INFO odoo_ci_test odoo.modules.loading: loading mail/views/mail_mail_views.xml 
2026-04-10 17:50:54,474 1 INFO odoo_ci_test odoo.modules.loading: loading mail/views/mail_followers_views.xml 
2026-04-10 17:50:54,485 1 INFO odoo_ci_test odoo.modules.loading: loading mail/views/mail_ice_server_views.xml 
2026-04-10 17:50:54,505 1 INFO odoo_ci_test odoo.modules.loading: loading mail/views/discuss_channel_member_views.xml 
2026-04-10 17:50:54,516 1 INFO odoo_ci_test odoo.modules.loading: loading mail/views/discuss_channel_rtc_session_views.xml 
2026-04-10 17:50:54,532 1 INFO odoo_ci_test odoo.modules.loading: loading mail/views/mail_link_preview_views.xml 
2026-04-10 17:50:54,549 1 INFO odoo_ci_test odoo.modules.loading: loading mail/views/discuss/discuss_gif_favorite_views.xml 
2026-04-10 17:50:54,560 1 INFO odoo_ci_test odoo.modules.loading: loading mail/views/discuss_channel_views.xml 
2026-04-10 17:50:54,591 1 INFO odoo_ci_test odoo.modules.loading: loading mail/views/mail_canned_response_views.xml 
2026-04-10 17:50:54,614 1 INFO odoo_ci_test odoo.modules.loading: loading mail/views/res_role_views.xml 
2026-04-10 17:50:54,631 1 INFO odoo_ci_test odoo.modules.loading: loading mail/views/mail_activity_views.xml 
2026-04-10 17:50:54,721 1 INFO odoo_ci_test odoo.modules.loading: loading mail/views/mail_activity_plan_views.xml 
2026-04-10 17:50:54,759 1 INFO odoo_ci_test odoo.modules.loading: loading mail/views/mail_activity_plan_template_views.xml 
2026-04-10 17:50:54,769 1 INFO odoo_ci_test odoo.modules.loading: loading mail/views/res_config_settings_views.xml 
2026-04-10 17:50:54,792 1 INFO odoo_ci_test odoo.modules.loading: loading mail/data/ir_config_parameter_data.xml 
2026-04-10 17:50:54,797 1 INFO odoo_ci_test odoo.modules.loading: loading mail/data/res_partner_data.xml 
2026-04-10 17:50:54,859 1 INFO odoo_ci_test odoo.modules.loading: loading mail/data/mail_message_subtype_data.xml 
2026-04-10 17:50:54,866 1 INFO odoo_ci_test odoo.modules.loading: loading mail/data/mail_templates_chatter.xml 
2026-04-10 17:50:54,883 1 INFO odoo_ci_test odoo.modules.loading: loading mail/data/mail_templates_email_layouts.xml 
2026-04-10 17:50:54,901 1 INFO odoo_ci_test odoo.modules.loading: loading mail/data/mail_templates_mailgateway.xml 
2026-04-10 17:50:54,917 1 INFO odoo_ci_test odoo.modules.loading: loading mail/data/discuss_channel_data.xml 
2026-04-10 17:50:54,951 1 INFO odoo_ci_test odoo.modules.loading: loading mail/data/mail_activity_type_data.xml 
2026-04-10 17:50:54,962 1 INFO odoo_ci_test odoo.modules.loading: loading mail/data/security_notifications_templates.xml 
2026-04-10 17:50:54,967 1 INFO odoo_ci_test odoo.modules.loading: loading mail/data/ir_cron_data.xml 
2026-04-10 17:50:55,067 1 INFO odoo_ci_test odoo.modules.loading: loading mail/data/ir_actions_client.xml 
2026-04-10 17:50:55,072 1 INFO odoo_ci_test odoo.modules.loading: loading mail/security/mail_security.xml 
2026-04-10 17:50:55,209 1 INFO odoo_ci_test odoo.modules.loading: loading mail/security/ir.model.access.csv 
2026-04-10 17:50:55,250 1 INFO odoo_ci_test odoo.modules.loading: loading mail/views/discuss_public_templates.xml 
2026-04-10 17:50:55,255 1 INFO odoo_ci_test odoo.modules.loading: loading mail/views/mail_alias_domain_views.xml 
2026-04-10 17:50:55,271 1 INFO odoo_ci_test odoo.modules.loading: loading mail/views/mail_alias_views.xml 
2026-04-10 17:50:55,288 1 INFO odoo_ci_test odoo.modules.loading: loading mail/views/mail_gateway_allowed_views.xml 
2026-04-10 17:50:55,300 1 INFO odoo_ci_test odoo.modules.loading: loading mail/views/mail_guest_views.xml 
2026-04-10 17:50:55,312 1 INFO odoo_ci_test odoo.modules.loading: loading mail/views/mail_message_reaction_views.xml 
2026-04-10 17:50:55,324 1 INFO odoo_ci_test odoo.modules.loading: loading mail/views/mail_templates_public.xml 
2026-04-10 17:50:55,333 1 INFO odoo_ci_test odoo.modules.loading: loading mail/views/res_users_views.xml 
2026-04-10 17:50:55,357 1 INFO odoo_ci_test odoo.modules.loading: loading mail/views/res_users_settings_views.xml 
2026-04-10 17:50:55,371 1 INFO odoo_ci_test odoo.modules.loading: loading mail/views/mail_template_views.xml 
2026-04-10 17:50:55,392 1 INFO odoo_ci_test odoo.modules.loading: loading mail/views/ir_actions_server_views.xml 
2026-04-10 17:50:55,409 1 INFO odoo_ci_test odoo.modules.loading: loading mail/views/ir_model_views.xml 
2026-04-10 17:50:55,441 1 INFO odoo_ci_test odoo.modules.loading: loading mail/views/res_partner_views.xml 
2026-04-10 17:50:55,485 1 INFO odoo_ci_test odoo.modules.loading: loading mail/views/mail_blacklist_views.xml 
2026-04-10 17:50:55,502 1 INFO odoo_ci_test odoo.modules.loading: loading mail/views/mail_menus.xml 
2026-04-10 17:50:55,618 1 INFO odoo_ci_test odoo.modules.loading: loading mail/views/discuss/discuss_menus.xml 
2026-04-10 17:50:55,622 1 INFO odoo_ci_test odoo.modules.loading: loading mail/views/discuss/discuss_call_history_views.xml 
2026-04-10 17:50:55,637 1 INFO odoo_ci_test odoo.modules.loading: loading mail/views/res_company_views.xml 
2026-04-10 17:50:55,648 1 INFO odoo_ci_test odoo.modules.loading: loading mail/views/mail_scheduled_message_views.xml 
2026-04-10 17:50:55,656 1 INFO odoo_ci_test odoo.modules.loading: loading mail/data/mail_canned_response_data.xml 
2026-04-10 17:50:55,664 1 INFO odoo_ci_test odoo.modules.loading: loading mail/data/mail_templates_invite.xml 
2026-04-10 17:50:55,676 1 INFO odoo_ci_test odoo.modules.loading: loading mail/data/web_tour_tour.xml 
2026-04-10 17:50:55,751 1 INFO odoo_ci_test odoo.modules.loading: Module mail loaded in 3.15s, 5056 queries (+5057 other) 
2026-04-10 17:50:55,751 1 INFO odoo_ci_test odoo.modules.loading: Loading module web_unsplash (20/48) 
2026-04-10 17:50:55,764 1 INFO odoo_ci_test odoo.registry: module web_unsplash: creating or updating database tables 
2026-04-10 17:50:55,812 1 INFO odoo_ci_test odoo.modules.loading: loading web_unsplash/views/res_config_settings_view.xml 
2026-04-10 17:50:55,844 1 INFO odoo_ci_test odoo.modules.loading: Module web_unsplash loaded in 0.09s, 112 queries (+112 other) 
2026-04-10 17:50:55,844 1 INFO odoo_ci_test odoo.modules.loading: Loading module auth_signup (21/48) 
2026-04-10 17:50:55,858 1 INFO odoo_ci_test odoo.registry: module auth_signup: creating or updating database tables 
2026-04-10 17:50:55,920 1 INFO odoo_ci_test odoo.modules.loading: loading auth_signup/data/ir_config_parameter_data.xml 
2026-04-10 17:50:55,925 1 INFO odoo_ci_test odoo.modules.loading: loading auth_signup/data/ir_cron_data.xml 
2026-04-10 17:50:55,946 1 INFO odoo_ci_test odoo.modules.loading: loading auth_signup/data/mail_template_data.xml 
2026-04-10 17:50:56,023 1 INFO odoo_ci_test odoo.modules.loading: loading auth_signup/views/res_config_settings_views.xml 
2026-04-10 17:50:56,037 1 INFO odoo_ci_test odoo.modules.loading: loading auth_signup/views/res_users_views.xml 
2026-04-10 17:50:56,061 1 INFO odoo_ci_test odoo.modules.loading: loading auth_signup/views/auth_signup_login_templates.xml 
2026-04-10 17:50:56,080 1 INFO odoo_ci_test odoo.modules.loading: loading auth_signup/views/auth_signup_templates_email.xml 
2026-04-10 17:50:56,086 1 INFO odoo_ci_test odoo.modules.loading: loading auth_signup/views/webclient_templates.xml 
2026-04-10 17:50:56,134 1 INFO odoo_ci_test odoo.modules.loading: Module auth_signup loaded in 0.29s, 255 queries (+255 other) 
2026-04-10 17:50:56,134 1 INFO odoo_ci_test odoo.modules.loading: Loading module auth_totp_mail (22/48) 
2026-04-10 17:50:56,144 1 INFO odoo_ci_test odoo.registry: module auth_totp_mail: creating or updating database tables 
2026-04-10 17:50:56,182 1 INFO odoo_ci_test odoo.modules.loading: loading auth_totp_mail/data/ir_action_data.xml 
2026-04-10 17:50:56,205 1 INFO odoo_ci_test odoo.modules.loading: loading auth_totp_mail/data/mail_template_data.xml 
2026-04-10 17:50:56,239 1 INFO odoo_ci_test odoo.modules.loading: loading auth_totp_mail/data/security_notifications_template.xml 
2026-04-10 17:50:56,246 1 INFO odoo_ci_test odoo.modules.loading: loading auth_totp_mail/views/res_config_settings_views.xml 
2026-04-10 17:50:56,262 1 INFO odoo_ci_test odoo.modules.loading: loading auth_totp_mail/views/res_users_views.xml 
2026-04-10 17:50:56,281 1 INFO odoo_ci_test odoo.modules.loading: loading auth_totp_mail/views/templates.xml 
2026-04-10 17:50:56,305 1 INFO odoo_ci_test odoo.modules.loading: Module auth_totp_mail loaded in 0.17s, 189 queries (+189 other) 
2026-04-10 17:50:56,305 1 INFO odoo_ci_test odoo.modules.loading: Loading module base_install_request (23/48) 
2026-04-10 17:50:56,310 1 INFO odoo_ci_test odoo.registry: module base_install_request: creating or updating database tables 
2026-04-10 17:50:56,365 1 INFO odoo_ci_test odoo.modules.loading: loading base_install_request/security/ir.model.access.csv 
2026-04-10 17:50:56,374 1 INFO odoo_ci_test odoo.modules.loading: loading base_install_request/wizard/base_module_install_request_views.xml 
2026-04-10 17:50:56,392 1 INFO odoo_ci_test odoo.modules.loading: loading base_install_request/data/mail_template_data.xml 
2026-04-10 17:50:56,398 1 INFO odoo_ci_test odoo.modules.loading: loading base_install_request/data/mail_templates_module_install.xml 
2026-04-10 17:50:56,403 1 INFO odoo_ci_test odoo.modules.loading: loading base_install_request/views/ir_module_module_views.xml 
2026-04-10 17:50:56,425 1 INFO odoo_ci_test odoo.modules.loading: Module base_install_request loaded in 0.12s, 154 queries (+154 other) 
2026-04-10 17:50:56,425 1 INFO odoo_ci_test odoo.modules.loading: Loading module google_gmail (24/48) 
2026-04-10 17:50:56,438 1 INFO odoo_ci_test odoo.registry: module google_gmail: creating or updating database tables 
2026-04-10 17:50:56,491 1 INFO odoo_ci_test odoo.modules.loading: loading google_gmail/views/fetchmail_server_views.xml 
2026-04-10 17:50:56,505 1 INFO odoo_ci_test odoo.modules.loading: loading google_gmail/views/ir_mail_server_views.xml 
2026-04-10 17:50:56,516 1 INFO odoo_ci_test odoo.modules.loading: loading google_gmail/views/res_config_settings_views.xml 
2026-04-10 17:50:56,536 1 INFO odoo_ci_test odoo.modules.loading: loading google_gmail/views/templates.xml 
2026-04-10 17:50:56,547 1 INFO odoo_ci_test odoo.modules.loading: Module google_gmail loaded in 0.12s, 155 queries (+155 other) 
2026-04-10 17:50:56,547 1 INFO odoo_ci_test odoo.modules.loading: Loading module html_builder (25/48) 
2026-04-10 17:50:56,569 1 INFO odoo_ci_test odoo.modules.loading: Module html_builder loaded in 0.02s, 10 queries (+10 other) 
2026-04-10 17:50:56,569 1 INFO odoo_ci_test odoo.modules.loading: Loading module iap_mail (26/48) 
2026-04-10 17:50:56,573 1 INFO odoo_ci_test odoo.registry: module iap_mail: creating or updating database tables 
2026-04-10 17:50:56,599 1 INFO odoo_ci_test odoo.modules.loading: loading iap_mail/data/mail_templates.xml 
2026-04-10 17:50:56,612 1 INFO odoo_ci_test odoo.modules.loading: loading iap_mail/views/iap_views.xml 
2026-04-10 17:50:56,630 1 INFO odoo_ci_test odoo.modules.loading: Module iap_mail loaded in 0.06s, 70 queries (+70 other) 
2026-04-10 17:50:56,630 1 INFO odoo_ci_test odoo.modules.loading: Loading module mail_bot (27/48) 
2026-04-10 17:50:56,640 1 INFO odoo_ci_test odoo.registry: module mail_bot: creating or updating database tables 
2026-04-10 17:50:56,680 1 INFO odoo_ci_test odoo.modules.loading: loading mail_bot/views/res_users_views.xml 
2026-04-10 17:50:56,698 1 INFO odoo_ci_test odoo.modules.loading: loading mail_bot/data/mailbot_data.xml 
2026-04-10 17:50:56,709 1 INFO odoo_ci_test odoo.modules.loading: Module mail_bot loaded in 0.08s, 109 queries (+109 other) 
2026-04-10 17:50:56,709 1 INFO odoo_ci_test odoo.modules.loading: Loading module microsoft_outlook (28/48) 
2026-04-10 17:50:56,721 1 INFO odoo_ci_test odoo.registry: module microsoft_outlook: creating or updating database tables 
2026-04-10 17:50:56,778 1 INFO odoo_ci_test odoo.modules.loading: loading microsoft_outlook/views/fetchmail_server_views.xml 
2026-04-10 17:50:56,792 1 INFO odoo_ci_test odoo.modules.loading: loading microsoft_outlook/views/ir_mail_server_views.xml 
2026-04-10 17:50:56,804 1 INFO odoo_ci_test odoo.modules.loading: loading microsoft_outlook/views/res_config_settings_views.xml 
2026-04-10 17:50:56,824 1 INFO odoo_ci_test odoo.modules.loading: loading microsoft_outlook/views/templates.xml 
2026-04-10 17:50:56,835 1 INFO odoo_ci_test odoo.modules.loading: Module microsoft_outlook loaded in 0.13s, 158 queries (+158 other) 
2026-04-10 17:50:56,835 1 INFO odoo_ci_test odoo.modules.loading: Loading module phone_validation (29/48) 
2026-04-10 17:50:56,925 1 INFO odoo_ci_test odoo.registry: module phone_validation: creating or updating database tables 
2026-04-10 17:50:56,935 1 INFO odoo_ci_test odoo.models: Prepare computation of res.partner.phone_sanitized 
2026-04-10 17:50:57,688 1 INFO odoo_ci_test odoo.modules.loading: loading phone_validation/security/ir.model.access.csv 
2026-04-10 17:50:57,695 1 INFO odoo_ci_test odoo.modules.loading: loading phone_validation/views/phone_blacklist_views.xml 
2026-04-10 17:50:57,722 1 INFO odoo_ci_test odoo.modules.loading: loading phone_validation/views/res_partner_views.xml 
2026-04-10 17:50:57,733 1 INFO odoo_ci_test odoo.modules.loading: loading phone_validation/wizard/phone_blacklist_remove_view.xml 
2026-04-10 17:50:57,750 1 INFO odoo_ci_test odoo.modules.loading: Module phone_validation loaded in 0.91s, 1703 queries (+1703 other) 
2026-04-10 17:50:57,750 1 INFO odoo_ci_test odoo.modules.loading: Loading module privacy_lookup (30/48) 
2026-04-10 17:50:57,765 1 INFO odoo_ci_test odoo.registry: module privacy_lookup: creating or updating database tables 
2026-04-10 17:50:57,862 1 INFO odoo_ci_test odoo.modules.loading: loading privacy_lookup/wizard/privacy_lookup_wizard_views.xml 
2026-04-10 17:50:57,909 1 INFO odoo_ci_test odoo.modules.loading: loading privacy_lookup/views/privacy_log_views.xml 
2026-04-10 17:50:57,928 1 INFO odoo_ci_test odoo.modules.loading: loading privacy_lookup/security/ir.model.access.csv 
2026-04-10 17:50:57,943 1 INFO odoo_ci_test odoo.modules.loading: loading privacy_lookup/data/ir_actions_server_data.xml 
2026-04-10 17:50:57,980 1 INFO odoo_ci_test odoo.modules.loading: Module privacy_lookup loaded in 0.23s, 293 queries (+293 other) 
2026-04-10 17:50:57,980 1 INFO odoo_ci_test odoo.modules.loading: Loading module resource_mail (31/48) 
2026-04-10 17:50:57,987 1 INFO odoo_ci_test odoo.registry: module resource_mail: creating or updating database tables 
2026-04-10 17:50:58,021 1 INFO odoo_ci_test odoo.modules.loading: Module resource_mail loaded in 0.04s, 36 queries (+36 other) 
2026-04-10 17:50:58,022 1 INFO odoo_ci_test odoo.modules.loading: Loading module sports_federation_base (32/48) 
2026-04-10 17:50:58,030 1 INFO odoo_ci_test odoo.registry: module sports_federation_base: creating or updating database tables 
<string>:26: (WARNING/2) Line block ends without a blank line.
<string>:44: (WARNING/2) Line block ends without a blank line.
<string>:58: (WARNING/2) Line block ends without a blank line.
<string>:73: (WARNING/2) Line block ends without a blank line.
<string>:93: (WARNING/2) Line block ends without a blank line.
<string>:26: (ERROR/3) Undefined substitution referenced: "-------".
<string>:26: (ERROR/3) Undefined substitution referenced: "-------------".
<string>:44: (ERROR/3) Undefined substitution referenced: "-------".
<string>:44: (ERROR/3) Undefined substitution referenced: "-------------".
<string>:58: (ERROR/3) Undefined substitution referenced: "-------".
<string>:58: (ERROR/3) Undefined substitution referenced: "-------------".
<string>:73: (ERROR/3) Undefined substitution referenced: "-------".
<string>:73: (ERROR/3) Undefined substitution referenced: "-------------".
<string>:93: (ERROR/3) Undefined substitution referenced: "-------".
<string>:93: (ERROR/3) Undefined substitution referenced: "-------------".
2026-04-10 17:50:58,151 1 INFO odoo_ci_test odoo.modules.loading: loading sports_federation_base/security/res_groups.xml 
2026-04-10 17:50:58,175 1 INFO odoo_ci_test odoo.modules.loading: loading sports_federation_base/security/ir.model.access.csv 
2026-04-10 17:50:58,192 1 INFO odoo_ci_test odoo.modules.loading: loading sports_federation_base/data/ir_sequence.xml 
2026-04-10 17:50:58,196 1 INFO odoo_ci_test odoo.modules.loading: loading sports_federation_base/views/federation_season_registration_views.xml 
2026-04-10 17:50:58,212 1 INFO odoo_ci_test odoo.modules.loading: loading sports_federation_base/views/federation_season_views.xml 
2026-04-10 17:50:58,229 1 INFO odoo_ci_test odoo.modules.loading: loading sports_federation_base/views/federation_team_views.xml 
2026-04-10 17:50:58,245 1 INFO odoo_ci_test odoo.modules.loading: loading sports_federation_base/views/federation_club_views.xml 
2026-04-10 17:50:58,263 1 INFO odoo_ci_test odoo.modules.loading: loading sports_federation_base/views/menu_items.xml 
2026-04-10 17:50:58,293 1 INFO odoo_ci_test odoo.modules.loading: Module sports_federation_base loaded in 0.27s, 334 queries (+334 other) 
2026-04-10 17:50:58,293 1 INFO odoo_ci_test odoo.modules.loading: Loading module partner_autocomplete (33/48) 
2026-04-10 17:50:58,312 1 INFO odoo_ci_test odoo.registry: module partner_autocomplete: creating or updating database tables 
2026-04-10 17:50:58,384 1 INFO odoo_ci_test odoo.modules.loading: loading partner_autocomplete/views/res_company_views.xml 
2026-04-10 17:50:58,399 1 INFO odoo_ci_test odoo.modules.loading: loading partner_autocomplete/views/res_config_settings_views.xml 
2026-04-10 17:50:58,414 1 INFO odoo_ci_test odoo.modules.loading: loading partner_autocomplete/data/iap_service_data.xml 
2026-04-10 17:50:58,424 1 INFO odoo_ci_test odoo.modules.loading: Module partner_autocomplete loaded in 0.13s, 141 queries (+141 other) 
2026-04-10 17:50:58,424 1 INFO odoo_ci_test odoo.modules.loading: Loading module portal (34/48) 
2026-04-10 17:50:58,457 1 INFO odoo_ci_test odoo.registry: module portal: creating or updating database tables 
2026-04-10 17:50:58,652 1 INFO odoo_ci_test odoo.modules.loading: loading portal/security/ir.model.access.csv 
2026-04-10 17:50:58,658 1 INFO odoo_ci_test odoo.modules.loading: loading portal/data/mail_templates.xml 
2026-04-10 17:50:58,665 1 INFO odoo_ci_test odoo.modules.loading: loading portal/views/address_templates.xml 
2026-04-10 17:50:58,695 1 INFO odoo_ci_test odoo.modules.loading: loading portal/views/mail_templates_public.xml 
2026-04-10 17:50:58,701 1 INFO odoo_ci_test odoo.modules.loading: loading portal/views/portal_templates.xml 
2026-04-10 17:50:58,800 1 INFO odoo_ci_test odoo.modules.loading: loading portal/views/res_config_settings_views.xml 
2026-04-10 17:50:58,822 1 INFO odoo_ci_test odoo.modules.loading: loading portal/wizard/portal_share_views.xml 
2026-04-10 17:50:58,831 1 INFO odoo_ci_test odoo.modules.loading: loading portal/wizard/portal_wizard_views.xml 
2026-04-10 17:50:58,877 1 INFO odoo_ci_test odoo.modules.loading: Module portal loaded in 0.45s, 583 queries (+583 other) 
2026-04-10 17:50:58,877 1 INFO odoo_ci_test odoo.modules.loading: Loading module sms (35/48) 
2026-04-10 17:50:58,965 1 INFO odoo_ci_test odoo.registry: module sms: creating or updating database tables 
2026-04-10 17:50:58,975 1 INFO odoo_ci_test odoo.models: Prepare computation of ir.actions.server.sms_template_id 
2026-04-10 17:50:58,975 1 INFO odoo_ci_test odoo.models: Prepare computation of ir.actions.server.sms_method 
2026-04-10 17:50:59,868 1 INFO odoo_ci_test odoo.modules.loading: loading sms/data/iap_service_data.xml 
2026-04-10 17:50:59,872 1 INFO odoo_ci_test odoo.modules.loading: loading sms/data/ir_cron_data.xml 
2026-04-10 17:50:59,893 1 INFO odoo_ci_test odoo.modules.loading: loading sms/wizard/sms_account_code_views.xml 
2026-04-10 17:50:59,904 1 INFO odoo_ci_test odoo.modules.loading: loading sms/wizard/sms_account_phone_views.xml 
2026-04-10 17:50:59,910 1 INFO odoo_ci_test odoo.modules.loading: loading sms/wizard/sms_account_sender_views.xml 
2026-04-10 17:50:59,916 1 INFO odoo_ci_test odoo.modules.loading: loading sms/wizard/sms_composer_views.xml 
2026-04-10 17:50:59,927 1 INFO odoo_ci_test odoo.modules.loading: loading sms/wizard/sms_template_preview_views.xml 
2026-04-10 17:50:59,935 1 INFO odoo_ci_test odoo.modules.loading: loading sms/wizard/sms_template_reset_views.xml 
2026-04-10 17:50:59,944 1 INFO odoo_ci_test odoo.modules.loading: loading sms/views/ir_actions_server_views.xml 
2026-04-10 17:50:59,959 1 INFO odoo_ci_test odoo.modules.loading: loading sms/views/mail_notification_views.xml 
2026-04-10 17:50:59,973 1 INFO odoo_ci_test odoo.modules.loading: loading sms/views/res_config_settings_views.xml 
2026-04-10 17:50:59,988 1 INFO odoo_ci_test odoo.modules.loading: loading sms/views/res_partner_views.xml 
2026-04-10 17:51:00,005 1 INFO odoo_ci_test odoo.modules.loading: loading sms/views/iap_account_views.xml 
2026-04-10 17:51:00,016 1 INFO odoo_ci_test odoo.modules.loading: loading sms/views/sms_sms_views.xml 
2026-04-10 17:51:00,043 1 INFO odoo_ci_test odoo.modules.loading: loading sms/views/sms_template_views.xml 
2026-04-10 17:51:00,063 1 INFO odoo_ci_test odoo.modules.loading: loading sms/security/ir.model.access.csv 
2026-04-10 17:51:00,084 1 INFO odoo_ci_test odoo.modules.loading: loading sms/security/sms_security.xml 
2026-04-10 17:51:00,107 1 INFO odoo_ci_test odoo.modules.loading: Module sms loaded in 1.23s, 2173 queries (+2173 other) 
2026-04-10 17:51:00,107 1 INFO odoo_ci_test odoo.modules.loading: Loading module snailmail (36/48) 
2026-04-10 17:51:00,213 1 INFO odoo_ci_test odoo.registry: module snailmail: creating or updating database tables 
2026-04-10 17:51:00,410 1 INFO odoo_ci_test odoo.modules.loading: loading snailmail/data/iap_service_data.xml 
2026-04-10 17:51:00,414 1 INFO odoo_ci_test odoo.modules.loading: loading snailmail/data/snailmail_data.xml 
2026-04-10 17:51:00,436 1 INFO odoo_ci_test odoo.modules.loading: loading snailmail/views/report_assets.xml 
2026-04-10 17:51:00,449 1 INFO odoo_ci_test odoo.modules.loading: loading snailmail/views/snailmail_views.xml 
2026-04-10 17:51:00,468 1 INFO odoo_ci_test odoo.modules.loading: loading snailmail/security/ir.model.access.csv 
2026-04-10 17:51:00,492 1 INFO odoo_ci_test odoo.modules.loading: Module snailmail loaded in 0.39s, 449 queries (+449 other) 
2026-04-10 17:51:00,492 1 INFO odoo_ci_test odoo.modules.loading: Loading module sports_federation_people (37/48) 
2026-04-10 17:51:00,499 1 INFO odoo_ci_test odoo.registry: module sports_federation_people: creating or updating database tables 
<string>:16: (WARNING/2) Line block ends without a blank line.
<string>:27: (WARNING/2) Line block ends without a blank line.
<string>:51: (WARNING/2) Line block ends without a blank line.
<string>:67: (WARNING/2) Line block ends without a blank line.
<string>:16: (ERROR/3) Undefined substitution referenced: "--------".
<string>:27: (ERROR/3) Undefined substitution referenced: "-------".
<string>:27: (ERROR/3) Undefined substitution referenced: "-------------".
<string>:51: (ERROR/3) Undefined substitution referenced: "-------".
<string>:51: (ERROR/3) Undefined substitution referenced: "-------------".
<string>:67: (ERROR/3) Undefined substitution referenced: "------".
2026-04-10 17:51:00,586 1 INFO odoo_ci_test odoo.modules.loading: loading sports_federation_people/security/ir.model.access.csv 
2026-04-10 17:51:00,593 1 INFO odoo_ci_test odoo.modules.loading: loading sports_federation_people/data/ir_sequence.xml 
2026-04-10 17:51:00,597 1 INFO odoo_ci_test odoo.modules.loading: loading sports_federation_people/views/federation_player_views.xml 
2026-04-10 17:51:00,619 1 INFO odoo_ci_test odoo.modules.loading: loading sports_federation_people/views/federation_player_license_views.xml 
2026-04-10 17:51:00,636 1 INFO odoo_ci_test odoo.modules.loading: loading sports_federation_people/views/menu_items.xml 
2026-04-10 17:51:00,657 1 INFO odoo_ci_test odoo.modules.loading: Module sports_federation_people loaded in 0.17s, 208 queries (+208 other) 
2026-04-10 17:51:00,658 1 INFO odoo_ci_test odoo.modules.loading: Loading module sports_federation_rules (38/48) 
2026-04-10 17:51:00,666 1 INFO odoo_ci_test odoo.registry: module sports_federation_rules: creating or updating database tables 
<string>:17: (WARNING/2) Line block ends without a blank line.
<string>:28: (WARNING/2) Line block ends without a blank line.
<string>:45: (WARNING/2) Line block ends without a blank line.
<string>:57: (WARNING/2) Line block ends without a blank line.
<string>:69: (WARNING/2) Line block ends without a blank line.
<string>:83: (WARNING/2) Line block ends without a blank line.
<string>:98: (WARNING/2) Line block ends without a blank line.
<string>:17: (ERROR/3) Undefined substitution referenced: "--------".
<string>:28: (ERROR/3) Undefined substitution referenced: "-------".
<string>:28: (ERROR/3) Undefined substitution referenced: "-------------".
<string>:45: (ERROR/3) Undefined substitution referenced: "-------".
<string>:45: (ERROR/3) Undefined substitution referenced: "-------------".
<string>:57: (ERROR/3) Undefined substitution referenced: "-------".
<string>:57: (ERROR/3) Undefined substitution referenced: "-------------".
<string>:69: (ERROR/3) Undefined substitution referenced: "-------".
<string>:69: (ERROR/3) Undefined substitution referenced: "-------------".
<string>:83: (ERROR/3) Undefined substitution referenced: "-------".
<string>:83: (ERROR/3) Undefined substitution referenced: "-------------".
<string>:98: (ERROR/3) Undefined substitution referenced: "-------".
2026-04-10 17:51:00,787 1 INFO odoo_ci_test odoo.modules.loading: loading sports_federation_rules/security/ir.model.access.csv 
2026-04-10 17:51:00,797 1 INFO odoo_ci_test odoo.modules.loading: loading sports_federation_rules/views/federation_rule_set_views.xml 
2026-04-10 17:51:00,824 1 INFO odoo_ci_test odoo.modules.loading: loading sports_federation_rules/views/federation_points_rule_views.xml 
2026-04-10 17:51:00,834 1 INFO odoo_ci_test odoo.modules.loading: loading sports_federation_rules/views/federation_tie_break_rule_views.xml 
2026-04-10 17:51:00,844 1 INFO odoo_ci_test odoo.modules.loading: loading sports_federation_rules/views/federation_eligibility_rule_views.xml 
2026-04-10 17:51:00,854 1 INFO odoo_ci_test odoo.modules.loading: loading sports_federation_rules/views/federation_qualification_rule_views.xml 
2026-04-10 17:51:00,865 1 INFO odoo_ci_test odoo.modules.loading: loading sports_federation_rules/views/menu_items.xml 
2026-04-10 17:51:00,895 1 INFO odoo_ci_test odoo.modules.loading: Module sports_federation_rules loaded in 0.24s, 302 queries (+302 other) 
2026-04-10 17:51:00,895 1 INFO odoo_ci_test odoo.modules.loading: Loading module auth_passkey_portal (39/48) 
2026-04-10 17:51:00,905 1 INFO odoo_ci_test odoo.modules.loading: loading auth_passkey_portal/views/templates.xml 
2026-04-10 17:51:00,927 1 INFO odoo_ci_test odoo.modules.loading: Module auth_passkey_portal loaded in 0.03s, 22 queries (+22 other) 
2026-04-10 17:51:00,928 1 INFO odoo_ci_test odoo.modules.loading: Loading module auth_totp_portal (40/48) 
2026-04-10 17:51:00,937 1 INFO odoo_ci_test odoo.registry: module auth_totp_portal: creating or updating database tables 
2026-04-10 17:51:00,960 1 INFO odoo_ci_test odoo.modules.loading: loading auth_totp_portal/security/security.xml 
2026-04-10 17:51:00,973 1 INFO odoo_ci_test odoo.modules.loading: loading auth_totp_portal/views/templates.xml 
2026-04-10 17:51:00,989 1 INFO odoo_ci_test odoo.modules.loading: Module auth_totp_portal loaded in 0.06s, 70 queries (+70 other) 
2026-04-10 17:51:00,990 1 INFO odoo_ci_test odoo.modules.loading: Loading module digest (41/48) 
2026-04-10 17:51:01,003 1 INFO odoo_ci_test odoo.registry: module digest: creating or updating database tables 
2026-04-10 17:51:01,089 1 INFO odoo_ci_test odoo.modules.loading: loading digest/security/ir.model.access.csv 
2026-04-10 17:51:01,096 1 INFO odoo_ci_test odoo.modules.loading: loading digest/data/digest_data.xml 
2026-04-10 17:51:01,114 1 INFO odoo_ci_test odoo.modules.loading: loading digest/data/digest_tips_data.xml 
2026-04-10 17:51:01,129 1 INFO odoo_ci_test odoo.modules.loading: loading digest/data/ir_cron_data.xml 
2026-04-10 17:51:01,148 1 INFO odoo_ci_test odoo.modules.loading: loading digest/data/res_config_settings_data.xml 
2026-04-10 17:51:01,153 1 INFO odoo_ci_test odoo.modules.loading: loading digest/views/digest_views.xml 
2026-04-10 17:51:01,195 1 INFO odoo_ci_test odoo.modules.loading: loading digest/views/digest_templates.xml 
2026-04-10 17:51:01,200 1 INFO odoo_ci_test odoo.modules.loading: loading digest/views/res_config_settings_views.xml 
2026-04-10 17:51:01,237 1 INFO odoo_ci_test odoo.modules.loading: Module digest loaded in 0.25s, 326 queries (+326 other) 
2026-04-10 17:51:01,237 1 INFO odoo_ci_test odoo.modules.loading: Loading module sports_federation_tournament (42/48) 
2026-04-10 17:51:01,250 1 INFO odoo_ci_test odoo.registry: module sports_federation_tournament: creating or updating database tables 
2026-04-10 17:51:01,468 1 INFO odoo_ci_test odoo.modules.loading: loading sports_federation_tournament/security/ir.model.access.csv 
2026-04-10 17:51:01,480 1 INFO odoo_ci_test odoo.modules.loading: loading sports_federation_tournament/views/federation_tournament_participant_views.xml 
2026-04-10 17:51:01,502 1 INFO odoo_ci_test odoo.modules.loading: loading sports_federation_tournament/views/federation_match_views.xml 
2026-04-10 17:51:01,524 1 INFO odoo_ci_test odoo.modules.loading: loading sports_federation_tournament/views/federation_tournament_round_views.xml 
2026-04-10 17:51:01,536 1 INFO odoo_ci_test odoo.modules.loading: loading sports_federation_tournament/views/federation_tournament_group_views.xml 
2026-04-10 17:51:01,552 1 INFO odoo_ci_test odoo.modules.loading: loading sports_federation_tournament/views/federation_tournament_stage_views.xml 
2026-04-10 17:51:01,571 1 INFO odoo_ci_test odoo.modules.loading: loading sports_federation_tournament/views/federation_tournament_views.xml 
2026-04-10 17:51:01,588 1 INFO odoo_ci_test odoo.modules.loading: loading sports_federation_tournament/views/federation_competition_edition_views.xml 
2026-04-10 17:51:01,605 1 INFO odoo_ci_test odoo.modules.loading: loading sports_federation_tournament/views/federation_competition_views.xml 
2026-04-10 17:51:01,623 1 INFO odoo_ci_test odoo.modules.loading: loading sports_federation_tournament/views/federation_season_registration_views_inherit.xml 
2026-04-10 17:51:01,643 1 INFO odoo_ci_test odoo.modules.loading: loading sports_federation_tournament/views/menu_items.xml 
2026-04-10 17:51:01,686 1 INFO odoo_ci_test odoo.modules.loading: Module sports_federation_tournament loaded in 0.45s, 597 queries (+597 other) 
2026-04-10 17:51:01,686 1 INFO odoo_ci_test odoo.modules.loading: Loading module sports_federation_result_control (43/48) 
2026-04-10 17:51:01,694 1 INFO odoo_ci_test odoo.registry: module sports_federation_result_control: creating or updating database tables 
2026-04-10 17:51:01,755 1 INFO odoo_ci_test odoo.modules.loading: loading sports_federation_result_control/security/result_control_security.xml 
2026-04-10 17:51:01,770 1 INFO odoo_ci_test odoo.modules.loading: loading sports_federation_result_control/security/ir.model.access.csv 
2026-04-10 17:51:01,778 1 INFO odoo_ci_test odoo.modules.loading: loading sports_federation_result_control/views/match_views_inherit.xml 
2026-04-10 17:51:01,818 1 INFO odoo_ci_test odoo.modules.loading: Module sports_federation_result_control loaded in 0.13s, 168 queries (+168 other) 
2026-04-10 17:51:01,818 1 INFO odoo_ci_test odoo.modules.loading: Loading module sports_federation_rosters (44/48) 
2026-04-10 17:51:01,831 1 INFO odoo_ci_test odoo.registry: module sports_federation_rosters: creating or updating database tables 
2026-04-10 17:51:02,030 1 INFO odoo_ci_test odoo.modules.loading: loading sports_federation_rosters/security/ir.model.access.csv 
2026-04-10 17:51:02,040 1 INFO odoo_ci_test odoo.modules.loading: loading sports_federation_rosters/views/team_roster_views.xml 
2026-04-10 17:51:02,061 1 INFO odoo_ci_test odoo.modules.loading: loading sports_federation_rosters/views/match_sheet_views.xml 
2026-04-10 17:51:02,075 1 INFO odoo_ci_test odoo.modules.loading: loading sports_federation_rosters/views/tournament_participant_views_inherit.xml 
2026-04-10 17:51:02,085 1 INFO odoo_ci_test odoo.modules.loading: loading sports_federation_rosters/views/team_views_inherit.xml 
2026-04-10 17:51:02,098 1 INFO odoo_ci_test odoo.modules.loading: loading sports_federation_rosters/views/player_views_inherit.xml 
2026-04-10 17:51:02,107 1 INFO odoo_ci_test odoo.modules.loading: loading sports_federation_rosters/views/match_views_inherit.xml 
2026-04-10 17:51:02,120 1 INFO odoo_ci_test odoo.modules.loading: loading sports_federation_rosters/views/menu_views.xml 
2026-04-10 17:51:02,142 1 INFO odoo_ci_test odoo.modules.loading: Module sports_federation_rosters loaded in 0.32s, 474 queries (+474 other) 
2026-04-10 17:51:02,143 1 INFO odoo_ci_test odoo.modules.loading: Loading module website (45/48) 
2026-04-10 17:51:02,274 1 INFO odoo_ci_test odoo.registry: module website: creating or updating database tables 
2026-04-10 17:51:02,345 1 INFO odoo_ci_test odoo.models: Prepare computation of ir.ui.view.is_seo_optimized 
2026-04-10 17:51:02,352 1 INFO odoo_ci_test odoo.models: Prepare computation of res.company.website_id 
2026-04-10 17:51:03,733 1 INFO odoo_ci_test odoo.modules.loading: loading website/security/website_security.xml 
2026-04-10 17:51:03,834 1 INFO odoo_ci_test odoo.modules.loading: loading website/security/ir.model.access.csv 
2026-04-10 17:51:03,856 1 INFO odoo_ci_test odoo.modules.loading: loading website/data/image_library.xml 
2026-04-10 17:51:04,178 1 INFO odoo_ci_test odoo.modules.loading: loading website/data/ir_asset.xml 
2026-04-10 17:51:04,186 1 INFO odoo_ci_test odoo.modules.loading: loading website/data/ir_cron_data.xml 
2026-04-10 17:51:04,213 1 INFO odoo_ci_test odoo.modules.loading: loading website/data/mail_mail_data.xml 
2026-04-10 17:51:04,219 1 INFO odoo_ci_test odoo.modules.loading: loading website/data/website_data.xml 
2026-04-10 17:51:04,342 1 INFO odoo_ci_test odoo.modules.loading: loading website/data/website_visitor_cron.xml 
2026-04-10 17:51:04,356 1 INFO odoo_ci_test odoo.modules.loading: loading website/data/digest_data.xml 
2026-04-10 17:51:04,365 1 INFO odoo_ci_test odoo.modules.loading: loading website/views/website_technical_views.xml 
2026-04-10 17:51:04,375 1 INFO odoo_ci_test odoo.modules.loading: loading website/views/website_templates.xml 
2026-04-10 17:51:05,373 1 INFO odoo_ci_test odoo.modules.loading: loading website/views/snippets/snippets.xml 
2026-04-10 17:51:05,400 1 INFO odoo_ci_test odoo.modules.loading: loading website/views/snippets/s_announcement_scroll.xml 
2026-04-10 17:51:05,407 1 INFO odoo_ci_test odoo.modules.loading: loading website/views/snippets/s_framed_intro.xml 
2026-04-10 17:51:05,413 1 INFO odoo_ci_test odoo.modules.loading: loading website/views/snippets/s_title.xml 
2026-04-10 17:51:05,420 1 INFO odoo_ci_test odoo.modules.loading: loading website/views/snippets/s_cover.xml 
2026-04-10 17:51:05,426 1 INFO odoo_ci_test odoo.modules.loading: loading website/views/snippets/s_text_cover.xml 
2026-04-10 17:51:05,433 1 INFO odoo_ci_test odoo.modules.loading: loading website/views/snippets/s_image_text_box.xml 
2026-04-10 17:51:05,440 1 INFO odoo_ci_test odoo.modules.loading: loading website/views/snippets/s_striped_top.xml 
2026-04-10 17:51:05,446 1 INFO odoo_ci_test odoo.modules.loading: loading website/views/snippets/s_text_image.xml 
2026-04-10 17:51:05,452 1 INFO odoo_ci_test odoo.modules.loading: loading website/views/snippets/s_image_text.xml 
2026-04-10 17:51:05,458 1 INFO odoo_ci_test odoo.modules.loading: loading website/views/snippets/s_mockup_image.xml 
2026-04-10 17:51:05,464 1 INFO odoo_ci_test odoo.modules.loading: loading website/views/snippets/s_instagram_page.xml 
2026-04-10 17:51:05,471 1 INFO odoo_ci_test odoo.modules.loading: loading website/views/snippets/s_image_text_overlap.xml 
2026-04-10 17:51:05,478 1 INFO odoo_ci_test odoo.modules.loading: loading website/views/snippets/s_banner.xml 
2026-04-10 17:51:05,485 1 INFO odoo_ci_test odoo.modules.loading: loading website/views/snippets/s_bento_block.xml 
2026-04-10 17:51:05,491 1 INFO odoo_ci_test odoo.modules.loading: loading website/views/snippets/s_snippet_group.xml 
2026-04-10 17:51:05,497 1 INFO odoo_ci_test odoo.modules.loading: loading website/views/snippets/s_text_block.xml 
2026-04-10 17:51:05,502 1 INFO odoo_ci_test odoo.modules.loading: loading website/views/snippets/s_features.xml 
2026-04-10 17:51:05,511 1 INFO odoo_ci_test odoo.modules.loading: loading website/views/snippets/s_features_wall.xml 
2026-04-10 17:51:05,517 1 INFO odoo_ci_test odoo.modules.loading: loading website/views/snippets/s_three_columns.xml 
2026-04-10 17:51:05,525 1 INFO odoo_ci_test odoo.modules.loading: loading website/views/snippets/s_key_benefits.xml 
2026-04-10 17:51:05,532 1 INFO odoo_ci_test odoo.modules.loading: loading website/views/snippets/s_picture.xml 
2026-04-10 17:51:05,538 1 INFO odoo_ci_test odoo.modules.loading: loading website/views/snippets/s_image_punchy.xml 
2026-04-10 17:51:05,544 1 INFO odoo_ci_test odoo.modules.loading: loading website/views/snippets/s_bento_grid.xml 
2026-04-10 17:51:05,551 1 INFO odoo_ci_test odoo.modules.loading: loading website/views/snippets/s_carousel.xml 
2026-04-10 17:51:05,562 1 INFO odoo_ci_test odoo.modules.loading: loading website/views/snippets/s_carousel_intro.xml 
2026-04-10 17:51:05,571 1 INFO odoo_ci_test odoo.modules.loading: loading website/views/snippets/s_carousel_cards.xml 
2026-04-10 17:51:05,580 1 INFO odoo_ci_test odoo.modules.loading: loading website/views/snippets/s_alert.xml 
2026-04-10 17:51:05,589 1 INFO odoo_ci_test odoo.modules.loading: loading website/views/snippets/s_motto.xml 
2026-04-10 17:51:05,595 1 INFO odoo_ci_test odoo.modules.loading: loading website/views/snippets/s_card.xml 
2026-04-10 17:51:05,602 1 INFO odoo_ci_test odoo.modules.loading: loading website/views/snippets/s_cards_grid.xml 
2026-04-10 17:51:05,609 1 INFO odoo_ci_test odoo.modules.loading: loading website/views/snippets/s_cards_soft.xml 
2026-04-10 17:51:05,615 1 INFO odoo_ci_test odoo.modules.loading: loading website/views/snippets/s_share.xml 
2026-04-10 17:51:05,623 1 INFO odoo_ci_test odoo.modules.loading: loading website/views/snippets/s_social_media.xml 
2026-04-10 17:51:05,632 1 INFO odoo_ci_test odoo.modules.loading: loading website/views/snippets/s_rating.xml 
2026-04-10 17:51:05,641 1 INFO odoo_ci_test odoo.modules.loading: loading website/views/snippets/s_hr.xml 
2026-04-10 17:51:05,648 1 INFO odoo_ci_test odoo.modules.loading: loading website/views/snippets/s_closer_look.xml 
2026-04-10 17:51:05,655 1 INFO odoo_ci_test odoo.modules.loading: loading website/views/snippets/s_facebook_page.xml 
2026-04-10 17:51:05,661 1 INFO odoo_ci_test odoo.modules.loading: loading website/views/snippets/s_image_gallery.xml 
2026-04-10 17:51:05,681 1 INFO odoo_ci_test odoo.modules.loading: loading website/views/snippets/s_countdown.xml 
2026-04-10 17:51:05,690 1 INFO odoo_ci_test odoo.modules.loading: loading website/views/snippets/s_product_catalog.xml 
2026-04-10 17:51:05,703 1 INFO odoo_ci_test odoo.modules.loading: loading website/views/snippets/s_comparisons.xml 
2026-04-10 17:51:05,713 1 INFO odoo_ci_test odoo.modules.loading: loading website/views/snippets/s_comparisons_horizontal.xml 
2026-04-10 17:51:05,721 1 INFO odoo_ci_test odoo.modules.loading: loading website/views/snippets/s_company_team.xml 
2026-04-10 17:51:05,730 1 INFO odoo_ci_test odoo.modules.loading: loading website/views/snippets/s_company_team_basic.xml 
2026-04-10 17:51:05,737 1 INFO odoo_ci_test odoo.modules.loading: loading website/views/snippets/s_company_team_shapes.xml 
2026-04-10 17:51:05,744 1 INFO odoo_ci_test odoo.modules.loading: loading website/views/snippets/s_company_team_detail.xml 
2026-04-10 17:51:05,753 1 INFO odoo_ci_test odoo.modules.loading: loading website/views/snippets/s_company_team_spotlight.xml 
2026-04-10 17:51:05,760 1 INFO odoo_ci_test odoo.modules.loading: loading website/views/snippets/s_company_team_grid.xml 
2026-04-10 17:51:05,768 1 INFO odoo_ci_test odoo.modules.loading: loading website/views/snippets/s_company_team_card.xml 
2026-04-10 17:51:05,775 1 INFO odoo_ci_test odoo.modules.loading: loading website/views/snippets/s_call_to_action.xml 
2026-04-10 17:51:05,781 1 INFO odoo_ci_test odoo.modules.loading: loading website/views/snippets/s_references.xml 
2026-04-10 17:51:05,790 1 INFO odoo_ci_test odoo.modules.loading: loading website/views/snippets/s_references_social.xml 
2026-04-10 17:51:05,798 1 INFO odoo_ci_test odoo.modules.loading: loading website/views/snippets/s_references_grid.xml 
2026-04-10 17:51:05,804 1 INFO odoo_ci_test odoo.modules.loading: loading website/views/snippets/s_popup.xml 
2026-04-10 17:51:05,815 1 INFO odoo_ci_test odoo.modules.loading: loading website/views/snippets/s_faq_list.xml 
2026-04-10 17:51:05,822 1 INFO odoo_ci_test odoo.modules.loading: loading website/views/snippets/s_faq_collapse.xml 
2026-04-10 17:51:05,830 1 INFO odoo_ci_test odoo.modules.loading: loading website/views/snippets/s_features_grid.xml 
2026-04-10 17:51:05,841 1 INFO odoo_ci_test odoo.modules.loading: loading website/views/snippets/s_features_wave.xml 
2026-04-10 17:51:05,848 1 INFO odoo_ci_test odoo.modules.loading: loading website/views/snippets/s_tabs.xml 
2026-04-10 17:51:05,860 1 INFO odoo_ci_test odoo.modules.loading: loading website/views/snippets/s_tabs_images.xml 
2026-04-10 17:51:05,870 1 INFO odoo_ci_test odoo.modules.loading: loading website/views/snippets/s_table_of_content.xml 
2026-04-10 17:51:05,879 1 INFO odoo_ci_test odoo.modules.loading: loading website/views/snippets/s_images_constellation.xml 
2026-04-10 17:51:05,886 1 INFO odoo_ci_test odoo.modules.loading: loading website/views/snippets/s_chart.xml 
2026-04-10 17:51:05,892 1 INFO odoo_ci_test odoo.modules.loading: loading website/views/snippets/s_parallax.xml 
2026-04-10 17:51:05,898 1 INFO odoo_ci_test odoo.modules.loading: loading website/views/snippets/s_quotes_carousel.xml 
2026-04-10 17:51:05,912 1 INFO odoo_ci_test odoo.modules.loading: loading website/views/snippets/s_numbers_grid.xml 
2026-04-10 17:51:05,919 1 INFO odoo_ci_test odoo.modules.loading: loading website/views/snippets/s_quotes_carousel_minimal.xml 
2026-04-10 17:51:05,927 1 INFO odoo_ci_test odoo.modules.loading: loading website/views/snippets/s_quotes_carousel_compact.xml 
2026-04-10 17:51:05,936 1 INFO odoo_ci_test odoo.modules.loading: loading website/views/snippets/s_numbers.xml 
2026-04-10 17:51:05,942 1 INFO odoo_ci_test odoo.modules.loading: loading website/views/snippets/s_contact_info.xml 
2026-04-10 17:51:05,973 1 INFO odoo_ci_test odoo.modules.loading: loading website/views/snippets/s_numbers_boxed.xml 
2026-04-10 17:51:05,979 1 INFO odoo_ci_test odoo.modules.loading: loading website/views/snippets/s_cta_box.xml 
2026-04-10 17:51:05,984 1 INFO odoo_ci_test odoo.modules.loading: loading website/views/snippets/s_numbers_framed.xml 
2026-04-10 17:51:05,990 1 INFO odoo_ci_test odoo.modules.loading: loading website/views/snippets/s_masonry_block.xml 
2026-04-10 17:51:06,026 1 INFO odoo_ci_test odoo.modules.loading: loading website/views/snippets/s_sidegrid.xml 
2026-04-10 17:51:06,032 1 INFO odoo_ci_test odoo.modules.loading: loading website/views/snippets/s_media_list.xml 
2026-04-10 17:51:06,041 1 INFO odoo_ci_test odoo.modules.loading: loading website/views/snippets/s_showcase.xml 
2026-04-10 17:51:06,053 1 INFO odoo_ci_test odoo.modules.loading: loading website/views/snippets/s_faq_horizontal.xml 
2026-04-10 17:51:06,061 1 INFO odoo_ci_test odoo.modules.loading: loading website/views/snippets/s_floating_blocks.xml 
2026-04-10 17:51:06,069 1 INFO odoo_ci_test odoo.modules.loading: loading website/views/snippets/s_opening_hours.xml 
2026-04-10 17:51:06,075 1 INFO odoo_ci_test odoo.modules.loading: loading website/views/snippets/s_timeline.xml 
2026-04-10 17:51:06,086 1 INFO odoo_ci_test odoo.modules.loading: loading website/views/snippets/s_timeline_images.xml 
2026-04-10 17:51:06,092 1 INFO odoo_ci_test odoo.modules.loading: loading website/views/snippets/s_timeline_list.xml 
2026-04-10 17:51:06,100 1 INFO odoo_ci_test odoo.modules.loading: loading website/views/snippets/s_process_steps.xml 
2026-04-10 17:51:06,111 1 INFO odoo_ci_test odoo.modules.loading: loading website/views/snippets/s_accordion.xml 
2026-04-10 17:51:06,119 1 INFO odoo_ci_test odoo.modules.loading: loading website/views/snippets/s_website_form_info.xml 
2026-04-10 17:51:06,125 1 INFO odoo_ci_test odoo.modules.loading: loading website/views/snippets/s_numbers_showcase.xml 
2026-04-10 17:51:06,131 1 INFO odoo_ci_test odoo.modules.loading: loading website/views/snippets/s_numbers_charts.xml 
2026-04-10 17:51:06,138 1 INFO odoo_ci_test odoo.modules.loading: loading website/views/snippets/s_accordion_image.xml 
2026-04-10 17:51:06,143 1 INFO odoo_ci_test odoo.modules.loading: loading website/views/snippets/s_pricelist_boxed.xml 
2026-04-10 17:51:06,154 1 INFO odoo_ci_test odoo.modules.loading: loading website/views/snippets/s_adventure.xml 
2026-04-10 17:51:06,160 1 INFO odoo_ci_test odoo.modules.loading: loading website/views/snippets/s_image_title.xml 
2026-04-10 17:51:06,165 1 INFO odoo_ci_test odoo.modules.loading: loading website/views/snippets/s_key_images.xml 
2026-04-10 17:51:06,172 1 INFO odoo_ci_test odoo.modules.loading: loading website/views/snippets/s_kickoff.xml 
2026-04-10 17:51:06,177 1 INFO odoo_ci_test odoo.modules.loading: loading website/views/snippets/s_discovery.xml 
2026-04-10 17:51:06,183 1 INFO odoo_ci_test odoo.modules.loading: loading website/views/snippets/s_bento_banner.xml 
2026-04-10 17:51:06,189 1 INFO odoo_ci_test odoo.modules.loading: loading website/views/snippets/s_striped.xml 
2026-04-10 17:51:06,195 1 INFO odoo_ci_test odoo.modules.loading: loading website/views/snippets/s_intro_pill.xml 
2026-04-10 17:51:06,201 1 INFO odoo_ci_test odoo.modules.loading: loading website/views/snippets/s_big_number.xml 
2026-04-10 17:51:06,206 1 INFO odoo_ci_test odoo.modules.loading: loading website/views/snippets/s_wavy_grid.xml 
2026-04-10 17:51:06,213 1 INFO odoo_ci_test odoo.modules.loading: loading website/views/snippets/s_images_mosaic.xml 
2026-04-10 17:51:06,219 1 INFO odoo_ci_test odoo.modules.loading: loading website/views/snippets/s_shape_image.xml 
2026-04-10 17:51:06,225 1 INFO odoo_ci_test odoo.modules.loading: loading website/views/snippets/s_empowerment.xml 
2026-04-10 17:51:06,231 1 INFO odoo_ci_test odoo.modules.loading: loading website/views/snippets/s_split_intro.xml 
2026-04-10 17:51:06,237 1 INFO odoo_ci_test odoo.modules.loading: loading website/views/snippets/s_text_highlight.xml 
2026-04-10 17:51:06,244 1 INFO odoo_ci_test odoo.modules.loading: loading website/views/snippets/s_pricelist_cafe.xml 
2026-04-10 17:51:06,256 1 INFO odoo_ci_test odoo.modules.loading: loading website/views/snippets/s_progress_bar.xml 
2026-04-10 17:51:06,263 1 INFO odoo_ci_test odoo.modules.loading: loading website/views/snippets/s_blockquote.xml 
2026-04-10 17:51:06,272 1 INFO odoo_ci_test odoo.modules.loading: loading website/views/snippets/s_badge.xml 
2026-04-10 17:51:06,280 1 INFO odoo_ci_test odoo.modules.loading: loading website/views/snippets/s_color_blocks_2.xml 
2026-04-10 17:51:06,288 1 INFO odoo_ci_test odoo.modules.loading: loading website/views/snippets/s_attributes_horizontal.xml 
2026-04-10 17:51:06,296 1 INFO odoo_ci_test odoo.modules.loading: loading website/views/snippets/s_attributes_vertical.xml 
2026-04-10 17:51:06,304 1 INFO odoo_ci_test odoo.modules.loading: loading website/views/snippets/s_product_list.xml 
2026-04-10 17:51:06,314 1 INFO odoo_ci_test odoo.modules.loading: loading website/views/snippets/s_mega_menu_multi_menus.xml 
2026-04-10 17:51:06,321 1 INFO odoo_ci_test odoo.modules.loading: loading website/views/snippets/s_mega_menu_menu_image_menu.xml 
2026-04-10 17:51:06,328 1 INFO odoo_ci_test odoo.modules.loading: loading website/views/snippets/s_mega_menu_thumbnails.xml 
2026-04-10 17:51:06,341 1 INFO odoo_ci_test odoo.modules.loading: loading website/views/snippets/s_mega_menu_little_icons.xml 
2026-04-10 17:51:06,350 1 INFO odoo_ci_test odoo.modules.loading: loading website/views/snippets/s_mega_menu_images_subtitles.xml 
2026-04-10 17:51:06,363 1 INFO odoo_ci_test odoo.modules.loading: loading website/views/snippets/s_mega_menu_menus_logos.xml 
2026-04-10 17:51:06,373 1 INFO odoo_ci_test odoo.modules.loading: loading website/views/snippets/s_mega_menu_odoo_menu.xml 
2026-04-10 17:51:06,383 1 INFO odoo_ci_test odoo.modules.loading: loading website/views/snippets/s_mega_menu_big_icons_subtitles.xml 
2026-04-10 17:51:06,396 1 INFO odoo_ci_test odoo.modules.loading: loading website/views/snippets/s_mega_menu_cards.xml 
2026-04-10 17:51:06,410 1 INFO odoo_ci_test odoo.modules.loading: loading website/views/snippets/s_google_map.xml 
2026-04-10 17:51:06,417 1 INFO odoo_ci_test odoo.modules.loading: loading website/views/snippets/s_cta_mockups.xml 
2026-04-10 17:51:06,423 1 INFO odoo_ci_test odoo.modules.loading: loading website/views/snippets/s_map.xml 
2026-04-10 17:51:06,431 1 INFO odoo_ci_test odoo.modules.loading: loading website/views/snippets/s_dynamic_snippet.xml 
2026-04-10 17:51:06,445 1 INFO odoo_ci_test odoo.modules.loading: loading website/views/snippets/s_dynamic_snippet_carousel.xml 
2026-04-10 17:51:06,453 1 INFO odoo_ci_test odoo.modules.loading: loading website/views/snippets/s_banner_product.xml 
2026-04-10 17:51:06,460 1 INFO odoo_ci_test odoo.modules.loading: loading website/views/snippets/s_embed_code.xml 
2026-04-10 17:51:06,468 1 INFO odoo_ci_test odoo.modules.loading: loading website/views/snippets/s_website_form.xml 
2026-04-10 17:51:06,483 1 INFO odoo_ci_test odoo.modules.loading: loading website/views/snippets/s_website_form_overlay.xml 
2026-04-10 17:51:06,490 1 INFO odoo_ci_test odoo.modules.loading: loading website/views/snippets/s_title_form.xml 
2026-04-10 17:51:06,496 1 INFO odoo_ci_test odoo.modules.loading: loading website/views/snippets/s_searchbar.xml 
2026-04-10 17:51:06,509 1 INFO odoo_ci_test odoo.modules.loading: loading website/views/snippets/s_inline_text.xml 
2026-04-10 17:51:06,515 1 INFO odoo_ci_test odoo.modules.loading: loading website/views/snippets/s_button.xml 
2026-04-10 17:51:06,521 1 INFO odoo_ci_test odoo.modules.loading: loading website/views/snippets/s_freegrid.xml 
2026-04-10 17:51:06,528 1 INFO odoo_ci_test odoo.modules.loading: loading website/views/snippets/s_card_offset.xml 
2026-04-10 17:51:06,535 1 INFO odoo_ci_test odoo.modules.loading: loading website/views/snippets/s_image.xml 
2026-04-10 17:51:06,541 1 INFO odoo_ci_test odoo.modules.loading: loading website/views/snippets/s_video.xml 
2026-04-10 17:51:06,547 1 INFO odoo_ci_test odoo.modules.loading: loading website/views/snippets/s_cta_badge.xml 
2026-04-10 17:51:06,553 1 INFO odoo_ci_test odoo.modules.loading: loading website/views/snippets/s_unveil.xml 
2026-04-10 17:51:06,560 1 INFO odoo_ci_test odoo.modules.loading: loading website/views/snippets/s_image_hexagonal.xml 
2026-04-10 17:51:06,567 1 INFO odoo_ci_test odoo.modules.loading: loading website/views/snippets/s_striped_center_top.xml 
2026-04-10 17:51:06,573 1 INFO odoo_ci_test odoo.modules.loading: loading website/views/snippets/s_numbers_list.xml 
2026-04-10 17:51:06,580 1 INFO odoo_ci_test odoo.modules.loading: loading website/views/snippets/s_quadrant.xml 
2026-04-10 17:51:06,589 1 INFO odoo_ci_test odoo.modules.loading: loading website/views/snippets/s_cta_card.xml 
2026-04-10 17:51:06,595 1 INFO odoo_ci_test odoo.modules.loading: loading website/views/snippets/s_image_frame.xml 
2026-04-10 17:51:06,602 1 INFO odoo_ci_test odoo.modules.loading: loading website/views/snippets/s_cta_mobile.xml 
2026-04-10 17:51:06,609 1 INFO odoo_ci_test odoo.modules.loading: loading website/views/snippets/s_reviews_wall.xml 
2026-04-10 17:51:06,621 1 INFO odoo_ci_test odoo.modules.loading: loading website/views/snippets/s_website_form_cover.xml 
2026-04-10 17:51:06,629 1 INFO odoo_ci_test odoo.modules.loading: loading website/views/snippets/s_form_aside.xml 
2026-04-10 17:51:06,636 1 INFO odoo_ci_test odoo.modules.loading: loading website/views/snippets/s_banner_connected.xml 
2026-04-10 17:51:06,642 1 INFO odoo_ci_test odoo.modules.loading: loading website/views/snippets/s_ecomm_categories_showcase.xml 
2026-04-10 17:51:06,651 1 INFO odoo_ci_test odoo.modules.loading: loading website/views/snippets/s_banner_categories.xml 
2026-04-10 17:51:06,660 1 INFO odoo_ci_test odoo.modules.loading: loading website/views/new_page_template_templates.xml 
2026-04-10 17:51:07,826 1 INFO odoo_ci_test odoo.addons.website.models.ir_module_module: Generated 227 primary snippet templates for 'website' 
2026-04-10 17:51:07,895 1 INFO odoo_ci_test odoo.addons.website.models.ir_module_module: Generated 39 primary page templates for 'website' 
2026-04-10 17:51:07,895 1 INFO odoo_ci_test odoo.modules.loading: loading website/views/website_views.xml 
2026-04-10 17:51:08,059 1 INFO odoo_ci_test odoo.modules.loading: loading website/views/website_pages_views.xml 
2026-04-10 17:51:08,130 1 INFO odoo_ci_test odoo.modules.loading: loading website/views/website_controller_pages_views.xml 
2026-04-10 17:51:08,161 1 INFO odoo_ci_test odoo.modules.loading: loading website/views/website_visitor_views.xml 
2026-04-10 17:51:08,245 1 INFO odoo_ci_test odoo.modules.loading: loading website/views/res_config_settings_views.xml 
2026-04-10 17:51:08,309 1 INFO odoo_ci_test odoo.modules.loading: loading website/views/website_rewrite.xml 
2026-04-10 17:51:08,334 1 INFO odoo_ci_test odoo.modules.loading: loading website/views/ir_actions_server_views.xml 
2026-04-10 17:51:08,359 1 INFO odoo_ci_test odoo.modules.loading: loading website/views/ir_asset_views.xml 
2026-04-10 17:51:08,376 1 INFO odoo_ci_test odoo.modules.loading: loading website/views/ir_attachment_views.xml 
2026-04-10 17:51:08,393 1 INFO odoo_ci_test odoo.modules.loading: loading website/views/ir_model_views.xml 
2026-04-10 17:51:08,423 1 INFO odoo_ci_test odoo.modules.loading: loading website/views/res_partner_views.xml 
2026-04-10 17:51:08,436 1 INFO odoo_ci_test odoo.modules.loading: loading website/views/neutralize_views.xml 
2026-04-10 17:51:08,447 1 INFO odoo_ci_test odoo.modules.loading: loading website/wizard/base_language_install_views.xml 
2026-04-10 17:51:08,457 1 INFO odoo_ci_test odoo.modules.loading: loading website/wizard/blocked_third_party_domains.xml 
2026-04-10 17:51:08,465 1 INFO odoo_ci_test odoo.modules.loading: loading website/wizard/website_robots.xml 
2026-04-10 17:51:08,473 1 INFO odoo_ci_test odoo.modules.loading: loading website/data/update_theme_images.xml 
2026-04-10 17:51:08,523 1 INFO odoo_ci_test odoo.modules.loading: loading website/views/website_templates_svg.xml 
2026-04-10 17:51:08,625 1 INFO odoo_ci_test odoo.modules.loading: Module website loaded in 6.48s, 7876 queries (+7876 other) 
2026-04-10 17:51:08,625 1 INFO odoo_ci_test odoo.modules.loading: Loading module sports_federation_portal (46/48) 
2026-04-10 17:51:08,649 1 INFO odoo_ci_test odoo.registry: module sports_federation_portal: creating or updating database tables 
2026-04-10 17:51:08,677 1 INFO odoo_ci_test odoo.models: Prepare computation of res.partner.federation_representative_count 
2026-04-10 17:51:08,685 1 INFO odoo_ci_test odoo.models: Prepare computation of res.users.represented_club_ids 
2026-04-10 17:51:08,685 1 INFO odoo_ci_test odoo.models: Prepare computation of res.users.representative_count 
2026-04-10 17:51:08,856 1 INFO odoo_ci_test odoo.modules.loading: loading sports_federation_portal/security/res_groups.xml 
2026-04-10 17:51:08,870 1 INFO odoo_ci_test odoo.modules.loading: loading sports_federation_portal/security/ir.model.access.csv 
2026-04-10 17:51:08,886 1 INFO odoo_ci_test odoo.modules.loading: loading sports_federation_portal/security/ir_rule.xml 
2026-04-10 17:51:08,948 1 INFO odoo_ci_test odoo.modules.loading: loading sports_federation_portal/data/federation_club_role_type.xml 
2026-04-10 17:51:08,960 1 INFO odoo_ci_test odoo.modules.loading: loading sports_federation_portal/data/ir_sequence.xml 
2026-04-10 17:51:08,964 1 INFO odoo_ci_test odoo.modules.loading: loading sports_federation_portal/views/federation_club_role_type_views.xml 
2026-04-10 17:51:08,989 1 INFO odoo_ci_test odoo.modules.loading: loading sports_federation_portal/views/federation_club_representative_views.xml 
2026-04-10 17:51:09,009 1 INFO odoo_ci_test odoo.modules.loading: loading sports_federation_portal/views/federation_club_views.xml 
2026-04-10 17:51:09,021 1 INFO odoo_ci_test odoo.modules.loading: loading sports_federation_portal/views/res_partner_views.xml 
2026-04-10 17:51:09,034 1 INFO odoo_ci_test odoo.modules.loading: loading sports_federation_portal/views/res_users_views.xml 
2026-04-10 17:51:09,048 1 INFO odoo_ci_test odoo.modules.loading: loading sports_federation_portal/views/federation_season_registration_views.xml 
2026-04-10 17:51:09,075 1 INFO odoo_ci_test odoo.modules.loading: loading sports_federation_portal/views/federation_tournament_registration_views.xml 
2026-04-10 17:51:09,095 1 INFO odoo_ci_test odoo.modules.loading: loading sports_federation_portal/views/federation_tournament_views.xml 
2026-04-10 17:51:09,106 1 INFO odoo_ci_test odoo.modules.loading: loading sports_federation_portal/views/federation_club_representative_portal_views.xml 
2026-04-10 17:51:09,120 1 INFO odoo_ci_test odoo.modules.loading: loading sports_federation_portal/views/website_tournament_templates.xml 
2026-04-10 17:51:09,138 1 INFO odoo_ci_test odoo.modules.loading: loading sports_federation_portal/views/portal_templates.xml 
2026-04-10 17:51:09,183 1 INFO odoo_ci_test odoo.modules.loading: loading sports_federation_portal/views/portal_roster_templates.xml 
2026-04-10 17:51:09,212 1 INFO odoo_ci_test odoo.modules.loading: loading sports_federation_portal/views/menu_items.xml 
2026-04-10 17:51:09,222 1 INFO odoo_ci_test odoo.modules.loading: loading sports_federation_portal/views/website_menus.xml 
2026-04-10 17:51:09,398 1 INFO odoo_ci_test odoo.addons.sports_federation_portal.tests.test_club_representative: Starting TestClubRepresentative.test_create_multiple_representatives ... 
2026-04-10 17:51:09,423 1 INFO odoo_ci_test odoo.addons.sports_federation_portal.tests.test_club_representative: Starting TestClubRepresentative.test_date_validation ... 
2026-04-10 17:51:09,428 1 INFO odoo_ci_test odoo.addons.sports_federation_portal.tests.test_club_representative: Starting TestClubRepresentative.test_get_club_for_user ... 
2026-04-10 17:51:09,435 1 INFO odoo_ci_test odoo.addons.sports_federation_portal.tests.test_club_representative: Starting TestClubRepresentative.test_get_clubs_for_user ... 
2026-04-10 17:51:09,450 1 INFO odoo_ci_test odoo.addons.sports_federation_portal.tests.test_club_representative: Starting TestClubRepresentative.test_get_primary_contact ... 
2026-04-10 17:51:09,459 1 INFO odoo_ci_test odoo.addons.sports_federation_portal.tests.test_club_representative: Starting TestClubRepresentative.test_is_current_computation ... 
2026-04-10 17:51:09,463 1 INFO odoo_ci_test odoo.addons.sports_federation_portal.tests.test_club_representative: Starting TestClubRepresentative.test_multiple_primaries_different_roles ... 
2026-04-10 17:51:09,468 1 INFO odoo_ci_test odoo.addons.sports_federation_portal.tests.test_club_representative: Starting TestClubRepresentative.test_partner_club_role_uniqueness ... 
2026-04-10 17:51:09,479 1 ERROR odoo_ci_test odoo.sql_db: bad query: b'INSERT INTO "federation_club_representative" ("active", "club_id", "create_date", "create_uid", "is_primary", "partner_id", "role", "role_type_id", "write_date", "write_uid") VALUES (true, 1, \'2026-04-10T17:51:09.277452\'::timestamp, 1, false, 7, \'primary\', 1, \'2026-04-10T17:51:09.277452\'::timestamp, 1) RETURNING "id"'
ERROR: duplicate key value violates unique constraint "federation_club_representative_partner_club_role_unique"
DETAIL:  Key (partner_id, club_id, role_type_id)=(7, 1, 1) already exists.
 
2026-04-10 17:51:09,480 1 INFO odoo_ci_test odoo.addons.sports_federation_portal.tests.test_club_representative: Starting TestClubRepresentative.test_partner_representative_count ... 
2026-04-10 17:51:09,493 1 INFO odoo_ci_test odoo.addons.sports_federation_portal.tests.test_club_representative: Starting TestClubRepresentative.test_primary_contact_uniqueness ... 
2026-04-10 17:51:09,506 1 INFO odoo_ci_test odoo.addons.sports_federation_portal.tests.test_club_representative: Starting TestClubRepresentative.test_role_type_get_by_code ... 
2026-04-10 17:51:09,508 1 INFO odoo_ci_test odoo.addons.sports_federation_portal.tests.test_club_representative: Starting TestClubRepresentative.test_role_type_linkage ... 
2026-04-10 17:51:09,511 1 INFO odoo_ci_test odoo.addons.sports_federation_portal.tests.test_club_representative: Starting TestClubRepresentative.test_user_represented_clubs ... 
2026-04-10 17:51:09,592 1 INFO odoo_ci_test odoo.addons.base.models.ir_attachment: filestore gc 19 checked, 1 removed 
2026-04-10 17:51:09,807 1 INFO odoo_ci_test odoo.addons.sports_federation_portal.tests.test_roster_portal_access: Starting TestRosterPortalAccess.test_portal_user_cannot_modify_roster_records ... 
2026-04-10 17:51:09,834 1 INFO odoo_ci_test odoo.addons.base.models.ir_model: Access Denied by ACLs for operation: write, uid: 6, model: federation.team.roster 
2026-04-10 17:51:09,842 1 INFO odoo_ci_test odoo.addons.base.models.ir_model: Access Denied by ACLs for operation: write, uid: 6, model: federation.match.sheet 
2026-04-10 17:51:09,844 1 INFO odoo_ci_test odoo.addons.sports_federation_portal.tests.test_roster_portal_access: Starting TestRosterPortalAccess.test_portal_user_only_sees_own_rosters_match_sheets_and_audit ... 
2026-04-10 17:51:09,942 1 INFO odoo_ci_test odoo.addons.base.models.ir_attachment: filestore gc 0 checked, 0 removed 
2026-04-10 17:51:10,058 1 INFO odoo_ci_test odoo.addons.sports_federation_portal.tests.test_season_registration: Starting TestSeasonRegistrationOwnership.test_portal_user_can_create_owned_season_registration ... 
2026-04-10 17:51:10,082 1 INFO odoo_ci_test odoo.addons.sports_federation_portal.tests.test_season_registration: Starting TestSeasonRegistrationOwnership.test_portal_user_cannot_create_other_club_registration ... 
2026-04-10 17:51:10,096 1 INFO odoo_ci_test odoo.addons.sports_federation_portal.tests.test_season_registration: Starting TestSeasonRegistrationOwnership.test_submitted_registration_can_be_confirmed_by_staff ... 
2026-04-10 17:51:10,198 1 INFO odoo_ci_test odoo.addons.base.models.ir_attachment: filestore gc 0 checked, 0 removed 
2026-04-10 17:51:10,370 1 INFO odoo_ci_test odoo.addons.sports_federation_portal.tests.test_tournament_registration: Starting TestTournamentRegistration.test_portal_user_only_sees_own_tournament_registrations ... 
2026-04-10 17:51:10,411 1 INFO odoo_ci_test odoo.addons.base.models.ir_rule: Access Denied by record rules for operation: read on record ids: [2], uid: 9, model: federation.tournament.registration 
2026-04-10 17:51:10,419 1 INFO odoo_ci_test odoo.addons.sports_federation_portal.tests.test_tournament_registration: Starting TestTournamentRegistration.test_registration_accepts_eligible_team ... 
2026-04-10 17:51:10,439 1 INFO odoo_ci_test odoo.addons.sports_federation_portal.tests.test_tournament_registration: Starting TestTournamentRegistration.test_registration_backend_domain_uses_eligible_teams ... 
2026-04-10 17:51:10,447 1 INFO odoo_ci_test odoo.addons.sports_federation_portal.tests.test_tournament_registration: Starting TestTournamentRegistration.test_registration_backend_feedback_explains_duplicate_team ... 
2026-04-10 17:51:10,470 1 INFO odoo_ci_test odoo.addons.sports_federation_portal.tests.test_tournament_registration: Starting TestTournamentRegistration.test_registration_rejects_ineligible_team ... 
2026-04-10 17:51:10,486 1 INFO odoo_ci_test odoo.addons.sports_federation_portal.tests.test_tournament_registration: Starting TestTournamentRegistration.test_tournament_action_view_registration_requests ... 
2026-04-10 17:51:10,599 1 INFO odoo_ci_test odoo.addons.base.models.ir_attachment: filestore gc 0 checked, 0 removed 
2026-04-10 17:51:10,599 1 INFO odoo_ci_test odoo.modules.loading: Module sports_federation_portal loaded in 1.97s (incl. 1.33s test), 809 queries (+1280 test, +809 other) 
2026-04-10 17:51:10,599 1 INFO odoo_ci_test odoo.modules.loading: Loading module website_mail (47/48) 
2026-04-10 17:51:10,606 1 INFO odoo_ci_test odoo.registry: module website_mail: creating or updating database tables 
2026-04-10 17:51:10,617 1 INFO odoo_ci_test odoo.modules.loading: loading website_mail/views/website_mail_templates.xml 
2026-04-10 17:51:10,646 1 INFO odoo_ci_test odoo.modules.loading: Module website_mail loaded in 0.05s, 31 queries (+31 other) 
2026-04-10 17:51:10,646 1 INFO odoo_ci_test odoo.modules.loading: Loading module website_sms (48/48) 
2026-04-10 17:51:10,653 1 INFO odoo_ci_test odoo.registry: module website_sms: creating or updating database tables 
2026-04-10 17:51:10,669 1 INFO odoo_ci_test odoo.modules.loading: loading website_sms/views/website_visitor_views.xml 
2026-04-10 17:51:10,715 1 INFO odoo_ci_test odoo.modules.loading: Module website_sms loaded in 0.07s, 68 queries (+68 other) 
2026-04-10 17:51:10,715 1 INFO odoo_ci_test odoo.modules.loading: 48 modules loaded in 21.65s, 28651 queries (+29932 extra) 
2026-04-10 17:51:11,192 1 INFO odoo_ci_test odoo.modules.loading: Modules loaded. 
2026-04-10 17:51:11,201 1 INFO odoo_ci_test odoo.registry: Registry changed, signaling through the database 
2026-04-10 17:51:11,202 1 INFO odoo_ci_test odoo.registry: Registry loaded in 30.349s 
2026-04-10 17:51:11,202 1 INFO odoo_ci_test odoo.service.server: Starting post tests 
2026-04-10 17:51:11,228 1 INFO odoo_ci_test odoo.service.server: 0 post-tests in 0.03s, 0 queries 
2026-04-10 17:51:11,228 1 INFO odoo_ci_test odoo.tests.stats: sports_federation_portal: 32 tests 1.33s 1280 queries 
2026-04-10 17:51:11,229 1 INFO odoo_ci_test odoo.tests.result: 0 failed, 0 error(s) of 24 tests when loading database 'odoo_ci_test' 
2026-04-10 17:51:11,229 1 INFO odoo_ci_test odoo.service.server: Initiating shutdown 
2026-04-10 17:51:11,229 1 INFO odoo_ci_test odoo.service.server: Hit CTRL-C again or send a second signal to force the shutdown. 
2026-04-10 17:51:11,411 1 INFO odoo_ci_test odoo.sql_db: ConnectionPool(read/write;used=0/count=0/max=64): Closed 2 connections  
