 Container sf_ci-ci-db-1  Running
Running as user 'root' is a security risk.
2026-04-12 17:31:07,584 1 WARNING ? odoo.tools.config: missing --http-interface/http_interface, using 0.0.0.0 by default, will change to 127.0.0.1 in 20.0 
2026-04-12 17:31:07,584 1 INFO ? odoo: Odoo version 19.0-20260324 
2026-04-12 17:31:07,584 1 INFO ? odoo: Using configuration file at /etc/odoo/odoo.conf 
2026-04-12 17:31:07,584 1 INFO ? odoo: addons paths: _NamespacePath(['/usr/lib/python3/dist-packages/odoo/addons', '/var/lib/odoo/addons/19.0', '/mnt/extra-addons', '/usr/lib/python3/dist-packages/addons']) 
2026-04-12 17:31:07,584 1 INFO ? odoo: database: odoo@ci-db:5432 
2026-04-12 17:31:07,848 1 INFO ? odoo.service.server: HTTP service (werkzeug) running on 469d3ce3ab1f:8069 
2026-04-12 17:31:07,866 1 INFO odoo_ci_test odoo.tests.common: Importing test framework 
2026-04-12 17:31:07,894 1 INFO odoo_ci_test odoo.modules.loading: Initializing database odoo_ci_test 
2026-04-12 17:31:08,953 1 INFO odoo_ci_test odoo.modules.loading: loading 1 modules... 
2026-04-12 17:31:08,954 1 INFO odoo_ci_test odoo.modules.loading: Loading module base (1/1) 
2026-04-12 17:31:08,982 1 INFO odoo_ci_test odoo.registry: module base: creating or updating database tables 
2026-04-12 17:31:09,225 1 INFO odoo_ci_test odoo.models: Prepare computation of ir.module.module.menus_by_module 
2026-04-12 17:31:09,225 1 INFO odoo_ci_test odoo.models: Prepare computation of ir.module.module.reports_by_module 
2026-04-12 17:31:09,225 1 INFO odoo_ci_test odoo.models: Prepare computation of ir.module.module.views_by_module 
2026-04-12 17:31:09,298 1 INFO odoo_ci_test odoo.models: Prepare computation of res.partner.user_id 
2026-04-12 17:31:09,298 1 INFO odoo_ci_test odoo.models: Prepare computation of res.partner.commercial_partner_id 
2026-04-12 17:31:09,298 1 INFO odoo_ci_test odoo.models: Prepare computation of res.partner.complete_name 
2026-04-12 17:31:09,299 1 INFO odoo_ci_test odoo.models: Prepare computation of res.partner.lang 
2026-04-12 17:31:09,299 1 INFO odoo_ci_test odoo.models: Prepare computation of res.partner.company_registry 
2026-04-12 17:31:09,299 1 INFO odoo_ci_test odoo.models: Prepare computation of res.partner.commercial_company_name 
2026-04-12 17:31:09,299 1 INFO odoo_ci_test odoo.models: Prepare computation of res.partner.properties 
2026-04-12 17:31:09,299 1 INFO odoo_ci_test odoo.models: Prepare computation of res.partner.partner_share 
2026-04-12 17:31:09,322 1 INFO odoo_ci_test odoo.models: Prepare computation of res.currency.decimal_places 
2026-04-12 17:31:09,339 1 INFO odoo_ci_test odoo.models: Prepare computation of res.company.uses_default_logo 
2026-04-12 17:31:09,339 1 INFO odoo_ci_test odoo.models: Prepare computation of res.company.logo_web 
2026-04-12 17:31:09,341 1 INFO odoo_ci_test odoo.models: Computing parent_path for table res_company... 
2026-04-12 17:31:09,361 1 INFO odoo_ci_test odoo.models: Prepare computation of res.users.signature 
2026-04-12 17:31:09,361 1 INFO odoo_ci_test odoo.models: Prepare computation of res.users.share 
2026-04-12 17:31:10,603 1 INFO odoo_ci_test odoo.modules.loading: loading base/data/res_bank.xml 
2026-04-12 17:31:10,609 1 INFO odoo_ci_test odoo.modules.loading: loading base/data/res.lang.csv 
2026-04-12 17:31:10,649 1 INFO odoo_ci_test odoo.modules.loading: loading base/data/res_lang_data.xml 
2026-04-12 17:31:10,680 1 INFO odoo_ci_test odoo.modules.loading: loading base/data/res_partner_data.xml 
2026-04-12 17:31:10,725 1 INFO odoo_ci_test odoo.modules.loading: loading base/data/res_currency_data.xml 
2026-04-12 17:31:11,152 1 INFO odoo_ci_test odoo.modules.loading: loading base/data/res_company_data.xml 
2026-04-12 17:31:11,159 1 INFO odoo_ci_test odoo.modules.loading: loading base/data/res_users_data.xml 
2026-04-12 17:31:12,166 1 INFO odoo_ci_test odoo.modules.loading: loading base/data/report_paperformat_data.xml 
2026-04-12 17:31:12,173 1 INFO odoo_ci_test odoo.modules.loading: loading base/data/res_country_data.xml 
2026-04-12 17:31:12,707 1 INFO odoo_ci_test odoo.modules.loading: loading base/data/ir_demo_data.xml 
2026-04-12 17:31:12,721 1 INFO odoo_ci_test odoo.modules.loading: loading base/security/base_groups.xml 
2026-04-12 17:31:12,916 1 INFO odoo_ci_test odoo.modules.loading: loading base/security/base_security.xml 
2026-04-12 17:31:13,102 1 INFO odoo_ci_test odoo.modules.loading: loading base/wizard/wizard_ir_model_menu_create_views.xml 
2026-04-12 17:31:13,115 1 INFO odoo_ci_test odoo.modules.loading: loading base/views/base_menus.xml 
2026-04-12 17:31:13,176 1 INFO odoo_ci_test odoo.modules.loading: loading base/views/decimal_precision_views.xml 
2026-04-12 17:31:13,195 1 INFO odoo_ci_test odoo.modules.loading: loading base/views/res_config_views.xml 
2026-04-12 17:31:13,202 1 INFO odoo_ci_test odoo.modules.loading: loading base/data/res.country.state.csv 
2026-04-12 17:31:13,533 1 INFO odoo_ci_test odoo.modules.loading: loading base/views/ir_actions_views.xml 
2026-04-12 17:31:13,672 1 INFO odoo_ci_test odoo.modules.loading: loading base/views/ir_asset_views.xml 
2026-04-12 17:31:13,690 1 INFO odoo_ci_test odoo.modules.loading: loading base/views/ir_config_parameter_views.xml 
2026-04-12 17:31:13,706 1 INFO odoo_ci_test odoo.modules.loading: loading base/views/ir_cron_views.xml 
2026-04-12 17:31:13,734 1 INFO odoo_ci_test odoo.modules.loading: loading base/views/ir_cron_trigger_views.xml 
2026-04-12 17:31:13,751 1 INFO odoo_ci_test odoo.modules.loading: loading base/views/ir_filters_views.xml 
2026-04-12 17:31:13,773 1 INFO odoo_ci_test odoo.modules.loading: loading base/views/ir_mail_server_views.xml 
2026-04-12 17:31:13,794 1 INFO odoo_ci_test odoo.modules.loading: loading base/views/ir_model_views.xml 
2026-04-12 17:31:13,926 1 INFO odoo_ci_test odoo.modules.loading: loading base/views/ir_attachment_views.xml 
2026-04-12 17:31:13,946 1 INFO odoo_ci_test odoo.modules.loading: loading base/views/ir_rule_views.xml 
2026-04-12 17:31:13,965 1 INFO odoo_ci_test odoo.modules.loading: loading base/views/ir_sequence_views.xml 
2026-04-12 17:31:13,986 1 INFO odoo_ci_test odoo.modules.loading: loading base/views/ir_ui_menu_views.xml 
2026-04-12 17:31:14,006 1 INFO odoo_ci_test odoo.modules.loading: loading base/views/ir_ui_view_views.xml 
2026-04-12 17:31:14,053 1 INFO odoo_ci_test odoo.modules.loading: loading base/views/ir_default_views.xml 
2026-04-12 17:31:14,072 1 INFO odoo_ci_test odoo.modules.loading: loading base/data/ir_config_parameter_data.xml 
2026-04-12 17:31:14,075 1 INFO odoo_ci_test odoo.modules.loading: loading base/data/ir_cron_data.xml 
2026-04-12 17:31:14,087 1 INFO odoo_ci_test odoo.modules.loading: loading base/report/ir_model_report.xml 
2026-04-12 17:31:14,091 1 INFO odoo_ci_test odoo.modules.loading: loading base/report/ir_model_templates.xml 
2026-04-12 17:31:14,099 1 INFO odoo_ci_test odoo.modules.loading: loading base/views/ir_logging_views.xml 
2026-04-12 17:31:14,118 1 INFO odoo_ci_test odoo.modules.loading: loading base/views/ir_qweb_widget_templates.xml 
2026-04-12 17:31:14,132 1 INFO odoo_ci_test odoo.modules.loading: loading base/views/ir_module_views.xml 
2026-04-12 17:31:14,183 1 INFO odoo_ci_test odoo.modules.loading: loading base/data/ir_module_category_data.xml 
2026-04-12 17:31:14,219 1 INFO odoo_ci_test odoo.modules.loading: loading base/data/ir_module_module.xml 
2026-04-12 17:31:14,275 1 INFO odoo_ci_test odoo.modules.loading: loading base/report/ir_module_reports.xml 
2026-04-12 17:31:14,278 1 INFO odoo_ci_test odoo.modules.loading: loading base/report/ir_module_report_templates.xml 
2026-04-12 17:31:14,285 1 INFO odoo_ci_test odoo.modules.loading: loading base/wizard/base_module_update_views.xml 
2026-04-12 17:31:14,297 1 INFO odoo_ci_test odoo.modules.loading: loading base/wizard/base_language_install_views.xml 
2026-04-12 17:31:14,313 1 INFO odoo_ci_test odoo.modules.loading: loading base/wizard/base_import_language_views.xml 
2026-04-12 17:31:14,323 1 INFO odoo_ci_test odoo.modules.loading: loading base/wizard/base_module_upgrade_views.xml 
2026-04-12 17:31:14,338 1 INFO odoo_ci_test odoo.modules.loading: loading base/wizard/base_module_uninstall_views.xml 
2026-04-12 17:31:14,347 1 INFO odoo_ci_test odoo.modules.loading: loading base/wizard/base_export_language_views.xml 
2026-04-12 17:31:14,358 1 INFO odoo_ci_test odoo.modules.loading: loading base/wizard/base_partner_merge_views.xml 
2026-04-12 17:31:14,372 1 INFO odoo_ci_test odoo.modules.loading: loading base/data/ir_demo_failure_data.xml 
2026-04-12 17:31:14,387 1 INFO odoo_ci_test odoo.modules.loading: loading base/views/ir_profile_views.xml 
2026-04-12 17:31:14,410 1 INFO odoo_ci_test odoo.modules.loading: loading base/views/res_company_views.xml 
2026-04-12 17:31:14,430 1 INFO odoo_ci_test odoo.modules.loading: loading base/views/res_lang_views.xml 
2026-04-12 17:31:14,449 1 INFO odoo_ci_test odoo.modules.loading: loading base/views/res_partner_views.xml 
2026-04-12 17:31:14,533 1 INFO odoo_ci_test odoo.modules.loading: loading base/views/res_bank_views.xml 
2026-04-12 17:31:14,565 1 INFO odoo_ci_test odoo.modules.loading: loading base/views/res_country_views.xml 
2026-04-12 17:31:14,605 1 INFO odoo_ci_test odoo.modules.loading: loading base/views/res_currency_views.xml 
2026-04-12 17:31:14,641 1 INFO odoo_ci_test odoo.modules.loading: loading base/views/res_groups_views.xml 
2026-04-12 17:31:14,682 1 INFO odoo_ci_test odoo.modules.loading: loading base/views/res_users_views.xml 
2026-04-12 17:31:14,771 1 INFO odoo_ci_test odoo.modules.loading: loading base/views/res_users_apikeys_views.xml 
2026-04-12 17:31:14,777 1 INFO odoo_ci_test odoo.modules.loading: loading base/views/res_device_views.xml 
2026-04-12 17:31:14,797 1 INFO odoo_ci_test odoo.modules.loading: loading base/views/res_users_identitycheck_views.xml 
2026-04-12 17:31:14,805 1 INFO odoo_ci_test odoo.modules.loading: loading base/views/res_config_settings_views.xml 
2026-04-12 17:31:14,813 1 INFO odoo_ci_test odoo.modules.loading: loading base/views/report_paperformat_views.xml 
2026-04-12 17:31:14,836 1 INFO odoo_ci_test odoo.modules.loading: loading base/security/ir.model.access.csv 
2026-04-12 17:31:15,129 1 INFO odoo_ci_test odoo.modules.loading: Module base loaded in 6.18s, 8397 queries (+8397 other) 
2026-04-12 17:31:15,129 1 INFO odoo_ci_test odoo.modules.loading: 1 modules loaded in 6.18s, 8397 queries (+8397 extra) 
2026-04-12 17:31:15,132 1 INFO odoo_ci_test odoo.modules.loading: updating modules list 
2026-04-12 17:31:15,133 1 INFO odoo_ci_test odoo.addons.base.models.ir_module: ALLOW access to module.update_list on [] to user __system__ #1 via n/a 
2026-04-12 17:31:15,940 1 INFO odoo_ci_test odoo.addons.base.models.ir_module: ALLOW access to module.button_install on ['Sports Federation Competition Engine'] to user __system__ #1 via n/a 
2026-04-12 17:31:16,020 1 INFO odoo_ci_test odoo.modules.loading: loading 32 modules... 
2026-04-12 17:31:16,020 1 INFO odoo_ci_test odoo.modules.loading: Loading module rpc (2/32) 
2026-04-12 17:31:16,036 1 INFO odoo_ci_test odoo.modules.loading: Module rpc loaded in 0.02s, 9 queries (+9 other) 
2026-04-12 17:31:16,036 1 INFO odoo_ci_test odoo.modules.loading: Loading module web (3/32) 
2026-04-12 17:31:16,068 1 INFO odoo_ci_test odoo.registry: module web: creating or updating database tables 
2026-04-12 17:31:16,511 1 INFO odoo_ci_test odoo.modules.loading: loading web/security/ir.model.access.csv 
2026-04-12 17:31:16,519 1 INFO odoo_ci_test odoo.modules.loading: loading web/security/web_security.xml 
2026-04-12 17:31:16,534 1 INFO odoo_ci_test odoo.modules.loading: loading web/views/webclient_templates.xml 
2026-04-12 17:31:16,586 1 INFO odoo_ci_test odoo.modules.loading: loading web/views/report_templates.xml 
2026-04-12 17:31:16,672 1 INFO odoo_ci_test odoo.modules.loading: loading web/views/base_document_layout_views.xml 
2026-04-12 17:31:16,687 1 INFO odoo_ci_test odoo.modules.loading: loading web/views/partner_view.xml 
2026-04-12 17:31:16,693 1 INFO odoo_ci_test odoo.modules.loading: loading web/views/speedscope_template.xml 
2026-04-12 17:31:16,698 1 INFO odoo_ci_test odoo.modules.loading: loading web/views/memory_template.xml 
2026-04-12 17:31:16,705 1 INFO odoo_ci_test odoo.modules.loading: loading web/views/speedscope_config_wizard.xml 
2026-04-12 17:31:16,711 1 INFO odoo_ci_test odoo.modules.loading: loading web/views/neutralize_views.xml 
2026-04-12 17:31:16,719 1 INFO odoo_ci_test odoo.modules.loading: loading web/views/ir_ui_view_views.xml 
2026-04-12 17:31:16,729 1 INFO odoo_ci_test odoo.modules.loading: loading web/data/ir_attachment.xml 
2026-04-12 17:31:16,733 1 INFO odoo_ci_test odoo.modules.loading: loading web/data/report_layout.xml 
2026-04-12 17:31:16,786 1 INFO odoo_ci_test odoo.modules.loading: Module web loaded in 0.75s, 1232 queries (+1232 other) 
2026-04-12 17:31:16,786 1 INFO odoo_ci_test odoo.modules.loading: Loading module api_doc (4/32) 
2026-04-12 17:31:16,792 1 INFO odoo_ci_test odoo.registry: module api_doc: creating or updating database tables 
2026-04-12 17:31:16,807 1 INFO odoo_ci_test odoo.modules.loading: loading api_doc/security/res_groups.xml 
2026-04-12 17:31:16,827 1 INFO odoo_ci_test odoo.modules.loading: loading api_doc/views/docclient.xml 
2026-04-12 17:31:16,844 1 INFO odoo_ci_test odoo.modules.loading: Module api_doc loaded in 0.06s, 63 queries (+63 other) 
2026-04-12 17:31:16,844 1 INFO odoo_ci_test odoo.modules.loading: Loading module auth_totp (5/32) 
2026-04-12 17:31:16,860 1 INFO odoo_ci_test odoo.registry: module auth_totp: creating or updating database tables 
2026-04-12 17:31:16,923 1 INFO odoo_ci_test odoo.modules.loading: loading auth_totp/security/security.xml 
2026-04-12 17:31:16,943 1 INFO odoo_ci_test odoo.modules.loading: loading auth_totp/security/ir.model.access.csv 
2026-04-12 17:31:16,949 1 INFO odoo_ci_test odoo.modules.loading: loading auth_totp/data/ir_action_data.xml 
2026-04-12 17:31:16,956 1 INFO odoo_ci_test odoo.modules.loading: loading auth_totp/views/res_users_views.xml 
2026-04-12 17:31:16,982 1 INFO odoo_ci_test odoo.modules.loading: loading auth_totp/views/templates.xml 
2026-04-12 17:31:16,987 1 INFO odoo_ci_test odoo.modules.loading: loading auth_totp/wizard/auth_totp_wizard_views.xml 
2026-04-12 17:31:17,008 1 INFO odoo_ci_test odoo.modules.loading: Module auth_totp loaded in 0.16s, 218 queries (+218 other) 
2026-04-12 17:31:17,008 1 INFO odoo_ci_test odoo.modules.loading: Loading module base_import (6/32) 
2026-04-12 17:31:17,042 1 INFO odoo_ci_test odoo.registry: module base_import: creating or updating database tables 
2026-04-12 17:31:17,462 1 INFO odoo_ci_test odoo.modules.loading: loading base_import/security/ir.model.access.csv 
2026-04-12 17:31:17,474 1 INFO odoo_ci_test odoo.modules.loading: Module base_import loaded in 0.47s, 956 queries (+956 other) 
2026-04-12 17:31:17,474 1 INFO odoo_ci_test odoo.modules.loading: Loading module base_import_module (7/32) 
2026-04-12 17:31:17,481 1 INFO odoo_ci_test odoo.registry: module base_import_module: creating or updating database tables 
2026-04-12 17:31:17,537 1 INFO odoo_ci_test odoo.modules.loading: loading base_import_module/security/ir.model.access.csv 
2026-04-12 17:31:17,542 1 INFO odoo_ci_test odoo.modules.loading: loading base_import_module/views/base_import_module_view.xml 
2026-04-12 17:31:17,559 1 INFO odoo_ci_test odoo.modules.loading: loading base_import_module/views/ir_module_views.xml 
2026-04-12 17:31:17,600 1 INFO odoo_ci_test odoo.modules.loading: Module base_import_module loaded in 0.13s, 172 queries (+172 other) 
2026-04-12 17:31:17,600 1 INFO odoo_ci_test odoo.modules.loading: Loading module base_setup (8/32) 
2026-04-12 17:31:17,608 1 INFO odoo_ci_test odoo.registry: module base_setup: creating or updating database tables 
2026-04-12 17:31:17,648 1 INFO odoo_ci_test odoo.modules.loading: loading base_setup/data/base_setup_data.xml 
2026-04-12 17:31:17,652 1 INFO odoo_ci_test odoo.modules.loading: loading base_setup/views/res_config_settings_views.xml 
2026-04-12 17:31:17,681 1 INFO odoo_ci_test odoo.modules.loading: loading base_setup/views/res_partner_views.xml 
2026-04-12 17:31:17,699 1 INFO odoo_ci_test odoo.modules.loading: Module base_setup loaded in 0.10s, 152 queries (+152 other) 
2026-04-12 17:31:17,699 1 INFO odoo_ci_test odoo.modules.loading: Loading module bus (9/32) 
2026-04-12 17:31:17,717 1 INFO odoo_ci_test odoo.registry: module bus: creating or updating database tables 
2026-04-12 17:31:17,797 1 INFO odoo_ci_test odoo.modules.loading: loading bus/security/ir.model.access.csv 
2026-04-12 17:31:17,811 1 INFO odoo_ci_test odoo.modules.loading: Module bus loaded in 0.11s, 152 queries (+152 other) 
2026-04-12 17:31:17,811 1 INFO odoo_ci_test odoo.modules.loading: Loading module web_tour (10/32) 
2026-04-12 17:31:17,818 1 INFO odoo_ci_test odoo.registry: module web_tour: creating or updating database tables 
2026-04-12 17:31:17,823 1 INFO odoo_ci_test odoo.models: Prepare computation of res.users.tour_enabled 
2026-04-12 17:31:17,885 1 INFO odoo_ci_test odoo.modules.loading: loading web_tour/security/ir.model.access.csv 
2026-04-12 17:31:17,892 1 INFO odoo_ci_test odoo.modules.loading: loading web_tour/views/tour_views.xml 
2026-04-12 17:31:17,928 1 INFO odoo_ci_test odoo.modules.loading: Module web_tour loaded in 0.12s, 180 queries (+180 other) 
2026-04-12 17:31:17,928 1 INFO odoo_ci_test odoo.modules.loading: Loading module auth_passkey (11/32) 
2026-04-12 17:31:17,961 1 INFO odoo_ci_test odoo.registry: module auth_passkey: creating or updating database tables 
2026-04-12 17:31:18,014 1 INFO odoo_ci_test odoo.modules.loading: loading auth_passkey/views/auth_passkey_key_views.xml 
2026-04-12 17:31:18,034 1 INFO odoo_ci_test odoo.modules.loading: loading auth_passkey/views/auth_passkey_login_templates.xml 
2026-04-12 17:31:18,050 1 INFO odoo_ci_test odoo.modules.loading: loading auth_passkey/views/res_users_identitycheck_views.xml 
2026-04-12 17:31:18,059 1 INFO odoo_ci_test odoo.modules.loading: loading auth_passkey/views/res_users_views.xml 
2026-04-12 17:31:18,077 1 INFO odoo_ci_test odoo.modules.loading: loading auth_passkey/security/ir.model.access.csv 
2026-04-12 17:31:18,084 1 INFO odoo_ci_test odoo.modules.loading: loading auth_passkey/security/security.xml 
2026-04-12 17:31:18,108 1 INFO odoo_ci_test odoo.modules.loading: Module auth_passkey loaded in 0.18s, 218 queries (+218 other) 
2026-04-12 17:31:18,108 1 INFO odoo_ci_test odoo.modules.loading: Loading module html_editor (12/32) 
2026-04-12 17:31:18,261 1 INFO odoo_ci_test odoo.registry: module html_editor: creating or updating database tables 
2026-04-12 17:31:18,723 1 INFO odoo_ci_test odoo.modules.loading: loading html_editor/security/ir.model.access.csv 
2026-04-12 17:31:18,738 1 INFO odoo_ci_test odoo.modules.loading: Module html_editor loaded in 0.63s, 1034 queries (+1034 other) 
2026-04-12 17:31:18,738 1 INFO odoo_ci_test odoo.modules.loading: Loading module iap (13/32) 
2026-04-12 17:31:18,742 1 INFO odoo_ci_test odoo.registry: module iap: creating or updating database tables 
2026-04-12 17:31:18,796 1 INFO odoo_ci_test odoo.modules.loading: loading iap/data/services.xml 
2026-04-12 17:31:18,800 1 INFO odoo_ci_test odoo.modules.loading: loading iap/security/ir.model.access.csv 
2026-04-12 17:31:18,807 1 INFO odoo_ci_test odoo.modules.loading: loading iap/security/ir_rule.xml 
2026-04-12 17:31:18,814 1 INFO odoo_ci_test odoo.modules.loading: loading iap/views/iap_views.xml 
2026-04-12 17:31:18,836 1 INFO odoo_ci_test odoo.modules.loading: loading iap/views/res_config_settings.xml 
2026-04-12 17:31:18,857 1 INFO odoo_ci_test odoo.modules.loading: Module iap loaded in 0.12s, 182 queries (+182 other) 
2026-04-12 17:31:18,858 1 INFO odoo_ci_test odoo.modules.loading: Loading module mail (14/32) 
2026-04-12 17:31:18,919 1 INFO odoo_ci_test odoo.registry: module mail: creating or updating database tables 
2026-04-12 17:31:19,083 1 INFO odoo_ci_test odoo.models: Prepare computation of ir.actions.server.partner_ids 
2026-04-12 17:31:19,083 1 INFO odoo_ci_test odoo.models: Prepare computation of ir.actions.server.activity_user_id 
2026-04-12 17:31:19,086 1 INFO odoo_ci_test odoo.models: Prepare computation of ir.actions.server.activity_type_id 
2026-04-12 17:31:19,086 1 INFO odoo_ci_test odoo.models: Prepare computation of ir.actions.server.template_id 
2026-04-12 17:31:19,086 1 INFO odoo_ci_test odoo.models: Prepare computation of ir.actions.server.activity_date_deadline_range 
2026-04-12 17:31:19,087 1 INFO odoo_ci_test odoo.models: Prepare computation of ir.actions.server.activity_summary 
2026-04-12 17:31:19,087 1 INFO odoo_ci_test odoo.models: Prepare computation of ir.actions.server.followers_type 
2026-04-12 17:31:19,087 1 INFO odoo_ci_test odoo.models: Prepare computation of ir.actions.server.followers_partner_field_name 
2026-04-12 17:31:19,087 1 INFO odoo_ci_test odoo.models: Prepare computation of ir.actions.server.mail_post_method 
2026-04-12 17:31:19,087 1 INFO odoo_ci_test odoo.models: Prepare computation of ir.actions.server.activity_date_deadline_range_type 
2026-04-12 17:31:19,087 1 INFO odoo_ci_test odoo.models: Prepare computation of ir.actions.server.activity_user_type 
2026-04-12 17:31:19,087 1 INFO odoo_ci_test odoo.models: Prepare computation of ir.actions.server.activity_user_field_name 
2026-04-12 17:31:19,087 1 INFO odoo_ci_test odoo.models: Prepare computation of ir.actions.server.activity_note 
2026-04-12 17:31:19,087 1 INFO odoo_ci_test odoo.models: Prepare computation of ir.actions.server.mail_post_autofollow 
2026-04-12 17:31:19,145 1 INFO odoo_ci_test odoo.models: Prepare computation of res.users.notification_type 
2026-04-12 17:31:19,196 1 INFO odoo_ci_test odoo.models: Prepare computation of res.partner.email_normalized 
<string>:38: (ERROR/3) Unexpected indentation.
<string>:43: (WARNING/2) Block quote ends without a blank line; unexpected unindent.
2026-04-12 17:31:20,427 1 INFO odoo_ci_test odoo.modules.loading: loading mail/data/mail_groups.xml 
2026-04-12 17:31:20,449 1 INFO odoo_ci_test odoo.modules.loading: loading mail/wizard/mail_activity_schedule_views.xml 
2026-04-12 17:31:20,460 1 INFO odoo_ci_test odoo.modules.loading: loading mail/wizard/mail_blacklist_remove_views.xml 
2026-04-12 17:31:20,466 1 INFO odoo_ci_test odoo.modules.loading: loading mail/wizard/mail_compose_message_views.xml 
2026-04-12 17:31:20,484 1 INFO odoo_ci_test odoo.modules.loading: loading mail/wizard/mail_template_preview_views.xml 
2026-04-12 17:31:20,493 1 INFO odoo_ci_test odoo.modules.loading: loading mail/wizard/mail_followers_edit_views.xml 
2026-04-12 17:31:20,504 1 INFO odoo_ci_test odoo.modules.loading: loading mail/wizard/mail_template_reset_views.xml 
2026-04-12 17:31:20,512 1 INFO odoo_ci_test odoo.modules.loading: loading mail/views/fetchmail_views.xml 
2026-04-12 17:31:20,529 1 INFO odoo_ci_test odoo.modules.loading: loading mail/views/ir_cron_views.xml 
2026-04-12 17:31:20,539 1 INFO odoo_ci_test odoo.modules.loading: loading mail/views/ir_filters_views.xml 
2026-04-12 17:31:20,555 1 INFO odoo_ci_test odoo.modules.loading: loading mail/views/ir_mail_server_views.xml 
2026-04-12 17:31:20,565 1 INFO odoo_ci_test odoo.modules.loading: loading mail/views/mail_message_subtype_views.xml 
2026-04-12 17:31:20,579 1 INFO odoo_ci_test odoo.modules.loading: loading mail/views/mail_tracking_value_views.xml 
2026-04-12 17:31:20,591 1 INFO odoo_ci_test odoo.modules.loading: loading mail/views/mail_notification_views.xml 
2026-04-12 17:31:20,602 1 INFO odoo_ci_test odoo.modules.loading: loading mail/views/mail_message_views.xml 
2026-04-12 17:31:20,629 1 INFO odoo_ci_test odoo.modules.loading: loading mail/views/mail_message_schedule_views.xml 
2026-04-12 17:31:20,644 1 INFO odoo_ci_test odoo.modules.loading: loading mail/views/mail_mail_views.xml 
2026-04-12 17:31:20,667 1 INFO odoo_ci_test odoo.modules.loading: loading mail/views/mail_followers_views.xml 
2026-04-12 17:31:20,678 1 INFO odoo_ci_test odoo.modules.loading: loading mail/views/mail_ice_server_views.xml 
2026-04-12 17:31:20,698 1 INFO odoo_ci_test odoo.modules.loading: loading mail/views/discuss_channel_member_views.xml 
2026-04-12 17:31:20,711 1 INFO odoo_ci_test odoo.modules.loading: loading mail/views/discuss_channel_rtc_session_views.xml 
2026-04-12 17:31:20,727 1 INFO odoo_ci_test odoo.modules.loading: loading mail/views/mail_link_preview_views.xml 
2026-04-12 17:31:20,744 1 INFO odoo_ci_test odoo.modules.loading: loading mail/views/discuss/discuss_gif_favorite_views.xml 
2026-04-12 17:31:20,755 1 INFO odoo_ci_test odoo.modules.loading: loading mail/views/discuss_channel_views.xml 
2026-04-12 17:31:20,786 1 INFO odoo_ci_test odoo.modules.loading: loading mail/views/mail_canned_response_views.xml 
2026-04-12 17:31:20,810 1 INFO odoo_ci_test odoo.modules.loading: loading mail/views/res_role_views.xml 
2026-04-12 17:31:20,827 1 INFO odoo_ci_test odoo.modules.loading: loading mail/views/mail_activity_views.xml 
2026-04-12 17:31:20,921 1 INFO odoo_ci_test odoo.modules.loading: loading mail/views/mail_activity_plan_views.xml 
2026-04-12 17:31:20,959 1 INFO odoo_ci_test odoo.modules.loading: loading mail/views/mail_activity_plan_template_views.xml 
2026-04-12 17:31:20,969 1 INFO odoo_ci_test odoo.modules.loading: loading mail/views/res_config_settings_views.xml 
2026-04-12 17:31:20,992 1 INFO odoo_ci_test odoo.modules.loading: loading mail/data/ir_config_parameter_data.xml 
2026-04-12 17:31:20,997 1 INFO odoo_ci_test odoo.modules.loading: loading mail/data/res_partner_data.xml 
2026-04-12 17:31:21,058 1 INFO odoo_ci_test odoo.modules.loading: loading mail/data/mail_message_subtype_data.xml 
2026-04-12 17:31:21,065 1 INFO odoo_ci_test odoo.modules.loading: loading mail/data/mail_templates_chatter.xml 
2026-04-12 17:31:21,082 1 INFO odoo_ci_test odoo.modules.loading: loading mail/data/mail_templates_email_layouts.xml 
2026-04-12 17:31:21,099 1 INFO odoo_ci_test odoo.modules.loading: loading mail/data/mail_templates_mailgateway.xml 
2026-04-12 17:31:21,115 1 INFO odoo_ci_test odoo.modules.loading: loading mail/data/discuss_channel_data.xml 
2026-04-12 17:31:21,149 1 INFO odoo_ci_test odoo.modules.loading: loading mail/data/mail_activity_type_data.xml 
2026-04-12 17:31:21,161 1 INFO odoo_ci_test odoo.modules.loading: loading mail/data/security_notifications_templates.xml 
2026-04-12 17:31:21,166 1 INFO odoo_ci_test odoo.modules.loading: loading mail/data/ir_cron_data.xml 
2026-04-12 17:31:21,262 1 INFO odoo_ci_test odoo.modules.loading: loading mail/data/ir_actions_client.xml 
2026-04-12 17:31:21,267 1 INFO odoo_ci_test odoo.modules.loading: loading mail/security/mail_security.xml 
2026-04-12 17:31:21,404 1 INFO odoo_ci_test odoo.modules.loading: loading mail/security/ir.model.access.csv 
2026-04-12 17:31:21,446 1 INFO odoo_ci_test odoo.modules.loading: loading mail/views/discuss_public_templates.xml 
2026-04-12 17:31:21,451 1 INFO odoo_ci_test odoo.modules.loading: loading mail/views/mail_alias_domain_views.xml 
2026-04-12 17:31:21,467 1 INFO odoo_ci_test odoo.modules.loading: loading mail/views/mail_alias_views.xml 
2026-04-12 17:31:21,485 1 INFO odoo_ci_test odoo.modules.loading: loading mail/views/mail_gateway_allowed_views.xml 
2026-04-12 17:31:21,497 1 INFO odoo_ci_test odoo.modules.loading: loading mail/views/mail_guest_views.xml 
2026-04-12 17:31:21,508 1 INFO odoo_ci_test odoo.modules.loading: loading mail/views/mail_message_reaction_views.xml 
2026-04-12 17:31:21,520 1 INFO odoo_ci_test odoo.modules.loading: loading mail/views/mail_templates_public.xml 
2026-04-12 17:31:21,529 1 INFO odoo_ci_test odoo.modules.loading: loading mail/views/res_users_views.xml 
2026-04-12 17:31:21,554 1 INFO odoo_ci_test odoo.modules.loading: loading mail/views/res_users_settings_views.xml 
2026-04-12 17:31:21,568 1 INFO odoo_ci_test odoo.modules.loading: loading mail/views/mail_template_views.xml 
2026-04-12 17:31:21,589 1 INFO odoo_ci_test odoo.modules.loading: loading mail/views/ir_actions_server_views.xml 
2026-04-12 17:31:21,605 1 INFO odoo_ci_test odoo.modules.loading: loading mail/views/ir_model_views.xml 
2026-04-12 17:31:21,636 1 INFO odoo_ci_test odoo.modules.loading: loading mail/views/res_partner_views.xml 
2026-04-12 17:31:21,678 1 INFO odoo_ci_test odoo.modules.loading: loading mail/views/mail_blacklist_views.xml 
2026-04-12 17:31:21,695 1 INFO odoo_ci_test odoo.modules.loading: loading mail/views/mail_menus.xml 
2026-04-12 17:31:21,812 1 INFO odoo_ci_test odoo.modules.loading: loading mail/views/discuss/discuss_menus.xml 
2026-04-12 17:31:21,815 1 INFO odoo_ci_test odoo.modules.loading: loading mail/views/discuss/discuss_call_history_views.xml 
2026-04-12 17:31:21,831 1 INFO odoo_ci_test odoo.modules.loading: loading mail/views/res_company_views.xml 
2026-04-12 17:31:21,841 1 INFO odoo_ci_test odoo.modules.loading: loading mail/views/mail_scheduled_message_views.xml 
2026-04-12 17:31:21,849 1 INFO odoo_ci_test odoo.modules.loading: loading mail/data/mail_canned_response_data.xml 
2026-04-12 17:31:21,857 1 INFO odoo_ci_test odoo.modules.loading: loading mail/data/mail_templates_invite.xml 
2026-04-12 17:31:21,869 1 INFO odoo_ci_test odoo.modules.loading: loading mail/data/web_tour_tour.xml 
2026-04-12 17:31:21,940 1 INFO odoo_ci_test odoo.modules.loading: Module mail loaded in 3.08s, 4978 queries (+4979 other) 
2026-04-12 17:31:21,940 1 INFO odoo_ci_test odoo.modules.loading: Loading module web_unsplash (15/32) 
2026-04-12 17:31:21,952 1 INFO odoo_ci_test odoo.registry: module web_unsplash: creating or updating database tables 
2026-04-12 17:31:21,998 1 INFO odoo_ci_test odoo.modules.loading: loading web_unsplash/views/res_config_settings_view.xml 
2026-04-12 17:31:22,031 1 INFO odoo_ci_test odoo.modules.loading: Module web_unsplash loaded in 0.09s, 112 queries (+112 other) 
2026-04-12 17:31:22,031 1 INFO odoo_ci_test odoo.modules.loading: Loading module auth_signup (16/32) 
2026-04-12 17:31:22,045 1 INFO odoo_ci_test odoo.registry: module auth_signup: creating or updating database tables 
2026-04-12 17:31:22,111 1 INFO odoo_ci_test odoo.modules.loading: loading auth_signup/data/ir_config_parameter_data.xml 
2026-04-12 17:31:22,116 1 INFO odoo_ci_test odoo.modules.loading: loading auth_signup/data/ir_cron_data.xml 
2026-04-12 17:31:22,137 1 INFO odoo_ci_test odoo.modules.loading: loading auth_signup/data/mail_template_data.xml 
2026-04-12 17:31:22,213 1 INFO odoo_ci_test odoo.modules.loading: loading auth_signup/views/res_config_settings_views.xml 
2026-04-12 17:31:22,227 1 INFO odoo_ci_test odoo.modules.loading: loading auth_signup/views/res_users_views.xml 
2026-04-12 17:31:22,252 1 INFO odoo_ci_test odoo.modules.loading: loading auth_signup/views/auth_signup_login_templates.xml 
2026-04-12 17:31:22,271 1 INFO odoo_ci_test odoo.modules.loading: loading auth_signup/views/auth_signup_templates_email.xml 
2026-04-12 17:31:22,277 1 INFO odoo_ci_test odoo.modules.loading: loading auth_signup/views/webclient_templates.xml 
2026-04-12 17:31:22,306 1 INFO odoo_ci_test odoo.modules.loading: Module auth_signup loaded in 0.27s, 255 queries (+255 other) 
2026-04-12 17:31:22,306 1 INFO odoo_ci_test odoo.modules.loading: Loading module auth_totp_mail (17/32) 
2026-04-12 17:31:22,316 1 INFO odoo_ci_test odoo.registry: module auth_totp_mail: creating or updating database tables 
2026-04-12 17:31:22,354 1 INFO odoo_ci_test odoo.modules.loading: loading auth_totp_mail/data/ir_action_data.xml 
2026-04-12 17:31:22,376 1 INFO odoo_ci_test odoo.modules.loading: loading auth_totp_mail/data/mail_template_data.xml 
2026-04-12 17:31:22,411 1 INFO odoo_ci_test odoo.modules.loading: loading auth_totp_mail/data/security_notifications_template.xml 
2026-04-12 17:31:22,419 1 INFO odoo_ci_test odoo.modules.loading: loading auth_totp_mail/views/res_config_settings_views.xml 
2026-04-12 17:31:22,436 1 INFO odoo_ci_test odoo.modules.loading: loading auth_totp_mail/views/res_users_views.xml 
2026-04-12 17:31:22,455 1 INFO odoo_ci_test odoo.modules.loading: loading auth_totp_mail/views/templates.xml 
2026-04-12 17:31:22,480 1 INFO odoo_ci_test odoo.modules.loading: Module auth_totp_mail loaded in 0.17s, 189 queries (+189 other) 
2026-04-12 17:31:22,480 1 INFO odoo_ci_test odoo.modules.loading: Loading module base_install_request (18/32) 
2026-04-12 17:31:22,485 1 INFO odoo_ci_test odoo.registry: module base_install_request: creating or updating database tables 
2026-04-12 17:31:22,540 1 INFO odoo_ci_test odoo.modules.loading: loading base_install_request/security/ir.model.access.csv 
2026-04-12 17:31:22,549 1 INFO odoo_ci_test odoo.modules.loading: loading base_install_request/wizard/base_module_install_request_views.xml 
2026-04-12 17:31:22,567 1 INFO odoo_ci_test odoo.modules.loading: loading base_install_request/data/mail_template_data.xml 
2026-04-12 17:31:22,573 1 INFO odoo_ci_test odoo.modules.loading: loading base_install_request/data/mail_templates_module_install.xml 
2026-04-12 17:31:22,578 1 INFO odoo_ci_test odoo.modules.loading: loading base_install_request/views/ir_module_module_views.xml 
2026-04-12 17:31:22,600 1 INFO odoo_ci_test odoo.modules.loading: Module base_install_request loaded in 0.12s, 154 queries (+154 other) 
2026-04-12 17:31:22,600 1 INFO odoo_ci_test odoo.modules.loading: Loading module google_gmail (19/32) 
2026-04-12 17:31:22,614 1 INFO odoo_ci_test odoo.registry: module google_gmail: creating or updating database tables 
2026-04-12 17:31:22,669 1 INFO odoo_ci_test odoo.modules.loading: loading google_gmail/views/fetchmail_server_views.xml 
2026-04-12 17:31:22,685 1 INFO odoo_ci_test odoo.modules.loading: loading google_gmail/views/ir_mail_server_views.xml 
2026-04-12 17:31:22,698 1 INFO odoo_ci_test odoo.modules.loading: loading google_gmail/views/res_config_settings_views.xml 
2026-04-12 17:31:22,720 1 INFO odoo_ci_test odoo.modules.loading: loading google_gmail/views/templates.xml 
2026-04-12 17:31:22,733 1 INFO odoo_ci_test odoo.modules.loading: Module google_gmail loaded in 0.13s, 155 queries (+155 other) 
2026-04-12 17:31:22,733 1 INFO odoo_ci_test odoo.modules.loading: Loading module iap_mail (20/32) 
2026-04-12 17:31:22,738 1 INFO odoo_ci_test odoo.registry: module iap_mail: creating or updating database tables 
2026-04-12 17:31:22,767 1 INFO odoo_ci_test odoo.modules.loading: loading iap_mail/data/mail_templates.xml 
2026-04-12 17:31:22,808 1 INFO odoo_ci_test odoo.modules.loading: loading iap_mail/views/iap_views.xml 
2026-04-12 17:31:22,828 1 INFO odoo_ci_test odoo.modules.loading: Module iap_mail loaded in 0.10s, 70 queries (+70 other) 
2026-04-12 17:31:22,828 1 INFO odoo_ci_test odoo.modules.loading: Loading module mail_bot (21/32) 
2026-04-12 17:31:22,839 1 INFO odoo_ci_test odoo.registry: module mail_bot: creating or updating database tables 
2026-04-12 17:31:22,883 1 INFO odoo_ci_test odoo.modules.loading: loading mail_bot/views/res_users_views.xml 
2026-04-12 17:31:22,903 1 INFO odoo_ci_test odoo.modules.loading: loading mail_bot/data/mailbot_data.xml 
2026-04-12 17:31:22,916 1 INFO odoo_ci_test odoo.modules.loading: Module mail_bot loaded in 0.09s, 109 queries (+109 other) 
2026-04-12 17:31:22,916 1 INFO odoo_ci_test odoo.modules.loading: Loading module microsoft_outlook (22/32) 
2026-04-12 17:31:22,929 1 INFO odoo_ci_test odoo.registry: module microsoft_outlook: creating or updating database tables 
2026-04-12 17:31:22,986 1 INFO odoo_ci_test odoo.modules.loading: loading microsoft_outlook/views/fetchmail_server_views.xml 
2026-04-12 17:31:23,001 1 INFO odoo_ci_test odoo.modules.loading: loading microsoft_outlook/views/ir_mail_server_views.xml 
2026-04-12 17:31:23,014 1 INFO odoo_ci_test odoo.modules.loading: loading microsoft_outlook/views/res_config_settings_views.xml 
2026-04-12 17:31:23,036 1 INFO odoo_ci_test odoo.modules.loading: loading microsoft_outlook/views/templates.xml 
2026-04-12 17:31:23,048 1 INFO odoo_ci_test odoo.modules.loading: Module microsoft_outlook loaded in 0.13s, 158 queries (+158 other) 
2026-04-12 17:31:23,049 1 INFO odoo_ci_test odoo.modules.loading: Loading module phone_validation (23/32) 
2026-04-12 17:31:23,145 1 INFO odoo_ci_test odoo.registry: module phone_validation: creating or updating database tables 
2026-04-12 17:31:23,155 1 INFO odoo_ci_test odoo.models: Prepare computation of res.partner.phone_sanitized 
2026-04-12 17:31:23,839 1 INFO odoo_ci_test odoo.modules.loading: loading phone_validation/security/ir.model.access.csv 
2026-04-12 17:31:23,846 1 INFO odoo_ci_test odoo.modules.loading: loading phone_validation/views/phone_blacklist_views.xml 
2026-04-12 17:31:23,874 1 INFO odoo_ci_test odoo.modules.loading: loading phone_validation/views/res_partner_views.xml 
2026-04-12 17:31:23,884 1 INFO odoo_ci_test odoo.modules.loading: loading phone_validation/wizard/phone_blacklist_remove_view.xml 
2026-04-12 17:31:23,901 1 INFO odoo_ci_test odoo.modules.loading: Module phone_validation loaded in 0.85s, 1627 queries (+1627 other) 
2026-04-12 17:31:23,901 1 INFO odoo_ci_test odoo.modules.loading: Loading module privacy_lookup (24/32) 
2026-04-12 17:31:23,915 1 INFO odoo_ci_test odoo.registry: module privacy_lookup: creating or updating database tables 
2026-04-12 17:31:24,010 1 INFO odoo_ci_test odoo.modules.loading: loading privacy_lookup/wizard/privacy_lookup_wizard_views.xml 
2026-04-12 17:31:24,058 1 INFO odoo_ci_test odoo.modules.loading: loading privacy_lookup/views/privacy_log_views.xml 
2026-04-12 17:31:24,077 1 INFO odoo_ci_test odoo.modules.loading: loading privacy_lookup/security/ir.model.access.csv 
2026-04-12 17:31:24,092 1 INFO odoo_ci_test odoo.modules.loading: loading privacy_lookup/data/ir_actions_server_data.xml 
2026-04-12 17:31:24,134 1 INFO odoo_ci_test odoo.modules.loading: Module privacy_lookup loaded in 0.23s, 293 queries (+293 other) 
2026-04-12 17:31:24,134 1 INFO odoo_ci_test odoo.modules.loading: Loading module sports_federation_base (25/32) 
2026-04-12 17:31:24,143 1 INFO odoo_ci_test odoo.registry: module sports_federation_base: creating or updating database tables 
<string>:26: (WARNING/2) Line block ends without a blank line.
<string>:44: (WARNING/2) Line block ends without a blank line.
<string>:58: (WARNING/2) Line block ends without a blank line.
<string>:73: (WARNING/2) Line block ends without a blank line.
<string>:93: (WARNING/2) Line block ends without a blank line.
<string>:26: (ERROR/3) Undefined substitution referenced: "-------".
<string>:26: (ERROR/3) Undefined substitution referenced: "-------------".
<string>:44: (ERROR/3) Undefined substitution referenced: "-------".
<string>:44: (ERROR/3) Undefined substitution referenced: "-------------".
<string>:58: (ERROR/3) Undefined substitution referenced: "-------".
<string>:58: (ERROR/3) Undefined substitution referenced: "-------------".
<string>:73: (ERROR/3) Undefined substitution referenced: "-------".
<string>:73: (ERROR/3) Undefined substitution referenced: "-------------".
<string>:93: (ERROR/3) Undefined substitution referenced: "-------".
<string>:93: (ERROR/3) Undefined substitution referenced: "-------------".
2026-04-12 17:31:24,265 1 INFO odoo_ci_test odoo.modules.loading: loading sports_federation_base/security/res_groups.xml 
2026-04-12 17:31:24,288 1 INFO odoo_ci_test odoo.modules.loading: loading sports_federation_base/security/ir.model.access.csv 
2026-04-12 17:31:24,305 1 INFO odoo_ci_test odoo.modules.loading: loading sports_federation_base/data/ir_sequence.xml 
2026-04-12 17:31:24,309 1 INFO odoo_ci_test odoo.modules.loading: loading sports_federation_base/views/federation_season_registration_views.xml 
2026-04-12 17:31:24,326 1 INFO odoo_ci_test odoo.modules.loading: loading sports_federation_base/views/federation_season_views.xml 
2026-04-12 17:31:24,343 1 INFO odoo_ci_test odoo.modules.loading: loading sports_federation_base/views/federation_team_views.xml 
2026-04-12 17:31:24,360 1 INFO odoo_ci_test odoo.modules.loading: loading sports_federation_base/views/federation_club_views.xml 
2026-04-12 17:31:24,376 1 INFO odoo_ci_test odoo.modules.loading: loading sports_federation_base/views/menu_items.xml 
2026-04-12 17:31:24,406 1 INFO odoo_ci_test odoo.modules.loading: Module sports_federation_base loaded in 0.27s, 334 queries (+334 other) 
2026-04-12 17:31:24,406 1 INFO odoo_ci_test odoo.modules.loading: Loading module partner_autocomplete (26/32) 
2026-04-12 17:31:24,424 1 INFO odoo_ci_test odoo.registry: module partner_autocomplete: creating or updating database tables 
2026-04-12 17:31:24,497 1 INFO odoo_ci_test odoo.modules.loading: loading partner_autocomplete/views/res_company_views.xml 
2026-04-12 17:31:24,512 1 INFO odoo_ci_test odoo.modules.loading: loading partner_autocomplete/views/res_config_settings_views.xml 
2026-04-12 17:31:24,527 1 INFO odoo_ci_test odoo.modules.loading: loading partner_autocomplete/data/iap_service_data.xml 
2026-04-12 17:31:24,538 1 INFO odoo_ci_test odoo.modules.loading: Module partner_autocomplete loaded in 0.13s, 141 queries (+141 other) 
2026-04-12 17:31:24,538 1 INFO odoo_ci_test odoo.modules.loading: Loading module sms (27/32) 
2026-04-12 17:31:24,622 1 INFO odoo_ci_test odoo.registry: module sms: creating or updating database tables 
2026-04-12 17:31:24,632 1 INFO odoo_ci_test odoo.models: Prepare computation of ir.actions.server.sms_template_id 
2026-04-12 17:31:24,632 1 INFO odoo_ci_test odoo.models: Prepare computation of ir.actions.server.sms_method 
2026-04-12 17:31:25,469 1 INFO odoo_ci_test odoo.modules.loading: loading sms/data/iap_service_data.xml 
2026-04-12 17:31:25,474 1 INFO odoo_ci_test odoo.modules.loading: loading sms/data/ir_cron_data.xml 
2026-04-12 17:31:25,495 1 INFO odoo_ci_test odoo.modules.loading: loading sms/wizard/sms_account_code_views.xml 
2026-04-12 17:31:25,506 1 INFO odoo_ci_test odoo.modules.loading: loading sms/wizard/sms_account_phone_views.xml 
2026-04-12 17:31:25,512 1 INFO odoo_ci_test odoo.modules.loading: loading sms/wizard/sms_account_sender_views.xml 
2026-04-12 17:31:25,518 1 INFO odoo_ci_test odoo.modules.loading: loading sms/wizard/sms_composer_views.xml 
2026-04-12 17:31:25,529 1 INFO odoo_ci_test odoo.modules.loading: loading sms/wizard/sms_template_preview_views.xml 
2026-04-12 17:31:25,538 1 INFO odoo_ci_test odoo.modules.loading: loading sms/wizard/sms_template_reset_views.xml 
2026-04-12 17:31:25,547 1 INFO odoo_ci_test odoo.modules.loading: loading sms/views/ir_actions_server_views.xml 
2026-04-12 17:31:25,563 1 INFO odoo_ci_test odoo.modules.loading: loading sms/views/mail_notification_views.xml 
2026-04-12 17:31:25,577 1 INFO odoo_ci_test odoo.modules.loading: loading sms/views/res_config_settings_views.xml 
2026-04-12 17:31:25,591 1 INFO odoo_ci_test odoo.modules.loading: loading sms/views/res_partner_views.xml 
2026-04-12 17:31:25,607 1 INFO odoo_ci_test odoo.modules.loading: loading sms/views/iap_account_views.xml 
2026-04-12 17:31:25,618 1 INFO odoo_ci_test odoo.modules.loading: loading sms/views/sms_sms_views.xml 
2026-04-12 17:31:25,644 1 INFO odoo_ci_test odoo.modules.loading: loading sms/views/sms_template_views.xml 
2026-04-12 17:31:25,664 1 INFO odoo_ci_test odoo.modules.loading: loading sms/security/ir.model.access.csv 
2026-04-12 17:31:25,686 1 INFO odoo_ci_test odoo.modules.loading: loading sms/security/sms_security.xml 
2026-04-12 17:31:25,709 1 INFO odoo_ci_test odoo.modules.loading: Module sms loaded in 1.17s, 2074 queries (+2074 other) 
2026-04-12 17:31:25,709 1 INFO odoo_ci_test odoo.modules.loading: Loading module snailmail (28/32) 
2026-04-12 17:31:25,815 1 INFO odoo_ci_test odoo.registry: module snailmail: creating or updating database tables 
2026-04-12 17:31:26,010 1 INFO odoo_ci_test odoo.modules.loading: loading snailmail/data/iap_service_data.xml 
2026-04-12 17:31:26,014 1 INFO odoo_ci_test odoo.modules.loading: loading snailmail/data/snailmail_data.xml 
2026-04-12 17:31:26,036 1 INFO odoo_ci_test odoo.modules.loading: loading snailmail/views/report_assets.xml 
2026-04-12 17:31:26,049 1 INFO odoo_ci_test odoo.modules.loading: loading snailmail/views/snailmail_views.xml 
2026-04-12 17:31:26,068 1 INFO odoo_ci_test odoo.modules.loading: loading snailmail/security/ir.model.access.csv 
2026-04-12 17:31:26,092 1 INFO odoo_ci_test odoo.modules.loading: Module snailmail loaded in 0.38s, 449 queries (+449 other) 
2026-04-12 17:31:26,092 1 INFO odoo_ci_test odoo.modules.loading: Loading module sports_federation_rules (29/32) 
2026-04-12 17:31:26,100 1 INFO odoo_ci_test odoo.registry: module sports_federation_rules: creating or updating database tables 
<string>:17: (WARNING/2) Line block ends without a blank line.
<string>:28: (WARNING/2) Line block ends without a blank line.
<string>:45: (WARNING/2) Line block ends without a blank line.
<string>:57: (WARNING/2) Line block ends without a blank line.
<string>:69: (WARNING/2) Line block ends without a blank line.
<string>:83: (WARNING/2) Line block ends without a blank line.
<string>:98: (WARNING/2) Line block ends without a blank line.
<string>:17: (ERROR/3) Undefined substitution referenced: "--------".
<string>:28: (ERROR/3) Undefined substitution referenced: "-------".
<string>:28: (ERROR/3) Undefined substitution referenced: "-------------".
<string>:45: (ERROR/3) Undefined substitution referenced: "-------".
<string>:45: (ERROR/3) Undefined substitution referenced: "-------------".
<string>:57: (ERROR/3) Undefined substitution referenced: "-------".
<string>:57: (ERROR/3) Undefined substitution referenced: "-------------".
<string>:69: (ERROR/3) Undefined substitution referenced: "-------".
<string>:69: (ERROR/3) Undefined substitution referenced: "-------------".
<string>:83: (ERROR/3) Undefined substitution referenced: "-------".
<string>:83: (ERROR/3) Undefined substitution referenced: "-------------".
<string>:98: (ERROR/3) Undefined substitution referenced: "-------".
2026-04-12 17:31:26,220 1 INFO odoo_ci_test odoo.modules.loading: loading sports_federation_rules/security/ir.model.access.csv 
2026-04-12 17:31:26,229 1 INFO odoo_ci_test odoo.modules.loading: loading sports_federation_rules/views/federation_rule_set_views.xml 
2026-04-12 17:31:26,256 1 INFO odoo_ci_test odoo.modules.loading: loading sports_federation_rules/views/federation_points_rule_views.xml 
2026-04-12 17:31:26,266 1 INFO odoo_ci_test odoo.modules.loading: loading sports_federation_rules/views/federation_tie_break_rule_views.xml 
2026-04-12 17:31:26,276 1 INFO odoo_ci_test odoo.modules.loading: loading sports_federation_rules/views/federation_eligibility_rule_views.xml 
2026-04-12 17:31:26,286 1 INFO odoo_ci_test odoo.modules.loading: loading sports_federation_rules/views/federation_qualification_rule_views.xml 
2026-04-12 17:31:26,297 1 INFO odoo_ci_test odoo.modules.loading: loading sports_federation_rules/views/menu_items.xml 
2026-04-12 17:31:26,328 1 INFO odoo_ci_test odoo.modules.loading: Module sports_federation_rules loaded in 0.24s, 302 queries (+302 other) 
2026-04-12 17:31:26,328 1 INFO odoo_ci_test odoo.modules.loading: Loading module sports_federation_tournament (30/32) 
2026-04-12 17:31:26,342 1 INFO odoo_ci_test odoo.registry: module sports_federation_tournament: creating or updating database tables 
2026-04-12 17:31:26,559 1 INFO odoo_ci_test odoo.modules.loading: loading sports_federation_tournament/security/ir.model.access.csv 
2026-04-12 17:31:26,571 1 INFO odoo_ci_test odoo.modules.loading: loading sports_federation_tournament/views/federation_tournament_participant_views.xml 
2026-04-12 17:31:26,594 1 INFO odoo_ci_test odoo.modules.loading: loading sports_federation_tournament/views/federation_match_views.xml 
2026-04-12 17:31:26,614 1 INFO odoo_ci_test odoo.modules.loading: loading sports_federation_tournament/views/federation_tournament_round_views.xml 
2026-04-12 17:31:26,628 1 INFO odoo_ci_test odoo.modules.loading: loading sports_federation_tournament/views/federation_tournament_group_views.xml 
2026-04-12 17:31:26,644 1 INFO odoo_ci_test odoo.modules.loading: loading sports_federation_tournament/views/federation_tournament_stage_views.xml 
2026-04-12 17:31:26,660 1 INFO odoo_ci_test odoo.modules.loading: loading sports_federation_tournament/views/federation_tournament_views.xml 
2026-04-12 17:31:26,679 1 INFO odoo_ci_test odoo.modules.loading: loading sports_federation_tournament/views/federation_competition_edition_views.xml 
2026-04-12 17:31:26,697 1 INFO odoo_ci_test odoo.modules.loading: loading sports_federation_tournament/views/federation_competition_views.xml 
2026-04-12 17:31:26,714 1 INFO odoo_ci_test odoo.modules.loading: loading sports_federation_tournament/views/federation_season_registration_views_inherit.xml 
2026-04-12 17:31:26,735 1 INFO odoo_ci_test odoo.modules.loading: loading sports_federation_tournament/views/menu_items.xml 
2026-04-12 17:31:26,772 1 INFO odoo_ci_test odoo.modules.loading: Module sports_federation_tournament loaded in 0.44s, 575 queries (+575 other) 
2026-04-12 17:31:26,773 1 INFO odoo_ci_test odoo.modules.loading: Loading module sports_federation_standings (31/32) 
2026-04-12 17:31:26,781 1 INFO odoo_ci_test odoo.registry: module sports_federation_standings: creating or updating database tables 
2026-04-12 17:31:26,868 1 INFO odoo_ci_test odoo.modules.loading: loading sports_federation_standings/security/ir.model.access.csv 
2026-04-12 17:31:26,875 1 INFO odoo_ci_test odoo.modules.loading: loading sports_federation_standings/views/standing_views.xml 
2026-04-12 17:31:26,902 1 INFO odoo_ci_test odoo.modules.loading: loading sports_federation_standings/views/tournament_views_inherit.xml 
2026-04-12 17:31:26,912 1 INFO odoo_ci_test odoo.modules.loading: loading sports_federation_standings/views/menu_views.xml 
2026-04-12 17:31:26,927 1 INFO odoo_ci_test odoo.modules.loading: Module sports_federation_standings loaded in 0.15s, 223 queries (+223 other) 
2026-04-12 17:31:26,928 1 INFO odoo_ci_test odoo.modules.loading: Loading module sports_federation_competition_engine (32/32) 
2026-04-12 17:31:26,940 1 INFO odoo_ci_test odoo.registry: module sports_federation_competition_engine: creating or updating database tables 
2026-04-12 17:31:27,097 1 INFO odoo_ci_test odoo.modules.loading: loading sports_federation_competition_engine/security/ir.model.access.csv 
2026-04-12 17:31:27,106 1 INFO odoo_ci_test odoo.modules.loading: loading sports_federation_competition_engine/views/stage_progression_views.xml 
2026-04-12 17:31:27,122 1 INFO odoo_ci_test odoo.modules.loading: loading sports_federation_competition_engine/views/tournament_template_views.xml 
2026-04-12 17:31:27,137 1 INFO odoo_ci_test odoo.modules.loading: loading sports_federation_competition_engine/wizards/round_robin_wizard_views.xml 
2026-04-12 17:31:27,146 1 INFO odoo_ci_test odoo.modules.loading: loading sports_federation_competition_engine/wizards/knockout_wizard_views.xml 
2026-04-12 17:31:27,153 1 WARNING odoo_ci_test odoo.addons.base.models.ir_ui_view: An alert (class alert-*) must have an alert, alertdialog or status role or an alert-link class. Please use alert and alertdialog only for what expects to stop any activity to be read immediately.
View error context:
{'file': '/mnt/extra-addons/sports_federation_competition_engine/wizards/knockout_wizard_views.xml',
 'line': 22,
 'name': 'federation.knockout.wizard.form',
 'view': ir.ui.view(512,),
 'view.model': 'federation.knockout.wizard',
 'view.parent': ir.ui.view(),
 'xmlid': 'view_knockout_wizard_form'} 
2026-04-12 17:31:27,156 1 INFO odoo_ci_test odoo.modules.loading: loading sports_federation_competition_engine/views/tournament_buttons.xml 
2026-04-12 17:31:27,256 1 INFO odoo_ci_test odoo.addons.sports_federation_competition_engine.tests.test_knockout: Starting TestKnockout.test_bye_seeding_top_seeds ... 
2026-04-12 17:31:27,287 1 INFO odoo_ci_test odoo.addons.sports_federation_competition_engine.services.knockout: Generated 5 knockout matches (3 rounds) for tournament Test Tournament, stage Knockout 
2026-04-12 17:31:27,287 1 INFO odoo_ci_test odoo.addons.sports_federation_competition_engine.tests.test_knockout: Starting TestKnockout.test_bye_sources_fill_second_round_placeholders ... 
2026-04-12 17:31:27,316 1 INFO odoo_ci_test odoo.addons.sports_federation_competition_engine.services.knockout: Generated 5 knockout matches (3 rounds) for tournament Test Tournament, stage Knockout 
2026-04-12 17:31:27,317 1 INFO odoo_ci_test odoo.addons.sports_federation_competition_engine.tests.test_knockout: Starting TestKnockout.test_eight_teams_natural ... 
2026-04-12 17:31:27,349 1 INFO odoo_ci_test odoo.addons.sports_federation_competition_engine.services.knockout: Generated 7 knockout matches (3 rounds) for tournament Test Tournament, stage Knockout 
2026-04-12 17:31:27,350 1 INFO odoo_ci_test odoo.addons.sports_federation_competition_engine.tests.test_knockout: Starting TestKnockout.test_eight_teams_power_of_two ... 
2026-04-12 17:31:27,382 1 INFO odoo_ci_test odoo.addons.sports_federation_competition_engine.services.knockout: Generated 7 knockout matches (3 rounds) for tournament Test Tournament, stage Knockout 
2026-04-12 17:31:27,383 1 INFO odoo_ci_test odoo.addons.sports_federation_competition_engine.tests.test_knockout: Starting TestKnockout.test_manual_seeding_order ... 
2026-04-12 17:31:27,416 1 INFO odoo_ci_test odoo.addons.sports_federation_competition_engine.services.knockout: Generated 7 knockout matches (3 rounds) for tournament Test Tournament, stage Knockout 
2026-04-12 17:31:27,420 1 INFO odoo_ci_test odoo.addons.sports_federation_competition_engine.tests.test_knockout: Starting TestKnockout.test_minimum_participants ... 
2026-04-12 17:31:27,424 1 INFO odoo_ci_test odoo.addons.sports_federation_competition_engine.tests.test_knockout: Starting TestKnockout.test_no_self_pairings ... 
2026-04-12 17:31:27,457 1 INFO odoo_ci_test odoo.addons.sports_federation_competition_engine.services.knockout: Generated 7 knockout matches (3 rounds) for tournament Test Tournament, stage Knockout 
2026-04-12 17:31:27,460 1 INFO odoo_ci_test odoo.addons.sports_federation_competition_engine.tests.test_knockout: Starting TestKnockout.test_overwrite_allowed ... 
2026-04-12 17:31:27,493 1 INFO odoo_ci_test odoo.addons.sports_federation_competition_engine.services.knockout: Generated 7 knockout matches (3 rounds) for tournament Test Tournament, stage Knockout 
2026-04-12 17:31:27,512 1 INFO odoo_ci_test odoo.models.unlink: User #1 deleted mail.message records with IDs: [88, 87, 86, 85, 84, 83, 82] 
2026-04-12 17:31:27,518 1 INFO odoo_ci_test odoo.models.unlink: User #1 deleted federation.match records with IDs: [39, 40, 41, 42, 43, 44, 45] 
2026-04-12 17:31:27,546 1 INFO odoo_ci_test odoo.addons.sports_federation_competition_engine.services.knockout: Generated 7 knockout matches (3 rounds) for tournament Test Tournament, stage Knockout 
2026-04-12 17:31:27,546 1 INFO odoo_ci_test odoo.addons.sports_federation_competition_engine.tests.test_knockout: Starting TestKnockout.test_overwrite_protection ... 
2026-04-12 17:31:27,579 1 INFO odoo_ci_test odoo.addons.sports_federation_competition_engine.services.knockout: Generated 7 knockout matches (3 rounds) for tournament Test Tournament, stage Knockout 
2026-04-12 17:31:27,588 1 INFO odoo_ci_test odoo.addons.sports_federation_competition_engine.tests.test_knockout: Starting TestKnockout.test_play_in_winners_auto_advance_into_seeded_slots ... 
2026-04-12 17:31:27,615 1 INFO odoo_ci_test odoo.addons.sports_federation_competition_engine.services.knockout: Generated 5 knockout matches (3 rounds) for tournament Test Tournament, stage Knockout 
2026-04-12 17:31:27,618 1 INFO odoo_ci_test odoo.addons.sports_federation_competition_engine.tests.test_knockout: Starting TestKnockout.test_seeding_correctness ... 
2026-04-12 17:31:27,651 1 INFO odoo_ci_test odoo.addons.sports_federation_competition_engine.services.knockout: Generated 7 knockout matches (3 rounds) for tournament Test Tournament, stage Knockout 
2026-04-12 17:31:27,655 1 INFO odoo_ci_test odoo.addons.sports_federation_competition_engine.tests.test_knockout: Starting TestKnockout.test_six_teams_power_of_two ... 
2026-04-12 17:31:27,683 1 INFO odoo_ci_test odoo.addons.sports_federation_competition_engine.services.knockout: Generated 5 knockout matches (3 rounds) for tournament Test Tournament, stage Knockout 
2026-04-12 17:31:27,684 1 INFO odoo_ci_test odoo.addons.sports_federation_competition_engine.tests.test_knockout: Starting TestKnockout.test_three_teams_power_of_two ... 
2026-04-12 17:31:27,703 1 INFO odoo_ci_test odoo.addons.sports_federation_competition_engine.services.knockout: Generated 2 knockout matches (2 rounds) for tournament Test Tournament, stage Knockout 
2026-04-12 17:31:27,703 1 INFO odoo_ci_test odoo.addons.sports_federation_competition_engine.tests.test_knockout: Starting TestKnockout.test_tournament_state_validation ... 
2026-04-12 17:31:27,770 1 INFO odoo_ci_test odoo.addons.base.models.ir_attachment: filestore gc 14 checked, 0 removed 
2026-04-12 17:31:27,830 1 INFO odoo_ci_test odoo.addons.sports_federation_competition_engine.tests.test_round_robin: Starting TestRoundRobin.test_deterministic_ordering ... 
2026-04-12 17:31:27,889 1 INFO odoo_ci_test odoo.addons.sports_federation_competition_engine.services.round_robin: Generated 15 round-robin matches for tournament Test Tournament, stage Group Stage 
2026-04-12 17:31:27,902 1 INFO odoo_ci_test odoo.models.unlink: User #1 deleted mail.message records with IDs: [145, 144, 143, 142, 141, 140, 139, 138, 137, 136, 135, 134, 133, 132, 131] 
2026-04-12 17:31:27,907 1 INFO odoo_ci_test odoo.models.unlink: User #1 deleted federation.match records with IDs: [79, 80, 81, 82, 83, 84, 85, 86, 87, 88, 89, 90, 91, 92, 93] 
2026-04-12 17:31:27,956 1 INFO odoo_ci_test odoo.addons.sports_federation_competition_engine.services.round_robin: Generated 15 round-robin matches for tournament Test Tournament, stage Group Stage 
2026-04-12 17:31:27,957 1 INFO odoo_ci_test odoo.addons.sports_federation_competition_engine.tests.test_round_robin: Starting TestRoundRobin.test_double_round ... 
2026-04-12 17:31:28,014 1 INFO odoo_ci_test odoo.addons.sports_federation_competition_engine.services.round_robin: Generated 15 round-robin matches for tournament Test Tournament, stage Group Stage 
2026-04-12 17:31:28,026 1 INFO odoo_ci_test odoo.models.unlink: User #1 deleted mail.message records with IDs: [175, 174, 173, 172, 171, 170, 169, 168, 167, 166, 165, 164, 163, 162, 161] 
2026-04-12 17:31:28,030 1 INFO odoo_ci_test odoo.models.unlink: User #1 deleted federation.match records with IDs: [109, 110, 111, 112, 113, 114, 115, 116, 117, 118, 119, 120, 121, 122, 123] 
2026-04-12 17:31:28,124 1 INFO odoo_ci_test odoo.addons.sports_federation_competition_engine.services.round_robin: Generated 30 round-robin matches for tournament Test Tournament, stage Group Stage 
2026-04-12 17:31:28,125 1 INFO odoo_ci_test odoo.addons.sports_federation_competition_engine.tests.test_round_robin: Starting TestRoundRobin.test_each_team_plays_all_others_once ... 
2026-04-12 17:31:28,183 1 INFO odoo_ci_test odoo.addons.sports_federation_competition_engine.services.round_robin: Generated 15 round-robin matches for tournament Test Tournament, stage Group Stage 
2026-04-12 17:31:28,184 1 INFO odoo_ci_test odoo.addons.sports_federation_competition_engine.tests.test_round_robin: Starting TestRoundRobin.test_even_participant_count ... 
2026-04-12 17:31:28,245 1 INFO odoo_ci_test odoo.addons.sports_federation_competition_engine.services.round_robin: Generated 15 round-robin matches for tournament Test Tournament, stage Group Stage 
2026-04-12 17:31:28,245 1 INFO odoo_ci_test odoo.addons.sports_federation_competition_engine.tests.test_round_robin: Starting TestRoundRobin.test_minimum_participants ... 
2026-04-12 17:31:28,250 1 INFO odoo_ci_test odoo.addons.sports_federation_competition_engine.tests.test_round_robin: Starting TestRoundRobin.test_no_self_pairings ... 
2026-04-12 17:31:28,307 1 INFO odoo_ci_test odoo.addons.sports_federation_competition_engine.services.round_robin: Generated 15 round-robin matches for tournament Test Tournament, stage Group Stage 
2026-04-12 17:31:28,307 1 INFO odoo_ci_test odoo.addons.sports_federation_competition_engine.tests.test_round_robin: Starting TestRoundRobin.test_odd_participant_count ... 
2026-04-12 17:31:28,352 1 INFO odoo_ci_test odoo.addons.sports_federation_competition_engine.services.round_robin: Generated 10 round-robin matches for tournament Test Tournament, stage Group Stage 
2026-04-12 17:31:28,352 1 INFO odoo_ci_test odoo.addons.sports_federation_competition_engine.tests.test_round_robin: Starting TestRoundRobin.test_overwrite_allowed ... 
2026-04-12 17:31:28,409 1 INFO odoo_ci_test odoo.addons.sports_federation_competition_engine.services.round_robin: Generated 15 round-robin matches for tournament Test Tournament, stage Group Stage 
2026-04-12 17:31:28,421 1 INFO odoo_ci_test odoo.models.unlink: User #1 deleted mail.message records with IDs: [275, 274, 273, 272, 271, 270, 269, 268, 267, 266, 265, 264, 263, 262, 261] 
2026-04-12 17:31:28,425 1 INFO odoo_ci_test odoo.models.unlink: User #1 deleted federation.match records with IDs: [209, 210, 211, 212, 213, 214, 215, 216, 217, 218, 219, 220, 221, 222, 223] 
2026-04-12 17:31:28,473 1 INFO odoo_ci_test odoo.addons.sports_federation_competition_engine.services.round_robin: Generated 15 round-robin matches for tournament Test Tournament, stage Group Stage 
2026-04-12 17:31:28,474 1 INFO odoo_ci_test odoo.addons.sports_federation_competition_engine.tests.test_round_robin: Starting TestRoundRobin.test_overwrite_protection ... 
2026-04-12 17:31:28,530 1 INFO odoo_ci_test odoo.addons.sports_federation_competition_engine.services.round_robin: Generated 15 round-robin matches for tournament Test Tournament, stage Group Stage 
2026-04-12 17:31:28,539 1 INFO odoo_ci_test odoo.addons.sports_federation_competition_engine.tests.test_round_robin: Starting TestRoundRobin.test_round_numbers_follow_generated_rounds ... 
2026-04-12 17:31:28,597 1 INFO odoo_ci_test odoo.addons.sports_federation_competition_engine.services.round_robin: Generated 15 round-robin matches for tournament Test Tournament, stage Group Stage 
2026-04-12 17:31:28,597 1 INFO odoo_ci_test odoo.addons.sports_federation_competition_engine.tests.test_round_robin: Starting TestRoundRobin.test_tournament_state_validation ... 
2026-04-12 17:31:28,663 1 INFO odoo_ci_test odoo.addons.base.models.ir_attachment: filestore gc 0 checked, 0 removed 
2026-04-12 17:31:28,717 1 INFO odoo_ci_test odoo.addons.sports_federation_competition_engine.tests.test_tournament_template: Starting TestCompetitionEngineWizardGuards.test_knockout_wizard_requires_rule_set ... 
2026-04-12 17:31:28,725 1 INFO odoo_ci_test odoo.addons.sports_federation_competition_engine.tests.test_tournament_template: Starting TestCompetitionEngineWizardGuards.test_round_robin_wizard_computes_preview_summary ... 
2026-04-12 17:31:28,730 1 INFO odoo_ci_test odoo.addons.sports_federation_competition_engine.tests.test_tournament_template: Starting TestCompetitionEngineWizardGuards.test_round_robin_wizard_rejects_selected_unconfirmed_participants ... 
2026-04-12 17:31:28,750 1 INFO odoo_ci_test odoo.addons.sports_federation_competition_engine.tests.test_tournament_template: Starting TestCompetitionEngineWizardGuards.test_round_robin_wizard_requires_rule_set ... 
2026-04-12 17:31:28,755 1 INFO odoo_ci_test odoo.addons.sports_federation_competition_engine.tests.test_tournament_template: Starting TestCompetitionEngineWizardGuards.test_round_robin_wizard_summary_explains_confirmed_scope_requirement ... 
2026-04-12 17:31:28,820 1 INFO odoo_ci_test odoo.addons.base.models.ir_attachment: filestore gc 0 checked, 0 removed 
2026-04-12 17:31:28,847 1 INFO odoo_ci_test odoo.addons.sports_federation_competition_engine.tests.test_tournament_template: Starting TestTournamentTemplate.test_template_apply_creates_stages_groups_and_progressions ... 
2026-04-12 17:31:28,863 1 INFO odoo_ci_test odoo.addons.sports_federation_competition_engine.tests.test_tournament_template: Starting TestTournamentTemplate.test_template_apply_rejects_tournament_with_existing_stages ... 
2026-04-12 17:31:28,929 1 INFO odoo_ci_test odoo.addons.base.models.ir_attachment: filestore gc 0 checked, 0 removed 
2026-04-12 17:31:28,929 1 INFO odoo_ci_test odoo.modules.loading: Module sports_federation_competition_engine loaded in 2.00s (incl. 1.74s test), 323 queries (+2073 test, +323 other) 
2026-04-12 17:31:28,929 1 INFO odoo_ci_test odoo.modules.loading: 32 modules loaded in 12.91s, 17089 queries (+19163 extra) 
2026-04-12 17:31:29,305 1 INFO odoo_ci_test odoo.modules.loading: Modules loaded. 
2026-04-12 17:31:29,312 1 INFO odoo_ci_test odoo.registry: Registry changed, signaling through the database 
2026-04-12 17:31:29,313 1 INFO odoo_ci_test odoo.registry: Registry loaded in 21.464s 
2026-04-12 17:31:29,313 1 INFO odoo_ci_test odoo.service.server: Starting post tests 
2026-04-12 17:31:29,336 1 INFO odoo_ci_test odoo.service.server: 0 post-tests in 0.02s, 0 queries 
2026-04-12 17:31:29,336 1 INFO odoo_ci_test odoo.tests.stats: sports_federation_competition_engine: 40 tests 1.74s 2073 queries 
2026-04-12 17:31:29,336 1 INFO odoo_ci_test odoo.tests.result: 0 failed, 0 error(s) of 32 tests when loading database 'odoo_ci_test' 
2026-04-12 17:31:29,336 1 INFO odoo_ci_test odoo.service.server: Initiating shutdown 
2026-04-12 17:31:29,336 1 INFO odoo_ci_test odoo.service.server: Hit CTRL-C again or send a second signal to force the shutdown. 
2026-04-12 17:31:29,393 1 INFO odoo_ci_test odoo.sql_db: ConnectionPool(read/write;used=0/count=0/max=64): Closed 2 connections  
