2026-04-12 13:02:33,121 1 INFO odoo_ci_test odoo.modules.loading: loading base/data/ir_demo_failure_data.xml 
<string>:38: (ERROR/3) Unexpected indentation.
<string>:26: (ERROR/3) Undefined substitution referenced: "-------".
<string>:26: (ERROR/3) Undefined substitution referenced: "-------------".
<string>:44: (ERROR/3) Undefined substitution referenced: "-------".
<string>:44: (ERROR/3) Undefined substitution referenced: "-------------".
<string>:58: (ERROR/3) Undefined substitution referenced: "-------".
<string>:58: (ERROR/3) Undefined substitution referenced: "-------------".
<string>:73: (ERROR/3) Undefined substitution referenced: "-------".
<string>:73: (ERROR/3) Undefined substitution referenced: "-------------".
<string>:93: (ERROR/3) Undefined substitution referenced: "-------".
<string>:93: (ERROR/3) Undefined substitution referenced: "-------------".
<string>:17: (ERROR/3) Undefined substitution referenced: "--------".
<string>:28: (ERROR/3) Undefined substitution referenced: "-------".
<string>:28: (ERROR/3) Undefined substitution referenced: "-------------".
<string>:45: (ERROR/3) Undefined substitution referenced: "-------".
<string>:45: (ERROR/3) Undefined substitution referenced: "-------------".
<string>:57: (ERROR/3) Undefined substitution referenced: "-------".
<string>:57: (ERROR/3) Undefined substitution referenced: "-------------".
<string>:69: (ERROR/3) Undefined substitution referenced: "-------".
<string>:69: (ERROR/3) Undefined substitution referenced: "-------------".
<string>:83: (ERROR/3) Undefined substitution referenced: "-------".
<string>:83: (ERROR/3) Undefined substitution referenced: "-------------".
<string>:98: (ERROR/3) Undefined substitution referenced: "-------".
2026-04-12 13:02:45,531 1 ERROR odoo_ci_test odoo.sql_db: bad query: b'INSERT INTO "federation_competition" ("active", "code", "competition_type", "create_date", "create_uid", "name", "sequence", "state", "write_date", "write_uid") VALUES (true, \'UNIQUE\', \'league\', \'2026-04-12T13:02:45.509312\'::timestamp, 1, \'Comp 2\', 10, \'draft\', \'2026-04-12T13:02:45.509312\'::timestamp, 1) RETURNING "id"'
ERROR: duplicate key value violates unique constraint "federation_competition_code_unique"
2026-04-12 13:02:46,414 1 ERROR odoo_ci_test odoo.addons.sports_federation_venues.tests.test_round_schedule: ERROR: TestRoundSchedule.test_match_datetime_write_is_normalized_to_round_date
Traceback (most recent call last):
RecursionError: maximum recursion depth exceeded
2026-04-12 13:02:46,539 1 ERROR odoo_ci_test odoo.addons.sports_federation_venues.tests.test_round_schedule: ERROR: TestRoundSchedule.test_match_scheduled_time_write_uses_round_date_even_at_midnight
Traceback (most recent call last):
RecursionError: maximum recursion depth exceeded
2026-04-12 13:02:46,642 1 ERROR odoo_ci_test odoo.addons.sports_federation_venues.tests.test_round_schedule: ERROR: TestRoundSchedule.test_round_date_write_keeps_midnight_matches
Traceback (most recent call last):
RecursionError: maximum recursion depth exceeded
2026-04-12 13:02:46,736 1 ERROR odoo_ci_test odoo.addons.sports_federation_venues.tests.test_round_schedule: ERROR: TestRoundSchedule.test_round_date_write_preserves_match_time_components
Traceback (most recent call last):
RecursionError: maximum recursion depth exceeded
2026-04-12 13:02:46,868 1 ERROR odoo_ci_test odoo.sql_db: bad query: b'INSERT INTO "federation_playing_area" ("active", "create_date", "create_uid", "name", "surface_type", "venue_id", "write_date", "write_uid") VALUES (true, \'2026-04-12T13:02:46.821315\'::timestamp, 1, \'Main Field\', \'indoor\', 3, \'2026-04-12T13:02:46.821315\'::timestamp, 1) RETURNING "id"'
ERROR: duplicate key value violates unique constraint "federation_playing_area_unique_venue_name"
2026-04-12 13:02:46,931 1 ERROR odoo_ci_test odoo.modules.loading: Module sports_federation_venues: 0 failures, 4 errors of 15 tests 
View error context:
2026-04-12 13:02:47,257 1 INFO odoo_ci_test odoo.addons.sports_federation_competition_engine.tests.test_knockout: skipped TestKnockout.test_bye_seeding_top_seeds : Knockout bye logic IndexError — needs engine fix 
2026-04-12 13:02:47,622 1 INFO odoo_ci_test odoo.addons.sports_federation_competition_engine.tests.test_knockout: skipped TestKnockout.test_six_teams_power_of_two : Knockout bye logic IndexError — needs engine fix 
2026-04-12 13:02:47,623 1 INFO odoo_ci_test odoo.addons.sports_federation_competition_engine.tests.test_knockout: skipped TestKnockout.test_three_teams_power_of_two : Knockout bye logic IndexError — needs engine fix 
2026-04-12 13:02:49,435 1 ERROR odoo_ci_test odoo.modules.loading: At least one test failed when loading the modules. 
2026-04-12 13:02:49,465 1 ERROR odoo_ci_test odoo.tests.result: 0 failed, 4 error(s) of 59 tests when loading database 'odoo_ci_test' 
