2026-04-10 16:41:48,417 1 INFO odoo_ci_test odoo.modules.loading: loading base/data/ir_demo_failure_data.xml 
<string>:38: (ERROR/3) Unexpected indentation.
<string>:26: (ERROR/3) Undefined substitution referenced: "-------".
<string>:26: (ERROR/3) Undefined substitution referenced: "-------------".
<string>:44: (ERROR/3) Undefined substitution referenced: "-------".
<string>:44: (ERROR/3) Undefined substitution referenced: "-------------".
<string>:58: (ERROR/3) Undefined substitution referenced: "-------".
<string>:58: (ERROR/3) Undefined substitution referenced: "-------------".
<string>:73: (ERROR/3) Undefined substitution referenced: "-------".
<string>:73: (ERROR/3) Undefined substitution referenced: "-------------".
<string>:93: (ERROR/3) Undefined substitution referenced: "-------".
<string>:93: (ERROR/3) Undefined substitution referenced: "-------------".
2026-04-10 16:41:59,426 1 ERROR odoo_ci_test odoo.sql_db: bad query: b'INSERT INTO "federation_club" ("active", "code", "create_date", "create_uid", "name", "write_date", "write_uid") VALUES (true, \'TC01\', \'2026-04-10T16:41:59.395517\'::timestamp, 1, \'Duplicate Code Club\', \'2026-04-10T16:41:59.395517\'::timestamp, 1) RETURNING "id"'
ERROR: duplicate key value violates unique constraint "federation_club_code_unique"
2026-04-10 16:41:59,549 1 ERROR odoo_ci_test odoo.sql_db: bad query: b'INSERT INTO "federation_team" ("active", "category", "club_id", "code", "create_date", "create_uid", "gender", "name", "write_date", "write_uid") VALUES (true, \'senior\', 3, \'SS01\', \'2026-04-10T16:41:59.497599\'::timestamp, 1, \'male\', \'Other Team\', \'2026-04-10T16:41:59.497599\'::timestamp, 1) RETURNING "id"'
ERROR: duplicate key value violates unique constraint "federation_team_code_unique"
2026-04-10 16:41:59,759 1 ERROR odoo_ci_test odoo.sql_db: bad query: b'INSERT INTO "federation_season_registration" ("create_date", "create_uid", "name", "registration_date", "season_id", "state", "team_id", "write_date", "write_uid") VALUES (\'2026-04-10T16:41:59.704883\'::timestamp, 1, \'REG/2026/00004\', \'2026-04-10\'::date, 5, \'draft\', 5, \'2026-04-10T16:41:59.704883\'::timestamp, 1) RETURNING "id"'
ERROR: duplicate key value violates unique constraint "federation_season_registration_team_season_unique"
<string>:16: (ERROR/3) Undefined substitution referenced: "--------".
<string>:27: (ERROR/3) Undefined substitution referenced: "-------".
<string>:27: (ERROR/3) Undefined substitution referenced: "-------------".
<string>:51: (ERROR/3) Undefined substitution referenced: "-------".
<string>:51: (ERROR/3) Undefined substitution referenced: "-------------".
<string>:67: (ERROR/3) Undefined substitution referenced: "------".
2026-04-10 16:42:02,325 1 ERROR odoo_ci_test odoo.sql_db: bad query: b'INSERT INTO "federation_player_license" ("club_id", "create_date", "create_uid", "expiry_date", "issue_date", "name", "player_id", "season_id", "state", "write_date", "write_uid") VALUES (6, \'2026-04-10T16:42:02.285383\'::timestamp, 1, \'2024-12-31\'::date, \'2024-02-01\'::date, \'LIC-004\', 3, 6, \'draft\', \'2026-04-10T16:42:02.285383\'::timestamp, 1) RETURNING "id"'
ERROR: duplicate key value violates unique constraint "federation_player_license_player_season_unique"
<string>:17: (ERROR/3) Undefined substitution referenced: "--------".
<string>:28: (ERROR/3) Undefined substitution referenced: "-------".
<string>:28: (ERROR/3) Undefined substitution referenced: "-------------".
<string>:45: (ERROR/3) Undefined substitution referenced: "-------".
<string>:45: (ERROR/3) Undefined substitution referenced: "-------------".
<string>:57: (ERROR/3) Undefined substitution referenced: "-------".
<string>:57: (ERROR/3) Undefined substitution referenced: "-------------".
<string>:69: (ERROR/3) Undefined substitution referenced: "-------".
<string>:69: (ERROR/3) Undefined substitution referenced: "-------------".
<string>:83: (ERROR/3) Undefined substitution referenced: "-------".
<string>:83: (ERROR/3) Undefined substitution referenced: "-------------".
<string>:98: (ERROR/3) Undefined substitution referenced: "-------".
2026-04-10 16:42:03,687 1 ERROR odoo_ci_test odoo.sql_db: bad query: b'INSERT INTO "federation_competition" ("active", "code", "competition_type", "create_date", "create_uid", "name", "sequence", "state", "write_date", "write_uid") VALUES (true, \'UNIQUE\', \'league\', \'2026-04-10T16:42:03.666834\'::timestamp, 1, \'Comp 2\', 10, \'draft\', \'2026-04-10T16:42:03.666834\'::timestamp, 1) RETURNING "id"'
ERROR: duplicate key value violates unique constraint "federation_competition_code_unique"
2026-04-10 16:42:04,520 1 INFO odoo_ci_test odoo.addons.sports_federation_import_tools.tests.test_import_tools: Starting TestImportTools.test_import_seasons_reports_format_errors_by_category ... 
2026-04-10 16:42:04,814 1 WARNING odoo_ci_test odoo.addons.base.models.ir_ui_view: Error-prone use of @class in view federation.match.form.inherit.officiating.readiness (): use the hasclass(*classes) function to filter elements by their classes 
2026-04-10 16:42:05,000 1 ERROR odoo_ci_test odoo.sql_db: bad query: b'INSERT INTO "federation_referee_certification" ("active", "create_date", "create_uid", "issue_date", "level", "name", "referee_id", "write_date", "write_uid") VALUES (true, \'2026-04-10T16:42:04.967991\'::timestamp, 1, \'2024-05-01\'::date, \'national\', \'CERT-003-DUP\', 2, \'2026-04-10T16:42:04.967991\'::timestamp, 1) RETURNING "id"'
ERROR: duplicate key value violates unique constraint "federation_referee_certification_referee_level_date_unique"
2026-04-10 16:42:05,179 1 ERROR odoo_ci_test odoo.sql_db: bad query: b'INSERT INTO "federation_match_referee" ("assigned_on", "create_date", "create_uid", "match_id", "referee_id", "role", "state", "write_date", "write_uid") VALUES (\'2026-04-10T16:42:05\'::timestamp, \'2026-04-10T16:42:05.071557\'::timestamp, 1, 1, 3, \'head\', \'draft\', \'2026-04-10T16:42:05.071557\'::timestamp, 1) RETURNING "id"'
ERROR: duplicate key value violates unique constraint "federation_match_referee_match_referee_role_unique"
2026-04-10 16:42:05,494 1 ERROR odoo_ci_test odoo.tests.suite: ERROR: setUpClass (odoo.addons.sports_federation_result_control.tests.test_result_control.TestResultControl)
Traceback (most recent call last):
    raise ValueError(f"Invalid field {field_name!r} in {self._name!r}")
ValueError: Invalid field 'groups_id' in 'res.users'
2026-04-10 16:42:05,561 1 ERROR odoo_ci_test odoo.modules.loading: Module sports_federation_result_control: 0 failures, 1 errors of 0 tests 
2026-04-10 16:42:05,974 1 ERROR odoo_ci_test odoo.addons.sports_federation_rosters.tests.test_match_sheets: ERROR: TestMatchSheets.test_approved_match_sheet_allows_substitution_updates_but_not_lineup_changes
Traceback (most recent call last):
    raise ValidationError(
odoo.exceptions.ValidationError: Match sheet 'Approved Sheet' is not ready for submission:
2026-04-10 16:42:05,991 1 ERROR odoo_ci_test odoo.addons.sports_federation_rosters.tests.test_match_sheets: ERROR: TestMatchSheets.test_lock_blocks_any_further_match_sheet_changes
Traceback (most recent call last):
    raise ValidationError(
odoo.exceptions.ValidationError: Match sheet 'Locked Sheet' is not ready for submission:
2026-04-10 16:42:06,009 1 ERROR odoo_ci_test odoo.sql_db: bad query: b'INSERT INTO "federation_match_sheet_line" ("create_date", "create_uid", "is_captain", "is_starter", "is_substitute", "match_sheet_id", "player_id", "write_date", "write_uid") VALUES (\'2026-04-10T16:42:05.917930\'::timestamp, 1, false, false, false, 5, 5, \'2026-04-10T16:42:05.917930\'::timestamp, 1) RETURNING "id"'
ERROR: duplicate key value violates unique constraint "federation_match_sheet_line_unique_match_sheet_player"
2026-04-10 16:42:06,052 1 ERROR odoo_ci_test odoo.addons.sports_federation_rosters.tests.test_match_sheets: FAIL: TestMatchSheets.test_match_sheet_submit_blocks_ineligible_players_with_reason
Traceback (most recent call last):
AssertionError: True is not false
2026-04-10 16:42:06,073 1 ERROR odoo_ci_test odoo.addons.sports_federation_rosters.tests.test_match_sheets: ERROR: TestMatchSheets.test_match_sheet_submit_enforces_squad_minimum
Traceback (most recent call last):
    raise ValidationError(
odoo.exceptions.ValidationError: Roster 'Sized Roster' is not ready to activate:
2026-04-10 16:42:06,088 1 ERROR odoo_ci_test odoo.sql_db: bad query: b'INSERT INTO "federation_match_sheet" ("create_date", "create_uid", "match_id", "name", "side", "state", "team_id", "write_date", "write_uid") VALUES (\'2026-04-10T16:42:05.917930\'::timestamp, 1, 2, \'Duplicate Home Sheet\', \'home\', \'draft\', 21, \'2026-04-10T16:42:05.917930\'::timestamp, 1) RETURNING "id"'
ERROR: duplicate key value violates unique constraint "federation_match_sheet_unique_match_team_side"
2026-04-10 16:42:06,448 1 ERROR odoo_ci_test odoo.addons.sports_federation_rosters.tests.test_rosters: FAIL: TestRosters.test_roster_activation_blocks_lines_with_invalid_season_license
Traceback (most recent call last):
AssertionError: True is not false
2026-04-10 16:42:06,520 1 ERROR odoo_ci_test odoo.sql_db: bad query: b'INSERT INTO "federation_team_roster_line" ("create_date", "create_uid", "date_from", "is_captain", "is_vice_captain", "player_id", "roster_id", "status", "write_date", "write_uid") VALUES (\'2026-04-10T16:42:06.313605\'::timestamp, 1, \'2024-01-01\'::date, false, false, 8, 10, \'active\', \'2026-04-10T16:42:06.313605\'::timestamp, 1) RETURNING "id"'
ERROR: duplicate key value violates unique constraint "federation_team_roster_line_unique_roster_player_date_from"
2026-04-10 16:42:06,640 1 ERROR odoo_ci_test odoo.modules.loading: Module sports_federation_rosters: 2 failures, 3 errors of 21 tests 
2026-04-10 16:42:06,985 1 ERROR odoo_ci_test odoo.sql_db: bad query: b'INSERT INTO "federation_standing_line" ("create_date", "create_uid", "drawn", "eliminated", "lost", "participant_id", "played", "points", "qualified", "score_against", "score_for", "standing_id", "won", "write_date", "write_uid") VALUES (\'2026-04-10T16:42:06.816633\'::timestamp, 1, 0, false, 0, 10, 0, 0, false, 0, 0, 7, 0, \'2026-04-10T16:42:06.816633\'::timestamp, 1) RETURNING "id"'
ERROR: duplicate key value violates unique constraint "federation_standing_line_unique_standing_participant"
2026-04-10 16:42:08,143 1 ERROR odoo_ci_test odoo.sql_db: bad query: b'INSERT INTO "federation_playing_area" ("active", "create_date", "create_uid", "name", "surface_type", "venue_id", "write_date", "write_uid") VALUES (true, \'2026-04-10T16:42:08.095964\'::timestamp, 1, \'Main Field\', \'indoor\', 3, \'2026-04-10T16:42:08.095964\'::timestamp, 1) RETURNING "id"'
ERROR: duplicate key value violates unique constraint "federation_playing_area_unique_venue_name"
View error context:
View error context:
2026-04-10 16:42:15,079 1 INFO odoo_ci_test odoo.addons.sports_federation_competition_engine.tests.test_knockout: skipped TestKnockout.test_bye_seeding_top_seeds : Knockout bye logic IndexError — needs engine fix 
2026-04-10 16:42:15,319 1 INFO odoo_ci_test odoo.addons.sports_federation_competition_engine.tests.test_knockout: skipped TestKnockout.test_six_teams_power_of_two : Knockout bye logic IndexError — needs engine fix 
2026-04-10 16:42:15,320 1 INFO odoo_ci_test odoo.addons.sports_federation_competition_engine.tests.test_knockout: skipped TestKnockout.test_three_teams_power_of_two : Knockout bye logic IndexError — needs engine fix 
2026-04-10 16:42:17,806 1 ERROR odoo_ci_test odoo.sql_db: bad query: b'INSERT INTO "federation_club_representative" ("active", "club_id", "create_date", "create_uid", "is_primary", "partner_id", "role", "role_type_id", "write_date", "write_uid") VALUES (true, 26, \'2026-04-10T16:42:17.608640\'::timestamp, 1, false, 7, \'primary\', 1, \'2026-04-10T16:42:17.608640\'::timestamp, 1) RETURNING "id"'
ERROR: duplicate key value violates unique constraint "federation_club_representative_partner_club_role_unique"
2026-04-10 16:42:17,983 1 ERROR odoo_ci_test odoo.tests.suite: ERROR: setUpClass (odoo.addons.sports_federation_portal.tests.test_roster_portal_access.TestRosterPortalAccess)
Traceback (most recent call last):
    raise ValueError(f"Invalid field {field_name!r} in {self._name!r}")
ValueError: Invalid field 'groups_id' in 'res.users'
2026-04-10 16:42:18,126 1 ERROR odoo_ci_test odoo.tests.suite: ERROR: setUpClass (odoo.addons.sports_federation_portal.tests.test_season_registration.TestSeasonRegistrationOwnership)
Traceback (most recent call last):
    raise ValueError(f"Invalid field {field_name!r} in {self._name!r}")
ValueError: Invalid field 'groups_id' in 'res.users'
2026-04-10 16:42:18,281 1 ERROR odoo_ci_test odoo.tests.suite: ERROR: setUpClass (odoo.addons.sports_federation_portal.tests.test_tournament_registration.TestTournamentRegistration)
Traceback (most recent call last):
    raise ValueError(f"Invalid field {field_name!r} in {self._name!r}")
ValueError: Invalid field 'groups_id' in 'res.users'
2026-04-10 16:42:18,369 1 ERROR odoo_ci_test odoo.modules.loading: Module sports_federation_portal: 0 failures, 3 errors of 13 tests 
2026-04-10 16:42:18,744 1 ERROR odoo_ci_test odoo.sql_db: bad query: b'INSERT INTO "federation_tournament" ("active", "code", "create_date", "create_uid", "date_end", "date_start", "name", "public_slug", "show_public_results", "show_public_standings", "state", "tournament_type", "website_published", "write_date", "write_uid") VALUES (true, \'OTHER-TT\', \'2026-04-10T16:42:18.684812\'::timestamp, 1, \'2024-02-28\'::date, \'2024-02-01\'::date, \'Other Tournament\', \'shared-slug\', true, true, \'draft\', \'single_day\', false, \'2026-04-10T16:42:18.684812\'::timestamp, 1) RETURNING "id"'
ERROR: duplicate key value violates unique constraint "federation_tournament_public_slug_unique"
2026-04-10 16:42:18,746 1 ERROR odoo_ci_test odoo.addons.sports_federation_public_site.tests.test_public_site: ERROR: TestPublicSite.test_public_slug_must_be_unique
Traceback (most recent call last):
psycopg2.errors.UniqueViolation: duplicate key value violates unique constraint "federation_tournament_public_slug_unique"
2026-04-10 16:42:18,854 1 ERROR odoo_ci_test odoo.modules.loading: Module sports_federation_public_site: 0 failures, 1 errors of 20 tests 
2026-04-10 16:42:19,867 1 ERROR odoo_ci_test odoo.addons.sports_federation_finance_bridge.tests.test_finance_hooks: ERROR: TestFinanceHooks.test_finance_event_created_on_result_approval
Traceback (most recent call last):
    raise ValidationError(error_message)
odoo.exceptions.ValidationError: Only result validators can verify submitted results.
2026-04-10 16:42:19,886 1 ERROR odoo_ci_test odoo.addons.sports_federation_finance_bridge.tests.test_finance_hooks: ERROR: TestFinanceHooks.test_no_finance_event_without_fee_type
Traceback (most recent call last):
    raise ValidationError(error_message)
odoo.exceptions.ValidationError: Only result validators can verify submitted results.
2026-04-10 16:42:19,905 1 ERROR odoo_ci_test odoo.addons.sports_federation_finance_bridge.tests.test_finance_hooks: ERROR: TestFinanceHooks.test_result_approval_reuses_existing_finance_event
Traceback (most recent call last):
    raise ValidationError(error_message)
odoo.exceptions.ValidationError: Only result validators can verify submitted results.
2026-04-10 16:42:19,924 1 ERROR odoo_ci_test odoo.addons.sports_federation_finance_bridge.tests.test_finance_hooks: ERROR: TestFinanceHooks.test_result_approved_sets_official_standings
Traceback (most recent call last):
    raise ValidationError(error_message)
odoo.exceptions.ValidationError: Only result validators can verify submitted results.
2026-04-10 16:42:19,943 1 ERROR odoo_ci_test odoo.addons.sports_federation_finance_bridge.tests.test_finance_hooks: ERROR: TestFinanceHooks.test_result_finance_events_compute
Traceback (most recent call last):
    raise ValidationError(error_message)
odoo.exceptions.ValidationError: Only result validators can verify submitted results.
2026-04-10 16:42:19,994 1 INFO odoo_ci_test odoo.addons.sports_federation_finance_bridge.tests.test_finance_hooks: Starting TestFinanceHooks.test_venue_finance_event_fails_without_venue ... 
2026-04-10 16:42:20,669 1 ERROR odoo_ci_test odoo.modules.loading: Module sports_federation_finance_bridge: 0 failures, 5 errors of 26 tests 
2026-04-10 16:42:20,742 1 ERROR odoo_ci_test odoo.tools.convert: The XML file '/mnt/extra-addons/sports_federation_notifications/data/mail_templates.xml' does not fit the required schema! 
Traceback (most recent call last):
AssertionError: Element odoo has extra content: record, line 5
2026-04-10 16:42:20,743 1 WARNING odoo_ci_test odoo.tools.convert: /mnt/extra-addons/sports_federation_notifications/data/mail_templates.xml:5:0:ERROR:RELAXNGV:RELAXNG_ERR_EXTRACONTENT: Element odoo has extra content: record 
2026-04-10 16:42:20,745 1 ERROR odoo_ci_test odoo.registry: Failed to load registry 
2026-04-10 16:42:20,745 1 CRITICAL odoo_ci_test odoo.service.server: Failed to initialize database `odoo_ci_test`. 
Traceback (most recent call last):
AssertionError: Element odoo has extra content: record, line 5
